>>> Loading state data: AL <<<
10 weeks masked 
>> q capped at 0.9834334 
>>> Loading state data: AZ <<<
0 weeks masked 
>> q capped at 0.8105146 
>>> Loading state data: AR <<<
37 weeks masked 
>> q capped at 0.6070344 
>>> Loading state data: CA <<<
0 weeks masked 
>> q capped at 0.4558696 
>>> Loading state data: CO <<<
2 weeks masked 
>> q capped at 0.5255038 
>>> Loading state data: CT <<<
64 weeks masked 
>> q capped at 0.6159304 
>>> Loading state data: DE <<<
186 weeks masked 
>> q capped at 0.7631255 
>>> Loading state data: GA <<<
0 weeks masked 
>> q capped at 0.3760696 
>>> Loading state data: HI <<<
3 weeks masked 
>> q capped at 0.5448101 
>>> Loading state data: IL <<<
6 weeks masked 
>> q capped at 0.7611465 
>>> Loading state data: IN <<<
0 weeks masked 
>> q capped at 0.7528248 
>>> Loading state data: IA <<<
114 weeks masked 
>> q capped at 0.8938494 
>>> Loading state data: KS <<<
194 weeks masked 
>> q capped at 0.999 
>>> Loading state data: KY <<<
11 weeks masked 
>> q capped at 0.945945 
>>> Loading state data: LA <<<
24 weeks masked 
>> q capped at 0.9633401 
>>> Loading state data: MD <<<
46 weeks masked 
>> q capped at 0.9436171 
>>> Loading state data: MA <<<
59 weeks masked 
>> q capped at 0.9482673 
>>> Loading state data: MI <<<
107 weeks masked 
>> q capped at 0.999 
>>> Loading state data: MN <<<
4 weeks masked 
>> q capped at 0.6613867 
>>> Loading state data: MS <<<
118 weeks masked 
>> q capped at 0.9106966 
>>> Loading state data: MO <<<
12 weeks masked 
>> q capped at 0.4013183 
>>> Loading state data: MT <<<
157 weeks masked 
>> q capped at 0.7943793 
>>> Loading state data: NE <<<
25 weeks masked 
>> q capped at 0.7738783 
>>> Loading state data: NM <<<
99 weeks masked 
>> q capped at 0.9960672 
>>> Loading state data: NY <<<
14 weeks masked 
>> q capped at 0.4391906 
>>> Loading state data: NC <<<
98 weeks masked 
>> q capped at 0.9850898 
>>> Loading state data: ND <<<
187 weeks masked 
>> q capped at 0.9875724 
>>> Loading state data: OH <<<
18 weeks masked 
>> q capped at 0.7362628 
>>> Loading state data: OK <<<
27 weeks masked 
>> q capped at 0.6842908 
>>> Loading state data: OR <<<
76 weeks masked 
>> q capped at 0.999 
>>> Loading state data: PA <<<
1 weeks masked 
>> q capped at 0.6315349 
>>> Loading state data: SC <<<
53 weeks masked 
>> q capped at 0.7079229 
>>> Loading state data: SD <<<
30 weeks masked 
>> q capped at 0.8671339 
>>> Loading state data: TN <<<
73 weeks masked 
>> q capped at 0.7782769 
>>> Loading state data: TX <<<
0 weeks masked 
>> q capped at 0.4160986 
>>> Loading state data: UT <<<
4 weeks masked 
>> q capped at 0.5711354 
>>> Loading state data: VA <<<
5 weeks masked 
>> q capped at 0.6159304 
>>> Loading state data: WA <<<
13 weeks masked 
>> q capped at 0.4053597 
>>> Loading state data: WV <<<
0 weeks masked 
>> q capped at 0.4731157 
>>> Loading state data: WI <<<
13 weeks masked 
>> q capped at 0.8004892 
>> Fitting with R0 model: hd ; lambda = 10 
Lower: 0 -300 -100 0 
Upper: 1 0 0 1 
96 cores seen; limit to 30 cores
Iteration: 5 bestvalit: 867571.626336 bestmemit:    0.427716  -19.683882   -6.734639    0.121644
Iteration: 10 bestvalit: 820554.775162 bestmemit:    0.427716  -19.683882   -4.636588    0.121644
Iteration: 15 bestvalit: 820554.775162 bestmemit:    0.427716  -19.683882   -4.636588    0.121644
Iteration: 20 bestvalit: 778847.016114 bestmemit:    0.376127  -24.547633   -3.817426    0.059190
Iteration: 25 bestvalit: 766498.497078 bestmemit:    0.340961   -6.526364   -5.564411    0.080972
Iteration: 30 bestvalit: 765417.615497 bestmemit:    0.401024   -5.177361   -5.081858    0.023014
Iteration: 35 bestvalit: 743249.417810 bestmemit:    0.359007   -4.966616   -4.653878    0.032678
Iteration: 40 bestvalit: 741325.475952 bestmemit:    0.367763   -1.706581   -4.679267    0.009144
Iteration: 45 bestvalit: 735208.555438 bestmemit:    0.335921   -1.012723   -4.003493    0.000120
Iteration: 50 bestvalit: 735208.555438 bestmemit:    0.335921   -1.012723   -4.003493    0.000120
Iteration: 55 bestvalit: 734472.513274 bestmemit:    0.337022   -6.324599   -4.003493    0.000120
Iteration: 60 bestvalit: 731748.574057 bestmemit:    0.334270   -1.081632   -4.143023    0.000825
Iteration: 65 bestvalit: 731748.574057 bestmemit:    0.334270   -1.081632   -4.143023    0.000825
Iteration: 70 bestvalit: 731001.705985 bestmemit:    0.334270   -1.885804   -4.143023    0.000825
Iteration: 75 bestvalit: 731001.705985 bestmemit:    0.334270   -1.885804   -4.143023    0.000825
Iteration: 80 bestvalit: 730872.922975 bestmemit:    0.333846   -1.828590   -4.189337    0.000877
Iteration: 85 bestvalit: 730872.922975 bestmemit:    0.333846   -1.828590   -4.189337    0.000877
Iteration: 90 bestvalit: 730763.502013 bestmemit:    0.337645   -0.854782   -4.266972    0.001061
Iteration: 95 bestvalit: 730119.070379 bestmemit:    0.336752   -0.046645   -4.278007    0.001950
Iteration: 100 bestvalit: 730119.070379 bestmemit:    0.336752   -0.046645   -4.278007    0.001950
Iteration: 105 bestvalit: 729524.380731 bestmemit:    0.336752   -0.046645   -4.278007    0.001007
Iteration: 110 bestvalit: 729524.380731 bestmemit:    0.336752   -0.046645   -4.278007    0.001007
Iteration: 115 bestvalit: 729508.242375 bestmemit:    0.337140   -0.046645   -4.278007    0.001007
Iteration: 120 bestvalit: 729508.242375 bestmemit:    0.337140   -0.046645   -4.278007    0.001007
Iteration: 125 bestvalit: 729032.300113 bestmemit:    0.337140   -0.046645   -4.278007    0.001025
Iteration: 130 bestvalit: 729032.300113 bestmemit:    0.337140   -0.046645   -4.278007    0.001025
Iteration: 135 bestvalit: 729032.300113 bestmemit:    0.337140   -0.046645   -4.278007    0.001025
Iteration: 140 bestvalit: 729032.300113 bestmemit:    0.337140   -0.046645   -4.278007    0.001025
Iteration: 145 bestvalit: 729032.300113 bestmemit:    0.337140   -0.046645   -4.278007    0.001025
Iteration: 150 bestvalit: 729032.300113 bestmemit:    0.337140   -0.046645   -4.278007    0.001025
Iteration: 155 bestvalit: 729032.300113 bestmemit:    0.337140   -0.046645   -4.278007    0.001025
Iteration: 160 bestvalit: 728998.515073 bestmemit:    0.338045   -0.046645   -4.278007    0.001025
Iteration: 165 bestvalit: 728998.515073 bestmemit:    0.338045   -0.046645   -4.278007    0.001025
Iteration: 170 bestvalit: 728997.780865 bestmemit:    0.338212   -0.046645   -4.278007    0.001025
Iteration: 175 bestvalit: 728997.780865 bestmemit:    0.338212   -0.046645   -4.278007    0.001025
Iteration: 180 bestvalit: 728997.780865 bestmemit:    0.338212   -0.046645   -4.278007    0.001025
Iteration: 185 bestvalit: 728997.780865 bestmemit:    0.338212   -0.046645   -4.278007    0.001025
Iteration: 190 bestvalit: 728997.780865 bestmemit:    0.338212   -0.046645   -4.278007    0.001025
Iteration: 195 bestvalit: 728997.780865 bestmemit:    0.338212   -0.046645   -4.278007    0.001025
Iteration: 200 bestvalit: 728997.777670 bestmemit:    0.338206   -0.046645   -4.278007    0.001025
Iteration: 205 bestvalit: 728997.777670 bestmemit:    0.338206   -0.046645   -4.278007    0.001025
Iteration: 210 bestvalit: 728997.777670 bestmemit:    0.338206   -0.046645   -4.278007    0.001025
Iteration: 215 bestvalit: 728997.777670 bestmemit:    0.338206   -0.046645   -4.278007    0.001025
Iteration: 220 bestvalit: 728997.777670 bestmemit:    0.338206   -0.046645   -4.278007    0.001025
Iteration: 225 bestvalit: 728997.777670 bestmemit:    0.338206   -0.046645   -4.278007    0.001025
Iteration: 230 bestvalit: 728997.777670 bestmemit:    0.338206   -0.046645   -4.278007    0.001025
Iteration: 235 bestvalit: 728997.777670 bestmemit:    0.338206   -0.046645   -4.278007    0.001025
Iteration: 240 bestvalit: 728997.777670 bestmemit:    0.338206   -0.046645   -4.278007    0.001025
Iteration: 245 bestvalit: 728997.777670 bestmemit:    0.338206   -0.046645   -4.278007    0.001025
Iteration: 250 bestvalit: 728997.777670 bestmemit:    0.338206   -0.046645   -4.278007    0.001025
Iteration: 255 bestvalit: 728997.777670 bestmemit:    0.338206   -0.046645   -4.278007    0.001025
Iteration: 260 bestvalit: 728997.777670 bestmemit:    0.338206   -0.046645   -4.278007    0.001025
Iteration: 265 bestvalit: 728997.777670 bestmemit:    0.338206   -0.046645   -4.278007    0.001025
Iteration: 270 bestvalit: 728997.777670 bestmemit:    0.338206   -0.046645   -4.278007    0.001025
Iteration: 275 bestvalit: 728997.777670 bestmemit:    0.338206   -0.046645   -4.278007    0.001025
Iteration: 280 bestvalit: 728997.777670 bestmemit:    0.338206   -0.046645   -4.278007    0.001025
Iteration: 285 bestvalit: 728997.777670 bestmemit:    0.338206   -0.046645   -4.278007    0.001025
Iteration: 290 bestvalit: 728997.777670 bestmemit:    0.338206   -0.046645   -4.278007    0.001025
Iteration: 295 bestvalit: 728997.777670 bestmemit:    0.338206   -0.046645   -4.278007    0.001025
Iteration: 300 bestvalit: 728997.777670 bestmemit:    0.338206   -0.046645   -4.278007    0.001025
Iteration: 305 bestvalit: 728997.776427 bestmemit:    0.338188   -0.046645   -4.278007    0.001025
Iteration: 310 bestvalit: 728997.776427 bestmemit:    0.338188   -0.046645   -4.278007    0.001025
Iteration: 315 bestvalit: 728997.776427 bestmemit:    0.338188   -0.046645   -4.278007    0.001025
Iteration: 320 bestvalit: 728997.776427 bestmemit:    0.338188   -0.046645   -4.278007    0.001025
Iteration: 325 bestvalit: 728997.776427 bestmemit:    0.338188   -0.046645   -4.278007    0.001025
Iteration: 330 bestvalit: 728997.776427 bestmemit:    0.338188   -0.046645   -4.278007    0.001025
Iteration: 335 bestvalit: 728997.776427 bestmemit:    0.338188   -0.046645   -4.278007    0.001025
Iteration: 340 bestvalit: 728997.776427 bestmemit:    0.338188   -0.046645   -4.278007    0.001025
Iteration: 345 bestvalit: 728997.776427 bestmemit:    0.338188   -0.046645   -4.278007    0.001025
Iteration: 350 bestvalit: 728997.776427 bestmemit:    0.338188   -0.046645   -4.278007    0.001025
Iteration: 355 bestvalit: 728997.776427 bestmemit:    0.338188   -0.046645   -4.278007    0.001025
Iteration: 360 bestvalit: 728997.776427 bestmemit:    0.338188   -0.046645   -4.278007    0.001025
Iteration: 365 bestvalit: 728997.776427 bestmemit:    0.338188   -0.046645   -4.278007    0.001025
