>>> Loading state data: AL <<<
10 weeks masked 
>> q capped at 0.9834334 
>>> Loading state data: AZ <<<
0 weeks masked 
>> q capped at 0.8105146 
>>> Loading state data: AR <<<
37 weeks masked 
>> q capped at 0.6070344 
>>> Loading state data: CA <<<
0 weeks masked 
>> q capped at 0.4558696 
>>> Loading state data: CO <<<
2 weeks masked 
>> q capped at 0.5255038 
>>> Loading state data: CT <<<
64 weeks masked 
>> q capped at 0.6159304 
>>> Loading state data: DE <<<
186 weeks masked 
>> q capped at 0.7631255 
>>> Loading state data: GA <<<
0 weeks masked 
>> q capped at 0.3760696 
>>> Loading state data: HI <<<
3 weeks masked 
>> q capped at 0.5448101 
>>> Loading state data: IL <<<
6 weeks masked 
>> q capped at 0.7611465 
>>> Loading state data: IN <<<
0 weeks masked 
>> q capped at 0.7528248 
>>> Loading state data: IA <<<
114 weeks masked 
>> q capped at 0.8938494 
>>> Loading state data: KS <<<
194 weeks masked 
>> q capped at 0.999 
>>> Loading state data: KY <<<
11 weeks masked 
>> q capped at 0.945945 
>>> Loading state data: LA <<<
24 weeks masked 
>> q capped at 0.9633401 
>>> Loading state data: MD <<<
46 weeks masked 
>> q capped at 0.9436171 
>>> Loading state data: MA <<<
59 weeks masked 
>> q capped at 0.9482673 
>>> Loading state data: MI <<<
107 weeks masked 
>> q capped at 0.999 
>>> Loading state data: MN <<<
4 weeks masked 
>> q capped at 0.6613867 
>>> Loading state data: MS <<<
118 weeks masked 
>> q capped at 0.9106966 
>>> Loading state data: MO <<<
12 weeks masked 
>> q capped at 0.4013183 
>>> Loading state data: MT <<<
157 weeks masked 
>> q capped at 0.7943793 
>>> Loading state data: NE <<<
25 weeks masked 
>> q capped at 0.7738783 
>>> Loading state data: NM <<<
99 weeks masked 
>> q capped at 0.9960672 
>>> Loading state data: NY <<<
14 weeks masked 
>> q capped at 0.4391906 
>>> Loading state data: NC <<<
98 weeks masked 
>> q capped at 0.9850898 
>>> Loading state data: ND <<<
187 weeks masked 
>> q capped at 0.9875724 
>>> Loading state data: OH <<<
18 weeks masked 
>> q capped at 0.7362628 
>>> Loading state data: OK <<<
27 weeks masked 
>> q capped at 0.6842908 
>>> Loading state data: OR <<<
76 weeks masked 
>> q capped at 0.999 
>>> Loading state data: PA <<<
1 weeks masked 
>> q capped at 0.6315349 
>>> Loading state data: SC <<<
53 weeks masked 
>> q capped at 0.7079229 
>>> Loading state data: SD <<<
30 weeks masked 
>> q capped at 0.8671339 
>>> Loading state data: TN <<<
73 weeks masked 
>> q capped at 0.7782769 
>>> Loading state data: TX <<<
0 weeks masked 
>> q capped at 0.4160986 
>>> Loading state data: UT <<<
4 weeks masked 
>> q capped at 0.5711354 
>>> Loading state data: VA <<<
5 weeks masked 
>> q capped at 0.6159304 
>>> Loading state data: WA <<<
13 weeks masked 
>> q capped at 0.4053597 
>>> Loading state data: WV <<<
0 weeks masked 
>> q capped at 0.4731157 
>>> Loading state data: WI <<<
13 weeks masked 
>> q capped at 0.8004892 
>> Fitting with R0 model: day ; lambda = 1000 
Lower: 0 -100 0 
Upper: 1 0 1 
96 cores seen; limit to 30 cores
Iteration: 5 bestvalit: 1059699.328768 bestmemit:    0.225580   -5.421661    0.018506
Iteration: 10 bestvalit: 1059699.328768 bestmemit:    0.225580   -5.421661    0.018506
Iteration: 15 bestvalit: 1029950.665031 bestmemit:    0.270096   -4.893016    0.017105
Iteration: 20 bestvalit: 1015905.663989 bestmemit:    0.250465   -4.458031    0.016701
Iteration: 25 bestvalit: 1014608.377178 bestmemit:    0.243466   -4.449597    0.016072
Iteration: 30 bestvalit: 1014063.607146 bestmemit:    0.237573   -4.127106    0.000364
Iteration: 35 bestvalit: 1012448.740413 bestmemit:    0.245324   -4.313010    0.002186
Iteration: 40 bestvalit: 1012378.834296 bestmemit:    0.242433   -4.313010    0.002186
Iteration: 45 bestvalit: 1012153.435236 bestmemit:    0.240366   -4.268282    0.001188
Iteration: 50 bestvalit: 1012040.713964 bestmemit:    0.241338   -4.324432    0.002399
Iteration: 55 bestvalit: 1011981.425536 bestmemit:    0.244069   -4.292223    0.001721
Iteration: 60 bestvalit: 1011955.299948 bestmemit:    0.242673   -4.292223    0.001721
Iteration: 65 bestvalit: 1011926.803858 bestmemit:    0.243412   -4.254820    0.000118
Iteration: 70 bestvalit: 1011834.083438 bestmemit:    0.243356   -4.293976    0.001924
Iteration: 75 bestvalit: 1011834.083438 bestmemit:    0.243356   -4.293976    0.001924
Iteration: 80 bestvalit: 1011826.205877 bestmemit:    0.242553   -4.293976    0.001924
Iteration: 85 bestvalit: 1011826.205877 bestmemit:    0.242553   -4.293976    0.001924
Iteration: 90 bestvalit: 1011616.872966 bestmemit:    0.242955   -4.288757    0.000118
Iteration: 95 bestvalit: 1011616.872966 bestmemit:    0.242955   -4.288757    0.000118
Iteration: 100 bestvalit: 1011616.304938 bestmemit:    0.242484   -4.288757    0.000118
Iteration: 105 bestvalit: 1011616.304938 bestmemit:    0.242484   -4.288757    0.000118
Iteration: 110 bestvalit: 1011616.304938 bestmemit:    0.242484   -4.288757    0.000118
Iteration: 115 bestvalit: 1011616.304938 bestmemit:    0.242484   -4.288757    0.000118
Iteration: 120 bestvalit: 1011616.304938 bestmemit:    0.242484   -4.288757    0.000118
Iteration: 125 bestvalit: 1011616.304938 bestmemit:    0.242484   -4.288757    0.000118
Iteration: 130 bestvalit: 1011616.304938 bestmemit:    0.242484   -4.288757    0.000118
Iteration: 135 bestvalit: 1011616.304938 bestmemit:    0.242484   -4.288757    0.000118
Iteration: 140 bestvalit: 1011615.950520 bestmemit:    0.242763   -4.288757    0.000118
Iteration: 145 bestvalit: 1011615.950520 bestmemit:    0.242763   -4.288757    0.000118
Iteration: 150 bestvalit: 1011615.950520 bestmemit:    0.242763   -4.288757    0.000118
Iteration: 155 bestvalit: 1011615.950520 bestmemit:    0.242763   -4.288757    0.000118
Iteration: 160 bestvalit: 1011615.950520 bestmemit:    0.242763   -4.288757    0.000118
Iteration: 165 bestvalit: 1011615.950520 bestmemit:    0.242763   -4.288757    0.000118
Iteration: 170 bestvalit: 1011615.950520 bestmemit:    0.242763   -4.288757    0.000118
Iteration: 175 bestvalit: 1011615.950520 bestmemit:    0.242763   -4.288757    0.000118
Iteration: 180 bestvalit: 1011615.950520 bestmemit:    0.242763   -4.288757    0.000118
Iteration: 185 bestvalit: 1011615.950520 bestmemit:    0.242763   -4.288757    0.000118
Iteration: 190 bestvalit: 1011615.950520 bestmemit:    0.242763   -4.288757    0.000118
Iteration: 195 bestvalit: 1011615.950520 bestmemit:    0.242763   -4.288757    0.000118
Iteration: 200 bestvalit: 1011615.950520 bestmemit:    0.242763   -4.288757    0.000118
Iteration: 205 bestvalit: 1011615.950520 bestmemit:    0.242763   -4.288757    0.000118
Iteration: 210 bestvalit: 1011615.846480 bestmemit:    0.242685   -4.288757    0.000118
Iteration: 215 bestvalit: 1011615.846480 bestmemit:    0.242685   -4.288757    0.000118
Iteration: 220 bestvalit: 1011615.846480 bestmemit:    0.242685   -4.288757    0.000118
Iteration: 225 bestvalit: 1011615.846480 bestmemit:    0.242685   -4.288757    0.000118
Iteration: 230 bestvalit: 1011615.846480 bestmemit:    0.242685   -4.288757    0.000118
Iteration: 235 bestvalit: 1011341.132752 bestmemit:    0.242113   -4.268851    0.000744
Iteration: 240 bestvalit: 1011341.089078 bestmemit:    0.242170   -4.268851    0.000744
Iteration: 245 bestvalit: 1011341.089078 bestmemit:    0.242170   -4.268851    0.000744
Iteration: 250 bestvalit: 1011341.089078 bestmemit:    0.242170   -4.268851    0.000744
Iteration: 255 bestvalit: 1011341.089078 bestmemit:    0.242170   -4.268851    0.000744
Iteration: 260 bestvalit: 1011341.089078 bestmemit:    0.242170   -4.268851    0.000744
Iteration: 265 bestvalit: 1011341.089078 bestmemit:    0.242170   -4.268851    0.000744
Iteration: 270 bestvalit: 1011341.089078 bestmemit:    0.242170   -4.268851    0.000744
Iteration: 275 bestvalit: 1011341.089078 bestmemit:    0.242170   -4.268851    0.000744
Iteration: 280 bestvalit: 1011341.089078 bestmemit:    0.242170   -4.268851    0.000744
Iteration: 285 bestvalit: 1011341.089078 bestmemit:    0.242170   -4.268851    0.000744
Iteration: 290 bestvalit: 1011341.089078 bestmemit:    0.242170   -4.268851    0.000744
Iteration: 295 bestvalit: 1011341.089078 bestmemit:    0.242170   -4.268851    0.000744
Iteration: 300 bestvalit: 1011341.089078 bestmemit:    0.242170   -4.268851    0.000744
Iteration: 305 bestvalit: 1011341.089078 bestmemit:    0.242170   -4.268851    0.000744
Iteration: 310 bestvalit: 1011341.089078 bestmemit:    0.242170   -4.268851    0.000744
Iteration: 315 bestvalit: 1011341.089078 bestmemit:    0.242170   -4.268851    0.000744
Iteration: 320 bestvalit: 1011341.089078 bestmemit:    0.242170   -4.268851    0.000744
Iteration: 325 bestvalit: 1011341.089078 bestmemit:    0.242170   -4.268851    0.000744
Iteration: 330 bestvalit: 1011341.089078 bestmemit:    0.242170   -4.268851    0.000744
Iteration: 335 bestvalit: 1011341.089078 bestmemit:    0.242170   -4.268851    0.000744
Iteration: 340 bestvalit: 1011341.089078 bestmemit:    0.242170   -4.268851    0.000744
Iteration: 345 bestvalit: 1011341.089078 bestmemit:    0.242170   -4.268851    0.000744
Iteration: 350 bestvalit: 1011341.089078 bestmemit:    0.242170   -4.268851    0.000744
Iteration: 355 bestvalit: 1011341.089078 bestmemit:    0.242170   -4.268851    0.000744
Iteration: 360 bestvalit: 1011341.089078 bestmemit:    0.242170   -4.268851    0.000744
Iteration: 365 bestvalit: 1011341.089078 bestmemit:    0.242170   -4.268851    0.000744
Iteration: 370 bestvalit: 1011341.089078 bestmemit:    0.242170   -4.268851    0.000744
Iteration: 375 bestvalit: 1011341.089078 bestmemit:    0.242170   -4.268851    0.000744
Iteration: 380 bestvalit: 1011341.089078 bestmemit:    0.242170   -4.268851    0.000744
Iteration: 385 bestvalit: 1011341.089078 bestmemit:    0.242170   -4.268851    0.000744
Iteration: 390 bestvalit: 1011341.089078 bestmemit:    0.242170   -4.268851    0.000744
Iteration: 395 bestvalit: 1011341.089078 bestmemit:    0.242170   -4.268851    0.000744
Iteration: 400 bestvalit: 1011341.089078 bestmemit:    0.242170   -4.268851    0.000744
Iteration: 405 bestvalit: 1011341.089078 bestmemit:    0.242170   -4.268851    0.000744
Iteration: 410 bestvalit: 1011341.089078 bestmemit:    0.242170   -4.268851    0.000744
Iteration: 415 bestvalit: 1011341.089078 bestmemit:    0.242170   -4.268851    0.000744
Iteration: 420 bestvalit: 1011341.089078 bestmemit:    0.242170   -4.268851    0.000744
Iteration: 425 bestvalit: 1011341.089078 bestmemit:    0.242170   -4.268851    0.000744
Iteration: 430 bestvalit: 1011341.089078 bestmemit:    0.242170   -4.268851    0.000744
Iteration: 435 bestvalit: 1011341.089078 bestmemit:    0.242170   -4.268851    0.000744
