>>> Loading state data: AL <<<
10 weeks masked 
>> q capped at 0.9834334 
>>> Loading state data: AZ <<<
0 weeks masked 
>> q capped at 0.8105146 
>>> Loading state data: AR <<<
37 weeks masked 
>> q capped at 0.6070344 
>>> Loading state data: CA <<<
0 weeks masked 
>> q capped at 0.4558696 
>>> Loading state data: CO <<<
2 weeks masked 
>> q capped at 0.5255038 
>>> Loading state data: CT <<<
64 weeks masked 
>> q capped at 0.6159304 
>>> Loading state data: DE <<<
186 weeks masked 
>> q capped at 0.7631255 
>>> Loading state data: GA <<<
0 weeks masked 
>> q capped at 0.3760696 
>>> Loading state data: HI <<<
3 weeks masked 
>> q capped at 0.5448101 
>>> Loading state data: IL <<<
6 weeks masked 
>> q capped at 0.7611465 
>>> Loading state data: IN <<<
0 weeks masked 
>> q capped at 0.7528248 
>>> Loading state data: IA <<<
114 weeks masked 
>> q capped at 0.8938494 
>>> Loading state data: KS <<<
194 weeks masked 
>> q capped at 0.999 
>>> Loading state data: KY <<<
11 weeks masked 
>> q capped at 0.945945 
>>> Loading state data: LA <<<
24 weeks masked 
>> q capped at 0.9633401 
>>> Loading state data: MD <<<
46 weeks masked 
>> q capped at 0.9436171 
>>> Loading state data: MA <<<
59 weeks masked 
>> q capped at 0.9482673 
>>> Loading state data: MI <<<
107 weeks masked 
>> q capped at 0.999 
>>> Loading state data: MN <<<
4 weeks masked 
>> q capped at 0.6613867 
>>> Loading state data: MS <<<
118 weeks masked 
>> q capped at 0.9106966 
>>> Loading state data: MO <<<
12 weeks masked 
>> q capped at 0.4013183 
>>> Loading state data: MT <<<
157 weeks masked 
>> q capped at 0.7943793 
>>> Loading state data: NE <<<
25 weeks masked 
>> q capped at 0.7738783 
>>> Loading state data: NM <<<
99 weeks masked 
>> q capped at 0.9960672 
>>> Loading state data: NY <<<
14 weeks masked 
>> q capped at 0.4391906 
>>> Loading state data: NC <<<
98 weeks masked 
>> q capped at 0.9850898 
>>> Loading state data: ND <<<
187 weeks masked 
>> q capped at 0.9875724 
>>> Loading state data: OH <<<
18 weeks masked 
>> q capped at 0.7362628 
>>> Loading state data: OK <<<
27 weeks masked 
>> q capped at 0.6842908 
>>> Loading state data: OR <<<
76 weeks masked 
>> q capped at 0.999 
>>> Loading state data: PA <<<
1 weeks masked 
>> q capped at 0.6315349 
>>> Loading state data: SC <<<
53 weeks masked 
>> q capped at 0.7079229 
>>> Loading state data: SD <<<
30 weeks masked 
>> q capped at 0.8671339 
>>> Loading state data: TN <<<
73 weeks masked 
>> q capped at 0.7782769 
>>> Loading state data: TX <<<
0 weeks masked 
>> q capped at 0.4160986 
>>> Loading state data: UT <<<
4 weeks masked 
>> q capped at 0.5711354 
>>> Loading state data: VA <<<
5 weeks masked 
>> q capped at 0.6159304 
>>> Loading state data: WA <<<
13 weeks masked 
>> q capped at 0.4053597 
>>> Loading state data: WV <<<
0 weeks masked 
>> q capped at 0.4731157 
>>> Loading state data: WI <<<
13 weeks masked 
>> q capped at 0.8004892 
>> Fitting with R0 model: cos ; lambda = 10 
Lower: 0 1 
Upper: 1 364 
96 cores seen; limit to 30 cores
Iteration: 5 bestvalit: 1197835.208114 bestmemit:    0.287773  331.722553
Iteration: 10 bestvalit: 1170753.929380 bestmemit:    0.304800  336.864052
Iteration: 15 bestvalit: 1170753.929380 bestmemit:    0.304800  336.864052
Iteration: 20 bestvalit: 1168729.243944 bestmemit:    0.317877  336.188532
Iteration: 25 bestvalit: 1168244.110462 bestmemit:    0.317227  335.825725
Iteration: 30 bestvalit: 1167360.491759 bestmemit:    0.315656  336.396777
Iteration: 35 bestvalit: 1167360.491759 bestmemit:    0.315656  336.396777
Iteration: 40 bestvalit: 1167291.291345 bestmemit:    0.317552  336.396777
Iteration: 45 bestvalit: 1167291.291345 bestmemit:    0.317552  336.396777
Iteration: 50 bestvalit: 1167291.291345 bestmemit:    0.317552  336.396777
Iteration: 55 bestvalit: 1167291.291345 bestmemit:    0.317552  336.396777
Iteration: 60 bestvalit: 1167291.291345 bestmemit:    0.317552  336.396777
Iteration: 65 bestvalit: 1167291.291345 bestmemit:    0.317552  336.396777
Iteration: 70 bestvalit: 1167291.291345 bestmemit:    0.317552  336.396777
Iteration: 75 bestvalit: 1167288.340523 bestmemit:    0.317102  336.396777
Iteration: 80 bestvalit: 1167288.340523 bestmemit:    0.317102  336.396777
Iteration: 85 bestvalit: 1167288.340523 bestmemit:    0.317102  336.396777
Iteration: 90 bestvalit: 1167288.340523 bestmemit:    0.317102  336.396777
Iteration: 95 bestvalit: 1167268.314593 bestmemit:    0.316526  336.504482
Iteration: 100 bestvalit: 1167268.314593 bestmemit:    0.316526  336.504482
Iteration: 105 bestvalit: 1167268.314593 bestmemit:    0.316526  336.504482
Iteration: 110 bestvalit: 1167185.118561 bestmemit:    0.315674  336.504482
Iteration: 115 bestvalit: 1167185.118561 bestmemit:    0.315674  336.504482
Iteration: 120 bestvalit: 1167185.118561 bestmemit:    0.315674  336.504482
Iteration: 125 bestvalit: 1167168.378040 bestmemit:    0.315190  336.504482
Iteration: 130 bestvalit: 1167019.593646 bestmemit:    0.313369  336.504482
Iteration: 135 bestvalit: 1167019.593646 bestmemit:    0.313369  336.504482
Iteration: 140 bestvalit: 1167019.593646 bestmemit:    0.313369  336.504482
Iteration: 145 bestvalit: 1167019.593646 bestmemit:    0.313369  336.504482
Iteration: 150 bestvalit: 1167019.593646 bestmemit:    0.313369  336.504482
Iteration: 155 bestvalit: 1167019.593646 bestmemit:    0.313369  336.504482
Iteration: 160 bestvalit: 1167019.593646 bestmemit:    0.313369  336.504482
Iteration: 165 bestvalit: 1167019.593646 bestmemit:    0.313369  336.504482
Iteration: 170 bestvalit: 1167019.593646 bestmemit:    0.313369  336.504482
Iteration: 175 bestvalit: 1167019.593646 bestmemit:    0.313369  336.504482
Iteration: 180 bestvalit: 1167019.593646 bestmemit:    0.313369  336.504482
Iteration: 185 bestvalit: 1167019.593646 bestmemit:    0.313369  336.504482
Iteration: 190 bestvalit: 1166753.760002 bestmemit:    0.315867  336.460525
Iteration: 195 bestvalit: 1166753.760002 bestmemit:    0.315867  336.460525
Iteration: 200 bestvalit: 1166753.760002 bestmemit:    0.315867  336.460525
Iteration: 205 bestvalit: 1166753.760002 bestmemit:    0.315867  336.460525
Iteration: 210 bestvalit: 1166753.760002 bestmemit:    0.315867  336.460525
Iteration: 215 bestvalit: 1166753.760002 bestmemit:    0.315867  336.460525
Iteration: 220 bestvalit: 1166753.760002 bestmemit:    0.315867  336.460525
Iteration: 225 bestvalit: 1166753.760002 bestmemit:    0.315867  336.460525
Iteration: 230 bestvalit: 1166753.760002 bestmemit:    0.315867  336.460525
Iteration: 235 bestvalit: 1166753.760002 bestmemit:    0.315867  336.460525
Iteration: 240 bestvalit: 1166753.760002 bestmemit:    0.315867  336.460525
Iteration: 245 bestvalit: 1166753.760002 bestmemit:    0.315867  336.460525
Iteration: 250 bestvalit: 1166753.760002 bestmemit:    0.315867  336.460525
Iteration: 255 bestvalit: 1166753.760002 bestmemit:    0.315867  336.460525
Iteration: 260 bestvalit: 1166753.760002 bestmemit:    0.315867  336.460525
Iteration: 265 bestvalit: 1166753.760002 bestmemit:    0.315867  336.460525
Iteration: 270 bestvalit: 1166753.760002 bestmemit:    0.315867  336.460525
Iteration: 275 bestvalit: 1166753.760002 bestmemit:    0.315867  336.460525
Iteration: 280 bestvalit: 1166753.760002 bestmemit:    0.315867  336.460525
Iteration: 285 bestvalit: 1166753.760002 bestmemit:    0.315867  336.460525
Iteration: 290 bestvalit: 1166750.697262 bestmemit:    0.316229  336.460525
Iteration: 295 bestvalit: 1166750.697262 bestmemit:    0.316229  336.460525
Iteration: 300 bestvalit: 1166750.697262 bestmemit:    0.316229  336.460525
Iteration: 305 bestvalit: 1166750.697262 bestmemit:    0.316229  336.460525
Iteration: 310 bestvalit: 1166750.697262 bestmemit:    0.316229  336.460525
Iteration: 315 bestvalit: 1166750.697262 bestmemit:    0.316229  336.460525
Iteration: 320 bestvalit: 1166750.697262 bestmemit:    0.316229  336.460525
Iteration: 325 bestvalit: 1166750.697262 bestmemit:    0.316229  336.460525
Iteration: 330 bestvalit: 1166750.697262 bestmemit:    0.316229  336.460525
Iteration: 335 bestvalit: 1166750.697262 bestmemit:    0.316229  336.460525
Iteration: 340 bestvalit: 1166750.697262 bestmemit:    0.316229  336.460525
Iteration: 345 bestvalit: 1166750.697262 bestmemit:    0.316229  336.460525
Iteration: 350 bestvalit: 1166750.697262 bestmemit:    0.316229  336.460525
Iteration: 355 bestvalit: 1166750.697262 bestmemit:    0.316229  336.460525
Iteration: 360 bestvalit: 1166750.697262 bestmemit:    0.316229  336.460525
Iteration: 365 bestvalit: 1166750.697262 bestmemit:    0.316229  336.460525
Iteration: 370 bestvalit: 1166750.697262 bestmemit:    0.316229  336.460525
Iteration: 375 bestvalit: 1166750.697262 bestmemit:    0.316229  336.460525
Iteration: 380 bestvalit: 1166750.697262 bestmemit:    0.316229  336.460525
Iteration: 385 bestvalit: 1166750.697262 bestmemit:    0.316229  336.460525
Iteration: 390 bestvalit: 1166750.697262 bestmemit:    0.316229  336.460525
Iteration: 395 bestvalit: 1166750.697262 bestmemit:    0.316229  336.460525
Iteration: 400 bestvalit: 1166750.697262 bestmemit:    0.316229  336.460525
Iteration: 405 bestvalit: 1166750.697262 bestmemit:    0.316229  336.460525
Iteration: 410 bestvalit: 1166750.697262 bestmemit:    0.316229  336.460525
Iteration: 415 bestvalit: 1166688.691152 bestmemit:    0.318019  336.460993
Iteration: 420 bestvalit: 1166676.996819 bestmemit:    0.315217  336.104260
Iteration: 425 bestvalit: 1166676.996819 bestmemit:    0.315217  336.104260
Iteration: 430 bestvalit: 1166676.996819 bestmemit:    0.315217  336.104260
Iteration: 435 bestvalit: 1166676.996819 bestmemit:    0.315217  336.104260
Iteration: 440 bestvalit: 1166676.996819 bestmemit:    0.315217  336.104260
Iteration: 445 bestvalit: 1166676.996819 bestmemit:    0.315217  336.104260
Iteration: 450 bestvalit: 1166676.996819 bestmemit:    0.315217  336.104260
Iteration: 455 bestvalit: 1166676.996819 bestmemit:    0.315217  336.104260
Iteration: 460 bestvalit: 1166676.996819 bestmemit:    0.315217  336.104260
Iteration: 465 bestvalit: 1166657.878668 bestmemit:    0.315238  336.073464
Iteration: 470 bestvalit: 1166657.878668 bestmemit:    0.315238  336.073464
Iteration: 475 bestvalit: 1166657.878668 bestmemit:    0.315238  336.073464
Iteration: 480 bestvalit: 1166657.878668 bestmemit:    0.315238  336.073464
Iteration: 485 bestvalit: 1166657.878668 bestmemit:    0.315238  336.073464
Iteration: 490 bestvalit: 1166657.878668 bestmemit:    0.315238  336.073464
Iteration: 495 bestvalit: 1166657.878668 bestmemit:    0.315238  336.073464
Iteration: 500 bestvalit: 1166657.878668 bestmemit:    0.315238  336.073464
Iteration: 505 bestvalit: 1166657.878668 bestmemit:    0.315238  336.073464
Iteration: 510 bestvalit: 1166657.878668 bestmemit:    0.315238  336.073464
Iteration: 515 bestvalit: 1166657.878668 bestmemit:    0.315238  336.073464
Iteration: 520 bestvalit: 1166646.030333 bestmemit:    0.314532  336.073464
Iteration: 525 bestvalit: 1166646.030333 bestmemit:    0.314532  336.073464
Iteration: 530 bestvalit: 1166646.030333 bestmemit:    0.314532  336.073464
Iteration: 535 bestvalit: 1166646.030333 bestmemit:    0.314532  336.073464
Iteration: 540 bestvalit: 1166644.382452 bestmemit:    0.314681  336.073464
Iteration: 545 bestvalit: 1166644.382452 bestmemit:    0.314681  336.073464
Iteration: 550 bestvalit: 1166644.382452 bestmemit:    0.314681  336.073464
Iteration: 555 bestvalit: 1166644.382452 bestmemit:    0.314681  336.073464
Iteration: 560 bestvalit: 1166644.382452 bestmemit:    0.314681  336.073464
Iteration: 565 bestvalit: 1166644.382452 bestmemit:    0.314681  336.073464
Iteration: 570 bestvalit: 1166644.382452 bestmemit:    0.314681  336.073464
Iteration: 575 bestvalit: 1166644.382452 bestmemit:    0.314681  336.073464
Iteration: 580 bestvalit: 1166644.382452 bestmemit:    0.314681  336.073464
Iteration: 585 bestvalit: 1166644.382452 bestmemit:    0.314681  336.073464
Iteration: 590 bestvalit: 1166644.382452 bestmemit:    0.314681  336.073464
Iteration: 595 bestvalit: 1166644.382452 bestmemit:    0.314681  336.073464
Iteration: 600 bestvalit: 1166644.382452 bestmemit:    0.314681  336.073464
Iteration: 605 bestvalit: 1166644.382452 bestmemit:    0.314681  336.073464
Iteration: 610 bestvalit: 1166644.382452 bestmemit:    0.314681  336.073464
Iteration: 615 bestvalit: 1166644.382452 bestmemit:    0.314681  336.073464
Iteration: 620 bestvalit: 1166644.382452 bestmemit:    0.314681  336.073464
Iteration: 625 bestvalit: 1166644.382452 bestmemit:    0.314681  336.073464
Iteration: 630 bestvalit: 1166644.382452 bestmemit:    0.314681  336.073464
Iteration: 635 bestvalit: 1166644.382452 bestmemit:    0.314681  336.073464
Iteration: 640 bestvalit: 1166644.382452 bestmemit:    0.314681  336.073464
Iteration: 645 bestvalit: 1166644.382452 bestmemit:    0.314681  336.073464
Iteration: 650 bestvalit: 1166644.382452 bestmemit:    0.314681  336.073464
Iteration: 655 bestvalit: 1166644.382452 bestmemit:    0.314681  336.073464
Iteration: 660 bestvalit: 1166629.913103 bestmemit:    0.314650  336.091444
Iteration: 665 bestvalit: 1166629.913103 bestmemit:    0.314650  336.091444
Iteration: 670 bestvalit: 1166629.913103 bestmemit:    0.314650  336.091444
Iteration: 675 bestvalit: 1166629.913103 bestmemit:    0.314650  336.091444
Iteration: 680 bestvalit: 1166629.913103 bestmemit:    0.314650  336.091444
Iteration: 685 bestvalit: 1166629.913103 bestmemit:    0.314650  336.091444
Iteration: 690 bestvalit: 1166629.857466 bestmemit:    0.314624  336.091444
Iteration: 695 bestvalit: 1166629.857466 bestmemit:    0.314624  336.091444
Iteration: 700 bestvalit: 1166629.857466 bestmemit:    0.314624  336.091444
Iteration: 705 bestvalit: 1166629.857466 bestmemit:    0.314624  336.091444
Iteration: 710 bestvalit: 1166629.857466 bestmemit:    0.314624  336.091444
Iteration: 715 bestvalit: 1166629.857466 bestmemit:    0.314624  336.091444
Iteration: 720 bestvalit: 1166629.857466 bestmemit:    0.314624  336.091444
Iteration: 725 bestvalit: 1166629.857466 bestmemit:    0.314624  336.091444
Iteration: 730 bestvalit: 1166629.857466 bestmemit:    0.314624  336.091444
Iteration: 735 bestvalit: 1166629.854488 bestmemit:    0.314612  336.091444
Iteration: 740 bestvalit: 1166629.854488 bestmemit:    0.314612  336.091444
Iteration: 745 bestvalit: 1166629.854488 bestmemit:    0.314612  336.091444
Iteration: 750 bestvalit: 1166629.854488 bestmemit:    0.314612  336.091444
Iteration: 755 bestvalit: 1166629.854488 bestmemit:    0.314612  336.091444
Iteration: 760 bestvalit: 1166629.854488 bestmemit:    0.314612  336.091444
Iteration: 765 bestvalit: 1166629.854488 bestmemit:    0.314612  336.091444
Iteration: 770 bestvalit: 1166629.845061 bestmemit:    0.314597  336.091444
Iteration: 775 bestvalit: 1166629.845061 bestmemit:    0.314597  336.091444
Iteration: 780 bestvalit: 1166629.845061 bestmemit:    0.314597  336.091444
Iteration: 785 bestvalit: 1166629.845061 bestmemit:    0.314597  336.091444
Iteration: 790 bestvalit: 1166629.845061 bestmemit:    0.314597  336.091444
Iteration: 795 bestvalit: 1166629.845061 bestmemit:    0.314597  336.091444
Iteration: 800 bestvalit: 1166629.845061 bestmemit:    0.314597  336.091444
Iteration: 805 bestvalit: 1166629.845061 bestmemit:    0.314597  336.091444
Iteration: 810 bestvalit: 1166629.845061 bestmemit:    0.314597  336.091444
Iteration: 815 bestvalit: 1166629.845061 bestmemit:    0.314597  336.091444
Iteration: 820 bestvalit: 1166629.845061 bestmemit:    0.314597  336.091444
Iteration: 825 bestvalit: 1166629.845061 bestmemit:    0.314597  336.091444
Iteration: 830 bestvalit: 1166629.845061 bestmemit:    0.314597  336.091444
Iteration: 835 bestvalit: 1166629.845061 bestmemit:    0.314597  336.091444
Iteration: 840 bestvalit: 1166629.845061 bestmemit:    0.314597  336.091444
Iteration: 845 bestvalit: 1166629.845061 bestmemit:    0.314597  336.091444
Iteration: 850 bestvalit: 1166629.845061 bestmemit:    0.314597  336.091444
Iteration: 855 bestvalit: 1166629.845061 bestmemit:    0.314597  336.091444
Iteration: 860 bestvalit: 1166629.845061 bestmemit:    0.314597  336.091444
