>>> Loading state data: AL <<<
10 weeks masked 
>> q capped at 0.9834334 
>>> Loading state data: AZ <<<
0 weeks masked 
>> q capped at 0.8105146 
>>> Loading state data: AR <<<
37 weeks masked 
>> q capped at 0.6070344 
>>> Loading state data: CA <<<
0 weeks masked 
>> q capped at 0.4558696 
>>> Loading state data: CO <<<
2 weeks masked 
>> q capped at 0.5255038 
>>> Loading state data: CT <<<
64 weeks masked 
>> q capped at 0.6159304 
>>> Loading state data: DE <<<
186 weeks masked 
>> q capped at 0.7631255 
>>> Loading state data: GA <<<
0 weeks masked 
>> q capped at 0.3760696 
>>> Loading state data: HI <<<
3 weeks masked 
>> q capped at 0.5448101 
>>> Loading state data: IL <<<
6 weeks masked 
>> q capped at 0.7611465 
>>> Loading state data: IN <<<
0 weeks masked 
>> q capped at 0.7528248 
>>> Loading state data: IA <<<
114 weeks masked 
>> q capped at 0.8938494 
>>> Loading state data: KS <<<
194 weeks masked 
>> q capped at 0.999 
>>> Loading state data: KY <<<
11 weeks masked 
>> q capped at 0.945945 
>>> Loading state data: LA <<<
24 weeks masked 
>> q capped at 0.9633401 
>>> Loading state data: MD <<<
46 weeks masked 
>> q capped at 0.9436171 
>>> Loading state data: MA <<<
59 weeks masked 
>> q capped at 0.9482673 
>>> Loading state data: MI <<<
107 weeks masked 
>> q capped at 0.999 
>>> Loading state data: MN <<<
4 weeks masked 
>> q capped at 0.6613867 
>>> Loading state data: MS <<<
118 weeks masked 
>> q capped at 0.9106966 
>>> Loading state data: MO <<<
12 weeks masked 
>> q capped at 0.4013183 
>>> Loading state data: MT <<<
157 weeks masked 
>> q capped at 0.7943793 
>>> Loading state data: NE <<<
25 weeks masked 
>> q capped at 0.7738783 
>>> Loading state data: NM <<<
99 weeks masked 
>> q capped at 0.9960672 
>>> Loading state data: NY <<<
14 weeks masked 
>> q capped at 0.4391906 
>>> Loading state data: NC <<<
98 weeks masked 
>> q capped at 0.9850898 
>>> Loading state data: ND <<<
187 weeks masked 
>> q capped at 0.9875724 
>>> Loading state data: OH <<<
18 weeks masked 
>> q capped at 0.7362628 
>>> Loading state data: OK <<<
27 weeks masked 
>> q capped at 0.6842908 
>>> Loading state data: OR <<<
76 weeks masked 
>> q capped at 0.999 
>>> Loading state data: PA <<<
1 weeks masked 
>> q capped at 0.6315349 
>>> Loading state data: SC <<<
53 weeks masked 
>> q capped at 0.7079229 
>>> Loading state data: SD <<<
30 weeks masked 
>> q capped at 0.8671339 
>>> Loading state data: TN <<<
73 weeks masked 
>> q capped at 0.7782769 
>>> Loading state data: TX <<<
0 weeks masked 
>> q capped at 0.4160986 
>>> Loading state data: UT <<<
4 weeks masked 
>> q capped at 0.5711354 
>>> Loading state data: VA <<<
5 weeks masked 
>> q capped at 0.6159304 
>>> Loading state data: WA <<<
13 weeks masked 
>> q capped at 0.4053597 
>>> Loading state data: WV <<<
0 weeks masked 
>> q capped at 0.4731157 
>>> Loading state data: WI <<<
13 weeks masked 
>> q capped at 0.8004892 
>> Fitting with R0 model: hd ; lambda = 1000 
Lower: 0 -300 -100 0 
Upper: 1 0 0 1 
96 cores seen; limit to 30 cores
Iteration: 5 bestvalit: 1691617.814289 bestmemit:    0.260205  -55.184582   -5.575064    0.339255
Iteration: 10 bestvalit: 1358958.909367 bestmemit:    0.197772  -52.501680  -10.435631    0.350526
Iteration: 15 bestvalit: 1276501.363291 bestmemit:    0.236806  -27.587093   -9.891991    0.212541
Iteration: 20 bestvalit: 1196837.019776 bestmemit:    0.233651  -12.666787   -9.696732    0.221227
Iteration: 25 bestvalit: 1143617.690207 bestmemit:    0.208284  -16.684742   -7.365626    0.206299
Iteration: 30 bestvalit: 1059925.181852 bestmemit:    0.216706   -4.281416   -6.016140    0.114780
Iteration: 35 bestvalit: 1051794.564167 bestmemit:    0.243574  -13.503823   -4.649787    0.083694
Iteration: 40 bestvalit: 1035364.848610 bestmemit:    0.223278   -3.453839   -4.755656    0.063777
Iteration: 45 bestvalit: 1015849.088327 bestmemit:    0.233629   -1.726896   -4.266211    0.013471
Iteration: 50 bestvalit: 1015849.088327 bestmemit:    0.233629   -1.726896   -4.266211    0.013471
Iteration: 55 bestvalit: 1015456.638458 bestmemit:    0.233629   -1.726896   -4.266211    0.012147
Iteration: 60 bestvalit: 1013743.213080 bestmemit:    0.244124   -0.010220   -4.374582    0.011047
Iteration: 65 bestvalit: 1013641.889739 bestmemit:    0.240772   -0.010220   -4.374582    0.011047
Iteration: 70 bestvalit: 1013141.493877 bestmemit:    0.248360   -0.171716   -4.317988    0.001487
Iteration: 75 bestvalit: 1013128.817528 bestmemit:    0.246099   -0.007491   -4.320348    0.004221
Iteration: 80 bestvalit: 1012847.506683 bestmemit:    0.239836   -0.105843   -4.352489    0.002295
Iteration: 85 bestvalit: 1012232.406106 bestmemit:    0.243305   -0.023123   -4.340988    0.002791
Iteration: 90 bestvalit: 1012228.277000 bestmemit:    0.244557   -0.063135   -4.294144    0.002366
Iteration: 95 bestvalit: 1012228.277000 bestmemit:    0.244557   -0.063135   -4.294144    0.002366
Iteration: 100 bestvalit: 1012138.766343 bestmemit:    0.242156   -0.037356   -4.308765    0.000522
Iteration: 105 bestvalit: 1012125.615203 bestmemit:    0.243877   -0.004470   -4.251267    0.000692
Iteration: 110 bestvalit: 1012125.615203 bestmemit:    0.243877   -0.004470   -4.251267    0.000692
Iteration: 115 bestvalit: 1011817.943125 bestmemit:    0.243085   -0.004388   -4.259499    0.000414
Iteration: 120 bestvalit: 1011817.943125 bestmemit:    0.243085   -0.004388   -4.259499    0.000414
Iteration: 125 bestvalit: 1011659.827595 bestmemit:    0.242698   -0.008266   -4.266775    0.000496
Iteration: 130 bestvalit: 1011658.399668 bestmemit:    0.241821   -0.008266   -4.266775    0.000496
Iteration: 135 bestvalit: 1011658.399668 bestmemit:    0.241821   -0.008266   -4.266775    0.000496
Iteration: 140 bestvalit: 1011658.399668 bestmemit:    0.241821   -0.008266   -4.266775    0.000496
Iteration: 145 bestvalit: 1011658.399668 bestmemit:    0.241821   -0.008266   -4.266775    0.000496
Iteration: 150 bestvalit: 1011566.841135 bestmemit:    0.242810   -0.058956   -4.271960    0.000675
Iteration: 155 bestvalit: 1011566.841135 bestmemit:    0.242810   -0.058956   -4.271960    0.000675
Iteration: 160 bestvalit: 1011562.266314 bestmemit:    0.242304   -0.058956   -4.271960    0.000675
Iteration: 165 bestvalit: 1011562.266314 bestmemit:    0.242304   -0.058956   -4.271960    0.000675
Iteration: 170 bestvalit: 1011562.266314 bestmemit:    0.242304   -0.058956   -4.271960    0.000675
Iteration: 175 bestvalit: 1011562.266314 bestmemit:    0.242304   -0.058956   -4.271960    0.000675
Iteration: 180 bestvalit: 1011562.266314 bestmemit:    0.242304   -0.058956   -4.271960    0.000675
Iteration: 185 bestvalit: 1011562.266314 bestmemit:    0.242304   -0.058956   -4.271960    0.000675
Iteration: 190 bestvalit: 1011562.266314 bestmemit:    0.242304   -0.058956   -4.271960    0.000675
Iteration: 195 bestvalit: 1011559.749565 bestmemit:    0.242156   -0.051912   -4.268831    0.000289
Iteration: 200 bestvalit: 1011559.749565 bestmemit:    0.242156   -0.051912   -4.268831    0.000289
Iteration: 205 bestvalit: 1011559.749565 bestmemit:    0.242156   -0.051912   -4.268831    0.000289
Iteration: 210 bestvalit: 1011559.749565 bestmemit:    0.242156   -0.051912   -4.268831    0.000289
Iteration: 215 bestvalit: 1011559.749565 bestmemit:    0.242156   -0.051912   -4.268831    0.000289
Iteration: 220 bestvalit: 1011559.749565 bestmemit:    0.242156   -0.051912   -4.268831    0.000289
Iteration: 225 bestvalit: 1011559.749565 bestmemit:    0.242156   -0.051912   -4.268831    0.000289
Iteration: 230 bestvalit: 1011559.749565 bestmemit:    0.242156   -0.051912   -4.268831    0.000289
Iteration: 235 bestvalit: 1011559.749565 bestmemit:    0.242156   -0.051912   -4.268831    0.000289
Iteration: 240 bestvalit: 1011559.749565 bestmemit:    0.242156   -0.051912   -4.268831    0.000289
Iteration: 245 bestvalit: 1011559.448666 bestmemit:    0.242304   -0.051912   -4.268831    0.000289
Iteration: 250 bestvalit: 1011559.448666 bestmemit:    0.242304   -0.051912   -4.268831    0.000289
Iteration: 255 bestvalit: 1011559.448666 bestmemit:    0.242304   -0.051912   -4.268831    0.000289
Iteration: 260 bestvalit: 1011559.448666 bestmemit:    0.242304   -0.051912   -4.268831    0.000289
Iteration: 265 bestvalit: 1011559.448666 bestmemit:    0.242304   -0.051912   -4.268831    0.000289
Iteration: 270 bestvalit: 1011559.448666 bestmemit:    0.242304   -0.051912   -4.268831    0.000289
Iteration: 275 bestvalit: 1011491.946243 bestmemit:    0.242197   -0.059236   -4.262181    0.000321
Iteration: 280 bestvalit: 1011491.946243 bestmemit:    0.242197   -0.059236   -4.262181    0.000321
Iteration: 285 bestvalit: 1011491.946243 bestmemit:    0.242197   -0.059236   -4.262181    0.000321
Iteration: 290 bestvalit: 1011491.946243 bestmemit:    0.242197   -0.059236   -4.262181    0.000321
Iteration: 295 bestvalit: 1011491.946243 bestmemit:    0.242197   -0.059236   -4.262181    0.000321
Iteration: 300 bestvalit: 1011491.946243 bestmemit:    0.242197   -0.059236   -4.262181    0.000321
Iteration: 305 bestvalit: 1011491.946243 bestmemit:    0.242197   -0.059236   -4.262181    0.000321
Iteration: 310 bestvalit: 1011491.946243 bestmemit:    0.242197   -0.059236   -4.262181    0.000321
Iteration: 315 bestvalit: 1011491.946243 bestmemit:    0.242197   -0.059236   -4.262181    0.000321
Iteration: 320 bestvalit: 1011491.946243 bestmemit:    0.242197   -0.059236   -4.262181    0.000321
Iteration: 325 bestvalit: 1011491.946243 bestmemit:    0.242197   -0.059236   -4.262181    0.000321
Iteration: 330 bestvalit: 1011491.946243 bestmemit:    0.242197   -0.059236   -4.262181    0.000321
Iteration: 335 bestvalit: 1011491.946243 bestmemit:    0.242197   -0.059236   -4.262181    0.000321
Iteration: 340 bestvalit: 1011491.946243 bestmemit:    0.242197   -0.059236   -4.262181    0.000321
Iteration: 345 bestvalit: 1011491.946243 bestmemit:    0.242197   -0.059236   -4.262181    0.000321
Iteration: 350 bestvalit: 1011439.153921 bestmemit:    0.242297   -0.057132   -4.265932    0.000179
Iteration: 355 bestvalit: 1011439.153921 bestmemit:    0.242297   -0.057132   -4.265932    0.000179
Iteration: 360 bestvalit: 1011439.153921 bestmemit:    0.242297   -0.057132   -4.265932    0.000179
Iteration: 365 bestvalit: 1011439.153921 bestmemit:    0.242297   -0.057132   -4.265932    0.000179
Iteration: 370 bestvalit: 1011439.153921 bestmemit:    0.242297   -0.057132   -4.265932    0.000179
Iteration: 375 bestvalit: 1011439.153921 bestmemit:    0.242297   -0.057132   -4.265932    0.000179
Iteration: 380 bestvalit: 1011439.153921 bestmemit:    0.242297   -0.057132   -4.265932    0.000179
Iteration: 385 bestvalit: 1011439.152992 bestmemit:    0.242294   -0.057132   -4.265932    0.000179
Iteration: 390 bestvalit: 1011439.152992 bestmemit:    0.242294   -0.057132   -4.265932    0.000179
Iteration: 395 bestvalit: 1011439.152992 bestmemit:    0.242294   -0.057132   -4.265932    0.000179
Iteration: 400 bestvalit: 1011439.152992 bestmemit:    0.242294   -0.057132   -4.265932    0.000179
Iteration: 405 bestvalit: 1011439.152992 bestmemit:    0.242294   -0.057132   -4.265932    0.000179
Iteration: 410 bestvalit: 1011439.152992 bestmemit:    0.242294   -0.057132   -4.265932    0.000179
Iteration: 415 bestvalit: 1011439.152992 bestmemit:    0.242294   -0.057132   -4.265932    0.000179
Iteration: 420 bestvalit: 1011439.152992 bestmemit:    0.242294   -0.057132   -4.265932    0.000179
Iteration: 425 bestvalit: 1011439.152992 bestmemit:    0.242294   -0.057132   -4.265932    0.000179
Iteration: 430 bestvalit: 1011439.152992 bestmemit:    0.242294   -0.057132   -4.265932    0.000179
Iteration: 435 bestvalit: 1011439.152992 bestmemit:    0.242294   -0.057132   -4.265932    0.000179
Iteration: 440 bestvalit: 1011439.152992 bestmemit:    0.242294   -0.057132   -4.265932    0.000179
Iteration: 445 bestvalit: 1011439.152992 bestmemit:    0.242294   -0.057132   -4.265932    0.000179
Iteration: 450 bestvalit: 1011439.152992 bestmemit:    0.242294   -0.057132   -4.265932    0.000179
Iteration: 455 bestvalit: 1011439.152992 bestmemit:    0.242294   -0.057132   -4.265932    0.000179
Iteration: 460 bestvalit: 1011439.152992 bestmemit:    0.242294   -0.057132   -4.265932    0.000179
Iteration: 465 bestvalit: 1011439.151931 bestmemit:    0.242286   -0.057132   -4.265932    0.000179
Iteration: 470 bestvalit: 1011439.151931 bestmemit:    0.242286   -0.057132   -4.265932    0.000179
Iteration: 475 bestvalit: 1011439.151931 bestmemit:    0.242286   -0.057132   -4.265932    0.000179
Iteration: 480 bestvalit: 1011439.151931 bestmemit:    0.242286   -0.057132   -4.265932    0.000179
Iteration: 485 bestvalit: 1011439.151931 bestmemit:    0.242286   -0.057132   -4.265932    0.000179
Iteration: 490 bestvalit: 1011439.151931 bestmemit:    0.242286   -0.057132   -4.265932    0.000179
Iteration: 495 bestvalit: 1011439.151931 bestmemit:    0.242286   -0.057132   -4.265932    0.000179
Iteration: 500 bestvalit: 1011439.151931 bestmemit:    0.242286   -0.057132   -4.265932    0.000179
Iteration: 505 bestvalit: 1011439.151931 bestmemit:    0.242286   -0.057132   -4.265932    0.000179
Iteration: 510 bestvalit: 1011439.151931 bestmemit:    0.242286   -0.057132   -4.265932    0.000179
Iteration: 515 bestvalit: 1011439.151931 bestmemit:    0.242286   -0.057132   -4.265932    0.000179
Iteration: 520 bestvalit: 1011439.151931 bestmemit:    0.242286   -0.057132   -4.265932    0.000179
Iteration: 525 bestvalit: 1011439.151931 bestmemit:    0.242286   -0.057132   -4.265932    0.000179
Iteration: 530 bestvalit: 1011439.151931 bestmemit:    0.242286   -0.057132   -4.265932    0.000179
Iteration: 535 bestvalit: 1011439.151931 bestmemit:    0.242286   -0.057132   -4.265932    0.000179
Iteration: 540 bestvalit: 1011439.151931 bestmemit:    0.242286   -0.057132   -4.265932    0.000179
Iteration: 545 bestvalit: 1011439.151931 bestmemit:    0.242286   -0.057132   -4.265932    0.000179
Iteration: 550 bestvalit: 1011439.151931 bestmemit:    0.242286   -0.057132   -4.265932    0.000179
