>>> Loading state data: AL <<<
10 weeks masked 
>> q capped at 0.9834334 
>>> Loading state data: AZ <<<
0 weeks masked 
>> q capped at 0.8105146 
>>> Loading state data: AR <<<
37 weeks masked 
>> q capped at 0.6070344 
>>> Loading state data: CA <<<
0 weeks masked 
>> q capped at 0.4558696 
>>> Loading state data: CO <<<
2 weeks masked 
>> q capped at 0.5255038 
>>> Loading state data: CT <<<
64 weeks masked 
>> q capped at 0.6159304 
>>> Loading state data: DE <<<
186 weeks masked 
>> q capped at 0.7631255 
>>> Loading state data: GA <<<
0 weeks masked 
>> q capped at 0.3760696 
>>> Loading state data: HI <<<
3 weeks masked 
>> q capped at 0.5448101 
>>> Loading state data: IL <<<
6 weeks masked 
>> q capped at 0.7611465 
>>> Loading state data: IN <<<
0 weeks masked 
>> q capped at 0.7528248 
>>> Loading state data: IA <<<
114 weeks masked 
>> q capped at 0.8938494 
>>> Loading state data: KS <<<
194 weeks masked 
>> q capped at 0.999 
>>> Loading state data: KY <<<
11 weeks masked 
>> q capped at 0.945945 
>>> Loading state data: LA <<<
24 weeks masked 
>> q capped at 0.9633401 
>>> Loading state data: MD <<<
46 weeks masked 
>> q capped at 0.9436171 
>>> Loading state data: MA <<<
59 weeks masked 
>> q capped at 0.9482673 
>>> Loading state data: MI <<<
107 weeks masked 
>> q capped at 0.999 
>>> Loading state data: MN <<<
4 weeks masked 
>> q capped at 0.6613867 
>>> Loading state data: MS <<<
118 weeks masked 
>> q capped at 0.9106966 
>>> Loading state data: MO <<<
12 weeks masked 
>> q capped at 0.4013183 
>>> Loading state data: MT <<<
157 weeks masked 
>> q capped at 0.7943793 
>>> Loading state data: NE <<<
25 weeks masked 
>> q capped at 0.7738783 
>>> Loading state data: NM <<<
99 weeks masked 
>> q capped at 0.9960672 
>>> Loading state data: NY <<<
14 weeks masked 
>> q capped at 0.4391906 
>>> Loading state data: NC <<<
98 weeks masked 
>> q capped at 0.9850898 
>>> Loading state data: ND <<<
187 weeks masked 
>> q capped at 0.9875724 
>>> Loading state data: OH <<<
18 weeks masked 
>> q capped at 0.7362628 
>>> Loading state data: OK <<<
27 weeks masked 
>> q capped at 0.6842908 
>>> Loading state data: OR <<<
76 weeks masked 
>> q capped at 0.999 
>>> Loading state data: PA <<<
1 weeks masked 
>> q capped at 0.6315349 
>>> Loading state data: SC <<<
53 weeks masked 
>> q capped at 0.7079229 
>>> Loading state data: SD <<<
30 weeks masked 
>> q capped at 0.8671339 
>>> Loading state data: TN <<<
73 weeks masked 
>> q capped at 0.7782769 
>>> Loading state data: TX <<<
0 weeks masked 
>> q capped at 0.4160986 
>>> Loading state data: UT <<<
4 weeks masked 
>> q capped at 0.5711354 
>>> Loading state data: VA <<<
5 weeks masked 
>> q capped at 0.6159304 
>>> Loading state data: WA <<<
13 weeks masked 
>> q capped at 0.4053597 
>>> Loading state data: WV <<<
0 weeks masked 
>> q capped at 0.4731157 
>>> Loading state data: WI <<<
13 weeks masked 
>> q capped at 0.8004892 
>> Fitting with R0 model: sd ; lambda = 1000 
Lower: 0 -100 0 -100 0 
Upper: 1 0 1 0 1 
96 cores seen; limit to 30 cores
Iteration: 5 bestvalit: 1135814.154733 bestmemit:    0.317213   -1.085408    0.030715  -12.789575    0.237289
Iteration: 10 bestvalit: 1069505.542015 bestmemit:    0.238734  -20.708856    0.485315  -20.483618    0.341507
Iteration: 15 bestvalit: 1048853.669314 bestmemit:    0.250450   -1.005837    0.025115  -12.103561    0.257944
Iteration: 20 bestvalit: 1016373.339176 bestmemit:    0.208234  -13.302722    0.518341   -6.275027    0.110833
Iteration: 25 bestvalit: 1003842.919361 bestmemit:    0.251124  -13.302722    0.518341   -6.275027    0.110833
Iteration: 30 bestvalit: 1003842.919361 bestmemit:    0.251124  -13.302722    0.518341   -6.275027    0.110833
Iteration: 35 bestvalit: 1003842.919361 bestmemit:    0.251124  -13.302722    0.518341   -6.275027    0.110833
Iteration: 40 bestvalit: 1003842.919361 bestmemit:    0.251124  -13.302722    0.518341   -6.275027    0.110833
Iteration: 45 bestvalit: 1003842.919361 bestmemit:    0.251124  -13.302722    0.518341   -6.275027    0.110833
Iteration: 50 bestvalit: 1003746.592711 bestmemit:    0.247834  -15.286441    0.534408   -6.099276    0.099313
Iteration: 55 bestvalit: 1003609.430142 bestmemit:    0.251124  -13.741219    0.518341   -6.275027    0.110833
Iteration: 60 bestvalit: 1003609.430142 bestmemit:    0.251124  -13.741219    0.518341   -6.275027    0.110833
Iteration: 65 bestvalit: 1002447.369747 bestmemit:    0.247834  -19.210432    0.534408   -6.099276    0.099313
Iteration: 70 bestvalit: 1002447.369747 bestmemit:    0.247834  -19.210432    0.534408   -6.099276    0.099313
Iteration: 75 bestvalit: 1002447.369747 bestmemit:    0.247834  -19.210432    0.534408   -6.099276    0.099313
Iteration: 80 bestvalit: 1002447.369747 bestmemit:    0.247834  -19.210432    0.534408   -6.099276    0.099313
Iteration: 85 bestvalit: 1002447.369747 bestmemit:    0.247834  -19.210432    0.534408   -6.099276    0.099313
Iteration: 90 bestvalit: 1002447.369747 bestmemit:    0.247834  -19.210432    0.534408   -6.099276    0.099313
Iteration: 95 bestvalit: 1002447.369747 bestmemit:    0.247834  -19.210432    0.534408   -6.099276    0.099313
Iteration: 100 bestvalit: 1002447.369747 bestmemit:    0.247834  -19.210432    0.534408   -6.099276    0.099313
Iteration: 105 bestvalit: 1002087.576358 bestmemit:    0.240389  -19.210432    0.534408   -6.099276    0.099313
Iteration: 110 bestvalit: 1002087.576358 bestmemit:    0.240389  -19.210432    0.534408   -6.099276    0.099313
Iteration: 115 bestvalit: 1002087.576358 bestmemit:    0.240389  -19.210432    0.534408   -6.099276    0.099313
Iteration: 120 bestvalit: 1001978.012315 bestmemit:    0.242347  -13.401807    0.545966   -5.015511    0.051756
Iteration: 125 bestvalit: 1001978.012315 bestmemit:    0.242347  -13.401807    0.545966   -5.015511    0.051756
Iteration: 130 bestvalit: 1001978.012315 bestmemit:    0.242347  -13.401807    0.545966   -5.015511    0.051756
Iteration: 135 bestvalit: 1001421.837230 bestmemit:    0.239023  -18.806927    0.557255   -4.948831    0.050859
Iteration: 140 bestvalit: 1001421.837230 bestmemit:    0.239023  -18.806927    0.557255   -4.948831    0.050859
Iteration: 145 bestvalit: 1001336.234824 bestmemit:    0.241166  -18.806927    0.557255   -4.948831    0.050859
Iteration: 150 bestvalit: 1001336.234824 bestmemit:    0.241166  -18.806927    0.557255   -4.948831    0.050859
Iteration: 155 bestvalit: 1001267.384818 bestmemit:    0.242213  -19.469974    0.540343   -5.908654    0.096653
Iteration: 160 bestvalit: 1001267.384818 bestmemit:    0.242213  -19.469974    0.540343   -5.908654    0.096653
Iteration: 165 bestvalit: 1001267.384818 bestmemit:    0.242213  -19.469974    0.540343   -5.908654    0.096653
Iteration: 170 bestvalit: 1001267.384818 bestmemit:    0.242213  -19.469974    0.540343   -5.908654    0.096653
Iteration: 175 bestvalit: 1001267.384818 bestmemit:    0.242213  -19.469974    0.540343   -5.908654    0.096653
Iteration: 180 bestvalit: 1001267.384818 bestmemit:    0.242213  -19.469974    0.540343   -5.908654    0.096653
Iteration: 185 bestvalit: 1001267.384818 bestmemit:    0.242213  -19.469974    0.540343   -5.908654    0.096653
Iteration: 190 bestvalit: 1001267.384818 bestmemit:    0.242213  -19.469974    0.540343   -5.908654    0.096653
Iteration: 195 bestvalit: 1001076.907448 bestmemit:    0.241697  -17.258921    0.559257   -4.757995    0.041708
Iteration: 200 bestvalit: 1001076.907448 bestmemit:    0.241697  -17.258921    0.559257   -4.757995    0.041708
Iteration: 205 bestvalit: 1001076.907448 bestmemit:    0.241697  -17.258921    0.559257   -4.757995    0.041708
Iteration: 210 bestvalit: 1001076.907448 bestmemit:    0.241697  -17.258921    0.559257   -4.757995    0.041708
Iteration: 215 bestvalit: 1001076.907448 bestmemit:    0.241697  -17.258921    0.559257   -4.757995    0.041708
Iteration: 220 bestvalit: 1001047.922038 bestmemit:    0.241536  -15.910452    0.553652   -4.714653    0.039469
Iteration: 225 bestvalit: 1001047.922038 bestmemit:    0.241536  -15.910452    0.553652   -4.714653    0.039469
Iteration: 230 bestvalit: 1001047.922038 bestmemit:    0.241536  -15.910452    0.553652   -4.714653    0.039469
Iteration: 235 bestvalit: 1001047.922038 bestmemit:    0.241536  -15.910452    0.553652   -4.714653    0.039469
Iteration: 240 bestvalit: 1001047.922038 bestmemit:    0.241536  -15.910452    0.553652   -4.714653    0.039469
Iteration: 245 bestvalit: 1001047.922038 bestmemit:    0.241536  -15.910452    0.553652   -4.714653    0.039469
Iteration: 250 bestvalit: 1000972.719817 bestmemit:    0.240447  -17.437959    0.540998   -5.444411    0.078339
Iteration: 255 bestvalit: 1000972.719817 bestmemit:    0.240447  -17.437959    0.540998   -5.444411    0.078339
Iteration: 260 bestvalit: 1000972.719817 bestmemit:    0.240447  -17.437959    0.540998   -5.444411    0.078339
Iteration: 265 bestvalit: 1000750.931092 bestmemit:    0.239888  -17.596326    0.545087   -5.292436    0.069740
Iteration: 270 bestvalit: 1000750.931092 bestmemit:    0.239888  -17.596326    0.545087   -5.292436    0.069740
Iteration: 275 bestvalit: 1000700.433890 bestmemit:    0.240096  -16.690464    0.550925   -4.948831    0.050859
Iteration: 280 bestvalit: 1000651.246946 bestmemit:    0.241006  -18.157905    0.545029   -5.240808    0.067913
Iteration: 285 bestvalit: 1000462.552671 bestmemit:    0.241580  -17.987334    0.551654   -5.025179    0.055927
Iteration: 290 bestvalit: 1000461.460581 bestmemit:    0.241136  -17.987334    0.551654   -5.025179    0.055927
Iteration: 295 bestvalit: 1000461.460581 bestmemit:    0.241136  -17.987334    0.551654   -5.025179    0.055927
Iteration: 300 bestvalit: 1000461.460581 bestmemit:    0.241136  -17.987334    0.551654   -5.025179    0.055927
Iteration: 305 bestvalit: 1000461.460581 bestmemit:    0.241136  -17.987334    0.551654   -5.025179    0.055927
Iteration: 310 bestvalit: 1000461.460581 bestmemit:    0.241136  -17.987334    0.551654   -5.025179    0.055927
Iteration: 315 bestvalit: 1000461.460581 bestmemit:    0.241136  -17.987334    0.551654   -5.025179    0.055927
Iteration: 320 bestvalit: 1000459.121371 bestmemit:    0.240874  -18.691969    0.551419   -5.146512    0.064192
Iteration: 325 bestvalit: 1000459.121371 bestmemit:    0.240874  -18.691969    0.551419   -5.146512    0.064192
Iteration: 330 bestvalit: 1000459.121371 bestmemit:    0.240874  -18.691969    0.551419   -5.146512    0.064192
Iteration: 335 bestvalit: 1000459.121371 bestmemit:    0.240874  -18.691969    0.551419   -5.146512    0.064192
Iteration: 340 bestvalit: 1000459.121371 bestmemit:    0.240874  -18.691969    0.551419   -5.146512    0.064192
Iteration: 345 bestvalit: 1000459.121371 bestmemit:    0.240874  -18.691969    0.551419   -5.146512    0.064192
Iteration: 350 bestvalit: 1000459.121371 bestmemit:    0.240874  -18.691969    0.551419   -5.146512    0.064192
Iteration: 355 bestvalit: 1000459.121371 bestmemit:    0.240874  -18.691969    0.551419   -5.146512    0.064192
Iteration: 360 bestvalit: 1000459.121371 bestmemit:    0.240874  -18.691969    0.551419   -5.146512    0.064192
Iteration: 365 bestvalit: 1000459.056924 bestmemit:    0.240511  -18.691969    0.551419   -5.146512    0.064192
Iteration: 370 bestvalit: 1000459.056924 bestmemit:    0.240511  -18.691969    0.551419   -5.146512    0.064192
Iteration: 375 bestvalit: 1000459.056924 bestmemit:    0.240511  -18.691969    0.551419   -5.146512    0.064192
Iteration: 380 bestvalit: 1000451.379707 bestmemit:    0.240784  -18.616333    0.548956   -5.222541    0.066106
Iteration: 385 bestvalit: 1000451.379707 bestmemit:    0.240784  -18.616333    0.548956   -5.222541    0.066106
Iteration: 390 bestvalit: 1000450.802673 bestmemit:    0.241021  -18.616333    0.548956   -5.222541    0.066106
Iteration: 395 bestvalit: 1000450.802673 bestmemit:    0.241021  -18.616333    0.548956   -5.222541    0.066106
Iteration: 400 bestvalit: 1000450.802673 bestmemit:    0.241021  -18.616333    0.548956   -5.222541    0.066106
Iteration: 405 bestvalit: 1000450.802673 bestmemit:    0.241021  -18.616333    0.548956   -5.222541    0.066106
Iteration: 410 bestvalit: 1000450.802673 bestmemit:    0.241021  -18.616333    0.548956   -5.222541    0.066106
Iteration: 415 bestvalit: 1000450.802673 bestmemit:    0.241021  -18.616333    0.548956   -5.222541    0.066106
Iteration: 420 bestvalit: 1000450.802673 bestmemit:    0.241021  -18.616333    0.548956   -5.222541    0.066106
Iteration: 425 bestvalit: 1000360.596067 bestmemit:    0.241029  -19.680124    0.547356   -5.277534    0.069657
Iteration: 430 bestvalit: 1000360.596067 bestmemit:    0.241029  -19.680124    0.547356   -5.277534    0.069657
Iteration: 435 bestvalit: 1000360.596067 bestmemit:    0.241029  -19.680124    0.547356   -5.277534    0.069657
Iteration: 440 bestvalit: 1000360.596067 bestmemit:    0.241029  -19.680124    0.547356   -5.277534    0.069657
Iteration: 445 bestvalit: 1000359.284029 bestmemit:    0.240908  -19.680124    0.547356   -5.277534    0.069657
Iteration: 450 bestvalit: 1000359.284029 bestmemit:    0.240908  -19.680124    0.547356   -5.277534    0.069657
Iteration: 455 bestvalit: 1000359.284029 bestmemit:    0.240908  -19.680124    0.547356   -5.277534    0.069657
Iteration: 460 bestvalit: 1000359.284029 bestmemit:    0.240908  -19.680124    0.547356   -5.277534    0.069657
Iteration: 465 bestvalit: 1000359.284029 bestmemit:    0.240908  -19.680124    0.547356   -5.277534    0.069657
Iteration: 470 bestvalit: 1000359.284029 bestmemit:    0.240908  -19.680124    0.547356   -5.277534    0.069657
Iteration: 475 bestvalit: 1000359.284029 bestmemit:    0.240908  -19.680124    0.547356   -5.277534    0.069657
Iteration: 480 bestvalit: 1000352.440300 bestmemit:    0.240712  -18.616333    0.548956   -5.222541    0.065910
Iteration: 485 bestvalit: 1000352.440300 bestmemit:    0.240712  -18.616333    0.548956   -5.222541    0.065910
Iteration: 490 bestvalit: 1000352.440300 bestmemit:    0.240712  -18.616333    0.548956   -5.222541    0.065910
Iteration: 495 bestvalit: 1000350.834725 bestmemit:    0.241165  -18.616333    0.548956   -5.222541    0.065910
Iteration: 500 bestvalit: 1000350.834725 bestmemit:    0.241165  -18.616333    0.548956   -5.222541    0.065910
Iteration: 505 bestvalit: 1000350.834725 bestmemit:    0.241165  -18.616333    0.548956   -5.222541    0.065910
Iteration: 510 bestvalit: 1000350.834725 bestmemit:    0.241165  -18.616333    0.548956   -5.222541    0.065910
Iteration: 515 bestvalit: 1000350.834725 bestmemit:    0.241165  -18.616333    0.548956   -5.222541    0.065910
Iteration: 520 bestvalit: 1000350.834725 bestmemit:    0.241165  -18.616333    0.548956   -5.222541    0.065910
Iteration: 525 bestvalit: 1000350.834725 bestmemit:    0.241165  -18.616333    0.548956   -5.222541    0.065910
Iteration: 530 bestvalit: 1000350.834725 bestmemit:    0.241165  -18.616333    0.548956   -5.222541    0.065910
Iteration: 535 bestvalit: 1000350.834725 bestmemit:    0.241165  -18.616333    0.548956   -5.222541    0.065910
Iteration: 540 bestvalit: 1000350.834725 bestmemit:    0.241165  -18.616333    0.548956   -5.222541    0.065910
Iteration: 545 bestvalit: 1000350.834725 bestmemit:    0.241165  -18.616333    0.548956   -5.222541    0.065910
Iteration: 550 bestvalit: 1000325.764182 bestmemit:    0.240696  -17.872651    0.548027   -5.152951    0.062794
Iteration: 555 bestvalit: 1000324.859662 bestmemit:    0.240861  -17.872651    0.548027   -5.152951    0.062794
Iteration: 560 bestvalit: 1000324.859662 bestmemit:    0.240861  -17.872651    0.548027   -5.152951    0.062794
Iteration: 565 bestvalit: 1000324.859662 bestmemit:    0.240861  -17.872651    0.548027   -5.152951    0.062794
Iteration: 570 bestvalit: 1000324.859662 bestmemit:    0.240861  -17.872651    0.548027   -5.152951    0.062794
Iteration: 575 bestvalit: 1000324.859662 bestmemit:    0.240861  -17.872651    0.548027   -5.152951    0.062794
Iteration: 580 bestvalit: 1000324.859662 bestmemit:    0.240861  -17.872651    0.548027   -5.152951    0.062794
Iteration: 585 bestvalit: 1000324.859662 bestmemit:    0.240861  -17.872651    0.548027   -5.152951    0.062794
Iteration: 590 bestvalit: 1000324.859662 bestmemit:    0.240861  -17.872651    0.548027   -5.152951    0.062794
Iteration: 595 bestvalit: 1000324.859662 bestmemit:    0.240861  -17.872651    0.548027   -5.152951    0.062794
Iteration: 600 bestvalit: 1000324.859662 bestmemit:    0.240861  -17.872651    0.548027   -5.152951    0.062794
Iteration: 605 bestvalit: 1000324.859662 bestmemit:    0.240861  -17.872651    0.548027   -5.152951    0.062794
Iteration: 610 bestvalit: 1000324.859662 bestmemit:    0.240861  -17.872651    0.548027   -5.152951    0.062794
Iteration: 615 bestvalit: 1000324.859662 bestmemit:    0.240861  -17.872651    0.548027   -5.152951    0.062794
Iteration: 620 bestvalit: 1000324.859662 bestmemit:    0.240861  -17.872651    0.548027   -5.152951    0.062794
Iteration: 625 bestvalit: 1000324.751038 bestmemit:    0.240972  -17.872651    0.548027   -5.152951    0.062794
Iteration: 630 bestvalit: 1000324.751038 bestmemit:    0.240972  -17.872651    0.548027   -5.152951    0.062794
Iteration: 635 bestvalit: 1000324.751038 bestmemit:    0.240972  -17.872651    0.548027   -5.152951    0.062794
Iteration: 640 bestvalit: 1000324.751038 bestmemit:    0.240972  -17.872651    0.548027   -5.152951    0.062794
Iteration: 645 bestvalit: 1000324.751038 bestmemit:    0.240972  -17.872651    0.548027   -5.152951    0.062794
Iteration: 650 bestvalit: 1000324.751038 bestmemit:    0.240972  -17.872651    0.548027   -5.152951    0.062794
Iteration: 655 bestvalit: 1000324.751038 bestmemit:    0.240972  -17.872651    0.548027   -5.152951    0.062794
Iteration: 660 bestvalit: 1000324.751038 bestmemit:    0.240972  -17.872651    0.548027   -5.152951    0.062794
Iteration: 665 bestvalit: 1000324.751038 bestmemit:    0.240972  -17.872651    0.548027   -5.152951    0.062794
Iteration: 670 bestvalit: 1000324.751038 bestmemit:    0.240972  -17.872651    0.548027   -5.152951    0.062794
Iteration: 675 bestvalit: 1000324.751038 bestmemit:    0.240972  -17.872651    0.548027   -5.152951    0.062794
Iteration: 680 bestvalit: 1000324.751038 bestmemit:    0.240972  -17.872651    0.548027   -5.152951    0.062794
Iteration: 685 bestvalit: 1000324.751038 bestmemit:    0.240972  -17.872651    0.548027   -5.152951    0.062794
Iteration: 690 bestvalit: 1000324.751038 bestmemit:    0.240972  -17.872651    0.548027   -5.152951    0.062794
Iteration: 695 bestvalit: 1000324.751038 bestmemit:    0.240972  -17.872651    0.548027   -5.152951    0.062794
Iteration: 700 bestvalit: 1000324.751038 bestmemit:    0.240972  -17.872651    0.548027   -5.152951    0.062794
Iteration: 705 bestvalit: 1000324.751038 bestmemit:    0.240972  -17.872651    0.548027   -5.152951    0.062794
Iteration: 710 bestvalit: 1000324.751038 bestmemit:    0.240972  -17.872651    0.548027   -5.152951    0.062794
Iteration: 715 bestvalit: 1000324.751038 bestmemit:    0.240972  -17.872651    0.548027   -5.152951    0.062794
Iteration: 720 bestvalit: 1000324.751038 bestmemit:    0.240972  -17.872651    0.548027   -5.152951    0.062794
Iteration: 725 bestvalit: 1000324.751038 bestmemit:    0.240972  -17.872651    0.548027   -5.152951    0.062794
Iteration: 730 bestvalit: 1000324.576174 bestmemit:    0.240803  -17.920377    0.549864   -5.063578    0.060337
Iteration: 735 bestvalit: 1000324.576174 bestmemit:    0.240803  -17.920377    0.549864   -5.063578    0.060337
Iteration: 740 bestvalit: 1000324.576174 bestmemit:    0.240803  -17.920377    0.549864   -5.063578    0.060337
Iteration: 745 bestvalit: 1000324.576174 bestmemit:    0.240803  -17.920377    0.549864   -5.063578    0.060337
Iteration: 750 bestvalit: 1000324.222549 bestmemit:    0.240695  -17.920377    0.549864   -5.063578    0.060337
