>>> Loading state data: AL <<<
10 weeks masked 
>> q capped at 0.9834334 
>>> Loading state data: AZ <<<
0 weeks masked 
>> q capped at 0.8105146 
>>> Loading state data: AR <<<
37 weeks masked 
>> q capped at 0.6070344 
>>> Loading state data: CA <<<
0 weeks masked 
>> q capped at 0.4558696 
>>> Loading state data: CO <<<
2 weeks masked 
>> q capped at 0.5255038 
>>> Loading state data: CT <<<
64 weeks masked 
>> q capped at 0.6159304 
>>> Loading state data: DE <<<
186 weeks masked 
>> q capped at 0.7631255 
>>> Loading state data: GA <<<
0 weeks masked 
>> q capped at 0.3760696 
>>> Loading state data: HI <<<
3 weeks masked 
>> q capped at 0.5448101 
>>> Loading state data: IL <<<
6 weeks masked 
>> q capped at 0.7611465 
>>> Loading state data: IN <<<
0 weeks masked 
>> q capped at 0.7528248 
>>> Loading state data: IA <<<
114 weeks masked 
>> q capped at 0.8938494 
>>> Loading state data: KS <<<
194 weeks masked 
>> q capped at 0.999 
>>> Loading state data: KY <<<
11 weeks masked 
>> q capped at 0.945945 
>>> Loading state data: LA <<<
24 weeks masked 
>> q capped at 0.9633401 
>>> Loading state data: MD <<<
46 weeks masked 
>> q capped at 0.9436171 
>>> Loading state data: MA <<<
59 weeks masked 
>> q capped at 0.9482673 
>>> Loading state data: MI <<<
107 weeks masked 
>> q capped at 0.999 
>>> Loading state data: MN <<<
4 weeks masked 
>> q capped at 0.6613867 
>>> Loading state data: MS <<<
118 weeks masked 
>> q capped at 0.9106966 
>>> Loading state data: MO <<<
12 weeks masked 
>> q capped at 0.4013183 
>>> Loading state data: MT <<<
157 weeks masked 
>> q capped at 0.7943793 
>>> Loading state data: NE <<<
25 weeks masked 
>> q capped at 0.7738783 
>>> Loading state data: NM <<<
99 weeks masked 
>> q capped at 0.9960672 
>>> Loading state data: NY <<<
14 weeks masked 
>> q capped at 0.4391906 
>>> Loading state data: NC <<<
98 weeks masked 
>> q capped at 0.9850898 
>>> Loading state data: ND <<<
187 weeks masked 
>> q capped at 0.9875724 
>>> Loading state data: OH <<<
18 weeks masked 
>> q capped at 0.7362628 
>>> Loading state data: OK <<<
27 weeks masked 
>> q capped at 0.6842908 
>>> Loading state data: OR <<<
76 weeks masked 
>> q capped at 0.999 
>>> Loading state data: PA <<<
1 weeks masked 
>> q capped at 0.6315349 
>>> Loading state data: SC <<<
53 weeks masked 
>> q capped at 0.7079229 
>>> Loading state data: SD <<<
30 weeks masked 
>> q capped at 0.8671339 
>>> Loading state data: TN <<<
73 weeks masked 
>> q capped at 0.7782769 
>>> Loading state data: TX <<<
0 weeks masked 
>> q capped at 0.4160986 
>>> Loading state data: UT <<<
4 weeks masked 
>> q capped at 0.5711354 
>>> Loading state data: VA <<<
5 weeks masked 
>> q capped at 0.6159304 
>>> Loading state data: WA <<<
13 weeks masked 
>> q capped at 0.4053597 
>>> Loading state data: WV <<<
0 weeks masked 
>> q capped at 0.4731157 
>>> Loading state data: WI <<<
13 weeks masked 
>> q capped at 0.8004892 
>> Fitting with R0 model: cos ; lambda = 1000 
Lower: 0 1 
Upper: 1 364 
96 cores seen; limit to 30 cores
Iteration: 5 bestvalit: 1582072.099589 bestmemit:    0.202839  332.203506
Iteration: 10 bestvalit: 1545586.804867 bestmemit:    0.211138  339.239568
Iteration: 15 bestvalit: 1536934.591422 bestmemit:    0.187061  339.350503
Iteration: 20 bestvalit: 1534480.101067 bestmemit:    0.186247  337.583172
Iteration: 25 bestvalit: 1532837.932744 bestmemit:    0.186667  337.601515
Iteration: 30 bestvalit: 1532544.635138 bestmemit:    0.181959  337.601515
Iteration: 35 bestvalit: 1532345.409503 bestmemit:    0.184894  337.601515
Iteration: 40 bestvalit: 1532345.409503 bestmemit:    0.184894  337.601515
Iteration: 45 bestvalit: 1532345.409503 bestmemit:    0.184894  337.601515
Iteration: 50 bestvalit: 1532345.409503 bestmemit:    0.184894  337.601515
Iteration: 55 bestvalit: 1532345.409503 bestmemit:    0.184894  337.601515
Iteration: 60 bestvalit: 1532345.409503 bestmemit:    0.184894  337.601515
Iteration: 65 bestvalit: 1532345.409503 bestmemit:    0.184894  337.601515
Iteration: 70 bestvalit: 1531966.075347 bestmemit:    0.184426  337.600880
Iteration: 75 bestvalit: 1531966.075347 bestmemit:    0.184426  337.600880
Iteration: 80 bestvalit: 1531966.075347 bestmemit:    0.184426  337.600880
Iteration: 85 bestvalit: 1531966.075347 bestmemit:    0.184426  337.600880
Iteration: 90 bestvalit: 1531768.943646 bestmemit:    0.184188  337.600680
Iteration: 95 bestvalit: 1531768.943646 bestmemit:    0.184188  337.600680
Iteration: 100 bestvalit: 1531758.093119 bestmemit:    0.184004  337.600680
Iteration: 105 bestvalit: 1531754.682415 bestmemit:    0.183441  337.600680
Iteration: 110 bestvalit: 1531754.545864 bestmemit:    0.183445  337.600680
Iteration: 115 bestvalit: 1531754.545864 bestmemit:    0.183445  337.600680
Iteration: 120 bestvalit: 1530952.967953 bestmemit:    0.183997  337.589711
Iteration: 125 bestvalit: 1530948.918585 bestmemit:    0.183722  337.589711
Iteration: 130 bestvalit: 1530948.918585 bestmemit:    0.183722  337.589711
Iteration: 135 bestvalit: 1530948.918585 bestmemit:    0.183722  337.589711
Iteration: 140 bestvalit: 1530948.918585 bestmemit:    0.183722  337.589711
Iteration: 145 bestvalit: 1530948.918585 bestmemit:    0.183722  337.589711
Iteration: 150 bestvalit: 1530948.918585 bestmemit:    0.183722  337.589711
Iteration: 155 bestvalit: 1530948.918585 bestmemit:    0.183722  337.589711
Iteration: 160 bestvalit: 1530948.918585 bestmemit:    0.183722  337.589711
Iteration: 165 bestvalit: 1530948.918585 bestmemit:    0.183722  337.589711
Iteration: 170 bestvalit: 1530948.918585 bestmemit:    0.183722  337.589711
Iteration: 175 bestvalit: 1530948.918585 bestmemit:    0.183722  337.589711
Iteration: 180 bestvalit: 1530948.862209 bestmemit:    0.183746  337.589711
Iteration: 185 bestvalit: 1530948.862209 bestmemit:    0.183746  337.589711
Iteration: 190 bestvalit: 1530948.862209 bestmemit:    0.183746  337.589711
Iteration: 195 bestvalit: 1530948.862209 bestmemit:    0.183746  337.589711
Iteration: 200 bestvalit: 1530948.862209 bestmemit:    0.183746  337.589711
Iteration: 205 bestvalit: 1530948.862209 bestmemit:    0.183746  337.589711
Iteration: 210 bestvalit: 1530948.862209 bestmemit:    0.183746  337.589711
Iteration: 215 bestvalit: 1530948.862209 bestmemit:    0.183746  337.589711
Iteration: 220 bestvalit: 1530948.862209 bestmemit:    0.183746  337.589711
Iteration: 225 bestvalit: 1530948.862209 bestmemit:    0.183746  337.589711
Iteration: 230 bestvalit: 1530948.862209 bestmemit:    0.183746  337.589711
Iteration: 235 bestvalit: 1530948.862209 bestmemit:    0.183746  337.589711
Iteration: 240 bestvalit: 1530948.862209 bestmemit:    0.183746  337.589711
Iteration: 245 bestvalit: 1530948.862209 bestmemit:    0.183746  337.589711
Iteration: 250 bestvalit: 1530948.862209 bestmemit:    0.183746  337.589711
Iteration: 255 bestvalit: 1530948.862209 bestmemit:    0.183746  337.589711
Iteration: 260 bestvalit: 1530948.862209 bestmemit:    0.183746  337.589711
Iteration: 265 bestvalit: 1530948.862209 bestmemit:    0.183746  337.589711
Iteration: 270 bestvalit: 1530948.862209 bestmemit:    0.183746  337.589711
Iteration: 275 bestvalit: 1530948.862209 bestmemit:    0.183746  337.589711
Iteration: 280 bestvalit: 1530948.862209 bestmemit:    0.183746  337.589711
Iteration: 285 bestvalit: 1530948.862209 bestmemit:    0.183746  337.589711
Iteration: 290 bestvalit: 1530948.862209 bestmemit:    0.183746  337.589711
Iteration: 295 bestvalit: 1530948.862209 bestmemit:    0.183746  337.589711
Iteration: 300 bestvalit: 1530948.862209 bestmemit:    0.183746  337.589711
Iteration: 305 bestvalit: 1530948.862209 bestmemit:    0.183746  337.589711
Iteration: 310 bestvalit: 1530948.862209 bestmemit:    0.183746  337.589711
Iteration: 315 bestvalit: 1530948.862209 bestmemit:    0.183746  337.589711
Iteration: 320 bestvalit: 1530948.859941 bestmemit:    0.183754  337.589711
