>>> Loading state data: AL <<<
10 weeks masked 
>> q capped at 0.9834334 
>>> Loading state data: AZ <<<
0 weeks masked 
>> q capped at 0.8105146 
>>> Loading state data: AR <<<
37 weeks masked 
>> q capped at 0.6070344 
>>> Loading state data: CA <<<
0 weeks masked 
>> q capped at 0.4558696 
>>> Loading state data: CO <<<
2 weeks masked 
>> q capped at 0.5255038 
>>> Loading state data: CT <<<
64 weeks masked 
>> q capped at 0.6159304 
>>> Loading state data: DE <<<
186 weeks masked 
>> q capped at 0.7631255 
>>> Loading state data: GA <<<
0 weeks masked 
>> q capped at 0.3760696 
>>> Loading state data: HI <<<
3 weeks masked 
>> q capped at 0.5448101 
>>> Loading state data: IL <<<
6 weeks masked 
>> q capped at 0.7611465 
>>> Loading state data: IN <<<
0 weeks masked 
>> q capped at 0.7528248 
>>> Loading state data: IA <<<
114 weeks masked 
>> q capped at 0.8938494 
>>> Loading state data: KS <<<
194 weeks masked 
>> q capped at 0.999 
>>> Loading state data: KY <<<
11 weeks masked 
>> q capped at 0.945945 
>>> Loading state data: LA <<<
24 weeks masked 
>> q capped at 0.9633401 
>>> Loading state data: MD <<<
46 weeks masked 
>> q capped at 0.9436171 
>>> Loading state data: MA <<<
59 weeks masked 
>> q capped at 0.9482673 
>>> Loading state data: MI <<<
107 weeks masked 
>> q capped at 0.999 
>>> Loading state data: MN <<<
4 weeks masked 
>> q capped at 0.6613867 
>>> Loading state data: MS <<<
118 weeks masked 
>> q capped at 0.9106966 
>>> Loading state data: MO <<<
12 weeks masked 
>> q capped at 0.4013183 
>>> Loading state data: MT <<<
157 weeks masked 
>> q capped at 0.7943793 
>>> Loading state data: NE <<<
25 weeks masked 
>> q capped at 0.7738783 
>>> Loading state data: NM <<<
99 weeks masked 
>> q capped at 0.9960672 
>>> Loading state data: NY <<<
14 weeks masked 
>> q capped at 0.4391906 
>>> Loading state data: NC <<<
98 weeks masked 
>> q capped at 0.9850898 
>>> Loading state data: ND <<<
187 weeks masked 
>> q capped at 0.9875724 
>>> Loading state data: OH <<<
18 weeks masked 
>> q capped at 0.7362628 
>>> Loading state data: OK <<<
27 weeks masked 
>> q capped at 0.6842908 
>>> Loading state data: OR <<<
76 weeks masked 
>> q capped at 0.999 
>>> Loading state data: PA <<<
1 weeks masked 
>> q capped at 0.6315349 
>>> Loading state data: SC <<<
53 weeks masked 
>> q capped at 0.7079229 
>>> Loading state data: SD <<<
30 weeks masked 
>> q capped at 0.8671339 
>>> Loading state data: TN <<<
73 weeks masked 
>> q capped at 0.7782769 
>>> Loading state data: TX <<<
0 weeks masked 
>> q capped at 0.4160986 
>>> Loading state data: UT <<<
4 weeks masked 
>> q capped at 0.5711354 
>>> Loading state data: VA <<<
5 weeks masked 
>> q capped at 0.6159304 
>>> Loading state data: WA <<<
13 weeks masked 
>> q capped at 0.4053597 
>>> Loading state data: WV <<<
0 weeks masked 
>> q capped at 0.4731157 
>>> Loading state data: WI <<<
13 weeks masked 
>> q capped at 0.8004892 
>> Fitting with R0 model: sd ; lambda = 10 
Lower: 0 -100 0 -100 0 
Upper: 1 0 1 0 1 
96 cores seen; limit to 30 cores
Iteration: 5 bestvalit: 1073956.787719 bestmemit:    0.528676  -28.538914    0.555783  -33.805792    0.175047
Iteration: 10 bestvalit: 855034.079484 bestmemit:    0.443772  -50.352628    0.539036  -12.136452    0.154746
Iteration: 15 bestvalit: 779589.761444 bestmemit:    0.355809  -15.329967    0.414232  -13.834411    0.248665
Iteration: 20 bestvalit: 750665.067134 bestmemit:    0.301222   -7.153485    0.426179   -6.953193    0.125199
Iteration: 25 bestvalit: 738320.700648 bestmemit:    0.337626   -5.549348    0.484760   -5.457376    0.043261
Iteration: 30 bestvalit: 729719.779628 bestmemit:    0.337626   -5.549348    0.484760   -5.457376    0.090611
Iteration: 35 bestvalit: 729719.779628 bestmemit:    0.337626   -5.549348    0.484760   -5.457376    0.090611
Iteration: 40 bestvalit: 711888.994107 bestmemit:    0.374825  -17.959151    0.523702   -6.953193    0.125199
Iteration: 45 bestvalit: 711888.994107 bestmemit:    0.374825  -17.959151    0.523702   -6.953193    0.125199
Iteration: 50 bestvalit: 711319.204984 bestmemit:    0.374825  -17.959151    0.523702   -6.906136    0.125199
Iteration: 55 bestvalit: 711319.204984 bestmemit:    0.374825  -17.959151    0.523702   -6.906136    0.125199
Iteration: 60 bestvalit: 711319.204984 bestmemit:    0.374825  -17.959151    0.523702   -6.906136    0.125199
Iteration: 65 bestvalit: 711301.003864 bestmemit:    0.373778  -17.959151    0.523702   -6.906136    0.125199
Iteration: 70 bestvalit: 710119.327275 bestmemit:    0.370423  -25.348671    0.543583   -5.748245    0.090602
Iteration: 75 bestvalit: 710119.327275 bestmemit:    0.370423  -25.348671    0.543583   -5.748245    0.090602
Iteration: 80 bestvalit: 710119.327275 bestmemit:    0.370423  -25.348671    0.543583   -5.748245    0.090602
Iteration: 85 bestvalit: 710119.327275 bestmemit:    0.370423  -25.348671    0.543583   -5.748245    0.090602
Iteration: 90 bestvalit: 709985.242527 bestmemit:    0.365304  -22.449342    0.552813   -5.017126    0.055581
Iteration: 95 bestvalit: 709956.559717 bestmemit:    0.373778  -18.589674    0.534172   -5.807504    0.083132
Iteration: 100 bestvalit: 709925.161090 bestmemit:    0.375359  -18.589674    0.534172   -5.807504    0.083132
Iteration: 105 bestvalit: 709700.302434 bestmemit:    0.369185  -18.907611    0.531706   -6.246981    0.103692
Iteration: 110 bestvalit: 709423.575410 bestmemit:    0.370817  -21.862305    0.535076   -6.214380    0.107690
Iteration: 115 bestvalit: 709423.575410 bestmemit:    0.370817  -21.862305    0.535076   -6.214380    0.107690
Iteration: 120 bestvalit: 709294.152520 bestmemit:    0.376742  -19.394049    0.526780   -6.391839    0.111911
Iteration: 125 bestvalit: 709294.152520 bestmemit:    0.376742  -19.394049    0.526780   -6.391839    0.111911
Iteration: 130 bestvalit: 709294.152520 bestmemit:    0.376742  -19.394049    0.526780   -6.391839    0.111911
Iteration: 135 bestvalit: 709263.340715 bestmemit:    0.369185  -20.721479    0.533030   -6.147565    0.103692
Iteration: 140 bestvalit: 709249.248693 bestmemit:    0.368449  -19.394049    0.526780   -6.391839    0.111911
Iteration: 145 bestvalit: 709152.969248 bestmemit:    0.372113  -20.877996    0.543106   -5.521964    0.075654
Iteration: 150 bestvalit: 709152.969248 bestmemit:    0.372113  -20.877996    0.543106   -5.521964    0.075654
Iteration: 155 bestvalit: 709132.893605 bestmemit:    0.370492  -19.303980    0.526780   -6.391839    0.111911
Iteration: 160 bestvalit: 709122.333736 bestmemit:    0.370448  -19.946210    0.536265   -5.720961    0.083820
Iteration: 165 bestvalit: 709095.515476 bestmemit:    0.369448  -18.384556    0.533710   -5.825838    0.089029
Iteration: 170 bestvalit: 709093.691798 bestmemit:    0.369586  -18.384556    0.533710   -5.825838    0.089029
Iteration: 175 bestvalit: 709093.691798 bestmemit:    0.369586  -18.384556    0.533710   -5.825838    0.089029
Iteration: 180 bestvalit: 709072.369759 bestmemit:    0.370930  -20.821537    0.535599   -5.992635    0.098597
Iteration: 185 bestvalit: 709057.547558 bestmemit:    0.370831  -21.232955    0.537822   -5.924499    0.094776
Iteration: 190 bestvalit: 709040.705654 bestmemit:    0.371063  -20.232741    0.533905   -6.015310    0.097043
Iteration: 195 bestvalit: 709040.705654 bestmemit:    0.371063  -20.232741    0.533905   -6.015310    0.097043
Iteration: 200 bestvalit: 709040.705654 bestmemit:    0.371063  -20.232741    0.533905   -6.015310    0.097043
Iteration: 205 bestvalit: 709022.532778 bestmemit:    0.373220  -20.232741    0.533905   -6.015310    0.097043
Iteration: 210 bestvalit: 709022.532778 bestmemit:    0.373220  -20.232741    0.533905   -6.015310    0.097043
Iteration: 215 bestvalit: 708980.055575 bestmemit:    0.372069  -19.632555    0.531714   -6.014271    0.097424
Iteration: 220 bestvalit: 708980.055575 bestmemit:    0.372069  -19.632555    0.531714   -6.014271    0.097424
Iteration: 225 bestvalit: 708980.055575 bestmemit:    0.372069  -19.632555    0.531714   -6.014271    0.097424
Iteration: 230 bestvalit: 708976.882721 bestmemit:    0.372541  -19.632555    0.531714   -6.014271    0.097424
Iteration: 235 bestvalit: 708976.882721 bestmemit:    0.372541  -19.632555    0.531714   -6.014271    0.097424
Iteration: 240 bestvalit: 708976.882721 bestmemit:    0.372541  -19.632555    0.531714   -6.014271    0.097424
Iteration: 245 bestvalit: 708976.882721 bestmemit:    0.372541  -19.632555    0.531714   -6.014271    0.097424
Iteration: 250 bestvalit: 708969.980874 bestmemit:    0.371974  -20.206105    0.533699   -6.095977    0.101079
Iteration: 255 bestvalit: 708969.980874 bestmemit:    0.371974  -20.206105    0.533699   -6.095977    0.101079
Iteration: 260 bestvalit: 708914.322080 bestmemit:    0.371622  -19.213187    0.531889   -6.014907    0.097084
Iteration: 265 bestvalit: 708911.844523 bestmemit:    0.370994  -19.213187    0.531889   -6.014907    0.097084
Iteration: 270 bestvalit: 708911.844523 bestmemit:    0.370994  -19.213187    0.531889   -6.014907    0.097084
Iteration: 275 bestvalit: 708911.844523 bestmemit:    0.370994  -19.213187    0.531889   -6.014907    0.097084
Iteration: 280 bestvalit: 708911.844523 bestmemit:    0.370994  -19.213187    0.531889   -6.014907    0.097084
Iteration: 285 bestvalit: 708911.844523 bestmemit:    0.370994  -19.213187    0.531889   -6.014907    0.097084
Iteration: 290 bestvalit: 708911.844523 bestmemit:    0.370994  -19.213187    0.531889   -6.014907    0.097084
Iteration: 295 bestvalit: 708911.844523 bestmemit:    0.370994  -19.213187    0.531889   -6.014907    0.097084
Iteration: 300 bestvalit: 708911.844523 bestmemit:    0.370994  -19.213187    0.531889   -6.014907    0.097084
Iteration: 305 bestvalit: 708911.844523 bestmemit:    0.370994  -19.213187    0.531889   -6.014907    0.097084
Iteration: 310 bestvalit: 708911.844523 bestmemit:    0.370994  -19.213187    0.531889   -6.014907    0.097084
Iteration: 315 bestvalit: 708911.844523 bestmemit:    0.370994  -19.213187    0.531889   -6.014907    0.097084
Iteration: 320 bestvalit: 708911.844523 bestmemit:    0.370994  -19.213187    0.531889   -6.014907    0.097084
Iteration: 325 bestvalit: 708911.844523 bestmemit:    0.370994  -19.213187    0.531889   -6.014907    0.097084
Iteration: 330 bestvalit: 708911.844523 bestmemit:    0.370994  -19.213187    0.531889   -6.014907    0.097084
Iteration: 335 bestvalit: 708882.198032 bestmemit:    0.371389  -19.458203    0.531593   -6.092355    0.100737
Iteration: 340 bestvalit: 708877.622676 bestmemit:    0.372424  -19.458203    0.531593   -6.092355    0.100737
Iteration: 345 bestvalit: 708877.622676 bestmemit:    0.372424  -19.458203    0.531593   -6.092355    0.100737
Iteration: 350 bestvalit: 708877.622676 bestmemit:    0.372424  -19.458203    0.531593   -6.092355    0.100737
Iteration: 355 bestvalit: 708877.622676 bestmemit:    0.372424  -19.458203    0.531593   -6.092355    0.100737
Iteration: 360 bestvalit: 708877.622676 bestmemit:    0.372424  -19.458203    0.531593   -6.092355    0.100737
Iteration: 365 bestvalit: 708854.467389 bestmemit:    0.371929  -19.731477    0.535341   -5.873395    0.092115
Iteration: 370 bestvalit: 708854.467389 bestmemit:    0.371929  -19.731477    0.535341   -5.873395    0.092115
Iteration: 375 bestvalit: 708854.467389 bestmemit:    0.371929  -19.731477    0.535341   -5.873395    0.092115
Iteration: 380 bestvalit: 708854.467389 bestmemit:    0.371929  -19.731477    0.535341   -5.873395    0.092115
Iteration: 385 bestvalit: 708854.467389 bestmemit:    0.371929  -19.731477    0.535341   -5.873395    0.092115
Iteration: 390 bestvalit: 708854.467389 bestmemit:    0.371929  -19.731477    0.535341   -5.873395    0.092115
Iteration: 395 bestvalit: 708854.467389 bestmemit:    0.371929  -19.731477    0.535341   -5.873395    0.092115
Iteration: 400 bestvalit: 708854.467389 bestmemit:    0.371929  -19.731477    0.535341   -5.873395    0.092115
Iteration: 405 bestvalit: 708854.467389 bestmemit:    0.371929  -19.731477    0.535341   -5.873395    0.092115
Iteration: 410 bestvalit: 708854.467114 bestmemit:    0.371946  -19.731477    0.535341   -5.873395    0.092115
Iteration: 415 bestvalit: 708854.467114 bestmemit:    0.371946  -19.731477    0.535341   -5.873395    0.092115
Iteration: 420 bestvalit: 708854.467114 bestmemit:    0.371946  -19.731477    0.535341   -5.873395    0.092115
Iteration: 425 bestvalit: 708854.467114 bestmemit:    0.371946  -19.731477    0.535341   -5.873395    0.092115
Iteration: 430 bestvalit: 708854.467114 bestmemit:    0.371946  -19.731477    0.535341   -5.873395    0.092115
Iteration: 435 bestvalit: 708854.467114 bestmemit:    0.371946  -19.731477    0.535341   -5.873395    0.092115
Iteration: 440 bestvalit: 708854.467114 bestmemit:    0.371946  -19.731477    0.535341   -5.873395    0.092115
Iteration: 445 bestvalit: 708854.467114 bestmemit:    0.371946  -19.731477    0.535341   -5.873395    0.092115
Iteration: 450 bestvalit: 708854.467114 bestmemit:    0.371946  -19.731477    0.535341   -5.873395    0.092115
Iteration: 455 bestvalit: 708854.467114 bestmemit:    0.371946  -19.731477    0.535341   -5.873395    0.092115
Iteration: 460 bestvalit: 708854.467114 bestmemit:    0.371946  -19.731477    0.535341   -5.873395    0.092115
Iteration: 465 bestvalit: 708854.467114 bestmemit:    0.371946  -19.731477    0.535341   -5.873395    0.092115
Iteration: 470 bestvalit: 708854.467114 bestmemit:    0.371946  -19.731477    0.535341   -5.873395    0.092115
Iteration: 475 bestvalit: 708854.467114 bestmemit:    0.371946  -19.731477    0.535341   -5.873395    0.092115
Iteration: 480 bestvalit: 708854.467114 bestmemit:    0.371946  -19.731477    0.535341   -5.873395    0.092115
Iteration: 485 bestvalit: 708854.467114 bestmemit:    0.371946  -19.731477    0.535341   -5.873395    0.092115
Iteration: 490 bestvalit: 708854.467114 bestmemit:    0.371946  -19.731477    0.535341   -5.873395    0.092115
Iteration: 495 bestvalit: 708854.467114 bestmemit:    0.371946  -19.731477    0.535341   -5.873395    0.092115
Iteration: 500 bestvalit: 708854.467114 bestmemit:    0.371946  -19.731477    0.535341   -5.873395    0.092115
Iteration: 505 bestvalit: 708854.467114 bestmemit:    0.371946  -19.731477    0.535341   -5.873395    0.092115
Iteration: 510 bestvalit: 708853.252732 bestmemit:    0.373366  -20.014690    0.534814   -5.932632    0.093795
Iteration: 515 bestvalit: 708853.252732 bestmemit:    0.373366  -20.014690    0.534814   -5.932632    0.093795
Iteration: 520 bestvalit: 708853.252732 bestmemit:    0.373366  -20.014690    0.534814   -5.932632    0.093795
Iteration: 525 bestvalit: 708853.252732 bestmemit:    0.373366  -20.014690    0.534814   -5.932632    0.093795
Iteration: 530 bestvalit: 708853.252732 bestmemit:    0.373366  -20.014690    0.534814   -5.932632    0.093795
Iteration: 535 bestvalit: 708853.252732 bestmemit:    0.373366  -20.014690    0.534814   -5.932632    0.093795
Iteration: 540 bestvalit: 708853.252732 bestmemit:    0.373366  -20.014690    0.534814   -5.932632    0.093795
Iteration: 545 bestvalit: 708853.252732 bestmemit:    0.373366  -20.014690    0.534814   -5.932632    0.093795
Iteration: 550 bestvalit: 708853.252732 bestmemit:    0.373366  -20.014690    0.534814   -5.932632    0.093795
Iteration: 555 bestvalit: 708853.252732 bestmemit:    0.373366  -20.014690    0.534814   -5.932632    0.093795
Iteration: 560 bestvalit: 708853.252732 bestmemit:    0.373366  -20.014690    0.534814   -5.932632    0.093795
Iteration: 565 bestvalit: 708853.252732 bestmemit:    0.373366  -20.014690    0.534814   -5.932632    0.093795
Iteration: 570 bestvalit: 708853.252732 bestmemit:    0.373366  -20.014690    0.534814   -5.932632    0.093795
Iteration: 575 bestvalit: 708852.809640 bestmemit:    0.373161  -20.014690    0.534814   -5.932632    0.093795
Iteration: 580 bestvalit: 708852.809640 bestmemit:    0.373161  -20.014690    0.534814   -5.932632    0.093795
Iteration: 585 bestvalit: 708852.809640 bestmemit:    0.373161  -20.014690    0.534814   -5.932632    0.093795
Iteration: 590 bestvalit: 708852.809640 bestmemit:    0.373161  -20.014690    0.534814   -5.932632    0.093795
Iteration: 595 bestvalit: 708852.809640 bestmemit:    0.373161  -20.014690    0.534814   -5.932632    0.093795
Iteration: 600 bestvalit: 708852.809640 bestmemit:    0.373161  -20.014690    0.534814   -5.932632    0.093795
Iteration: 605 bestvalit: 708852.809640 bestmemit:    0.373161  -20.014690    0.534814   -5.932632    0.093795
Iteration: 610 bestvalit: 708852.809640 bestmemit:    0.373161  -20.014690    0.534814   -5.932632    0.093795
Iteration: 615 bestvalit: 708852.809640 bestmemit:    0.373161  -20.014690    0.534814   -5.932632    0.093795
Iteration: 620 bestvalit: 708852.809640 bestmemit:    0.373161  -20.014690    0.534814   -5.932632    0.093795
Iteration: 625 bestvalit: 708852.809640 bestmemit:    0.373161  -20.014690    0.534814   -5.932632    0.093795
Iteration: 630 bestvalit: 708852.809640 bestmemit:    0.373161  -20.014690    0.534814   -5.932632    0.093795
Iteration: 635 bestvalit: 708852.809640 bestmemit:    0.373161  -20.014690    0.534814   -5.932632    0.093795
Iteration: 640 bestvalit: 708852.809640 bestmemit:    0.373161  -20.014690    0.534814   -5.932632    0.093795
Iteration: 645 bestvalit: 708852.809640 bestmemit:    0.373161  -20.014690    0.534814   -5.932632    0.093795
Iteration: 650 bestvalit: 708852.809640 bestmemit:    0.373161  -20.014690    0.534814   -5.932632    0.093795
Iteration: 655 bestvalit: 708852.809640 bestmemit:    0.373161  -20.014690    0.534814   -5.932632    0.093795
Iteration: 660 bestvalit: 708852.809640 bestmemit:    0.373161  -20.014690    0.534814   -5.932632    0.093795
Iteration: 665 bestvalit: 708852.809640 bestmemit:    0.373161  -20.014690    0.534814   -5.932632    0.093795
Iteration: 670 bestvalit: 708852.809640 bestmemit:    0.373161  -20.014690    0.534814   -5.932632    0.093795
Iteration: 675 bestvalit: 708852.809640 bestmemit:    0.373161  -20.014690    0.534814   -5.932632    0.093795
Iteration: 680 bestvalit: 708852.809640 bestmemit:    0.373161  -20.014690    0.534814   -5.932632    0.093795
Iteration: 685 bestvalit: 708852.803041 bestmemit:    0.373150  -20.014690    0.534814   -5.932632    0.093795
Iteration: 690 bestvalit: 708852.803041 bestmemit:    0.373150  -20.014690    0.534814   -5.932632    0.093795
Iteration: 695 bestvalit: 708852.803041 bestmemit:    0.373150  -20.014690    0.534814   -5.932632    0.093795
Iteration: 700 bestvalit: 708852.803041 bestmemit:    0.373150  -20.014690    0.534814   -5.932632    0.093795
Iteration: 705 bestvalit: 708852.803041 bestmemit:    0.373150  -20.014690    0.534814   -5.932632    0.093795
