fit_results/data/globalcity_clean.txt_sd_03191603.log>>> Loading state data: Atlanta <<<
>>> Loading state data: Berlin <<<
>>> Loading state data: Boston <<<
>>> Loading state data: Chicago <<<
>>> Loading state data: Denver <<<
>>> Loading state data: Houston <<<
>>> Loading state data: Los Angeles <<<
>>> Loading state data: Madrid <<<
>>> Loading state data: Miami <<<
>>> Loading state data: Phoenix <<<
>>> Loading state data: Rome <<<
>>> Loading state data: Seattle <<<
>>> Loading state data: St Louis <<<
>>> Loading state data: Toronto <<<
>>> Loading state data: Birmingham <<<
>>> Loading state data: Cologne <<<
>>> Loading state data: Dallas <<<
>>> Loading state data: Hamburg <<<
>>> Loading state data: London <<<
>>> Loading state data: New York <<<
>>> Loading state data: Sacramento <<<
>>> Loading state data: San Diego <<<
>>> Loading state data: San Francisco <<<
>>> Loading state data: Stockholm <<<
>>> Loading state data: Stuttgart <<<
>>> Loading state data: Tucson <<<
>>> Loading state data: Melbourne <<<
>>> Loading state data: Santiago <<<
>>> Loading state data: Delhi <<<
>>> Loading state data: Vancouver <<<
>>> Loading state data: Mexico City <<<
 [1]    0.540    0.400    0.430    0.440    0.460    0.530    0.480    0.570
 [9]    0.540    0.450    0.470    0.440    0.470    0.470    0.400    0.450
[17]    0.530    0.410    0.400    0.450    0.480    0.480    0.490    0.300
[25]    0.450    0.440    0.490    0.540    0.450    0.430    0.550    0.001
[33]    0.800    0.600 -500.000 -500.000    0.000
 [1] 0.660 0.690 0.610 0.610 0.620 0.630 0.600 0.710 0.630 0.620 0.630 0.660
[13] 0.620 0.660 0.690 0.710 0.640 0.710 0.670 0.620 0.630 0.590 0.630 0.720
[25] 0.680 0.610 0.630 0.700 0.600 0.670 0.630 0.001 1.200 1.300 0.000 0.000
[37] 1.000
 [1]    0.5616531    0.5857182    0.5515381    0.5487872    0.5436690
 [6]    0.5326105    0.5999994    0.6127043    0.5435578    0.5752417
[11]    0.5403226    0.6599999    0.6199999    0.5482508    0.6396637
[16]    0.7099759    0.5524150    0.5933308    0.6551963    0.5901898
[21]    0.5353083    0.4977788    0.5328646    0.6337159    0.5756330
[26]    0.5774914    0.4900002    0.5706977    0.5274690    0.5792556
[31]    0.5523559    0.0010000    0.9568725    1.3000000 -499.9944096
[36]  -91.9769067    0.4173210
 [1]    0.5900000    0.5900000    0.5900000    0.5900000    0.5900000
 [6]    0.5900000    0.5900000    0.5900000    0.5900000    0.5900000
[11]    0.5900000    0.5900000    0.5900000    0.5900000    0.5900000
[16]    0.5900000    0.5900000    0.5900000    0.5900000    0.5900000
[21]    0.5900000    0.5900000    0.5900000    0.5900000    0.5900000
[26]    0.5900000    0.5900000    0.5900000    0.5900000    0.5900000
[31]    0.5900000    0.0010000    0.9568725    1.3000000 -499.9944096
[36]  -91.9769067    0.4173210
96 cores seen; limit to 18 cores
 [1]    0.5616531    0.5857182    0.5515381    0.5487872    0.5436690
 [6]    0.5326105    0.5999994    0.6127043    0.5435578    0.5752417
[11]    0.5403226    0.6599999    0.6199999    0.5482508    0.6396637
[16]    0.7099759    0.5524150    0.5933308    0.6551963    0.5901898
[21]    0.5353083    0.4977788    0.5328646    0.6337159    0.5756330
[26]    0.5774914    0.4900002    0.5706977    0.5274690    0.5792556
[31]    0.5523559    0.0010000    0.9568725    1.3000000 -499.9944096
[36]  -91.9769067    0.4173210
>> sd Resamp 1 : 19 12 14 19 13 24 16 30 15 20 8 20 29 10 12 13 24 31 10 11 14 25 31 29 20 28 19 15 9 25 28 
>> Opt param @ resamp: 137399.5 
S=22, K=3, p=0.1303, w0=0.7213, w1=0.7213, c.p=1.193, c.g=1.193
v.max=NA, d=6.083, vectorize=FALSE, hybrid=off
It 5: fitness=266200
It 10: fitness=221700
It 15: fitness=199700
It 20: fitness=199700
It 25: fitness=191400
It 30: fitness=177300
It 35: fitness=172600
It 40: fitness=169000
It 45: fitness=163100
It 50: fitness=160200
It 55: fitness=158200
It 60: fitness=154100
It 65: fitness=153100
It 70: fitness=151600
It 75: fitness=150700
It 80: fitness=148700
It 85: fitness=147400
It 90: fitness=146200
It 95: fitness=144500
It 100: fitness=143000
It 105: fitness=142300
It 110: fitness=141600
It 115: fitness=141300
It 120: fitness=141000
It 125: fitness=140700
It 130: fitness=140400
It 135: fitness=140300
It 140: fitness=140000
It 145: fitness=139900
It 150: fitness=139800
It 155: fitness=139600
It 160: fitness=139600
It 165: fitness=139400
It 170: fitness=139400
It 175: fitness=139200
It 180: fitness=139200
It 185: fitness=139200
It 190: fitness=139100
It 195: fitness=139100
It 200: fitness=139100
It 205: fitness=139100
It 210: fitness=139100
It 215: fitness=139100
It 220: fitness=139100
It 225: fitness=139100
It 230: fitness=139100
It 235: fitness=139100
It 240: fitness=139100
It 245: fitness=139100
It 250: fitness=139100
It 255: fitness=139000
It 260: fitness=139000
It 265: fitness=139000
It 270: fitness=139000
It 275: fitness=139000
It 280: fitness=139000
It 285: fitness=139000
It 290: fitness=139000
It 295: fitness=139000
It 300: fitness=139000
It 305: fitness=139000
It 310: fitness=139000
It 315: fitness=139000
It 320: fitness=139000
It 325: fitness=139000
It 330: fitness=139000
It 335: fitness=139000
It 340: fitness=139000
It 345: fitness=139000
It 350: fitness=139000
It 355: fitness=139000
It 360: fitness=139000
It 365: fitness=139000
It 370: fitness=139000
It 375: fitness=139000
It 380: fitness=139000
It 385: fitness=139000
It 390: fitness=139000
It 395: fitness=139000
It 400: fitness=139000
It 405: fitness=139000
It 410: fitness=139000
It 415: fitness=139000
It 420: fitness=139000
It 425: fitness=139000
It 430: fitness=139000
It 435: fitness=139000
It 440: fitness=139000
It 445: fitness=139000
It 450: fitness=139000
It 455: fitness=139000
It 460: fitness=139000
It 465: fitness=139000
It 470: fitness=139000
It 475: fitness=139000
It 480: fitness=139000
It 485: fitness=139000
It 490: fitness=139000
It 495: fitness=139000
It 500: fitness=139000
It 505: fitness=139000
It 510: fitness=139000
It 515: fitness=139000
It 520: fitness=139000
It 525: fitness=139000
It 530: fitness=139000
It 535: fitness=139000
It 540: fitness=139000
It 545: fitness=139000
It 550: fitness=139000
It 555: fitness=139000
It 560: fitness=139000
It 565: fitness=139000
It 570: fitness=139000
It 575: fitness=139000
It 580: fitness=139000
It 585: fitness=139000
It 590: fitness=139000
It 595: fitness=139000
It 600: fitness=139000
It 605: fitness=139000
It 610: fitness=139000
It 615: fitness=139000
It 620: fitness=139000
It 625: fitness=139000
It 630: fitness=139000
It 635: fitness=139000
It 640: fitness=139000
It 645: fitness=139000
It 650: fitness=139000
It 655: fitness=139000
It 660: fitness=139000
It 665: fitness=139000
It 670: fitness=139000
It 675: fitness=139000
It 680: fitness=139000
It 685: fitness=139000
It 690: fitness=139000
It 695: fitness=139000
It 700: fitness=139000
It 705: fitness=139000
It 710: fitness=139000
It 715: fitness=139000
It 720: fitness=139000
It 725: fitness=139000
It 730: fitness=139000
It 735: fitness=139000
It 740: fitness=139000
It 745: fitness=139000
It 750: fitness=139000
It 755: fitness=139000
It 760: fitness=139000
It 765: fitness=139000
It 770: fitness=139000
It 775: fitness=139000
It 780: fitness=139000
It 785: fitness=139000
It 790: fitness=139000
It 795: fitness=139000
It 800: fitness=139000
It 805: fitness=139000
It 810: fitness=139000
It 815: fitness=139000
It 820: fitness=139000
It 825: fitness=139000
It 830: fitness=139000
It 835: fitness=139000
It 840: fitness=139000
It 845: fitness=139000
It 850: fitness=139000
It 855: fitness=139000
It 860: fitness=139000
It 865: fitness=139000
It 870: fitness=139000
It 875: fitness=139000
It 880: fitness=139000
It 885: fitness=139000
It 890: fitness=139000
It 895: fitness=139000
It 900: fitness=139000
It 905: fitness=139000
It 910: fitness=139000
It 915: fitness=139000
It 920: fitness=139000
It 925: fitness=139000
It 930: fitness=139000
It 935: fitness=139000
It 940: fitness=139000
It 945: fitness=139000
It 950: fitness=139000
It 955: fitness=139000
It 960: fitness=139000
It 965: fitness=139000
It 970: fitness=139000
It 975: fitness=139000
It 980: fitness=139000
It 985: fitness=139000
It 990: fitness=139000
It 995: fitness=139000
It 1000: fitness=139000
It 1005: fitness=139000
It 1010: fitness=139000
It 1015: fitness=139000
It 1020: fitness=139000
It 1025: fitness=139000
It 1030: fitness=139000
It 1035: fitness=139000
It 1040: fitness=139000
It 1045: fitness=139000
It 1050: fitness=139000
Maximal number of iterations without improvement reached
>> Resamp_Iter 1 negLL: 139026.3 (ref:  137399.5 )
>> Resamp_params: 0.6363262 0.6356638 0.5279333 0.5811828 0.6160412 0.5347207 0.4811465 0.6113074 0.5403129 0.5703886 0.5386972 0.4402624 0.6199996 0.547548 0.6395241 0.582345 0.5616051 0.441103 0.6563012 0.5897081 0.5011178 0.4803575 0.4920626 0.6279784 0.5748678 0.5418124 0.6092372 0.5664724 0.5252001 0.5787282 0.5500977 0.001 0.9402602 1.299999 -404.5234 -90.54561 0.4167057 
 [1]    0.5616531    0.5857182    0.5515381    0.5487872    0.5436690
 [6]    0.5326105    0.5999994    0.6127043    0.5435578    0.5752417
[11]    0.5403226    0.6599999    0.6199999    0.5482508    0.6396637
[16]    0.7099759    0.5524150    0.5933308    0.6551963    0.5901898
[21]    0.5353083    0.4977788    0.5328646    0.6337159    0.5756330
[26]    0.5774914    0.4900002    0.5706977    0.5274690    0.5792556
[31]    0.5523559    0.0010000    0.9568725    1.3000000 -499.9944096
[36]  -91.9769067    0.4173210
>> sd Resamp 2 : 9 7 13 6 27 7 30 29 19 31 20 17 10 15 8 8 4 26 22 21 7 19 7 5 13 23 25 12 30 18 25 
>> Opt param @ resamp: 99129.72 
S=22, K=3, p=0.1303, w0=0.7213, w1=0.7213, c.p=1.193, c.g=1.193
v.max=NA, d=6.083, vectorize=FALSE, hybrid=off
It 5: fitness=231100
It 10: fitness=186600
It 15: fitness=168900
It 20: fitness=155500
It 25: fitness=143900
It 30: fitness=129700
It 35: fitness=121200
It 40: fitness=117000
It 45: fitness=116500
It 50: fitness=115200
It 55: fitness=114400
It 60: fitness=112900
It 65: fitness=112500
It 70: fitness=111300
It 75: fitness=111000
It 80: fitness=111000
It 85: fitness=110100
It 90: fitness=109500
It 95: fitness=108800
It 100: fitness=107900
It 105: fitness=107600
It 110: fitness=106500
It 115: fitness=106300
It 120: fitness=105500
It 125: fitness=105300
It 130: fitness=104600
It 135: fitness=104600
It 140: fitness=103500
It 145: fitness=103000
It 150: fitness=102900
It 155: fitness=101900
It 160: fitness=101300
It 165: fitness=100400
It 170: fitness=99710
It 175: fitness=99400
It 180: fitness=99060
It 185: fitness=99030
It 190: fitness=98470
It 195: fitness=98400
It 200: fitness=97950
It 205: fitness=97850
It 210: fitness=97560
It 215: fitness=97400
It 220: fitness=97350
It 225: fitness=97230
It 230: fitness=97060
It 235: fitness=96960
It 240: fitness=96900
It 245: fitness=96800
It 250: fitness=96730
It 255: fitness=96690
It 260: fitness=96620
It 265: fitness=96620
It 270: fitness=96600
It 275: fitness=96590
It 280: fitness=96560
It 285: fitness=96520
It 290: fitness=96500
It 295: fitness=96480
It 300: fitness=96470
It 305: fitness=96450
It 310: fitness=96420
It 315: fitness=96410
It 320: fitness=96390
It 325: fitness=96390
It 330: fitness=96370
It 335: fitness=96370
It 340: fitness=96350
It 345: fitness=96350
It 350: fitness=96300
It 355: fitness=96290
It 360: fitness=96280
It 365: fitness=96270
It 370: fitness=96270
It 375: fitness=96260
It 380: fitness=96260
It 385: fitness=96260
It 390: fitness=96260
It 395: fitness=96250
It 400: fitness=96250
It 405: fitness=96250
It 410: fitness=96240
It 415: fitness=96240
It 420: fitness=96240
It 425: fitness=96240
It 430: fitness=96240
It 435: fitness=96230
It 440: fitness=96230
It 445: fitness=96230
It 450: fitness=96230
It 455: fitness=96230
It 460: fitness=96230
It 465: fitness=96230
It 470: fitness=96230
It 475: fitness=96230
It 480: fitness=96230
It 485: fitness=96220
It 490: fitness=96220
It 495: fitness=96220
It 500: fitness=96220
It 505: fitness=96220
It 510: fitness=96220
It 515: fitness=96220
It 520: fitness=96220
It 525: fitness=96220
It 530: fitness=96220
It 535: fitness=96220
It 540: fitness=96220
It 545: fitness=96220
It 550: fitness=96220
It 555: fitness=96220
It 560: fitness=96220
It 565: fitness=96220
It 570: fitness=96220
It 575: fitness=96220
It 580: fitness=96220
It 585: fitness=96220
It 590: fitness=96220
It 595: fitness=96220
It 600: fitness=96220
It 605: fitness=96210
It 610: fitness=96210
It 615: fitness=96210
It 620: fitness=96210
It 625: fitness=96210
It 630: fitness=96210
It 635: fitness=96210
It 640: fitness=96210
It 645: fitness=96210
It 650: fitness=96210
It 655: fitness=96210
It 660: fitness=96210
It 665: fitness=96210
It 670: fitness=96210
It 675: fitness=96210
It 680: fitness=96210
It 685: fitness=96210
It 690: fitness=96210
It 695: fitness=96210
It 700: fitness=96210
It 705: fitness=96210
It 710: fitness=96210
It 715: fitness=96210
It 720: fitness=96210
It 725: fitness=96210
It 730: fitness=96210
It 735: fitness=96210
It 740: fitness=96210
It 745: fitness=96210
It 750: fitness=96210
It 755: fitness=96210
It 760: fitness=96210
It 765: fitness=96210
It 770: fitness=96210
It 775: fitness=96210
It 780: fitness=96210
It 785: fitness=96210
It 790: fitness=96210
It 795: fitness=96210
It 800: fitness=96210
It 805: fitness=96210
It 810: fitness=96210
It 815: fitness=96210
It 820: fitness=96210
It 825: fitness=96210
It 830: fitness=96210
It 835: fitness=96210
It 840: fitness=96210
It 845: fitness=96210
It 850: fitness=96210
It 855: fitness=96210
It 860: fitness=96210
It 865: fitness=96210
It 870: fitness=96210
It 875: fitness=96210
It 880: fitness=96210
It 885: fitness=96210
It 890: fitness=96210
It 895: fitness=96210
It 900: fitness=96210
It 905: fitness=96210
It 910: fitness=96210
It 915: fitness=96210
It 920: fitness=96210
It 925: fitness=96210
It 930: fitness=96210
It 935: fitness=96210
It 940: fitness=96210
It 945: fitness=96210
It 950: fitness=96210
It 955: fitness=96210
It 960: fitness=96210
It 965: fitness=96210
It 970: fitness=96210
It 975: fitness=96210
It 980: fitness=96210
It 985: fitness=96210
It 990: fitness=96210
It 995: fitness=96210
It 1000: fitness=96210
It 1005: fitness=96210
It 1010: fitness=96210
It 1015: fitness=96210
It 1020: fitness=96210
It 1025: fitness=96210
It 1030: fitness=96210
It 1035: fitness=96210
It 1040: fitness=96210
It 1045: fitness=96210
It 1050: fitness=96210
It 1055: fitness=96210
It 1060: fitness=96210
It 1065: fitness=96210
It 1070: fitness=96210
It 1075: fitness=96210
It 1080: fitness=96210
It 1085: fitness=96210
It 1090: fitness=96210
It 1095: fitness=96210
It 1100: fitness=96210
It 1105: fitness=96210
It 1110: fitness=96210
It 1115: fitness=96210
It 1120: fitness=96210
It 1125: fitness=96210
It 1130: fitness=96210
It 1135: fitness=96210
It 1140: fitness=96210
It 1145: fitness=96210
It 1150: fitness=96210
It 1155: fitness=96210
It 1160: fitness=96210
It 1165: fitness=96210
It 1170: fitness=96210
It 1175: fitness=96210
It 1180: fitness=96210
It 1185: fitness=96210
It 1190: fitness=96210
It 1195: fitness=96210
It 1200: fitness=96210
It 1205: fitness=96210
It 1210: fitness=96210
It 1215: fitness=96210
It 1220: fitness=96210
It 1225: fitness=96210
It 1230: fitness=96210
It 1235: fitness=96210
It 1240: fitness=96210
It 1245: fitness=96210
It 1250: fitness=96210
It 1255: fitness=96210
It 1260: fitness=96210
It 1265: fitness=96210
It 1270: fitness=96210
It 1275: fitness=96210
It 1280: fitness=96210
It 1285: fitness=96210
It 1290: fitness=96210
It 1295: fitness=96210
It 1300: fitness=96210
It 1305: fitness=96210
It 1310: fitness=96210
It 1315: fitness=96210
It 1320: fitness=96210
It 1325: fitness=96210
It 1330: fitness=96210
It 1335: fitness=96210
It 1340: fitness=96210
It 1345: fitness=96210
It 1350: fitness=96210
It 1355: fitness=96210
It 1360: fitness=96210
It 1365: fitness=96210
It 1370: fitness=96210
It 1375: fitness=96210
It 1380: fitness=96210
It 1385: fitness=96210
It 1390: fitness=96210
It 1395: fitness=96210
It 1400: fitness=96210
It 1405: fitness=96210
It 1410: fitness=96210
It 1415: fitness=96210
It 1420: fitness=96210
It 1425: fitness=96210
It 1430: fitness=96210
It 1435: fitness=96210
It 1440: fitness=96210
It 1445: fitness=96210
It 1450: fitness=96210
It 1455: fitness=96210
It 1460: fitness=96210
It 1465: fitness=96210
It 1470: fitness=96210
It 1475: fitness=96210
It 1480: fitness=96210
It 1485: fitness=96210
It 1490: fitness=96210
It 1495: fitness=96210
It 1500: fitness=96210
It 1505: fitness=96210
It 1510: fitness=96210
It 1515: fitness=96210
It 1520: fitness=96210
It 1525: fitness=96210
It 1530: fitness=96210
It 1535: fitness=96210
It 1540: fitness=96210
It 1545: fitness=96210
It 1550: fitness=96210
It 1555: fitness=96210
It 1560: fitness=96210
It 1565: fitness=96210
It 1570: fitness=96210
It 1575: fitness=96210
It 1580: fitness=96210
It 1585: fitness=96210
It 1590: fitness=96210
It 1595: fitness=96210
It 1600: fitness=96210
It 1605: fitness=96210
It 1610: fitness=96210
It 1615: fitness=96210
It 1620: fitness=96210
It 1625: fitness=96210
It 1630: fitness=96210
It 1635: fitness=96210
It 1640: fitness=96210
It 1645: fitness=96210
It 1650: fitness=96210
It 1655: fitness=96210
It 1660: fitness=96210
It 1665: fitness=96210
It 1670: fitness=96210
It 1675: fitness=96210
It 1680: fitness=96210
It 1685: fitness=96210
It 1690: fitness=96210
It 1695: fitness=96210
It 1700: fitness=96210
It 1705: fitness=96210
It 1710: fitness=96210
It 1715: fitness=96210
It 1720: fitness=96210
It 1725: fitness=96210
It 1730: fitness=96210
It 1735: fitness=96210
It 1740: fitness=96210
It 1745: fitness=96210
It 1750: fitness=96210
It 1755: fitness=96210
It 1760: fitness=96210
It 1765: fitness=96210
It 1770: fitness=96210
It 1775: fitness=96210
It 1780: fitness=96210
It 1785: fitness=96210
It 1790: fitness=96210
It 1795: fitness=96210
It 1800: fitness=96210
It 1805: fitness=96210
It 1810: fitness=96210
It 1815: fitness=96210
It 1820: fitness=96210
It 1825: fitness=96210
It 1830: fitness=96210
It 1835: fitness=96210
It 1840: fitness=96210
It 1845: fitness=96210
It 1850: fitness=96210
It 1855: fitness=96210
It 1860: fitness=96210
It 1865: fitness=96210
It 1870: fitness=96210
It 1875: fitness=96210
It 1880: fitness=96210
Maximal number of iterations without improvement reached
>> Resamp_Iter 2 negLL: 96210.47 (ref:  99129.72 )
>> Resamp_params: 0.5789399 0.4014069 0.4999272 0.5490645 0.543628 0.5318784 0.5999987 0.609958 0.5440999 0.5774774 0.5397137 0.6599986 0.5481396 0.4726455 0.6425394 0.7032905 0.5524809 0.588106 0.6605857 0.58928 0.5343782 0.4973627 0.5311963 0.3317496 0.5725376 0.5800146 0.4900003 0.571447 0.5266944 0.5764541 0.5527502 0.001 0.978206 1.232702 -498.551 -93.11207 0.4136522 
 [1]    0.5616531    0.5857182    0.5515381    0.5487872    0.5436690
 [6]    0.5326105    0.5999994    0.6127043    0.5435578    0.5752417
[11]    0.5403226    0.6599999    0.6199999    0.5482508    0.6396637
[16]    0.7099759    0.5524150    0.5933308    0.6551963    0.5901898
[21]    0.5353083    0.4977788    0.5328646    0.6337159    0.5756330
[26]    0.5774914    0.4900002    0.5706977    0.5274690    0.5792556
[31]    0.5523559    0.0010000    0.9568725    1.3000000 -499.9944096
[36]  -91.9769067    0.4173210
>> sd Resamp 3 : 11 4 4 21 16 3 8 30 6 13 6 7 2 2 26 6 28 11 20 16 29 3 12 3 20 2 31 6 11 19 22 
>> Opt param @ resamp: 98831.63 
S=22, K=3, p=0.1303, w0=0.7213, w1=0.7213, c.p=1.193, c.g=1.193
v.max=NA, d=6.083, vectorize=FALSE, hybrid=off
It 5: fitness=191500
It 10: fitness=185300
It 15: fitness=174400
It 20: fitness=154000
It 25: fitness=149600
It 30: fitness=141700
It 35: fitness=137600
It 40: fitness=133400
It 45: fitness=131900
It 50: fitness=130300
It 55: fitness=124900
It 60: fitness=117400
It 65: fitness=116300
It 70: fitness=112200
It 75: fitness=106500
It 80: fitness=106200
It 85: fitness=104400
It 90: fitness=103200
It 95: fitness=103100
It 100: fitness=102500
It 105: fitness=101100
It 110: fitness=100800
It 115: fitness=100300
It 120: fitness=1e+05
It 125: fitness=99400
It 130: fitness=98740
It 135: fitness=98700
It 140: fitness=98590
It 145: fitness=98330
It 150: fitness=98200
It 155: fitness=98120
It 160: fitness=98120
It 165: fitness=98070
It 170: fitness=98050
It 175: fitness=98020
It 180: fitness=98000
It 185: fitness=97980
It 190: fitness=97920
It 195: fitness=97380
It 200: fitness=97280
It 205: fitness=97210
It 210: fitness=97160
It 215: fitness=97160
It 220: fitness=97160
It 225: fitness=97150
It 230: fitness=97150
It 235: fitness=97140
It 240: fitness=97140
It 245: fitness=97130
It 250: fitness=97120
It 255: fitness=97110
It 260: fitness=97110
It 265: fitness=97100
It 270: fitness=97090
It 275: fitness=97090
It 280: fitness=97080
It 285: fitness=97080
It 290: fitness=97080
It 295: fitness=97080
It 300: fitness=97070
It 305: fitness=97070
It 310: fitness=97070
It 315: fitness=97060
It 320: fitness=97060
It 325: fitness=97060
It 330: fitness=97060
It 335: fitness=97060
It 340: fitness=97060
It 345: fitness=97060
It 350: fitness=97060
It 355: fitness=97060
It 360: fitness=97060
It 365: fitness=97060
It 370: fitness=97060
It 375: fitness=97060
It 380: fitness=97060
It 385: fitness=97060
It 390: fitness=97060
It 395: fitness=97060
It 400: fitness=97060
It 405: fitness=97060
It 410: fitness=97060
It 415: fitness=97060
It 420: fitness=97060
It 425: fitness=97060
It 430: fitness=97060
It 435: fitness=97060
It 440: fitness=97060
It 445: fitness=97060
It 450: fitness=97060
It 455: fitness=97060
It 460: fitness=97060
It 465: fitness=97060
It 470: fitness=97060
It 475: fitness=97060
It 480: fitness=97060
It 485: fitness=97060
It 490: fitness=97060
It 495: fitness=97060
It 500: fitness=97060
It 505: fitness=97060
It 510: fitness=97060
It 515: fitness=97060
It 520: fitness=97060
It 525: fitness=97060
It 530: fitness=97060
It 535: fitness=97060
It 540: fitness=97060
It 545: fitness=97060
It 550: fitness=97060
It 555: fitness=97060
It 560: fitness=97060
It 565: fitness=97060
It 570: fitness=97060
It 575: fitness=97060
It 580: fitness=97060
It 585: fitness=97060
It 590: fitness=97060
It 595: fitness=97060
It 600: fitness=97060
It 605: fitness=97060
It 610: fitness=97060
It 615: fitness=97060
It 620: fitness=97060
It 625: fitness=97060
It 630: fitness=97060
It 635: fitness=97060
It 640: fitness=97060
It 645: fitness=97060
It 650: fitness=97060
It 655: fitness=97060
It 660: fitness=97060
It 665: fitness=97060
It 670: fitness=97060
It 675: fitness=97060
It 680: fitness=97060
It 685: fitness=97060
It 690: fitness=97060
It 695: fitness=97060
It 700: fitness=97060
It 705: fitness=97060
It 710: fitness=97060
It 715: fitness=97060
It 720: fitness=97060
It 725: fitness=97060
It 730: fitness=97060
It 735: fitness=97060
It 740: fitness=97060
It 745: fitness=97060
It 750: fitness=97060
It 755: fitness=97060
It 760: fitness=97060
It 765: fitness=97060
It 770: fitness=97060
It 775: fitness=97060
It 780: fitness=97060
It 785: fitness=97060
It 790: fitness=97060
It 795: fitness=97060
Maximal number of iterations without improvement reached
>> Resamp_Iter 3 negLL: 97062.53 (ref:  98831.63 )
>> Resamp_params: 0.5909575 0.5820387 0.5501731 0.5469029 0.4614741 0.5300035 0.5999998 0.6092452 0.6260951 0.5590218 0.5367548 0.6599999 0.5451365 0.4840197 0.6121579 0.5795257 0.5857712 0.4105896 0.6576314 0.5913659 0.5318188 0.4941825 0.4927538 0.5333365 0.6763587 0.5757053 0.6135875 0.5671267 0.5278568 0.5761429 0.55001 0.001 0.9499043 1.299997 -434.7428 -88.4026 0.4177697 
 [1]    0.5616531    0.5857182    0.5515381    0.5487872    0.5436690
 [6]    0.5326105    0.5999994    0.6127043    0.5435578    0.5752417
[11]    0.5403226    0.6599999    0.6199999    0.5482508    0.6396637
[16]    0.7099759    0.5524150    0.5933308    0.6551963    0.5901898
[21]    0.5353083    0.4977788    0.5328646    0.6337159    0.5756330
[26]    0.5774914    0.4900002    0.5706977    0.5274690    0.5792556
[31]    0.5523559    0.0010000    0.9568725    1.3000000 -499.9944096
[36]  -91.9769067    0.4173210
>> sd Resamp 4 : 19 22 20 26 8 4 2 6 7 5 2 7 27 22 22 14 5 9 27 15 17 21 15 10 9 30 17 1 3 25 7 
>> Opt param @ resamp: 87580.26 
S=22, K=3, p=0.1303, w0=0.7213, w1=0.7213, c.p=1.193, c.g=1.193
v.max=NA, d=6.083, vectorize=FALSE, hybrid=off
It 5: fitness=182500
It 10: fitness=153000
It 15: fitness=137400
It 20: fitness=131500
It 25: fitness=126100
It 30: fitness=122500
It 35: fitness=120500
It 40: fitness=117400
It 45: fitness=112600
It 50: fitness=112100
It 55: fitness=111600
It 60: fitness=108000
It 65: fitness=106400
It 70: fitness=104900
It 75: fitness=104700
It 80: fitness=103900
It 85: fitness=102700
It 90: fitness=102500
It 95: fitness=102100
It 100: fitness=101800
It 105: fitness=101500
It 110: fitness=100700
It 115: fitness=100200
It 120: fitness=99650
It 125: fitness=99650
It 130: fitness=99250
It 135: fitness=99050
It 140: fitness=98960
It 145: fitness=98200
It 150: fitness=97840
It 155: fitness=97650
It 160: fitness=97600
It 165: fitness=97530
It 170: fitness=97430
It 175: fitness=97350
It 180: fitness=97320
It 185: fitness=97270
It 190: fitness=97180
It 195: fitness=97100
It 200: fitness=96940
It 205: fitness=96080
It 210: fitness=94750
It 215: fitness=94480
It 220: fitness=94420
It 225: fitness=94330
It 230: fitness=94200
It 235: fitness=94170
It 240: fitness=94020
It 245: fitness=93980
It 250: fitness=93980
It 255: fitness=93920
It 260: fitness=93910
It 265: fitness=93880
It 270: fitness=93860
It 275: fitness=93790
It 280: fitness=93770
It 285: fitness=93710
It 290: fitness=93680
It 295: fitness=93680
It 300: fitness=93640
It 305: fitness=93620
It 310: fitness=93610
It 315: fitness=93580
It 320: fitness=93560
It 325: fitness=93530
It 330: fitness=93520
It 335: fitness=93510
It 340: fitness=93510
It 345: fitness=93500
It 350: fitness=93490
It 355: fitness=93480
It 360: fitness=93470
It 365: fitness=93470
It 370: fitness=93470
It 375: fitness=93470
It 380: fitness=93460
It 385: fitness=93460
It 390: fitness=93460
It 395: fitness=93460
It 400: fitness=93460
It 405: fitness=93460
It 410: fitness=93450
It 415: fitness=93450
It 420: fitness=93450
It 425: fitness=93450
It 430: fitness=93450
It 435: fitness=93450
It 440: fitness=93450
It 445: fitness=93450
It 450: fitness=93450
It 455: fitness=93450
It 460: fitness=93450
It 465: fitness=93450
It 470: fitness=93450
It 475: fitness=93450
It 480: fitness=93450
It 485: fitness=93450
It 490: fitness=93450
It 495: fitness=93450
It 500: fitness=93450
It 505: fitness=93440
It 510: fitness=93440
It 515: fitness=93440
It 520: fitness=93440
It 525: fitness=93440
It 530: fitness=93440
It 535: fitness=93440
It 540: fitness=93440
It 545: fitness=93440
It 550: fitness=93440
It 555: fitness=93440
It 560: fitness=93440
It 565: fitness=93440
It 570: fitness=93440
It 575: fitness=93440
It 580: fitness=93440
It 585: fitness=93440
It 590: fitness=93440
It 595: fitness=93440
It 600: fitness=93440
It 605: fitness=93440
It 610: fitness=93440
It 615: fitness=93440
It 620: fitness=93440
It 625: fitness=93440
It 630: fitness=93440
It 635: fitness=93440
It 640: fitness=93440
It 645: fitness=93440
It 650: fitness=93440
It 655: fitness=93440
It 660: fitness=93440
It 665: fitness=93440
It 670: fitness=93440
It 675: fitness=93440
It 680: fitness=93440
It 685: fitness=93440
It 690: fitness=93440
It 695: fitness=93440
It 700: fitness=93440
It 705: fitness=93440
It 710: fitness=93440
It 715: fitness=93440
It 720: fitness=93440
It 725: fitness=93440
It 730: fitness=93440
It 735: fitness=93440
It 740: fitness=93440
It 745: fitness=93440
It 750: fitness=93440
It 755: fitness=93440
It 760: fitness=93440
It 765: fitness=93440
It 770: fitness=93440
It 775: fitness=93440
It 780: fitness=93440
It 785: fitness=93440
It 790: fitness=93440
It 795: fitness=93440
It 800: fitness=93440
It 805: fitness=93440
It 810: fitness=93440
It 815: fitness=93440
It 820: fitness=93440
It 825: fitness=93440
It 830: fitness=93440
It 835: fitness=93440
It 840: fitness=93440
It 845: fitness=93440
It 850: fitness=93440
It 855: fitness=93440
It 860: fitness=93440
It 865: fitness=93440
It 870: fitness=93440
It 875: fitness=93440
It 880: fitness=93440
It 885: fitness=93440
It 890: fitness=93440
It 895: fitness=93440
It 900: fitness=93440
It 905: fitness=93440
It 910: fitness=93440
It 915: fitness=93440
It 920: fitness=93440
Maximal number of iterations without improvement reached
>> Resamp_Iter 4 negLL: 93443.04 (ref:  87580.26 )
>> Resamp_params: 0.6599998 0.5926211 0.5579973 0.5565925 0.5535786 0.537768 0.585452 0.6138229 0.5552001 0.5890695 0.4700813 0.616993 0.4745593 0.5476693 0.6404716 0.4510744 0.6399999 0.4121041 0.6699993 0.5889768 0.5412296 0.5899998 0.6296585 0.3562842 0.5817809 0.5847274 0.4900007 0.7 0.5045206 0.5854024 0.619068 0.001 0.9853118 1.028599 -499.9848 -55.62493 0.376932 
 [1]    0.5616531    0.5857182    0.5515381    0.5487872    0.5436690
 [6]    0.5326105    0.5999994    0.6127043    0.5435578    0.5752417
[11]    0.5403226    0.6599999    0.6199999    0.5482508    0.6396637
[16]    0.7099759    0.5524150    0.5933308    0.6551963    0.5901898
[21]    0.5353083    0.4977788    0.5328646    0.6337159    0.5756330
[26]    0.5774914    0.4900002    0.5706977    0.5274690    0.5792556
[31]    0.5523559    0.0010000    0.9568725    1.3000000 -499.9944096
[36]  -91.9769067    0.4173210
>> sd Resamp 5 : 22 20 7 17 15 2 13 3 26 12 2 16 22 22 13 5 12 23 20 8 17 11 26 13 21 21 12 13 2 11 22 
>> Opt param @ resamp: 83638.6 
S=22, K=3, p=0.1303, w0=0.7213, w1=0.7213, c.p=1.193, c.g=1.193
v.max=NA, d=6.083, vectorize=FALSE, hybrid=off
It 5: fitness=156600
It 10: fitness=144200
It 15: fitness=144100
It 20: fitness=137800
It 25: fitness=136200
It 30: fitness=136200
It 35: fitness=134400
It 40: fitness=127500
It 45: fitness=124700
It 50: fitness=122600
It 55: fitness=119400
It 60: fitness=119400
It 65: fitness=112900
It 70: fitness=105100
It 75: fitness=105100
It 80: fitness=101400
It 85: fitness=101100
It 90: fitness=100600
It 95: fitness=99380
It 100: fitness=98040
It 105: fitness=93060
It 110: fitness=91510
It 115: fitness=88420
It 120: fitness=86360
It 125: fitness=85460
It 130: fitness=84100
It 135: fitness=84090
It 140: fitness=82700
It 145: fitness=81770
It 150: fitness=80200
It 155: fitness=80140
It 160: fitness=79780
It 165: fitness=79340
It 170: fitness=78930
It 175: fitness=78810
It 180: fitness=78660
It 185: fitness=78610
It 190: fitness=78560
It 195: fitness=78530
It 200: fitness=78460
It 205: fitness=78340
It 210: fitness=78300
It 215: fitness=78290
It 220: fitness=78280
It 225: fitness=78230
It 230: fitness=78210
It 235: fitness=78190
It 240: fitness=78170
It 245: fitness=78140
It 250: fitness=78140
It 255: fitness=78120
It 260: fitness=78120
It 265: fitness=78110
It 270: fitness=78090
It 275: fitness=78090
It 280: fitness=78080
It 285: fitness=78080
It 290: fitness=78080
It 295: fitness=78070
It 300: fitness=78060
It 305: fitness=78060
It 310: fitness=78060
It 315: fitness=78050
It 320: fitness=78050
It 325: fitness=78050
It 330: fitness=78050
It 335: fitness=78050
It 340: fitness=78050
It 345: fitness=78050
It 350: fitness=78040
It 355: fitness=78040
It 360: fitness=78040
It 365: fitness=78040
It 370: fitness=78040
It 375: fitness=78040
It 380: fitness=78040
It 385: fitness=78040
It 390: fitness=78040
It 395: fitness=78040
It 400: fitness=78040
It 405: fitness=78040
It 410: fitness=78040
It 415: fitness=78040
It 420: fitness=78040
It 425: fitness=78040
It 430: fitness=78040
It 435: fitness=78040
It 440: fitness=78040
It 445: fitness=78040
It 450: fitness=78040
It 455: fitness=78040
It 460: fitness=78040
It 465: fitness=78040
It 470: fitness=78040
It 475: fitness=78040
It 480: fitness=78040
It 485: fitness=78040
It 490: fitness=78040
It 495: fitness=78040
It 500: fitness=78040
It 505: fitness=78040
It 510: fitness=78040
It 515: fitness=78040
It 520: fitness=78040
It 525: fitness=78040
It 530: fitness=78040
It 535: fitness=78040
It 540: fitness=78040
It 545: fitness=78040
It 550: fitness=78040
It 555: fitness=78040
It 560: fitness=78040
It 565: fitness=78040
It 570: fitness=78040
It 575: fitness=78040
It 580: fitness=78040
It 585: fitness=78040
It 590: fitness=78040
It 595: fitness=78040
It 600: fitness=78040
It 605: fitness=78040
It 610: fitness=78040
It 615: fitness=78040
It 620: fitness=78040
It 625: fitness=78040
It 630: fitness=78040
It 635: fitness=78040
It 640: fitness=78040
It 645: fitness=78040
It 650: fitness=78040
It 655: fitness=78040
It 660: fitness=78040
It 665: fitness=78040
It 670: fitness=78040
It 675: fitness=78040
It 680: fitness=78040
It 685: fitness=78040
It 690: fitness=78040
It 695: fitness=78040
It 700: fitness=78040
It 705: fitness=78040
It 710: fitness=78040
It 715: fitness=78040
It 720: fitness=78040
It 725: fitness=78040
It 730: fitness=78040
It 735: fitness=78040
It 740: fitness=78040
It 745: fitness=78040
It 750: fitness=78040
It 755: fitness=78040
It 760: fitness=78040
It 765: fitness=78040
It 770: fitness=78040
It 775: fitness=78040
It 780: fitness=78040
It 785: fitness=78040
It 790: fitness=78040
It 795: fitness=78040
It 800: fitness=78040
It 805: fitness=78040
It 810: fitness=78040
It 815: fitness=78040
It 820: fitness=78040
It 825: fitness=78040
It 830: fitness=78040
It 835: fitness=78040
It 840: fitness=78040
It 845: fitness=78040
It 850: fitness=78040
It 855: fitness=78040
It 860: fitness=78040
It 865: fitness=78040
It 870: fitness=78040
It 875: fitness=78040
It 880: fitness=78040
It 885: fitness=78040
It 890: fitness=78040
It 895: fitness=78040
It 900: fitness=78040
It 905: fitness=78040
It 910: fitness=78040
It 915: fitness=78040
It 920: fitness=78040
It 925: fitness=78040
It 930: fitness=78040
It 935: fitness=78040
It 940: fitness=78040
It 945: fitness=78040
It 950: fitness=78040
It 955: fitness=78040
It 960: fitness=78040
It 965: fitness=78040
It 970: fitness=78040
It 975: fitness=78040
It 980: fitness=78040
It 985: fitness=78040
It 990: fitness=78040
It 995: fitness=78040
It 1000: fitness=78040
Maximal number of iterations without improvement reached
>> Resamp_Iter 5 negLL: 78038.55 (ref:  83638.6 )
>> Resamp_params: 0.66 0.5729906 0.5402048 0.5941646 0.5279 0.5318342 0.5082766 0.6012437 0.5623999 0.4536121 0.5282441 0.6599998 0.533406 0.5126363 0.6417597 0.5697789 0.5384718 0.4330468 0.5088629 0.5904349 0.5222741 0.48465 0.5204713 0.3459809 0.6339564 0.6099988 0.4902442 0.5414617 0.4536531 0.67 0.5519487 0.001 0.9358998 1.299997 -248.7288 -114.5234 0.4260481 
 [1]    0.5616531    0.5857182    0.5515381    0.5487872    0.5436690
 [6]    0.5326105    0.5999994    0.6127043    0.5435578    0.5752417
[11]    0.5403226    0.6599999    0.6199999    0.5482508    0.6396637
[16]    0.7099759    0.5524150    0.5933308    0.6551963    0.5901898
[21]    0.5353083    0.4977788    0.5328646    0.6337159    0.5756330
[26]    0.5774914    0.4900002    0.5706977    0.5274690    0.5792556
[31]    0.5523559    0.0010000    0.9568725    1.3000000 -499.9944096
[36]  -91.9769067    0.4173210
>> sd Resamp 6 : 1 15 4 2 20 29 23 4 4 21 8 3 5 28 31 6 13 5 6 20 3 2 22 26 1 25 24 9 19 24 15 
>> Opt param @ resamp: 91863.67 
S=22, K=3, p=0.1303, w0=0.7213, w1=0.7213, c.p=1.193, c.g=1.193
v.max=NA, d=6.083, vectorize=FALSE, hybrid=off
It 5: fitness=178800
It 10: fitness=173500
It 15: fitness=154700
It 20: fitness=153500
It 25: fitness=148100
It 30: fitness=144000
It 35: fitness=139500
It 40: fitness=126800
It 45: fitness=117100
It 50: fitness=115300
It 55: fitness=112700
It 60: fitness=111300
It 65: fitness=107600
It 70: fitness=106900
It 75: fitness=105000
It 80: fitness=103400
It 85: fitness=101500
It 90: fitness=101500
It 95: fitness=100700
It 100: fitness=99180
It 105: fitness=98340
It 110: fitness=96680
It 115: fitness=96290
It 120: fitness=95330
It 125: fitness=94420
It 130: fitness=92990
It 135: fitness=92400
It 140: fitness=92130
It 145: fitness=91420
It 150: fitness=91300
It 155: fitness=90880
It 160: fitness=90770
It 165: fitness=90510
It 170: fitness=90410
It 175: fitness=90360
It 180: fitness=90210
It 185: fitness=90070
It 190: fitness=90030
It 195: fitness=89900
It 200: fitness=89880
It 205: fitness=89870
It 210: fitness=89780
It 215: fitness=89760
It 220: fitness=89740
It 225: fitness=89700
It 230: fitness=89690
It 235: fitness=89670
It 240: fitness=89660
It 245: fitness=89650
It 250: fitness=89640
It 255: fitness=89620
It 260: fitness=89610
It 265: fitness=89600
It 270: fitness=89570
It 275: fitness=89560
It 280: fitness=89560
It 285: fitness=89550
It 290: fitness=89540
It 295: fitness=89540
It 300: fitness=89530
It 305: fitness=89530
It 310: fitness=89530
It 315: fitness=89530
It 320: fitness=89530
It 325: fitness=89520
It 330: fitness=89520
It 335: fitness=89520
It 340: fitness=89520
It 345: fitness=89520
It 350: fitness=89510
It 355: fitness=89510
It 360: fitness=89510
It 365: fitness=89510
It 370: fitness=89500
It 375: fitness=89500
It 380: fitness=89500
It 385: fitness=89500
It 390: fitness=89500
It 395: fitness=89500
It 400: fitness=89500
It 405: fitness=89500
It 410: fitness=89490
It 415: fitness=89490
It 420: fitness=89490
It 425: fitness=89490
It 430: fitness=89490
It 435: fitness=89490
It 440: fitness=89490
It 445: fitness=89490
It 450: fitness=89490
It 455: fitness=89490
It 460: fitness=89490
It 465: fitness=89490
It 470: fitness=89490
It 475: fitness=89490
It 480: fitness=89490
It 485: fitness=89490
It 490: fitness=89490
It 495: fitness=89490
It 500: fitness=89490
It 505: fitness=89490
It 510: fitness=89490
It 515: fitness=89490
It 520: fitness=89490
It 525: fitness=89490
It 530: fitness=89490
It 535: fitness=89490
It 540: fitness=89490
It 545: fitness=89490
It 550: fitness=89490
It 555: fitness=89490
It 560: fitness=89490
It 565: fitness=89490
It 570: fitness=89490
It 575: fitness=89490
It 580: fitness=89490
It 585: fitness=89490
It 590: fitness=89490
It 595: fitness=89490
It 600: fitness=89490
It 605: fitness=89490
It 610: fitness=89490
It 615: fitness=89490
It 620: fitness=89490
It 625: fitness=89490
It 630: fitness=89490
It 635: fitness=89490
It 640: fitness=89490
It 645: fitness=89490
It 650: fitness=89490
It 655: fitness=89490
It 660: fitness=89490
It 665: fitness=89490
It 670: fitness=89490
It 675: fitness=89490
It 680: fitness=89490
It 685: fitness=89490
It 690: fitness=89490
It 695: fitness=89490
It 700: fitness=89490
It 705: fitness=89490
It 710: fitness=89490
It 715: fitness=89490
It 720: fitness=89490
It 725: fitness=89490
It 730: fitness=89490
It 735: fitness=89490
It 740: fitness=89490
It 745: fitness=89490
It 750: fitness=89490
It 755: fitness=89490
It 760: fitness=89490
It 765: fitness=89490
It 770: fitness=89490
It 775: fitness=89490
It 780: fitness=89490
It 785: fitness=89490
It 790: fitness=89490
It 795: fitness=89490
It 800: fitness=89490
It 805: fitness=89490
It 810: fitness=89490
It 815: fitness=89490
It 820: fitness=89490
It 825: fitness=89490
It 830: fitness=89490
It 835: fitness=89490
It 840: fitness=89490
It 845: fitness=89490
It 850: fitness=89490
It 855: fitness=89490
It 860: fitness=89490
It 865: fitness=89490
It 870: fitness=89490
It 875: fitness=89490
It 880: fitness=89490
It 885: fitness=89490
It 890: fitness=89490
It 895: fitness=89490
It 900: fitness=89490
It 905: fitness=89490
It 910: fitness=89490
It 915: fitness=89490
It 920: fitness=89490
It 925: fitness=89490
It 930: fitness=89490
It 935: fitness=89490
It 940: fitness=89490
It 945: fitness=89490
It 950: fitness=89490
It 955: fitness=89490
It 960: fitness=89490
It 965: fitness=89490
It 970: fitness=89490
It 975: fitness=89490
It 980: fitness=89490
It 985: fitness=89490
It 990: fitness=89490
It 995: fitness=89490
It 1000: fitness=89490
It 1005: fitness=89490
It 1010: fitness=89490
It 1015: fitness=89490
It 1020: fitness=89490
It 1025: fitness=89490
It 1030: fitness=89490
It 1035: fitness=89490
It 1040: fitness=89490
It 1045: fitness=89490
It 1050: fitness=89490
It 1055: fitness=89490
It 1060: fitness=89490
It 1065: fitness=89490
It 1070: fitness=89490
It 1075: fitness=89490
It 1080: fitness=89490
It 1085: fitness=89490
It 1090: fitness=89490
It 1095: fitness=89490
It 1100: fitness=89490
It 1105: fitness=89490
It 1110: fitness=89490
It 1115: fitness=89490
It 1120: fitness=89490
It 1125: fitness=89490
It 1130: fitness=89490
It 1135: fitness=89490
It 1140: fitness=89490
It 1145: fitness=89490
It 1150: fitness=89490
It 1155: fitness=89490
It 1160: fitness=89490
It 1165: fitness=89490
It 1170: fitness=89490
It 1175: fitness=89490
It 1180: fitness=89490
It 1185: fitness=89490
It 1190: fitness=89490
It 1195: fitness=89490
It 1200: fitness=89490
It 1205: fitness=89490
It 1210: fitness=89490
It 1215: fitness=89490
It 1220: fitness=89490
It 1225: fitness=89490
It 1230: fitness=89490
It 1235: fitness=89490
It 1240: fitness=89490
It 1245: fitness=89490
It 1250: fitness=89490
It 1255: fitness=89490
It 1260: fitness=89490
It 1265: fitness=89490
It 1270: fitness=89490
It 1275: fitness=89490
It 1280: fitness=89490
It 1285: fitness=89490
It 1290: fitness=89490
It 1295: fitness=89490
It 1300: fitness=89490
It 1305: fitness=89490
It 1310: fitness=89490
It 1315: fitness=89490
It 1320: fitness=89490
It 1325: fitness=89490
It 1330: fitness=89490
It 1335: fitness=89490
It 1340: fitness=89490
It 1345: fitness=89490
It 1350: fitness=89490
It 1355: fitness=89490
It 1360: fitness=89490
It 1365: fitness=89490
It 1370: fitness=89490
It 1375: fitness=89490
It 1380: fitness=89490
It 1385: fitness=89490
It 1390: fitness=89490
It 1395: fitness=89490
It 1400: fitness=89490
It 1405: fitness=89490
It 1410: fitness=89490
It 1415: fitness=89490
It 1420: fitness=89490
It 1425: fitness=89490
It 1430: fitness=89490
It 1435: fitness=89490
It 1440: fitness=89490
It 1445: fitness=89490
It 1450: fitness=89490
It 1455: fitness=89490
It 1460: fitness=89490
It 1465: fitness=89490
It 1470: fitness=89490
It 1475: fitness=89490
It 1480: fitness=89490
It 1485: fitness=89490
It 1490: fitness=89490
It 1495: fitness=89490
It 1500: fitness=89490
It 1505: fitness=89490
It 1510: fitness=89490
It 1515: fitness=89490
It 1520: fitness=89490
It 1525: fitness=89490
It 1530: fitness=89490
It 1535: fitness=89490
Maximal number of iterations without improvement reached
>> Resamp_Iter 6 negLL: 89488.02 (ref:  91863.67 )
>> Resamp_params: 0.5554873 0.5792295 0.5481673 0.5446442 0.5389419 0.5300003 0.4854681 0.606753 0.5400064 0.453084 0.6010473 0.4902957 0.5427908 0.6452715 0.6437808 0.6943566 0.6347753 0.557425 0.6606597 0.5916263 0.5291104 0.4915821 0.5261532 0.634627 0.5696827 0.5746261 0.5122808 0.563856 0.5274789 0.6230085 0.5500003 0.001 0.9430244 1.3 -382.102 -84.76226 0.4162803 
 [1]    0.5616531    0.5857182    0.5515381    0.5487872    0.5436690
 [6]    0.5326105    0.5999994    0.6127043    0.5435578    0.5752417
[11]    0.5403226    0.6599999    0.6199999    0.5482508    0.6396637
[16]    0.7099759    0.5524150    0.5933308    0.6551963    0.5901898
[21]    0.5353083    0.4977788    0.5328646    0.6337159    0.5756330
[26]    0.5774914    0.4900002    0.5706977    0.5274690    0.5792556
[31]    0.5523559    0.0010000    0.9568725    1.3000000 -499.9944096
[36]  -91.9769067    0.4173210
>> sd Resamp 7 : 28 5 5 27 19 5 9 13 4 2 10 7 13 28 18 30 14 19 7 8 6 13 12 10 31 25 24 12 27 21 8 
>> Opt param @ resamp: 79611.51 
S=22, K=3, p=0.1303, w0=0.7213, w1=0.7213, c.p=1.193, c.g=1.193
v.max=NA, d=6.083, vectorize=FALSE, hybrid=off
It 5: fitness=169500
It 10: fitness=131300
It 15: fitness=124700
It 20: fitness=117600
It 25: fitness=108300
It 30: fitness=107600
It 35: fitness=100600
It 40: fitness=95960
It 45: fitness=94200
It 50: fitness=94200
It 55: fitness=91520
It 60: fitness=90080
It 65: fitness=88130
It 70: fitness=87490
It 75: fitness=86260
It 80: fitness=85740
It 85: fitness=85040
It 90: fitness=84700
It 95: fitness=84010
It 100: fitness=83920
It 105: fitness=83370
It 110: fitness=82740
It 115: fitness=82560
It 120: fitness=82310
It 125: fitness=81990
It 130: fitness=81640
It 135: fitness=81500
It 140: fitness=81450
It 145: fitness=80860
It 150: fitness=80730
It 155: fitness=80640
It 160: fitness=80490
It 165: fitness=80330
It 170: fitness=80240
It 175: fitness=80180
It 180: fitness=79990
It 185: fitness=79950
It 190: fitness=79880
It 195: fitness=79850
It 200: fitness=79820
It 205: fitness=79790
It 210: fitness=79760
It 215: fitness=79750
It 220: fitness=79730
It 225: fitness=79710
It 230: fitness=79700
It 235: fitness=79680
It 240: fitness=79670
It 245: fitness=79660
It 250: fitness=79650
It 255: fitness=79640
It 260: fitness=79640
It 265: fitness=79640
It 270: fitness=79630
It 275: fitness=79630
It 280: fitness=79630
It 285: fitness=79630
It 290: fitness=79630
It 295: fitness=79620
It 300: fitness=79620
It 305: fitness=79590
It 310: fitness=75730
It 315: fitness=75660
It 320: fitness=75650
It 325: fitness=75630
It 330: fitness=75590
It 335: fitness=75490
It 340: fitness=75440
It 345: fitness=75420
It 350: fitness=75380
It 355: fitness=75360
It 360: fitness=75320
It 365: fitness=75280
It 370: fitness=75240
It 375: fitness=75220
It 380: fitness=75220
It 385: fitness=75210
It 390: fitness=75190
It 395: fitness=75160
It 400: fitness=75160
It 405: fitness=75130
It 410: fitness=75100
It 415: fitness=75090
It 420: fitness=75090
It 425: fitness=75080
It 430: fitness=75070
It 435: fitness=75070
It 440: fitness=75070
It 445: fitness=75060
It 450: fitness=75060
It 455: fitness=75050
It 460: fitness=75040
It 465: fitness=75040
It 470: fitness=75030
It 475: fitness=75030
It 480: fitness=75030
It 485: fitness=75030
It 490: fitness=75030
It 495: fitness=75020
It 500: fitness=75020
It 505: fitness=75010
It 510: fitness=75010
It 515: fitness=75010
It 520: fitness=75010
It 525: fitness=75010
It 530: fitness=75010
It 535: fitness=75000
It 540: fitness=75000
It 545: fitness=75000
It 550: fitness=75000
It 555: fitness=75000
It 560: fitness=75000
It 565: fitness=75000
It 570: fitness=75000
It 575: fitness=75000
It 580: fitness=75000
It 585: fitness=75000
It 590: fitness=74990
It 595: fitness=74990
It 600: fitness=74990
It 605: fitness=74990
It 610: fitness=74990
It 615: fitness=74990
It 620: fitness=74990
It 625: fitness=74990
It 630: fitness=74990
It 635: fitness=74990
It 640: fitness=74990
It 645: fitness=74990
It 650: fitness=74990
It 655: fitness=74990
It 660: fitness=74990
It 665: fitness=74990
It 670: fitness=74990
It 675: fitness=74990
It 680: fitness=74990
It 685: fitness=74990
It 690: fitness=74990
It 695: fitness=74990
It 700: fitness=74990
It 705: fitness=74990
It 710: fitness=74990
It 715: fitness=74990
It 720: fitness=74990
It 725: fitness=74990
It 730: fitness=74990
It 735: fitness=74990
It 740: fitness=74990
It 745: fitness=74990
It 750: fitness=74990
It 755: fitness=74990
It 760: fitness=74990
It 765: fitness=74990
It 770: fitness=74990
It 775: fitness=74990
It 780: fitness=74990
It 785: fitness=74990
It 790: fitness=74990
It 795: fitness=74990
It 800: fitness=74990
It 805: fitness=74990
It 810: fitness=74990
It 815: fitness=74990
It 820: fitness=74990
It 825: fitness=74990
It 830: fitness=74990
It 835: fitness=74990
It 840: fitness=74990
It 845: fitness=74990
It 850: fitness=74990
It 855: fitness=74990
It 860: fitness=74990
It 865: fitness=74990
It 870: fitness=74990
It 875: fitness=74990
It 880: fitness=74990
It 885: fitness=74990
It 890: fitness=74990
It 895: fitness=74990
It 900: fitness=74990
It 905: fitness=74990
It 910: fitness=74990
It 915: fitness=74990
It 920: fitness=74990
It 925: fitness=74990
It 930: fitness=74990
It 935: fitness=74990
It 940: fitness=74990
It 945: fitness=74990
It 950: fitness=74990
It 955: fitness=74990
It 960: fitness=74990
It 965: fitness=74990
It 970: fitness=74990
It 975: fitness=74990
It 980: fitness=74990
It 985: fitness=74990
It 990: fitness=74990
It 995: fitness=74990
It 1000: fitness=74990
It 1005: fitness=74990
It 1010: fitness=74990
It 1015: fitness=74990
It 1020: fitness=74990
It 1025: fitness=74990
It 1030: fitness=74990
It 1035: fitness=74990
It 1040: fitness=74990
It 1045: fitness=74990
It 1050: fitness=74990
It 1055: fitness=74990
It 1060: fitness=74990
It 1065: fitness=74990
It 1070: fitness=74990
It 1075: fitness=74990
It 1080: fitness=74990
It 1085: fitness=74990
It 1090: fitness=74990
It 1095: fitness=74990
It 1100: fitness=74990
It 1105: fitness=74990
It 1110: fitness=74990
It 1115: fitness=74990
It 1120: fitness=74990
It 1125: fitness=74990
It 1130: fitness=74990
It 1135: fitness=74990
It 1140: fitness=74990
It 1145: fitness=74990
It 1150: fitness=74990
It 1155: fitness=74990
It 1160: fitness=74990
It 1165: fitness=74990
It 1170: fitness=74990
It 1175: fitness=74990
It 1180: fitness=74990
It 1185: fitness=74990
It 1190: fitness=74990
It 1195: fitness=74990
It 1200: fitness=74990
It 1205: fitness=74990
It 1210: fitness=74990
It 1215: fitness=74990
It 1220: fitness=74990
It 1225: fitness=74990
It 1230: fitness=74990
It 1235: fitness=74990
It 1240: fitness=74990
It 1245: fitness=74990
It 1250: fitness=74990
It 1255: fitness=74990
It 1260: fitness=74990
It 1265: fitness=74990
It 1270: fitness=74990
It 1275: fitness=74990
It 1280: fitness=74990
It 1285: fitness=74990
It 1290: fitness=74990
It 1295: fitness=74990
It 1300: fitness=74990
It 1305: fitness=74990
It 1310: fitness=74990
It 1315: fitness=74990
It 1320: fitness=74990
It 1325: fitness=74990
It 1330: fitness=74990
It 1335: fitness=74990
It 1340: fitness=74990
It 1345: fitness=74990
It 1350: fitness=74990
It 1355: fitness=74990
It 1360: fitness=74990
It 1365: fitness=74990
It 1370: fitness=74990
It 1375: fitness=74990
It 1380: fitness=74990
It 1385: fitness=74990
It 1390: fitness=74990
It 1395: fitness=74990
It 1400: fitness=74990
It 1405: fitness=74990
It 1410: fitness=74990
It 1415: fitness=74990
It 1420: fitness=74990
It 1425: fitness=74990
It 1430: fitness=74990
It 1435: fitness=74990
It 1440: fitness=74990
It 1445: fitness=74990
It 1450: fitness=74990
It 1455: fitness=74990
It 1460: fitness=74990
It 1465: fitness=74990
It 1470: fitness=74990
It 1475: fitness=74990
It 1480: fitness=74990
It 1485: fitness=74990
It 1490: fitness=74990
It 1495: fitness=74990
It 1500: fitness=74990
It 1505: fitness=74990
It 1510: fitness=74990
It 1515: fitness=74990
It 1520: fitness=74990
It 1525: fitness=74990
It 1530: fitness=74990
It 1535: fitness=74990
It 1540: fitness=74990
It 1545: fitness=74990
It 1550: fitness=74990
It 1555: fitness=74990
It 1560: fitness=74990
It 1565: fitness=74990
It 1570: fitness=74990
It 1575: fitness=74990
It 1580: fitness=74990
It 1585: fitness=74990
It 1590: fitness=74990
It 1595: fitness=74990
It 1600: fitness=74990
It 1605: fitness=74990
It 1610: fitness=74990
It 1615: fitness=74990
It 1620: fitness=74990
It 1625: fitness=74990
It 1630: fitness=74990
It 1635: fitness=74990
It 1640: fitness=74990
It 1645: fitness=74990
It 1650: fitness=74990
It 1655: fitness=74990
It 1660: fitness=74990
It 1665: fitness=74990
It 1670: fitness=74990
It 1675: fitness=74990
It 1680: fitness=74990
It 1685: fitness=74990
It 1690: fitness=74990
It 1695: fitness=74990
It 1700: fitness=74990
It 1705: fitness=74990
It 1710: fitness=74990
It 1715: fitness=74990
It 1720: fitness=74990
It 1725: fitness=74990
It 1730: fitness=74990
It 1735: fitness=74990
It 1740: fitness=74990
It 1745: fitness=74990
It 1750: fitness=74990
It 1755: fitness=74990
It 1760: fitness=74990
It 1765: fitness=74990
It 1770: fitness=74990
It 1775: fitness=74990
It 1780: fitness=74990
It 1785: fitness=74990
It 1790: fitness=74990
It 1795: fitness=74990
It 1800: fitness=74990
It 1805: fitness=74990
It 1810: fitness=74990
It 1815: fitness=74990
It 1820: fitness=74990
It 1825: fitness=74990
It 1830: fitness=74990
It 1835: fitness=74990
It 1840: fitness=74990
It 1845: fitness=74990
It 1850: fitness=74990
It 1855: fitness=74990
It 1860: fitness=74990
It 1865: fitness=74990
It 1870: fitness=74990
It 1875: fitness=74990
It 1880: fitness=74990
It 1885: fitness=74990
Maximal number of iterations without improvement reached
>> Resamp_Iter 7 negLL: 74988.16 (ref:  79611.51 )
>> Resamp_params: 0.602828 0.6012384 0.6098009 0.5597607 0.5541846 0.63 0.5450484 0.6190128 0.556101 0.5905335 0.4724066 0.6599999 0.5612441 0.5521536 0.6866275 0.4518724 0.5507861 0.6721075 0.6535376 0.4501843 0.5458147 0.4816574 0.4900967 0.6427574 0.5864148 0.4400173 0.4900007 0.5707089 0.4502939 0.5907651 0.5693502 0.001 0.9945403 0.9041398 -499.9926 -86.71722 0.4002231 
 [1]    0.5616531    0.5857182    0.5515381    0.5487872    0.5436690
 [6]    0.5326105    0.5999994    0.6127043    0.5435578    0.5752417
[11]    0.5403226    0.6599999    0.6199999    0.5482508    0.6396637
[16]    0.7099759    0.5524150    0.5933308    0.6551963    0.5901898
[21]    0.5353083    0.4977788    0.5328646    0.6337159    0.5756330
[26]    0.5774914    0.4900002    0.5706977    0.5274690    0.5792556
[31]    0.5523559    0.0010000    0.9568725    1.3000000 -499.9944096
[36]  -91.9769067    0.4173210
>> sd Resamp 8 : 17 10 31 9 12 12 11 3 4 30 12 10 16 6 25 26 23 25 7 8 3 15 6 17 23 10 26 6 27 25 15 
>> Opt param @ resamp: 72929.42 
S=22, K=3, p=0.1303, w0=0.7213, w1=0.7213, c.p=1.193, c.g=1.193
v.max=NA, d=6.083, vectorize=FALSE, hybrid=off
It 5: fitness=133800
It 10: fitness=112000
It 15: fitness=91770
It 20: fitness=91770
It 25: fitness=89440
It 30: fitness=86570
It 35: fitness=85010
It 40: fitness=78520
It 45: fitness=76770
It 50: fitness=73580
It 55: fitness=71630
It 60: fitness=71530
It 65: fitness=70820
It 70: fitness=70380
It 75: fitness=69990
It 80: fitness=69980
It 85: fitness=69270
It 90: fitness=68830
It 95: fitness=68740
It 100: fitness=68710
It 105: fitness=68640
It 110: fitness=68640
It 115: fitness=68500
It 120: fitness=68440
It 125: fitness=68370
It 130: fitness=68230
It 135: fitness=68130
It 140: fitness=68130
It 145: fitness=68080
It 150: fitness=67970
It 155: fitness=67920
It 160: fitness=67830
It 165: fitness=67800
It 170: fitness=67630
It 175: fitness=67410
It 180: fitness=67210
It 185: fitness=67060
It 190: fitness=66860
It 195: fitness=66790
It 200: fitness=66750
It 205: fitness=66680
It 210: fitness=66590
It 215: fitness=66570
It 220: fitness=66500
It 225: fitness=66490
It 230: fitness=66470
It 235: fitness=66440
It 240: fitness=66430
It 245: fitness=66420
It 250: fitness=66420
It 255: fitness=66400
It 260: fitness=66400
It 265: fitness=66400
It 270: fitness=66390
It 275: fitness=66390
It 280: fitness=66360
It 285: fitness=66340
It 290: fitness=66330
It 295: fitness=66320
It 300: fitness=66310
It 305: fitness=66310
It 310: fitness=66300
It 315: fitness=66300
It 320: fitness=66280
It 325: fitness=66250
It 330: fitness=66220
It 335: fitness=66190
It 340: fitness=66180
It 345: fitness=66170
It 350: fitness=66160
It 355: fitness=66150
It 360: fitness=66140
It 365: fitness=66140
It 370: fitness=66120
It 375: fitness=66110
It 380: fitness=66110
It 385: fitness=66110
It 390: fitness=66110
It 395: fitness=66100
It 400: fitness=66100
It 405: fitness=66100
It 410: fitness=66100
It 415: fitness=66100
It 420: fitness=66090
It 425: fitness=66090
It 430: fitness=66090
It 435: fitness=66090
It 440: fitness=66090
It 445: fitness=66090
It 450: fitness=66090
It 455: fitness=66090
It 460: fitness=66090
It 465: fitness=66090
It 470: fitness=66090
It 475: fitness=66090
It 480: fitness=66090
It 485: fitness=66090
It 490: fitness=66080
It 495: fitness=66080
It 500: fitness=66080
It 505: fitness=66080
It 510: fitness=66080
It 515: fitness=66080
It 520: fitness=66080
It 525: fitness=66080
It 530: fitness=66080
It 535: fitness=66080
It 540: fitness=66080
It 545: fitness=66080
It 550: fitness=66080
It 555: fitness=66080
It 560: fitness=66080
It 565: fitness=66080
It 570: fitness=66080
It 575: fitness=66080
It 580: fitness=66080
It 585: fitness=66080
It 590: fitness=66080
It 595: fitness=66080
It 600: fitness=66080
It 605: fitness=66080
It 610: fitness=66080
It 615: fitness=66080
It 620: fitness=66080
It 625: fitness=66080
It 630: fitness=66080
It 635: fitness=66080
It 640: fitness=66080
It 645: fitness=66080
It 650: fitness=66080
It 655: fitness=66080
It 660: fitness=66080
It 665: fitness=66080
It 670: fitness=66080
It 675: fitness=66080
It 680: fitness=66080
It 685: fitness=66080
It 690: fitness=66080
It 695: fitness=66080
It 700: fitness=66080
It 705: fitness=66080
It 710: fitness=66080
It 715: fitness=66080
It 720: fitness=66080
It 725: fitness=66080
It 730: fitness=66080
It 735: fitness=66080
It 740: fitness=66080
It 745: fitness=66080
It 750: fitness=66080
It 755: fitness=66080
It 760: fitness=66080
It 765: fitness=66080
It 770: fitness=66080
It 775: fitness=66080
It 780: fitness=66080
It 785: fitness=66080
It 790: fitness=66080
It 795: fitness=66080
It 800: fitness=66080
It 805: fitness=66080
It 810: fitness=66080
It 815: fitness=66080
It 820: fitness=66080
It 825: fitness=66080
It 830: fitness=66080
It 835: fitness=66080
It 840: fitness=66080
It 845: fitness=66080
It 850: fitness=66080
It 855: fitness=66080
It 860: fitness=66080
It 865: fitness=66080
It 870: fitness=66080
It 875: fitness=66080
It 880: fitness=66080
It 885: fitness=66080
It 890: fitness=66080
It 895: fitness=66080
It 900: fitness=66080
It 905: fitness=66080
It 910: fitness=66080
It 915: fitness=66080
It 920: fitness=66080
It 925: fitness=66080
It 930: fitness=66080
It 935: fitness=66080
It 940: fitness=66080
It 945: fitness=66080
It 950: fitness=66080
It 955: fitness=66080
It 960: fitness=66080
It 965: fitness=66080
It 970: fitness=66080
It 975: fitness=66080
It 980: fitness=66080
It 985: fitness=66080
It 990: fitness=66080
It 995: fitness=66080
It 1000: fitness=66080
It 1005: fitness=66080
It 1010: fitness=66080
It 1015: fitness=66080
It 1020: fitness=66080
It 1025: fitness=66080
It 1030: fitness=66080
It 1035: fitness=66080
It 1040: fitness=66080
It 1045: fitness=66080
It 1050: fitness=66080
It 1055: fitness=66080
It 1060: fitness=66080
Maximal number of iterations without improvement reached
>> Resamp_Iter 8 negLL: 66082.35 (ref:  72929.42 )
>> Resamp_params: 0.644844 0.4109512 0.5596131 0.5570336 0.6073489 0.5355887 0.5397164 0.6071021 0.5525226 0.5930145 0.5426936 0.659999 0.6177121 0.5833909 0.6370532 0.4500021 0.5586339 0.4294958 0.6491466 0.4847169 0.6291985 0.5894007 0.5323654 0.7190665 0.5723055 0.587721 0.4900001 0.6985259 0.4705555 0.5773557 0.5628037 0.001 1.024902 0.9356085 -499.9926 -101.5956 0.403703 
 [1]    0.5616531    0.5857182    0.5515381    0.5487872    0.5436690
 [6]    0.5326105    0.5999994    0.6127043    0.5435578    0.5752417
[11]    0.5403226    0.6599999    0.6199999    0.5482508    0.6396637
[16]    0.7099759    0.5524150    0.5933308    0.6551963    0.5901898
[21]    0.5353083    0.4977788    0.5328646    0.6337159    0.5756330
[26]    0.5774914    0.4900002    0.5706977    0.5274690    0.5792556
[31]    0.5523559    0.0010000    0.9568725    1.3000000 -499.9944096
[36]  -91.9769067    0.4173210
>> sd Resamp 9 : 27 17 1 12 1 13 22 29 31 10 11 26 21 22 11 11 29 29 15 23 8 15 29 18 14 16 1 24 29 4 22 
>> Opt param @ resamp: 64355.51 
S=22, K=3, p=0.1303, w0=0.7213, w1=0.7213, c.p=1.193, c.g=1.193
v.max=NA, d=6.083, vectorize=FALSE, hybrid=off
It 5: fitness=136100
It 10: fitness=136100
It 15: fitness=133200
It 20: fitness=116600
It 25: fitness=110700
It 30: fitness=110700
It 35: fitness=102900
It 40: fitness=100300
It 45: fitness=94410
It 50: fitness=90710
It 55: fitness=90090
It 60: fitness=90090
It 65: fitness=88680
It 70: fitness=84990
It 75: fitness=83800
It 80: fitness=78970
It 85: fitness=77190
It 90: fitness=75880
It 95: fitness=75120
It 100: fitness=75070
It 105: fitness=74740
It 110: fitness=74340
It 115: fitness=74340
It 120: fitness=74020
It 125: fitness=72830
It 130: fitness=72340
It 135: fitness=72180
It 140: fitness=71940
It 145: fitness=71650
It 150: fitness=71480
It 155: fitness=71260
It 160: fitness=70890
It 165: fitness=70660
It 170: fitness=70330
It 175: fitness=70200
It 180: fitness=69740
It 185: fitness=69430
It 190: fitness=68770
It 195: fitness=68620
It 200: fitness=68400
It 205: fitness=68110
It 210: fitness=67490
It 215: fitness=67030
It 220: fitness=66680
It 225: fitness=66430
It 230: fitness=66110
It 235: fitness=65940
It 240: fitness=65880
It 245: fitness=65750
It 250: fitness=65710
It 255: fitness=65690
It 260: fitness=65590
It 265: fitness=65590
It 270: fitness=65530
It 275: fitness=65510
It 280: fitness=65480
It 285: fitness=65430
It 290: fitness=65410
It 295: fitness=65370
It 300: fitness=65340
It 305: fitness=65320
It 310: fitness=65310
It 315: fitness=65290
It 320: fitness=65270
It 325: fitness=65260
It 330: fitness=65200
It 335: fitness=65130
It 340: fitness=65060
It 345: fitness=65050
It 350: fitness=65020
It 355: fitness=65020
It 360: fitness=64990
It 365: fitness=64980
It 370: fitness=64930
It 375: fitness=64910
It 380: fitness=64840
It 385: fitness=64820
It 390: fitness=64790
It 395: fitness=64780
It 400: fitness=64770
It 405: fitness=64760
It 410: fitness=64760
It 415: fitness=64730
It 420: fitness=64730
It 425: fitness=64720
It 430: fitness=64710
It 435: fitness=64700
It 440: fitness=64690
It 445: fitness=64680
It 450: fitness=64680
It 455: fitness=64680
It 460: fitness=64670
It 465: fitness=64660
It 470: fitness=64660
It 475: fitness=64660
It 480: fitness=64650
It 485: fitness=64650
It 490: fitness=64650
It 495: fitness=64640
It 500: fitness=64640
It 505: fitness=64640
It 510: fitness=64630
It 515: fitness=64630
It 520: fitness=64630
It 525: fitness=64630
It 530: fitness=64630
It 535: fitness=64630
It 540: fitness=64620
It 545: fitness=64620
It 550: fitness=64620
It 555: fitness=64620
It 560: fitness=64620
It 565: fitness=64620
It 570: fitness=64620
It 575: fitness=64620
It 580: fitness=64620
It 585: fitness=64610
It 590: fitness=64610
It 595: fitness=64610
It 600: fitness=64610
It 605: fitness=64610
It 610: fitness=64610
It 615: fitness=64600
It 620: fitness=64600
It 625: fitness=64600
It 630: fitness=64600
It 635: fitness=64600
It 640: fitness=64600
It 645: fitness=64600
It 650: fitness=64600
It 655: fitness=64600
It 660: fitness=64600
It 665: fitness=64590
It 670: fitness=64590
It 675: fitness=64590
It 680: fitness=64590
It 685: fitness=64590
It 690: fitness=64590
It 695: fitness=64590
It 700: fitness=64590
It 705: fitness=64590
It 710: fitness=64590
It 715: fitness=64590
It 720: fitness=64590
It 725: fitness=64590
It 730: fitness=64590
It 735: fitness=64590
It 740: fitness=64590
It 745: fitness=64590
It 750: fitness=64590
It 755: fitness=64590
It 760: fitness=64590
It 765: fitness=64590
It 770: fitness=64590
It 775: fitness=64590
It 780: fitness=64590
It 785: fitness=64590
It 790: fitness=64590
It 795: fitness=64590
It 800: fitness=64590
It 805: fitness=64590
It 810: fitness=64590
It 815: fitness=64590
It 820: fitness=64590
It 825: fitness=64590
It 830: fitness=64590
It 835: fitness=64590
It 840: fitness=64590
It 845: fitness=64590
It 850: fitness=64590
It 855: fitness=64590
It 860: fitness=64590
It 865: fitness=64590
It 870: fitness=64590
It 875: fitness=64590
It 880: fitness=64590
It 885: fitness=64590
It 890: fitness=64590
It 895: fitness=64590
It 900: fitness=64590
It 905: fitness=64590
It 910: fitness=64590
It 915: fitness=64590
It 920: fitness=64590
It 925: fitness=64590
It 930: fitness=64590
It 935: fitness=64590
It 940: fitness=64590
It 945: fitness=64590
It 950: fitness=64590
It 955: fitness=64590
It 960: fitness=64590
It 965: fitness=64590
It 970: fitness=64590
It 975: fitness=64590
It 980: fitness=64590
It 985: fitness=64590
It 990: fitness=64590
It 995: fitness=64590
It 1000: fitness=64590
It 1005: fitness=64590
It 1010: fitness=64590
It 1015: fitness=64590
It 1020: fitness=64590
It 1025: fitness=64590
It 1030: fitness=64590
It 1035: fitness=64590
It 1040: fitness=64590
It 1045: fitness=64590
It 1050: fitness=64590
It 1055: fitness=64590
It 1060: fitness=64590
It 1065: fitness=64590
It 1070: fitness=64590
It 1075: fitness=64590
It 1080: fitness=64590
It 1085: fitness=64590
It 1090: fitness=64590
It 1095: fitness=64590
It 1100: fitness=64590
It 1105: fitness=64590
It 1110: fitness=64590
It 1115: fitness=64590
It 1120: fitness=64590
It 1125: fitness=64590
It 1130: fitness=64590
It 1135: fitness=64590
It 1140: fitness=64590
It 1145: fitness=64590
It 1150: fitness=64590
It 1155: fitness=64590
It 1160: fitness=64590
It 1165: fitness=64590
It 1170: fitness=64590
It 1175: fitness=64590
It 1180: fitness=64590
It 1185: fitness=64590
It 1190: fitness=64590
It 1195: fitness=64590
It 1200: fitness=64590
It 1205: fitness=64590
It 1210: fitness=64590
It 1215: fitness=64590
It 1220: fitness=64590
It 1225: fitness=64590
It 1230: fitness=64590
It 1235: fitness=64590
It 1240: fitness=64590
It 1245: fitness=64590
It 1250: fitness=64590
It 1255: fitness=64590
It 1260: fitness=64590
It 1265: fitness=64590
It 1270: fitness=64590
It 1275: fitness=64590
It 1280: fitness=64590
It 1285: fitness=64590
It 1290: fitness=64590
It 1295: fitness=64590
It 1300: fitness=64590
It 1305: fitness=64590
It 1310: fitness=64590
It 1315: fitness=64590
It 1320: fitness=64590
It 1325: fitness=64590
It 1330: fitness=64590
It 1335: fitness=64590
It 1340: fitness=64590
It 1345: fitness=64590
It 1350: fitness=64590
It 1355: fitness=64590
It 1360: fitness=64590
It 1365: fitness=64590
It 1370: fitness=64590
It 1375: fitness=64590
It 1380: fitness=64590
It 1385: fitness=64590
It 1390: fitness=64590
It 1395: fitness=64590
It 1400: fitness=64590
It 1405: fitness=64590
It 1410: fitness=64590
It 1415: fitness=64590
It 1420: fitness=64590
It 1425: fitness=64590
It 1430: fitness=64590
It 1435: fitness=64590
It 1440: fitness=64590
It 1445: fitness=64590
It 1450: fitness=64590
It 1455: fitness=64590
It 1460: fitness=64590
It 1465: fitness=64590
It 1470: fitness=64590
It 1475: fitness=64590
It 1480: fitness=64590
It 1485: fitness=64590
It 1490: fitness=64590
It 1495: fitness=64590
It 1500: fitness=64590
It 1505: fitness=64590
It 1510: fitness=64590
It 1515: fitness=64590
It 1520: fitness=64590
It 1525: fitness=64590
It 1530: fitness=64590
It 1535: fitness=64590
It 1540: fitness=64590
It 1545: fitness=64590
It 1550: fitness=64590
It 1555: fitness=64590
It 1560: fitness=64590
It 1565: fitness=64590
It 1570: fitness=64590
It 1575: fitness=64590
It 1580: fitness=64590
It 1585: fitness=64590
It 1590: fitness=64590
It 1595: fitness=64590
It 1600: fitness=64590
It 1605: fitness=64590
It 1610: fitness=64590
It 1615: fitness=64590
It 1620: fitness=64590
It 1625: fitness=64590
It 1630: fitness=64590
It 1635: fitness=64590
It 1640: fitness=64590
It 1645: fitness=64590
It 1650: fitness=64590
It 1655: fitness=64590
It 1660: fitness=64590
It 1665: fitness=64590
It 1670: fitness=64590
Maximal number of iterations without improvement reached
>> Resamp_Iter 9 negLL: 64585.85 (ref:  64355.51 )
>> Resamp_params: 0.6599998 0.6899515 0.6069024 0.5609468 0.6198584 0.5312613 0.4911869 0.6246865 0.629984 0.584568 0.5562688 0.6590521 0.5599674 0.5605887 0.6222449 0.6830908 0.64 0.6264513 0.6397435 0.4620138 0.5472502 0.5091389 0.5449592 0.6080717 0.5622947 0.5811373 0.490004 0.5938372 0.5271108 0.47461 0.5636704 0.001 0.9535731 0.9820704 -499.9969 -100.0225 0.4218638 
 [1]    0.5616531    0.5857182    0.5515381    0.5487872    0.5436690
 [6]    0.5326105    0.5999994    0.6127043    0.5435578    0.5752417
[11]    0.5403226    0.6599999    0.6199999    0.5482508    0.6396637
[16]    0.7099759    0.5524150    0.5933308    0.6551963    0.5901898
[21]    0.5353083    0.4977788    0.5328646    0.6337159    0.5756330
[26]    0.5774914    0.4900002    0.5706977    0.5274690    0.5792556
[31]    0.5523559    0.0010000    0.9568725    1.3000000 -499.9944096
[36]  -91.9769067    0.4173210
>> sd Resamp 10 : 16 27 20 10 18 15 9 11 14 9 12 15 28 9 2 21 17 8 8 7 5 19 1 31 14 10 11 19 9 27 6 
>> Opt param @ resamp: 96505.83 
S=22, K=3, p=0.1303, w0=0.7213, w1=0.7213, c.p=1.193, c.g=1.193
v.max=NA, d=6.083, vectorize=FALSE, hybrid=off
It 5: fitness=251700
It 10: fitness=251700
It 15: fitness=213700
It 20: fitness=178200
It 25: fitness=161500
It 30: fitness=161500
It 35: fitness=161500
It 40: fitness=149700
It 45: fitness=143000
It 50: fitness=143000
It 55: fitness=141300
It 60: fitness=135600
It 65: fitness=134100
It 70: fitness=130000
It 75: fitness=128200
It 80: fitness=125400
It 85: fitness=124800
It 90: fitness=124000
It 95: fitness=123100
It 100: fitness=120900
It 105: fitness=119500
It 110: fitness=119300
It 115: fitness=119100
It 120: fitness=118200
It 125: fitness=117700
It 130: fitness=117300
It 135: fitness=116800
It 140: fitness=116700
It 145: fitness=116700
It 150: fitness=116500
It 155: fitness=115700
It 160: fitness=115700
It 165: fitness=115500
It 170: fitness=114700
It 175: fitness=114400
It 180: fitness=114400
It 185: fitness=114300
It 190: fitness=114200
It 195: fitness=114200
It 200: fitness=114100
It 205: fitness=113800
It 210: fitness=113500
It 215: fitness=113500
It 220: fitness=113400
It 225: fitness=113400
It 230: fitness=113200
It 235: fitness=113200
It 240: fitness=113100
It 245: fitness=113000
It 250: fitness=112900
It 255: fitness=112800
It 260: fitness=112800
It 265: fitness=112800
It 270: fitness=112700
It 275: fitness=112700
It 280: fitness=112700
It 285: fitness=112600
It 290: fitness=112600
It 295: fitness=112600
It 300: fitness=112600
It 305: fitness=112600
It 310: fitness=112600
It 315: fitness=112600
It 320: fitness=112600
It 325: fitness=112500
It 330: fitness=112500
It 335: fitness=112500
It 340: fitness=112500
It 345: fitness=112500
It 350: fitness=112500
It 355: fitness=112500
It 360: fitness=112500
It 365: fitness=112500
It 370: fitness=112500
It 375: fitness=112500
It 380: fitness=112500
It 385: fitness=112300
It 390: fitness=112300
It 395: fitness=112300
It 400: fitness=112300
It 405: fitness=112300
It 410: fitness=112300
It 415: fitness=112300
It 420: fitness=112300
It 425: fitness=112300
It 430: fitness=112300
It 435: fitness=112200
It 440: fitness=112200
It 445: fitness=112200
It 450: fitness=112200
It 455: fitness=112200
It 460: fitness=112200
It 465: fitness=112200
It 470: fitness=112200
It 475: fitness=112200
It 480: fitness=112200
It 485: fitness=112200
It 490: fitness=112200
It 495: fitness=112200
It 500: fitness=112200
It 505: fitness=112200
It 510: fitness=112200
It 515: fitness=112200
It 520: fitness=112200
It 525: fitness=112200
It 530: fitness=112200
It 535: fitness=112200
It 540: fitness=112200
It 545: fitness=112200
It 550: fitness=112200
It 555: fitness=112200
It 560: fitness=112200
It 565: fitness=112200
It 570: fitness=112200
It 575: fitness=112200
It 580: fitness=112200
It 585: fitness=112200
It 590: fitness=112200
It 595: fitness=112200
It 600: fitness=112200
It 605: fitness=112200
It 610: fitness=112200
It 615: fitness=112200
It 620: fitness=112200
It 625: fitness=112200
It 630: fitness=112200
It 635: fitness=112200
It 640: fitness=112200
It 645: fitness=112200
It 650: fitness=112200
It 655: fitness=112200
It 660: fitness=112200
It 665: fitness=110900
It 670: fitness=110800
It 675: fitness=110800
It 680: fitness=110700
It 685: fitness=110700
It 690: fitness=110700
It 695: fitness=110700
It 700: fitness=110700
It 705: fitness=110700
It 710: fitness=110700
It 715: fitness=110700
It 720: fitness=110700
It 725: fitness=110600
It 730: fitness=110600
It 735: fitness=110600
It 740: fitness=110600
It 745: fitness=110600
It 750: fitness=110600
It 755: fitness=110600
It 760: fitness=110600
It 765: fitness=110600
It 770: fitness=110600
It 775: fitness=110600
It 780: fitness=110600
It 785: fitness=110600
It 790: fitness=110600
It 795: fitness=110600
It 800: fitness=110600
It 805: fitness=110600
It 810: fitness=110600
It 815: fitness=110600
It 820: fitness=110600
It 825: fitness=110600
It 830: fitness=110600
It 835: fitness=110600
It 840: fitness=110600
It 845: fitness=110600
It 850: fitness=110600
It 855: fitness=110600
It 860: fitness=110600
It 865: fitness=110600
It 870: fitness=110600
It 875: fitness=110600
It 880: fitness=110600
It 885: fitness=110600
It 890: fitness=110600
It 895: fitness=110600
It 900: fitness=110600
It 905: fitness=110600
It 910: fitness=110600
It 915: fitness=110600
It 920: fitness=110600
It 925: fitness=110600
It 930: fitness=110600
It 935: fitness=110600
It 940: fitness=110600
It 945: fitness=110600
It 950: fitness=110600
It 955: fitness=110600
It 960: fitness=110600
It 965: fitness=110600
It 970: fitness=110600
It 975: fitness=110600
It 980: fitness=110600
It 985: fitness=110600
It 990: fitness=110600
It 995: fitness=110600
It 1000: fitness=110600
It 1005: fitness=110600
It 1010: fitness=110600
It 1015: fitness=110600
It 1020: fitness=110600
It 1025: fitness=110600
It 1030: fitness=110600
It 1035: fitness=110600
It 1040: fitness=110600
It 1045: fitness=110600
It 1050: fitness=110600
It 1055: fitness=110600
It 1060: fitness=110600
It 1065: fitness=110600
It 1070: fitness=110600
It 1075: fitness=110600
It 1080: fitness=110600
It 1085: fitness=110600
It 1090: fitness=110600
It 1095: fitness=110600
It 1100: fitness=110600
It 1105: fitness=110600
It 1110: fitness=110600
It 1115: fitness=110600
It 1120: fitness=110600
It 1125: fitness=110600
It 1130: fitness=110600
It 1135: fitness=110600
It 1140: fitness=110600
It 1145: fitness=110600
It 1150: fitness=110600
It 1155: fitness=110600
It 1160: fitness=110600
It 1165: fitness=110600
It 1170: fitness=110600
It 1175: fitness=110600
It 1180: fitness=110600
It 1185: fitness=110600
It 1190: fitness=110600
It 1195: fitness=110600
It 1200: fitness=110600
It 1205: fitness=110600
It 1210: fitness=110600
It 1215: fitness=110600
It 1220: fitness=110600
It 1225: fitness=110600
It 1230: fitness=110600
It 1235: fitness=110600
It 1240: fitness=110600
It 1245: fitness=110600
It 1250: fitness=110600
It 1255: fitness=110600
It 1260: fitness=110600
It 1265: fitness=110600
It 1270: fitness=110600
It 1275: fitness=110600
It 1280: fitness=110600
It 1285: fitness=110600
It 1290: fitness=110600
It 1295: fitness=110600
It 1300: fitness=110600
It 1305: fitness=110600
It 1310: fitness=110600
It 1315: fitness=110600
It 1320: fitness=110600
It 1325: fitness=110600
It 1330: fitness=110600
It 1335: fitness=110600
It 1340: fitness=110600
It 1345: fitness=110600
It 1350: fitness=110600
It 1355: fitness=110600
It 1360: fitness=110600
It 1365: fitness=110600
It 1370: fitness=110600
It 1375: fitness=110600
It 1380: fitness=110600
It 1385: fitness=110600
It 1390: fitness=110600
It 1395: fitness=110600
It 1400: fitness=110600
It 1405: fitness=110600
It 1410: fitness=110600
It 1415: fitness=110600
It 1420: fitness=110600
It 1425: fitness=110600
It 1430: fitness=110600
It 1435: fitness=110600
It 1440: fitness=110600
It 1445: fitness=110600
It 1450: fitness=110600
It 1455: fitness=110600
It 1460: fitness=110600
It 1465: fitness=110600
It 1470: fitness=110600
It 1475: fitness=110600
It 1480: fitness=110600
It 1485: fitness=110600
It 1490: fitness=110600
It 1495: fitness=110600
It 1500: fitness=110600
It 1505: fitness=110600
It 1510: fitness=110600
It 1515: fitness=110600
It 1520: fitness=110600
It 1525: fitness=110600
It 1530: fitness=110600
It 1535: fitness=110600
It 1540: fitness=110600
It 1545: fitness=110600
It 1550: fitness=110600
It 1555: fitness=110600
It 1560: fitness=110600
It 1565: fitness=110600
It 1570: fitness=110600
It 1575: fitness=110600
It 1580: fitness=110600
It 1585: fitness=110600
It 1590: fitness=110600
It 1595: fitness=110600
It 1600: fitness=110600
It 1605: fitness=110600
It 1610: fitness=110600
It 1615: fitness=110600
It 1620: fitness=110600
It 1625: fitness=110600
It 1630: fitness=110600
It 1635: fitness=110600
It 1640: fitness=110600
It 1645: fitness=110600
It 1650: fitness=110600
It 1655: fitness=110600
It 1660: fitness=110600
It 1665: fitness=110600
It 1670: fitness=110600
It 1675: fitness=110600
It 1680: fitness=110600
It 1685: fitness=110600
It 1690: fitness=110600
It 1695: fitness=110600
It 1700: fitness=110600
It 1705: fitness=110600
It 1710: fitness=110600
It 1715: fitness=110600
It 1720: fitness=110600
It 1725: fitness=110600
It 1730: fitness=110600
It 1735: fitness=110600
It 1740: fitness=110600
It 1745: fitness=110600
It 1750: fitness=110600
It 1755: fitness=110600
It 1760: fitness=110600
It 1765: fitness=110600
It 1770: fitness=110600
It 1775: fitness=110600
It 1780: fitness=110600
It 1785: fitness=110600
It 1790: fitness=110600
It 1795: fitness=110600
It 1800: fitness=110600
It 1805: fitness=110600
It 1810: fitness=110600
It 1815: fitness=110600
It 1820: fitness=110600
It 1825: fitness=110600
It 1830: fitness=110600
It 1835: fitness=110600
It 1840: fitness=110600
It 1845: fitness=110600
It 1850: fitness=110600
It 1855: fitness=110600
It 1860: fitness=110600
It 1865: fitness=110600
Maximal number of iterations without improvement reached
>> Resamp_Iter 10 negLL: 110597.2 (ref:  96505.83 )
>> Resamp_params: 0.6599997 0.596617 0.4829023 0.5867787 0.5517784 0.5373549 0.5885811 0.615684 0.5528907 0.5865915 0.5477947 0.6599968 0.4901747 0.5503694 0.6367654 0.5886836 0.5595354 0.6008805 0.6607285 0.5890879 0.5412076 0.483434 0.6258358 0.311627 0.4504603 0.6092567 0.4900005 0.6999999 0.589704 0.6698095 0.5610146 0.001 0.9747239 1.030325 -499.9997 -66.86971 0.3950251 
