fit_results/data/globalcity_clean.txt_sd_03191603.log>>> Loading state data: Atlanta <<<
>>> Loading state data: Berlin <<<
>>> Loading state data: Boston <<<
>>> Loading state data: Chicago <<<
>>> Loading state data: Denver <<<
>>> Loading state data: Houston <<<
>>> Loading state data: Los Angeles <<<
>>> Loading state data: Madrid <<<
>>> Loading state data: Miami <<<
>>> Loading state data: Phoenix <<<
>>> Loading state data: Rome <<<
>>> Loading state data: Seattle <<<
>>> Loading state data: St Louis <<<
>>> Loading state data: Toronto <<<
>>> Loading state data: Birmingham <<<
>>> Loading state data: Cologne <<<
>>> Loading state data: Dallas <<<
>>> Loading state data: Hamburg <<<
>>> Loading state data: London <<<
>>> Loading state data: New York <<<
>>> Loading state data: Sacramento <<<
>>> Loading state data: San Diego <<<
>>> Loading state data: San Francisco <<<
>>> Loading state data: Stockholm <<<
>>> Loading state data: Stuttgart <<<
>>> Loading state data: Tucson <<<
>>> Loading state data: Melbourne <<<
>>> Loading state data: Santiago <<<
>>> Loading state data: Delhi <<<
>>> Loading state data: Vancouver <<<
>>> Loading state data: Mexico City <<<
 [1]    0.540    0.400    0.430    0.440    0.460    0.530    0.480    0.570
 [9]    0.540    0.450    0.470    0.440    0.470    0.470    0.400    0.450
[17]    0.530    0.410    0.400    0.450    0.480    0.480    0.490    0.300
[25]    0.450    0.440    0.490    0.540    0.450    0.430    0.550    0.001
[33]    0.800    0.600 -500.000 -500.000    0.000
 [1] 0.660 0.690 0.610 0.610 0.620 0.630 0.600 0.710 0.630 0.620 0.630 0.660
[13] 0.620 0.660 0.690 0.710 0.640 0.710 0.670 0.620 0.630 0.590 0.630 0.720
[25] 0.680 0.610 0.630 0.700 0.600 0.670 0.630 0.001 1.200 1.300 0.000 0.000
[37] 1.000
 [1]    0.5616531    0.5857182    0.5515381    0.5487872    0.5436690
 [6]    0.5326105    0.5999994    0.6127043    0.5435578    0.5752417
[11]    0.5403226    0.6599999    0.6199999    0.5482508    0.6396637
[16]    0.7099759    0.5524150    0.5933308    0.6551963    0.5901898
[21]    0.5353083    0.4977788    0.5328646    0.6337159    0.5756330
[26]    0.5774914    0.4900002    0.5706977    0.5274690    0.5792556
[31]    0.5523559    0.0010000    0.9568725    1.3000000 -499.9944096
[36]  -91.9769067    0.4173210
 [1]    0.5900000    0.5900000    0.5900000    0.5900000    0.5900000
 [6]    0.5900000    0.5900000    0.5900000    0.5900000    0.5900000
[11]    0.5900000    0.5900000    0.5900000    0.5900000    0.5900000
[16]    0.5900000    0.5900000    0.5900000    0.5900000    0.5900000
[21]    0.5900000    0.5900000    0.5900000    0.5900000    0.5900000
[26]    0.5900000    0.5900000    0.5900000    0.5900000    0.5900000
[31]    0.5900000    0.0010000    0.9568725    1.3000000 -499.9944096
[36]  -91.9769067    0.4173210
96 cores seen; limit to 18 cores
 [1]    0.5616531    0.5857182    0.5515381    0.5487872    0.5436690
 [6]    0.5326105    0.5999994    0.6127043    0.5435578    0.5752417
[11]    0.5403226    0.6599999    0.6199999    0.5482508    0.6396637
[16]    0.7099759    0.5524150    0.5933308    0.6551963    0.5901898
[21]    0.5353083    0.4977788    0.5328646    0.6337159    0.5756330
[26]    0.5774914    0.4900002    0.5706977    0.5274690    0.5792556
[31]    0.5523559    0.0010000    0.9568725    1.3000000 -499.9944096
[36]  -91.9769067    0.4173210
>> sd Resamp 1 : 3 17 3 2 2 26 21 24 30 24 31 6 20 25 14 22 10 30 19 13 29 28 14 17 26 26 3 25 7 10 29 
>> Opt param @ resamp: 91483.44 
S=22, K=3, p=0.1303, w0=0.7213, w1=0.7213, c.p=1.193, c.g=1.193
v.max=NA, d=6.083, vectorize=FALSE, hybrid=off
It 5: fitness=202700
It 10: fitness=161700
It 15: fitness=152000
It 20: fitness=147500
It 25: fitness=137100
It 30: fitness=131900
It 35: fitness=124800
It 40: fitness=123800
It 45: fitness=119700
It 50: fitness=116700
It 55: fitness=112500
It 60: fitness=109100
It 65: fitness=109100
It 70: fitness=109100
It 75: fitness=109100
It 80: fitness=108800
It 85: fitness=106100
It 90: fitness=105000
It 95: fitness=105000
It 100: fitness=102100
It 105: fitness=102100
It 110: fitness=101900
It 115: fitness=100300
It 120: fitness=99980
It 125: fitness=98030
It 130: fitness=96670
It 135: fitness=95810
It 140: fitness=94800
It 145: fitness=94800
It 150: fitness=94680
It 155: fitness=94010
It 160: fitness=93760
It 165: fitness=92970
It 170: fitness=92170
It 175: fitness=92040
It 180: fitness=91750
It 185: fitness=91560
It 190: fitness=91400
It 195: fitness=91330
It 200: fitness=91320
It 205: fitness=91200
It 210: fitness=91130
It 215: fitness=91110
It 220: fitness=91010
It 225: fitness=90920
It 230: fitness=90860
It 235: fitness=90760
It 240: fitness=90670
It 245: fitness=90620
It 250: fitness=90530
It 255: fitness=90500
It 260: fitness=90450
It 265: fitness=90380
It 270: fitness=90310
It 275: fitness=90290
It 280: fitness=90210
It 285: fitness=90190
It 290: fitness=90190
It 295: fitness=90150
It 300: fitness=90120
It 305: fitness=90090
It 310: fitness=90070
It 315: fitness=90050
It 320: fitness=90040
It 325: fitness=90030
It 330: fitness=90020
It 335: fitness=90020
It 340: fitness=90010
It 345: fitness=90000
It 350: fitness=89990
It 355: fitness=89990
It 360: fitness=89990
It 365: fitness=89980
It 370: fitness=89980
It 375: fitness=89980
It 380: fitness=89970
It 385: fitness=89970
It 390: fitness=89970
It 395: fitness=89970
It 400: fitness=89970
It 405: fitness=89970
It 410: fitness=89970
It 415: fitness=89970
It 420: fitness=89970
It 425: fitness=89970
It 430: fitness=89960
It 435: fitness=89960
It 440: fitness=89960
It 445: fitness=89960
It 450: fitness=89960
It 455: fitness=89960
It 460: fitness=89960
It 465: fitness=89960
It 470: fitness=89960
It 475: fitness=89960
It 480: fitness=89960
It 485: fitness=89960
It 490: fitness=89960
It 495: fitness=89960
It 500: fitness=89960
It 505: fitness=89960
It 510: fitness=89960
It 515: fitness=89960
It 520: fitness=89960
It 525: fitness=89960
It 530: fitness=89960
It 535: fitness=89960
It 540: fitness=89960
It 545: fitness=89960
It 550: fitness=89960
It 555: fitness=89960
It 560: fitness=89960
It 565: fitness=89960
It 570: fitness=89960
It 575: fitness=89960
It 580: fitness=89960
It 585: fitness=89960
It 590: fitness=89960
It 595: fitness=89960
It 600: fitness=89960
It 605: fitness=89960
It 610: fitness=89960
It 615: fitness=89960
It 620: fitness=89960
It 625: fitness=89960
It 630: fitness=89960
It 635: fitness=89960
It 640: fitness=89960
It 645: fitness=89960
It 650: fitness=89960
It 655: fitness=89960
It 660: fitness=89960
It 665: fitness=89960
It 670: fitness=89960
It 675: fitness=89960
It 680: fitness=89960
It 685: fitness=89960
It 690: fitness=89960
It 695: fitness=89960
It 700: fitness=89960
It 705: fitness=89960
It 710: fitness=89960
It 715: fitness=89960
It 720: fitness=89960
It 725: fitness=89960
It 730: fitness=89960
It 735: fitness=89960
It 740: fitness=89960
It 745: fitness=89960
It 750: fitness=89960
It 755: fitness=89960
It 760: fitness=89960
It 765: fitness=89960
It 770: fitness=89960
It 775: fitness=89960
It 780: fitness=89960
It 785: fitness=89960
It 790: fitness=89960
It 795: fitness=89960
It 800: fitness=89960
It 805: fitness=89960
It 810: fitness=89960
It 815: fitness=89960
It 820: fitness=89960
It 825: fitness=89960
It 830: fitness=89960
It 835: fitness=89960
It 840: fitness=89960
It 845: fitness=89960
It 850: fitness=89960
It 855: fitness=89960
It 860: fitness=89960
It 865: fitness=89960
It 870: fitness=89960
It 875: fitness=89960
It 880: fitness=89960
It 885: fitness=89960
It 890: fitness=89960
It 895: fitness=89960
It 900: fitness=89960
It 905: fitness=89960
It 910: fitness=89960
It 915: fitness=89960
It 920: fitness=89960
It 925: fitness=89960
It 930: fitness=89960
It 935: fitness=89960
It 940: fitness=89960
It 945: fitness=89960
It 950: fitness=89960
It 955: fitness=89960
It 960: fitness=89960
It 965: fitness=89960
It 970: fitness=89960
It 975: fitness=89960
It 980: fitness=89960
It 985: fitness=89960
It 990: fitness=89960
It 995: fitness=89960
It 1000: fitness=89960
It 1005: fitness=89960
It 1010: fitness=89960
It 1015: fitness=89960
It 1020: fitness=89960
It 1025: fitness=89960
It 1030: fitness=89960
It 1035: fitness=89960
It 1040: fitness=89960
It 1045: fitness=89960
It 1050: fitness=89960
It 1055: fitness=89960
It 1060: fitness=89960
It 1065: fitness=89960
It 1070: fitness=89960
It 1075: fitness=89960
It 1080: fitness=89960
It 1085: fitness=89960
It 1090: fitness=89960
It 1095: fitness=89960
It 1100: fitness=89960
It 1105: fitness=89960
It 1110: fitness=89960
It 1115: fitness=89960
It 1120: fitness=89960
It 1125: fitness=89960
It 1130: fitness=89960
It 1135: fitness=89960
It 1140: fitness=89960
It 1145: fitness=89960
It 1150: fitness=89960
It 1155: fitness=89960
It 1160: fitness=89960
It 1165: fitness=89960
It 1170: fitness=89960
It 1175: fitness=89960
It 1180: fitness=89960
It 1185: fitness=89960
It 1190: fitness=89960
It 1195: fitness=89960
It 1200: fitness=89960
It 1205: fitness=89960
It 1210: fitness=89960
It 1215: fitness=89960
It 1220: fitness=89960
It 1225: fitness=89960
It 1230: fitness=89960
It 1235: fitness=89960
It 1240: fitness=89960
It 1245: fitness=89960
It 1250: fitness=89960
It 1255: fitness=89960
It 1260: fitness=89960
It 1265: fitness=89960
It 1270: fitness=89960
It 1275: fitness=89960
It 1280: fitness=89960
It 1285: fitness=89960
It 1290: fitness=89960
It 1295: fitness=89960
It 1300: fitness=89960
It 1305: fitness=89960
It 1310: fitness=89960
It 1315: fitness=89960
It 1320: fitness=89960
It 1325: fitness=89960
It 1330: fitness=89960
It 1335: fitness=89960
It 1340: fitness=89960
It 1345: fitness=89960
Maximal number of iterations without improvement reached
>> Resamp_Iter 1 negLL: 89957.72 (ref:  91483.44 )
>> Resamp_params: 0.5645007 0.5873734 0.5500416 0.6038519 0.6191849 0.5341487 0.5992859 0.6989794 0.5704525 0.5760197 0.4944497 0.4410148 0.5480096 0.5501672 0.4439578 0.4799699 0.5542341 0.437343 0.6594535 0.5881346 0.537135 0.4998983 0.6289839 0.6385474 0.5778923 0.5778049 0.5321732 0.570978 0.5259081 0.5814745 0.5547775 0.001 0.9601034 1.275096 -499.9979 -87.89301 0.4100839 
 [1]    0.5616531    0.5857182    0.5515381    0.5487872    0.5436690
 [6]    0.5326105    0.5999994    0.6127043    0.5435578    0.5752417
[11]    0.5403226    0.6599999    0.6199999    0.5482508    0.6396637
[16]    0.7099759    0.5524150    0.5933308    0.6551963    0.5901898
[21]    0.5353083    0.4977788    0.5328646    0.6337159    0.5756330
[26]    0.5774914    0.4900002    0.5706977    0.5274690    0.5792556
[31]    0.5523559    0.0010000    0.9568725    1.3000000 -499.9944096
[36]  -91.9769067    0.4173210
>> sd Resamp 2 : 31 22 4 1 6 9 20 9 13 28 22 9 18 25 4 16 31 14 17 21 20 20 14 16 8 16 3 11 24 12 27 
>> Opt param @ resamp: 108089.8 
S=22, K=3, p=0.1303, w0=0.7213, w1=0.7213, c.p=1.193, c.g=1.193
v.max=NA, d=6.083, vectorize=FALSE, hybrid=off
It 5: fitness=253100
It 10: fitness=253100
It 15: fitness=244800
It 20: fitness=236900
It 25: fitness=227400
It 30: fitness=216800
It 35: fitness=211500
It 40: fitness=193800
It 45: fitness=184000
It 50: fitness=180200
It 55: fitness=173500
It 60: fitness=171900
It 65: fitness=166200
It 70: fitness=162800
It 75: fitness=162800
It 80: fitness=157800
It 85: fitness=153500
It 90: fitness=152900
It 95: fitness=150600
It 100: fitness=147900
It 105: fitness=144600
It 110: fitness=141300
It 115: fitness=136200
It 120: fitness=135000
It 125: fitness=132900
It 130: fitness=131300
It 135: fitness=130000
It 140: fitness=128200
It 145: fitness=126800
It 150: fitness=126000
It 155: fitness=124800
It 160: fitness=124400
It 165: fitness=123700
It 170: fitness=123600
It 175: fitness=123100
It 180: fitness=122900
It 185: fitness=122600
It 190: fitness=122400
It 195: fitness=122200
It 200: fitness=122100
It 205: fitness=122000
It 210: fitness=121900
It 215: fitness=121800
It 220: fitness=121700
It 225: fitness=121700
It 230: fitness=121500
It 235: fitness=121500
It 240: fitness=121300
It 245: fitness=121200
It 250: fitness=121100
It 255: fitness=121000
It 260: fitness=120900
It 265: fitness=120800
It 270: fitness=120700
It 275: fitness=120600
It 280: fitness=120600
It 285: fitness=120500
It 290: fitness=120500
It 295: fitness=120400
It 300: fitness=120400
It 305: fitness=120300
It 310: fitness=120300
It 315: fitness=120200
It 320: fitness=120200
It 325: fitness=120200
It 330: fitness=120200
It 335: fitness=120200
It 340: fitness=120100
It 345: fitness=120100
It 350: fitness=120100
It 355: fitness=120100
It 360: fitness=120100
It 365: fitness=120100
It 370: fitness=120100
It 375: fitness=120100
It 380: fitness=120000
It 385: fitness=120000
It 390: fitness=120000
It 395: fitness=120000
It 400: fitness=120000
It 405: fitness=120000
It 410: fitness=120000
It 415: fitness=120000
It 420: fitness=120000
It 425: fitness=120000
It 430: fitness=120000
It 435: fitness=120000
It 440: fitness=120000
It 445: fitness=120000
It 450: fitness=120000
It 455: fitness=120000
It 460: fitness=120000
It 465: fitness=120000
It 470: fitness=120000
It 475: fitness=120000
It 480: fitness=120000
It 485: fitness=120000
It 490: fitness=120000
It 495: fitness=120000
It 500: fitness=120000
It 505: fitness=120000
It 510: fitness=120000
It 515: fitness=120000
It 520: fitness=120000
It 525: fitness=120000
It 530: fitness=120000
It 535: fitness=120000
It 540: fitness=120000
It 545: fitness=120000
It 550: fitness=120000
It 555: fitness=120000
It 560: fitness=120000
It 565: fitness=120000
It 570: fitness=120000
It 575: fitness=120000
It 580: fitness=120000
It 585: fitness=120000
It 590: fitness=120000
It 595: fitness=120000
It 600: fitness=120000
It 605: fitness=120000
It 610: fitness=120000
It 615: fitness=120000
It 620: fitness=120000
It 625: fitness=120000
It 630: fitness=120000
It 635: fitness=120000
It 640: fitness=120000
It 645: fitness=120000
It 650: fitness=120000
It 655: fitness=120000
It 660: fitness=120000
It 665: fitness=120000
It 670: fitness=120000
It 675: fitness=120000
It 680: fitness=120000
It 685: fitness=120000
It 690: fitness=120000
It 695: fitness=120000
It 700: fitness=120000
It 705: fitness=120000
It 710: fitness=120000
It 715: fitness=120000
It 720: fitness=120000
It 725: fitness=120000
It 730: fitness=120000
It 735: fitness=120000
It 740: fitness=120000
It 745: fitness=120000
It 750: fitness=120000
It 755: fitness=120000
It 760: fitness=120000
It 765: fitness=120000
It 770: fitness=120000
It 775: fitness=120000
It 780: fitness=120000
It 785: fitness=120000
It 790: fitness=120000
It 795: fitness=120000
It 800: fitness=120000
It 805: fitness=120000
It 810: fitness=120000
It 815: fitness=120000
It 820: fitness=120000
It 825: fitness=120000
It 830: fitness=120000
It 835: fitness=120000
It 840: fitness=120000
It 845: fitness=120000
It 850: fitness=120000
It 855: fitness=120000
It 860: fitness=120000
It 865: fitness=120000
It 870: fitness=120000
It 875: fitness=120000
It 880: fitness=120000
It 885: fitness=120000
It 890: fitness=120000
It 895: fitness=120000
It 900: fitness=120000
It 905: fitness=120000
It 910: fitness=120000
It 915: fitness=120000
It 920: fitness=120000
It 925: fitness=120000
It 930: fitness=120000
It 935: fitness=120000
It 940: fitness=120000
It 945: fitness=120000
It 950: fitness=120000
It 955: fitness=120000
It 960: fitness=120000
It 965: fitness=120000
It 970: fitness=120000
It 975: fitness=120000
It 980: fitness=120000
It 985: fitness=120000
It 990: fitness=120000
It 995: fitness=120000
It 1000: fitness=120000
It 1005: fitness=120000
It 1010: fitness=120000
It 1015: fitness=120000
It 1020: fitness=120000
It 1025: fitness=120000
It 1030: fitness=120000
It 1035: fitness=120000
It 1040: fitness=120000
It 1045: fitness=120000
It 1050: fitness=120000
It 1055: fitness=120000
It 1060: fitness=120000
It 1065: fitness=120000
It 1070: fitness=120000
It 1075: fitness=120000
It 1080: fitness=120000
It 1085: fitness=120000
It 1090: fitness=120000
It 1095: fitness=120000
It 1100: fitness=120000
It 1105: fitness=120000
It 1110: fitness=120000
It 1115: fitness=120000
It 1120: fitness=120000
It 1125: fitness=120000
It 1130: fitness=120000
It 1135: fitness=120000
It 1140: fitness=120000
It 1145: fitness=120000
It 1150: fitness=120000
It 1155: fitness=120000
It 1160: fitness=120000
It 1165: fitness=120000
It 1170: fitness=120000
It 1175: fitness=120000
It 1180: fitness=120000
It 1185: fitness=120000
It 1190: fitness=120000
It 1195: fitness=120000
It 1200: fitness=120000
It 1205: fitness=120000
It 1210: fitness=120000
It 1215: fitness=120000
It 1220: fitness=120000
It 1225: fitness=120000
It 1230: fitness=120000
It 1235: fitness=120000
It 1240: fitness=120000
It 1245: fitness=120000
It 1250: fitness=120000
It 1255: fitness=120000
It 1260: fitness=120000
It 1265: fitness=120000
It 1270: fitness=120000
It 1275: fitness=120000
It 1280: fitness=120000
It 1285: fitness=120000
It 1290: fitness=120000
It 1295: fitness=120000
It 1300: fitness=120000
It 1305: fitness=120000
It 1310: fitness=120000
It 1315: fitness=120000
It 1320: fitness=120000
It 1325: fitness=120000
It 1330: fitness=120000
It 1335: fitness=120000
It 1340: fitness=120000
It 1345: fitness=120000
It 1350: fitness=120000
It 1355: fitness=120000
It 1360: fitness=120000
It 1365: fitness=120000
It 1370: fitness=120000
It 1375: fitness=120000
It 1380: fitness=120000
It 1385: fitness=120000
It 1390: fitness=120000
It 1395: fitness=120000
It 1400: fitness=120000
It 1405: fitness=120000
It 1410: fitness=120000
It 1415: fitness=120000
It 1420: fitness=120000
It 1425: fitness=120000
It 1430: fitness=120000
It 1435: fitness=120000
It 1440: fitness=120000
It 1445: fitness=120000
It 1450: fitness=120000
It 1455: fitness=120000
It 1460: fitness=120000
It 1465: fitness=120000
It 1470: fitness=120000
It 1475: fitness=120000
It 1480: fitness=120000
It 1485: fitness=120000
It 1490: fitness=120000
It 1495: fitness=120000
It 1500: fitness=120000
It 1505: fitness=120000
It 1510: fitness=120000
It 1515: fitness=120000
It 1520: fitness=120000
It 1525: fitness=120000
It 1530: fitness=120000
It 1535: fitness=120000
It 1540: fitness=120000
It 1545: fitness=120000
It 1550: fitness=120000
It 1555: fitness=120000
It 1560: fitness=120000
It 1565: fitness=120000
It 1570: fitness=120000
It 1575: fitness=120000
It 1580: fitness=120000
It 1585: fitness=120000
It 1590: fitness=120000
It 1595: fitness=120000
It 1600: fitness=120000
It 1605: fitness=120000
It 1610: fitness=120000
It 1615: fitness=120000
It 1620: fitness=120000
It 1625: fitness=120000
It 1630: fitness=120000
It 1635: fitness=120000
It 1640: fitness=120000
It 1645: fitness=120000
It 1650: fitness=120000
It 1655: fitness=120000
It 1660: fitness=120000
It 1665: fitness=120000
It 1670: fitness=120000
It 1675: fitness=120000
It 1680: fitness=120000
It 1685: fitness=120000
It 1690: fitness=120000
It 1695: fitness=120000
It 1700: fitness=120000
It 1705: fitness=120000
It 1710: fitness=120000
It 1715: fitness=120000
It 1720: fitness=120000
It 1725: fitness=120000
It 1730: fitness=120000
It 1735: fitness=120000
It 1740: fitness=120000
It 1745: fitness=120000
It 1750: fitness=120000
It 1755: fitness=120000
It 1760: fitness=120000
It 1765: fitness=120000
It 1770: fitness=120000
It 1775: fitness=120000
It 1780: fitness=120000
It 1785: fitness=120000
It 1790: fitness=120000
It 1795: fitness=120000
It 1800: fitness=120000
It 1805: fitness=120000
It 1810: fitness=120000
It 1815: fitness=120000
It 1820: fitness=120000
It 1825: fitness=120000
It 1830: fitness=120000
It 1835: fitness=120000
It 1840: fitness=120000
Maximal number of iterations without improvement reached
>> Resamp_Iter 2 negLL: 120010.8 (ref:  108089.8 )
>> Resamp_params: 0.5642884 0.423647 0.5522253 0.5501894 0.5122154 0.5348073 0.4822785 0.6171868 0.5462736 0.6196578 0.5450529 0.6599984 0.5492819 0.5543333 0.6898087 0.7071723 0.64 0.6056924 0.4545471 0.5901143 0.6299997 0.59 0.5210084 0.6162497 0.6799883 0.440657 0.4901001 0.5748752 0.5930656 0.6684386 0.5551166 0.001 0.9282866 1.299999 -499.9907 -73.93679 0.4097073 
 [1]    0.5616531    0.5857182    0.5515381    0.5487872    0.5436690
 [6]    0.5326105    0.5999994    0.6127043    0.5435578    0.5752417
[11]    0.5403226    0.6599999    0.6199999    0.5482508    0.6396637
[16]    0.7099759    0.5524150    0.5933308    0.6551963    0.5901898
[21]    0.5353083    0.4977788    0.5328646    0.6337159    0.5756330
[26]    0.5774914    0.4900002    0.5706977    0.5274690    0.5792556
[31]    0.5523559    0.0010000    0.9568725    1.3000000 -499.9944096
[36]  -91.9769067    0.4173210
>> sd Resamp 3 : 2 9 7 25 5 12 24 23 2 22 20 22 28 22 25 6 12 11 13 7 26 5 16 11 13 25 19 16 3 20 16 
>> Opt param @ resamp: 91409.17 
S=22, K=3, p=0.1303, w0=0.7213, w1=0.7213, c.p=1.193, c.g=1.193
v.max=NA, d=6.083, vectorize=FALSE, hybrid=off
It 5: fitness=187500
It 10: fitness=178500
It 15: fitness=164600
It 20: fitness=141800
It 25: fitness=141000
It 30: fitness=129600
It 35: fitness=128200
It 40: fitness=121900
It 45: fitness=120000
It 50: fitness=116400
It 55: fitness=108600
It 60: fitness=105100
It 65: fitness=103000
It 70: fitness=102000
It 75: fitness=100700
It 80: fitness=100100
It 85: fitness=99040
It 90: fitness=98420
It 95: fitness=97190
It 100: fitness=96430
It 105: fitness=95720
It 110: fitness=95210
It 115: fitness=94810
It 120: fitness=94250
It 125: fitness=94170
It 130: fitness=94130
It 135: fitness=93990
It 140: fitness=93870
It 145: fitness=93790
It 150: fitness=93700
It 155: fitness=93630
It 160: fitness=93560
It 165: fitness=93470
It 170: fitness=93440
It 175: fitness=93410
It 180: fitness=93320
It 185: fitness=93290
It 190: fitness=93260
It 195: fitness=93250
It 200: fitness=93230
It 205: fitness=93230
It 210: fitness=93220
It 215: fitness=93220
It 220: fitness=93210
It 225: fitness=93200
It 230: fitness=93200
It 235: fitness=93200
It 240: fitness=93190
It 245: fitness=93190
It 250: fitness=93180
It 255: fitness=93180
It 260: fitness=93170
It 265: fitness=93160
It 270: fitness=93160
It 275: fitness=93160
It 280: fitness=93160
It 285: fitness=93150
It 290: fitness=93150
It 295: fitness=93150
It 300: fitness=93140
It 305: fitness=93140
It 310: fitness=93140
It 315: fitness=93140
It 320: fitness=93140
It 325: fitness=93140
It 330: fitness=93140
It 335: fitness=93140
It 340: fitness=93140
It 345: fitness=93140
It 350: fitness=93140
It 355: fitness=93140
It 360: fitness=93140
It 365: fitness=93140
It 370: fitness=93140
It 375: fitness=93140
It 380: fitness=93140
It 385: fitness=93140
It 390: fitness=93130
It 395: fitness=93130
It 400: fitness=93130
It 405: fitness=93130
It 410: fitness=93130
It 415: fitness=93130
It 420: fitness=93130
It 425: fitness=93130
It 430: fitness=93130
It 435: fitness=93130
It 440: fitness=93130
It 445: fitness=93130
It 450: fitness=93130
It 455: fitness=93130
It 460: fitness=93130
It 465: fitness=93130
It 470: fitness=93130
It 475: fitness=93130
It 480: fitness=93130
It 485: fitness=93130
It 490: fitness=93130
It 495: fitness=93130
It 500: fitness=93130
It 505: fitness=93130
It 510: fitness=93130
It 515: fitness=93130
It 520: fitness=93130
It 525: fitness=93130
It 530: fitness=93130
It 535: fitness=93130
It 540: fitness=93130
It 545: fitness=93130
It 550: fitness=93130
It 555: fitness=93130
It 560: fitness=93130
It 565: fitness=93130
It 570: fitness=93130
It 575: fitness=93130
It 580: fitness=93130
It 585: fitness=93130
It 590: fitness=93130
It 595: fitness=93130
It 600: fitness=93130
It 605: fitness=93130
It 610: fitness=93130
It 615: fitness=93130
It 620: fitness=93130
It 625: fitness=93130
It 630: fitness=93130
It 635: fitness=93130
It 640: fitness=93130
It 645: fitness=93130
It 650: fitness=93130
It 655: fitness=93130
It 660: fitness=93130
It 665: fitness=93130
It 670: fitness=93130
It 675: fitness=93130
It 680: fitness=93130
It 685: fitness=93130
It 690: fitness=93130
It 695: fitness=93130
It 700: fitness=93130
It 705: fitness=93130
It 710: fitness=93130
It 715: fitness=93130
It 720: fitness=93130
It 725: fitness=93130
It 730: fitness=93130
It 735: fitness=93130
It 740: fitness=93130
It 745: fitness=93130
It 750: fitness=93130
It 755: fitness=93130
It 760: fitness=93130
It 765: fitness=93130
It 770: fitness=93130
It 775: fitness=93130
It 780: fitness=93130
It 785: fitness=93130
It 790: fitness=93130
It 795: fitness=93130
It 800: fitness=93130
It 805: fitness=93130
It 810: fitness=93130
It 815: fitness=93130
It 820: fitness=93130
It 825: fitness=93130
It 830: fitness=93130
It 835: fitness=93130
It 840: fitness=93130
It 845: fitness=93130
It 850: fitness=93130
It 855: fitness=93130
It 860: fitness=93130
It 865: fitness=93130
It 870: fitness=93130
It 875: fitness=93130
It 880: fitness=93130
It 885: fitness=93130
It 890: fitness=93130
It 895: fitness=93130
It 900: fitness=93130
It 905: fitness=93130
It 910: fitness=93130
It 915: fitness=93130
It 920: fitness=93130
It 925: fitness=93130
It 930: fitness=93130
It 935: fitness=93130
It 940: fitness=93130
It 945: fitness=93130
It 950: fitness=93130
It 955: fitness=93130
It 960: fitness=93130
It 965: fitness=93130
It 970: fitness=93130
It 975: fitness=93130
It 980: fitness=93130
It 985: fitness=93130
It 990: fitness=93130
It 995: fitness=93130
It 1000: fitness=93130
It 1005: fitness=93130
It 1010: fitness=93130
It 1015: fitness=93130
It 1020: fitness=93130
It 1025: fitness=93130
It 1030: fitness=93130
It 1035: fitness=93130
It 1040: fitness=93130
It 1045: fitness=93130
It 1050: fitness=93130
It 1055: fitness=93130
It 1060: fitness=93130
It 1065: fitness=93130
It 1070: fitness=93130
It 1075: fitness=93130
It 1080: fitness=93130
It 1085: fitness=93130
It 1090: fitness=93130
It 1095: fitness=93130
It 1100: fitness=93130
It 1105: fitness=93130
It 1110: fitness=93130
It 1115: fitness=93130
It 1120: fitness=93130
It 1125: fitness=93130
It 1130: fitness=93130
It 1135: fitness=93130
It 1140: fitness=93130
It 1145: fitness=93130
It 1150: fitness=93130
It 1155: fitness=93130
It 1160: fitness=93130
It 1165: fitness=93130
It 1170: fitness=93130
It 1175: fitness=93130
It 1180: fitness=93130
It 1185: fitness=93130
It 1190: fitness=93130
It 1195: fitness=93130
It 1200: fitness=93130
It 1205: fitness=93130
It 1210: fitness=93130
It 1215: fitness=93130
It 1220: fitness=93130
It 1225: fitness=93130
It 1230: fitness=93130
It 1235: fitness=93130
It 1240: fitness=93130
It 1245: fitness=93130
It 1250: fitness=93130
It 1255: fitness=93130
It 1260: fitness=93130
It 1265: fitness=93130
It 1270: fitness=93130
It 1275: fitness=93130
It 1280: fitness=93130
It 1285: fitness=93130
It 1290: fitness=93130
It 1295: fitness=93130
It 1300: fitness=93130
It 1305: fitness=93130
It 1310: fitness=93130
It 1315: fitness=93130
It 1320: fitness=93130
It 1325: fitness=93130
It 1330: fitness=93130
It 1335: fitness=93130
It 1340: fitness=93130
It 1345: fitness=93130
It 1350: fitness=93130
It 1355: fitness=93130
It 1360: fitness=93130
It 1365: fitness=93130
It 1370: fitness=93130
It 1375: fitness=93130
It 1380: fitness=93130
It 1385: fitness=93130
It 1390: fitness=93130
It 1395: fitness=93130
It 1400: fitness=93130
It 1405: fitness=93130
It 1410: fitness=93130
It 1415: fitness=93130
It 1420: fitness=93130
It 1425: fitness=93130
It 1430: fitness=93130
It 1435: fitness=93130
It 1440: fitness=93130
It 1445: fitness=93130
It 1450: fitness=93130
It 1455: fitness=93130
It 1460: fitness=93130
It 1465: fitness=93130
It 1470: fitness=93130
It 1475: fitness=93130
It 1480: fitness=93130
It 1485: fitness=93130
It 1490: fitness=93130
It 1495: fitness=93130
It 1500: fitness=93130
It 1505: fitness=93130
It 1510: fitness=93130
It 1515: fitness=93130
It 1520: fitness=93130
It 1525: fitness=93130
It 1530: fitness=93130
It 1535: fitness=93130
It 1540: fitness=93130
It 1545: fitness=93130
It 1550: fitness=93130
It 1555: fitness=93130
It 1560: fitness=93130
It 1565: fitness=93130
It 1570: fitness=93130
It 1575: fitness=93130
It 1580: fitness=93130
Maximal number of iterations without improvement reached
>> Resamp_Iter 3 negLL: 93129.58 (ref:  91409.17 )
>> Resamp_params: 0.659813 0.583707 0.5492946 0.4952771 0.5412757 0.5316946 0.6 0.6059362 0.6179109 0.5666183 0.5397728 0.6599998 0.5455334 0.5492051 0.5432641 0.7099913 0.6348463 0.5479618 0.6549817 0.5890915 0.6147176 0.4972914 0.5325656 0.6349711 0.574487 0.5762137 0.5885219 0.5679293 0.5701963 0.4622109 0.5637895 0.001 0.9604782 1.299998 -464.2924 -103.2422 0.4196945 
 [1]    0.5616531    0.5857182    0.5515381    0.5487872    0.5436690
 [6]    0.5326105    0.5999994    0.6127043    0.5435578    0.5752417
[11]    0.5403226    0.6599999    0.6199999    0.5482508    0.6396637
[16]    0.7099759    0.5524150    0.5933308    0.6551963    0.5901898
[21]    0.5353083    0.4977788    0.5328646    0.6337159    0.5756330
[26]    0.5774914    0.4900002    0.5706977    0.5274690    0.5792556
[31]    0.5523559    0.0010000    0.9568725    1.3000000 -499.9944096
[36]  -91.9769067    0.4173210
>> sd Resamp 4 : 20 5 27 29 31 31 31 8 28 22 26 18 6 10 5 12 16 2 31 27 9 13 6 2 16 28 8 28 3 27 26 
>> Opt param @ resamp: 77691.88 
S=22, K=3, p=0.1303, w0=0.7213, w1=0.7213, c.p=1.193, c.g=1.193
v.max=NA, d=6.083, vectorize=FALSE, hybrid=off
It 5: fitness=196900
It 10: fitness=193300
It 15: fitness=193300
It 20: fitness=192400
It 25: fitness=190400
It 30: fitness=189600
It 35: fitness=189300
It 40: fitness=189300
It 45: fitness=188400
It 50: fitness=187100
It 55: fitness=186900
It 60: fitness=185100
It 65: fitness=179900
It 70: fitness=171700
It 75: fitness=167200
It 80: fitness=164400
It 85: fitness=156300
It 90: fitness=152500
It 95: fitness=149900
It 100: fitness=146200
It 105: fitness=145600
It 110: fitness=144000
It 115: fitness=143200
It 120: fitness=141700
It 125: fitness=140700
It 130: fitness=139200
It 135: fitness=138400
It 140: fitness=137400
It 145: fitness=136600
It 150: fitness=135900
It 155: fitness=135400
It 160: fitness=135100
It 165: fitness=134500
It 170: fitness=133400
It 175: fitness=130400
It 180: fitness=128700
It 185: fitness=127100
It 190: fitness=124900
It 195: fitness=123200
It 200: fitness=122100
It 205: fitness=118800
It 210: fitness=117800
It 215: fitness=117800
It 220: fitness=117400
It 225: fitness=116700
It 230: fitness=116300
It 235: fitness=115700
It 240: fitness=115500
It 245: fitness=114900
It 250: fitness=114500
It 255: fitness=114000
It 260: fitness=113000
It 265: fitness=111800
It 270: fitness=111500
It 275: fitness=111300
It 280: fitness=111000
It 285: fitness=110900
It 290: fitness=110700
It 295: fitness=110600
It 300: fitness=110400
It 305: fitness=110300
It 310: fitness=110200
It 315: fitness=110200
It 320: fitness=110200
It 325: fitness=110100
It 330: fitness=110000
It 335: fitness=109900
It 340: fitness=109800
It 345: fitness=109700
It 350: fitness=109700
It 355: fitness=109700
It 360: fitness=109600
It 365: fitness=109500
It 370: fitness=109500
It 375: fitness=109500
It 380: fitness=109500
It 385: fitness=109500
It 390: fitness=109500
It 395: fitness=109400
It 400: fitness=109400
It 405: fitness=109400
It 410: fitness=109400
It 415: fitness=109300
It 420: fitness=108100
It 425: fitness=108000
It 430: fitness=108000
It 435: fitness=107900
It 440: fitness=107900
It 445: fitness=107900
It 450: fitness=107900
It 455: fitness=107900
It 460: fitness=107900
It 465: fitness=107900
It 470: fitness=107900
It 475: fitness=107900
It 480: fitness=107900
It 485: fitness=107900
It 490: fitness=107900
It 495: fitness=107900
It 500: fitness=107900
It 505: fitness=107900
It 510: fitness=107900
It 515: fitness=107900
It 520: fitness=107900
It 525: fitness=107800
It 530: fitness=107800
It 535: fitness=107800
It 540: fitness=107800
It 545: fitness=107800
It 550: fitness=107800
It 555: fitness=107800
It 560: fitness=107800
It 565: fitness=107800
It 570: fitness=107800
It 575: fitness=107800
It 580: fitness=107800
It 585: fitness=107800
It 590: fitness=107800
It 595: fitness=107800
It 600: fitness=107800
It 605: fitness=107800
It 610: fitness=107800
It 615: fitness=107800
It 620: fitness=107800
It 625: fitness=107800
It 630: fitness=107800
It 635: fitness=107800
It 640: fitness=107800
It 645: fitness=107800
It 650: fitness=107800
It 655: fitness=107800
It 660: fitness=107800
It 665: fitness=107800
It 670: fitness=107800
It 675: fitness=107800
It 680: fitness=107800
It 685: fitness=107800
It 690: fitness=107800
It 695: fitness=107800
It 700: fitness=107800
It 705: fitness=107800
It 710: fitness=107800
It 715: fitness=107800
It 720: fitness=107800
It 725: fitness=107800
It 730: fitness=107800
It 735: fitness=107800
It 740: fitness=107800
It 745: fitness=107800
It 750: fitness=107800
It 755: fitness=107800
It 760: fitness=107800
It 765: fitness=107800
It 770: fitness=107800
It 775: fitness=107800
It 780: fitness=107800
It 785: fitness=107800
It 790: fitness=107800
It 795: fitness=107800
It 800: fitness=107800
It 805: fitness=107800
It 810: fitness=107800
It 815: fitness=107800
It 820: fitness=107800
It 825: fitness=107800
It 830: fitness=107800
It 835: fitness=107800
It 840: fitness=107800
It 845: fitness=107800
It 850: fitness=107800
It 855: fitness=107800
It 860: fitness=107800
It 865: fitness=107800
It 870: fitness=107800
It 875: fitness=107800
It 880: fitness=107800
It 885: fitness=107800
It 890: fitness=107800
It 895: fitness=107800
It 900: fitness=107800
It 905: fitness=107800
It 910: fitness=107800
It 915: fitness=107800
It 920: fitness=107800
It 925: fitness=107800
It 930: fitness=107800
It 935: fitness=107800
It 940: fitness=107800
It 945: fitness=107800
It 950: fitness=107800
It 955: fitness=107800
It 960: fitness=107800
It 965: fitness=107800
It 970: fitness=107800
It 975: fitness=107800
It 980: fitness=107800
It 985: fitness=107800
It 990: fitness=107800
It 995: fitness=107800
It 1000: fitness=107800
It 1005: fitness=107800
It 1010: fitness=107800
It 1015: fitness=107800
It 1020: fitness=107800
It 1025: fitness=107800
It 1030: fitness=107800
It 1035: fitness=107800
It 1040: fitness=107800
It 1045: fitness=107800
It 1050: fitness=107800
It 1055: fitness=107800
It 1060: fitness=107800
It 1065: fitness=107800
It 1070: fitness=107800
It 1075: fitness=107800
It 1080: fitness=107800
It 1085: fitness=107800
It 1090: fitness=107800
It 1095: fitness=107800
It 1100: fitness=107800
It 1105: fitness=107800
It 1110: fitness=107800
It 1115: fitness=107800
It 1120: fitness=107800
It 1125: fitness=107800
It 1130: fitness=107800
It 1135: fitness=107800
It 1140: fitness=107800
It 1145: fitness=107800
It 1150: fitness=107800
It 1155: fitness=107800
It 1160: fitness=107800
It 1165: fitness=107800
It 1170: fitness=107800
It 1175: fitness=107800
It 1180: fitness=107800
It 1185: fitness=107800
It 1190: fitness=107800
It 1195: fitness=107800
It 1200: fitness=107800
It 1205: fitness=107800
It 1210: fitness=107800
It 1215: fitness=107800
It 1220: fitness=107800
It 1225: fitness=107800
It 1230: fitness=107800
It 1235: fitness=107800
It 1240: fitness=107800
It 1245: fitness=107800
It 1250: fitness=107800
It 1255: fitness=107800
It 1260: fitness=107800
It 1265: fitness=107800
It 1270: fitness=107800
It 1275: fitness=107800
It 1280: fitness=107800
It 1285: fitness=107800
It 1290: fitness=107800
It 1295: fitness=107800
It 1300: fitness=107800
It 1305: fitness=107800
It 1310: fitness=107800
It 1315: fitness=107800
It 1320: fitness=107800
It 1325: fitness=107800
It 1330: fitness=107800
It 1335: fitness=107800
It 1340: fitness=107800
It 1345: fitness=107800
It 1350: fitness=107800
It 1355: fitness=107800
It 1360: fitness=107800
It 1365: fitness=107800
It 1370: fitness=107800
It 1375: fitness=107800
It 1380: fitness=107800
It 1385: fitness=107800
It 1390: fitness=107800
It 1395: fitness=107800
It 1400: fitness=107800
It 1405: fitness=107800
It 1410: fitness=107800
It 1415: fitness=107800
It 1420: fitness=107800
It 1425: fitness=107800
It 1430: fitness=107800
It 1435: fitness=107800
It 1440: fitness=107800
It 1445: fitness=107800
It 1450: fitness=107800
It 1455: fitness=107800
It 1460: fitness=107800
It 1465: fitness=107800
It 1470: fitness=107800
It 1475: fitness=107800
It 1480: fitness=107800
It 1485: fitness=107800
It 1490: fitness=107800
It 1495: fitness=107800
It 1500: fitness=107800
It 1505: fitness=107800
It 1510: fitness=107800
It 1515: fitness=107800
It 1520: fitness=107800
It 1525: fitness=107800
It 1530: fitness=107800
It 1535: fitness=107800
It 1540: fitness=107800
It 1545: fitness=107800
It 1550: fitness=107800
It 1555: fitness=107800
It 1560: fitness=107800
It 1565: fitness=107800
It 1570: fitness=107800
It 1575: fitness=107800
It 1580: fitness=107800
It 1585: fitness=107800
It 1590: fitness=107800
It 1595: fitness=107800
It 1600: fitness=107800
It 1605: fitness=107800
It 1610: fitness=107800
It 1615: fitness=107800
It 1620: fitness=107800
It 1625: fitness=107800
It 1630: fitness=107800
It 1635: fitness=107800
It 1640: fitness=107800
It 1645: fitness=107800
It 1650: fitness=107800
It 1655: fitness=107800
It 1660: fitness=107800
It 1665: fitness=107800
It 1670: fitness=107800
It 1675: fitness=107800
It 1680: fitness=107800
It 1685: fitness=107800
It 1690: fitness=107800
It 1695: fitness=107800
It 1700: fitness=107800
It 1705: fitness=107800
It 1710: fitness=107800
It 1715: fitness=107800
It 1720: fitness=107800
It 1725: fitness=107800
It 1730: fitness=107800
It 1735: fitness=107800
It 1740: fitness=107800
It 1745: fitness=107800
It 1750: fitness=107800
It 1755: fitness=107800
It 1760: fitness=107800
It 1765: fitness=107800
It 1770: fitness=107800
It 1775: fitness=107800
It 1780: fitness=107800
It 1785: fitness=107800
It 1790: fitness=107800
It 1795: fitness=107800
It 1800: fitness=107800
It 1805: fitness=107800
It 1810: fitness=107800
It 1815: fitness=107800
It 1820: fitness=107800
It 1825: fitness=107800
It 1830: fitness=107800
It 1835: fitness=107800
It 1840: fitness=107800
It 1845: fitness=107800
It 1850: fitness=107800
It 1855: fitness=107800
It 1860: fitness=107800
It 1865: fitness=107800
It 1870: fitness=107800
It 1875: fitness=107800
It 1880: fitness=107800
It 1885: fitness=107800
Maximal number of iterations without improvement reached
>> Resamp_Iter 4 negLL: 107843.9 (ref:  77691.88 )
>> Resamp_params: 0.5475083 0.593165 0.5549535 0.4511235 0.5531661 0.5444783 0.5970578 0.6212015 0.5604651 0.5908915 0.4724081 0.6004559 0.5598928 0.4701202 0.6899251 0.5913024 0.6391378 0.6002384 0.67 0.5866789 0.6299548 0.5899943 0.491513 0.7195728 0.4540057 0.5854554 0.4900009 0.6999999 0.5311847 0.6037963 0.5768328 0.001 0.9885213 1.299967 -500 -46.33474 0.3274602 
 [1]    0.5616531    0.5857182    0.5515381    0.5487872    0.5436690
 [6]    0.5326105    0.5999994    0.6127043    0.5435578    0.5752417
[11]    0.5403226    0.6599999    0.6199999    0.5482508    0.6396637
[16]    0.7099759    0.5524150    0.5933308    0.6551963    0.5901898
[21]    0.5353083    0.4977788    0.5328646    0.6337159    0.5756330
[26]    0.5774914    0.4900002    0.5706977    0.5274690    0.5792556
[31]    0.5523559    0.0010000    0.9568725    1.3000000 -499.9944096
[36]  -91.9769067    0.4173210
>> sd Resamp 5 : 9 23 27 2 14 9 23 2 1 22 10 1 30 21 30 2 15 8 9 15 2 6 19 25 15 25 30 30 24 12 26 
>> Opt param @ resamp: 52045.6 
S=22, K=3, p=0.1303, w0=0.7213, w1=0.7213, c.p=1.193, c.g=1.193
v.max=NA, d=6.083, vectorize=FALSE, hybrid=off
It 5: fitness=109000
It 10: fitness=87320
It 15: fitness=86220
It 20: fitness=84750
It 25: fitness=78800
It 30: fitness=78390
It 35: fitness=73790
It 40: fitness=70790
It 45: fitness=70530
It 50: fitness=66070
It 55: fitness=65970
It 60: fitness=65140
It 65: fitness=63360
It 70: fitness=62430
It 75: fitness=61160
It 80: fitness=60390
It 85: fitness=59540
It 90: fitness=58930
It 95: fitness=58350
It 100: fitness=57890
It 105: fitness=57070
It 110: fitness=56380
It 115: fitness=56250
It 120: fitness=55860
It 125: fitness=55650
It 130: fitness=55610
It 135: fitness=54990
It 140: fitness=54850
It 145: fitness=54510
It 150: fitness=54280
It 155: fitness=53760
It 160: fitness=53700
It 165: fitness=53510
It 170: fitness=53500
It 175: fitness=53470
It 180: fitness=53400
It 185: fitness=53330
It 190: fitness=53290
It 195: fitness=53260
It 200: fitness=53220
It 205: fitness=53190
It 210: fitness=53140
It 215: fitness=53070
It 220: fitness=53020
It 225: fitness=52950
It 230: fitness=52930
It 235: fitness=52870
It 240: fitness=52840
It 245: fitness=52770
It 250: fitness=52720
It 255: fitness=52660
It 260: fitness=52620
It 265: fitness=52600
It 270: fitness=52590
It 275: fitness=52540
It 280: fitness=52520
It 285: fitness=52500
It 290: fitness=52480
It 295: fitness=52470
It 300: fitness=52470
It 305: fitness=52460
It 310: fitness=52460
It 315: fitness=52450
It 320: fitness=52440
It 325: fitness=52440
It 330: fitness=52430
It 335: fitness=52430
It 340: fitness=52430
It 345: fitness=52420
It 350: fitness=52420
It 355: fitness=52420
It 360: fitness=52410
It 365: fitness=52410
It 370: fitness=52410
It 375: fitness=52410
It 380: fitness=52410
It 385: fitness=52410
It 390: fitness=52400
It 395: fitness=52400
It 400: fitness=52400
It 405: fitness=52400
It 410: fitness=52400
It 415: fitness=52400
It 420: fitness=52400
It 425: fitness=52400
It 430: fitness=52400
It 435: fitness=52390
It 440: fitness=52390
It 445: fitness=52390
It 450: fitness=52390
It 455: fitness=52390
It 460: fitness=52390
It 465: fitness=52390
It 470: fitness=52390
It 475: fitness=52390
It 480: fitness=52390
It 485: fitness=52390
It 490: fitness=52390
It 495: fitness=52390
It 500: fitness=52390
It 505: fitness=52390
It 510: fitness=52390
It 515: fitness=52390
It 520: fitness=52390
It 525: fitness=52390
It 530: fitness=52390
It 535: fitness=52390
It 540: fitness=52390
It 545: fitness=52390
It 550: fitness=52390
It 555: fitness=52390
It 560: fitness=52390
It 565: fitness=52390
It 570: fitness=52390
It 575: fitness=52390
It 580: fitness=52390
It 585: fitness=52390
It 590: fitness=52390
It 595: fitness=52390
It 600: fitness=52390
It 605: fitness=52390
It 610: fitness=52390
It 615: fitness=52390
It 620: fitness=52390
It 625: fitness=52390
It 630: fitness=52390
It 635: fitness=52390
It 640: fitness=52390
It 645: fitness=52390
It 650: fitness=52390
It 655: fitness=52390
It 660: fitness=52390
It 665: fitness=52390
It 670: fitness=52390
It 675: fitness=52390
It 680: fitness=52390
It 685: fitness=52390
It 690: fitness=52390
It 695: fitness=52390
It 700: fitness=52390
It 705: fitness=52390
It 710: fitness=52390
It 715: fitness=52390
It 720: fitness=52390
It 725: fitness=52390
It 730: fitness=52390
It 735: fitness=52390
It 740: fitness=52390
It 745: fitness=52390
It 750: fitness=52390
It 755: fitness=52390
It 760: fitness=52390
It 765: fitness=52390
It 770: fitness=52390
It 775: fitness=52390
It 780: fitness=52390
It 785: fitness=52390
It 790: fitness=52390
It 795: fitness=52390
It 800: fitness=52390
It 805: fitness=52390
It 810: fitness=52390
It 815: fitness=52390
It 820: fitness=52390
It 825: fitness=52390
It 830: fitness=52390
It 835: fitness=52390
It 840: fitness=52390
It 845: fitness=52390
It 850: fitness=52390
It 855: fitness=52390
It 860: fitness=52390
It 865: fitness=52390
It 870: fitness=52390
It 875: fitness=52390
It 880: fitness=52390
It 885: fitness=52390
It 890: fitness=52390
It 895: fitness=52390
It 900: fitness=52390
It 905: fitness=52390
It 910: fitness=52390
It 915: fitness=52390
It 920: fitness=52390
It 925: fitness=52390
It 930: fitness=52390
It 935: fitness=52390
It 940: fitness=52390
It 945: fitness=52390
It 950: fitness=52390
It 955: fitness=52390
It 960: fitness=52390
It 965: fitness=52390
It 970: fitness=52390
It 975: fitness=52390
It 980: fitness=52390
It 985: fitness=52390
It 990: fitness=52390
It 995: fitness=52390
It 1000: fitness=52390
It 1005: fitness=52390
It 1010: fitness=52390
It 1015: fitness=52390
It 1020: fitness=52390
It 1025: fitness=52390
It 1030: fitness=52390
It 1035: fitness=52390
It 1040: fitness=52390
It 1045: fitness=52390
It 1050: fitness=52390
It 1055: fitness=52390
It 1060: fitness=52390
It 1065: fitness=52390
It 1070: fitness=52390
It 1075: fitness=52390
It 1080: fitness=52390
It 1085: fitness=52390
It 1090: fitness=52390
It 1095: fitness=52390
It 1100: fitness=52390
It 1105: fitness=52390
It 1110: fitness=52390
It 1115: fitness=52390
It 1120: fitness=52390
It 1125: fitness=52390
It 1130: fitness=52390
It 1135: fitness=52390
It 1140: fitness=52390
It 1145: fitness=52390
It 1150: fitness=52390
It 1155: fitness=52390
It 1160: fitness=52390
It 1165: fitness=52390
It 1170: fitness=52390
It 1175: fitness=52390
It 1180: fitness=52390
Maximal number of iterations without improvement reached
>> Resamp_Iter 5 negLL: 52388.43 (ref:  52045.6 )
>> Resamp_params: 0.6599999 0.6030546 0.61 0.6099199 0.6112048 0.5368392 0.5179028 0.6153583 0.5536638 0.5871602 0.5329304 0.66 0.4895606 0.5504131 0.6328869 0.7027667 0.6389691 0.4111181 0.6525125 0.4500256 0.5413194 0.5899999 0.5367248 0.6300577 0.5850843 0.5833677 0.49 0.6998839 0.4607718 0.5892981 0.6274433 0.001 0.9686488 0.9713355 -499.9989 -62.90322 0.4000784 
 [1]    0.5616531    0.5857182    0.5515381    0.5487872    0.5436690
 [6]    0.5326105    0.5999994    0.6127043    0.5435578    0.5752417
[11]    0.5403226    0.6599999    0.6199999    0.5482508    0.6396637
[16]    0.7099759    0.5524150    0.5933308    0.6551963    0.5901898
[21]    0.5353083    0.4977788    0.5328646    0.6337159    0.5756330
[26]    0.5774914    0.4900002    0.5706977    0.5274690    0.5792556
[31]    0.5523559    0.0010000    0.9568725    1.3000000 -499.9944096
[36]  -91.9769067    0.4173210
>> sd Resamp 6 : 3 16 29 13 28 12 12 12 31 23 2 29 5 3 27 29 19 25 10 14 6 28 6 25 8 16 16 26 18 16 21 
>> Opt param @ resamp: 67546.29 
S=22, K=3, p=0.1303, w0=0.7213, w1=0.7213, c.p=1.193, c.g=1.193
v.max=NA, d=6.083, vectorize=FALSE, hybrid=off
It 5: fitness=124000
It 10: fitness=103700
It 15: fitness=103700
It 20: fitness=101300
It 25: fitness=97310
It 30: fitness=91360
It 35: fitness=87910
It 40: fitness=86450
It 45: fitness=86450
It 50: fitness=85120
It 55: fitness=81720
It 60: fitness=78360
It 65: fitness=77830
It 70: fitness=77830
It 75: fitness=76380
It 80: fitness=75500
It 85: fitness=74970
It 90: fitness=74620
It 95: fitness=73880
It 100: fitness=73520
It 105: fitness=72310
It 110: fitness=71170
It 115: fitness=71020
It 120: fitness=70800
It 125: fitness=70550
It 130: fitness=70170
It 135: fitness=70080
It 140: fitness=69520
It 145: fitness=69110
It 150: fitness=68720
It 155: fitness=68170
It 160: fitness=67170
It 165: fitness=66820
It 170: fitness=66620
It 175: fitness=66230
It 180: fitness=66110
It 185: fitness=66010
It 190: fitness=65750
It 195: fitness=65620
It 200: fitness=65440
It 205: fitness=65380
It 210: fitness=65360
It 215: fitness=65210
It 220: fitness=65060
It 225: fitness=64960
It 230: fitness=64960
It 235: fitness=64890
It 240: fitness=64870
It 245: fitness=64840
It 250: fitness=64800
It 255: fitness=64770
It 260: fitness=64760
It 265: fitness=64720
It 270: fitness=64700
It 275: fitness=64700
It 280: fitness=64690
It 285: fitness=64670
It 290: fitness=64660
It 295: fitness=64660
It 300: fitness=64660
It 305: fitness=64620
It 310: fitness=64520
It 315: fitness=64330
It 320: fitness=64300
It 325: fitness=64280
It 330: fitness=64250
It 335: fitness=64240
It 340: fitness=64240
It 345: fitness=64210
It 350: fitness=64190
It 355: fitness=64190
It 360: fitness=64190
It 365: fitness=64180
It 370: fitness=64180
It 375: fitness=64170
It 380: fitness=64150
It 385: fitness=64120
It 390: fitness=64110
It 395: fitness=64110
It 400: fitness=64100
It 405: fitness=64100
It 410: fitness=64100
It 415: fitness=64090
It 420: fitness=64090
It 425: fitness=64090
It 430: fitness=64090
It 435: fitness=64090
It 440: fitness=64080
It 445: fitness=64070
It 450: fitness=64060
It 455: fitness=64030
It 460: fitness=64030
It 465: fitness=64020
It 470: fitness=64020
It 475: fitness=64020
It 480: fitness=64010
It 485: fitness=64010
It 490: fitness=64010
It 495: fitness=64010
It 500: fitness=64010
It 505: fitness=64000
It 510: fitness=64000
It 515: fitness=64000
It 520: fitness=64000
It 525: fitness=64000
It 530: fitness=64000
It 535: fitness=64000
It 540: fitness=64000
It 545: fitness=64000
It 550: fitness=64000
It 555: fitness=64000
It 560: fitness=64000
It 565: fitness=64000
It 570: fitness=64000
It 575: fitness=64000
It 580: fitness=64000
It 585: fitness=64000
It 590: fitness=64000
It 595: fitness=64000
It 600: fitness=64000
It 605: fitness=64000
It 610: fitness=64000
It 615: fitness=64000
It 620: fitness=64000
It 625: fitness=64000
It 630: fitness=64000
It 635: fitness=64000
It 640: fitness=64000
It 645: fitness=64000
It 650: fitness=64000
It 655: fitness=64000
It 660: fitness=64000
It 665: fitness=64000
It 670: fitness=64000
It 675: fitness=64000
It 680: fitness=64000
It 685: fitness=64000
It 690: fitness=64000
It 695: fitness=64000
It 700: fitness=64000
It 705: fitness=64000
It 710: fitness=64000
It 715: fitness=64000
It 720: fitness=64000
It 725: fitness=64000
It 730: fitness=64000
It 735: fitness=64000
It 740: fitness=64000
It 745: fitness=64000
It 750: fitness=64000
It 755: fitness=64000
It 760: fitness=64000
It 765: fitness=64000
It 770: fitness=64000
It 775: fitness=64000
It 780: fitness=64000
It 785: fitness=64000
It 790: fitness=64000
It 795: fitness=64000
It 800: fitness=64000
It 805: fitness=64000
It 810: fitness=64000
It 815: fitness=64000
It 820: fitness=64000
It 825: fitness=64000
It 830: fitness=64000
It 835: fitness=64000
It 840: fitness=64000
It 845: fitness=64000
It 850: fitness=64000
It 855: fitness=64000
It 860: fitness=64000
It 865: fitness=64000
It 870: fitness=64000
It 875: fitness=64000
It 880: fitness=64000
It 885: fitness=64000
It 890: fitness=64000
It 895: fitness=64000
It 900: fitness=64000
It 905: fitness=64000
It 910: fitness=64000
It 915: fitness=64000
It 920: fitness=64000
It 925: fitness=64000
It 930: fitness=64000
It 935: fitness=64000
It 940: fitness=64000
It 945: fitness=64000
It 950: fitness=64000
It 955: fitness=64000
It 960: fitness=64000
It 965: fitness=64000
It 970: fitness=64000
It 975: fitness=64000
It 980: fitness=64000
It 985: fitness=64000
It 990: fitness=64000
It 995: fitness=64000
It 1000: fitness=64000
It 1005: fitness=64000
It 1010: fitness=64000
It 1015: fitness=64000
It 1020: fitness=64000
It 1025: fitness=64000
It 1030: fitness=64000
It 1035: fitness=64000
It 1040: fitness=64000
It 1045: fitness=64000
It 1050: fitness=64000
It 1055: fitness=64000
It 1060: fitness=64000
It 1065: fitness=64000
It 1070: fitness=64000
It 1075: fitness=64000
It 1080: fitness=64000
It 1085: fitness=64000
It 1090: fitness=64000
It 1095: fitness=64000
It 1100: fitness=64000
It 1105: fitness=64000
It 1110: fitness=64000
It 1115: fitness=64000
It 1120: fitness=64000
It 1125: fitness=64000
It 1130: fitness=64000
It 1135: fitness=64000
It 1140: fitness=64000
It 1145: fitness=64000
It 1150: fitness=64000
It 1155: fitness=64000
It 1160: fitness=64000
It 1165: fitness=64000
It 1170: fitness=64000
It 1175: fitness=64000
It 1180: fitness=64000
It 1185: fitness=64000
It 1190: fitness=64000
It 1195: fitness=64000
It 1200: fitness=64000
It 1205: fitness=64000
It 1210: fitness=64000
It 1215: fitness=64000
It 1220: fitness=64000
It 1225: fitness=64000
It 1230: fitness=64000
It 1235: fitness=64000
It 1240: fitness=64000
It 1245: fitness=64000
It 1250: fitness=64000
It 1255: fitness=64000
It 1260: fitness=64000
It 1265: fitness=64000
It 1270: fitness=64000
It 1275: fitness=64000
It 1280: fitness=64000
It 1285: fitness=64000
It 1290: fitness=64000
It 1295: fitness=64000
It 1300: fitness=64000
It 1305: fitness=64000
It 1310: fitness=64000
It 1315: fitness=64000
It 1320: fitness=64000
It 1325: fitness=64000
It 1330: fitness=64000
It 1335: fitness=64000
It 1340: fitness=64000
It 1345: fitness=64000
It 1350: fitness=64000
It 1355: fitness=64000
It 1360: fitness=64000
It 1365: fitness=64000
It 1370: fitness=64000
It 1375: fitness=64000
It 1380: fitness=64000
It 1385: fitness=64000
It 1390: fitness=64000
It 1395: fitness=64000
It 1400: fitness=64000
It 1405: fitness=64000
It 1410: fitness=64000
It 1415: fitness=64000
It 1420: fitness=64000
It 1425: fitness=64000
It 1430: fitness=64000
It 1435: fitness=64000
It 1440: fitness=64000
It 1445: fitness=64000
It 1450: fitness=64000
It 1455: fitness=64000
It 1460: fitness=64000
It 1465: fitness=64000
It 1470: fitness=64000
It 1475: fitness=64000
It 1480: fitness=64000
It 1485: fitness=64000
It 1490: fitness=64000
It 1495: fitness=64000
It 1500: fitness=64000
It 1505: fitness=64000
It 1510: fitness=64000
It 1515: fitness=64000
It 1520: fitness=64000
It 1525: fitness=64000
It 1530: fitness=64000
It 1535: fitness=64000
It 1540: fitness=64000
It 1545: fitness=64000
It 1550: fitness=64000
It 1555: fitness=64000
It 1560: fitness=64000
It 1565: fitness=64000
It 1570: fitness=64000
It 1575: fitness=64000
It 1580: fitness=64000
It 1585: fitness=64000
It 1590: fitness=64000
It 1595: fitness=64000
It 1600: fitness=64000
It 1605: fitness=64000
It 1610: fitness=64000
It 1615: fitness=64000
It 1620: fitness=64000
It 1625: fitness=64000
It 1630: fitness=64000
It 1635: fitness=64000
Maximal number of iterations without improvement reached
>> Resamp_Iter 6 negLL: 63996.6 (ref:  67546.29 )
>> Resamp_params: 0.6470561 0.606103 0.5572113 0.61 0.6199994 0.5370437 0.4879611 0.6196192 0.63 0.5809309 0.4706776 0.6599992 0.5535198 0.5559196 0.4012517 0.5955002 0.5309928 0.6110254 0.6430677 0.4500738 0.5415202 0.4802287 0.5392066 0.6953318 0.5871214 0.5797533 0.490017 0.5749668 0.5279878 0.430279 0.5579205 0.001 0.9429835 1.145914 -499.997 -87.70321 0.4181943 
 [1]    0.5616531    0.5857182    0.5515381    0.5487872    0.5436690
 [6]    0.5326105    0.5999994    0.6127043    0.5435578    0.5752417
[11]    0.5403226    0.6599999    0.6199999    0.5482508    0.6396637
[16]    0.7099759    0.5524150    0.5933308    0.6551963    0.5901898
[21]    0.5353083    0.4977788    0.5328646    0.6337159    0.5756330
[26]    0.5774914    0.4900002    0.5706977    0.5274690    0.5792556
[31]    0.5523559    0.0010000    0.9568725    1.3000000 -499.9944096
[36]  -91.9769067    0.4173210
>> sd Resamp 7 : 6 26 7 18 1 31 26 23 21 18 26 14 9 9 23 20 17 27 9 23 3 8 18 22 7 29 17 5 2 6 17 
>> Opt param @ resamp: 74787.92 
S=22, K=3, p=0.1303, w0=0.7213, w1=0.7213, c.p=1.193, c.g=1.193
v.max=NA, d=6.083, vectorize=FALSE, hybrid=off
It 5: fitness=228500
It 10: fitness=189300
It 15: fitness=167000
It 20: fitness=167000
It 25: fitness=155200
It 30: fitness=138000
It 35: fitness=124900
It 40: fitness=119200
It 45: fitness=110700
It 50: fitness=101100
It 55: fitness=99260
It 60: fitness=98550
It 65: fitness=97510
It 70: fitness=95810
It 75: fitness=95230
It 80: fitness=94830
It 85: fitness=94290
It 90: fitness=92250
It 95: fitness=90950
It 100: fitness=90950
It 105: fitness=90710
It 110: fitness=90270
It 115: fitness=90160
It 120: fitness=89700
It 125: fitness=89260
It 130: fitness=88920
It 135: fitness=88560
It 140: fitness=88520
It 145: fitness=88040
It 150: fitness=88020
It 155: fitness=87900
It 160: fitness=87720
It 165: fitness=87630
It 170: fitness=87550
It 175: fitness=87370
It 180: fitness=87270
It 185: fitness=87250
It 190: fitness=87220
It 195: fitness=87190
It 200: fitness=87150
It 205: fitness=87120
It 210: fitness=87090
It 215: fitness=87050
It 220: fitness=86860
It 225: fitness=86600
It 230: fitness=86560
It 235: fitness=86500
It 240: fitness=86500
It 245: fitness=86410
It 250: fitness=86320
It 255: fitness=86260
It 260: fitness=86230
It 265: fitness=86200
It 270: fitness=86190
It 275: fitness=86160
It 280: fitness=86140
It 285: fitness=86130
It 290: fitness=86120
It 295: fitness=86110
It 300: fitness=86110
It 305: fitness=86090
It 310: fitness=86080
It 315: fitness=86070
It 320: fitness=86060
It 325: fitness=86060
It 330: fitness=86050
It 335: fitness=86040
It 340: fitness=86040
It 345: fitness=86020
It 350: fitness=86020
It 355: fitness=86020
It 360: fitness=86010
It 365: fitness=86010
It 370: fitness=86000
It 375: fitness=85980
It 380: fitness=85960
It 385: fitness=85960
It 390: fitness=85960
It 395: fitness=85950
It 400: fitness=85940
It 405: fitness=85940
It 410: fitness=85930
It 415: fitness=85930
It 420: fitness=85920
It 425: fitness=85920
It 430: fitness=85910
It 435: fitness=85910
It 440: fitness=85900
It 445: fitness=85900
It 450: fitness=85890
It 455: fitness=85890
It 460: fitness=85880
It 465: fitness=85880
It 470: fitness=85870
It 475: fitness=85870
It 480: fitness=85850
It 485: fitness=85850
It 490: fitness=85850
It 495: fitness=85850
It 500: fitness=85850
It 505: fitness=85850
It 510: fitness=85850
It 515: fitness=85850
It 520: fitness=85850
It 525: fitness=85850
It 530: fitness=85850
It 535: fitness=85850
It 540: fitness=85850
It 545: fitness=85850
It 550: fitness=85850
It 555: fitness=85850
It 560: fitness=85850
It 565: fitness=85850
It 570: fitness=85850
It 575: fitness=85850
It 580: fitness=85850
It 585: fitness=85850
It 590: fitness=85850
It 595: fitness=85850
It 600: fitness=85850
It 605: fitness=85840
It 610: fitness=85840
It 615: fitness=85840
It 620: fitness=85840
It 625: fitness=85840
It 630: fitness=85840
It 635: fitness=85840
It 640: fitness=85840
It 645: fitness=85840
It 650: fitness=85840
It 655: fitness=85840
It 660: fitness=85840
It 665: fitness=85840
It 670: fitness=85840
It 675: fitness=85840
It 680: fitness=85840
It 685: fitness=85840
It 690: fitness=85840
It 695: fitness=85840
It 700: fitness=85840
It 705: fitness=85840
It 710: fitness=85840
It 715: fitness=85840
It 720: fitness=85840
It 725: fitness=85840
It 730: fitness=85840
It 735: fitness=85840
It 740: fitness=85840
It 745: fitness=85840
It 750: fitness=85840
It 755: fitness=85840
It 760: fitness=85840
It 765: fitness=85840
It 770: fitness=85840
It 775: fitness=85840
It 780: fitness=85840
It 785: fitness=85840
It 790: fitness=85840
It 795: fitness=85840
It 800: fitness=85840
It 805: fitness=85840
It 810: fitness=85840
It 815: fitness=85840
It 820: fitness=85840
It 825: fitness=85840
It 830: fitness=85840
It 835: fitness=85840
It 840: fitness=85840
It 845: fitness=85840
It 850: fitness=85840
It 855: fitness=85840
It 860: fitness=85840
It 865: fitness=85840
It 870: fitness=85840
It 875: fitness=85840
It 880: fitness=85840
It 885: fitness=85840
It 890: fitness=85840
It 895: fitness=85840
It 900: fitness=85840
It 905: fitness=85840
It 910: fitness=85840
It 915: fitness=85840
It 920: fitness=85840
It 925: fitness=85840
It 930: fitness=85840
It 935: fitness=85840
It 940: fitness=85840
It 945: fitness=85840
It 950: fitness=85840
It 955: fitness=85840
It 960: fitness=85840
It 965: fitness=85840
It 970: fitness=85840
It 975: fitness=85840
It 980: fitness=85840
It 985: fitness=85840
It 990: fitness=85840
It 995: fitness=85840
It 1000: fitness=85840
It 1005: fitness=85840
It 1010: fitness=85840
It 1015: fitness=85840
It 1020: fitness=85840
It 1025: fitness=85840
It 1030: fitness=85840
It 1035: fitness=85840
It 1040: fitness=85840
It 1045: fitness=85840
It 1050: fitness=85840
It 1055: fitness=85840
It 1060: fitness=85840
It 1065: fitness=85840
It 1070: fitness=85840
It 1075: fitness=85840
It 1080: fitness=85840
It 1085: fitness=85840
It 1090: fitness=85840
It 1095: fitness=85840
It 1100: fitness=85840
It 1105: fitness=85840
It 1110: fitness=85840
It 1115: fitness=85840
It 1120: fitness=85840
It 1125: fitness=85840
It 1130: fitness=85840
It 1135: fitness=85840
It 1140: fitness=85840
It 1145: fitness=85840
It 1150: fitness=85840
It 1155: fitness=85840
It 1160: fitness=85840
It 1165: fitness=85840
It 1170: fitness=85840
It 1175: fitness=85840
It 1180: fitness=85840
It 1185: fitness=85840
It 1190: fitness=85840
It 1195: fitness=85840
It 1200: fitness=85840
It 1205: fitness=85840
It 1210: fitness=85840
It 1215: fitness=85840
It 1220: fitness=85840
It 1225: fitness=85840
It 1230: fitness=85840
It 1235: fitness=85840
It 1240: fitness=85840
It 1245: fitness=85840
It 1250: fitness=85840
It 1255: fitness=85840
It 1260: fitness=85840
It 1265: fitness=85840
It 1270: fitness=85840
It 1275: fitness=85840
It 1280: fitness=85840
It 1285: fitness=85840
It 1290: fitness=85840
It 1295: fitness=85840
It 1300: fitness=85840
It 1305: fitness=85840
It 1310: fitness=85840
It 1315: fitness=85840
It 1320: fitness=85840
It 1325: fitness=85840
It 1330: fitness=85840
It 1335: fitness=85840
It 1340: fitness=85840
It 1345: fitness=85840
It 1350: fitness=85840
It 1355: fitness=85840
It 1360: fitness=85840
It 1365: fitness=85840
It 1370: fitness=85840
It 1375: fitness=85840
It 1380: fitness=85840
It 1385: fitness=85840
It 1390: fitness=85840
It 1395: fitness=85840
It 1400: fitness=85840
It 1405: fitness=85840
It 1410: fitness=85840
It 1415: fitness=85840
It 1420: fitness=85840
It 1425: fitness=85840
It 1430: fitness=85840
It 1435: fitness=85840
It 1440: fitness=85840
It 1445: fitness=85840
It 1450: fitness=85840
It 1455: fitness=85840
It 1460: fitness=85840
It 1465: fitness=85840
It 1470: fitness=85840
It 1475: fitness=85840
It 1480: fitness=85840
It 1485: fitness=85840
It 1490: fitness=85840
It 1495: fitness=85840
It 1500: fitness=85840
It 1505: fitness=85840
It 1510: fitness=85840
It 1515: fitness=85840
It 1520: fitness=85840
It 1525: fitness=85840
It 1530: fitness=85840
It 1535: fitness=85840
It 1540: fitness=85840
It 1545: fitness=85840
It 1550: fitness=85840
It 1555: fitness=85840
It 1560: fitness=85840
It 1565: fitness=85840
It 1570: fitness=85840
It 1575: fitness=85840
It 1580: fitness=85840
It 1585: fitness=85840
It 1590: fitness=85840
It 1595: fitness=85840
It 1600: fitness=85840
It 1605: fitness=85840
It 1610: fitness=85840
It 1615: fitness=85840
It 1620: fitness=85840
It 1625: fitness=85840
It 1630: fitness=85840
It 1635: fitness=85840
It 1640: fitness=85840
It 1645: fitness=85840
It 1650: fitness=85840
It 1655: fitness=85840
It 1660: fitness=85840
Maximal number of iterations without improvement reached
>> Resamp_Iter 7 negLL: 85843.88 (ref:  74787.92 )
>> Resamp_params: 0.5632762 0.5758139 0.5494528 0.4665313 0.6199991 0.63 0.5940269 0.6076701 0.5521384 0.6191558 0.6299412 0.447841 0.4726561 0.5399048 0.5020163 0.6977475 0.5566567 0.4101481 0.6463816 0.5860868 0.5360599 0.5005763 0.5311056 0.3097969 0.455766 0.5850386 0.4900001 0.6998728 0.5288953 0.4395946 0.560702 0.001 1.003353 1.299983 -499.9979 -56.4356 0.3587898 
 [1]    0.5616531    0.5857182    0.5515381    0.5487872    0.5436690
 [6]    0.5326105    0.5999994    0.6127043    0.5435578    0.5752417
[11]    0.5403226    0.6599999    0.6199999    0.5482508    0.6396637
[16]    0.7099759    0.5524150    0.5933308    0.6551963    0.5901898
[21]    0.5353083    0.4977788    0.5328646    0.6337159    0.5756330
[26]    0.5774914    0.4900002    0.5706977    0.5274690    0.5792556
[31]    0.5523559    0.0010000    0.9568725    1.3000000 -499.9944096
[36]  -91.9769067    0.4173210
>> sd Resamp 8 : 4 12 4 13 15 19 21 12 2 6 19 26 16 17 2 20 17 5 4 27 14 21 13 3 17 4 14 19 11 25 25 
>> Opt param @ resamp: 84536.34 
S=22, K=3, p=0.1303, w0=0.7213, w1=0.7213, c.p=1.193, c.g=1.193
v.max=NA, d=6.083, vectorize=FALSE, hybrid=off
It 5: fitness=187300
It 10: fitness=186600
It 15: fitness=165100
It 20: fitness=162900
It 25: fitness=143900
It 30: fitness=137700
It 35: fitness=129700
It 40: fitness=123500
It 45: fitness=122300
It 50: fitness=119700
It 55: fitness=117700
It 60: fitness=117700
It 65: fitness=114700
It 70: fitness=111800
It 75: fitness=111700
It 80: fitness=108300
It 85: fitness=104000
It 90: fitness=104000
It 95: fitness=102200
It 100: fitness=100200
It 105: fitness=95890
It 110: fitness=87840
It 115: fitness=86260
It 120: fitness=84860
It 125: fitness=84290
It 130: fitness=83830
It 135: fitness=83010
It 140: fitness=82880
It 145: fitness=82310
It 150: fitness=82310
It 155: fitness=81950
It 160: fitness=81740
It 165: fitness=81740
It 170: fitness=81500
It 175: fitness=81230
It 180: fitness=81160
It 185: fitness=81040
It 190: fitness=80960
It 195: fitness=80740
It 200: fitness=80580
It 205: fitness=80480
It 210: fitness=80250
It 215: fitness=80180
It 220: fitness=80130
It 225: fitness=80110
It 230: fitness=80060
It 235: fitness=80030
It 240: fitness=79990
It 245: fitness=79970
It 250: fitness=79960
It 255: fitness=79940
It 260: fitness=79900
It 265: fitness=79900
It 270: fitness=79880
It 275: fitness=79840
It 280: fitness=79820
It 285: fitness=79810
It 290: fitness=79790
It 295: fitness=79780
It 300: fitness=79750
It 305: fitness=79750
It 310: fitness=79740
It 315: fitness=79730
It 320: fitness=79710
It 325: fitness=79710
It 330: fitness=79690
It 335: fitness=79680
It 340: fitness=79680
It 345: fitness=79660
It 350: fitness=79650
It 355: fitness=79650
It 360: fitness=79640
It 365: fitness=79640
It 370: fitness=79620
It 375: fitness=79620
It 380: fitness=79610
It 385: fitness=79610
It 390: fitness=79610
It 395: fitness=79600
It 400: fitness=79600
It 405: fitness=79600
It 410: fitness=79590
It 415: fitness=79590
It 420: fitness=79580
It 425: fitness=79570
It 430: fitness=79570
It 435: fitness=79570
It 440: fitness=79570
It 445: fitness=79560
It 450: fitness=79560
It 455: fitness=79560
It 460: fitness=79560
It 465: fitness=79560
It 470: fitness=79560
It 475: fitness=79560
It 480: fitness=79550
It 485: fitness=79550
It 490: fitness=79550
It 495: fitness=79550
It 500: fitness=79550
It 505: fitness=79550
It 510: fitness=79550
It 515: fitness=79550
It 520: fitness=79550
It 525: fitness=79550
It 530: fitness=79550
It 535: fitness=79540
It 540: fitness=79540
It 545: fitness=79540
It 550: fitness=79540
It 555: fitness=79540
It 560: fitness=79540
It 565: fitness=79540
It 570: fitness=79540
It 575: fitness=79540
It 580: fitness=79540
It 585: fitness=79540
It 590: fitness=79540
It 595: fitness=79540
It 600: fitness=79540
It 605: fitness=79540
It 610: fitness=79540
It 615: fitness=79540
It 620: fitness=79540
It 625: fitness=79540
It 630: fitness=79540
It 635: fitness=79540
It 640: fitness=79540
It 645: fitness=79540
It 650: fitness=79540
It 655: fitness=79540
It 660: fitness=79540
It 665: fitness=79540
It 670: fitness=79540
It 675: fitness=79540
It 680: fitness=79540
It 685: fitness=79540
It 690: fitness=79540
It 695: fitness=79540
It 700: fitness=79540
It 705: fitness=79540
It 710: fitness=79540
It 715: fitness=79540
It 720: fitness=79540
It 725: fitness=79540
It 730: fitness=79540
It 735: fitness=79540
It 740: fitness=79540
It 745: fitness=79540
It 750: fitness=79540
It 755: fitness=79540
It 760: fitness=79540
It 765: fitness=79540
It 770: fitness=79540
It 775: fitness=79540
It 780: fitness=79540
It 785: fitness=79540
It 790: fitness=79540
It 795: fitness=79540
It 800: fitness=79540
It 805: fitness=79540
It 810: fitness=79540
It 815: fitness=79540
It 820: fitness=79540
It 825: fitness=79540
It 830: fitness=79540
It 835: fitness=79540
It 840: fitness=79540
It 845: fitness=79540
It 850: fitness=79540
It 855: fitness=79540
It 860: fitness=79540
It 865: fitness=79540
It 870: fitness=79540
It 875: fitness=79540
It 880: fitness=79540
It 885: fitness=79540
It 890: fitness=79540
It 895: fitness=79540
It 900: fitness=79540
It 905: fitness=79540
It 910: fitness=79540
It 915: fitness=79540
It 920: fitness=79540
It 925: fitness=79540
It 930: fitness=79540
It 935: fitness=79540
It 940: fitness=79540
It 945: fitness=79540
It 950: fitness=79540
It 955: fitness=79540
It 960: fitness=79540
It 965: fitness=79540
It 970: fitness=79540
It 975: fitness=79540
It 980: fitness=79540
It 985: fitness=79540
It 990: fitness=79540
It 995: fitness=79540
It 1000: fitness=79540
It 1005: fitness=79540
It 1010: fitness=79540
It 1015: fitness=79540
It 1020: fitness=79540
It 1025: fitness=79540
It 1030: fitness=79540
It 1035: fitness=79540
It 1040: fitness=79540
It 1045: fitness=79540
It 1050: fitness=79540
It 1055: fitness=79540
It 1060: fitness=79540
It 1065: fitness=79540
It 1070: fitness=79540
It 1075: fitness=79540
It 1080: fitness=79540
It 1085: fitness=79540
It 1090: fitness=79540
It 1095: fitness=79540
It 1100: fitness=79540
It 1105: fitness=79540
It 1110: fitness=79540
It 1115: fitness=79540
It 1120: fitness=79540
It 1125: fitness=79540
It 1130: fitness=79540
It 1135: fitness=79540
It 1140: fitness=79540
It 1145: fitness=79540
It 1150: fitness=79540
It 1155: fitness=79540
It 1160: fitness=79540
It 1165: fitness=79540
It 1170: fitness=79540
It 1175: fitness=79540
It 1180: fitness=79540
It 1185: fitness=79540
It 1190: fitness=79540
It 1195: fitness=79540
It 1200: fitness=79540
It 1205: fitness=79540
It 1210: fitness=79540
It 1215: fitness=79540
It 1220: fitness=79540
It 1225: fitness=79540
It 1230: fitness=79540
It 1235: fitness=79540
It 1240: fitness=79540
It 1245: fitness=79540
It 1250: fitness=79540
It 1255: fitness=79540
It 1260: fitness=79540
It 1265: fitness=79540
It 1270: fitness=79540
It 1275: fitness=79540
It 1280: fitness=79540
It 1285: fitness=79540
It 1290: fitness=79540
It 1295: fitness=79540
It 1300: fitness=79540
It 1305: fitness=79540
It 1310: fitness=79540
It 1315: fitness=79540
Maximal number of iterations without improvement reached
>> Resamp_Iter 8 negLL: 79535.86 (ref:  84536.34 )
>> Resamp_params: 0.659078 0.5901274 0.5492083 0.5446919 0.5374704 0.5300004 0.4995147 0.6872448 0.5406381 0.45 0.5353388 0.6599999 0.5413852 0.5452107 0.6323644 0.5826945 0.5452709 0.6010722 0.649027 0.5935395 0.5290133 0.5656863 0.4991861 0.5624729 0.5732898 0.5726163 0.4900029 0.6829142 0.5968442 0.6699709 0.568055 0.001 0.9143054 1.3 -325.9745 -92.6543 0.424865 
 [1]    0.5616531    0.5857182    0.5515381    0.5487872    0.5436690
 [6]    0.5326105    0.5999994    0.6127043    0.5435578    0.5752417
[11]    0.5403226    0.6599999    0.6199999    0.5482508    0.6396637
[16]    0.7099759    0.5524150    0.5933308    0.6551963    0.5901898
[21]    0.5353083    0.4977788    0.5328646    0.6337159    0.5756330
[26]    0.5774914    0.4900002    0.5706977    0.5274690    0.5792556
[31]    0.5523559    0.0010000    0.9568725    1.3000000 -499.9944096
[36]  -91.9769067    0.4173210
>> sd Resamp 9 : 7 25 19 25 16 16 22 6 22 27 25 3 4 8 21 25 10 25 25 11 7 25 21 19 21 30 10 13 26 28 10 
>> Opt param @ resamp: 81690.57 
S=22, K=3, p=0.1303, w0=0.7213, w1=0.7213, c.p=1.193, c.g=1.193
v.max=NA, d=6.083, vectorize=FALSE, hybrid=off
It 5: fitness=134300
It 10: fitness=119300
It 15: fitness=109900
It 20: fitness=109900
It 25: fitness=104700
It 30: fitness=96200
It 35: fitness=92470
It 40: fitness=92470
It 45: fitness=91890
It 50: fitness=90700
It 55: fitness=88920
It 60: fitness=87990
It 65: fitness=87600
It 70: fitness=85890
It 75: fitness=84950
It 80: fitness=82450
It 85: fitness=82450
It 90: fitness=82120
It 95: fitness=80780
It 100: fitness=80700
It 105: fitness=80080
It 110: fitness=79920
It 115: fitness=79670
It 120: fitness=79450
It 125: fitness=78960
It 130: fitness=78520
It 135: fitness=78090
It 140: fitness=77540
It 145: fitness=76780
It 150: fitness=76670
It 155: fitness=76600
It 160: fitness=76310
It 165: fitness=76260
It 170: fitness=76190
It 175: fitness=76030
It 180: fitness=75940
It 185: fitness=75930
It 190: fitness=75900
It 195: fitness=75790
It 200: fitness=75680
It 205: fitness=75680
It 210: fitness=75610
It 215: fitness=75580
It 220: fitness=75570
It 225: fitness=75550
It 230: fitness=75550
It 235: fitness=75530
It 240: fitness=75530
It 245: fitness=75520
It 250: fitness=75520
It 255: fitness=75510
It 260: fitness=75510
It 265: fitness=75500
It 270: fitness=75370
It 275: fitness=75340
It 280: fitness=75330
It 285: fitness=75310
It 290: fitness=75310
It 295: fitness=75310
It 300: fitness=75310
It 305: fitness=75300
It 310: fitness=75290
It 315: fitness=75280
It 320: fitness=75260
It 325: fitness=75260
It 330: fitness=75250
It 335: fitness=75250
It 340: fitness=75250
It 345: fitness=75240
It 350: fitness=75240
It 355: fitness=75240
It 360: fitness=75240
It 365: fitness=75240
It 370: fitness=75230
It 375: fitness=75230
It 380: fitness=75230
It 385: fitness=75230
It 390: fitness=75230
It 395: fitness=75230
It 400: fitness=75230
It 405: fitness=75230
It 410: fitness=75230
It 415: fitness=75230
It 420: fitness=75230
It 425: fitness=75230
It 430: fitness=75230
It 435: fitness=75230
It 440: fitness=75230
It 445: fitness=75230
It 450: fitness=75230
It 455: fitness=75230
It 460: fitness=75230
It 465: fitness=75230
It 470: fitness=75230
It 475: fitness=75230
It 480: fitness=75230
It 485: fitness=75230
It 490: fitness=75230
It 495: fitness=75230
It 500: fitness=75230
It 505: fitness=75230
It 510: fitness=75230
It 515: fitness=75230
It 520: fitness=75230
It 525: fitness=75230
It 530: fitness=75230
It 535: fitness=75230
It 540: fitness=75230
It 545: fitness=75230
It 550: fitness=75230
It 555: fitness=75230
It 560: fitness=75230
It 565: fitness=75230
It 570: fitness=75230
It 575: fitness=75230
It 580: fitness=75230
It 585: fitness=75230
It 590: fitness=75230
It 595: fitness=75230
It 600: fitness=75230
It 605: fitness=75230
It 610: fitness=75230
It 615: fitness=75230
It 620: fitness=75230
It 625: fitness=75230
It 630: fitness=75230
It 635: fitness=75230
It 640: fitness=75230
It 645: fitness=75230
It 650: fitness=75230
It 655: fitness=75230
It 660: fitness=75230
It 665: fitness=75230
It 670: fitness=75230
It 675: fitness=75230
It 680: fitness=75230
It 685: fitness=75230
It 690: fitness=75230
It 695: fitness=75230
It 700: fitness=75230
It 705: fitness=75230
It 710: fitness=75230
It 715: fitness=75230
It 720: fitness=75230
It 725: fitness=75230
It 730: fitness=75230
It 735: fitness=75230
It 740: fitness=75230
It 745: fitness=75230
It 750: fitness=75230
It 755: fitness=75230
It 760: fitness=75230
It 765: fitness=75230
It 770: fitness=75230
It 775: fitness=75230
It 780: fitness=75230
It 785: fitness=75230
It 790: fitness=75230
It 795: fitness=75230
It 800: fitness=75230
It 805: fitness=75230
It 810: fitness=75230
It 815: fitness=75230
It 820: fitness=75230
It 825: fitness=75230
It 830: fitness=75230
It 835: fitness=75230
It 840: fitness=75230
It 845: fitness=75230
It 850: fitness=75230
It 855: fitness=75230
It 860: fitness=75230
It 865: fitness=75230
It 870: fitness=75230
It 875: fitness=75230
It 880: fitness=75230
It 885: fitness=75230
It 890: fitness=75230
It 895: fitness=75230
It 900: fitness=75230
It 905: fitness=75230
It 910: fitness=75230
It 915: fitness=75230
It 920: fitness=75230
It 925: fitness=75230
It 930: fitness=75230
It 935: fitness=75230
It 940: fitness=75230
It 945: fitness=75230
It 950: fitness=75230
It 955: fitness=75230
It 960: fitness=75230
It 965: fitness=75230
It 970: fitness=75230
It 975: fitness=75230
It 980: fitness=75230
It 985: fitness=75230
It 990: fitness=75230
It 995: fitness=75230
It 1000: fitness=75230
It 1005: fitness=75230
It 1010: fitness=75230
It 1015: fitness=75230
It 1020: fitness=75230
It 1025: fitness=75230
It 1030: fitness=75230
It 1035: fitness=75230
It 1040: fitness=75230
It 1045: fitness=75230
It 1050: fitness=75230
It 1055: fitness=75230
It 1060: fitness=75230
It 1065: fitness=75230
It 1070: fitness=75230
It 1075: fitness=75230
It 1080: fitness=75230
It 1085: fitness=75230
It 1090: fitness=75230
Maximal number of iterations without improvement reached
>> Resamp_Iter 9 negLL: 75229.04 (ref:  81690.57 )
>> Resamp_params: 0.5450438 0.4309874 0.5563425 0.5554102 0.4605273 0.63 0.542274 0.6157291 0.6111931 0.5919224 0.5514539 0.4956341 0.5579801 0.4700104 0.4523181 0.5820543 0.6142961 0.4275911 0.6628772 0.5326779 0.5449602 0.510543 0.6241591 0.3008178 0.581513 0.5869186 0.4900002 0.5639938 0.5410303 0.586353 0.6297434 0.001 1.02073 0.9652391 -499.9973 -118.1861 0.3949791 
 [1]    0.5616531    0.5857182    0.5515381    0.5487872    0.5436690
 [6]    0.5326105    0.5999994    0.6127043    0.5435578    0.5752417
[11]    0.5403226    0.6599999    0.6199999    0.5482508    0.6396637
[16]    0.7099759    0.5524150    0.5933308    0.6551963    0.5901898
[21]    0.5353083    0.4977788    0.5328646    0.6337159    0.5756330
[26]    0.5774914    0.4900002    0.5706977    0.5274690    0.5792556
[31]    0.5523559    0.0010000    0.9568725    1.3000000 -499.9944096
[36]  -91.9769067    0.4173210
>> sd Resamp 10 : 21 1 25 30 12 4 13 8 13 26 7 3 14 19 1 18 25 9 31 26 6 21 28 19 20 13 3 4 15 18 19 
>> Opt param @ resamp: 88033.84 
S=22, K=3, p=0.1303, w0=0.7213, w1=0.7213, c.p=1.193, c.g=1.193
v.max=NA, d=6.083, vectorize=FALSE, hybrid=off
It 5: fitness=180000
It 10: fitness=155300
It 15: fitness=155000
It 20: fitness=148000
It 25: fitness=144100
It 30: fitness=132500
It 35: fitness=129500
It 40: fitness=123600
It 45: fitness=119100
It 50: fitness=117600
It 55: fitness=114800
It 60: fitness=113200
It 65: fitness=111100
It 70: fitness=110800
It 75: fitness=109600
It 80: fitness=108700
It 85: fitness=107400
It 90: fitness=106400
It 95: fitness=106000
It 100: fitness=105200
It 105: fitness=104300
It 110: fitness=103800
It 115: fitness=102600
It 120: fitness=102100
It 125: fitness=101100
It 130: fitness=100800
It 135: fitness=100600
It 140: fitness=1e+05
It 145: fitness=1e+05
It 150: fitness=99280
It 155: fitness=99030
It 160: fitness=98890
It 165: fitness=98770
It 170: fitness=98580
It 175: fitness=98410
It 180: fitness=98300
It 185: fitness=98110
It 190: fitness=97970
It 195: fitness=97900
It 200: fitness=97860
It 205: fitness=97860
It 210: fitness=97780
It 215: fitness=97780
It 220: fitness=97730
It 225: fitness=97650
It 230: fitness=97640
It 235: fitness=97600
It 240: fitness=97560
It 245: fitness=97550
It 250: fitness=97520
It 255: fitness=97480
It 260: fitness=97450
It 265: fitness=97430
It 270: fitness=97430
It 275: fitness=97410
It 280: fitness=97410
It 285: fitness=97370
It 290: fitness=97350
It 295: fitness=97310
It 300: fitness=97290
It 305: fitness=97280
It 310: fitness=97260
It 315: fitness=97250
It 320: fitness=97250
It 325: fitness=97250
It 330: fitness=97240
It 335: fitness=97240
It 340: fitness=97230
It 345: fitness=97230
It 350: fitness=97230
It 355: fitness=97220
It 360: fitness=97220
It 365: fitness=97220
It 370: fitness=97220
It 375: fitness=97220
It 380: fitness=97220
It 385: fitness=97220
It 390: fitness=97220
It 395: fitness=97210
It 400: fitness=97210
It 405: fitness=97210
It 410: fitness=97210
It 415: fitness=97210
It 420: fitness=97210
It 425: fitness=97210
It 430: fitness=97210
It 435: fitness=97210
It 440: fitness=97210
It 445: fitness=97210
It 450: fitness=97210
It 455: fitness=97210
It 460: fitness=97210
It 465: fitness=97210
It 470: fitness=97210
It 475: fitness=97210
It 480: fitness=97200
It 485: fitness=97200
It 490: fitness=97200
It 495: fitness=97200
It 500: fitness=97200
It 505: fitness=97200
It 510: fitness=97200
It 515: fitness=97200
It 520: fitness=97200
It 525: fitness=97200
It 530: fitness=97200
It 535: fitness=97200
It 540: fitness=97200
It 545: fitness=97200
It 550: fitness=97200
It 555: fitness=97200
It 560: fitness=97200
It 565: fitness=97200
It 570: fitness=97200
It 575: fitness=97200
It 580: fitness=97200
It 585: fitness=97200
It 590: fitness=97200
It 595: fitness=97200
It 600: fitness=97200
It 605: fitness=97200
It 610: fitness=97200
It 615: fitness=97200
It 620: fitness=97200
It 625: fitness=97200
It 630: fitness=97200
It 635: fitness=97200
It 640: fitness=97200
It 645: fitness=97200
It 650: fitness=97200
It 655: fitness=97200
It 660: fitness=97200
It 665: fitness=97200
It 670: fitness=97200
It 675: fitness=97200
It 680: fitness=97200
It 685: fitness=97200
It 690: fitness=97200
It 695: fitness=97200
It 700: fitness=97200
It 705: fitness=97200
It 710: fitness=97200
It 715: fitness=97200
It 720: fitness=97200
It 725: fitness=97200
It 730: fitness=97200
It 735: fitness=97200
It 740: fitness=97200
It 745: fitness=97200
It 750: fitness=97200
It 755: fitness=97200
It 760: fitness=97200
It 765: fitness=97200
It 770: fitness=97200
It 775: fitness=97200
It 780: fitness=97200
It 785: fitness=97200
It 790: fitness=97200
It 795: fitness=97200
It 800: fitness=97200
It 805: fitness=97200
It 810: fitness=97200
It 815: fitness=97200
It 820: fitness=97200
It 825: fitness=97200
It 830: fitness=97200
It 835: fitness=97200
It 840: fitness=97200
It 845: fitness=97200
It 850: fitness=97200
It 855: fitness=97200
It 860: fitness=97200
It 865: fitness=97200
It 870: fitness=97200
It 875: fitness=97200
It 880: fitness=97200
It 885: fitness=97200
It 890: fitness=97200
It 895: fitness=97200
It 900: fitness=97200
It 905: fitness=97200
It 910: fitness=97200
It 915: fitness=97200
It 920: fitness=97200
It 925: fitness=97200
It 930: fitness=97200
It 935: fitness=97200
It 940: fitness=97200
It 945: fitness=97200
It 950: fitness=97200
It 955: fitness=97200
It 960: fitness=97200
It 965: fitness=97200
It 970: fitness=97200
It 975: fitness=97200
It 980: fitness=97200
It 985: fitness=97200
It 990: fitness=97200
It 995: fitness=97200
It 1000: fitness=97200
It 1005: fitness=97200
It 1010: fitness=97200
It 1015: fitness=97200
It 1020: fitness=97200
It 1025: fitness=97200
It 1030: fitness=97200
It 1035: fitness=97200
It 1040: fitness=97200
It 1045: fitness=97200
It 1050: fitness=97200
It 1055: fitness=97200
It 1060: fitness=97200
It 1065: fitness=97200
It 1070: fitness=97200
It 1075: fitness=97200
It 1080: fitness=97200
It 1085: fitness=97200
It 1090: fitness=97200
It 1095: fitness=97200
It 1100: fitness=97200
It 1105: fitness=97200
It 1110: fitness=97200
It 1115: fitness=97200
It 1120: fitness=97200
It 1125: fitness=97200
It 1130: fitness=97200
It 1135: fitness=97200
It 1140: fitness=97200
It 1145: fitness=97200
It 1150: fitness=97200
It 1155: fitness=97200
It 1160: fitness=97200
It 1165: fitness=97200
It 1170: fitness=97200
It 1175: fitness=97200
It 1180: fitness=97200
It 1185: fitness=97200
It 1190: fitness=97200
It 1195: fitness=97200
It 1200: fitness=97200
It 1205: fitness=97200
It 1210: fitness=97200
It 1215: fitness=97200
It 1220: fitness=97200
It 1225: fitness=97200
It 1230: fitness=97200
It 1235: fitness=97200
It 1240: fitness=97200
It 1245: fitness=97200
It 1250: fitness=97200
It 1255: fitness=97200
It 1260: fitness=97200
It 1265: fitness=97200
It 1270: fitness=97200
It 1275: fitness=97200
It 1280: fitness=97200
It 1285: fitness=97200
It 1290: fitness=97200
It 1295: fitness=97200
It 1300: fitness=97200
It 1305: fitness=97200
It 1310: fitness=97200
It 1315: fitness=97200
It 1320: fitness=97200
It 1325: fitness=97200
It 1330: fitness=97200
It 1335: fitness=97200
It 1340: fitness=97200
It 1345: fitness=97200
It 1350: fitness=97200
It 1355: fitness=97200
It 1360: fitness=97200
It 1365: fitness=97200
It 1370: fitness=97200
Maximal number of iterations without improvement reached
>> Resamp_Iter 10 negLL: 97195.73 (ref:  88033.84 )
>> Resamp_params: 0.5606359 0.4228557 0.5477 0.5459288 0.4697782 0.5314779 0.5218146 0.6137645 0.541001 0.4944991 0.4705838 0.66 0.5451526 0.5496374 0.4353785 0.6789553 0.64 0.5973641 0.6543906 0.5877701 0.5351392 0.5561605 0.5165098 0.3003812 0.5781137 0.5758171 0.508754 0.5648848 0.5842929 0.67 0.6299999 0.001 0.9432899 1.212388 -372.0351 -95.93471 0.4153436 
