fit_results/data/globalcity_clean.txt_sd_03191603.log>>> Loading state data: Atlanta <<<
>>> Loading state data: Berlin <<<
>>> Loading state data: Boston <<<
>>> Loading state data: Chicago <<<
>>> Loading state data: Denver <<<
>>> Loading state data: Houston <<<
>>> Loading state data: Los Angeles <<<
>>> Loading state data: Madrid <<<
>>> Loading state data: Miami <<<
>>> Loading state data: Phoenix <<<
>>> Loading state data: Rome <<<
>>> Loading state data: Seattle <<<
>>> Loading state data: St Louis <<<
>>> Loading state data: Toronto <<<
>>> Loading state data: Birmingham <<<
>>> Loading state data: Cologne <<<
>>> Loading state data: Dallas <<<
>>> Loading state data: Hamburg <<<
>>> Loading state data: London <<<
>>> Loading state data: New York <<<
>>> Loading state data: Sacramento <<<
>>> Loading state data: San Diego <<<
>>> Loading state data: San Francisco <<<
>>> Loading state data: Stockholm <<<
>>> Loading state data: Stuttgart <<<
>>> Loading state data: Tucson <<<
>>> Loading state data: Melbourne <<<
>>> Loading state data: Santiago <<<
>>> Loading state data: Delhi <<<
>>> Loading state data: Vancouver <<<
>>> Loading state data: Mexico City <<<
 [1]    0.540    0.400    0.430    0.440    0.460    0.530    0.480    0.570
 [9]    0.540    0.450    0.470    0.440    0.470    0.470    0.400    0.450
[17]    0.530    0.410    0.400    0.450    0.480    0.480    0.490    0.300
[25]    0.450    0.440    0.490    0.540    0.450    0.430    0.550    0.001
[33]    0.800    0.600 -500.000 -500.000    0.000
 [1] 0.660 0.690 0.610 0.610 0.620 0.630 0.600 0.710 0.630 0.620 0.630 0.660
[13] 0.620 0.660 0.690 0.710 0.640 0.710 0.670 0.620 0.630 0.590 0.630 0.720
[25] 0.680 0.610 0.630 0.700 0.600 0.670 0.630 0.001 1.200 1.300 0.000 0.000
[37] 1.000
 [1]    0.5616531    0.5857182    0.5515381    0.5487872    0.5436690
 [6]    0.5326105    0.5999994    0.6127043    0.5435578    0.5752417
[11]    0.5403226    0.6599999    0.6199999    0.5482508    0.6396637
[16]    0.7099759    0.5524150    0.5933308    0.6551963    0.5901898
[21]    0.5353083    0.4977788    0.5328646    0.6337159    0.5756330
[26]    0.5774914    0.4900002    0.5706977    0.5274690    0.5792556
[31]    0.5523559    0.0010000    0.9568725    1.3000000 -499.9944096
[36]  -91.9769067    0.4173210
 [1]    0.5900000    0.5900000    0.5900000    0.5900000    0.5900000
 [6]    0.5900000    0.5900000    0.5900000    0.5900000    0.5900000
[11]    0.5900000    0.5900000    0.5900000    0.5900000    0.5900000
[16]    0.5900000    0.5900000    0.5900000    0.5900000    0.5900000
[21]    0.5900000    0.5900000    0.5900000    0.5900000    0.5900000
[26]    0.5900000    0.5900000    0.5900000    0.5900000    0.5900000
[31]    0.5900000    0.0010000    0.9568725    1.3000000 -499.9944096
[36]  -91.9769067    0.4173210
96 cores seen; limit to 18 cores
 [1]    0.5616531    0.5857182    0.5515381    0.5487872    0.5436690
 [6]    0.5326105    0.5999994    0.6127043    0.5435578    0.5752417
[11]    0.5403226    0.6599999    0.6199999    0.5482508    0.6396637
[16]    0.7099759    0.5524150    0.5933308    0.6551963    0.5901898
[21]    0.5353083    0.4977788    0.5328646    0.6337159    0.5756330
[26]    0.5774914    0.4900002    0.5706977    0.5274690    0.5792556
[31]    0.5523559    0.0010000    0.9568725    1.3000000 -499.9944096
[36]  -91.9769067    0.4173210
>> sd Resamp 1 : 4 7 3 22 16 3 25 14 22 20 14 13 2 3 21 20 24 21 16 19 6 17 22 12 31 15 21 6 24 27 17 
>> Opt param @ resamp: 94812.29 
S=22, K=3, p=0.1303, w0=0.7213, w1=0.7213, c.p=1.193, c.g=1.193
v.max=NA, d=6.083, vectorize=FALSE, hybrid=off
It 5: fitness=174800
It 10: fitness=174800
It 15: fitness=160000
It 20: fitness=159100
It 25: fitness=158800
It 30: fitness=149500
It 35: fitness=145300
It 40: fitness=143900
It 45: fitness=142800
It 50: fitness=134200
It 55: fitness=131000
It 60: fitness=126800
It 65: fitness=126800
It 70: fitness=125800
It 75: fitness=122400
It 80: fitness=119200
It 85: fitness=118400
It 90: fitness=116000
It 95: fitness=113500
It 100: fitness=110100
It 105: fitness=108900
It 110: fitness=106600
It 115: fitness=106300
It 120: fitness=104600
It 125: fitness=103200
It 130: fitness=101600
It 135: fitness=100300
It 140: fitness=99800
It 145: fitness=99420
It 150: fitness=98700
It 155: fitness=98330
It 160: fitness=97950
It 165: fitness=97840
It 170: fitness=97680
It 175: fitness=97390
It 180: fitness=97260
It 185: fitness=96800
It 190: fitness=96550
It 195: fitness=96420
It 200: fitness=96370
It 205: fitness=96270
It 210: fitness=96200
It 215: fitness=96100
It 220: fitness=96050
It 225: fitness=95980
It 230: fitness=95960
It 235: fitness=95840
It 240: fitness=95700
It 245: fitness=95690
It 250: fitness=95680
It 255: fitness=95580
It 260: fitness=95540
It 265: fitness=95510
It 270: fitness=95430
It 275: fitness=95360
It 280: fitness=95300
It 285: fitness=95260
It 290: fitness=95190
It 295: fitness=95180
It 300: fitness=95150
It 305: fitness=95120
It 310: fitness=95110
It 315: fitness=95100
It 320: fitness=95080
It 325: fitness=95050
It 330: fitness=95050
It 335: fitness=95040
It 340: fitness=95020
It 345: fitness=95020
It 350: fitness=95010
It 355: fitness=95000
It 360: fitness=95000
It 365: fitness=94990
It 370: fitness=94970
It 375: fitness=94960
It 380: fitness=94940
It 385: fitness=94920
It 390: fitness=94890
It 395: fitness=94880
It 400: fitness=94880
It 405: fitness=94860
It 410: fitness=94850
It 415: fitness=94840
It 420: fitness=94830
It 425: fitness=94830
It 430: fitness=94810
It 435: fitness=94810
It 440: fitness=94800
It 445: fitness=94800
It 450: fitness=94790
It 455: fitness=94790
It 460: fitness=94790
It 465: fitness=94790
It 470: fitness=94790
It 475: fitness=94780
It 480: fitness=94780
It 485: fitness=94780
It 490: fitness=94780
It 495: fitness=94780
It 500: fitness=94780
It 505: fitness=94780
It 510: fitness=94780
It 515: fitness=94780
It 520: fitness=94780
It 525: fitness=94780
It 530: fitness=94780
It 535: fitness=94780
It 540: fitness=94780
It 545: fitness=94780
It 550: fitness=94780
It 555: fitness=94780
It 560: fitness=94780
It 565: fitness=94780
It 570: fitness=94780
It 575: fitness=94780
It 580: fitness=94780
It 585: fitness=94770
It 590: fitness=94770
It 595: fitness=94770
It 600: fitness=94770
It 605: fitness=94770
It 610: fitness=94770
It 615: fitness=94770
It 620: fitness=94770
It 625: fitness=94770
It 630: fitness=94770
It 635: fitness=94770
It 640: fitness=94770
It 645: fitness=94770
It 650: fitness=94770
It 655: fitness=94770
It 660: fitness=94770
It 665: fitness=94770
It 670: fitness=94770
It 675: fitness=94770
It 680: fitness=94770
It 685: fitness=94770
It 690: fitness=94770
It 695: fitness=94770
It 700: fitness=94770
It 705: fitness=94770
It 710: fitness=94770
It 715: fitness=94770
It 720: fitness=94770
It 725: fitness=94770
It 730: fitness=94770
It 735: fitness=94770
It 740: fitness=94770
It 745: fitness=94770
It 750: fitness=94770
It 755: fitness=94770
It 760: fitness=94770
It 765: fitness=94770
It 770: fitness=94770
It 775: fitness=94770
It 780: fitness=94770
It 785: fitness=94770
It 790: fitness=94770
It 795: fitness=94770
It 800: fitness=94770
It 805: fitness=94770
It 810: fitness=94770
It 815: fitness=94770
It 820: fitness=94770
It 825: fitness=94770
It 830: fitness=94770
It 835: fitness=94770
It 840: fitness=94770
It 845: fitness=94770
It 850: fitness=94770
It 855: fitness=94770
It 860: fitness=94770
It 865: fitness=94770
It 870: fitness=94770
It 875: fitness=94770
It 880: fitness=94770
It 885: fitness=94770
It 890: fitness=94770
It 895: fitness=94770
It 900: fitness=94770
It 905: fitness=94770
It 910: fitness=94770
It 915: fitness=94770
It 920: fitness=94770
It 925: fitness=94770
It 930: fitness=94770
It 935: fitness=94770
It 940: fitness=94770
It 945: fitness=94770
It 950: fitness=94770
It 955: fitness=94770
It 960: fitness=94770
It 965: fitness=94770
It 970: fitness=94770
It 975: fitness=94770
It 980: fitness=94770
It 985: fitness=94770
It 990: fitness=94770
It 995: fitness=94770
It 1000: fitness=94770
It 1005: fitness=94770
It 1010: fitness=94770
It 1015: fitness=94770
It 1020: fitness=94770
It 1025: fitness=94770
It 1030: fitness=94770
It 1035: fitness=94770
It 1040: fitness=94770
It 1045: fitness=94770
It 1050: fitness=94770
It 1055: fitness=94770
It 1060: fitness=94770
It 1065: fitness=94770
It 1070: fitness=94770
It 1075: fitness=94770
It 1080: fitness=94770
It 1085: fitness=94770
It 1090: fitness=94770
It 1095: fitness=94770
It 1100: fitness=94770
It 1105: fitness=94770
It 1110: fitness=94770
It 1115: fitness=94770
It 1120: fitness=94770
It 1125: fitness=94770
It 1130: fitness=94770
It 1135: fitness=94770
It 1140: fitness=94770
It 1145: fitness=94770
It 1150: fitness=94770
It 1155: fitness=94770
It 1160: fitness=94770
It 1165: fitness=94770
It 1170: fitness=94770
It 1175: fitness=94770
It 1180: fitness=94770
It 1185: fitness=94770
It 1190: fitness=94770
It 1195: fitness=94770
It 1200: fitness=94770
It 1205: fitness=94770
It 1210: fitness=94770
It 1215: fitness=94770
It 1220: fitness=94770
It 1225: fitness=94770
It 1230: fitness=94770
It 1235: fitness=94770
It 1240: fitness=94770
It 1245: fitness=94770
It 1250: fitness=94770
It 1255: fitness=94770
It 1260: fitness=94770
It 1265: fitness=94770
It 1270: fitness=94770
It 1275: fitness=94770
It 1280: fitness=94770
It 1285: fitness=94770
It 1290: fitness=94770
It 1295: fitness=94770
It 1300: fitness=94770
It 1305: fitness=94770
It 1310: fitness=94770
It 1315: fitness=94770
It 1320: fitness=94770
It 1325: fitness=94770
It 1330: fitness=94770
It 1335: fitness=94770
It 1340: fitness=94770
It 1345: fitness=94770
It 1350: fitness=94770
It 1355: fitness=94770
It 1360: fitness=94770
It 1365: fitness=94770
It 1370: fitness=94770
It 1375: fitness=94770
It 1380: fitness=94770
It 1385: fitness=94770
It 1390: fitness=94770
It 1395: fitness=94770
It 1400: fitness=94770
It 1405: fitness=94770
It 1410: fitness=94770
It 1415: fitness=94770
It 1420: fitness=94770
It 1425: fitness=94770
It 1430: fitness=94770
It 1435: fitness=94770
It 1440: fitness=94770
It 1445: fitness=94770
It 1450: fitness=94770
It 1455: fitness=94770
It 1460: fitness=94770
It 1465: fitness=94770
It 1470: fitness=94770
It 1475: fitness=94770
It 1480: fitness=94770
It 1485: fitness=94770
It 1490: fitness=94770
It 1495: fitness=94770
It 1500: fitness=94770
It 1505: fitness=94770
It 1510: fitness=94770
It 1515: fitness=94770
It 1520: fitness=94770
It 1525: fitness=94770
It 1530: fitness=94770
It 1535: fitness=94770
It 1540: fitness=94770
It 1545: fitness=94770
It 1550: fitness=94770
It 1555: fitness=94770
It 1560: fitness=94770
It 1565: fitness=94770
It 1570: fitness=94770
It 1575: fitness=94770
It 1580: fitness=94770
It 1585: fitness=94770
It 1590: fitness=94770
It 1595: fitness=94770
It 1600: fitness=94770
It 1605: fitness=94770
It 1610: fitness=94770
It 1615: fitness=94770
It 1620: fitness=94770
It 1625: fitness=94770
It 1630: fitness=94770
It 1635: fitness=94770
It 1640: fitness=94770
It 1645: fitness=94770
It 1650: fitness=94770
It 1655: fitness=94770
It 1660: fitness=94770
It 1665: fitness=94770
It 1670: fitness=94770
It 1675: fitness=94770
It 1680: fitness=94770
It 1685: fitness=94770
It 1690: fitness=94770
It 1695: fitness=94770
It 1700: fitness=94770
It 1705: fitness=94770
It 1710: fitness=94770
It 1715: fitness=94770
It 1720: fitness=94770
It 1725: fitness=94770
It 1730: fitness=94770
It 1735: fitness=94770
It 1740: fitness=94770
It 1745: fitness=94770
It 1750: fitness=94770
It 1755: fitness=94770
It 1760: fitness=94770
It 1765: fitness=94770
It 1770: fitness=94770
It 1775: fitness=94770
It 1780: fitness=94770
It 1785: fitness=94770
It 1790: fitness=94770
It 1795: fitness=94770
It 1800: fitness=94770
It 1805: fitness=94770
It 1810: fitness=94770
It 1815: fitness=94770
It 1820: fitness=94770
It 1825: fitness=94770
It 1830: fitness=94770
It 1835: fitness=94770
It 1840: fitness=94770
It 1845: fitness=94770
It 1850: fitness=94770
It 1855: fitness=94770
It 1860: fitness=94770
It 1865: fitness=94770
It 1870: fitness=94770
It 1875: fitness=94770
It 1880: fitness=94770
It 1885: fitness=94770
It 1890: fitness=94770
It 1895: fitness=94770
It 1900: fitness=94770
It 1905: fitness=94770
It 1910: fitness=94770
It 1915: fitness=94770
It 1920: fitness=94770
It 1925: fitness=94770
It 1930: fitness=94770
It 1935: fitness=94770
It 1940: fitness=94770
It 1945: fitness=94770
Maximal number of iterations without improvement reached
>> Resamp_Iter 1 negLL: 94769.52 (ref:  94812.29 )
>> Resamp_params: 0.5643392 0.5876809 0.5433856 0.5410366 0.6175936 0.5300001 0.5161457 0.7090194 0.6172925 0.4500064 0.4959277 0.66 0.539929 0.5462247 0.6369582 0.5838461 0.5459396 0.7095033 0.5661993 0.589213 0.5296703 0.4917071 0.6273885 0.6132985 0.5743367 0.5067329 0.4900001 0.55411 0.4539836 0.6019088 0.55 0.001 0.9102604 1.299999 -302.4637 -80.79072 0.4121561 
 [1]    0.5616531    0.5857182    0.5515381    0.5487872    0.5436690
 [6]    0.5326105    0.5999994    0.6127043    0.5435578    0.5752417
[11]    0.5403226    0.6599999    0.6199999    0.5482508    0.6396637
[16]    0.7099759    0.5524150    0.5933308    0.6551963    0.5901898
[21]    0.5353083    0.4977788    0.5328646    0.6337159    0.5756330
[26]    0.5774914    0.4900002    0.5706977    0.5274690    0.5792556
[31]    0.5523559    0.0010000    0.9568725    1.3000000 -499.9944096
[36]  -91.9769067    0.4173210
>> sd Resamp 2 : 28 19 11 23 11 29 28 16 10 14 11 7 20 14 29 27 28 27 30 30 30 31 21 19 28 10 27 1 30 29 25 
>> Opt param @ resamp: 96566 
S=22, K=3, p=0.1303, w0=0.7213, w1=0.7213, c.p=1.193, c.g=1.193
v.max=NA, d=6.083, vectorize=FALSE, hybrid=off
It 5: fitness=213000
It 10: fitness=194000
It 15: fitness=193100
It 20: fitness=154300
It 25: fitness=149000
It 30: fitness=144100
It 35: fitness=129400
It 40: fitness=124500
It 45: fitness=120900
It 50: fitness=117300
It 55: fitness=116500
It 60: fitness=113300
It 65: fitness=111800
It 70: fitness=109400
It 75: fitness=108900
It 80: fitness=106700
It 85: fitness=106500
It 90: fitness=105800
It 95: fitness=105000
It 100: fitness=104600
It 105: fitness=104000
It 110: fitness=103700
It 115: fitness=103000
It 120: fitness=102900
It 125: fitness=102200
It 130: fitness=101700
It 135: fitness=101500
It 140: fitness=100900
It 145: fitness=100900
It 150: fitness=100600
It 155: fitness=100300
It 160: fitness=99870
It 165: fitness=99570
It 170: fitness=99300
It 175: fitness=99040
It 180: fitness=98940
It 185: fitness=98770
It 190: fitness=98720
It 195: fitness=98560
It 200: fitness=98240
It 205: fitness=98230
It 210: fitness=98200
It 215: fitness=98090
It 220: fitness=98070
It 225: fitness=97940
It 230: fitness=97830
It 235: fitness=97790
It 240: fitness=97670
It 245: fitness=97590
It 250: fitness=97490
It 255: fitness=97400
It 260: fitness=97400
It 265: fitness=97350
It 270: fitness=97320
It 275: fitness=97250
It 280: fitness=97190
It 285: fitness=97170
It 290: fitness=97110
It 295: fitness=97050
It 300: fitness=96970
It 305: fitness=96940
It 310: fitness=96920
It 315: fitness=96900
It 320: fitness=96890
It 325: fitness=96860
It 330: fitness=96850
It 335: fitness=96820
It 340: fitness=96810
It 345: fitness=96800
It 350: fitness=96790
It 355: fitness=96780
It 360: fitness=96780
It 365: fitness=96770
It 370: fitness=96760
It 375: fitness=96760
It 380: fitness=96760
It 385: fitness=96760
It 390: fitness=96750
It 395: fitness=96750
It 400: fitness=96740
It 405: fitness=96740
It 410: fitness=96740
It 415: fitness=96740
It 420: fitness=96740
It 425: fitness=96740
It 430: fitness=96740
It 435: fitness=96740
It 440: fitness=96730
It 445: fitness=96730
It 450: fitness=96730
It 455: fitness=96730
It 460: fitness=96730
It 465: fitness=96730
It 470: fitness=96730
It 475: fitness=96730
It 480: fitness=96730
It 485: fitness=96730
It 490: fitness=96730
It 495: fitness=96730
It 500: fitness=96730
It 505: fitness=96730
It 510: fitness=96730
It 515: fitness=96730
It 520: fitness=96730
It 525: fitness=96730
It 530: fitness=96730
It 535: fitness=96730
It 540: fitness=96730
It 545: fitness=96730
It 550: fitness=96730
It 555: fitness=96730
It 560: fitness=96730
It 565: fitness=96730
It 570: fitness=96730
It 575: fitness=96730
It 580: fitness=96730
It 585: fitness=96730
It 590: fitness=96730
It 595: fitness=96730
It 600: fitness=96730
It 605: fitness=96730
It 610: fitness=96730
It 615: fitness=96730
It 620: fitness=96730
It 625: fitness=96730
It 630: fitness=96730
It 635: fitness=96730
It 640: fitness=96730
It 645: fitness=96730
It 650: fitness=96730
It 655: fitness=96730
It 660: fitness=96730
It 665: fitness=96730
It 670: fitness=96730
It 675: fitness=96730
It 680: fitness=96730
It 685: fitness=96730
It 690: fitness=96730
It 695: fitness=96730
It 700: fitness=96730
It 705: fitness=96730
It 710: fitness=96730
It 715: fitness=96730
It 720: fitness=96730
It 725: fitness=96730
It 730: fitness=96730
It 735: fitness=96730
It 740: fitness=96730
It 745: fitness=96730
It 750: fitness=96730
It 755: fitness=96730
It 760: fitness=96730
It 765: fitness=96730
It 770: fitness=96730
It 775: fitness=96730
It 780: fitness=96730
It 785: fitness=96730
It 790: fitness=96730
It 795: fitness=96730
It 800: fitness=96730
It 805: fitness=96730
It 810: fitness=96730
It 815: fitness=96730
It 820: fitness=96730
It 825: fitness=96730
It 830: fitness=96730
It 835: fitness=96730
It 840: fitness=96730
It 845: fitness=96730
It 850: fitness=96730
It 855: fitness=96730
It 860: fitness=96730
It 865: fitness=96730
It 870: fitness=96730
It 875: fitness=96730
It 880: fitness=96730
It 885: fitness=96730
It 890: fitness=96730
It 895: fitness=96730
It 900: fitness=96730
It 905: fitness=96730
It 910: fitness=96730
It 915: fitness=96730
It 920: fitness=96730
It 925: fitness=96730
It 930: fitness=96730
It 935: fitness=96730
It 940: fitness=96730
It 945: fitness=96730
It 950: fitness=96730
It 955: fitness=96730
It 960: fitness=96730
It 965: fitness=96730
It 970: fitness=96730
It 975: fitness=96730
It 980: fitness=96730
It 985: fitness=96730
It 990: fitness=96730
It 995: fitness=96730
It 1000: fitness=96730
It 1005: fitness=96730
It 1010: fitness=96730
It 1015: fitness=96730
It 1020: fitness=96730
It 1025: fitness=96730
It 1030: fitness=96730
It 1035: fitness=96730
It 1040: fitness=96730
It 1045: fitness=96730
It 1050: fitness=96730
It 1055: fitness=96730
It 1060: fitness=96730
It 1065: fitness=96730
It 1070: fitness=96730
It 1075: fitness=96730
It 1080: fitness=96730
It 1085: fitness=96730
It 1090: fitness=96730
It 1095: fitness=96730
It 1100: fitness=96730
It 1105: fitness=96730
It 1110: fitness=96730
It 1115: fitness=96730
It 1120: fitness=96730
It 1125: fitness=96730
It 1130: fitness=96730
It 1135: fitness=96730
It 1140: fitness=96730
It 1145: fitness=96730
It 1150: fitness=96730
It 1155: fitness=96730
It 1160: fitness=96730
It 1165: fitness=96730
It 1170: fitness=96730
It 1175: fitness=96730
It 1180: fitness=96730
It 1185: fitness=96730
It 1190: fitness=96730
It 1195: fitness=96730
It 1200: fitness=96730
It 1205: fitness=96730
It 1210: fitness=96730
It 1215: fitness=96730
It 1220: fitness=96730
It 1225: fitness=96730
It 1230: fitness=96730
It 1235: fitness=96730
It 1240: fitness=96730
It 1245: fitness=96730
It 1250: fitness=96730
It 1255: fitness=96730
It 1260: fitness=96730
It 1265: fitness=96730
It 1270: fitness=96730
It 1275: fitness=96730
It 1280: fitness=96730
It 1285: fitness=96730
It 1290: fitness=96730
It 1295: fitness=96730
It 1300: fitness=96730
It 1305: fitness=96730
It 1310: fitness=96730
It 1315: fitness=96730
It 1320: fitness=96730
It 1325: fitness=96730
It 1330: fitness=96730
It 1335: fitness=96730
It 1340: fitness=96730
It 1345: fitness=96730
It 1350: fitness=96730
It 1355: fitness=96730
It 1360: fitness=96730
It 1365: fitness=96730
It 1370: fitness=96730
It 1375: fitness=96730
It 1380: fitness=96730
It 1385: fitness=96730
It 1390: fitness=96730
It 1395: fitness=96730
It 1400: fitness=96730
It 1405: fitness=96730
It 1410: fitness=96730
It 1415: fitness=96730
It 1420: fitness=96730
It 1425: fitness=96730
It 1430: fitness=96730
It 1435: fitness=96730
It 1440: fitness=96730
It 1445: fitness=96730
It 1450: fitness=96730
It 1455: fitness=96730
It 1460: fitness=96730
It 1465: fitness=96730
It 1470: fitness=96730
It 1475: fitness=96730
It 1480: fitness=96730
It 1485: fitness=96730
It 1490: fitness=96730
It 1495: fitness=96730
It 1500: fitness=96730
It 1505: fitness=96730
It 1510: fitness=96730
It 1515: fitness=96730
It 1520: fitness=96730
It 1525: fitness=96730
It 1530: fitness=96730
It 1535: fitness=96730
It 1540: fitness=96730
It 1545: fitness=96730
It 1550: fitness=96730
It 1555: fitness=96730
It 1560: fitness=96730
It 1565: fitness=96730
It 1570: fitness=96730
It 1575: fitness=96730
It 1580: fitness=96730
It 1585: fitness=96730
It 1590: fitness=96730
It 1595: fitness=96730
It 1600: fitness=96730
It 1605: fitness=96730
It 1610: fitness=96730
It 1615: fitness=96730
It 1620: fitness=96730
It 1625: fitness=96730
It 1630: fitness=96730
It 1635: fitness=96730
It 1640: fitness=96730
It 1645: fitness=96730
It 1650: fitness=96730
It 1655: fitness=96730
It 1660: fitness=96730
It 1665: fitness=96730
It 1670: fitness=96730
It 1675: fitness=96730
It 1680: fitness=96730
It 1685: fitness=96730
It 1690: fitness=96730
It 1695: fitness=96730
It 1700: fitness=96730
It 1705: fitness=96730
It 1710: fitness=96730
It 1715: fitness=96730
It 1720: fitness=96730
It 1725: fitness=96730
It 1730: fitness=96730
It 1735: fitness=96730
It 1740: fitness=96730
It 1745: fitness=96730
It 1750: fitness=96730
It 1755: fitness=96730
It 1760: fitness=96730
It 1765: fitness=96730
It 1770: fitness=96730
It 1775: fitness=96730
It 1780: fitness=96730
It 1785: fitness=96730
It 1790: fitness=96730
It 1795: fitness=96730
It 1800: fitness=96730
It 1805: fitness=96730
Maximal number of iterations without improvement reached
>> Resamp_Iter 2 negLL: 96725.33 (ref:  96566 )
>> Resamp_params: 0.66 0.4001948 0.5085332 0.6098975 0.4894139 0.5582116 0.5267709 0.6327034 0.6171672 0.576065 0.5495005 0.5047537 0.62 0.5581243 0.4409852 0.7038556 0.5760538 0.4691708 0.6492057 0.5869368 0.5421359 0.581165 0.5407125 0.3491549 0.587025 0.4476976 0.4913122 0.5744452 0.5237106 0.5901797 0.5575147 0.001 0.9385327 1.272967 -499.9984 -92.46295 0.4121221 
 [1]    0.5616531    0.5857182    0.5515381    0.5487872    0.5436690
 [6]    0.5326105    0.5999994    0.6127043    0.5435578    0.5752417
[11]    0.5403226    0.6599999    0.6199999    0.5482508    0.6396637
[16]    0.7099759    0.5524150    0.5933308    0.6551963    0.5901898
[21]    0.5353083    0.4977788    0.5328646    0.6337159    0.5756330
[26]    0.5774914    0.4900002    0.5706977    0.5274690    0.5792556
[31]    0.5523559    0.0010000    0.9568725    1.3000000 -499.9944096
[36]  -91.9769067    0.4173210
>> sd Resamp 3 : 18 2 27 27 21 3 13 9 6 18 16 27 11 23 11 23 30 31 2 2 14 9 27 29 15 20 10 30 18 28 9 
>> Opt param @ resamp: 71308.77 
S=22, K=3, p=0.1303, w0=0.7213, w1=0.7213, c.p=1.193, c.g=1.193
v.max=NA, d=6.083, vectorize=FALSE, hybrid=off
It 5: fitness=169900
It 10: fitness=154600
It 15: fitness=138000
It 20: fitness=120600
It 25: fitness=117800
It 30: fitness=116300
It 35: fitness=111300
It 40: fitness=109300
It 45: fitness=105900
It 50: fitness=104800
It 55: fitness=104200
It 60: fitness=103300
It 65: fitness=96140
It 70: fitness=94150
It 75: fitness=94150
It 80: fitness=93320
It 85: fitness=91560
It 90: fitness=91330
It 95: fitness=91330
It 100: fitness=89800
It 105: fitness=87910
It 110: fitness=87910
It 115: fitness=86220
It 120: fitness=84380
It 125: fitness=84280
It 130: fitness=82760
It 135: fitness=82670
It 140: fitness=80310
It 145: fitness=79200
It 150: fitness=78500
It 155: fitness=77870
It 160: fitness=77080
It 165: fitness=76560
It 170: fitness=75750
It 175: fitness=75180
It 180: fitness=74780
It 185: fitness=74650
It 190: fitness=74360
It 195: fitness=74320
It 200: fitness=73910
It 205: fitness=73760
It 210: fitness=73640
It 215: fitness=73550
It 220: fitness=73450
It 225: fitness=73250
It 230: fitness=73130
It 235: fitness=73030
It 240: fitness=73020
It 245: fitness=72950
It 250: fitness=72910
It 255: fitness=72870
It 260: fitness=72850
It 265: fitness=72820
It 270: fitness=72760
It 275: fitness=72740
It 280: fitness=72700
It 285: fitness=72670
It 290: fitness=72640
It 295: fitness=72630
It 300: fitness=72620
It 305: fitness=72610
It 310: fitness=72600
It 315: fitness=72600
It 320: fitness=72590
It 325: fitness=72590
It 330: fitness=72590
It 335: fitness=72580
It 340: fitness=72580
It 345: fitness=72570
It 350: fitness=72570
It 355: fitness=72570
It 360: fitness=72560
It 365: fitness=72560
It 370: fitness=72550
It 375: fitness=72550
It 380: fitness=72550
It 385: fitness=72550
It 390: fitness=72550
It 395: fitness=72540
It 400: fitness=72540
It 405: fitness=72540
It 410: fitness=72540
It 415: fitness=72540
It 420: fitness=72540
It 425: fitness=72540
It 430: fitness=72540
It 435: fitness=72540
It 440: fitness=72530
It 445: fitness=72530
It 450: fitness=72530
It 455: fitness=72530
It 460: fitness=72530
It 465: fitness=72530
It 470: fitness=72530
It 475: fitness=72530
It 480: fitness=72530
It 485: fitness=72530
It 490: fitness=72530
It 495: fitness=72530
It 500: fitness=72530
It 505: fitness=72530
It 510: fitness=72530
It 515: fitness=72530
It 520: fitness=72530
It 525: fitness=72530
It 530: fitness=72530
It 535: fitness=72530
It 540: fitness=72530
It 545: fitness=72530
It 550: fitness=72530
It 555: fitness=72530
It 560: fitness=72530
It 565: fitness=72530
It 570: fitness=72530
It 575: fitness=72530
It 580: fitness=72530
It 585: fitness=72530
It 590: fitness=72530
It 595: fitness=72530
It 600: fitness=72530
It 605: fitness=72530
It 610: fitness=72530
It 615: fitness=72530
It 620: fitness=72530
It 625: fitness=72530
It 630: fitness=72530
It 635: fitness=72530
It 640: fitness=72530
It 645: fitness=72530
It 650: fitness=72530
It 655: fitness=72530
It 660: fitness=72530
It 665: fitness=72530
It 670: fitness=72530
It 675: fitness=72530
It 680: fitness=72530
It 685: fitness=72530
It 690: fitness=72530
It 695: fitness=72530
It 700: fitness=72530
It 705: fitness=72530
It 710: fitness=72530
It 715: fitness=72530
It 720: fitness=72530
It 725: fitness=72530
It 730: fitness=72530
It 735: fitness=72530
It 740: fitness=72530
It 745: fitness=72530
It 750: fitness=72530
It 755: fitness=72530
It 760: fitness=72530
It 765: fitness=72530
It 770: fitness=72530
It 775: fitness=72530
It 780: fitness=72530
It 785: fitness=72530
It 790: fitness=72530
It 795: fitness=72530
It 800: fitness=72530
It 805: fitness=72530
It 810: fitness=72530
It 815: fitness=72530
It 820: fitness=72530
It 825: fitness=72530
It 830: fitness=72530
It 835: fitness=72530
It 840: fitness=72530
It 845: fitness=72530
It 850: fitness=72530
It 855: fitness=72530
It 860: fitness=72530
It 865: fitness=72530
It 870: fitness=72530
It 875: fitness=72530
It 880: fitness=72530
It 885: fitness=72530
It 890: fitness=72530
It 895: fitness=72530
It 900: fitness=72530
It 905: fitness=72530
It 910: fitness=72530
It 915: fitness=72530
It 920: fitness=72530
It 925: fitness=72530
It 930: fitness=72530
It 935: fitness=72530
It 940: fitness=72530
It 945: fitness=72530
It 950: fitness=72530
It 955: fitness=72530
It 960: fitness=72530
It 965: fitness=72530
It 970: fitness=72530
It 975: fitness=72530
It 980: fitness=72530
It 985: fitness=72530
It 990: fitness=72530
It 995: fitness=72530
It 1000: fitness=72530
It 1005: fitness=72530
It 1010: fitness=72530
It 1015: fitness=72530
It 1020: fitness=72530
It 1025: fitness=72530
It 1030: fitness=72530
It 1035: fitness=72530
It 1040: fitness=72530
It 1045: fitness=72530
It 1050: fitness=72530
It 1055: fitness=72530
It 1060: fitness=72530
It 1065: fitness=72530
It 1070: fitness=72530
It 1075: fitness=72530
It 1080: fitness=72530
It 1085: fitness=72530
It 1090: fitness=72530
It 1095: fitness=72530
It 1100: fitness=72530
It 1105: fitness=72530
It 1110: fitness=72530
It 1115: fitness=72530
It 1120: fitness=72530
It 1125: fitness=72530
It 1130: fitness=72530
It 1135: fitness=72530
It 1140: fitness=72530
It 1145: fitness=72530
It 1150: fitness=72530
It 1155: fitness=72530
It 1160: fitness=72530
It 1165: fitness=72530
It 1170: fitness=72530
It 1175: fitness=72530
It 1180: fitness=72530
It 1185: fitness=72530
It 1190: fitness=72530
It 1195: fitness=72530
It 1200: fitness=72530
It 1205: fitness=72530
It 1210: fitness=72530
It 1215: fitness=72530
It 1220: fitness=72530
It 1225: fitness=72530
It 1230: fitness=72530
It 1235: fitness=72530
It 1240: fitness=72530
Maximal number of iterations without improvement reached
>> Resamp_Iter 3 negLL: 72529.72 (ref:  71308.77 )
>> Resamp_params: 0.6147571 0.5887109 0.5506741 0.4851295 0.5032461 0.5334117 0.587162 0.5750902 0.5463737 0.576697 0.541849 0.5077157 0.6199998 0.5498086 0.642656 0.5867262 0.618184 0.5966128 0.5286242 0.5891696 0.63 0.5047967 0.5335264 0.3098684 0.6652558 0.4713531 0.4900035 0.5724833 0.5289263 0.5817581 0.5542721 0.001 0.9480119 1.299996 -500 -70.29911 0.4023191 
 [1]    0.5616531    0.5857182    0.5515381    0.5487872    0.5436690
 [6]    0.5326105    0.5999994    0.6127043    0.5435578    0.5752417
[11]    0.5403226    0.6599999    0.6199999    0.5482508    0.6396637
[16]    0.7099759    0.5524150    0.5933308    0.6551963    0.5901898
[21]    0.5353083    0.4977788    0.5328646    0.6337159    0.5756330
[26]    0.5774914    0.4900002    0.5706977    0.5274690    0.5792556
[31]    0.5523559    0.0010000    0.9568725    1.3000000 -499.9944096
[36]  -91.9769067    0.4173210
>> sd Resamp 4 : 5 25 22 29 21 13 20 15 4 12 23 9 20 18 8 5 18 26 3 11 11 30 31 5 4 30 2 1 19 31 7 
>> Opt param @ resamp: 91374.67 
S=22, K=3, p=0.1303, w0=0.7213, w1=0.7213, c.p=1.193, c.g=1.193
v.max=NA, d=6.083, vectorize=FALSE, hybrid=off
It 5: fitness=178700
It 10: fitness=170300
It 15: fitness=164500
It 20: fitness=154600
It 25: fitness=145300
It 30: fitness=140900
It 35: fitness=132900
It 40: fitness=132700
It 45: fitness=128600
It 50: fitness=122900
It 55: fitness=118800
It 60: fitness=118800
It 65: fitness=118800
It 70: fitness=118800
It 75: fitness=118500
It 80: fitness=115100
It 85: fitness=114800
It 90: fitness=112600
It 95: fitness=110100
It 100: fitness=109100
It 105: fitness=108700
It 110: fitness=107300
It 115: fitness=105500
It 120: fitness=105500
It 125: fitness=104000
It 130: fitness=104000
It 135: fitness=103700
It 140: fitness=103500
It 145: fitness=103100
It 150: fitness=102900
It 155: fitness=102600
It 160: fitness=102300
It 165: fitness=99110
It 170: fitness=98720
It 175: fitness=98490
It 180: fitness=98180
It 185: fitness=98100
It 190: fitness=97930
It 195: fitness=97830
It 200: fitness=97600
It 205: fitness=97380
It 210: fitness=97380
It 215: fitness=97220
It 220: fitness=97150
It 225: fitness=96970
It 230: fitness=96880
It 235: fitness=96650
It 240: fitness=96560
It 245: fitness=96520
It 250: fitness=96450
It 255: fitness=96370
It 260: fitness=96330
It 265: fitness=96300
It 270: fitness=96300
It 275: fitness=96260
It 280: fitness=96210
It 285: fitness=96200
It 290: fitness=96150
It 295: fitness=96110
It 300: fitness=96080
It 305: fitness=96030
It 310: fitness=95900
It 315: fitness=95760
It 320: fitness=95730
It 325: fitness=95710
It 330: fitness=95700
It 335: fitness=95690
It 340: fitness=95680
It 345: fitness=95670
It 350: fitness=95670
It 355: fitness=95660
It 360: fitness=95660
It 365: fitness=95650
It 370: fitness=95650
It 375: fitness=95650
It 380: fitness=95640
It 385: fitness=95640
It 390: fitness=95630
It 395: fitness=95630
It 400: fitness=95630
It 405: fitness=95620
It 410: fitness=95610
It 415: fitness=95610
It 420: fitness=95600
It 425: fitness=95590
It 430: fitness=95590
It 435: fitness=95590
It 440: fitness=95580
It 445: fitness=95580
It 450: fitness=95580
It 455: fitness=95570
It 460: fitness=95570
It 465: fitness=95570
It 470: fitness=95570
It 475: fitness=95570
It 480: fitness=95560
It 485: fitness=95560
It 490: fitness=95560
It 495: fitness=95560
It 500: fitness=95560
It 505: fitness=95560
It 510: fitness=95550
It 515: fitness=95550
It 520: fitness=95550
It 525: fitness=95550
It 530: fitness=95550
It 535: fitness=95550
It 540: fitness=95550
It 545: fitness=95540
It 550: fitness=95540
It 555: fitness=95540
It 560: fitness=95540
It 565: fitness=95540
It 570: fitness=95540
It 575: fitness=95540
It 580: fitness=95540
It 585: fitness=95540
It 590: fitness=95540
It 595: fitness=95540
It 600: fitness=95540
It 605: fitness=95540
It 610: fitness=95540
It 615: fitness=95540
It 620: fitness=95540
It 625: fitness=95540
It 630: fitness=95540
It 635: fitness=95540
It 640: fitness=95540
It 645: fitness=95540
It 650: fitness=95540
It 655: fitness=95540
It 660: fitness=95540
It 665: fitness=95540
It 670: fitness=95540
It 675: fitness=95540
It 680: fitness=95540
It 685: fitness=95540
It 690: fitness=95540
It 695: fitness=95540
It 700: fitness=95540
It 705: fitness=95540
It 710: fitness=95540
It 715: fitness=95540
It 720: fitness=95540
It 725: fitness=95540
It 730: fitness=95540
It 735: fitness=95540
It 740: fitness=95540
It 745: fitness=95540
It 750: fitness=95540
It 755: fitness=95540
It 760: fitness=95540
It 765: fitness=95540
It 770: fitness=95540
It 775: fitness=95540
It 780: fitness=95540
It 785: fitness=95540
It 790: fitness=95540
It 795: fitness=95540
It 800: fitness=95540
It 805: fitness=95540
It 810: fitness=95540
It 815: fitness=95540
It 820: fitness=95540
It 825: fitness=95540
It 830: fitness=95540
It 835: fitness=95540
It 840: fitness=95540
It 845: fitness=95540
It 850: fitness=95540
It 855: fitness=95540
It 860: fitness=95540
It 865: fitness=95540
It 870: fitness=95540
It 875: fitness=95540
It 880: fitness=95540
It 885: fitness=95540
It 890: fitness=95540
It 895: fitness=95540
It 900: fitness=95540
It 905: fitness=95540
It 910: fitness=95540
It 915: fitness=95540
It 920: fitness=95540
It 925: fitness=95540
It 930: fitness=95540
It 935: fitness=95540
It 940: fitness=95540
It 945: fitness=95540
It 950: fitness=95540
It 955: fitness=95540
It 960: fitness=95540
It 965: fitness=95540
It 970: fitness=95540
It 975: fitness=95540
It 980: fitness=95540
It 985: fitness=95540
It 990: fitness=95540
It 995: fitness=95540
It 1000: fitness=95540
It 1005: fitness=95540
It 1010: fitness=95540
It 1015: fitness=95540
It 1020: fitness=95540
It 1025: fitness=95540
It 1030: fitness=95540
It 1035: fitness=95540
It 1040: fitness=95540
It 1045: fitness=95540
It 1050: fitness=95540
It 1055: fitness=95540
It 1060: fitness=95540
It 1065: fitness=95540
It 1070: fitness=95540
It 1075: fitness=95540
It 1080: fitness=95540
It 1085: fitness=95540
It 1090: fitness=95540
It 1095: fitness=95540
It 1100: fitness=95540
It 1105: fitness=95540
It 1110: fitness=95540
It 1115: fitness=95540
It 1120: fitness=95540
It 1125: fitness=95540
It 1130: fitness=95540
It 1135: fitness=95540
It 1140: fitness=95540
It 1145: fitness=95540
It 1150: fitness=95540
It 1155: fitness=95540
It 1160: fitness=95540
It 1165: fitness=95540
It 1170: fitness=95540
Maximal number of iterations without improvement reached
>> Resamp_Iter 4 negLL: 95536.82 (ref:  91374.67 )
>> Resamp_params: 0.6599997 0.5929087 0.5493772 0.5471289 0.5422324 0.627847 0.5223922 0.6145473 0.5426103 0.6159959 0.5419247 0.440034 0.545967 0.6588491 0.6364804 0.7060614 0.6227058 0.5994064 0.653422 0.5894365 0.5357247 0.4978437 0.6299996 0.7009816 0.5792304 0.5752623 0.5486011 0.6823598 0.5259031 0.5828138 0.5526662 0.001 0.9328081 1.299997 -432.6071 -85.98401 0.4147773 
 [1]    0.5616531    0.5857182    0.5515381    0.5487872    0.5436690
 [6]    0.5326105    0.5999994    0.6127043    0.5435578    0.5752417
[11]    0.5403226    0.6599999    0.6199999    0.5482508    0.6396637
[16]    0.7099759    0.5524150    0.5933308    0.6551963    0.5901898
[21]    0.5353083    0.4977788    0.5328646    0.6337159    0.5756330
[26]    0.5774914    0.4900002    0.5706977    0.5274690    0.5792556
[31]    0.5523559    0.0010000    0.9568725    1.3000000 -499.9944096
[36]  -91.9769067    0.4173210
>> sd Resamp 5 : 6 2 8 21 31 31 18 1 5 25 15 23 31 28 16 17 31 31 19 2 24 13 15 9 16 25 10 3 1 13 6 
>> Opt param @ resamp: 57611 
S=22, K=3, p=0.1303, w0=0.7213, w1=0.7213, c.p=1.193, c.g=1.193
v.max=NA, d=6.083, vectorize=FALSE, hybrid=off
It 5: fitness=122300
It 10: fitness=122300
It 15: fitness=108000
It 20: fitness=101300
It 25: fitness=97300
It 30: fitness=97300
It 35: fitness=92340
It 40: fitness=88420
It 45: fitness=85180
It 50: fitness=85180
It 55: fitness=81710
It 60: fitness=80050
It 65: fitness=76190
It 70: fitness=76190
It 75: fitness=76110
It 80: fitness=75040
It 85: fitness=72150
It 90: fitness=70130
It 95: fitness=68150
It 100: fitness=67000
It 105: fitness=66960
It 110: fitness=66530
It 115: fitness=66000
It 120: fitness=65050
It 125: fitness=63530
It 130: fitness=62400
It 135: fitness=62400
It 140: fitness=61930
It 145: fitness=61600
It 150: fitness=61410
It 155: fitness=60800
It 160: fitness=60590
It 165: fitness=60350
It 170: fitness=60350
It 175: fitness=60290
It 180: fitness=60220
It 185: fitness=60140
It 190: fitness=59880
It 195: fitness=59590
It 200: fitness=59590
It 205: fitness=59440
It 210: fitness=59330
It 215: fitness=59260
It 220: fitness=59210
It 225: fitness=59070
It 230: fitness=59010
It 235: fitness=58920
It 240: fitness=58870
It 245: fitness=58860
It 250: fitness=58790
It 255: fitness=58680
It 260: fitness=58680
It 265: fitness=58650
It 270: fitness=58600
It 275: fitness=58520
It 280: fitness=58390
It 285: fitness=58330
It 290: fitness=58300
It 295: fitness=58240
It 300: fitness=58210
It 305: fitness=58190
It 310: fitness=58170
It 315: fitness=58140
It 320: fitness=58120
It 325: fitness=58110
It 330: fitness=58090
It 335: fitness=58090
It 340: fitness=58070
It 345: fitness=58050
It 350: fitness=58050
It 355: fitness=58040
It 360: fitness=58030
It 365: fitness=58020
It 370: fitness=58020
It 375: fitness=58010
It 380: fitness=58000
It 385: fitness=58000
It 390: fitness=58000
It 395: fitness=58000
It 400: fitness=58000
It 405: fitness=58000
It 410: fitness=57990
It 415: fitness=57990
It 420: fitness=57990
It 425: fitness=57990
It 430: fitness=57990
It 435: fitness=57990
It 440: fitness=57990
It 445: fitness=57980
It 450: fitness=57980
It 455: fitness=57980
It 460: fitness=57980
It 465: fitness=57980
It 470: fitness=57970
It 475: fitness=57970
It 480: fitness=57940
It 485: fitness=57770
It 490: fitness=57750
It 495: fitness=57730
It 500: fitness=57730
It 505: fitness=57720
It 510: fitness=57720
It 515: fitness=57720
It 520: fitness=57720
It 525: fitness=57720
It 530: fitness=57710
It 535: fitness=57700
It 540: fitness=57700
It 545: fitness=57700
It 550: fitness=57700
It 555: fitness=57700
It 560: fitness=57700
It 565: fitness=57700
It 570: fitness=57700
It 575: fitness=57700
It 580: fitness=57700
It 585: fitness=57690
It 590: fitness=57690
It 595: fitness=57690
It 600: fitness=57690
It 605: fitness=57690
It 610: fitness=57690
It 615: fitness=57690
It 620: fitness=57690
It 625: fitness=57690
It 630: fitness=57690
It 635: fitness=57690
It 640: fitness=57690
It 645: fitness=57690
It 650: fitness=57690
It 655: fitness=57690
It 660: fitness=57690
It 665: fitness=57690
It 670: fitness=57690
It 675: fitness=57690
It 680: fitness=57690
It 685: fitness=57690
It 690: fitness=57690
It 695: fitness=57690
It 700: fitness=57690
It 705: fitness=57690
It 710: fitness=57690
It 715: fitness=57690
It 720: fitness=57690
It 725: fitness=57690
It 730: fitness=57690
It 735: fitness=57690
It 740: fitness=57690
It 745: fitness=57690
It 750: fitness=57690
It 755: fitness=57690
It 760: fitness=57690
It 765: fitness=57690
It 770: fitness=57690
It 775: fitness=57690
It 780: fitness=57690
It 785: fitness=57690
It 790: fitness=57690
It 795: fitness=57690
It 800: fitness=57690
It 805: fitness=57690
It 810: fitness=57690
It 815: fitness=57690
It 820: fitness=57690
It 825: fitness=57690
It 830: fitness=57690
It 835: fitness=57690
It 840: fitness=57690
It 845: fitness=57690
It 850: fitness=57690
It 855: fitness=57690
It 860: fitness=57690
It 865: fitness=57690
It 870: fitness=57690
It 875: fitness=57690
It 880: fitness=57690
It 885: fitness=57690
It 890: fitness=57690
It 895: fitness=57690
It 900: fitness=57690
It 905: fitness=57690
It 910: fitness=57690
It 915: fitness=57690
It 920: fitness=57690
It 925: fitness=57690
It 930: fitness=57690
It 935: fitness=57690
It 940: fitness=57690
It 945: fitness=57690
It 950: fitness=57690
It 955: fitness=57690
It 960: fitness=57690
It 965: fitness=57690
It 970: fitness=57690
It 975: fitness=57690
It 980: fitness=57690
It 985: fitness=57690
It 990: fitness=57690
It 995: fitness=57690
It 1000: fitness=57690
It 1005: fitness=57690
It 1010: fitness=57690
It 1015: fitness=57690
It 1020: fitness=57690
It 1025: fitness=57690
It 1030: fitness=57690
It 1035: fitness=57690
It 1040: fitness=57690
It 1045: fitness=57690
It 1050: fitness=57690
It 1055: fitness=57690
It 1060: fitness=57690
It 1065: fitness=57690
It 1070: fitness=57690
It 1075: fitness=57690
It 1080: fitness=57690
It 1085: fitness=57690
It 1090: fitness=57690
It 1095: fitness=57690
It 1100: fitness=57690
It 1105: fitness=57690
It 1110: fitness=57690
It 1115: fitness=57690
It 1120: fitness=57690
It 1125: fitness=57690
It 1130: fitness=57690
It 1135: fitness=57690
It 1140: fitness=57690
It 1145: fitness=57690
It 1150: fitness=57690
It 1155: fitness=57690
It 1160: fitness=57690
It 1165: fitness=57690
It 1170: fitness=57690
It 1175: fitness=57690
It 1180: fitness=57690
It 1185: fitness=57690
It 1190: fitness=57690
It 1195: fitness=57690
It 1200: fitness=57690
It 1205: fitness=57690
It 1210: fitness=57690
It 1215: fitness=57690
It 1220: fitness=57690
It 1225: fitness=57690
It 1230: fitness=57690
It 1235: fitness=57690
It 1240: fitness=57690
It 1245: fitness=57690
It 1250: fitness=57690
It 1255: fitness=57690
It 1260: fitness=57690
It 1265: fitness=57690
It 1270: fitness=57690
It 1275: fitness=57690
It 1280: fitness=57690
It 1285: fitness=57690
It 1290: fitness=57690
It 1295: fitness=57690
It 1300: fitness=57690
It 1305: fitness=57690
It 1310: fitness=57690
It 1315: fitness=57690
It 1320: fitness=57690
It 1325: fitness=57690
It 1330: fitness=57690
It 1335: fitness=57690
It 1340: fitness=57690
It 1345: fitness=57690
It 1350: fitness=57690
It 1355: fitness=57690
It 1360: fitness=57690
It 1365: fitness=57690
It 1370: fitness=57690
It 1375: fitness=57690
It 1380: fitness=57690
It 1385: fitness=57690
It 1390: fitness=57690
It 1395: fitness=57690
It 1400: fitness=57690
It 1405: fitness=57690
It 1410: fitness=57690
It 1415: fitness=57690
It 1420: fitness=57690
It 1425: fitness=57690
It 1430: fitness=57690
It 1435: fitness=57690
It 1440: fitness=57690
It 1445: fitness=57690
It 1450: fitness=57690
It 1455: fitness=57690
It 1460: fitness=57690
It 1465: fitness=57690
It 1470: fitness=57690
It 1475: fitness=57690
It 1480: fitness=57690
It 1485: fitness=57690
It 1490: fitness=57690
It 1495: fitness=57690
It 1500: fitness=57690
It 1505: fitness=57690
It 1510: fitness=57690
It 1515: fitness=57690
It 1520: fitness=57690
It 1525: fitness=57690
It 1530: fitness=57690
It 1535: fitness=57690
It 1540: fitness=57690
It 1545: fitness=57690
It 1550: fitness=57690
It 1555: fitness=57690
It 1560: fitness=57690
It 1565: fitness=57690
It 1570: fitness=57690
It 1575: fitness=57690
It 1580: fitness=57690
It 1585: fitness=57690
It 1590: fitness=57690
It 1595: fitness=57690
It 1600: fitness=57690
It 1605: fitness=57690
It 1610: fitness=57690
It 1615: fitness=57690
It 1620: fitness=57690
It 1625: fitness=57690
It 1630: fitness=57690
It 1635: fitness=57690
It 1640: fitness=57690
It 1645: fitness=57690
It 1650: fitness=57690
It 1655: fitness=57690
It 1660: fitness=57690
It 1665: fitness=57690
It 1670: fitness=57690
It 1675: fitness=57690
It 1680: fitness=57690
It 1685: fitness=57690
It 1690: fitness=57690
It 1695: fitness=57690
It 1700: fitness=57690
It 1705: fitness=57690
It 1710: fitness=57690
It 1715: fitness=57690
It 1720: fitness=57690
It 1725: fitness=57690
It 1730: fitness=57690
It 1735: fitness=57690
It 1740: fitness=57690
It 1745: fitness=57690
It 1750: fitness=57690
It 1755: fitness=57690
It 1760: fitness=57690
It 1765: fitness=57690
It 1770: fitness=57690
It 1775: fitness=57690
It 1780: fitness=57690
It 1785: fitness=57690
It 1790: fitness=57690
It 1795: fitness=57690
It 1800: fitness=57690
It 1805: fitness=57690
It 1810: fitness=57690
It 1815: fitness=57690
It 1820: fitness=57690
It 1825: fitness=57690
It 1830: fitness=57690
It 1835: fitness=57690
It 1840: fitness=57690
It 1845: fitness=57690
It 1850: fitness=57690
It 1855: fitness=57690
It 1860: fitness=57690
It 1865: fitness=57690
It 1870: fitness=57690
It 1875: fitness=57690
It 1880: fitness=57690
It 1885: fitness=57690
It 1890: fitness=57690
It 1895: fitness=57690
It 1900: fitness=57690
It 1905: fitness=57690
It 1910: fitness=57690
It 1915: fitness=57690
It 1920: fitness=57690
It 1925: fitness=57690
It 1930: fitness=57690
It 1935: fitness=57690
It 1940: fitness=57690
It 1945: fitness=57690
It 1950: fitness=57690
It 1955: fitness=57690
It 1960: fitness=57690
It 1965: fitness=57690
It 1970: fitness=57690
It 1975: fitness=57690
It 1980: fitness=57690
It 1985: fitness=57690
It 1990: fitness=57690
It 1995: fitness=57690
It 2000: fitness=57690
It 2005: fitness=57690
It 2010: fitness=57690
It 2015: fitness=57690
It 2020: fitness=57690
It 2025: fitness=57690
It 2030: fitness=57690
It 2035: fitness=57690
It 2040: fitness=57690
It 2045: fitness=57690
It 2050: fitness=57690
It 2055: fitness=57690
It 2060: fitness=57690
It 2065: fitness=57690
It 2070: fitness=57690
It 2075: fitness=57690
It 2080: fitness=57690
It 2085: fitness=57690
It 2090: fitness=57690
It 2095: fitness=57690
It 2100: fitness=57690
It 2105: fitness=57690
It 2110: fitness=57690
It 2115: fitness=57690
It 2120: fitness=57690
It 2125: fitness=57690
It 2130: fitness=57690
It 2135: fitness=57690
It 2140: fitness=57690
It 2145: fitness=57690
It 2150: fitness=57690
It 2155: fitness=57690
It 2160: fitness=57690
It 2165: fitness=57690
It 2170: fitness=57690
It 2175: fitness=57690
It 2180: fitness=57690
It 2185: fitness=57690
It 2190: fitness=57690
It 2195: fitness=57690
It 2200: fitness=57690
It 2205: fitness=57690
It 2210: fitness=57690
It 2215: fitness=57690
It 2220: fitness=57690
It 2225: fitness=57690
It 2230: fitness=57690
It 2235: fitness=57690
It 2240: fitness=57690
It 2245: fitness=57690
It 2250: fitness=57690
It 2255: fitness=57690
It 2260: fitness=57690
Maximal number of iterations without improvement reached
>> Resamp_Iter 5 negLL: 57686.51 (ref:  57611 )
>> Resamp_params: 0.5695986 0.5933562 0.5599561 0.6099102 0.5532539 0.63 0.5335796 0.6163547 0.5564991 0.5916389 0.5586342 0.4452637 0.560406 0.6466934 0.6371945 0.5847928 0.5634862 0.5969201 0.6613664 0.618713 0.5442775 0.4865866 0.53974 0.6545088 0.5827548 0.4512355 0.6252127 0.5684472 0.5245084 0.6317202 0.5696627 0.001 1.0045 0.9247667 -499.9975 -84.0925 0.3934606 
 [1]    0.5616531    0.5857182    0.5515381    0.5487872    0.5436690
 [6]    0.5326105    0.5999994    0.6127043    0.5435578    0.5752417
[11]    0.5403226    0.6599999    0.6199999    0.5482508    0.6396637
[16]    0.7099759    0.5524150    0.5933308    0.6551963    0.5901898
[21]    0.5353083    0.4977788    0.5328646    0.6337159    0.5756330
[26]    0.5774914    0.4900002    0.5706977    0.5274690    0.5792556
[31]    0.5523559    0.0010000    0.9568725    1.3000000 -499.9944096
[36]  -91.9769067    0.4173210
>> sd Resamp 6 : 4 13 1 9 28 27 24 15 4 3 19 29 28 13 2 12 19 1 30 1 18 11 17 5 29 27 20 11 25 30 29 
>> Opt param @ resamp: 81039.87 
S=22, K=3, p=0.1303, w0=0.7213, w1=0.7213, c.p=1.193, c.g=1.193
v.max=NA, d=6.083, vectorize=FALSE, hybrid=off
It 5: fitness=190200
It 10: fitness=190200
It 15: fitness=177700
It 20: fitness=176300
It 25: fitness=175700
It 30: fitness=173000
It 35: fitness=172800
It 40: fitness=171600
It 45: fitness=171200
It 50: fitness=170400
It 55: fitness=170300
It 60: fitness=169700
It 65: fitness=169200
It 70: fitness=168200
It 75: fitness=159000
It 80: fitness=152600
It 85: fitness=144000
It 90: fitness=142400
It 95: fitness=134300
It 100: fitness=132500
It 105: fitness=130100
It 110: fitness=128400
It 115: fitness=124600
It 120: fitness=124600
It 125: fitness=123100
It 130: fitness=122100
It 135: fitness=121500
It 140: fitness=120800
It 145: fitness=120600
It 150: fitness=120300
It 155: fitness=119300
It 160: fitness=118100
It 165: fitness=117700
It 170: fitness=117500
It 175: fitness=116500
It 180: fitness=116100
It 185: fitness=115800
It 190: fitness=114800
It 195: fitness=113900
It 200: fitness=110900
It 205: fitness=108600
It 210: fitness=105900
It 215: fitness=104500
It 220: fitness=100400
It 225: fitness=99520
It 230: fitness=97690
It 235: fitness=95610
It 240: fitness=93430
It 245: fitness=93010
It 250: fitness=90520
It 255: fitness=89300
It 260: fitness=87580
It 265: fitness=86380
It 270: fitness=86070
It 275: fitness=85200
It 280: fitness=84890
It 285: fitness=84740
It 290: fitness=84180
It 295: fitness=84170
It 300: fitness=83720
It 305: fitness=83440
It 310: fitness=82970
It 315: fitness=82500
It 320: fitness=82260
It 325: fitness=82030
It 330: fitness=81590
It 335: fitness=81110
It 340: fitness=79770
It 345: fitness=79610
It 350: fitness=79160
It 355: fitness=78930
It 360: fitness=78810
It 365: fitness=78580
It 370: fitness=78480
It 375: fitness=78410
It 380: fitness=78410
It 385: fitness=78340
It 390: fitness=78320
It 395: fitness=78260
It 400: fitness=78250
It 405: fitness=78180
It 410: fitness=78160
It 415: fitness=78130
It 420: fitness=78100
It 425: fitness=78060
It 430: fitness=78060
It 435: fitness=78030
It 440: fitness=78020
It 445: fitness=78000
It 450: fitness=78000
It 455: fitness=77980
It 460: fitness=77980
It 465: fitness=77980
It 470: fitness=77980
It 475: fitness=77970
It 480: fitness=77960
It 485: fitness=77960
It 490: fitness=77960
It 495: fitness=77960
It 500: fitness=77950
It 505: fitness=77950
It 510: fitness=77950
It 515: fitness=77950
It 520: fitness=77950
It 525: fitness=77950
It 530: fitness=77940
It 535: fitness=77940
It 540: fitness=77940
It 545: fitness=77940
It 550: fitness=77940
It 555: fitness=77940
It 560: fitness=77940
It 565: fitness=77940
It 570: fitness=77940
It 575: fitness=77940
It 580: fitness=77940
It 585: fitness=77940
It 590: fitness=77930
It 595: fitness=77930
It 600: fitness=77930
It 605: fitness=77930
It 610: fitness=77930
It 615: fitness=77930
It 620: fitness=77920
It 625: fitness=77920
It 630: fitness=77920
It 635: fitness=77920
It 640: fitness=77920
It 645: fitness=77920
It 650: fitness=77920
It 655: fitness=77920
It 660: fitness=77920
It 665: fitness=77920
It 670: fitness=77920
It 675: fitness=77920
It 680: fitness=77920
It 685: fitness=77920
It 690: fitness=77920
It 695: fitness=77920
It 700: fitness=77920
It 705: fitness=77920
It 710: fitness=77920
It 715: fitness=77920
It 720: fitness=77910
It 725: fitness=77910
It 730: fitness=77910
It 735: fitness=77910
It 740: fitness=77910
It 745: fitness=77910
It 750: fitness=77910
It 755: fitness=77910
It 760: fitness=77910
It 765: fitness=77910
It 770: fitness=77910
It 775: fitness=77910
It 780: fitness=77910
It 785: fitness=77910
It 790: fitness=77910
It 795: fitness=77910
It 800: fitness=77910
It 805: fitness=77910
It 810: fitness=77910
It 815: fitness=77910
It 820: fitness=77910
It 825: fitness=77910
It 830: fitness=77910
It 835: fitness=77910
It 840: fitness=77910
It 845: fitness=77910
It 850: fitness=77910
It 855: fitness=77910
It 860: fitness=77910
It 865: fitness=77910
It 870: fitness=77910
It 875: fitness=77910
It 880: fitness=77910
It 885: fitness=77910
It 890: fitness=77910
It 895: fitness=77910
It 900: fitness=77910
It 905: fitness=77910
It 910: fitness=77910
It 915: fitness=77910
It 920: fitness=77910
It 925: fitness=77910
It 930: fitness=77910
It 935: fitness=77910
It 940: fitness=77910
It 945: fitness=77910
It 950: fitness=77910
It 955: fitness=77910
It 960: fitness=77910
It 965: fitness=77910
It 970: fitness=77910
It 975: fitness=77910
It 980: fitness=77910
It 985: fitness=77910
It 990: fitness=77910
It 995: fitness=77910
It 1000: fitness=77910
It 1005: fitness=77910
It 1010: fitness=77910
It 1015: fitness=77910
It 1020: fitness=77910
It 1025: fitness=77910
It 1030: fitness=77910
It 1035: fitness=77910
It 1040: fitness=77910
It 1045: fitness=77910
It 1050: fitness=77910
It 1055: fitness=77910
It 1060: fitness=77910
It 1065: fitness=77910
It 1070: fitness=77910
It 1075: fitness=77910
It 1080: fitness=77910
It 1085: fitness=77910
It 1090: fitness=77910
It 1095: fitness=77910
It 1100: fitness=77910
It 1105: fitness=77910
It 1110: fitness=77910
It 1115: fitness=77910
It 1120: fitness=77910
It 1125: fitness=77910
It 1130: fitness=77910
It 1135: fitness=77910
It 1140: fitness=77910
It 1145: fitness=77910
It 1150: fitness=77910
It 1155: fitness=77910
It 1160: fitness=77910
It 1165: fitness=77910
It 1170: fitness=77910
It 1175: fitness=77910
It 1180: fitness=77910
It 1185: fitness=77910
It 1190: fitness=77910
It 1195: fitness=77910
It 1200: fitness=77910
It 1205: fitness=77910
It 1210: fitness=77910
It 1215: fitness=77910
It 1220: fitness=77910
It 1225: fitness=77910
It 1230: fitness=77910
It 1235: fitness=77910
It 1240: fitness=77910
It 1245: fitness=77910
It 1250: fitness=77910
It 1255: fitness=77910
It 1260: fitness=77910
It 1265: fitness=77910
It 1270: fitness=77910
It 1275: fitness=77910
It 1280: fitness=77910
It 1285: fitness=77910
It 1290: fitness=77910
It 1295: fitness=77910
It 1300: fitness=77910
It 1305: fitness=77910
It 1310: fitness=77910
It 1315: fitness=77910
It 1320: fitness=77910
It 1325: fitness=77910
It 1330: fitness=77910
It 1335: fitness=77910
It 1340: fitness=77910
It 1345: fitness=77910
It 1350: fitness=77910
It 1355: fitness=77910
It 1360: fitness=77910
It 1365: fitness=77910
It 1370: fitness=77910
It 1375: fitness=77910
It 1380: fitness=77910
It 1385: fitness=77910
It 1390: fitness=77910
It 1395: fitness=77910
It 1400: fitness=77910
It 1405: fitness=77910
It 1410: fitness=77910
It 1415: fitness=77910
It 1420: fitness=77910
It 1425: fitness=77910
It 1430: fitness=77910
It 1435: fitness=77910
It 1440: fitness=77910
It 1445: fitness=77910
It 1450: fitness=77910
It 1455: fitness=77910
It 1460: fitness=77910
It 1465: fitness=77910
It 1470: fitness=77910
It 1475: fitness=77910
It 1480: fitness=77910
It 1485: fitness=77910
It 1490: fitness=77910
It 1495: fitness=77910
It 1500: fitness=77910
It 1505: fitness=77910
It 1510: fitness=77910
It 1515: fitness=77910
It 1520: fitness=77910
It 1525: fitness=77910
It 1530: fitness=77910
It 1535: fitness=77910
It 1540: fitness=77910
It 1545: fitness=77910
It 1550: fitness=77910
It 1555: fitness=77910
It 1560: fitness=77910
It 1565: fitness=77910
It 1570: fitness=77910
It 1575: fitness=77910
It 1580: fitness=77910
It 1585: fitness=77910
It 1590: fitness=77910
It 1595: fitness=77910
It 1600: fitness=77910
It 1605: fitness=77910
It 1610: fitness=77910
It 1615: fitness=77910
It 1620: fitness=77910
It 1625: fitness=77910
It 1630: fitness=77910
It 1635: fitness=77910
It 1640: fitness=77910
It 1645: fitness=77910
It 1650: fitness=77910
Maximal number of iterations without improvement reached
>> Resamp_Iter 6 negLL: 77908.7 (ref:  81039.87 )
>> Resamp_params: 0.5610271 0.5954516 0.5511066 0.5480134 0.5424327 0.5300037 0.4851206 0.7099807 0.541636 0.6198873 0.5411834 0.66 0.5459291 0.4951304 0.6327555 0.6744441 0.5512849 0.6006385 0.6486134 0.5911833 0.4811158 0.4801831 0.4904449 0.6117731 0.5788374 0.6096855 0.4900043 0.5696971 0.5269907 0.5827363 0.5653748 0.001 0.9278706 1.299998 -425.2111 -90.34426 0.4206199 
 [1]    0.5616531    0.5857182    0.5515381    0.5487872    0.5436690
 [6]    0.5326105    0.5999994    0.6127043    0.5435578    0.5752417
[11]    0.5403226    0.6599999    0.6199999    0.5482508    0.6396637
[16]    0.7099759    0.5524150    0.5933308    0.6551963    0.5901898
[21]    0.5353083    0.4977788    0.5328646    0.6337159    0.5756330
[26]    0.5774914    0.4900002    0.5706977    0.5274690    0.5792556
[31]    0.5523559    0.0010000    0.9568725    1.3000000 -499.9944096
[36]  -91.9769067    0.4173210
>> sd Resamp 7 : 18 22 23 5 29 30 8 31 1 17 30 30 10 27 30 21 20 10 31 2 19 30 10 1 6 20 7 23 14 6 12 
>> Opt param @ resamp: 108557.7 
S=22, K=3, p=0.1303, w0=0.7213, w1=0.7213, c.p=1.193, c.g=1.193
v.max=NA, d=6.083, vectorize=FALSE, hybrid=off
It 5: fitness=213900
It 10: fitness=187800
It 15: fitness=174200
It 20: fitness=168200
It 25: fitness=157000
It 30: fitness=149800
It 35: fitness=148300
It 40: fitness=148300
It 45: fitness=141600
It 50: fitness=141200
It 55: fitness=138000
It 60: fitness=137100
It 65: fitness=135500
It 70: fitness=132600
It 75: fitness=131200
It 80: fitness=129400
It 85: fitness=128900
It 90: fitness=128200
It 95: fitness=127300
It 100: fitness=126500
It 105: fitness=125000
It 110: fitness=123700
It 115: fitness=123200
It 120: fitness=122700
It 125: fitness=119900
It 130: fitness=118200
It 135: fitness=117400
It 140: fitness=117100
It 145: fitness=115900
It 150: fitness=115200
It 155: fitness=114400
It 160: fitness=114200
It 165: fitness=112800
It 170: fitness=112600
It 175: fitness=112300
It 180: fitness=112000
It 185: fitness=111500
It 190: fitness=111500
It 195: fitness=111400
It 200: fitness=110500
It 205: fitness=110000
It 210: fitness=110000
It 215: fitness=109500
It 220: fitness=109000
It 225: fitness=109000
It 230: fitness=109000
It 235: fitness=108900
It 240: fitness=108800
It 245: fitness=108800
It 250: fitness=108700
It 255: fitness=108700
It 260: fitness=108700
It 265: fitness=108700
It 270: fitness=108600
It 275: fitness=108600
It 280: fitness=108600
It 285: fitness=108600
It 290: fitness=108600
It 295: fitness=108600
It 300: fitness=108500
It 305: fitness=108500
It 310: fitness=108500
It 315: fitness=108500
It 320: fitness=108500
It 325: fitness=108400
It 330: fitness=108400
It 335: fitness=108400
It 340: fitness=108400
It 345: fitness=108400
It 350: fitness=108400
It 355: fitness=108400
It 360: fitness=108400
It 365: fitness=108400
It 370: fitness=108400
It 375: fitness=108400
It 380: fitness=108400
It 385: fitness=108400
It 390: fitness=108400
It 395: fitness=108400
It 400: fitness=108400
It 405: fitness=108400
It 410: fitness=108400
It 415: fitness=108400
It 420: fitness=108400
It 425: fitness=108400
It 430: fitness=108400
It 435: fitness=108400
It 440: fitness=108400
It 445: fitness=108400
It 450: fitness=108400
It 455: fitness=108400
It 460: fitness=108400
It 465: fitness=108400
It 470: fitness=108400
It 475: fitness=108400
It 480: fitness=108400
It 485: fitness=108400
It 490: fitness=108400
It 495: fitness=108400
It 500: fitness=108400
It 505: fitness=108400
It 510: fitness=108400
It 515: fitness=108400
It 520: fitness=108400
It 525: fitness=108400
It 530: fitness=108400
It 535: fitness=108400
It 540: fitness=108400
It 545: fitness=108400
It 550: fitness=108400
It 555: fitness=108400
It 560: fitness=108400
It 565: fitness=108400
It 570: fitness=108400
It 575: fitness=108400
It 580: fitness=108400
It 585: fitness=108400
It 590: fitness=108400
It 595: fitness=108400
It 600: fitness=108400
It 605: fitness=108400
It 610: fitness=108400
It 615: fitness=108400
It 620: fitness=108400
It 625: fitness=108400
It 630: fitness=108400
It 635: fitness=108400
It 640: fitness=108400
It 645: fitness=108400
It 650: fitness=108400
It 655: fitness=108400
It 660: fitness=108400
It 665: fitness=108400
It 670: fitness=108400
It 675: fitness=108400
It 680: fitness=108400
It 685: fitness=108400
It 690: fitness=108400
It 695: fitness=108400
It 700: fitness=108400
It 705: fitness=108400
It 710: fitness=108400
It 715: fitness=108400
It 720: fitness=108400
It 725: fitness=108400
It 730: fitness=108400
It 735: fitness=108400
It 740: fitness=108400
It 745: fitness=108400
It 750: fitness=108400
It 755: fitness=108400
It 760: fitness=108400
It 765: fitness=108400
It 770: fitness=108400
It 775: fitness=108400
It 780: fitness=108400
It 785: fitness=108400
It 790: fitness=108400
It 795: fitness=108400
It 800: fitness=108400
It 805: fitness=108400
It 810: fitness=108400
It 815: fitness=108400
It 820: fitness=108400
It 825: fitness=108400
It 830: fitness=108400
It 835: fitness=108400
It 840: fitness=108400
It 845: fitness=108400
It 850: fitness=108400
It 855: fitness=108400
It 860: fitness=108400
It 865: fitness=108400
It 870: fitness=108400
It 875: fitness=108400
It 880: fitness=108400
It 885: fitness=108400
It 890: fitness=108400
It 895: fitness=108400
It 900: fitness=108400
It 905: fitness=108400
It 910: fitness=108400
It 915: fitness=108400
It 920: fitness=108400
It 925: fitness=108400
It 930: fitness=108400
It 935: fitness=108400
It 940: fitness=108400
It 945: fitness=108400
It 950: fitness=108400
It 955: fitness=108400
It 960: fitness=108400
It 965: fitness=108400
It 970: fitness=108400
It 975: fitness=108400
It 980: fitness=108400
It 985: fitness=108400
It 990: fitness=108400
It 995: fitness=108400
It 1000: fitness=108400
It 1005: fitness=108400
It 1010: fitness=108400
It 1015: fitness=108400
It 1020: fitness=108400
It 1025: fitness=108400
It 1030: fitness=108400
It 1035: fitness=108400
It 1040: fitness=108400
It 1045: fitness=108400
It 1050: fitness=108400
It 1055: fitness=108400
It 1060: fitness=108400
It 1065: fitness=108400
It 1070: fitness=108400
It 1075: fitness=108400
It 1080: fitness=108400
It 1085: fitness=108400
It 1090: fitness=108400
It 1095: fitness=108400
It 1100: fitness=108400
It 1105: fitness=108400
It 1110: fitness=108400
It 1115: fitness=108400
It 1120: fitness=108400
It 1125: fitness=108400
It 1130: fitness=108400
It 1135: fitness=108400
It 1140: fitness=108400
It 1145: fitness=108400
It 1150: fitness=108400
It 1155: fitness=108400
It 1160: fitness=108400
It 1165: fitness=108400
It 1170: fitness=108400
It 1175: fitness=108400
It 1180: fitness=108400
It 1185: fitness=108400
It 1190: fitness=108400
It 1195: fitness=108400
It 1200: fitness=108400
It 1205: fitness=108400
It 1210: fitness=108400
It 1215: fitness=108400
It 1220: fitness=108400
It 1225: fitness=108400
It 1230: fitness=108400
It 1235: fitness=108400
Maximal number of iterations without improvement reached
>> Resamp_Iter 7 negLL: 108383.6 (ref:  108557.7 )
>> Resamp_params: 0.56172 0.5809874 0.5408583 0.5606747 0.5427815 0.5328792 0.599998 0.6118171 0.5570313 0.5751199 0.5763433 0.6036847 0.4741667 0.546799 0.6882508 0.6971133 0.5529233 0.5898894 0.6671865 0.587339 0.5352566 0.4982982 0.5324382 0.519836 0.4664894 0.5027067 0.490004 0.5655849 0.5259923 0.5780078 0.553876 0.001 0.9702005 1.299995 -499.988 -84.24439 0.405252 
 [1]    0.5616531    0.5857182    0.5515381    0.5487872    0.5436690
 [6]    0.5326105    0.5999994    0.6127043    0.5435578    0.5752417
[11]    0.5403226    0.6599999    0.6199999    0.5482508    0.6396637
[16]    0.7099759    0.5524150    0.5933308    0.6551963    0.5901898
[21]    0.5353083    0.4977788    0.5328646    0.6337159    0.5756330
[26]    0.5774914    0.4900002    0.5706977    0.5274690    0.5792556
[31]    0.5523559    0.0010000    0.9568725    1.3000000 -499.9944096
[36]  -91.9769067    0.4173210
>> sd Resamp 8 : 8 8 27 2 26 6 7 29 28 22 23 25 21 7 26 6 19 8 14 11 3 13 10 7 5 31 29 19 1 10 5 
>> Opt param @ resamp: 88801.05 
S=22, K=3, p=0.1303, w0=0.7213, w1=0.7213, c.p=1.193, c.g=1.193
v.max=NA, d=6.083, vectorize=FALSE, hybrid=off
It 5: fitness=166700
It 10: fitness=160500
It 15: fitness=142900
It 20: fitness=134400
It 25: fitness=134400
It 30: fitness=129700
It 35: fitness=125200
It 40: fitness=122700
It 45: fitness=122300
It 50: fitness=117900
It 55: fitness=116600
It 60: fitness=114500
It 65: fitness=109500
It 70: fitness=106500
It 75: fitness=104200
It 80: fitness=102800
It 85: fitness=100800
It 90: fitness=99880
It 95: fitness=99030
It 100: fitness=98720
It 105: fitness=98420
It 110: fitness=97800
It 115: fitness=97410
It 120: fitness=96830
It 125: fitness=95720
It 130: fitness=95600
It 135: fitness=95130
It 140: fitness=94900
It 145: fitness=94560
It 150: fitness=94530
It 155: fitness=94490
It 160: fitness=93940
It 165: fitness=93700
It 170: fitness=93670
It 175: fitness=93630
It 180: fitness=93510
It 185: fitness=93380
It 190: fitness=93230
It 195: fitness=93230
It 200: fitness=93220
It 205: fitness=93160
It 210: fitness=93160
It 215: fitness=93110
It 220: fitness=93050
It 225: fitness=93030
It 230: fitness=93010
It 235: fitness=92950
It 240: fitness=92920
It 245: fitness=92870
It 250: fitness=92850
It 255: fitness=92820
It 260: fitness=92810
It 265: fitness=92810
It 270: fitness=92790
It 275: fitness=92790
It 280: fitness=92770
It 285: fitness=92760
It 290: fitness=92740
It 295: fitness=92740
It 300: fitness=92730
It 305: fitness=92730
It 310: fitness=92720
It 315: fitness=92720
It 320: fitness=92720
It 325: fitness=92710
It 330: fitness=92710
It 335: fitness=92710
It 340: fitness=92710
It 345: fitness=92710
It 350: fitness=92700
It 355: fitness=92700
It 360: fitness=92700
It 365: fitness=92700
It 370: fitness=92700
It 375: fitness=92700
It 380: fitness=92700
It 385: fitness=92700
It 390: fitness=92700
It 395: fitness=92700
It 400: fitness=92700
It 405: fitness=92700
It 410: fitness=92700
It 415: fitness=92700
It 420: fitness=92700
It 425: fitness=92700
It 430: fitness=92700
It 435: fitness=92700
It 440: fitness=92700
It 445: fitness=92700
It 450: fitness=92700
It 455: fitness=92700
It 460: fitness=92700
It 465: fitness=92700
It 470: fitness=92700
It 475: fitness=92700
It 480: fitness=92700
It 485: fitness=92700
It 490: fitness=92690
It 495: fitness=92690
It 500: fitness=92690
It 505: fitness=92690
It 510: fitness=92690
It 515: fitness=92690
It 520: fitness=92690
It 525: fitness=92690
It 530: fitness=92690
It 535: fitness=92690
It 540: fitness=92690
It 545: fitness=92690
It 550: fitness=92690
It 555: fitness=92690
It 560: fitness=92690
It 565: fitness=92690
It 570: fitness=92690
It 575: fitness=92690
It 580: fitness=92690
It 585: fitness=92690
It 590: fitness=92690
It 595: fitness=92690
It 600: fitness=92690
It 605: fitness=92690
It 610: fitness=92690
It 615: fitness=92690
It 620: fitness=92690
It 625: fitness=92690
It 630: fitness=92690
It 635: fitness=92690
It 640: fitness=92690
It 645: fitness=92690
It 650: fitness=92690
It 655: fitness=92690
It 660: fitness=92690
It 665: fitness=92690
It 670: fitness=92690
It 675: fitness=92690
It 680: fitness=92690
It 685: fitness=92690
It 690: fitness=92690
It 695: fitness=92690
It 700: fitness=92690
It 705: fitness=92690
It 710: fitness=92690
It 715: fitness=92690
It 720: fitness=92690
It 725: fitness=92690
It 730: fitness=92690
It 735: fitness=92690
It 740: fitness=92690
It 745: fitness=92690
It 750: fitness=92690
It 755: fitness=92690
It 760: fitness=92690
It 765: fitness=92690
It 770: fitness=92690
It 775: fitness=92690
It 780: fitness=92690
It 785: fitness=92690
It 790: fitness=92690
It 795: fitness=92690
It 800: fitness=92690
It 805: fitness=92690
It 810: fitness=92690
It 815: fitness=92690
It 820: fitness=92690
It 825: fitness=92690
It 830: fitness=92690
It 835: fitness=92690
It 840: fitness=92690
It 845: fitness=92690
It 850: fitness=92690
It 855: fitness=92690
It 860: fitness=92690
It 865: fitness=92690
It 870: fitness=92690
It 875: fitness=92690
It 880: fitness=92690
It 885: fitness=92690
It 890: fitness=92690
It 895: fitness=92690
It 900: fitness=92690
It 905: fitness=92690
It 910: fitness=92690
It 915: fitness=92690
It 920: fitness=92690
It 925: fitness=92690
It 930: fitness=92690
It 935: fitness=92690
It 940: fitness=92690
It 945: fitness=92690
It 950: fitness=92690
It 955: fitness=92690
It 960: fitness=92690
It 965: fitness=92690
It 970: fitness=92690
It 975: fitness=92690
It 980: fitness=92690
It 985: fitness=92690
It 990: fitness=92690
It 995: fitness=92690
It 1000: fitness=92690
It 1005: fitness=92690
It 1010: fitness=92690
It 1015: fitness=92690
It 1020: fitness=92690
It 1025: fitness=92690
It 1030: fitness=92690
It 1035: fitness=92690
It 1040: fitness=92690
It 1045: fitness=92690
It 1050: fitness=92690
It 1055: fitness=92690
It 1060: fitness=92690
It 1065: fitness=92690
It 1070: fitness=92690
It 1075: fitness=92690
It 1080: fitness=92690
It 1085: fitness=92690
It 1090: fitness=92690
It 1095: fitness=92690
It 1100: fitness=92690
It 1105: fitness=92690
It 1110: fitness=92690
It 1115: fitness=92690
It 1120: fitness=92690
It 1125: fitness=92690
It 1130: fitness=92690
It 1135: fitness=92690
It 1140: fitness=92690
It 1145: fitness=92690
It 1150: fitness=92690
It 1155: fitness=92690
It 1160: fitness=92690
It 1165: fitness=92690
It 1170: fitness=92690
It 1175: fitness=92690
It 1180: fitness=92690
It 1185: fitness=92690
It 1190: fitness=92690
Maximal number of iterations without improvement reached
>> Resamp_Iter 8 negLL: 92694.2 (ref:  88801.05 )
>> Resamp_params: 0.5746202 0.6066583 0.5639459 0.5675137 0.55709 0.5453294 0.5554535 0.6225412 0.5415021 0.5921841 0.5583813 0.4401443 0.565267 0.5553169 0.4000123 0.470182 0.5667083 0.71 0.6521801 0.4594813 0.5501275 0.5899997 0.5461025 0.3084113 0.6799998 0.5856878 0.4900042 0.7 0.5294729 0.5017437 0.5780603 0.001 0.9998044 0.8394996 -499.9911 -87.84889 0.3942789 
 [1]    0.5616531    0.5857182    0.5515381    0.5487872    0.5436690
 [6]    0.5326105    0.5999994    0.6127043    0.5435578    0.5752417
[11]    0.5403226    0.6599999    0.6199999    0.5482508    0.6396637
[16]    0.7099759    0.5524150    0.5933308    0.6551963    0.5901898
[21]    0.5353083    0.4977788    0.5328646    0.6337159    0.5756330
[26]    0.5774914    0.4900002    0.5706977    0.5274690    0.5792556
[31]    0.5523559    0.0010000    0.9568725    1.3000000 -499.9944096
[36]  -91.9769067    0.4173210
>> sd Resamp 9 : 28 11 24 7 7 17 30 9 4 31 25 23 6 27 12 29 31 6 18 26 4 16 17 1 8 2 5 30 24 12 10 
>> Opt param @ resamp: 61946.71 
S=22, K=3, p=0.1303, w0=0.7213, w1=0.7213, c.p=1.193, c.g=1.193
v.max=NA, d=6.083, vectorize=FALSE, hybrid=off
It 5: fitness=145500
It 10: fitness=122800
It 15: fitness=120000
It 20: fitness=96730
It 25: fitness=96730
It 30: fitness=82180
It 35: fitness=81850
It 40: fitness=77490
It 45: fitness=75960
It 50: fitness=73100
It 55: fitness=71420
It 60: fitness=70390
It 65: fitness=69650
It 70: fitness=69230
It 75: fitness=68130
It 80: fitness=68130
It 85: fitness=68130
It 90: fitness=67690
It 95: fitness=67220
It 100: fitness=66440
It 105: fitness=65930
It 110: fitness=65670
It 115: fitness=65230
It 120: fitness=65110
It 125: fitness=64950
It 130: fitness=64690
It 135: fitness=64400
It 140: fitness=64250
It 145: fitness=64140
It 150: fitness=63870
It 155: fitness=63440
It 160: fitness=63380
It 165: fitness=63110
It 170: fitness=62910
It 175: fitness=62880
It 180: fitness=62830
It 185: fitness=62700
It 190: fitness=62670
It 195: fitness=62650
It 200: fitness=62570
It 205: fitness=62480
It 210: fitness=62410
It 215: fitness=62360
It 220: fitness=62210
It 225: fitness=62030
It 230: fitness=61990
It 235: fitness=61960
It 240: fitness=61900
It 245: fitness=61850
It 250: fitness=61750
It 255: fitness=61710
It 260: fitness=61600
It 265: fitness=61490
It 270: fitness=61450
It 275: fitness=61420
It 280: fitness=61400
It 285: fitness=61380
It 290: fitness=61320
It 295: fitness=61230
It 300: fitness=61210
It 305: fitness=61120
It 310: fitness=61100
It 315: fitness=61060
It 320: fitness=61020
It 325: fitness=61000
It 330: fitness=60980
It 335: fitness=60960
It 340: fitness=60950
It 345: fitness=60920
It 350: fitness=60880
It 355: fitness=60870
It 360: fitness=60850
It 365: fitness=60760
It 370: fitness=60680
It 375: fitness=60660
It 380: fitness=60660
It 385: fitness=60640
It 390: fitness=60630
It 395: fitness=60620
It 400: fitness=60600
It 405: fitness=60590
It 410: fitness=60590
It 415: fitness=60580
It 420: fitness=60580
It 425: fitness=60570
It 430: fitness=60570
It 435: fitness=60560
It 440: fitness=60560
It 445: fitness=60560
It 450: fitness=60560
It 455: fitness=60550
It 460: fitness=60550
It 465: fitness=60550
It 470: fitness=60550
It 475: fitness=60550
It 480: fitness=60550
It 485: fitness=60550
It 490: fitness=60540
It 495: fitness=60540
It 500: fitness=60540
It 505: fitness=60540
It 510: fitness=60540
It 515: fitness=60540
It 520: fitness=60540
It 525: fitness=60540
It 530: fitness=60540
It 535: fitness=60540
It 540: fitness=60540
It 545: fitness=60530
It 550: fitness=60530
It 555: fitness=60530
It 560: fitness=60530
It 565: fitness=60530
It 570: fitness=60530
It 575: fitness=60530
It 580: fitness=60530
It 585: fitness=60530
It 590: fitness=60530
It 595: fitness=60530
It 600: fitness=60530
It 605: fitness=60530
It 610: fitness=60530
It 615: fitness=60530
It 620: fitness=60530
It 625: fitness=60530
It 630: fitness=60530
It 635: fitness=60530
It 640: fitness=60530
It 645: fitness=60530
It 650: fitness=60530
It 655: fitness=60530
It 660: fitness=60530
It 665: fitness=60530
It 670: fitness=60530
It 675: fitness=60530
It 680: fitness=60530
It 685: fitness=60530
It 690: fitness=60530
It 695: fitness=60530
It 700: fitness=60530
It 705: fitness=60530
It 710: fitness=60530
It 715: fitness=60530
It 720: fitness=60530
It 725: fitness=60530
It 730: fitness=60530
It 735: fitness=60530
It 740: fitness=60530
It 745: fitness=60530
It 750: fitness=60530
It 755: fitness=60530
It 760: fitness=60530
It 765: fitness=60530
It 770: fitness=60530
It 775: fitness=60530
It 780: fitness=60530
It 785: fitness=60520
It 790: fitness=60520
It 795: fitness=60520
It 800: fitness=60520
It 805: fitness=60520
It 810: fitness=60520
It 815: fitness=60520
It 820: fitness=60520
It 825: fitness=60520
It 830: fitness=60520
It 835: fitness=60520
It 840: fitness=60520
It 845: fitness=60520
It 850: fitness=60520
It 855: fitness=60520
It 860: fitness=60520
It 865: fitness=60520
It 870: fitness=60520
It 875: fitness=60520
It 880: fitness=60520
It 885: fitness=60520
It 890: fitness=60520
It 895: fitness=60520
It 900: fitness=60520
It 905: fitness=60520
It 910: fitness=60520
It 915: fitness=60520
It 920: fitness=60520
It 925: fitness=60520
It 930: fitness=60520
It 935: fitness=60520
It 940: fitness=60520
It 945: fitness=60520
It 950: fitness=60520
It 955: fitness=60520
It 960: fitness=60520
It 965: fitness=60520
It 970: fitness=60520
It 975: fitness=60520
It 980: fitness=60520
It 985: fitness=60520
It 990: fitness=60520
It 995: fitness=60520
It 1000: fitness=60520
It 1005: fitness=60520
It 1010: fitness=60520
It 1015: fitness=60520
It 1020: fitness=60520
It 1025: fitness=60520
It 1030: fitness=60520
It 1035: fitness=60520
It 1040: fitness=60520
It 1045: fitness=60520
It 1050: fitness=60520
It 1055: fitness=60520
It 1060: fitness=60520
It 1065: fitness=60520
It 1070: fitness=60520
It 1075: fitness=60520
It 1080: fitness=60520
It 1085: fitness=60520
It 1090: fitness=60520
It 1095: fitness=60520
It 1100: fitness=60520
It 1105: fitness=60520
It 1110: fitness=60520
It 1115: fitness=60520
It 1120: fitness=60520
It 1125: fitness=60520
It 1130: fitness=60520
It 1135: fitness=60520
It 1140: fitness=60520
It 1145: fitness=60520
It 1150: fitness=60520
It 1155: fitness=60520
It 1160: fitness=60520
It 1165: fitness=60520
It 1170: fitness=60520
It 1175: fitness=60520
It 1180: fitness=60520
It 1185: fitness=60520
It 1190: fitness=60520
It 1195: fitness=60520
It 1200: fitness=60520
It 1205: fitness=60520
It 1210: fitness=60520
It 1215: fitness=60520
It 1220: fitness=60520
It 1225: fitness=60520
It 1230: fitness=60520
It 1235: fitness=60520
It 1240: fitness=60520
It 1245: fitness=60520
It 1250: fitness=60520
It 1255: fitness=60520
It 1260: fitness=60520
It 1265: fitness=60520
It 1270: fitness=60520
It 1275: fitness=60520
It 1280: fitness=60520
It 1285: fitness=60520
It 1290: fitness=60520
It 1295: fitness=60520
It 1300: fitness=60520
It 1305: fitness=60520
It 1310: fitness=60520
It 1315: fitness=60520
It 1320: fitness=60520
It 1325: fitness=60520
It 1330: fitness=60520
It 1335: fitness=60520
It 1340: fitness=60520
It 1345: fitness=60520
It 1350: fitness=60520
It 1355: fitness=60520
It 1360: fitness=60520
It 1365: fitness=60520
It 1370: fitness=60520
It 1375: fitness=60520
It 1380: fitness=60520
It 1385: fitness=60520
It 1390: fitness=60520
It 1395: fitness=60520
It 1400: fitness=60520
It 1405: fitness=60520
It 1410: fitness=60520
It 1415: fitness=60520
It 1420: fitness=60520
It 1425: fitness=60520
It 1430: fitness=60520
It 1435: fitness=60520
It 1440: fitness=60520
It 1445: fitness=60520
It 1450: fitness=60520
It 1455: fitness=60520
It 1460: fitness=60520
It 1465: fitness=60520
It 1470: fitness=60520
It 1475: fitness=60520
It 1480: fitness=60520
It 1485: fitness=60520
It 1490: fitness=60520
It 1495: fitness=60520
It 1500: fitness=60520
It 1505: fitness=60520
It 1510: fitness=60520
It 1515: fitness=60520
It 1520: fitness=60520
It 1525: fitness=60520
It 1530: fitness=60520
It 1535: fitness=60520
It 1540: fitness=60520
It 1545: fitness=60520
It 1550: fitness=60520
It 1555: fitness=60520
It 1560: fitness=60520
It 1565: fitness=60520
It 1570: fitness=60520
It 1575: fitness=60520
It 1580: fitness=60520
It 1585: fitness=60520
It 1590: fitness=60520
It 1595: fitness=60520
It 1600: fitness=60520
It 1605: fitness=60520
It 1610: fitness=60520
It 1615: fitness=60520
It 1620: fitness=60520
It 1625: fitness=60520
It 1630: fitness=60520
It 1635: fitness=60520
It 1640: fitness=60520
It 1645: fitness=60520
It 1650: fitness=60520
It 1655: fitness=60520
It 1660: fitness=60520
It 1665: fitness=60520
It 1670: fitness=60520
It 1675: fitness=60520
It 1680: fitness=60520
It 1685: fitness=60520
It 1690: fitness=60520
It 1695: fitness=60520
It 1700: fitness=60520
It 1705: fitness=60520
It 1710: fitness=60520
It 1715: fitness=60520
It 1720: fitness=60520
It 1725: fitness=60520
It 1730: fitness=60520
It 1735: fitness=60520
It 1740: fitness=60520
It 1745: fitness=60520
It 1750: fitness=60520
It 1755: fitness=60520
It 1760: fitness=60520
It 1765: fitness=60520
It 1770: fitness=60520
Maximal number of iterations without improvement reached
>> Resamp_Iter 9 negLL: 60523.48 (ref:  61946.71 )
>> Resamp_params: 0.66 0.6034933 0.4905449 0.561807 0.5535417 0.5364005 0.5892423 0.614315 0.5502468 0.5898309 0.5466324 0.6599983 0.4702219 0.470004 0.6702079 0.5841692 0.5586557 0.5994765 0.4317968 0.6060678 0.5116632 0.5084818 0.5364494 0.6291232 0.6730983 0.5853594 0.49 0.5696049 0.5283534 0.5854968 0.5592772 0.001 0.9916446 0.9361777 -499.9992 -109.2254 0.4246181 
 [1]    0.5616531    0.5857182    0.5515381    0.5487872    0.5436690
 [6]    0.5326105    0.5999994    0.6127043    0.5435578    0.5752417
[11]    0.5403226    0.6599999    0.6199999    0.5482508    0.6396637
[16]    0.7099759    0.5524150    0.5933308    0.6551963    0.5901898
[21]    0.5353083    0.4977788    0.5328646    0.6337159    0.5756330
[26]    0.5774914    0.4900002    0.5706977    0.5274690    0.5792556
[31]    0.5523559    0.0010000    0.9568725    1.3000000 -499.9944096
[36]  -91.9769067    0.4173210
>> sd Resamp 10 : 26 12 4 13 9 9 11 29 14 9 20 5 20 29 25 9 5 23 19 27 31 18 17 9 21 2 8 28 7 7 21 
>> Opt param @ resamp: 105006.1 
S=22, K=3, p=0.1303, w0=0.7213, w1=0.7213, c.p=1.193, c.g=1.193
v.max=NA, d=6.083, vectorize=FALSE, hybrid=off
It 5: fitness=254000
It 10: fitness=233600
It 15: fitness=210300
It 20: fitness=186500
It 25: fitness=181300
It 30: fitness=173500
It 35: fitness=163000
It 40: fitness=163000
It 45: fitness=157000
It 50: fitness=153900
It 55: fitness=153100
It 60: fitness=148700
It 65: fitness=146400
It 70: fitness=141400
It 75: fitness=140600
It 80: fitness=136900
It 85: fitness=131100
It 90: fitness=127900
It 95: fitness=125300
It 100: fitness=124900
It 105: fitness=121800
It 110: fitness=121700
It 115: fitness=121500
It 120: fitness=120500
It 125: fitness=118900
It 130: fitness=118900
It 135: fitness=117900
It 140: fitness=117800
It 145: fitness=117000
It 150: fitness=116500
It 155: fitness=116400
It 160: fitness=115900
It 165: fitness=115700
It 170: fitness=115400
It 175: fitness=115400
It 180: fitness=115100
It 185: fitness=114900
It 190: fitness=114900
It 195: fitness=114700
It 200: fitness=114400
It 205: fitness=114200
It 210: fitness=114000
It 215: fitness=114000
It 220: fitness=113900
It 225: fitness=113900
It 230: fitness=113800
It 235: fitness=113700
It 240: fitness=113700
It 245: fitness=113700
It 250: fitness=113600
It 255: fitness=113600
It 260: fitness=113500
It 265: fitness=113500
It 270: fitness=113500
It 275: fitness=113500
It 280: fitness=113500
It 285: fitness=113500
It 290: fitness=113500
It 295: fitness=113500
It 300: fitness=113400
It 305: fitness=113400
It 310: fitness=113400
It 315: fitness=113400
It 320: fitness=113400
It 325: fitness=113400
It 330: fitness=113400
It 335: fitness=113400
It 340: fitness=113400
It 345: fitness=113400
It 350: fitness=113400
It 355: fitness=113400
It 360: fitness=113400
It 365: fitness=113400
It 370: fitness=113400
It 375: fitness=113300
It 380: fitness=113300
It 385: fitness=113300
It 390: fitness=113300
It 395: fitness=113300
It 400: fitness=113300
It 405: fitness=113300
It 410: fitness=113300
It 415: fitness=113300
It 420: fitness=113300
It 425: fitness=113300
It 430: fitness=113300
It 435: fitness=113300
It 440: fitness=113300
It 445: fitness=113300
It 450: fitness=113300
It 455: fitness=113300
It 460: fitness=113300
It 465: fitness=113300
It 470: fitness=113300
It 475: fitness=113300
It 480: fitness=113300
It 485: fitness=113300
It 490: fitness=113300
It 495: fitness=113300
It 500: fitness=113300
It 505: fitness=113300
It 510: fitness=113300
It 515: fitness=113300
It 520: fitness=113300
It 525: fitness=113300
It 530: fitness=113300
It 535: fitness=113300
It 540: fitness=113300
It 545: fitness=113300
It 550: fitness=113300
It 555: fitness=113300
It 560: fitness=113300
It 565: fitness=113300
It 570: fitness=113300
It 575: fitness=113300
It 580: fitness=113300
It 585: fitness=113300
It 590: fitness=113300
It 595: fitness=113300
It 600: fitness=113300
It 605: fitness=113300
It 610: fitness=113300
It 615: fitness=113300
It 620: fitness=113300
It 625: fitness=113300
It 630: fitness=113300
It 635: fitness=113300
It 640: fitness=113300
It 645: fitness=113300
It 650: fitness=113300
It 655: fitness=113300
It 660: fitness=113300
It 665: fitness=113300
It 670: fitness=113300
It 675: fitness=113300
It 680: fitness=113300
It 685: fitness=113300
It 690: fitness=113300
It 695: fitness=113300
It 700: fitness=113300
It 705: fitness=113300
It 710: fitness=113300
It 715: fitness=113300
It 720: fitness=113300
It 725: fitness=113300
It 730: fitness=113300
It 735: fitness=113300
It 740: fitness=113300
It 745: fitness=113300
It 750: fitness=113300
It 755: fitness=113300
It 760: fitness=113300
It 765: fitness=113300
It 770: fitness=113300
It 775: fitness=113300
It 780: fitness=113300
It 785: fitness=113300
It 790: fitness=113300
It 795: fitness=113300
It 800: fitness=113300
It 805: fitness=113300
It 810: fitness=113300
It 815: fitness=113300
It 820: fitness=113300
It 825: fitness=113300
It 830: fitness=113300
It 835: fitness=113300
It 840: fitness=113300
It 845: fitness=113300
It 850: fitness=113300
It 855: fitness=113300
It 860: fitness=113300
It 865: fitness=113300
It 870: fitness=113300
It 875: fitness=113300
It 880: fitness=113300
It 885: fitness=113300
It 890: fitness=113300
It 895: fitness=113300
It 900: fitness=113300
It 905: fitness=113300
It 910: fitness=113300
It 915: fitness=113300
It 920: fitness=113300
It 925: fitness=113300
It 930: fitness=113300
It 935: fitness=113300
It 940: fitness=113300
It 945: fitness=113300
It 950: fitness=113300
It 955: fitness=113300
It 960: fitness=113300
It 965: fitness=113300
It 970: fitness=113300
It 975: fitness=113300
It 980: fitness=113300
It 985: fitness=113300
It 990: fitness=113300
It 995: fitness=113300
It 1000: fitness=113300
It 1005: fitness=113300
It 1010: fitness=113300
It 1015: fitness=113300
It 1020: fitness=113300
It 1025: fitness=113300
It 1030: fitness=113300
It 1035: fitness=113300
It 1040: fitness=113300
It 1045: fitness=113300
It 1050: fitness=113300
It 1055: fitness=113300
It 1060: fitness=113300
It 1065: fitness=113300
It 1070: fitness=113300
It 1075: fitness=113300
It 1080: fitness=113300
It 1085: fitness=113300
It 1090: fitness=113300
It 1095: fitness=113300
It 1100: fitness=113300
It 1105: fitness=113300
It 1110: fitness=113300
It 1115: fitness=113300
It 1120: fitness=113300
It 1125: fitness=113300
It 1130: fitness=113300
It 1135: fitness=113300
It 1140: fitness=113300
It 1145: fitness=113300
It 1150: fitness=113300
It 1155: fitness=113300
It 1160: fitness=113300
It 1165: fitness=113300
It 1170: fitness=113300
It 1175: fitness=113300
It 1180: fitness=113300
It 1185: fitness=113300
It 1190: fitness=113300
It 1195: fitness=113300
It 1200: fitness=113300
It 1205: fitness=113300
It 1210: fitness=113300
It 1215: fitness=113300
It 1220: fitness=113300
It 1225: fitness=113300
It 1230: fitness=113300
It 1235: fitness=113300
It 1240: fitness=113300
It 1245: fitness=113300
Maximal number of iterations without improvement reached
>> Resamp_Iter 10 negLL: 113292 (ref:  105006.1 )
>> Resamp_params: 0.5804805 0.5816407 0.5684466 0.5464936 0.5424352 0.6291087 0.5999966 0.6110882 0.5447985 0.6159978 0.5395766 0.4400056 0.5467366 0.5463588 0.4010235 0.6555268 0.5522237 0.5902611 0.6699939 0.5876229 0.5342273 0.5772424 0.5316168 0.7184932 0.574166 0.577516 0.4900056 0.5687959 0.5268822 0.6627543 0.6299999 0.001 0.9622915 1.299998 -471.629 -75.24731 0.4006072 
