fit_results/data/globalcity_clean.txt_sd_03191603.log>>> Loading state data: Atlanta <<<
>>> Loading state data: Berlin <<<
>>> Loading state data: Boston <<<
>>> Loading state data: Chicago <<<
>>> Loading state data: Denver <<<
>>> Loading state data: Houston <<<
>>> Loading state data: Los Angeles <<<
>>> Loading state data: Madrid <<<
>>> Loading state data: Miami <<<
>>> Loading state data: Phoenix <<<
>>> Loading state data: Rome <<<
>>> Loading state data: Seattle <<<
>>> Loading state data: St Louis <<<
>>> Loading state data: Toronto <<<
>>> Loading state data: Birmingham <<<
>>> Loading state data: Cologne <<<
>>> Loading state data: Dallas <<<
>>> Loading state data: Hamburg <<<
>>> Loading state data: London <<<
>>> Loading state data: New York <<<
>>> Loading state data: Sacramento <<<
>>> Loading state data: San Diego <<<
>>> Loading state data: San Francisco <<<
>>> Loading state data: Stockholm <<<
>>> Loading state data: Stuttgart <<<
>>> Loading state data: Tucson <<<
>>> Loading state data: Melbourne <<<
>>> Loading state data: Santiago <<<
>>> Loading state data: Delhi <<<
>>> Loading state data: Vancouver <<<
>>> Loading state data: Mexico City <<<
 [1]    0.540    0.400    0.430    0.440    0.460    0.530    0.480    0.570
 [9]    0.540    0.450    0.470    0.440    0.470    0.470    0.400    0.450
[17]    0.530    0.410    0.400    0.450    0.480    0.480    0.490    0.300
[25]    0.450    0.440    0.490    0.540    0.450    0.430    0.550    0.001
[33]    0.800    0.600 -500.000 -500.000    0.000
 [1] 0.660 0.690 0.610 0.610 0.620 0.630 0.600 0.710 0.630 0.620 0.630 0.660
[13] 0.620 0.660 0.690 0.710 0.640 0.710 0.670 0.620 0.630 0.590 0.630 0.720
[25] 0.680 0.610 0.630 0.700 0.600 0.670 0.630 0.001 1.200 1.300 0.000 0.000
[37] 1.000
 [1]    0.5616531    0.5857182    0.5515381    0.5487872    0.5436690
 [6]    0.5326105    0.5999994    0.6127043    0.5435578    0.5752417
[11]    0.5403226    0.6599999    0.6199999    0.5482508    0.6396637
[16]    0.7099759    0.5524150    0.5933308    0.6551963    0.5901898
[21]    0.5353083    0.4977788    0.5328646    0.6337159    0.5756330
[26]    0.5774914    0.4900002    0.5706977    0.5274690    0.5792556
[31]    0.5523559    0.0010000    0.9568725    1.3000000 -499.9944096
[36]  -91.9769067    0.4173210
 [1]    0.5900000    0.5900000    0.5900000    0.5900000    0.5900000
 [6]    0.5900000    0.5900000    0.5900000    0.5900000    0.5900000
[11]    0.5900000    0.5900000    0.5900000    0.5900000    0.5900000
[16]    0.5900000    0.5900000    0.5900000    0.5900000    0.5900000
[21]    0.5900000    0.5900000    0.5900000    0.5900000    0.5900000
[26]    0.5900000    0.5900000    0.5900000    0.5900000    0.5900000
[31]    0.5900000    0.0010000    0.9568725    1.3000000 -499.9944096
[36]  -91.9769067    0.4173210
96 cores seen; limit to 18 cores
 [1]    0.5616531    0.5857182    0.5515381    0.5487872    0.5436690
 [6]    0.5326105    0.5999994    0.6127043    0.5435578    0.5752417
[11]    0.5403226    0.6599999    0.6199999    0.5482508    0.6396637
[16]    0.7099759    0.5524150    0.5933308    0.6551963    0.5901898
[21]    0.5353083    0.4977788    0.5328646    0.6337159    0.5756330
[26]    0.5774914    0.4900002    0.5706977    0.5274690    0.5792556
[31]    0.5523559    0.0010000    0.9568725    1.3000000 -499.9944096
[36]  -91.9769067    0.4173210
>> sd Resamp 1 : 15 20 19 27 11 14 24 31 19 17 5 12 1 9 11 10 20 30 10 7 17 26 26 18 6 1 16 29 17 27 25 
>> Opt param @ resamp: 109890.4 
S=22, K=3, p=0.1303, w0=0.7213, w1=0.7213, c.p=1.193, c.g=1.193
v.max=NA, d=6.083, vectorize=FALSE, hybrid=off
It 5: fitness=231000
It 10: fitness=192800
It 15: fitness=179900
It 20: fitness=177300
It 25: fitness=168900
It 30: fitness=160400
It 35: fitness=156700
It 40: fitness=152100
It 45: fitness=145400
It 50: fitness=142800
It 55: fitness=142800
It 60: fitness=138000
It 65: fitness=137200
It 70: fitness=135600
It 75: fitness=133500
It 80: fitness=132300
It 85: fitness=129800
It 90: fitness=129800
It 95: fitness=128000
It 100: fitness=127700
It 105: fitness=126500
It 110: fitness=124200
It 115: fitness=123300
It 120: fitness=121400
It 125: fitness=120700
It 130: fitness=120400
It 135: fitness=119800
It 140: fitness=119500
It 145: fitness=119200
It 150: fitness=119000
It 155: fitness=118100
It 160: fitness=117700
It 165: fitness=117200
It 170: fitness=116800
It 175: fitness=116800
It 180: fitness=116500
It 185: fitness=116200
It 190: fitness=116000
It 195: fitness=115700
It 200: fitness=115700
It 205: fitness=115500
It 210: fitness=115500
It 215: fitness=115400
It 220: fitness=115400
It 225: fitness=115300
It 230: fitness=115300
It 235: fitness=115300
It 240: fitness=115300
It 245: fitness=115300
It 250: fitness=115200
It 255: fitness=115200
It 260: fitness=115200
It 265: fitness=115200
It 270: fitness=115200
It 275: fitness=115200
It 280: fitness=115200
It 285: fitness=115200
It 290: fitness=115100
It 295: fitness=115100
It 300: fitness=115100
It 305: fitness=115100
It 310: fitness=115100
It 315: fitness=115100
It 320: fitness=115100
It 325: fitness=115100
It 330: fitness=115100
It 335: fitness=115100
It 340: fitness=115100
It 345: fitness=115100
It 350: fitness=115100
It 355: fitness=115100
It 360: fitness=115100
It 365: fitness=115100
It 370: fitness=115100
It 375: fitness=115100
It 380: fitness=115100
It 385: fitness=115100
It 390: fitness=115100
It 395: fitness=115100
It 400: fitness=115100
It 405: fitness=115100
It 410: fitness=115100
It 415: fitness=115100
It 420: fitness=115100
It 425: fitness=115100
It 430: fitness=115100
It 435: fitness=115100
It 440: fitness=115100
It 445: fitness=115100
It 450: fitness=115100
It 455: fitness=115100
It 460: fitness=115100
It 465: fitness=115100
It 470: fitness=115100
It 475: fitness=115100
It 480: fitness=115100
It 485: fitness=115100
It 490: fitness=115100
It 495: fitness=115100
It 500: fitness=115100
It 505: fitness=115100
It 510: fitness=115100
It 515: fitness=115100
It 520: fitness=115100
It 525: fitness=115100
It 530: fitness=115100
It 535: fitness=115100
It 540: fitness=115100
It 545: fitness=115100
It 550: fitness=115100
It 555: fitness=115100
It 560: fitness=115100
It 565: fitness=115100
It 570: fitness=115100
It 575: fitness=115100
It 580: fitness=115100
It 585: fitness=115100
It 590: fitness=115100
It 595: fitness=115100
It 600: fitness=115100
It 605: fitness=115100
It 610: fitness=115100
It 615: fitness=115100
It 620: fitness=115100
It 625: fitness=115100
It 630: fitness=115100
It 635: fitness=115100
It 640: fitness=115100
It 645: fitness=115100
It 650: fitness=115100
It 655: fitness=115100
It 660: fitness=115100
It 665: fitness=115100
It 670: fitness=115100
It 675: fitness=115100
It 680: fitness=115100
It 685: fitness=115100
It 690: fitness=115100
It 695: fitness=115100
It 700: fitness=115100
It 705: fitness=115100
It 710: fitness=115100
It 715: fitness=115100
It 720: fitness=115100
It 725: fitness=115100
It 730: fitness=115100
It 735: fitness=115100
It 740: fitness=115100
It 745: fitness=115100
It 750: fitness=115100
It 755: fitness=115100
It 760: fitness=115100
It 765: fitness=115100
It 770: fitness=115100
It 775: fitness=115100
It 780: fitness=115100
It 785: fitness=115100
It 790: fitness=115100
It 795: fitness=115100
It 800: fitness=115100
It 805: fitness=115100
It 810: fitness=115100
It 815: fitness=115100
It 820: fitness=115100
It 825: fitness=115100
It 830: fitness=115100
It 835: fitness=115100
It 840: fitness=115100
It 845: fitness=115100
It 850: fitness=115100
It 855: fitness=115100
It 860: fitness=115100
It 865: fitness=115100
It 870: fitness=115100
It 875: fitness=115100
It 880: fitness=115100
It 885: fitness=115100
It 890: fitness=115100
It 895: fitness=115100
It 900: fitness=115100
It 905: fitness=115100
It 910: fitness=115100
It 915: fitness=115100
It 920: fitness=115100
It 925: fitness=115100
It 930: fitness=115100
It 935: fitness=115100
It 940: fitness=115100
It 945: fitness=115100
It 950: fitness=115100
It 955: fitness=115100
It 960: fitness=115100
It 965: fitness=115100
It 970: fitness=115100
It 975: fitness=115100
It 980: fitness=115100
It 985: fitness=115100
It 990: fitness=115100
It 995: fitness=115100
It 1000: fitness=115100
It 1005: fitness=115100
It 1010: fitness=115100
It 1015: fitness=115100
It 1020: fitness=115100
It 1025: fitness=115100
It 1030: fitness=115100
It 1035: fitness=115100
It 1040: fitness=115100
It 1045: fitness=115100
It 1050: fitness=115100
It 1055: fitness=115100
It 1060: fitness=115100
It 1065: fitness=115100
It 1070: fitness=115100
It 1075: fitness=115100
It 1080: fitness=115100
It 1085: fitness=115100
It 1090: fitness=115100
It 1095: fitness=115100
It 1100: fitness=115100
It 1105: fitness=115100
It 1110: fitness=115100
It 1115: fitness=115100
It 1120: fitness=115100
It 1125: fitness=115100
It 1130: fitness=115100
It 1135: fitness=115100
It 1140: fitness=115100
It 1145: fitness=115100
It 1150: fitness=115100
It 1155: fitness=115100
It 1160: fitness=115100
It 1165: fitness=115100
It 1170: fitness=115100
It 1175: fitness=115100
It 1180: fitness=115100
It 1185: fitness=115100
It 1190: fitness=115100
It 1195: fitness=115100
It 1200: fitness=115100
It 1205: fitness=115100
It 1210: fitness=115100
It 1215: fitness=115100
It 1220: fitness=115100
It 1225: fitness=115100
It 1230: fitness=115100
It 1235: fitness=115100
It 1240: fitness=115100
It 1245: fitness=115100
It 1250: fitness=115100
It 1255: fitness=115100
It 1260: fitness=115100
It 1265: fitness=115100
It 1270: fitness=115100
It 1275: fitness=115100
It 1280: fitness=115100
It 1285: fitness=115100
It 1290: fitness=115100
It 1295: fitness=115100
It 1300: fitness=115100
It 1305: fitness=115100
Maximal number of iterations without improvement reached
>> Resamp_Iter 1 negLL: 115077.9 (ref:  109890.4 )
>> Resamp_params: 0.5622741 0.6889912 0.4858047 0.456491 0.5434075 0.5330772 0.5999969 0.6328684 0.5429435 0.5748556 0.5412606 0.659998 0.6151152 0.5493013 0.4306602 0.5842278 0.5530097 0.5938741 0.6540212 0.5896204 0.626254 0.58995 0.6298086 0.6329564 0.68 0.577155 0.4900033 0.6996861 0.5262949 0.5798303 0.5525393 0.001 0.9576371 1.299985 -499.9627 -96.89595 0.4182177 
 [1]    0.5616531    0.5857182    0.5515381    0.5487872    0.5436690
 [6]    0.5326105    0.5999994    0.6127043    0.5435578    0.5752417
[11]    0.5403226    0.6599999    0.6199999    0.5482508    0.6396637
[16]    0.7099759    0.5524150    0.5933308    0.6551963    0.5901898
[21]    0.5353083    0.4977788    0.5328646    0.6337159    0.5756330
[26]    0.5774914    0.4900002    0.5706977    0.5274690    0.5792556
[31]    0.5523559    0.0010000    0.9568725    1.3000000 -499.9944096
[36]  -91.9769067    0.4173210
>> sd Resamp 2 : 27 30 4 2 15 1 10 24 4 24 3 12 20 8 12 10 25 10 20 12 26 26 27 10 30 17 8 24 7 4 19 
>> Opt param @ resamp: 115855.9 
S=22, K=3, p=0.1303, w0=0.7213, w1=0.7213, c.p=1.193, c.g=1.193
v.max=NA, d=6.083, vectorize=FALSE, hybrid=off
It 5: fitness=195100
It 10: fitness=169300
It 15: fitness=169300
It 20: fitness=161000
It 25: fitness=150800
It 30: fitness=150800
It 35: fitness=147400
It 40: fitness=143200
It 45: fitness=140500
It 50: fitness=139000
It 55: fitness=132900
It 60: fitness=131200
It 65: fitness=128900
It 70: fitness=126600
It 75: fitness=125500
It 80: fitness=124200
It 85: fitness=124200
It 90: fitness=123500
It 95: fitness=123000
It 100: fitness=122700
It 105: fitness=122700
It 110: fitness=122400
It 115: fitness=122300
It 120: fitness=122100
It 125: fitness=122100
It 130: fitness=121800
It 135: fitness=121700
It 140: fitness=121600
It 145: fitness=121600
It 150: fitness=121600
It 155: fitness=121400
It 160: fitness=119800
It 165: fitness=119500
It 170: fitness=119500
It 175: fitness=119500
It 180: fitness=119300
It 185: fitness=119300
It 190: fitness=119300
It 195: fitness=119300
It 200: fitness=119300
It 205: fitness=119300
It 210: fitness=119300
It 215: fitness=119200
It 220: fitness=119200
It 225: fitness=119200
It 230: fitness=119200
It 235: fitness=119200
It 240: fitness=119200
It 245: fitness=119200
It 250: fitness=119200
It 255: fitness=119200
It 260: fitness=119200
It 265: fitness=119200
It 270: fitness=119200
It 275: fitness=119200
It 280: fitness=119200
It 285: fitness=119200
It 290: fitness=119200
It 295: fitness=119200
It 300: fitness=119200
It 305: fitness=119200
It 310: fitness=119200
It 315: fitness=119200
It 320: fitness=119200
It 325: fitness=119200
It 330: fitness=119200
It 335: fitness=119200
It 340: fitness=119200
It 345: fitness=119200
It 350: fitness=119200
It 355: fitness=119200
It 360: fitness=119200
It 365: fitness=119200
It 370: fitness=119200
It 375: fitness=119200
It 380: fitness=119200
It 385: fitness=119200
It 390: fitness=119200
It 395: fitness=119200
It 400: fitness=119200
It 405: fitness=119200
It 410: fitness=119200
It 415: fitness=119200
It 420: fitness=119200
It 425: fitness=119200
It 430: fitness=119200
It 435: fitness=119200
It 440: fitness=119200
It 445: fitness=119200
It 450: fitness=119200
It 455: fitness=119200
It 460: fitness=119200
It 465: fitness=119200
It 470: fitness=119200
It 475: fitness=119200
It 480: fitness=119200
It 485: fitness=119200
It 490: fitness=119200
It 495: fitness=119200
It 500: fitness=119200
It 505: fitness=119200
It 510: fitness=119200
It 515: fitness=119200
It 520: fitness=119200
It 525: fitness=119200
It 530: fitness=119200
It 535: fitness=119200
It 540: fitness=119200
It 545: fitness=119200
It 550: fitness=119200
It 555: fitness=119200
It 560: fitness=119200
It 565: fitness=119200
It 570: fitness=119200
It 575: fitness=119200
It 580: fitness=119200
It 585: fitness=119200
It 590: fitness=119200
It 595: fitness=119200
It 600: fitness=119200
It 605: fitness=119200
It 610: fitness=119200
It 615: fitness=119200
It 620: fitness=119200
It 625: fitness=119200
It 630: fitness=119200
It 635: fitness=119200
It 640: fitness=119200
It 645: fitness=119200
It 650: fitness=119200
It 655: fitness=119200
It 660: fitness=119200
It 665: fitness=119200
It 670: fitness=119200
It 675: fitness=119200
It 680: fitness=119200
It 685: fitness=119200
It 690: fitness=119200
It 695: fitness=119200
It 700: fitness=119200
It 705: fitness=119200
It 710: fitness=119200
It 715: fitness=119200
It 720: fitness=119200
It 725: fitness=119200
It 730: fitness=119200
It 735: fitness=119200
It 740: fitness=119200
It 745: fitness=119200
It 750: fitness=119200
It 755: fitness=119200
It 760: fitness=119200
It 765: fitness=119200
It 770: fitness=119200
It 775: fitness=119200
It 780: fitness=119200
It 785: fitness=119200
It 790: fitness=119200
It 795: fitness=119200
It 800: fitness=119200
It 805: fitness=119200
It 810: fitness=119200
It 815: fitness=119200
It 820: fitness=119200
It 825: fitness=119200
It 830: fitness=119200
It 835: fitness=119200
It 840: fitness=119200
It 845: fitness=119200
It 850: fitness=119200
It 855: fitness=119200
It 860: fitness=119200
It 865: fitness=119200
It 870: fitness=119200
It 875: fitness=119200
It 880: fitness=119200
It 885: fitness=119200
It 890: fitness=119200
It 895: fitness=119200
It 900: fitness=119200
It 905: fitness=119200
It 910: fitness=119200
It 915: fitness=119200
It 920: fitness=119200
It 925: fitness=119200
It 930: fitness=119200
It 935: fitness=119200
It 940: fitness=119200
It 945: fitness=119200
It 950: fitness=119200
It 955: fitness=119200
It 960: fitness=119200
It 965: fitness=119200
It 970: fitness=119200
It 975: fitness=119200
It 980: fitness=119200
It 985: fitness=119200
It 990: fitness=119200
It 995: fitness=119200
It 1000: fitness=119200
It 1005: fitness=119200
It 1010: fitness=119200
It 1015: fitness=119200
It 1020: fitness=119200
It 1025: fitness=119200
It 1030: fitness=119200
It 1035: fitness=119200
It 1040: fitness=119200
It 1045: fitness=119200
It 1050: fitness=119200
It 1055: fitness=119200
It 1060: fitness=119200
It 1065: fitness=119200
It 1070: fitness=119200
It 1075: fitness=119200
It 1080: fitness=119200
It 1085: fitness=119200
It 1090: fitness=119200
It 1095: fitness=119200
It 1100: fitness=119200
It 1105: fitness=119200
It 1110: fitness=119200
It 1115: fitness=119200
It 1120: fitness=119200
It 1125: fitness=119200
It 1130: fitness=119200
It 1135: fitness=119200
It 1140: fitness=119200
It 1145: fitness=119200
It 1150: fitness=119200
It 1155: fitness=119200
It 1160: fitness=119200
It 1165: fitness=119200
It 1170: fitness=119200
It 1175: fitness=119200
It 1180: fitness=119200
It 1185: fitness=119200
It 1190: fitness=119200
It 1195: fitness=119200
It 1200: fitness=119200
It 1205: fitness=119200
It 1210: fitness=119200
It 1215: fitness=119200
It 1220: fitness=119200
It 1225: fitness=119200
It 1230: fitness=119200
It 1235: fitness=119200
It 1240: fitness=119200
It 1245: fitness=119200
It 1250: fitness=119200
It 1255: fitness=119200
Maximal number of iterations without improvement reached
>> Resamp_Iter 2 negLL: 119185.2 (ref:  115855.9 )
>> Resamp_params: 0.5576054 0.6503851 0.5547814 0.5510597 0.5134816 0.578729 0.5999996 0.6038587 0.5467464 0.6199995 0.5994239 0.6599999 0.4895774 0.4879282 0.6400256 0.6884738 0.550053 0.5953795 0.6586027 0.5908287 0.4829934 0.4856141 0.5639659 0.6515995 0.5657501 0.5835526 0.49 0.5421296 0.4547047 0.5699726 0.5972133 0.001 1.000994 1.191761 -499.9972 -109.9739 0.421936 
 [1]    0.5616531    0.5857182    0.5515381    0.5487872    0.5436690
 [6]    0.5326105    0.5999994    0.6127043    0.5435578    0.5752417
[11]    0.5403226    0.6599999    0.6199999    0.5482508    0.6396637
[16]    0.7099759    0.5524150    0.5933308    0.6551963    0.5901898
[21]    0.5353083    0.4977788    0.5328646    0.6337159    0.5756330
[26]    0.5774914    0.4900002    0.5706977    0.5274690    0.5792556
[31]    0.5523559    0.0010000    0.9568725    1.3000000 -499.9944096
[36]  -91.9769067    0.4173210
>> sd Resamp 3 : 27 2 14 14 1 3 20 27 2 17 27 7 12 30 25 28 16 25 30 20 30 5 19 24 7 15 18 1 25 24 24 
>> Opt param @ resamp: 89615.82 
S=22, K=3, p=0.1303, w0=0.7213, w1=0.7213, c.p=1.193, c.g=1.193
v.max=NA, d=6.083, vectorize=FALSE, hybrid=off
It 5: fitness=199700
It 10: fitness=175400
It 15: fitness=163500
It 20: fitness=163500
It 25: fitness=154900
It 30: fitness=147500
It 35: fitness=144500
It 40: fitness=133300
It 45: fitness=131900
It 50: fitness=126900
It 55: fitness=125600
It 60: fitness=123400
It 65: fitness=121800
It 70: fitness=119900
It 75: fitness=116800
It 80: fitness=116000
It 85: fitness=115300
It 90: fitness=106700
It 95: fitness=106300
It 100: fitness=104300
It 105: fitness=101100
It 110: fitness=100300
It 115: fitness=99890
It 120: fitness=98680
It 125: fitness=97610
It 130: fitness=97070
It 135: fitness=96340
It 140: fitness=95690
It 145: fitness=95260
It 150: fitness=95050
It 155: fitness=94880
It 160: fitness=94710
It 165: fitness=94400
It 170: fitness=94290
It 175: fitness=94100
It 180: fitness=93970
It 185: fitness=93870
It 190: fitness=93810
It 195: fitness=93780
It 200: fitness=93730
It 205: fitness=93650
It 210: fitness=93630
It 215: fitness=93590
It 220: fitness=93570
It 225: fitness=93560
It 230: fitness=93510
It 235: fitness=93500
It 240: fitness=93470
It 245: fitness=93460
It 250: fitness=93440
It 255: fitness=93430
It 260: fitness=93410
It 265: fitness=93410
It 270: fitness=93400
It 275: fitness=93390
It 280: fitness=93390
It 285: fitness=93390
It 290: fitness=93380
It 295: fitness=93380
It 300: fitness=93380
It 305: fitness=93380
It 310: fitness=93380
It 315: fitness=93370
It 320: fitness=93370
It 325: fitness=93370
It 330: fitness=93370
It 335: fitness=93370
It 340: fitness=93370
It 345: fitness=93370
It 350: fitness=93370
It 355: fitness=93370
It 360: fitness=93370
It 365: fitness=93370
It 370: fitness=93370
It 375: fitness=93370
It 380: fitness=93370
It 385: fitness=93370
It 390: fitness=93360
It 395: fitness=93360
It 400: fitness=93360
It 405: fitness=93360
It 410: fitness=93360
It 415: fitness=93360
It 420: fitness=93360
It 425: fitness=93360
It 430: fitness=93360
It 435: fitness=93360
It 440: fitness=93360
It 445: fitness=93360
It 450: fitness=93360
It 455: fitness=93360
It 460: fitness=93360
It 465: fitness=93360
It 470: fitness=93360
It 475: fitness=93360
It 480: fitness=93360
It 485: fitness=93360
It 490: fitness=93360
It 495: fitness=93360
It 500: fitness=93360
It 505: fitness=93360
It 510: fitness=93360
It 515: fitness=93360
It 520: fitness=93360
It 525: fitness=93360
It 530: fitness=93360
It 535: fitness=93360
It 540: fitness=93360
It 545: fitness=93360
It 550: fitness=93360
It 555: fitness=93360
It 560: fitness=93360
It 565: fitness=93360
It 570: fitness=93360
It 575: fitness=93360
It 580: fitness=93360
It 585: fitness=93360
It 590: fitness=93360
It 595: fitness=93360
It 600: fitness=93360
It 605: fitness=93360
It 610: fitness=93360
It 615: fitness=93360
It 620: fitness=93360
It 625: fitness=93360
It 630: fitness=93360
It 635: fitness=93360
It 640: fitness=93360
It 645: fitness=93360
It 650: fitness=93360
It 655: fitness=93360
It 660: fitness=93360
It 665: fitness=93360
It 670: fitness=93360
It 675: fitness=93360
It 680: fitness=93360
It 685: fitness=93360
It 690: fitness=93360
It 695: fitness=93360
It 700: fitness=93360
It 705: fitness=93360
It 710: fitness=93360
It 715: fitness=93360
It 720: fitness=93360
It 725: fitness=93360
It 730: fitness=93360
It 735: fitness=93360
It 740: fitness=93360
It 745: fitness=93360
It 750: fitness=93360
It 755: fitness=93360
It 760: fitness=93360
It 765: fitness=93360
It 770: fitness=93360
It 775: fitness=93360
It 780: fitness=93360
It 785: fitness=93360
It 790: fitness=93360
It 795: fitness=93360
It 800: fitness=93360
It 805: fitness=93360
It 810: fitness=93360
It 815: fitness=93360
It 820: fitness=93360
It 825: fitness=93360
It 830: fitness=93360
It 835: fitness=93360
It 840: fitness=93360
It 845: fitness=93360
It 850: fitness=93360
It 855: fitness=93360
It 860: fitness=93360
It 865: fitness=93360
It 870: fitness=93360
It 875: fitness=93360
It 880: fitness=93360
It 885: fitness=93360
It 890: fitness=93360
It 895: fitness=93360
It 900: fitness=93360
It 905: fitness=93360
It 910: fitness=93360
It 915: fitness=93360
It 920: fitness=93360
It 925: fitness=93360
It 930: fitness=93360
It 935: fitness=93360
It 940: fitness=93360
It 945: fitness=93360
It 950: fitness=93360
It 955: fitness=93360
It 960: fitness=93360
It 965: fitness=93360
It 970: fitness=93360
It 975: fitness=93360
It 980: fitness=93360
It 985: fitness=93360
It 990: fitness=93360
It 995: fitness=93360
It 1000: fitness=93360
It 1005: fitness=93360
It 1010: fitness=93360
It 1015: fitness=93360
It 1020: fitness=93360
It 1025: fitness=93360
It 1030: fitness=93360
It 1035: fitness=93360
It 1040: fitness=93360
It 1045: fitness=93360
It 1050: fitness=93360
It 1055: fitness=93360
It 1060: fitness=93360
It 1065: fitness=93360
It 1070: fitness=93360
It 1075: fitness=93360
It 1080: fitness=93360
It 1085: fitness=93360
It 1090: fitness=93360
It 1095: fitness=93360
It 1100: fitness=93360
It 1105: fitness=93360
It 1110: fitness=93360
It 1115: fitness=93360
It 1120: fitness=93360
It 1125: fitness=93360
It 1130: fitness=93360
It 1135: fitness=93360
It 1140: fitness=93360
It 1145: fitness=93360
It 1150: fitness=93360
It 1155: fitness=93360
It 1160: fitness=93360
It 1165: fitness=93360
It 1170: fitness=93360
It 1175: fitness=93360
It 1180: fitness=93360
It 1185: fitness=93360
It 1190: fitness=93360
It 1195: fitness=93360
It 1200: fitness=93360
It 1205: fitness=93360
It 1210: fitness=93360
It 1215: fitness=93360
It 1220: fitness=93360
It 1225: fitness=93360
It 1230: fitness=93360
It 1235: fitness=93360
It 1240: fitness=93360
It 1245: fitness=93360
It 1250: fitness=93360
It 1255: fitness=93360
It 1260: fitness=93360
It 1265: fitness=93360
It 1270: fitness=93360
It 1275: fitness=93360
It 1280: fitness=93360
It 1285: fitness=93360
It 1290: fitness=93360
It 1295: fitness=93360
It 1300: fitness=93360
It 1305: fitness=93360
It 1310: fitness=93360
It 1315: fitness=93360
It 1320: fitness=93360
It 1325: fitness=93360
It 1330: fitness=93360
It 1335: fitness=93360
It 1340: fitness=93360
It 1345: fitness=93360
It 1350: fitness=93360
It 1355: fitness=93360
It 1360: fitness=93360
It 1365: fitness=93360
It 1370: fitness=93360
It 1375: fitness=93360
It 1380: fitness=93360
It 1385: fitness=93360
It 1390: fitness=93360
It 1395: fitness=93360
It 1400: fitness=93360
It 1405: fitness=93360
It 1410: fitness=93360
It 1415: fitness=93360
Maximal number of iterations without improvement reached
>> Resamp_Iter 3 negLL: 93358.83 (ref:  89615.82 )
>> Resamp_params: 0.560537 0.5871419 0.5465562 0.4643067 0.5401948 0.6265902 0.6 0.6157918 0.6282813 0.6123925 0.4742481 0.6052386 0.472025 0.5492236 0.6416616 0.5851313 0.5510219 0.5952055 0.5661447 0.5878199 0.5427619 0.5463241 0.6043315 0.6313304 0.5766185 0.445201 0.4900012 0.5670831 0.4516202 0.5803654 0.6287754 0.001 0.9412661 1.299998 -408.9816 -87.60607 0.4116942 
 [1]    0.5616531    0.5857182    0.5515381    0.5487872    0.5436690
 [6]    0.5326105    0.5999994    0.6127043    0.5435578    0.5752417
[11]    0.5403226    0.6599999    0.6199999    0.5482508    0.6396637
[16]    0.7099759    0.5524150    0.5933308    0.6551963    0.5901898
[21]    0.5353083    0.4977788    0.5328646    0.6337159    0.5756330
[26]    0.5774914    0.4900002    0.5706977    0.5274690    0.5792556
[31]    0.5523559    0.0010000    0.9568725    1.3000000 -499.9944096
[36]  -91.9769067    0.4173210
>> sd Resamp 4 : 16 23 20 20 7 23 11 28 2 17 27 21 5 4 22 18 5 9 6 31 5 15 13 28 20 19 9 16 17 4 21 
>> Opt param @ resamp: 106790.8 
S=22, K=3, p=0.1303, w0=0.7213, w1=0.7213, c.p=1.193, c.g=1.193
v.max=NA, d=6.083, vectorize=FALSE, hybrid=off
It 5: fitness=245000
It 10: fitness=228000
It 15: fitness=189400
It 20: fitness=170300
It 25: fitness=158100
It 30: fitness=155400
It 35: fitness=153600
It 40: fitness=148900
It 45: fitness=143100
It 50: fitness=143100
It 55: fitness=142800
It 60: fitness=141200
It 65: fitness=139200
It 70: fitness=138000
It 75: fitness=136700
It 80: fitness=134700
It 85: fitness=134100
It 90: fitness=134000
It 95: fitness=133100
It 100: fitness=132800
It 105: fitness=131800
It 110: fitness=131300
It 115: fitness=129700
It 120: fitness=129100
It 125: fitness=123100
It 130: fitness=121800
It 135: fitness=121000
It 140: fitness=120300
It 145: fitness=119500
It 150: fitness=119400
It 155: fitness=119300
It 160: fitness=119200
It 165: fitness=119100
It 170: fitness=119000
It 175: fitness=118800
It 180: fitness=118800
It 185: fitness=118700
It 190: fitness=118700
It 195: fitness=118700
It 200: fitness=118600
It 205: fitness=118600
It 210: fitness=118600
It 215: fitness=118600
It 220: fitness=118500
It 225: fitness=118500
It 230: fitness=118500
It 235: fitness=118500
It 240: fitness=118500
It 245: fitness=118500
It 250: fitness=118500
It 255: fitness=118500
It 260: fitness=118400
It 265: fitness=118400
It 270: fitness=118400
It 275: fitness=118400
It 280: fitness=118400
It 285: fitness=118400
It 290: fitness=118400
It 295: fitness=118200
It 300: fitness=115400
It 305: fitness=115000
It 310: fitness=114800
It 315: fitness=114700
It 320: fitness=114700
It 325: fitness=114700
It 330: fitness=114700
It 335: fitness=114600
It 340: fitness=114600
It 345: fitness=114600
It 350: fitness=114500
It 355: fitness=114500
It 360: fitness=114500
It 365: fitness=114500
It 370: fitness=114500
It 375: fitness=114500
It 380: fitness=114500
It 385: fitness=114500
It 390: fitness=114500
It 395: fitness=114500
It 400: fitness=114500
It 405: fitness=114500
It 410: fitness=114500
It 415: fitness=114500
It 420: fitness=114500
It 425: fitness=114500
It 430: fitness=114500
It 435: fitness=114500
It 440: fitness=114500
It 445: fitness=114500
It 450: fitness=114500
It 455: fitness=114500
It 460: fitness=114500
It 465: fitness=114500
It 470: fitness=114500
It 475: fitness=114500
It 480: fitness=114500
It 485: fitness=114500
It 490: fitness=114500
It 495: fitness=114500
It 500: fitness=114500
It 505: fitness=114500
It 510: fitness=114500
It 515: fitness=114500
It 520: fitness=114500
It 525: fitness=114500
It 530: fitness=114500
It 535: fitness=114500
It 540: fitness=114500
It 545: fitness=114500
It 550: fitness=114500
It 555: fitness=114500
It 560: fitness=114500
It 565: fitness=114500
It 570: fitness=114500
It 575: fitness=114500
It 580: fitness=114500
It 585: fitness=114500
It 590: fitness=114500
It 595: fitness=114500
It 600: fitness=114500
It 605: fitness=114500
It 610: fitness=114500
It 615: fitness=114500
It 620: fitness=114500
It 625: fitness=114500
It 630: fitness=114500
It 635: fitness=114500
It 640: fitness=114500
It 645: fitness=114500
It 650: fitness=114500
It 655: fitness=114500
It 660: fitness=114500
It 665: fitness=114500
It 670: fitness=114500
It 675: fitness=114500
It 680: fitness=114500
It 685: fitness=114500
It 690: fitness=114500
It 695: fitness=114500
It 700: fitness=114500
It 705: fitness=114500
It 710: fitness=114500
It 715: fitness=114500
It 720: fitness=114500
It 725: fitness=114500
It 730: fitness=114500
It 735: fitness=114500
It 740: fitness=114500
It 745: fitness=114500
It 750: fitness=114500
It 755: fitness=114500
It 760: fitness=114500
It 765: fitness=114500
It 770: fitness=114400
It 775: fitness=114400
It 780: fitness=114400
It 785: fitness=114400
It 790: fitness=114400
It 795: fitness=114400
It 800: fitness=114400
It 805: fitness=114400
It 810: fitness=114400
It 815: fitness=114400
It 820: fitness=114400
It 825: fitness=114400
It 830: fitness=114400
It 835: fitness=114400
It 840: fitness=114400
It 845: fitness=114400
It 850: fitness=114400
It 855: fitness=114400
It 860: fitness=114400
It 865: fitness=114400
It 870: fitness=114400
It 875: fitness=114400
It 880: fitness=114400
It 885: fitness=114400
It 890: fitness=114400
It 895: fitness=114400
It 900: fitness=114400
It 905: fitness=114400
It 910: fitness=114400
It 915: fitness=114400
It 920: fitness=114400
It 925: fitness=114400
It 930: fitness=114400
It 935: fitness=114400
It 940: fitness=114400
It 945: fitness=114400
It 950: fitness=114400
It 955: fitness=114400
It 960: fitness=114400
It 965: fitness=114400
It 970: fitness=114400
It 975: fitness=114400
It 980: fitness=114400
It 985: fitness=114400
It 990: fitness=114400
It 995: fitness=114400
It 1000: fitness=114400
It 1005: fitness=114400
It 1010: fitness=114400
It 1015: fitness=114400
It 1020: fitness=114400
It 1025: fitness=114400
It 1030: fitness=114400
It 1035: fitness=114400
It 1040: fitness=114400
It 1045: fitness=114400
It 1050: fitness=114400
It 1055: fitness=114400
It 1060: fitness=114400
It 1065: fitness=114400
It 1070: fitness=114400
It 1075: fitness=114400
It 1080: fitness=114400
It 1085: fitness=114400
It 1090: fitness=114400
It 1095: fitness=114400
It 1100: fitness=114400
It 1105: fitness=114400
It 1110: fitness=114400
It 1115: fitness=114400
It 1120: fitness=114400
It 1125: fitness=114400
It 1130: fitness=114400
It 1135: fitness=114400
It 1140: fitness=114400
It 1145: fitness=114400
It 1150: fitness=114400
It 1155: fitness=114400
It 1160: fitness=114400
It 1165: fitness=114400
It 1170: fitness=114400
It 1175: fitness=114400
It 1180: fitness=114400
It 1185: fitness=114400
It 1190: fitness=114400
It 1195: fitness=114400
It 1200: fitness=114400
It 1205: fitness=114400
It 1210: fitness=114400
It 1215: fitness=114400
It 1220: fitness=114400
It 1225: fitness=114400
It 1230: fitness=114400
It 1235: fitness=114400
It 1240: fitness=114400
It 1245: fitness=114400
It 1250: fitness=114400
It 1255: fitness=114400
It 1260: fitness=114400
It 1265: fitness=114400
It 1270: fitness=114400
It 1275: fitness=114400
It 1280: fitness=114400
It 1285: fitness=114400
It 1290: fitness=114400
It 1295: fitness=114400
It 1300: fitness=114400
It 1305: fitness=114400
It 1310: fitness=114400
It 1315: fitness=114400
It 1320: fitness=114400
It 1325: fitness=114400
It 1330: fitness=114400
It 1335: fitness=114400
It 1340: fitness=114400
It 1345: fitness=114400
It 1350: fitness=114400
It 1355: fitness=114400
It 1360: fitness=114400
It 1365: fitness=114400
It 1370: fitness=114400
It 1375: fitness=114400
It 1380: fitness=114400
It 1385: fitness=114400
It 1390: fitness=114400
It 1395: fitness=114400
It 1400: fitness=114400
It 1405: fitness=114400
It 1410: fitness=114400
It 1415: fitness=114400
It 1420: fitness=114400
It 1425: fitness=114400
It 1430: fitness=114400
It 1435: fitness=114400
It 1440: fitness=114400
It 1445: fitness=114400
It 1450: fitness=114400
It 1455: fitness=114400
It 1460: fitness=114400
It 1465: fitness=114400
It 1470: fitness=114400
It 1475: fitness=114400
It 1480: fitness=114400
It 1485: fitness=114400
It 1490: fitness=114400
It 1495: fitness=114400
It 1500: fitness=114400
It 1505: fitness=114400
It 1510: fitness=114400
It 1515: fitness=114400
It 1520: fitness=114400
It 1525: fitness=114400
It 1530: fitness=114400
It 1535: fitness=114400
It 1540: fitness=114400
It 1545: fitness=114400
It 1550: fitness=114400
It 1555: fitness=114400
It 1560: fitness=114400
It 1565: fitness=114400
It 1570: fitness=114400
It 1575: fitness=114400
It 1580: fitness=114400
It 1585: fitness=114400
It 1590: fitness=114400
It 1595: fitness=114400
It 1600: fitness=114400
It 1605: fitness=114400
It 1610: fitness=114400
It 1615: fitness=114400
It 1620: fitness=114400
It 1625: fitness=114400
It 1630: fitness=114400
It 1635: fitness=114400
It 1640: fitness=114400
It 1645: fitness=114400
It 1650: fitness=114400
It 1655: fitness=114400
Maximal number of iterations without improvement reached
>> Resamp_Iter 4 negLL: 114447.8 (ref:  106790.8 )
>> Resamp_params: 0.659999 0.5850455 0.6097607 0.548474 0.5440332 0.63 0.5995119 0.5797574 0.5450228 0.6199476 0.5401143 0.44 0.5477256 0.4700146 0.642963 0.5834779 0.5525067 0.5931813 0.6620301 0.5898131 0.5349459 0.59 0.5320959 0.3024597 0.4506807 0.5766729 0.4900081 0.5712092 0.4502982 0.430045 0.552948 0.001 0.9546613 1.299999 -499.9807 -77.89007 0.4086311 
 [1]    0.5616531    0.5857182    0.5515381    0.5487872    0.5436690
 [6]    0.5326105    0.5999994    0.6127043    0.5435578    0.5752417
[11]    0.5403226    0.6599999    0.6199999    0.5482508    0.6396637
[16]    0.7099759    0.5524150    0.5933308    0.6551963    0.5901898
[21]    0.5353083    0.4977788    0.5328646    0.6337159    0.5756330
[26]    0.5774914    0.4900002    0.5706977    0.5274690    0.5792556
[31]    0.5523559    0.0010000    0.9568725    1.3000000 -499.9944096
[36]  -91.9769067    0.4173210
>> sd Resamp 5 : 9 29 15 31 7 16 17 12 6 9 22 5 25 18 11 19 18 9 4 9 20 30 15 29 26 26 19 18 14 15 20 
>> Opt param @ resamp: 103324 
S=22, K=3, p=0.1303, w0=0.7213, w1=0.7213, c.p=1.193, c.g=1.193
v.max=NA, d=6.083, vectorize=FALSE, hybrid=off
It 5: fitness=250600
It 10: fitness=205300
It 15: fitness=197700
It 20: fitness=191600
It 25: fitness=184600
It 30: fitness=162500
It 35: fitness=162500
It 40: fitness=158200
It 45: fitness=158200
It 50: fitness=156200
It 55: fitness=153100
It 60: fitness=150100
It 65: fitness=148000
It 70: fitness=146700
It 75: fitness=144500
It 80: fitness=141600
It 85: fitness=140500
It 90: fitness=137800
It 95: fitness=137500
It 100: fitness=136700
It 105: fitness=131800
It 110: fitness=128700
It 115: fitness=124200
It 120: fitness=123600
It 125: fitness=122300
It 130: fitness=122300
It 135: fitness=121100
It 140: fitness=119700
It 145: fitness=118700
It 150: fitness=116500
It 155: fitness=114600
It 160: fitness=113800
It 165: fitness=112400
It 170: fitness=111900
It 175: fitness=111100
It 180: fitness=110100
It 185: fitness=109900
It 190: fitness=109000
It 195: fitness=108800
It 200: fitness=108500
It 205: fitness=108200
It 210: fitness=107600
It 215: fitness=107400
It 220: fitness=107200
It 225: fitness=107200
It 230: fitness=107100
It 235: fitness=107100
It 240: fitness=107000
It 245: fitness=107000
It 250: fitness=106900
It 255: fitness=106900
It 260: fitness=106900
It 265: fitness=106900
It 270: fitness=106900
It 275: fitness=106900
It 280: fitness=106900
It 285: fitness=106900
It 290: fitness=106900
It 295: fitness=106900
It 300: fitness=106800
It 305: fitness=106800
It 310: fitness=106800
It 315: fitness=106800
It 320: fitness=106800
It 325: fitness=106800
It 330: fitness=106800
It 335: fitness=106800
It 340: fitness=106800
It 345: fitness=106800
It 350: fitness=106800
It 355: fitness=106800
It 360: fitness=106800
It 365: fitness=106800
It 370: fitness=106800
It 375: fitness=106800
It 380: fitness=106800
It 385: fitness=106800
It 390: fitness=106800
It 395: fitness=106800
It 400: fitness=106800
It 405: fitness=106800
It 410: fitness=106800
It 415: fitness=106800
It 420: fitness=106800
It 425: fitness=106800
It 430: fitness=106800
It 435: fitness=106800
It 440: fitness=106800
It 445: fitness=106800
It 450: fitness=106800
It 455: fitness=106800
It 460: fitness=106800
It 465: fitness=106800
It 470: fitness=106800
It 475: fitness=106800
It 480: fitness=106800
It 485: fitness=106800
It 490: fitness=106800
It 495: fitness=106800
It 500: fitness=106800
It 505: fitness=106800
It 510: fitness=106800
It 515: fitness=106800
It 520: fitness=106800
It 525: fitness=106800
It 530: fitness=106800
It 535: fitness=106800
It 540: fitness=106800
It 545: fitness=106800
It 550: fitness=106800
It 555: fitness=106800
It 560: fitness=106800
It 565: fitness=106800
It 570: fitness=106800
It 575: fitness=106800
It 580: fitness=106800
It 585: fitness=106800
It 590: fitness=106800
It 595: fitness=106800
It 600: fitness=106800
It 605: fitness=106800
It 610: fitness=106800
It 615: fitness=106800
It 620: fitness=106800
It 625: fitness=106800
It 630: fitness=106800
It 635: fitness=106800
It 640: fitness=106800
It 645: fitness=106800
It 650: fitness=106800
It 655: fitness=106800
It 660: fitness=106800
It 665: fitness=106800
It 670: fitness=106800
It 675: fitness=106800
It 680: fitness=106800
It 685: fitness=106800
It 690: fitness=106800
It 695: fitness=106800
It 700: fitness=106800
It 705: fitness=106800
It 710: fitness=106800
It 715: fitness=106800
It 720: fitness=106800
It 725: fitness=106800
It 730: fitness=106800
It 735: fitness=106800
It 740: fitness=106800
It 745: fitness=106800
It 750: fitness=106800
It 755: fitness=106800
It 760: fitness=106800
It 765: fitness=106800
It 770: fitness=106800
It 775: fitness=106800
It 780: fitness=106800
It 785: fitness=106800
It 790: fitness=106800
It 795: fitness=106800
It 800: fitness=106800
It 805: fitness=106800
It 810: fitness=106800
It 815: fitness=106800
It 820: fitness=106800
It 825: fitness=106800
It 830: fitness=106800
It 835: fitness=106800
It 840: fitness=106800
It 845: fitness=106800
It 850: fitness=106800
It 855: fitness=106800
It 860: fitness=106800
It 865: fitness=106800
It 870: fitness=106800
It 875: fitness=106800
It 880: fitness=106800
It 885: fitness=106800
It 890: fitness=106800
It 895: fitness=106800
It 900: fitness=106800
It 905: fitness=106800
It 910: fitness=106800
It 915: fitness=106800
It 920: fitness=106800
It 925: fitness=106800
It 930: fitness=106800
It 935: fitness=106800
It 940: fitness=106800
It 945: fitness=106800
It 950: fitness=106800
It 955: fitness=106800
It 960: fitness=106800
It 965: fitness=106800
It 970: fitness=106800
It 975: fitness=106800
It 980: fitness=106800
It 985: fitness=106800
It 990: fitness=106800
It 995: fitness=106800
It 1000: fitness=106800
It 1005: fitness=106800
It 1010: fitness=106800
It 1015: fitness=106800
It 1020: fitness=106800
It 1025: fitness=106800
It 1030: fitness=106800
It 1035: fitness=106800
It 1040: fitness=106800
It 1045: fitness=106800
It 1050: fitness=106800
It 1055: fitness=106800
It 1060: fitness=106800
It 1065: fitness=106800
It 1070: fitness=106800
It 1075: fitness=106800
It 1080: fitness=106800
It 1085: fitness=106800
It 1090: fitness=106800
It 1095: fitness=106800
It 1100: fitness=106800
It 1105: fitness=106800
It 1110: fitness=106800
It 1115: fitness=106800
It 1120: fitness=106800
It 1125: fitness=106800
It 1130: fitness=106800
It 1135: fitness=106800
It 1140: fitness=106800
It 1145: fitness=106800
It 1150: fitness=106800
It 1155: fitness=106800
It 1160: fitness=106800
It 1165: fitness=106800
It 1170: fitness=106800
It 1175: fitness=106800
It 1180: fitness=106800
It 1185: fitness=106800
It 1190: fitness=106800
It 1195: fitness=106800
It 1200: fitness=106800
It 1205: fitness=106800
It 1210: fitness=106800
It 1215: fitness=106800
It 1220: fitness=106800
It 1225: fitness=106800
It 1230: fitness=106800
It 1235: fitness=106800
It 1240: fitness=106800
It 1245: fitness=106800
It 1250: fitness=106800
It 1255: fitness=106800
It 1260: fitness=106800
It 1265: fitness=106800
It 1270: fitness=106800
It 1275: fitness=106800
It 1280: fitness=106800
It 1285: fitness=106800
It 1290: fitness=106800
It 1295: fitness=106800
It 1300: fitness=106800
It 1305: fitness=106800
It 1310: fitness=106800
It 1315: fitness=106800
It 1320: fitness=106800
It 1325: fitness=106800
It 1330: fitness=106800
It 1335: fitness=106800
It 1340: fitness=106800
It 1345: fitness=106800
It 1350: fitness=106800
It 1355: fitness=106800
It 1360: fitness=106800
It 1365: fitness=106800
It 1370: fitness=106800
It 1375: fitness=106800
It 1380: fitness=106800
It 1385: fitness=106800
It 1390: fitness=106800
It 1395: fitness=106800
It 1400: fitness=106800
It 1405: fitness=106800
It 1410: fitness=106800
It 1415: fitness=106800
It 1420: fitness=106800
It 1425: fitness=106800
It 1430: fitness=106800
It 1435: fitness=106800
It 1440: fitness=106800
It 1445: fitness=106800
It 1450: fitness=106800
It 1455: fitness=106800
It 1460: fitness=106800
It 1465: fitness=106800
It 1470: fitness=106800
It 1475: fitness=106800
It 1480: fitness=106800
It 1485: fitness=106800
It 1490: fitness=106800
It 1495: fitness=106800
Maximal number of iterations without improvement reached
>> Resamp_Iter 5 negLL: 106771.8 (ref:  103324 )
>> Resamp_params: 0.6563176 0.400024 0.4338009 0.5496268 0.5448916 0.533222 0.5987363 0.6781898 0.544841 0.6199554 0.5417487 0.4400694 0.4854991 0.5504809 0.6372551 0.5874149 0.64 0.5984339 0.6539813 0.5908737 0.4926988 0.4982031 0.6045257 0.5610364 0.5787769 0.5772702 0.4956857 0.6223546 0.5293729 0.5823321 0.5530733 0.001 0.9418712 1.299995 -499.6186 -80.71947 0.4141639 
 [1]    0.5616531    0.5857182    0.5515381    0.5487872    0.5436690
 [6]    0.5326105    0.5999994    0.6127043    0.5435578    0.5752417
[11]    0.5403226    0.6599999    0.6199999    0.5482508    0.6396637
[16]    0.7099759    0.5524150    0.5933308    0.6551963    0.5901898
[21]    0.5353083    0.4977788    0.5328646    0.6337159    0.5756330
[26]    0.5774914    0.4900002    0.5706977    0.5274690    0.5792556
[31]    0.5523559    0.0010000    0.9568725    1.3000000 -499.9944096
[36]  -91.9769067    0.4173210
>> sd Resamp 6 : 4 26 4 19 14 29 14 31 26 11 28 20 24 7 8 23 20 24 20 16 29 29 23 26 17 12 31 23 15 23 25 
>> Opt param @ resamp: 117657.3 
S=22, K=3, p=0.1303, w0=0.7213, w1=0.7213, c.p=1.193, c.g=1.193
v.max=NA, d=6.083, vectorize=FALSE, hybrid=off
It 5: fitness=259300
It 10: fitness=246600
It 15: fitness=230600
It 20: fitness=225100
It 25: fitness=206700
It 30: fitness=192300
It 35: fitness=187100
It 40: fitness=175800
It 45: fitness=172900
It 50: fitness=171600
It 55: fitness=165300
It 60: fitness=163900
It 65: fitness=162000
It 70: fitness=161400
It 75: fitness=156200
It 80: fitness=153500
It 85: fitness=152900
It 90: fitness=148700
It 95: fitness=146200
It 100: fitness=144400
It 105: fitness=142100
It 110: fitness=141500
It 115: fitness=140200
It 120: fitness=139200
It 125: fitness=138500
It 130: fitness=138300
It 135: fitness=138100
It 140: fitness=138000
It 145: fitness=137600
It 150: fitness=137600
It 155: fitness=137300
It 160: fitness=136700
It 165: fitness=136600
It 170: fitness=136600
It 175: fitness=136400
It 180: fitness=136400
It 185: fitness=136200
It 190: fitness=136100
It 195: fitness=136000
It 200: fitness=136000
It 205: fitness=136000
It 210: fitness=136000
It 215: fitness=136000
It 220: fitness=136000
It 225: fitness=136000
It 230: fitness=135900
It 235: fitness=135900
It 240: fitness=135900
It 245: fitness=135900
It 250: fitness=135900
It 255: fitness=135900
It 260: fitness=135800
It 265: fitness=135800
It 270: fitness=135800
It 275: fitness=135800
It 280: fitness=135800
It 285: fitness=135800
It 290: fitness=135800
It 295: fitness=135800
It 300: fitness=135800
It 305: fitness=135800
It 310: fitness=135800
It 315: fitness=135800
It 320: fitness=135800
It 325: fitness=135800
It 330: fitness=135800
It 335: fitness=135800
It 340: fitness=135800
It 345: fitness=135800
It 350: fitness=135800
It 355: fitness=135800
It 360: fitness=135800
It 365: fitness=135800
It 370: fitness=135800
It 375: fitness=135800
It 380: fitness=135800
It 385: fitness=135800
It 390: fitness=135800
It 395: fitness=135800
It 400: fitness=135800
It 405: fitness=135800
It 410: fitness=135800
It 415: fitness=135800
It 420: fitness=135800
It 425: fitness=135800
It 430: fitness=135800
It 435: fitness=135800
It 440: fitness=135800
It 445: fitness=135800
It 450: fitness=135800
It 455: fitness=135800
It 460: fitness=135800
It 465: fitness=135800
It 470: fitness=135800
It 475: fitness=135800
It 480: fitness=135800
It 485: fitness=135800
It 490: fitness=135800
It 495: fitness=135800
It 500: fitness=135800
It 505: fitness=135800
It 510: fitness=135800
It 515: fitness=135800
It 520: fitness=135800
It 525: fitness=135800
It 530: fitness=135800
It 535: fitness=135800
It 540: fitness=135800
It 545: fitness=135800
It 550: fitness=135800
It 555: fitness=135800
It 560: fitness=135800
It 565: fitness=135800
It 570: fitness=135800
It 575: fitness=135800
It 580: fitness=135800
It 585: fitness=135800
It 590: fitness=135800
It 595: fitness=135800
It 600: fitness=135800
It 605: fitness=135800
It 610: fitness=135800
It 615: fitness=135800
It 620: fitness=135800
It 625: fitness=135800
It 630: fitness=135800
It 635: fitness=135800
It 640: fitness=135800
It 645: fitness=135800
It 650: fitness=135800
It 655: fitness=135800
It 660: fitness=135800
It 665: fitness=135800
It 670: fitness=135800
It 675: fitness=135800
It 680: fitness=135800
It 685: fitness=135800
It 690: fitness=135800
It 695: fitness=135800
It 700: fitness=135800
It 705: fitness=135800
It 710: fitness=135800
It 715: fitness=135800
It 720: fitness=135800
It 725: fitness=135800
It 730: fitness=135800
It 735: fitness=135800
It 740: fitness=135800
It 745: fitness=135800
It 750: fitness=135800
It 755: fitness=135800
It 760: fitness=135800
It 765: fitness=135800
It 770: fitness=135800
It 775: fitness=135800
It 780: fitness=135800
It 785: fitness=135800
It 790: fitness=135800
It 795: fitness=135800
It 800: fitness=135800
It 805: fitness=135800
It 810: fitness=135800
It 815: fitness=135800
It 820: fitness=135800
It 825: fitness=135800
It 830: fitness=135800
It 835: fitness=135800
It 840: fitness=135800
It 845: fitness=135800
It 850: fitness=135800
It 855: fitness=135800
It 860: fitness=135800
It 865: fitness=135800
It 870: fitness=135800
It 875: fitness=135800
It 880: fitness=135800
It 885: fitness=135800
It 890: fitness=135800
It 895: fitness=135800
It 900: fitness=135800
It 905: fitness=135800
It 910: fitness=135800
It 915: fitness=135800
It 920: fitness=135800
It 925: fitness=135800
It 930: fitness=135800
It 935: fitness=135800
It 940: fitness=135800
It 945: fitness=135800
It 950: fitness=135800
It 955: fitness=135800
It 960: fitness=135800
It 965: fitness=135800
It 970: fitness=135800
It 975: fitness=135800
It 980: fitness=135800
It 985: fitness=135800
It 990: fitness=135800
It 995: fitness=135800
It 1000: fitness=135800
It 1005: fitness=135800
It 1010: fitness=135800
It 1015: fitness=135800
It 1020: fitness=135800
It 1025: fitness=135800
It 1030: fitness=135800
It 1035: fitness=135800
It 1040: fitness=135800
It 1045: fitness=135800
It 1050: fitness=135800
It 1055: fitness=135800
It 1060: fitness=135800
It 1065: fitness=135800
It 1070: fitness=135800
It 1075: fitness=135800
It 1080: fitness=135800
It 1085: fitness=135800
It 1090: fitness=135800
It 1095: fitness=135800
It 1100: fitness=135800
It 1105: fitness=135800
It 1110: fitness=135800
It 1115: fitness=135800
It 1120: fitness=135800
It 1125: fitness=135800
It 1130: fitness=135800
It 1135: fitness=135800
It 1140: fitness=135800
It 1145: fitness=135800
It 1150: fitness=135800
It 1155: fitness=135800
It 1160: fitness=135800
It 1165: fitness=135800
It 1170: fitness=135800
It 1175: fitness=135800
It 1180: fitness=135800
It 1185: fitness=135800
It 1190: fitness=135800
It 1195: fitness=135800
It 1200: fitness=135800
It 1205: fitness=135800
It 1210: fitness=135800
It 1215: fitness=135800
It 1220: fitness=135800
It 1225: fitness=135800
It 1230: fitness=135800
It 1235: fitness=135800
It 1240: fitness=135800
It 1245: fitness=135800
It 1250: fitness=135800
It 1255: fitness=135800
It 1260: fitness=135800
It 1265: fitness=135800
It 1270: fitness=135800
It 1275: fitness=135800
It 1280: fitness=135800
It 1285: fitness=135800
It 1290: fitness=135800
It 1295: fitness=135800
It 1300: fitness=135800
It 1305: fitness=135800
It 1310: fitness=135800
It 1315: fitness=135800
It 1320: fitness=135800
It 1325: fitness=135800
It 1330: fitness=135800
It 1335: fitness=135800
It 1340: fitness=135800
It 1345: fitness=135800
It 1350: fitness=135800
It 1355: fitness=135800
It 1360: fitness=135800
It 1365: fitness=135800
It 1370: fitness=135800
It 1375: fitness=135800
It 1380: fitness=135800
It 1385: fitness=135800
It 1390: fitness=135800
It 1395: fitness=135800
It 1400: fitness=135800
It 1405: fitness=135800
It 1410: fitness=135800
It 1415: fitness=135800
It 1420: fitness=135800
It 1425: fitness=135800
It 1430: fitness=135800
It 1435: fitness=135800
It 1440: fitness=135800
It 1445: fitness=135800
It 1450: fitness=135800
It 1455: fitness=135800
It 1460: fitness=135800
It 1465: fitness=135800
It 1470: fitness=135800
It 1475: fitness=135800
It 1480: fitness=135800
It 1485: fitness=135800
It 1490: fitness=135800
It 1495: fitness=135800
It 1500: fitness=135800
It 1505: fitness=135800
It 1510: fitness=135800
It 1515: fitness=135800
It 1520: fitness=135800
It 1525: fitness=135800
It 1530: fitness=135800
It 1535: fitness=135800
It 1540: fitness=135800
It 1545: fitness=135800
It 1550: fitness=135800
It 1555: fitness=135800
It 1560: fitness=135800
It 1565: fitness=135800
It 1570: fitness=135800
It 1575: fitness=135800
It 1580: fitness=135800
It 1585: fitness=135800
It 1590: fitness=135800
It 1595: fitness=135800
It 1600: fitness=135800
It 1605: fitness=135800
It 1610: fitness=135800
It 1615: fitness=135800
It 1620: fitness=135800
Maximal number of iterations without improvement reached
>> Resamp_Iter 6 negLL: 135806.3 (ref:  117657.3 )
>> Resamp_params: 0.5441315 0.4067311 0.4355324 0.5483177 0.4853437 0.5505039 0.5992495 0.6215269 0.6028739 0.492706 0.5493315 0.4400021 0.6165305 0.5579085 0.6321341 0.7028981 0.64 0.6501913 0.6487509 0.5853541 0.4807548 0.5836712 0.5412148 0.6208226 0.6783069 0.5755589 0.5955456 0.572629 0.5200698 0.4781426 0.6299999 0.001 0.9481275 1.3 -495.7305 -111.5498 0.4160488 
 [1]    0.5616531    0.5857182    0.5515381    0.5487872    0.5436690
 [6]    0.5326105    0.5999994    0.6127043    0.5435578    0.5752417
[11]    0.5403226    0.6599999    0.6199999    0.5482508    0.6396637
[16]    0.7099759    0.5524150    0.5933308    0.6551963    0.5901898
[21]    0.5353083    0.4977788    0.5328646    0.6337159    0.5756330
[26]    0.5774914    0.4900002    0.5706977    0.5274690    0.5792556
[31]    0.5523559    0.0010000    0.9568725    1.3000000 -499.9944096
[36]  -91.9769067    0.4173210
>> sd Resamp 7 : 12 3 20 12 8 18 6 15 16 4 2 8 16 6 11 28 16 11 20 22 20 29 21 27 16 21 23 27 22 20 1 
>> Opt param @ resamp: 121421.1 
S=22, K=3, p=0.1303, w0=0.7213, w1=0.7213, c.p=1.193, c.g=1.193
v.max=NA, d=6.083, vectorize=FALSE, hybrid=off
It 5: fitness=287700
It 10: fitness=246600
It 15: fitness=215700
It 20: fitness=213400
It 25: fitness=202800
It 30: fitness=192300
It 35: fitness=182900
It 40: fitness=154400
It 45: fitness=154400
It 50: fitness=153900
It 55: fitness=147900
It 60: fitness=142800
It 65: fitness=142800
It 70: fitness=138000
It 75: fitness=138000
It 80: fitness=136800
It 85: fitness=134800
It 90: fitness=131000
It 95: fitness=128900
It 100: fitness=126700
It 105: fitness=125900
It 110: fitness=125400
It 115: fitness=125000
It 120: fitness=124500
It 125: fitness=123800
It 130: fitness=123100
It 135: fitness=122900
It 140: fitness=122700
It 145: fitness=122500
It 150: fitness=122400
It 155: fitness=122400
It 160: fitness=122300
It 165: fitness=122200
It 170: fitness=122100
It 175: fitness=122000
It 180: fitness=121800
It 185: fitness=121400
It 190: fitness=121200
It 195: fitness=121100
It 200: fitness=121100
It 205: fitness=121100
It 210: fitness=121000
It 215: fitness=120900
It 220: fitness=120900
It 225: fitness=120900
It 230: fitness=120900
It 235: fitness=120900
It 240: fitness=120900
It 245: fitness=120900
It 250: fitness=120900
It 255: fitness=120900
It 260: fitness=120900
It 265: fitness=120900
It 270: fitness=120900
It 275: fitness=120800
It 280: fitness=120800
It 285: fitness=120800
It 290: fitness=120800
It 295: fitness=120800
It 300: fitness=120800
It 305: fitness=120800
It 310: fitness=120800
It 315: fitness=120800
It 320: fitness=120800
It 325: fitness=120800
It 330: fitness=120800
It 335: fitness=120800
It 340: fitness=120800
It 345: fitness=120800
It 350: fitness=120800
It 355: fitness=120800
It 360: fitness=120800
It 365: fitness=120800
It 370: fitness=120800
It 375: fitness=120800
It 380: fitness=120800
It 385: fitness=120800
It 390: fitness=120800
It 395: fitness=120800
It 400: fitness=120800
It 405: fitness=120800
It 410: fitness=120800
It 415: fitness=120800
It 420: fitness=120800
It 425: fitness=120800
It 430: fitness=120800
It 435: fitness=120800
It 440: fitness=120800
It 445: fitness=120800
It 450: fitness=120800
It 455: fitness=120800
It 460: fitness=120800
It 465: fitness=120800
It 470: fitness=120800
It 475: fitness=120800
It 480: fitness=120800
It 485: fitness=120800
It 490: fitness=120800
It 495: fitness=120800
It 500: fitness=120800
It 505: fitness=120800
It 510: fitness=120800
It 515: fitness=120800
It 520: fitness=120800
It 525: fitness=120800
It 530: fitness=120800
It 535: fitness=120800
It 540: fitness=120800
It 545: fitness=120800
It 550: fitness=120800
It 555: fitness=120800
It 560: fitness=120800
It 565: fitness=120800
It 570: fitness=120800
It 575: fitness=120800
It 580: fitness=120800
It 585: fitness=120800
It 590: fitness=120800
It 595: fitness=120800
It 600: fitness=120800
It 605: fitness=120800
It 610: fitness=120800
It 615: fitness=120800
It 620: fitness=120800
It 625: fitness=120800
It 630: fitness=120800
It 635: fitness=120800
It 640: fitness=120800
It 645: fitness=120800
It 650: fitness=120800
It 655: fitness=120800
It 660: fitness=120800
It 665: fitness=120800
It 670: fitness=120800
It 675: fitness=120800
It 680: fitness=120800
It 685: fitness=120800
It 690: fitness=120800
It 695: fitness=120800
It 700: fitness=120800
It 705: fitness=120800
It 710: fitness=120800
It 715: fitness=120800
It 720: fitness=120800
It 725: fitness=120800
It 730: fitness=120800
It 735: fitness=120800
It 740: fitness=120800
It 745: fitness=120800
It 750: fitness=120800
It 755: fitness=120800
It 760: fitness=120800
It 765: fitness=120800
It 770: fitness=120800
It 775: fitness=120800
It 780: fitness=120800
It 785: fitness=120800
It 790: fitness=120800
It 795: fitness=120800
It 800: fitness=120800
It 805: fitness=120800
It 810: fitness=120800
It 815: fitness=120800
It 820: fitness=120800
It 825: fitness=120800
It 830: fitness=120800
It 835: fitness=120800
It 840: fitness=120800
It 845: fitness=120800
It 850: fitness=120800
It 855: fitness=120800
It 860: fitness=120800
It 865: fitness=120800
It 870: fitness=120800
It 875: fitness=120800
It 880: fitness=120800
It 885: fitness=120800
It 890: fitness=120800
It 895: fitness=120800
It 900: fitness=120800
It 905: fitness=120800
It 910: fitness=120800
It 915: fitness=120800
It 920: fitness=120800
It 925: fitness=120800
It 930: fitness=120800
It 935: fitness=120800
It 940: fitness=120800
It 945: fitness=120800
It 950: fitness=120800
It 955: fitness=120800
It 960: fitness=120800
It 965: fitness=120800
It 970: fitness=120800
It 975: fitness=120800
It 980: fitness=120800
It 985: fitness=120800
It 990: fitness=120800
It 995: fitness=120800
It 1000: fitness=120800
It 1005: fitness=120800
It 1010: fitness=120800
It 1015: fitness=120800
It 1020: fitness=120800
It 1025: fitness=120800
It 1030: fitness=120800
It 1035: fitness=120800
It 1040: fitness=120800
It 1045: fitness=120800
It 1050: fitness=120800
It 1055: fitness=120800
It 1060: fitness=120800
It 1065: fitness=120800
It 1070: fitness=120800
It 1075: fitness=120800
It 1080: fitness=120800
It 1085: fitness=120800
It 1090: fitness=120800
It 1095: fitness=120800
It 1100: fitness=120800
It 1105: fitness=120800
It 1110: fitness=120800
It 1115: fitness=120800
It 1120: fitness=120800
It 1125: fitness=120800
It 1130: fitness=120800
It 1135: fitness=120800
It 1140: fitness=120800
It 1145: fitness=120800
It 1150: fitness=120800
It 1155: fitness=120800
It 1160: fitness=120800
It 1165: fitness=120800
It 1170: fitness=120800
It 1175: fitness=120800
It 1180: fitness=120800
It 1185: fitness=120800
It 1190: fitness=120800
It 1195: fitness=120800
It 1200: fitness=120800
It 1205: fitness=120800
It 1210: fitness=120800
It 1215: fitness=120800
It 1220: fitness=120800
It 1225: fitness=120800
It 1230: fitness=120800
It 1235: fitness=120800
It 1240: fitness=120800
It 1245: fitness=120800
It 1250: fitness=120800
It 1255: fitness=120800
It 1260: fitness=120800
It 1265: fitness=120800
It 1270: fitness=120800
It 1275: fitness=120800
It 1280: fitness=120800
It 1285: fitness=120800
It 1290: fitness=120800
It 1295: fitness=120800
It 1300: fitness=120800
It 1305: fitness=120800
It 1310: fitness=120800
It 1315: fitness=120800
It 1320: fitness=120800
It 1325: fitness=120800
It 1330: fitness=120800
It 1335: fitness=120800
It 1340: fitness=120800
It 1345: fitness=120800
It 1350: fitness=120800
It 1355: fitness=120800
It 1360: fitness=120800
It 1365: fitness=120800
It 1370: fitness=120800
It 1375: fitness=120800
It 1380: fitness=120800
It 1385: fitness=120800
It 1390: fitness=120800
It 1395: fitness=120800
It 1400: fitness=120800
It 1405: fitness=120800
It 1410: fitness=120800
It 1415: fitness=120800
It 1420: fitness=120800
It 1425: fitness=120800
It 1430: fitness=120800
It 1435: fitness=120800
It 1440: fitness=120800
It 1445: fitness=120800
It 1450: fitness=120800
It 1455: fitness=120800
It 1460: fitness=120800
It 1465: fitness=120800
It 1470: fitness=120800
It 1475: fitness=120800
It 1480: fitness=120800
It 1485: fitness=120800
It 1490: fitness=120800
It 1495: fitness=120800
It 1500: fitness=120800
It 1505: fitness=120800
It 1510: fitness=120800
It 1515: fitness=120800
It 1520: fitness=120800
Maximal number of iterations without improvement reached
>> Resamp_Iter 7 negLL: 120833.1 (ref:  121421.1 )
>> Resamp_params: 0.5535962 0.5742116 0.5450611 0.5420531 0.6174204 0.5300001 0.5942483 0.6045122 0.6212155 0.5370176 0.5320401 0.44 0.5851348 0.5651456 0.6479859 0.5729273 0.5688181 0.5835127 0.5693502 0.5904847 0.5270058 0.489774 0.5241865 0.3722631 0.550634 0.6096956 0.4900003 0.5600649 0.5254704 0.67 0.5829333 0.001 0.9488464 1.299999 -352.1565 -86.79242 0.414499 
 [1]    0.5616531    0.5857182    0.5515381    0.5487872    0.5436690
 [6]    0.5326105    0.5999994    0.6127043    0.5435578    0.5752417
[11]    0.5403226    0.6599999    0.6199999    0.5482508    0.6396637
[16]    0.7099759    0.5524150    0.5933308    0.6551963    0.5901898
[21]    0.5353083    0.4977788    0.5328646    0.6337159    0.5756330
[26]    0.5774914    0.4900002    0.5706977    0.5274690    0.5792556
[31]    0.5523559    0.0010000    0.9568725    1.3000000 -499.9944096
[36]  -91.9769067    0.4173210
>> sd Resamp 8 : 25 18 13 3 13 25 28 9 8 11 7 28 28 11 11 26 28 23 9 11 31 17 4 6 1 8 28 5 16 9 8 
>> Opt param @ resamp: 55720.01 
S=22, K=3, p=0.1303, w0=0.7213, w1=0.7213, c.p=1.193, c.g=1.193
v.max=NA, d=6.083, vectorize=FALSE, hybrid=off
It 5: fitness=132000
It 10: fitness=123700
It 15: fitness=111100
It 20: fitness=95190
It 25: fitness=80930
It 30: fitness=77870
It 35: fitness=73230
It 40: fitness=65570
It 45: fitness=63060
It 50: fitness=62780
It 55: fitness=62250
It 60: fitness=62130
It 65: fitness=61560
It 70: fitness=61410
It 75: fitness=60920
It 80: fitness=60770
It 85: fitness=60510
It 90: fitness=60140
It 95: fitness=59730
It 100: fitness=59540
It 105: fitness=58900
It 110: fitness=58320
It 115: fitness=58320
It 120: fitness=58280
It 125: fitness=57660
It 130: fitness=57480
It 135: fitness=57440
It 140: fitness=57290
It 145: fitness=57280
It 150: fitness=57050
It 155: fitness=56850
It 160: fitness=56720
It 165: fitness=56530
It 170: fitness=56400
It 175: fitness=56360
It 180: fitness=56120
It 185: fitness=56080
It 190: fitness=56070
It 195: fitness=55830
It 200: fitness=55680
It 205: fitness=55120
It 210: fitness=54640
It 215: fitness=54620
It 220: fitness=54620
It 225: fitness=54570
It 230: fitness=54490
It 235: fitness=54450
It 240: fitness=54200
It 245: fitness=53980
It 250: fitness=53730
It 255: fitness=53680
It 260: fitness=53600
It 265: fitness=53510
It 270: fitness=53450
It 275: fitness=53440
It 280: fitness=53400
It 285: fitness=53360
It 290: fitness=53310
It 295: fitness=53220
It 300: fitness=53190
It 305: fitness=53170
It 310: fitness=53060
It 315: fitness=52950
It 320: fitness=52950
It 325: fitness=52920
It 330: fitness=52900
It 335: fitness=52890
It 340: fitness=52890
It 345: fitness=52880
It 350: fitness=52870
It 355: fitness=52870
It 360: fitness=52860
It 365: fitness=52860
It 370: fitness=52850
It 375: fitness=52850
It 380: fitness=52840
It 385: fitness=52790
It 390: fitness=52790
It 395: fitness=52770
It 400: fitness=52770
It 405: fitness=52760
It 410: fitness=52760
It 415: fitness=52750
It 420: fitness=52750
It 425: fitness=52730
It 430: fitness=52720
It 435: fitness=52720
It 440: fitness=52710
It 445: fitness=52710
It 450: fitness=52700
It 455: fitness=52700
It 460: fitness=52690
It 465: fitness=52690
It 470: fitness=52680
It 475: fitness=52620
It 480: fitness=52550
It 485: fitness=52500
It 490: fitness=52480
It 495: fitness=52470
It 500: fitness=52470
It 505: fitness=52470
It 510: fitness=52470
It 515: fitness=52460
It 520: fitness=52460
It 525: fitness=52450
It 530: fitness=52450
It 535: fitness=52450
It 540: fitness=52440
It 545: fitness=52440
It 550: fitness=52440
It 555: fitness=52440
It 560: fitness=52430
It 565: fitness=52430
It 570: fitness=52430
It 575: fitness=52420
It 580: fitness=52420
It 585: fitness=52420
It 590: fitness=52420
It 595: fitness=52420
It 600: fitness=52420
It 605: fitness=52420
It 610: fitness=52420
It 615: fitness=52410
It 620: fitness=52410
It 625: fitness=52410
It 630: fitness=52410
It 635: fitness=52410
It 640: fitness=52410
It 645: fitness=52410
It 650: fitness=52410
It 655: fitness=52410
It 660: fitness=52410
It 665: fitness=52410
It 670: fitness=52410
It 675: fitness=52410
It 680: fitness=52410
It 685: fitness=52410
It 690: fitness=52410
It 695: fitness=52400
It 700: fitness=52400
It 705: fitness=52400
It 710: fitness=52400
It 715: fitness=52400
It 720: fitness=52400
It 725: fitness=52400
It 730: fitness=52400
It 735: fitness=52400
It 740: fitness=52400
It 745: fitness=52400
It 750: fitness=52400
It 755: fitness=52400
It 760: fitness=52400
It 765: fitness=52400
It 770: fitness=52400
It 775: fitness=52400
It 780: fitness=52400
It 785: fitness=52400
It 790: fitness=52400
It 795: fitness=52400
It 800: fitness=52400
It 805: fitness=52400
It 810: fitness=52400
It 815: fitness=52400
It 820: fitness=52400
It 825: fitness=52400
It 830: fitness=52400
It 835: fitness=52400
It 840: fitness=52400
It 845: fitness=52400
It 850: fitness=52400
It 855: fitness=52400
It 860: fitness=52400
It 865: fitness=52400
It 870: fitness=52400
It 875: fitness=52400
It 880: fitness=52390
It 885: fitness=52390
It 890: fitness=52390
It 895: fitness=52390
It 900: fitness=52390
It 905: fitness=52390
It 910: fitness=52390
It 915: fitness=52390
It 920: fitness=52390
It 925: fitness=52390
It 930: fitness=52390
It 935: fitness=52390
It 940: fitness=52390
It 945: fitness=52390
It 950: fitness=52390
It 955: fitness=52390
It 960: fitness=52390
It 965: fitness=52390
It 970: fitness=52390
It 975: fitness=52390
It 980: fitness=52390
It 985: fitness=52390
It 990: fitness=52390
It 995: fitness=52390
It 1000: fitness=52390
It 1005: fitness=52390
It 1010: fitness=52390
It 1015: fitness=52390
It 1020: fitness=52390
It 1025: fitness=52390
It 1030: fitness=52390
It 1035: fitness=52390
It 1040: fitness=52390
It 1045: fitness=52390
It 1050: fitness=52390
It 1055: fitness=52390
It 1060: fitness=52390
It 1065: fitness=52390
It 1070: fitness=52390
It 1075: fitness=52390
It 1080: fitness=52390
It 1085: fitness=52390
It 1090: fitness=52390
It 1095: fitness=52390
It 1100: fitness=52390
It 1105: fitness=52390
It 1110: fitness=52390
It 1115: fitness=52390
It 1120: fitness=52390
It 1125: fitness=52390
It 1130: fitness=52390
It 1135: fitness=52390
It 1140: fitness=52390
It 1145: fitness=52390
It 1150: fitness=52390
It 1155: fitness=52390
It 1160: fitness=52390
It 1165: fitness=52390
It 1170: fitness=52390
It 1175: fitness=52390
It 1180: fitness=52390
It 1185: fitness=52380
It 1190: fitness=52380
It 1195: fitness=52380
It 1200: fitness=52380
It 1205: fitness=52380
It 1210: fitness=52380
It 1215: fitness=52380
It 1220: fitness=52380
It 1225: fitness=52380
It 1230: fitness=52380
It 1235: fitness=52380
It 1240: fitness=52380
It 1245: fitness=52380
It 1250: fitness=52380
It 1255: fitness=52380
It 1260: fitness=52380
It 1265: fitness=52380
It 1270: fitness=52380
It 1275: fitness=52380
It 1280: fitness=52380
It 1285: fitness=52380
It 1290: fitness=52380
It 1295: fitness=52380
It 1300: fitness=52380
It 1305: fitness=52380
It 1310: fitness=52380
It 1315: fitness=52380
It 1320: fitness=52380
It 1325: fitness=52380
It 1330: fitness=52380
It 1335: fitness=52380
It 1340: fitness=52380
It 1345: fitness=52380
It 1350: fitness=52380
It 1355: fitness=52380
It 1360: fitness=52380
It 1365: fitness=52380
It 1370: fitness=52380
It 1375: fitness=52380
It 1380: fitness=52380
It 1385: fitness=52380
It 1390: fitness=52380
It 1395: fitness=52380
It 1400: fitness=52380
It 1405: fitness=52380
It 1410: fitness=52380
It 1415: fitness=52380
It 1420: fitness=52380
It 1425: fitness=52380
It 1430: fitness=52380
It 1435: fitness=52380
It 1440: fitness=52380
It 1445: fitness=52380
It 1450: fitness=52380
It 1455: fitness=52380
It 1460: fitness=52380
It 1465: fitness=52380
It 1470: fitness=52380
It 1475: fitness=52380
It 1480: fitness=52380
It 1485: fitness=52380
It 1490: fitness=52380
It 1495: fitness=52380
It 1500: fitness=52380
It 1505: fitness=52380
It 1510: fitness=52380
It 1515: fitness=52380
It 1520: fitness=52380
It 1525: fitness=52380
It 1530: fitness=52380
It 1535: fitness=52380
It 1540: fitness=52380
It 1545: fitness=52380
It 1550: fitness=52380
It 1555: fitness=52380
It 1560: fitness=52380
It 1565: fitness=52380
It 1570: fitness=52380
It 1575: fitness=52380
It 1580: fitness=52380
It 1585: fitness=52380
It 1590: fitness=52380
It 1595: fitness=52380
It 1600: fitness=52380
It 1605: fitness=52380
It 1610: fitness=52380
It 1615: fitness=52380
It 1620: fitness=52380
It 1625: fitness=52380
It 1630: fitness=52380
It 1635: fitness=52380
It 1640: fitness=52380
It 1645: fitness=52380
It 1650: fitness=52380
It 1655: fitness=52380
It 1660: fitness=52380
It 1665: fitness=52380
It 1670: fitness=52380
It 1675: fitness=52380
It 1680: fitness=52380
It 1685: fitness=52380
It 1690: fitness=52380
It 1695: fitness=52380
It 1700: fitness=52380
It 1705: fitness=52380
It 1710: fitness=52380
It 1715: fitness=52380
It 1720: fitness=52380
It 1725: fitness=52380
It 1730: fitness=52380
It 1735: fitness=52380
It 1740: fitness=52380
It 1745: fitness=52380
It 1750: fitness=52380
It 1755: fitness=52380
It 1760: fitness=52380
It 1765: fitness=52380
It 1770: fitness=52380
It 1775: fitness=52380
It 1780: fitness=52380
It 1785: fitness=52380
It 1790: fitness=52380
It 1795: fitness=52380
It 1800: fitness=52380
It 1805: fitness=52380
It 1810: fitness=52380
It 1815: fitness=52380
It 1820: fitness=52380
It 1825: fitness=52380
It 1830: fitness=52380
It 1835: fitness=52380
It 1840: fitness=52380
It 1845: fitness=52380
It 1850: fitness=52380
It 1855: fitness=52380
It 1860: fitness=52380
It 1865: fitness=52380
It 1870: fitness=52380
It 1875: fitness=52380
It 1880: fitness=52380
It 1885: fitness=52380
It 1890: fitness=52380
It 1895: fitness=52380
It 1900: fitness=52380
It 1905: fitness=52380
It 1910: fitness=52380
It 1915: fitness=52380
It 1920: fitness=52380
It 1925: fitness=52380
It 1930: fitness=52380
It 1935: fitness=52380
It 1940: fitness=52380
It 1945: fitness=52380
It 1950: fitness=52380
It 1955: fitness=52380
It 1960: fitness=52380
It 1965: fitness=52380
It 1970: fitness=52380
It 1975: fitness=52380
It 1980: fitness=52380
It 1985: fitness=52380
It 1990: fitness=52380
It 1995: fitness=52380
It 2000: fitness=52380
It 2005: fitness=52380
It 2010: fitness=52380
It 2015: fitness=52380
It 2020: fitness=52380
It 2025: fitness=52380
It 2030: fitness=52380
It 2035: fitness=52380
It 2040: fitness=52380
It 2045: fitness=52380
It 2050: fitness=52380
It 2055: fitness=52380
It 2060: fitness=52380
It 2065: fitness=52380
It 2070: fitness=52380
It 2075: fitness=52380
It 2080: fitness=52380
It 2085: fitness=52380
It 2090: fitness=52380
It 2095: fitness=52380
It 2100: fitness=52380
It 2105: fitness=52380
It 2110: fitness=52380
It 2115: fitness=52380
It 2120: fitness=52380
It 2125: fitness=52380
It 2130: fitness=52380
It 2135: fitness=52380
It 2140: fitness=52380
It 2145: fitness=52380
It 2150: fitness=52380
It 2155: fitness=52380
It 2160: fitness=52380
It 2165: fitness=52380
It 2170: fitness=52380
It 2175: fitness=52380
It 2180: fitness=52380
It 2185: fitness=52380
It 2190: fitness=52380
It 2195: fitness=52380
It 2200: fitness=52380
It 2205: fitness=52380
It 2210: fitness=52380
It 2215: fitness=52380
It 2220: fitness=52380
It 2225: fitness=52380
It 2230: fitness=52380
It 2235: fitness=52380
It 2240: fitness=52380
It 2245: fitness=52380
It 2250: fitness=52380
It 2255: fitness=52380
It 2260: fitness=52380
It 2265: fitness=52380
It 2270: fitness=52380
It 2275: fitness=52380
It 2280: fitness=52380
It 2285: fitness=52380
It 2290: fitness=52380
It 2295: fitness=52380
It 2300: fitness=52380
It 2305: fitness=52380
It 2310: fitness=52380
It 2315: fitness=52380
It 2320: fitness=52380
It 2325: fitness=52380
It 2330: fitness=52380
It 2335: fitness=52380
It 2340: fitness=52380
It 2345: fitness=52380
It 2350: fitness=52380
It 2355: fitness=52380
It 2360: fitness=52380
It 2365: fitness=52380
It 2370: fitness=52380
It 2375: fitness=52380
It 2380: fitness=52380
It 2385: fitness=52380
It 2390: fitness=52380
It 2395: fitness=52380
It 2400: fitness=52380
It 2405: fitness=52380
It 2410: fitness=52380
It 2415: fitness=52380
It 2420: fitness=52380
It 2425: fitness=52380
It 2430: fitness=52380
It 2435: fitness=52380
It 2440: fitness=52380
It 2445: fitness=52380
It 2450: fitness=52380
It 2455: fitness=52380
It 2460: fitness=52380
It 2465: fitness=52380
It 2470: fitness=52380
It 2475: fitness=52380
It 2480: fitness=52380
It 2485: fitness=52380
It 2490: fitness=52380
It 2495: fitness=52380
It 2500: fitness=52380
It 2505: fitness=52380
It 2510: fitness=52380
It 2515: fitness=52380
It 2520: fitness=52380
It 2525: fitness=52380
It 2530: fitness=52380
It 2535: fitness=52380
It 2540: fitness=52380
It 2545: fitness=52380
It 2550: fitness=52380
It 2555: fitness=52380
It 2560: fitness=52380
It 2565: fitness=52380
It 2570: fitness=52380
It 2575: fitness=52380
It 2580: fitness=52380
It 2585: fitness=52380
It 2590: fitness=52380
It 2595: fitness=52380
It 2600: fitness=52380
It 2605: fitness=52380
It 2610: fitness=52380
It 2615: fitness=52380
It 2620: fitness=52380
It 2625: fitness=52380
It 2630: fitness=52380
It 2635: fitness=52380
It 2640: fitness=52380
It 2645: fitness=52380
It 2650: fitness=52380
It 2655: fitness=52380
It 2660: fitness=52380
It 2665: fitness=52380
It 2670: fitness=52380
It 2675: fitness=52380
It 2680: fitness=52380
It 2685: fitness=52380
It 2690: fitness=52380
It 2695: fitness=52380
It 2700: fitness=52380
It 2705: fitness=52380
It 2710: fitness=52380
It 2715: fitness=52380
It 2720: fitness=52380
It 2725: fitness=52380
It 2730: fitness=52380
It 2735: fitness=52380
It 2740: fitness=52380
It 2745: fitness=52380
It 2750: fitness=52380
It 2755: fitness=52380
It 2760: fitness=52380
It 2765: fitness=52380
It 2770: fitness=52380
It 2775: fitness=52380
It 2780: fitness=52380
It 2785: fitness=52380
It 2790: fitness=52380
It 2795: fitness=52380
It 2800: fitness=52380
It 2805: fitness=52380
It 2810: fitness=52380
It 2815: fitness=52380
It 2820: fitness=52380
It 2825: fitness=52380
It 2830: fitness=52380
It 2835: fitness=52380
It 2840: fitness=52380
It 2845: fitness=52380
It 2850: fitness=52380
It 2855: fitness=52380
It 2860: fitness=52380
It 2865: fitness=52380
It 2870: fitness=52380
It 2875: fitness=52380
It 2880: fitness=52380
It 2885: fitness=52380
It 2890: fitness=52380
It 2895: fitness=52380
It 2900: fitness=52380
It 2905: fitness=52380
It 2910: fitness=52380
It 2915: fitness=52380
It 2920: fitness=52380
It 2925: fitness=52380
It 2930: fitness=52380
It 2935: fitness=52380
It 2940: fitness=52380
It 2945: fitness=52380
It 2950: fitness=52380
It 2955: fitness=52380
It 2960: fitness=52380
It 2965: fitness=52380
It 2970: fitness=52380
It 2975: fitness=52380
It 2980: fitness=52380
It 2985: fitness=52380
It 2990: fitness=52380
It 2995: fitness=52380
It 3000: fitness=52380
It 3005: fitness=52380
It 3010: fitness=52380
It 3015: fitness=52380
It 3020: fitness=52380
It 3025: fitness=52380
It 3030: fitness=52380
It 3035: fitness=52380
It 3040: fitness=52380
It 3045: fitness=52380
It 3050: fitness=52380
It 3055: fitness=52380
It 3060: fitness=52380
It 3065: fitness=52380
It 3070: fitness=52380
It 3075: fitness=52380
It 3080: fitness=52380
It 3085: fitness=52380
It 3090: fitness=52380
It 3095: fitness=52380
It 3100: fitness=52380
It 3105: fitness=52380
It 3110: fitness=52380
It 3115: fitness=52380
It 3120: fitness=52380
It 3125: fitness=52380
It 3130: fitness=52380
It 3135: fitness=52380
Maximal number of iterations without improvement reached
>> Resamp_Iter 8 negLL: 52379.76 (ref:  55720.01 )
>> Resamp_params: 0.5607339 0.4186936 0.5515522 0.5496246 0.5458024 0.5319718 0.5977068 0.6082745 0.5474716 0.5429046 0.538621 0.6525453 0.5500039 0.658887 0.4042397 0.5774396 0.5531479 0.5880874 0.4005772 0.4506156 0.6217955 0.59 0.5298243 0.7188129 0.5723233 0.5814169 0.6064514 0.5687016 0.5089839 0.4348948 0.5538553 0.001 0.978768 1.218654 -499.9514 -69.77342 0.3970885 
 [1]    0.5616531    0.5857182    0.5515381    0.5487872    0.5436690
 [6]    0.5326105    0.5999994    0.6127043    0.5435578    0.5752417
[11]    0.5403226    0.6599999    0.6199999    0.5482508    0.6396637
[16]    0.7099759    0.5524150    0.5933308    0.6551963    0.5901898
[21]    0.5353083    0.4977788    0.5328646    0.6337159    0.5756330
[26]    0.5774914    0.4900002    0.5706977    0.5274690    0.5792556
[31]    0.5523559    0.0010000    0.9568725    1.3000000 -499.9944096
[36]  -91.9769067    0.4173210
>> sd Resamp 9 : 3 25 9 23 25 27 6 24 24 9 27 16 31 9 6 16 15 14 3 11 28 20 13 12 6 27 3 16 15 31 13 
>> Opt param @ resamp: 71842.6 
S=22, K=3, p=0.1303, w0=0.7213, w1=0.7213, c.p=1.193, c.g=1.193
v.max=NA, d=6.083, vectorize=FALSE, hybrid=off
It 5: fitness=162000
It 10: fitness=158600
It 15: fitness=148800
It 20: fitness=132600
It 25: fitness=112200
It 30: fitness=104800
It 35: fitness=101600
It 40: fitness=98210
It 45: fitness=93890
It 50: fitness=91020
It 55: fitness=85690
It 60: fitness=84280
It 65: fitness=80930
It 70: fitness=80700
It 75: fitness=80530
It 80: fitness=79110
It 85: fitness=77150
It 90: fitness=76020
It 95: fitness=75140
It 100: fitness=73040
It 105: fitness=72710
It 110: fitness=72610
It 115: fitness=72200
It 120: fitness=72030
It 125: fitness=71670
It 130: fitness=71420
It 135: fitness=71190
It 140: fitness=70650
It 145: fitness=70580
It 150: fitness=70290
It 155: fitness=70160
It 160: fitness=70070
It 165: fitness=69950
It 170: fitness=69780
It 175: fitness=69660
It 180: fitness=69570
It 185: fitness=69560
It 190: fitness=69500
It 195: fitness=69470
It 200: fitness=69450
It 205: fitness=69430
It 210: fitness=69420
It 215: fitness=69400
It 220: fitness=69370
It 225: fitness=69300
It 230: fitness=69270
It 235: fitness=69250
It 240: fitness=69220
It 245: fitness=69210
It 250: fitness=69180
It 255: fitness=69170
It 260: fitness=69150
It 265: fitness=69110
It 270: fitness=69090
It 275: fitness=69050
It 280: fitness=69000
It 285: fitness=68970
It 290: fitness=68950
It 295: fitness=68920
It 300: fitness=68890
It 305: fitness=68760
It 310: fitness=68750
It 315: fitness=68710
It 320: fitness=68680
It 325: fitness=68670
It 330: fitness=68670
It 335: fitness=68660
It 340: fitness=68660
It 345: fitness=68650
It 350: fitness=68650
It 355: fitness=68640
It 360: fitness=68640
It 365: fitness=68630
It 370: fitness=68630
It 375: fitness=68630
It 380: fitness=68630
It 385: fitness=68630
It 390: fitness=68620
It 395: fitness=68620
It 400: fitness=68620
It 405: fitness=68620
It 410: fitness=68620
It 415: fitness=68620
It 420: fitness=68620
It 425: fitness=68620
It 430: fitness=68620
It 435: fitness=68620
It 440: fitness=68610
It 445: fitness=68610
It 450: fitness=68610
It 455: fitness=68610
It 460: fitness=68610
It 465: fitness=68610
It 470: fitness=68610
It 475: fitness=68610
It 480: fitness=68610
It 485: fitness=68610
It 490: fitness=68610
It 495: fitness=68610
It 500: fitness=68610
It 505: fitness=68610
It 510: fitness=68610
It 515: fitness=68610
It 520: fitness=68610
It 525: fitness=68610
It 530: fitness=68610
It 535: fitness=68610
It 540: fitness=68610
It 545: fitness=68610
It 550: fitness=68610
It 555: fitness=68610
It 560: fitness=68610
It 565: fitness=68610
It 570: fitness=68610
It 575: fitness=68610
It 580: fitness=68610
It 585: fitness=68610
It 590: fitness=68610
It 595: fitness=68610
It 600: fitness=68610
It 605: fitness=68610
It 610: fitness=68610
It 615: fitness=68610
It 620: fitness=68610
It 625: fitness=68610
It 630: fitness=68610
It 635: fitness=68610
It 640: fitness=68610
It 645: fitness=68610
It 650: fitness=68610
It 655: fitness=68610
It 660: fitness=68610
It 665: fitness=68610
It 670: fitness=68610
It 675: fitness=68610
It 680: fitness=68610
It 685: fitness=68610
It 690: fitness=68610
It 695: fitness=68610
It 700: fitness=68610
It 705: fitness=68610
It 710: fitness=68610
It 715: fitness=68610
It 720: fitness=68610
It 725: fitness=68610
It 730: fitness=68610
It 735: fitness=68610
It 740: fitness=68610
It 745: fitness=68610
It 750: fitness=68610
It 755: fitness=68610
It 760: fitness=68610
It 765: fitness=68610
It 770: fitness=68610
It 775: fitness=68610
It 780: fitness=68610
It 785: fitness=68610
It 790: fitness=68610
It 795: fitness=68610
It 800: fitness=68610
It 805: fitness=68610
It 810: fitness=68610
It 815: fitness=68610
It 820: fitness=68610
It 825: fitness=68610
It 830: fitness=68610
It 835: fitness=68610
It 840: fitness=68610
It 845: fitness=68610
It 850: fitness=68610
It 855: fitness=68610
It 860: fitness=68610
It 865: fitness=68610
It 870: fitness=68610
It 875: fitness=68610
It 880: fitness=68610
It 885: fitness=68610
It 890: fitness=68610
It 895: fitness=68610
It 900: fitness=68610
It 905: fitness=68610
It 910: fitness=68610
It 915: fitness=68610
It 920: fitness=68610
It 925: fitness=68610
It 930: fitness=68610
It 935: fitness=68610
It 940: fitness=68610
It 945: fitness=68610
It 950: fitness=68610
It 955: fitness=68610
It 960: fitness=68610
It 965: fitness=68610
It 970: fitness=68610
It 975: fitness=68610
It 980: fitness=68610
It 985: fitness=68610
It 990: fitness=68610
It 995: fitness=68610
It 1000: fitness=68610
It 1005: fitness=68610
It 1010: fitness=68610
Maximal number of iterations without improvement reached
>> Resamp_Iter 9 negLL: 68610.91 (ref:  71842.6 )
>> Resamp_params: 0.6598487 0.6897788 0.5489802 0.4661038 0.5388386 0.5300004 0.4916017 0.5883564 0.5415598 0.6149866 0.5370094 0.66 0.5444886 0.5457708 0.6411894 0.5824444 0.5319245 0.6237043 0.6683394 0.5912179 0.6054313 0.575589 0.5290209 0.6288091 0.5736914 0.57961 0.4900001 0.5670393 0.5514044 0.4522496 0.5500025 0.001 0.9337954 1.299999 -400.9469 -77.28817 0.412483 
 [1]    0.5616531    0.5857182    0.5515381    0.5487872    0.5436690
 [6]    0.5326105    0.5999994    0.6127043    0.5435578    0.5752417
[11]    0.5403226    0.6599999    0.6199999    0.5482508    0.6396637
[16]    0.7099759    0.5524150    0.5933308    0.6551963    0.5901898
[21]    0.5353083    0.4977788    0.5328646    0.6337159    0.5756330
[26]    0.5774914    0.4900002    0.5706977    0.5274690    0.5792556
[31]    0.5523559    0.0010000    0.9568725    1.3000000 -499.9944096
[36]  -91.9769067    0.4173210
>> sd Resamp 10 : 20 1 13 24 11 6 30 26 13 3 22 12 15 5 11 13 27 3 15 26 28 31 22 24 8 13 16 30 28 30 4 
>> Opt param @ resamp: 63956.73 
S=22, K=3, p=0.1303, w0=0.7213, w1=0.7213, c.p=1.193, c.g=1.193
v.max=NA, d=6.083, vectorize=FALSE, hybrid=off
It 5: fitness=119600
It 10: fitness=112100
It 15: fitness=112100
It 20: fitness=109700
It 25: fitness=102300
It 30: fitness=102300
It 35: fitness=93350
It 40: fitness=90300
It 45: fitness=83290
It 50: fitness=82190
It 55: fitness=82190
It 60: fitness=79070
It 65: fitness=77680
It 70: fitness=73450
It 75: fitness=70770
It 80: fitness=70720
It 85: fitness=69550
It 90: fitness=68680
It 95: fitness=68060
It 100: fitness=67880
It 105: fitness=67200
It 110: fitness=66430
It 115: fitness=65770
It 120: fitness=64900
It 125: fitness=64000
It 130: fitness=63800
It 135: fitness=63330
It 140: fitness=63070
It 145: fitness=62280
It 150: fitness=61530
It 155: fitness=61080
It 160: fitness=60690
It 165: fitness=60400
It 170: fitness=60380
It 175: fitness=60230
It 180: fitness=60230
It 185: fitness=60180
It 190: fitness=60160
It 195: fitness=60100
It 200: fitness=60050
It 205: fitness=60000
It 210: fitness=59970
It 215: fitness=59930
It 220: fitness=59890
It 225: fitness=59840
It 230: fitness=59830
It 235: fitness=59810
It 240: fitness=59780
It 245: fitness=59740
It 250: fitness=59740
It 255: fitness=59730
It 260: fitness=59700
It 265: fitness=59680
It 270: fitness=59660
It 275: fitness=59650
It 280: fitness=59640
It 285: fitness=59630
It 290: fitness=59630
It 295: fitness=59630
It 300: fitness=59620
It 305: fitness=59610
It 310: fitness=59610
It 315: fitness=59610
It 320: fitness=59610
It 325: fitness=59610
It 330: fitness=59600
It 335: fitness=59600
It 340: fitness=59600
It 345: fitness=59600
It 350: fitness=59600
It 355: fitness=59590
It 360: fitness=59590
It 365: fitness=59590
It 370: fitness=59590
It 375: fitness=59590
It 380: fitness=59590
It 385: fitness=59590
It 390: fitness=59590
It 395: fitness=59580
It 400: fitness=59580
It 405: fitness=59580
It 410: fitness=59580
It 415: fitness=59580
It 420: fitness=59580
It 425: fitness=59580
It 430: fitness=59580
It 435: fitness=59580
It 440: fitness=59580
It 445: fitness=59580
It 450: fitness=59580
It 455: fitness=59580
It 460: fitness=59580
It 465: fitness=59570
It 470: fitness=59570
It 475: fitness=59570
It 480: fitness=59570
It 485: fitness=59570
It 490: fitness=59570
It 495: fitness=59570
It 500: fitness=59570
It 505: fitness=59570
It 510: fitness=59570
It 515: fitness=59570
It 520: fitness=59570
It 525: fitness=59570
It 530: fitness=59570
It 535: fitness=59570
It 540: fitness=59570
It 545: fitness=59570
It 550: fitness=59570
It 555: fitness=59570
It 560: fitness=59570
It 565: fitness=59570
It 570: fitness=59570
It 575: fitness=59570
It 580: fitness=59570
It 585: fitness=59570
It 590: fitness=59570
It 595: fitness=59570
It 600: fitness=59570
It 605: fitness=59570
It 610: fitness=59570
It 615: fitness=59570
It 620: fitness=59570
It 625: fitness=59570
It 630: fitness=59570
It 635: fitness=59570
It 640: fitness=59570
It 645: fitness=59570
It 650: fitness=59570
It 655: fitness=59570
It 660: fitness=59570
It 665: fitness=59570
It 670: fitness=59570
It 675: fitness=59570
It 680: fitness=59570
It 685: fitness=59570
It 690: fitness=59570
It 695: fitness=59570
It 700: fitness=59570
It 705: fitness=59570
It 710: fitness=59570
It 715: fitness=59570
It 720: fitness=59570
It 725: fitness=59570
It 730: fitness=59570
It 735: fitness=59570
It 740: fitness=59570
It 745: fitness=59570
It 750: fitness=59570
It 755: fitness=59570
It 760: fitness=59570
It 765: fitness=59570
It 770: fitness=59570
It 775: fitness=59570
It 780: fitness=59570
It 785: fitness=59570
It 790: fitness=59570
It 795: fitness=59570
It 800: fitness=59570
It 805: fitness=59570
It 810: fitness=59570
It 815: fitness=59570
It 820: fitness=59570
It 825: fitness=59570
It 830: fitness=59570
It 835: fitness=59570
It 840: fitness=59570
It 845: fitness=59570
It 850: fitness=59570
It 855: fitness=59570
It 860: fitness=59570
It 865: fitness=59570
It 870: fitness=59570
It 875: fitness=59570
It 880: fitness=59570
It 885: fitness=59570
It 890: fitness=59570
It 895: fitness=59570
It 900: fitness=59570
It 905: fitness=59570
It 910: fitness=59570
It 915: fitness=59570
It 920: fitness=59570
It 925: fitness=59570
It 930: fitness=59570
It 935: fitness=59570
It 940: fitness=59570
It 945: fitness=59570
It 950: fitness=59570
It 955: fitness=59570
It 960: fitness=59570
It 965: fitness=59570
It 970: fitness=59570
It 975: fitness=59570
It 980: fitness=59570
It 985: fitness=59570
It 990: fitness=59570
It 995: fitness=59570
It 1000: fitness=59570
It 1005: fitness=59570
It 1010: fitness=59570
It 1015: fitness=59570
It 1020: fitness=59570
It 1025: fitness=59570
It 1030: fitness=59570
It 1035: fitness=59570
It 1040: fitness=59570
It 1045: fitness=59570
It 1050: fitness=59570
It 1055: fitness=59570
It 1060: fitness=59570
It 1065: fitness=59570
It 1070: fitness=59570
It 1075: fitness=59570
It 1080: fitness=59570
It 1085: fitness=59570
It 1090: fitness=59570
It 1095: fitness=59570
It 1100: fitness=59570
It 1105: fitness=59570
It 1110: fitness=59570
It 1115: fitness=59570
It 1120: fitness=59570
It 1125: fitness=59570
It 1130: fitness=59570
It 1135: fitness=59570
It 1140: fitness=59570
It 1145: fitness=59570
It 1150: fitness=59570
It 1155: fitness=59570
It 1160: fitness=59570
It 1165: fitness=59570
It 1170: fitness=59570
It 1175: fitness=59570
It 1180: fitness=59570
It 1185: fitness=59570
It 1190: fitness=59570
It 1195: fitness=59570
It 1200: fitness=59570
It 1205: fitness=59570
It 1210: fitness=59570
It 1215: fitness=59570
It 1220: fitness=59570
It 1225: fitness=59570
It 1230: fitness=59570
It 1235: fitness=59570
It 1240: fitness=59570
It 1245: fitness=59570
It 1250: fitness=59570
It 1255: fitness=59570
It 1260: fitness=59570
It 1265: fitness=59570
It 1270: fitness=59570
It 1275: fitness=59570
It 1280: fitness=59570
It 1285: fitness=59570
It 1290: fitness=59570
It 1295: fitness=59570
It 1300: fitness=59570
It 1305: fitness=59570
It 1310: fitness=59570
It 1315: fitness=59570
It 1320: fitness=59570
It 1325: fitness=59570
It 1330: fitness=59570
It 1335: fitness=59570
It 1340: fitness=59570
It 1345: fitness=59570
It 1350: fitness=59570
It 1355: fitness=59570
It 1360: fitness=59570
It 1365: fitness=59570
It 1370: fitness=59570
It 1375: fitness=59570
It 1380: fitness=59570
It 1385: fitness=59570
It 1390: fitness=59570
It 1395: fitness=59570
It 1400: fitness=59570
It 1405: fitness=59570
It 1410: fitness=59570
It 1415: fitness=59570
It 1420: fitness=59570
It 1425: fitness=59570
It 1430: fitness=59570
It 1435: fitness=59570
It 1440: fitness=59570
It 1445: fitness=59570
It 1450: fitness=59570
It 1455: fitness=59570
It 1460: fitness=59570
It 1465: fitness=59570
It 1470: fitness=59570
It 1475: fitness=59570
It 1480: fitness=59570
It 1485: fitness=59570
It 1490: fitness=59570
It 1495: fitness=59570
It 1500: fitness=59570
It 1505: fitness=59570
It 1510: fitness=59570
It 1515: fitness=59570
It 1520: fitness=59570
It 1525: fitness=59570
It 1530: fitness=59570
It 1535: fitness=59570
It 1540: fitness=59570
It 1545: fitness=59570
It 1550: fitness=59570
It 1555: fitness=59570
It 1560: fitness=59570
It 1565: fitness=59570
It 1570: fitness=59570
It 1575: fitness=59570
It 1580: fitness=59570
It 1585: fitness=59570
It 1590: fitness=59570
It 1595: fitness=59570
It 1600: fitness=59570
It 1605: fitness=59570
It 1610: fitness=59570
It 1615: fitness=59570
It 1620: fitness=59570
It 1625: fitness=59570
It 1630: fitness=59570
It 1635: fitness=59570
It 1640: fitness=59570
It 1645: fitness=59570
It 1650: fitness=59570
It 1655: fitness=59570
It 1660: fitness=59570
It 1665: fitness=59570
It 1670: fitness=59570
It 1675: fitness=59570
It 1680: fitness=59570
It 1685: fitness=59570
It 1690: fitness=59570
It 1695: fitness=59570
It 1700: fitness=59570
It 1705: fitness=59570
It 1710: fitness=59570
It 1715: fitness=59570
It 1720: fitness=59570
It 1725: fitness=59570
It 1730: fitness=59570
It 1735: fitness=59570
It 1740: fitness=59570
It 1745: fitness=59570
It 1750: fitness=59570
It 1755: fitness=59570
It 1760: fitness=59570
It 1765: fitness=59570
It 1770: fitness=59570
It 1775: fitness=59570
It 1780: fitness=59570
It 1785: fitness=59570
It 1790: fitness=59570
It 1795: fitness=59570
It 1800: fitness=59570
It 1805: fitness=59570
It 1810: fitness=59570
It 1815: fitness=59570
It 1820: fitness=59570
It 1825: fitness=59570
It 1830: fitness=59570
It 1835: fitness=59570
It 1840: fitness=59570
It 1845: fitness=59570
It 1850: fitness=59570
It 1855: fitness=59570
It 1860: fitness=59570
It 1865: fitness=59570
It 1870: fitness=59570
It 1875: fitness=59570
It 1880: fitness=59570
It 1885: fitness=59570
It 1890: fitness=59570
It 1895: fitness=59570
It 1900: fitness=59570
It 1905: fitness=59570
It 1910: fitness=59570
It 1915: fitness=59570
Maximal number of iterations without improvement reached
>> Resamp_Iter 10 negLL: 59572.23 (ref:  63956.73 )
>> Resamp_params: 0.5572967 0.400233 0.5483154 0.5452193 0.5393685 0.530001 0.5325469 0.6088434 0.5555357 0.5645153 0.5360323 0.6599999 0.5434503 0.6555662 0.6421489 0.5785729 0.5308046 0.6363176 0.6605335 0.5907777 0.5257013 0.4933495 0.5331986 0.6332854 0.5018107 0.5744004 0.49 0.564881 0.526872 0.5756155 0.5500001 0.001 0.9471467 1.3 -400.1983 -91.46465 0.4182023 
