fit_results/data/globalcity_clean.txt_sd_03191603.log>>> Loading state data: Atlanta <<<
>>> Loading state data: Berlin <<<
>>> Loading state data: Boston <<<
>>> Loading state data: Chicago <<<
>>> Loading state data: Denver <<<
>>> Loading state data: Houston <<<
>>> Loading state data: Los Angeles <<<
>>> Loading state data: Madrid <<<
>>> Loading state data: Miami <<<
>>> Loading state data: Phoenix <<<
>>> Loading state data: Rome <<<
>>> Loading state data: Seattle <<<
>>> Loading state data: St Louis <<<
>>> Loading state data: Toronto <<<
>>> Loading state data: Birmingham <<<
>>> Loading state data: Cologne <<<
>>> Loading state data: Dallas <<<
>>> Loading state data: Hamburg <<<
>>> Loading state data: London <<<
>>> Loading state data: New York <<<
>>> Loading state data: Sacramento <<<
>>> Loading state data: San Diego <<<
>>> Loading state data: San Francisco <<<
>>> Loading state data: Stockholm <<<
>>> Loading state data: Stuttgart <<<
>>> Loading state data: Tucson <<<
>>> Loading state data: Melbourne <<<
>>> Loading state data: Santiago <<<
>>> Loading state data: Delhi <<<
>>> Loading state data: Vancouver <<<
>>> Loading state data: Mexico City <<<
 [1]    0.540    0.400    0.430    0.440    0.460    0.530    0.480    0.570
 [9]    0.540    0.450    0.470    0.440    0.470    0.470    0.400    0.450
[17]    0.530    0.410    0.400    0.450    0.480    0.480    0.490    0.300
[25]    0.450    0.440    0.490    0.540    0.450    0.430    0.550    0.001
[33]    0.800    0.600 -500.000 -500.000    0.000
 [1] 0.660 0.690 0.610 0.610 0.620 0.630 0.600 0.710 0.630 0.620 0.630 0.660
[13] 0.620 0.660 0.690 0.710 0.640 0.710 0.670 0.620 0.630 0.590 0.630 0.720
[25] 0.680 0.610 0.630 0.700 0.600 0.670 0.630 0.001 1.200 1.300 0.000 0.000
[37] 1.000
 [1]    0.5616531    0.5857182    0.5515381    0.5487872    0.5436690
 [6]    0.5326105    0.5999994    0.6127043    0.5435578    0.5752417
[11]    0.5403226    0.6599999    0.6199999    0.5482508    0.6396637
[16]    0.7099759    0.5524150    0.5933308    0.6551963    0.5901898
[21]    0.5353083    0.4977788    0.5328646    0.6337159    0.5756330
[26]    0.5774914    0.4900002    0.5706977    0.5274690    0.5792556
[31]    0.5523559    0.0010000    0.9568725    1.3000000 -499.9944096
[36]  -91.9769067    0.4173210
 [1]    0.5900000    0.5900000    0.5900000    0.5900000    0.5900000
 [6]    0.5900000    0.5900000    0.5900000    0.5900000    0.5900000
[11]    0.5900000    0.5900000    0.5900000    0.5900000    0.5900000
[16]    0.5900000    0.5900000    0.5900000    0.5900000    0.5900000
[21]    0.5900000    0.5900000    0.5900000    0.5900000    0.5900000
[26]    0.5900000    0.5900000    0.5900000    0.5900000    0.5900000
[31]    0.5900000    0.0010000    0.9568725    1.3000000 -499.9944096
[36]  -91.9769067    0.4173210
96 cores seen; limit to 18 cores
 [1]    0.5616531    0.5857182    0.5515381    0.5487872    0.5436690
 [6]    0.5326105    0.5999994    0.6127043    0.5435578    0.5752417
[11]    0.5403226    0.6599999    0.6199999    0.5482508    0.6396637
[16]    0.7099759    0.5524150    0.5933308    0.6551963    0.5901898
[21]    0.5353083    0.4977788    0.5328646    0.6337159    0.5756330
[26]    0.5774914    0.4900002    0.5706977    0.5274690    0.5792556
[31]    0.5523559    0.0010000    0.9568725    1.3000000 -499.9944096
[36]  -91.9769067    0.4173210
>> sd Resamp 1 : 7 20 11 28 10 31 31 17 15 6 27 8 18 25 8 1 24 4 24 29 3 4 25 27 9 31 24 14 22 17 17 
>> Opt param @ resamp: 82500.41 
S=22, K=3, p=0.1303, w0=0.7213, w1=0.7213, c.p=1.193, c.g=1.193
v.max=NA, d=6.083, vectorize=FALSE, hybrid=off
It 5: fitness=224300
It 10: fitness=196800
It 15: fitness=196800
It 20: fitness=173500
It 25: fitness=161300
It 30: fitness=146500
It 35: fitness=138600
It 40: fitness=129500
It 45: fitness=121900
It 50: fitness=119700
It 55: fitness=116700
It 60: fitness=111900
It 65: fitness=105700
It 70: fitness=105400
It 75: fitness=101600
It 80: fitness=100800
It 85: fitness=99430
It 90: fitness=98270
It 95: fitness=97980
It 100: fitness=96110
It 105: fitness=95340
It 110: fitness=93340
It 115: fitness=93340
It 120: fitness=91430
It 125: fitness=90390
It 130: fitness=89470
It 135: fitness=89320
It 140: fitness=88820
It 145: fitness=88540
It 150: fitness=88040
It 155: fitness=87830
It 160: fitness=87630
It 165: fitness=87100
It 170: fitness=86850
It 175: fitness=86670
It 180: fitness=85960
It 185: fitness=85780
It 190: fitness=85440
It 195: fitness=85330
It 200: fitness=85020
It 205: fitness=85000
It 210: fitness=84880
It 215: fitness=84840
It 220: fitness=84690
It 225: fitness=84220
It 230: fitness=83870
It 235: fitness=83630
It 240: fitness=83470
It 245: fitness=83360
It 250: fitness=83200
It 255: fitness=83000
It 260: fitness=82920
It 265: fitness=82750
It 270: fitness=82620
It 275: fitness=82510
It 280: fitness=82460
It 285: fitness=82380
It 290: fitness=82380
It 295: fitness=82350
It 300: fitness=82320
It 305: fitness=82260
It 310: fitness=82250
It 315: fitness=82220
It 320: fitness=82210
It 325: fitness=82180
It 330: fitness=82160
It 335: fitness=82140
It 340: fitness=82120
It 345: fitness=82100
It 350: fitness=82080
It 355: fitness=82070
It 360: fitness=82070
It 365: fitness=82060
It 370: fitness=82050
It 375: fitness=82040
It 380: fitness=82020
It 385: fitness=82010
It 390: fitness=82000
It 395: fitness=82000
It 400: fitness=81990
It 405: fitness=81990
It 410: fitness=81990
It 415: fitness=81990
It 420: fitness=81980
It 425: fitness=81980
It 430: fitness=81980
It 435: fitness=81980
It 440: fitness=81980
It 445: fitness=81970
It 450: fitness=81970
It 455: fitness=81970
It 460: fitness=81970
It 465: fitness=81970
It 470: fitness=81970
It 475: fitness=81960
It 480: fitness=81960
It 485: fitness=81960
It 490: fitness=81960
It 495: fitness=81960
It 500: fitness=81960
It 505: fitness=81950
It 510: fitness=81950
It 515: fitness=81950
It 520: fitness=81950
It 525: fitness=81950
It 530: fitness=81950
It 535: fitness=81950
It 540: fitness=81940
It 545: fitness=81940
It 550: fitness=81940
It 555: fitness=81940
It 560: fitness=81940
It 565: fitness=81940
It 570: fitness=81940
It 575: fitness=81940
It 580: fitness=81940
It 585: fitness=81940
It 590: fitness=81940
It 595: fitness=81940
It 600: fitness=81940
It 605: fitness=81940
It 610: fitness=81940
It 615: fitness=81940
It 620: fitness=81940
It 625: fitness=81940
It 630: fitness=81940
It 635: fitness=81940
It 640: fitness=81940
It 645: fitness=81940
It 650: fitness=81940
It 655: fitness=81940
It 660: fitness=81940
It 665: fitness=81940
It 670: fitness=81940
It 675: fitness=81940
It 680: fitness=81940
It 685: fitness=81940
It 690: fitness=81930
It 695: fitness=81930
It 700: fitness=81930
It 705: fitness=81930
It 710: fitness=81930
It 715: fitness=81930
It 720: fitness=81930
It 725: fitness=81930
It 730: fitness=81930
It 735: fitness=81930
It 740: fitness=81930
It 745: fitness=81930
It 750: fitness=81930
It 755: fitness=81930
It 760: fitness=81930
It 765: fitness=81930
It 770: fitness=81930
It 775: fitness=81930
It 780: fitness=81930
It 785: fitness=81930
It 790: fitness=81930
It 795: fitness=81930
It 800: fitness=81930
It 805: fitness=81930
It 810: fitness=81930
It 815: fitness=81930
It 820: fitness=81930
It 825: fitness=81930
It 830: fitness=81930
It 835: fitness=81930
It 840: fitness=81930
It 845: fitness=81930
It 850: fitness=81930
It 855: fitness=81930
It 860: fitness=81930
It 865: fitness=81930
It 870: fitness=81930
It 875: fitness=81930
It 880: fitness=81930
It 885: fitness=81930
It 890: fitness=81930
It 895: fitness=81930
It 900: fitness=81930
It 905: fitness=81930
It 910: fitness=81930
It 915: fitness=81930
It 920: fitness=81930
It 925: fitness=81930
It 930: fitness=81930
It 935: fitness=81930
It 940: fitness=81930
It 945: fitness=81930
It 950: fitness=81930
It 955: fitness=81930
It 960: fitness=81930
It 965: fitness=81930
It 970: fitness=81930
It 975: fitness=81930
It 980: fitness=81930
It 985: fitness=81930
It 990: fitness=81930
It 995: fitness=81930
It 1000: fitness=81930
It 1005: fitness=81930
It 1010: fitness=81930
It 1015: fitness=81930
It 1020: fitness=81930
It 1025: fitness=81930
It 1030: fitness=81930
It 1035: fitness=81930
It 1040: fitness=81930
It 1045: fitness=81930
It 1050: fitness=81930
It 1055: fitness=81930
It 1060: fitness=81930
It 1065: fitness=81930
It 1070: fitness=81930
It 1075: fitness=81930
It 1080: fitness=81930
It 1085: fitness=81930
It 1090: fitness=81930
It 1095: fitness=81930
It 1100: fitness=81930
It 1105: fitness=81930
It 1110: fitness=81930
It 1115: fitness=81930
It 1120: fitness=81930
It 1125: fitness=81930
It 1130: fitness=81930
It 1135: fitness=81930
It 1140: fitness=81930
It 1145: fitness=81930
It 1150: fitness=81930
It 1155: fitness=81930
It 1160: fitness=81930
It 1165: fitness=81930
It 1170: fitness=81930
It 1175: fitness=81930
It 1180: fitness=81930
It 1185: fitness=81930
It 1190: fitness=81930
It 1195: fitness=81930
It 1200: fitness=81930
It 1205: fitness=81930
It 1210: fitness=81930
It 1215: fitness=81930
It 1220: fitness=81930
It 1225: fitness=81930
It 1230: fitness=81930
It 1235: fitness=81930
It 1240: fitness=81930
It 1245: fitness=81930
It 1250: fitness=81930
It 1255: fitness=81930
It 1260: fitness=81930
It 1265: fitness=81930
It 1270: fitness=81930
It 1275: fitness=81930
It 1280: fitness=81930
It 1285: fitness=81930
It 1290: fitness=81930
It 1295: fitness=81930
It 1300: fitness=81930
It 1305: fitness=81930
It 1310: fitness=81930
It 1315: fitness=81930
It 1320: fitness=81930
It 1325: fitness=81930
It 1330: fitness=81930
It 1335: fitness=81930
It 1340: fitness=81930
It 1345: fitness=81930
It 1350: fitness=81930
It 1355: fitness=81930
It 1360: fitness=81930
It 1365: fitness=81930
It 1370: fitness=81930
It 1375: fitness=81930
It 1380: fitness=81930
It 1385: fitness=81930
It 1390: fitness=81930
It 1395: fitness=81930
It 1400: fitness=81930
It 1405: fitness=81930
It 1410: fitness=81930
It 1415: fitness=81930
It 1420: fitness=81930
It 1425: fitness=81930
It 1430: fitness=81930
It 1435: fitness=81930
It 1440: fitness=81930
It 1445: fitness=81930
It 1450: fitness=81930
It 1455: fitness=81930
It 1460: fitness=81930
It 1465: fitness=81930
It 1470: fitness=81930
It 1475: fitness=81930
It 1480: fitness=81930
It 1485: fitness=81930
It 1490: fitness=81930
It 1495: fitness=81930
It 1500: fitness=81930
It 1505: fitness=81930
It 1510: fitness=81930
It 1515: fitness=81930
It 1520: fitness=81930
It 1525: fitness=81930
It 1530: fitness=81930
It 1535: fitness=81930
It 1540: fitness=81930
It 1545: fitness=81930
It 1550: fitness=81930
It 1555: fitness=81930
It 1560: fitness=81930
It 1565: fitness=81930
It 1570: fitness=81930
It 1575: fitness=81930
It 1580: fitness=81930
It 1585: fitness=81930
It 1590: fitness=81930
It 1595: fitness=81930
It 1600: fitness=81930
It 1605: fitness=81930
It 1610: fitness=81930
It 1615: fitness=81930
It 1620: fitness=81930
It 1625: fitness=81930
It 1630: fitness=81930
It 1635: fitness=81930
It 1640: fitness=81930
It 1645: fitness=81930
It 1650: fitness=81930
It 1655: fitness=81930
It 1660: fitness=81930
It 1665: fitness=81930
It 1670: fitness=81930
It 1675: fitness=81930
It 1680: fitness=81930
It 1685: fitness=81930
It 1690: fitness=81930
It 1695: fitness=81930
It 1700: fitness=81930
It 1705: fitness=81930
It 1710: fitness=81930
It 1715: fitness=81930
It 1720: fitness=81930
It 1725: fitness=81930
It 1730: fitness=81930
It 1735: fitness=81930
It 1740: fitness=81930
It 1745: fitness=81930
It 1750: fitness=81930
It 1755: fitness=81930
It 1760: fitness=81930
It 1765: fitness=81930
It 1770: fitness=81930
It 1775: fitness=81930
It 1780: fitness=81930
It 1785: fitness=81930
It 1790: fitness=81930
It 1795: fitness=81930
It 1800: fitness=81930
It 1805: fitness=81930
It 1810: fitness=81930
It 1815: fitness=81930
It 1820: fitness=81930
It 1825: fitness=81930
It 1830: fitness=81930
It 1835: fitness=81930
It 1840: fitness=81930
It 1845: fitness=81930
It 1850: fitness=81930
It 1855: fitness=81930
It 1860: fitness=81930
It 1865: fitness=81930
It 1870: fitness=81930
It 1875: fitness=81930
It 1880: fitness=81930
It 1885: fitness=81930
It 1890: fitness=81930
It 1895: fitness=81930
It 1900: fitness=81930
It 1905: fitness=81930
It 1910: fitness=81930
It 1915: fitness=81930
It 1920: fitness=81930
It 1925: fitness=81930
It 1930: fitness=81930
It 1935: fitness=81930
It 1940: fitness=81930
It 1945: fitness=81930
It 1950: fitness=81930
It 1955: fitness=81930
It 1960: fitness=81930
It 1965: fitness=81930
It 1970: fitness=81930
It 1975: fitness=81930
It 1980: fitness=81930
It 1985: fitness=81930
It 1990: fitness=81930
It 1995: fitness=81930
It 2000: fitness=81930
It 2005: fitness=81930
It 2010: fitness=81930
It 2015: fitness=81930
It 2020: fitness=81930
It 2025: fitness=81930
It 2030: fitness=81930
It 2035: fitness=81930
It 2040: fitness=81930
It 2045: fitness=81930
It 2050: fitness=81930
It 2055: fitness=81930
It 2060: fitness=81930
It 2065: fitness=81930
It 2070: fitness=81930
It 2075: fitness=81930
It 2080: fitness=81930
It 2085: fitness=81930
It 2090: fitness=81930
It 2095: fitness=81930
It 2100: fitness=81930
Maximal number of iterations without improvement reached
>> Resamp_Iter 1 negLL: 81930.64 (ref:  82500.41 )
>> Resamp_params: 0.5603574 0.6110943 0.5486122 0.5467462 0.6199934 0.5316115 0.5999996 0.6101472 0.5438401 0.5745443 0.5385666 0.4935285 0.6020629 0.5450493 0.6470873 0.4526259 0.5517094 0.5882946 0.4849313 0.588307 0.5513943 0.4967225 0.618075 0.6483602 0.5726061 0.6079243 0.4900001 0.5683255 0.5266537 0.6367499 0.5525302 0.001 0.9687133 1.299998 -485.7712 -83.43073 0.4071456 
 [1]    0.5616531    0.5857182    0.5515381    0.5487872    0.5436690
 [6]    0.5326105    0.5999994    0.6127043    0.5435578    0.5752417
[11]    0.5403226    0.6599999    0.6199999    0.5482508    0.6396637
[16]    0.7099759    0.5524150    0.5933308    0.6551963    0.5901898
[21]    0.5353083    0.4977788    0.5328646    0.6337159    0.5756330
[26]    0.5774914    0.4900002    0.5706977    0.5274690    0.5792556
[31]    0.5523559    0.0010000    0.9568725    1.3000000 -499.9944096
[36]  -91.9769067    0.4173210
>> sd Resamp 2 : 7 22 21 2 9 21 25 7 5 16 9 3 29 6 28 2 8 5 21 31 25 12 16 12 7 24 28 6 10 11 8 
>> Opt param @ resamp: 67619.3 
S=22, K=3, p=0.1303, w0=0.7213, w1=0.7213, c.p=1.193, c.g=1.193
v.max=NA, d=6.083, vectorize=FALSE, hybrid=off
It 5: fitness=127000
It 10: fitness=97890
It 15: fitness=89320
It 20: fitness=85830
It 25: fitness=84360
It 30: fitness=75900
It 35: fitness=75900
It 40: fitness=75240
It 45: fitness=72630
It 50: fitness=72160
It 55: fitness=72130
It 60: fitness=71740
It 65: fitness=69840
It 70: fitness=69420
It 75: fitness=68620
It 80: fitness=67890
It 85: fitness=67890
It 90: fitness=67500
It 95: fitness=66640
It 100: fitness=66640
It 105: fitness=66350
It 110: fitness=66350
It 115: fitness=66220
It 120: fitness=66220
It 125: fitness=66140
It 130: fitness=66100
It 135: fitness=66070
It 140: fitness=66060
It 145: fitness=65990
It 150: fitness=65960
It 155: fitness=65910
It 160: fitness=65870
It 165: fitness=65820
It 170: fitness=65800
It 175: fitness=65780
It 180: fitness=65770
It 185: fitness=65730
It 190: fitness=65690
It 195: fitness=65640
It 200: fitness=65540
It 205: fitness=65490
It 210: fitness=65460
It 215: fitness=65460
It 220: fitness=65410
It 225: fitness=65380
It 230: fitness=65350
It 235: fitness=65290
It 240: fitness=65270
It 245: fitness=65240
It 250: fitness=65220
It 255: fitness=65170
It 260: fitness=65150
It 265: fitness=65130
It 270: fitness=65130
It 275: fitness=65100
It 280: fitness=65020
It 285: fitness=65000
It 290: fitness=64990
It 295: fitness=64940
It 300: fitness=64920
It 305: fitness=64890
It 310: fitness=64880
It 315: fitness=64880
It 320: fitness=64870
It 325: fitness=64850
It 330: fitness=64830
It 335: fitness=64810
It 340: fitness=64810
It 345: fitness=64790
It 350: fitness=64750
It 355: fitness=64720
It 360: fitness=64680
It 365: fitness=64660
It 370: fitness=64630
It 375: fitness=64610
It 380: fitness=64600
It 385: fitness=64600
It 390: fitness=64580
It 395: fitness=64570
It 400: fitness=64570
It 405: fitness=64530
It 410: fitness=64500
It 415: fitness=64490
It 420: fitness=64480
It 425: fitness=64460
It 430: fitness=64450
It 435: fitness=64450
It 440: fitness=64440
It 445: fitness=64420
It 450: fitness=64420
It 455: fitness=64410
It 460: fitness=64400
It 465: fitness=64390
It 470: fitness=64380
It 475: fitness=64350
It 480: fitness=63950
It 485: fitness=63890
It 490: fitness=63870
It 495: fitness=63830
It 500: fitness=63810
It 505: fitness=63790
It 510: fitness=63760
It 515: fitness=63750
It 520: fitness=63720
It 525: fitness=63670
It 530: fitness=63660
It 535: fitness=63610
It 540: fitness=63590
It 545: fitness=63570
It 550: fitness=63550
It 555: fitness=63540
It 560: fitness=63520
It 565: fitness=63500
It 570: fitness=63490
It 575: fitness=63480
It 580: fitness=63470
It 585: fitness=63460
It 590: fitness=63450
It 595: fitness=63440
It 600: fitness=63430
It 605: fitness=63410
It 610: fitness=63400
It 615: fitness=63400
It 620: fitness=63390
It 625: fitness=63380
It 630: fitness=63380
It 635: fitness=63370
It 640: fitness=63370
It 645: fitness=63360
It 650: fitness=63360
It 655: fitness=63360
It 660: fitness=63360
It 665: fitness=63350
It 670: fitness=63350
It 675: fitness=63340
It 680: fitness=63340
It 685: fitness=63330
It 690: fitness=63330
It 695: fitness=63330
It 700: fitness=63320
It 705: fitness=63320
It 710: fitness=63320
It 715: fitness=63310
It 720: fitness=63210
It 725: fitness=63210
It 730: fitness=63190
It 735: fitness=63190
It 740: fitness=63180
It 745: fitness=63170
It 750: fitness=63160
It 755: fitness=63160
It 760: fitness=63140
It 765: fitness=63140
It 770: fitness=63130
It 775: fitness=63120
It 780: fitness=63110
It 785: fitness=63100
It 790: fitness=63100
It 795: fitness=63100
It 800: fitness=63090
It 805: fitness=63090
It 810: fitness=63080
It 815: fitness=63080
It 820: fitness=63070
It 825: fitness=63070
It 830: fitness=63060
It 835: fitness=63060
It 840: fitness=63050
It 845: fitness=63050
It 850: fitness=63050
It 855: fitness=63050
It 860: fitness=63050
It 865: fitness=63040
It 870: fitness=63040
It 875: fitness=63030
It 880: fitness=63030
It 885: fitness=63030
It 890: fitness=63030
It 895: fitness=63030
It 900: fitness=63030
It 905: fitness=63020
It 910: fitness=63020
It 915: fitness=63020
It 920: fitness=63020
It 925: fitness=63020
It 930: fitness=63020
It 935: fitness=63020
It 940: fitness=63020
It 945: fitness=63020
It 950: fitness=63020
It 955: fitness=63020
It 960: fitness=63020
It 965: fitness=63020
It 970: fitness=63010
It 975: fitness=63010
It 980: fitness=63010
It 985: fitness=63010
It 990: fitness=63010
It 995: fitness=63010
It 1000: fitness=63010
It 1005: fitness=63010
It 1010: fitness=63010
It 1015: fitness=63010
It 1020: fitness=63010
It 1025: fitness=63010
It 1030: fitness=63010
It 1035: fitness=63010
It 1040: fitness=63010
It 1045: fitness=63000
It 1050: fitness=63000
It 1055: fitness=63000
It 1060: fitness=63000
It 1065: fitness=63000
It 1070: fitness=63000
It 1075: fitness=63000
It 1080: fitness=63000
It 1085: fitness=63000
It 1090: fitness=63000
It 1095: fitness=63000
It 1100: fitness=63000
It 1105: fitness=63000
It 1110: fitness=63000
It 1115: fitness=63000
It 1120: fitness=63000
It 1125: fitness=63000
It 1130: fitness=63000
It 1135: fitness=63000
It 1140: fitness=63000
It 1145: fitness=63000
It 1150: fitness=63000
It 1155: fitness=63000
It 1160: fitness=63000
It 1165: fitness=63000
It 1170: fitness=63000
It 1175: fitness=63000
It 1180: fitness=63000
It 1185: fitness=63000
It 1190: fitness=63000
It 1195: fitness=63000
It 1200: fitness=63000
It 1205: fitness=63000
It 1210: fitness=63000
It 1215: fitness=63000
It 1220: fitness=63000
It 1225: fitness=63000
It 1230: fitness=63000
It 1235: fitness=63000
It 1240: fitness=63000
It 1245: fitness=63000
It 1250: fitness=63000
It 1255: fitness=63000
It 1260: fitness=63000
It 1265: fitness=63000
It 1270: fitness=63000
It 1275: fitness=63000
It 1280: fitness=63000
It 1285: fitness=63000
It 1290: fitness=63000
It 1295: fitness=63000
It 1300: fitness=63000
It 1305: fitness=63000
It 1310: fitness=63000
It 1315: fitness=63000
It 1320: fitness=63000
It 1325: fitness=63000
It 1330: fitness=63000
It 1335: fitness=63000
It 1340: fitness=63000
It 1345: fitness=63000
It 1350: fitness=63000
It 1355: fitness=63000
It 1360: fitness=63000
It 1365: fitness=63000
It 1370: fitness=63000
It 1375: fitness=63000
It 1380: fitness=63000
It 1385: fitness=63000
It 1390: fitness=63000
It 1395: fitness=63000
It 1400: fitness=63000
It 1405: fitness=63000
It 1410: fitness=63000
It 1415: fitness=63000
It 1420: fitness=63000
It 1425: fitness=63000
It 1430: fitness=63000
It 1435: fitness=63000
It 1440: fitness=63000
It 1445: fitness=63000
It 1450: fitness=63000
It 1455: fitness=63000
It 1460: fitness=63000
It 1465: fitness=63000
It 1470: fitness=63000
It 1475: fitness=63000
It 1480: fitness=63000
It 1485: fitness=63000
It 1490: fitness=63000
It 1495: fitness=63000
It 1500: fitness=63000
It 1505: fitness=63000
It 1510: fitness=63000
It 1515: fitness=63000
It 1520: fitness=63000
It 1525: fitness=63000
It 1530: fitness=63000
It 1535: fitness=63000
It 1540: fitness=63000
It 1545: fitness=63000
It 1550: fitness=63000
It 1555: fitness=63000
It 1560: fitness=63000
It 1565: fitness=63000
It 1570: fitness=63000
It 1575: fitness=63000
It 1580: fitness=63000
It 1585: fitness=63000
It 1590: fitness=63000
It 1595: fitness=63000
It 1600: fitness=63000
It 1605: fitness=63000
It 1610: fitness=63000
It 1615: fitness=63000
It 1620: fitness=63000
It 1625: fitness=63000
It 1630: fitness=63000
It 1635: fitness=63000
It 1640: fitness=63000
It 1645: fitness=63000
It 1650: fitness=63000
It 1655: fitness=63000
It 1660: fitness=63000
It 1665: fitness=63000
It 1670: fitness=63000
It 1675: fitness=63000
It 1680: fitness=63000
It 1685: fitness=63000
It 1690: fitness=63000
It 1695: fitness=63000
It 1700: fitness=63000
It 1705: fitness=63000
It 1710: fitness=63000
It 1715: fitness=63000
It 1720: fitness=63000
It 1725: fitness=63000
It 1730: fitness=63000
It 1735: fitness=63000
It 1740: fitness=63000
It 1745: fitness=63000
It 1750: fitness=63000
It 1755: fitness=63000
It 1760: fitness=63000
It 1765: fitness=63000
It 1770: fitness=63000
It 1775: fitness=63000
It 1780: fitness=63000
It 1785: fitness=63000
It 1790: fitness=63000
It 1795: fitness=63000
It 1800: fitness=63000
It 1805: fitness=63000
It 1810: fitness=63000
It 1815: fitness=63000
It 1820: fitness=63000
It 1825: fitness=63000
It 1830: fitness=63000
It 1835: fitness=63000
It 1840: fitness=63000
It 1845: fitness=63000
It 1850: fitness=63000
It 1855: fitness=63000
It 1860: fitness=63000
It 1865: fitness=63000
It 1870: fitness=63000
It 1875: fitness=63000
It 1880: fitness=63000
It 1885: fitness=63000
It 1890: fitness=63000
It 1895: fitness=63000
It 1900: fitness=63000
It 1905: fitness=63000
It 1910: fitness=63000
It 1915: fitness=63000
It 1920: fitness=63000
It 1925: fitness=63000
It 1930: fitness=63000
It 1935: fitness=63000
It 1940: fitness=63000
It 1945: fitness=63000
It 1950: fitness=63000
It 1955: fitness=63000
It 1960: fitness=63000
It 1965: fitness=63000
It 1970: fitness=63000
It 1975: fitness=63000
It 1980: fitness=63000
It 1985: fitness=63000
It 1990: fitness=63000
It 1995: fitness=63000
It 2000: fitness=63000
It 2005: fitness=63000
It 2010: fitness=63000
It 2015: fitness=63000
It 2020: fitness=63000
It 2025: fitness=63000
It 2030: fitness=63000
It 2035: fitness=63000
It 2040: fitness=63000
It 2045: fitness=63000
It 2050: fitness=63000
It 2055: fitness=63000
It 2060: fitness=63000
It 2065: fitness=63000
It 2070: fitness=63000
It 2075: fitness=63000
It 2080: fitness=63000
It 2085: fitness=63000
It 2090: fitness=63000
It 2095: fitness=63000
It 2100: fitness=63000
It 2105: fitness=63000
It 2110: fitness=63000
It 2115: fitness=63000
It 2120: fitness=63000
It 2125: fitness=63000
It 2130: fitness=63000
It 2135: fitness=63000
It 2140: fitness=63000
It 2145: fitness=63000
It 2150: fitness=63000
It 2155: fitness=63000
It 2160: fitness=63000
It 2165: fitness=63000
It 2170: fitness=63000
It 2175: fitness=63000
It 2180: fitness=63000
It 2185: fitness=63000
It 2190: fitness=63000
It 2195: fitness=63000
It 2200: fitness=63000
It 2205: fitness=63000
It 2210: fitness=63000
It 2215: fitness=63000
It 2220: fitness=63000
It 2225: fitness=63000
It 2230: fitness=63000
It 2235: fitness=63000
It 2240: fitness=63000
It 2245: fitness=63000
It 2250: fitness=63000
It 2255: fitness=63000
It 2260: fitness=63000
It 2265: fitness=63000
It 2270: fitness=63000
It 2275: fitness=63000
It 2280: fitness=63000
It 2285: fitness=63000
It 2290: fitness=63000
It 2295: fitness=63000
It 2300: fitness=63000
It 2305: fitness=63000
It 2310: fitness=63000
It 2315: fitness=63000
It 2320: fitness=63000
It 2325: fitness=63000
It 2330: fitness=63000
It 2335: fitness=63000
It 2340: fitness=63000
It 2345: fitness=63000
It 2350: fitness=63000
It 2355: fitness=63000
It 2360: fitness=63000
It 2365: fitness=63000
It 2370: fitness=63000
It 2375: fitness=63000
It 2380: fitness=63000
It 2385: fitness=63000
It 2390: fitness=63000
It 2395: fitness=63000
It 2400: fitness=63000
It 2405: fitness=63000
It 2410: fitness=63000
It 2415: fitness=63000
It 2420: fitness=63000
It 2425: fitness=63000
It 2430: fitness=63000
It 2435: fitness=63000
It 2440: fitness=63000
It 2445: fitness=63000
It 2450: fitness=63000
It 2455: fitness=63000
It 2460: fitness=63000
It 2465: fitness=63000
It 2470: fitness=63000
It 2475: fitness=63000
It 2480: fitness=63000
It 2485: fitness=63000
It 2490: fitness=63000
It 2495: fitness=63000
It 2500: fitness=63000
It 2505: fitness=63000
It 2510: fitness=63000
It 2515: fitness=63000
It 2520: fitness=63000
It 2525: fitness=63000
It 2530: fitness=63000
It 2535: fitness=63000
It 2540: fitness=63000
It 2545: fitness=63000
It 2550: fitness=63000
It 2555: fitness=63000
It 2560: fitness=63000
It 2565: fitness=63000
It 2570: fitness=63000
It 2575: fitness=63000
It 2580: fitness=63000
It 2585: fitness=63000
It 2590: fitness=63000
It 2595: fitness=63000
It 2600: fitness=63000
It 2605: fitness=63000
It 2610: fitness=63000
It 2615: fitness=63000
It 2620: fitness=63000
It 2625: fitness=63000
It 2630: fitness=63000
It 2635: fitness=63000
It 2640: fitness=63000
It 2645: fitness=63000
It 2650: fitness=63000
It 2655: fitness=63000
It 2660: fitness=63000
It 2665: fitness=63000
It 2670: fitness=63000
It 2675: fitness=63000
It 2680: fitness=63000
It 2685: fitness=63000
It 2690: fitness=63000
It 2695: fitness=63000
Maximal number of iterations without improvement reached
>> Resamp_Iter 2 negLL: 62999.22 (ref:  67619.3 )
>> Resamp_params: 0.5573824 0.589447 0.5590052 0.6094202 0.5538792 0.5391857 0.5827282 0.6134559 0.5570605 0.5917848 0.5484381 0.6123172 0.6199827 0.4700415 0.4061042 0.5821035 0.5471004 0.7099983 0.4104195 0.4805879 0.5424098 0.5065669 0.4902978 0.6656069 0.5803499 0.4400007 0.5497914 0.5686887 0.5314124 0.6642047 0.567069 0.001 1.00304 0.9809047 -499.9999 -63.2052 0.3762198 
 [1]    0.5616531    0.5857182    0.5515381    0.5487872    0.5436690
 [6]    0.5326105    0.5999994    0.6127043    0.5435578    0.5752417
[11]    0.5403226    0.6599999    0.6199999    0.5482508    0.6396637
[16]    0.7099759    0.5524150    0.5933308    0.6551963    0.5901898
[21]    0.5353083    0.4977788    0.5328646    0.6337159    0.5756330
[26]    0.5774914    0.4900002    0.5706977    0.5274690    0.5792556
[31]    0.5523559    0.0010000    0.9568725    1.3000000 -499.9944096
[36]  -91.9769067    0.4173210
>> sd Resamp 3 : 24 30 1 31 25 29 14 23 25 4 29 10 17 31 13 29 24 4 18 17 23 13 22 24 9 18 21 22 1 10 28 
>> Opt param @ resamp: 64129.21 
S=22, K=3, p=0.1303, w0=0.7213, w1=0.7213, c.p=1.193, c.g=1.193
v.max=NA, d=6.083, vectorize=FALSE, hybrid=off
It 5: fitness=134000
It 10: fitness=115300
It 15: fitness=110600
It 20: fitness=97700
It 25: fitness=95560
It 30: fitness=83140
It 35: fitness=80490
It 40: fitness=78400
It 45: fitness=76060
It 50: fitness=73090
It 55: fitness=71790
It 60: fitness=70880
It 65: fitness=69940
It 70: fitness=68850
It 75: fitness=67780
It 80: fitness=67380
It 85: fitness=66570
It 90: fitness=66290
It 95: fitness=64420
It 100: fitness=64200
It 105: fitness=64180
It 110: fitness=63620
It 115: fitness=63570
It 120: fitness=63290
It 125: fitness=63260
It 130: fitness=62650
It 135: fitness=62350
It 140: fitness=61930
It 145: fitness=61820
It 150: fitness=61730
It 155: fitness=61670
It 160: fitness=61490
It 165: fitness=61490
It 170: fitness=61300
It 175: fitness=61260
It 180: fitness=61120
It 185: fitness=61070
It 190: fitness=61010
It 195: fitness=60960
It 200: fitness=60930
It 205: fitness=60870
It 210: fitness=60840
It 215: fitness=60790
It 220: fitness=60740
It 225: fitness=60710
It 230: fitness=60700
It 235: fitness=60590
It 240: fitness=60580
It 245: fitness=60530
It 250: fitness=60520
It 255: fitness=60480
It 260: fitness=60470
It 265: fitness=60430
It 270: fitness=60410
It 275: fitness=60390
It 280: fitness=60380
It 285: fitness=60360
It 290: fitness=60350
It 295: fitness=60310
It 300: fitness=60310
It 305: fitness=60300
It 310: fitness=60300
It 315: fitness=60290
It 320: fitness=60270
It 325: fitness=60270
It 330: fitness=60270
It 335: fitness=60270
It 340: fitness=60270
It 345: fitness=60260
It 350: fitness=60260
It 355: fitness=60260
It 360: fitness=60260
It 365: fitness=60250
It 370: fitness=60250
It 375: fitness=60250
It 380: fitness=60250
It 385: fitness=60240
It 390: fitness=60240
It 395: fitness=60230
It 400: fitness=60230
It 405: fitness=60230
It 410: fitness=60230
It 415: fitness=60220
It 420: fitness=60220
It 425: fitness=60220
It 430: fitness=60220
It 435: fitness=60220
It 440: fitness=60220
It 445: fitness=60220
It 450: fitness=60210
It 455: fitness=60210
It 460: fitness=60210
It 465: fitness=60210
It 470: fitness=60210
It 475: fitness=60210
It 480: fitness=60210
It 485: fitness=60210
It 490: fitness=60210
It 495: fitness=60210
It 500: fitness=60200
It 505: fitness=60200
It 510: fitness=60200
It 515: fitness=60200
It 520: fitness=60200
It 525: fitness=60200
It 530: fitness=60200
It 535: fitness=60200
It 540: fitness=60200
It 545: fitness=60200
It 550: fitness=60200
It 555: fitness=60200
It 560: fitness=60200
It 565: fitness=60200
It 570: fitness=60200
It 575: fitness=60200
It 580: fitness=60200
It 585: fitness=60200
It 590: fitness=60200
It 595: fitness=60200
It 600: fitness=60200
It 605: fitness=60200
It 610: fitness=60200
It 615: fitness=60200
It 620: fitness=60200
It 625: fitness=60200
It 630: fitness=60200
It 635: fitness=60200
It 640: fitness=60200
It 645: fitness=60200
It 650: fitness=60200
It 655: fitness=60200
It 660: fitness=60200
It 665: fitness=60200
It 670: fitness=60200
It 675: fitness=60200
It 680: fitness=60200
It 685: fitness=60200
It 690: fitness=60200
It 695: fitness=60200
It 700: fitness=60200
It 705: fitness=60200
It 710: fitness=60200
It 715: fitness=60190
It 720: fitness=60190
It 725: fitness=60190
It 730: fitness=60190
It 735: fitness=60190
It 740: fitness=60190
It 745: fitness=60190
It 750: fitness=60190
It 755: fitness=60190
It 760: fitness=60190
It 765: fitness=60190
It 770: fitness=60190
It 775: fitness=60190
It 780: fitness=60190
It 785: fitness=60190
It 790: fitness=60190
It 795: fitness=60190
It 800: fitness=60190
It 805: fitness=60190
It 810: fitness=60190
It 815: fitness=60190
It 820: fitness=60190
It 825: fitness=60190
It 830: fitness=60190
It 835: fitness=60190
It 840: fitness=60190
It 845: fitness=60190
It 850: fitness=60190
It 855: fitness=60190
It 860: fitness=60190
It 865: fitness=60190
It 870: fitness=60190
It 875: fitness=60190
It 880: fitness=60190
It 885: fitness=60190
It 890: fitness=60190
It 895: fitness=60190
It 900: fitness=60190
It 905: fitness=60190
It 910: fitness=60190
It 915: fitness=60190
It 920: fitness=60190
It 925: fitness=60190
It 930: fitness=60190
It 935: fitness=60190
It 940: fitness=60190
It 945: fitness=60190
It 950: fitness=60190
It 955: fitness=60190
It 960: fitness=60190
It 965: fitness=60190
It 970: fitness=60190
It 975: fitness=60190
It 980: fitness=60190
It 985: fitness=60190
It 990: fitness=60190
It 995: fitness=60190
It 1000: fitness=60190
It 1005: fitness=60190
It 1010: fitness=60190
It 1015: fitness=60190
It 1020: fitness=60190
It 1025: fitness=60190
It 1030: fitness=60190
It 1035: fitness=60190
It 1040: fitness=60190
It 1045: fitness=60190
It 1050: fitness=60190
It 1055: fitness=60190
It 1060: fitness=60190
It 1065: fitness=60190
It 1070: fitness=60190
It 1075: fitness=60190
It 1080: fitness=60190
It 1085: fitness=60190
It 1090: fitness=60190
It 1095: fitness=60190
It 1100: fitness=60190
It 1105: fitness=60190
It 1110: fitness=60190
It 1115: fitness=60190
It 1120: fitness=60190
It 1125: fitness=60190
It 1130: fitness=60190
It 1135: fitness=60190
It 1140: fitness=60190
It 1145: fitness=60190
It 1150: fitness=60190
It 1155: fitness=60190
It 1160: fitness=60190
It 1165: fitness=60190
It 1170: fitness=60190
It 1175: fitness=60190
It 1180: fitness=60190
It 1185: fitness=60190
It 1190: fitness=60190
It 1195: fitness=60190
It 1200: fitness=60190
It 1205: fitness=60190
It 1210: fitness=60190
It 1215: fitness=60190
It 1220: fitness=60190
It 1225: fitness=60190
It 1230: fitness=60190
It 1235: fitness=60190
It 1240: fitness=60190
It 1245: fitness=60190
It 1250: fitness=60190
It 1255: fitness=60190
It 1260: fitness=60190
It 1265: fitness=60190
It 1270: fitness=60190
It 1275: fitness=60190
It 1280: fitness=60190
It 1285: fitness=60190
It 1290: fitness=60190
It 1295: fitness=60190
It 1300: fitness=60190
It 1305: fitness=60190
It 1310: fitness=60190
It 1315: fitness=60190
It 1320: fitness=60190
It 1325: fitness=60190
It 1330: fitness=60190
It 1335: fitness=60190
It 1340: fitness=60190
It 1345: fitness=60190
It 1350: fitness=60190
It 1355: fitness=60190
It 1360: fitness=60190
It 1365: fitness=60190
It 1370: fitness=60190
It 1375: fitness=60190
It 1380: fitness=60190
It 1385: fitness=60190
It 1390: fitness=60190
It 1395: fitness=60190
It 1400: fitness=60190
It 1405: fitness=60190
It 1410: fitness=60190
It 1415: fitness=60190
It 1420: fitness=60190
It 1425: fitness=60190
It 1430: fitness=60190
It 1435: fitness=60190
It 1440: fitness=60190
It 1445: fitness=60190
It 1450: fitness=60190
It 1455: fitness=60190
It 1460: fitness=60190
It 1465: fitness=60190
It 1470: fitness=60190
It 1475: fitness=60190
It 1480: fitness=60190
It 1485: fitness=60190
It 1490: fitness=60190
It 1495: fitness=60190
It 1500: fitness=60190
It 1505: fitness=60190
It 1510: fitness=60190
It 1515: fitness=60190
It 1520: fitness=60190
It 1525: fitness=60190
It 1530: fitness=60190
It 1535: fitness=60190
It 1540: fitness=60190
It 1545: fitness=60190
It 1550: fitness=60190
It 1555: fitness=60190
It 1560: fitness=60190
It 1565: fitness=60190
It 1570: fitness=60190
It 1575: fitness=60190
It 1580: fitness=60190
It 1585: fitness=60190
It 1590: fitness=60190
It 1595: fitness=60190
It 1600: fitness=60190
It 1605: fitness=60190
It 1610: fitness=60190
It 1615: fitness=60190
It 1620: fitness=60190
It 1625: fitness=60190
It 1630: fitness=60190
It 1635: fitness=60190
It 1640: fitness=60190
It 1645: fitness=60190
It 1650: fitness=60190
It 1655: fitness=60190
It 1660: fitness=60190
It 1665: fitness=60190
It 1670: fitness=60190
It 1675: fitness=60190
It 1680: fitness=60190
It 1685: fitness=60190
It 1690: fitness=60190
It 1695: fitness=60190
It 1700: fitness=60190
It 1705: fitness=60190
It 1710: fitness=60190
It 1715: fitness=60190
It 1720: fitness=60190
It 1725: fitness=60190
It 1730: fitness=60190
It 1735: fitness=60190
It 1740: fitness=60190
It 1745: fitness=60190
It 1750: fitness=60190
It 1755: fitness=60190
It 1760: fitness=60190
It 1765: fitness=60190
It 1770: fitness=60190
It 1775: fitness=60190
It 1780: fitness=60190
It 1785: fitness=60190
It 1790: fitness=60190
It 1795: fitness=60190
It 1800: fitness=60190
It 1805: fitness=60190
It 1810: fitness=60190
It 1815: fitness=60190
It 1820: fitness=60190
It 1825: fitness=60190
It 1830: fitness=60190
It 1835: fitness=60190
It 1840: fitness=60190
It 1845: fitness=60190
It 1850: fitness=60190
It 1855: fitness=60190
It 1860: fitness=60190
It 1865: fitness=60190
It 1870: fitness=60190
It 1875: fitness=60190
It 1880: fitness=60190
It 1885: fitness=60190
It 1890: fitness=60190
Maximal number of iterations without improvement reached
>> Resamp_Iter 3 negLL: 60191.68 (ref:  64129.21 )
>> Resamp_params: 0.5658193 0.4877676 0.4337172 0.5623745 0.5794618 0.5493285 0.5999439 0.7097674 0.5467891 0.5875853 0.4781027 0.472801 0.5577171 0.5506391 0.6828364 0.4525324 0.5574002 0.6528389 0.4165594 0.4554129 0.540663 0.5027475 0.5374951 0.6124258 0.5830629 0.489919 0.4910261 0.5714661 0.5273327 0.5873212 0.5559143 0.001 0.9750387 1.029905 -499.9993 -125.6845 0.4344419 
 [1]    0.5616531    0.5857182    0.5515381    0.5487872    0.5436690
 [6]    0.5326105    0.5999994    0.6127043    0.5435578    0.5752417
[11]    0.5403226    0.6599999    0.6199999    0.5482508    0.6396637
[16]    0.7099759    0.5524150    0.5933308    0.6551963    0.5901898
[21]    0.5353083    0.4977788    0.5328646    0.6337159    0.5756330
[26]    0.5774914    0.4900002    0.5706977    0.5274690    0.5792556
[31]    0.5523559    0.0010000    0.9568725    1.3000000 -499.9944096
[36]  -91.9769067    0.4173210
>> sd Resamp 4 : 14 29 2 19 12 9 1 7 8 7 29 14 21 14 29 2 19 17 1 19 27 9 13 10 18 21 28 10 5 20 11 
>> Opt param @ resamp: 110596.3 
S=22, K=3, p=0.1303, w0=0.7213, w1=0.7213, c.p=1.193, c.g=1.193
v.max=NA, d=6.083, vectorize=FALSE, hybrid=off
It 5: fitness=219100
It 10: fitness=195100
It 15: fitness=193700
It 20: fitness=189300
It 25: fitness=166700
It 30: fitness=161900
It 35: fitness=159000
It 40: fitness=150100
It 45: fitness=149200
It 50: fitness=147900
It 55: fitness=135900
It 60: fitness=134300
It 65: fitness=131600
It 70: fitness=129300
It 75: fitness=126600
It 80: fitness=124600
It 85: fitness=120000
It 90: fitness=120000
It 95: fitness=119700
It 100: fitness=119300
It 105: fitness=119200
It 110: fitness=118600
It 115: fitness=118500
It 120: fitness=117200
It 125: fitness=117000
It 130: fitness=116500
It 135: fitness=116200
It 140: fitness=115200
It 145: fitness=114900
It 150: fitness=114400
It 155: fitness=113800
It 160: fitness=113500
It 165: fitness=112900
It 170: fitness=112600
It 175: fitness=112300
It 180: fitness=112000
It 185: fitness=111900
It 190: fitness=111800
It 195: fitness=111700
It 200: fitness=111500
It 205: fitness=111200
It 210: fitness=111100
It 215: fitness=111000
It 220: fitness=111000
It 225: fitness=110900
It 230: fitness=110800
It 235: fitness=110700
It 240: fitness=110500
It 245: fitness=110400
It 250: fitness=110200
It 255: fitness=110100
It 260: fitness=110000
It 265: fitness=110000
It 270: fitness=109900
It 275: fitness=109900
It 280: fitness=109900
It 285: fitness=109800
It 290: fitness=109800
It 295: fitness=109700
It 300: fitness=109700
It 305: fitness=109700
It 310: fitness=109700
It 315: fitness=109700
It 320: fitness=109600
It 325: fitness=109600
It 330: fitness=109600
It 335: fitness=109600
It 340: fitness=109600
It 345: fitness=109600
It 350: fitness=109600
It 355: fitness=109600
It 360: fitness=109600
It 365: fitness=109600
It 370: fitness=109600
It 375: fitness=109600
It 380: fitness=109600
It 385: fitness=109600
It 390: fitness=109600
It 395: fitness=109600
It 400: fitness=109600
It 405: fitness=109600
It 410: fitness=109600
It 415: fitness=109600
It 420: fitness=109600
It 425: fitness=109600
It 430: fitness=109600
It 435: fitness=109600
It 440: fitness=109600
It 445: fitness=109600
It 450: fitness=109600
It 455: fitness=109600
It 460: fitness=109600
It 465: fitness=109600
It 470: fitness=109600
It 475: fitness=109600
It 480: fitness=109600
It 485: fitness=109600
It 490: fitness=109600
It 495: fitness=109600
It 500: fitness=109600
It 505: fitness=109600
It 510: fitness=109600
It 515: fitness=109600
It 520: fitness=109600
It 525: fitness=109600
It 530: fitness=109500
It 535: fitness=109500
It 540: fitness=109500
It 545: fitness=109500
It 550: fitness=109500
It 555: fitness=109500
It 560: fitness=109500
It 565: fitness=109500
It 570: fitness=109500
It 575: fitness=109500
It 580: fitness=109500
It 585: fitness=109500
It 590: fitness=109500
It 595: fitness=109500
It 600: fitness=109500
It 605: fitness=109500
It 610: fitness=109500
It 615: fitness=109500
It 620: fitness=109500
It 625: fitness=109500
It 630: fitness=109500
It 635: fitness=109500
It 640: fitness=109500
It 645: fitness=109500
It 650: fitness=109500
It 655: fitness=109500
It 660: fitness=109500
It 665: fitness=109500
It 670: fitness=109500
It 675: fitness=109500
It 680: fitness=109500
It 685: fitness=109500
It 690: fitness=109500
It 695: fitness=109500
It 700: fitness=109500
It 705: fitness=109500
It 710: fitness=109500
It 715: fitness=109500
It 720: fitness=109500
It 725: fitness=109500
It 730: fitness=109500
It 735: fitness=109500
It 740: fitness=109500
It 745: fitness=109500
It 750: fitness=109500
It 755: fitness=109500
It 760: fitness=109500
It 765: fitness=109500
It 770: fitness=109500
It 775: fitness=109500
It 780: fitness=109500
It 785: fitness=109500
It 790: fitness=109500
It 795: fitness=109500
It 800: fitness=109500
It 805: fitness=109500
It 810: fitness=109500
It 815: fitness=109500
It 820: fitness=109500
It 825: fitness=109500
It 830: fitness=109500
It 835: fitness=109500
It 840: fitness=109500
It 845: fitness=109500
It 850: fitness=109500
It 855: fitness=109500
It 860: fitness=109500
It 865: fitness=109500
It 870: fitness=109500
It 875: fitness=109500
It 880: fitness=109500
It 885: fitness=109500
It 890: fitness=109500
It 895: fitness=109500
It 900: fitness=109500
It 905: fitness=109500
It 910: fitness=109500
It 915: fitness=109500
It 920: fitness=109500
It 925: fitness=109500
It 930: fitness=109500
It 935: fitness=109500
It 940: fitness=109500
It 945: fitness=109500
It 950: fitness=109500
It 955: fitness=109500
It 960: fitness=109500
It 965: fitness=109500
It 970: fitness=109500
It 975: fitness=109500
It 980: fitness=109500
It 985: fitness=109500
It 990: fitness=109500
It 995: fitness=109500
It 1000: fitness=109500
It 1005: fitness=109500
It 1010: fitness=109500
It 1015: fitness=109500
It 1020: fitness=109500
It 1025: fitness=109500
It 1030: fitness=109500
It 1035: fitness=109500
Maximal number of iterations without improvement reached
>> Resamp_Iter 4 negLL: 109548.6 (ref:  110596.3 )
>> Resamp_params: 0.5643249 0.5963979 0.6069856 0.5990817 0.62 0.629057 0.5968971 0.6159404 0.5460537 0.5787287 0.5445027 0.6599993 0.5504909 0.5519814 0.6215791 0.5890817 0.5551734 0.6007951 0.6509943 0.5899294 0.5383179 0.5841486 0.5095766 0.7103783 0.6383199 0.4890309 0.4900035 0.5728271 0.5277345 0.6602671 0.5506792 0.001 0.9507159 1.21654 -499.9875 -86.63852 0.415236 
 [1]    0.5616531    0.5857182    0.5515381    0.5487872    0.5436690
 [6]    0.5326105    0.5999994    0.6127043    0.5435578    0.5752417
[11]    0.5403226    0.6599999    0.6199999    0.5482508    0.6396637
[16]    0.7099759    0.5524150    0.5933308    0.6551963    0.5901898
[21]    0.5353083    0.4977788    0.5328646    0.6337159    0.5756330
[26]    0.5774914    0.4900002    0.5706977    0.5274690    0.5792556
[31]    0.5523559    0.0010000    0.9568725    1.3000000 -499.9944096
[36]  -91.9769067    0.4173210
>> sd Resamp 5 : 29 8 3 28 15 25 21 7 24 5 27 10 14 31 15 20 6 18 30 29 1 8 14 10 30 15 11 15 8 21 10 
>> Opt param @ resamp: 94155.17 
S=22, K=3, p=0.1303, w0=0.7213, w1=0.7213, c.p=1.193, c.g=1.193
v.max=NA, d=6.083, vectorize=FALSE, hybrid=off
It 5: fitness=210500
It 10: fitness=158400
It 15: fitness=148800
It 20: fitness=134200
It 25: fitness=127200
It 30: fitness=127200
It 35: fitness=113200
It 40: fitness=110700
It 45: fitness=110700
It 50: fitness=110700
It 55: fitness=110100
It 60: fitness=108700
It 65: fitness=108400
It 70: fitness=105900
It 75: fitness=105400
It 80: fitness=104600
It 85: fitness=104000
It 90: fitness=103200
It 95: fitness=103200
It 100: fitness=102300
It 105: fitness=100800
It 110: fitness=100800
It 115: fitness=100200
It 120: fitness=98610
It 125: fitness=98030
It 130: fitness=97530
It 135: fitness=97300
It 140: fitness=97120
It 145: fitness=97090
It 150: fitness=96930
It 155: fitness=96820
It 160: fitness=96730
It 165: fitness=96620
It 170: fitness=96580
It 175: fitness=96510
It 180: fitness=96500
It 185: fitness=96430
It 190: fitness=96390
It 195: fitness=96180
It 200: fitness=96120
It 205: fitness=96030
It 210: fitness=95910
It 215: fitness=95840
It 220: fitness=95790
It 225: fitness=95770
It 230: fitness=95740
It 235: fitness=95730
It 240: fitness=95700
It 245: fitness=95690
It 250: fitness=95670
It 255: fitness=95650
It 260: fitness=95640
It 265: fitness=95630
It 270: fitness=95600
It 275: fitness=95470
It 280: fitness=94290
It 285: fitness=93640
It 290: fitness=93610
It 295: fitness=93510
It 300: fitness=93320
It 305: fitness=93250
It 310: fitness=93160
It 315: fitness=93120
It 320: fitness=93060
It 325: fitness=93020
It 330: fitness=92950
It 335: fitness=92900
It 340: fitness=92880
It 345: fitness=92880
It 350: fitness=92800
It 355: fitness=92790
It 360: fitness=92790
It 365: fitness=92770
It 370: fitness=92730
It 375: fitness=92720
It 380: fitness=92720
It 385: fitness=92690
It 390: fitness=92680
It 395: fitness=92660
It 400: fitness=92640
It 405: fitness=92620
It 410: fitness=92620
It 415: fitness=92590
It 420: fitness=92590
It 425: fitness=92590
It 430: fitness=92580
It 435: fitness=92570
It 440: fitness=92570
It 445: fitness=92570
It 450: fitness=92560
It 455: fitness=92550
It 460: fitness=92550
It 465: fitness=92550
It 470: fitness=92550
It 475: fitness=92550
It 480: fitness=92540
It 485: fitness=92540
It 490: fitness=92540
It 495: fitness=92540
It 500: fitness=92540
It 505: fitness=92540
It 510: fitness=92540
It 515: fitness=92540
It 520: fitness=92530
It 525: fitness=92530
It 530: fitness=92530
It 535: fitness=92530
It 540: fitness=92530
It 545: fitness=92530
It 550: fitness=92530
It 555: fitness=92530
It 560: fitness=92530
It 565: fitness=92530
It 570: fitness=92530
It 575: fitness=92530
It 580: fitness=92530
It 585: fitness=92530
It 590: fitness=92530
It 595: fitness=92530
It 600: fitness=92530
It 605: fitness=92530
It 610: fitness=92530
It 615: fitness=92530
It 620: fitness=92530
It 625: fitness=92520
It 630: fitness=92520
It 635: fitness=92520
It 640: fitness=92520
It 645: fitness=92520
It 650: fitness=92520
It 655: fitness=92520
It 660: fitness=92520
It 665: fitness=92520
It 670: fitness=92520
It 675: fitness=92520
It 680: fitness=92520
It 685: fitness=92520
It 690: fitness=92520
It 695: fitness=92520
It 700: fitness=92520
It 705: fitness=92520
It 710: fitness=92520
It 715: fitness=92520
It 720: fitness=92520
It 725: fitness=92520
It 730: fitness=92520
It 735: fitness=92520
It 740: fitness=92520
It 745: fitness=92520
It 750: fitness=92520
It 755: fitness=92520
It 760: fitness=92520
It 765: fitness=92520
It 770: fitness=92520
It 775: fitness=92520
It 780: fitness=92520
It 785: fitness=92520
It 790: fitness=92520
It 795: fitness=92520
It 800: fitness=92520
It 805: fitness=92520
It 810: fitness=92520
It 815: fitness=92520
It 820: fitness=92520
It 825: fitness=92520
It 830: fitness=92520
It 835: fitness=92520
It 840: fitness=92520
It 845: fitness=92520
It 850: fitness=92520
It 855: fitness=92520
It 860: fitness=92520
It 865: fitness=92520
It 870: fitness=92520
It 875: fitness=92520
It 880: fitness=92520
It 885: fitness=92520
It 890: fitness=92520
It 895: fitness=92520
It 900: fitness=92520
It 905: fitness=92520
It 910: fitness=92520
It 915: fitness=92520
It 920: fitness=92520
It 925: fitness=92520
It 930: fitness=92520
It 935: fitness=92520
It 940: fitness=92520
It 945: fitness=92520
It 950: fitness=92520
It 955: fitness=92520
It 960: fitness=92520
It 965: fitness=92520
It 970: fitness=92520
It 975: fitness=92520
It 980: fitness=92520
It 985: fitness=92520
It 990: fitness=92520
It 995: fitness=92520
It 1000: fitness=92520
It 1005: fitness=92520
It 1010: fitness=92520
It 1015: fitness=92520
It 1020: fitness=92520
It 1025: fitness=92520
It 1030: fitness=92520
It 1035: fitness=92520
It 1040: fitness=92520
It 1045: fitness=92520
It 1050: fitness=92520
It 1055: fitness=92520
It 1060: fitness=92520
It 1065: fitness=92520
It 1070: fitness=92520
It 1075: fitness=92520
It 1080: fitness=92520
It 1085: fitness=92520
It 1090: fitness=92520
It 1095: fitness=92520
It 1100: fitness=92520
It 1105: fitness=92520
It 1110: fitness=92520
It 1115: fitness=92520
It 1120: fitness=92520
It 1125: fitness=92520
It 1130: fitness=92520
It 1135: fitness=92520
It 1140: fitness=92520
It 1145: fitness=92520
It 1150: fitness=92520
It 1155: fitness=92520
It 1160: fitness=92520
It 1165: fitness=92520
It 1170: fitness=92520
It 1175: fitness=92520
It 1180: fitness=92520
It 1185: fitness=92520
It 1190: fitness=92520
It 1195: fitness=92520
It 1200: fitness=92520
It 1205: fitness=92520
It 1210: fitness=92520
It 1215: fitness=92520
It 1220: fitness=92520
It 1225: fitness=92520
It 1230: fitness=92520
Maximal number of iterations without improvement reached
>> Resamp_Iter 5 negLL: 92522.08 (ref:  94155.17 )
>> Resamp_params: 0.5626274 0.6404776 0.5498156 0.4728092 0.6199993 0.5339499 0.5974871 0.6113159 0.6054534 0.5796552 0.5413487 0.4820578 0.4785943 0.5455888 0.6476851 0.6613441 0.53358 0.5896698 0.4005478 0.5872377 0.5360777 0.480288 0.5469393 0.6571278 0.574665 0.6081799 0.490001 0.5689015 0.5272069 0.5784795 0.5566531 0.001 0.9800602 1.229687 -499.9845 -73.6161 0.3940789 
 [1]    0.5616531    0.5857182    0.5515381    0.5487872    0.5436690
 [6]    0.5326105    0.5999994    0.6127043    0.5435578    0.5752417
[11]    0.5403226    0.6599999    0.6199999    0.5482508    0.6396637
[16]    0.7099759    0.5524150    0.5933308    0.6551963    0.5901898
[21]    0.5353083    0.4977788    0.5328646    0.6337159    0.5756330
[26]    0.5774914    0.4900002    0.5706977    0.5274690    0.5792556
[31]    0.5523559    0.0010000    0.9568725    1.3000000 -499.9944096
[36]  -91.9769067    0.4173210
>> sd Resamp 6 : 20 18 27 15 19 16 8 30 26 30 15 3 26 4 14 13 30 22 7 22 27 23 12 22 15 10 13 13 12 24 23 
>> Opt param @ resamp: 76622.65 
S=22, K=3, p=0.1303, w0=0.7213, w1=0.7213, c.p=1.193, c.g=1.193
v.max=NA, d=6.083, vectorize=FALSE, hybrid=off
It 5: fitness=149600
It 10: fitness=138400
It 15: fitness=134100
It 20: fitness=122900
It 25: fitness=122900
It 30: fitness=119100
It 35: fitness=113800
It 40: fitness=113000
It 45: fitness=107800
It 50: fitness=102100
It 55: fitness=99380
It 60: fitness=98490
It 65: fitness=96380
It 70: fitness=91900
It 75: fitness=91670
It 80: fitness=91600
It 85: fitness=90540
It 90: fitness=88610
It 95: fitness=87700
It 100: fitness=86050
It 105: fitness=84800
It 110: fitness=83220
It 115: fitness=81900
It 120: fitness=81680
It 125: fitness=80330
It 130: fitness=79960
It 135: fitness=79760
It 140: fitness=79120
It 145: fitness=78820
It 150: fitness=78540
It 155: fitness=78030
It 160: fitness=77730
It 165: fitness=77290
It 170: fitness=77260
It 175: fitness=76910
It 180: fitness=76910
It 185: fitness=76820
It 190: fitness=76820
It 195: fitness=76770
It 200: fitness=76730
It 205: fitness=76380
It 210: fitness=76340
It 215: fitness=76180
It 220: fitness=76180
It 225: fitness=76120
It 230: fitness=75990
It 235: fitness=75990
It 240: fitness=75980
It 245: fitness=75930
It 250: fitness=75920
It 255: fitness=75880
It 260: fitness=75870
It 265: fitness=75850
It 270: fitness=75840
It 275: fitness=75830
It 280: fitness=75810
It 285: fitness=75800
It 290: fitness=75790
It 295: fitness=75780
It 300: fitness=75770
It 305: fitness=75760
It 310: fitness=75760
It 315: fitness=75760
It 320: fitness=75750
It 325: fitness=75740
It 330: fitness=75740
It 335: fitness=75740
It 340: fitness=75730
It 345: fitness=75730
It 350: fitness=75720
It 355: fitness=75720
It 360: fitness=75710
It 365: fitness=75710
It 370: fitness=75700
It 375: fitness=75700
It 380: fitness=75700
It 385: fitness=75700
It 390: fitness=75690
It 395: fitness=75690
It 400: fitness=75690
It 405: fitness=75690
It 410: fitness=75690
It 415: fitness=75690
It 420: fitness=75680
It 425: fitness=75680
It 430: fitness=75680
It 435: fitness=75680
It 440: fitness=75680
It 445: fitness=75680
It 450: fitness=75680
It 455: fitness=75680
It 460: fitness=75680
It 465: fitness=75680
It 470: fitness=75670
It 475: fitness=75670
It 480: fitness=75670
It 485: fitness=75670
It 490: fitness=75670
It 495: fitness=75670
It 500: fitness=75670
It 505: fitness=75670
It 510: fitness=75670
It 515: fitness=75670
It 520: fitness=75670
It 525: fitness=75660
It 530: fitness=75660
It 535: fitness=75660
It 540: fitness=75660
It 545: fitness=75660
It 550: fitness=75660
It 555: fitness=75660
It 560: fitness=75660
It 565: fitness=75660
It 570: fitness=75660
It 575: fitness=75660
It 580: fitness=75660
It 585: fitness=75660
It 590: fitness=75660
It 595: fitness=75660
It 600: fitness=75660
It 605: fitness=75660
It 610: fitness=75660
It 615: fitness=75660
It 620: fitness=75650
It 625: fitness=75650
It 630: fitness=75650
It 635: fitness=75650
It 640: fitness=75650
It 645: fitness=75650
It 650: fitness=75650
It 655: fitness=75650
It 660: fitness=75650
It 665: fitness=75650
It 670: fitness=75650
It 675: fitness=75650
It 680: fitness=75650
It 685: fitness=75650
It 690: fitness=75650
It 695: fitness=75650
It 700: fitness=75650
It 705: fitness=75650
It 710: fitness=75650
It 715: fitness=75650
It 720: fitness=75650
It 725: fitness=75650
It 730: fitness=75650
It 735: fitness=75650
It 740: fitness=75650
It 745: fitness=75650
It 750: fitness=75650
It 755: fitness=75650
It 760: fitness=75650
It 765: fitness=75650
It 770: fitness=75650
It 775: fitness=75650
It 780: fitness=75640
It 785: fitness=75640
It 790: fitness=75640
It 795: fitness=75640
It 800: fitness=75640
It 805: fitness=75640
It 810: fitness=75640
It 815: fitness=75640
It 820: fitness=75640
It 825: fitness=75640
It 830: fitness=75640
It 835: fitness=75640
It 840: fitness=75640
It 845: fitness=75640
It 850: fitness=75640
It 855: fitness=75640
It 860: fitness=75640
It 865: fitness=75640
It 870: fitness=75640
It 875: fitness=75640
It 880: fitness=75640
It 885: fitness=75640
It 890: fitness=75640
It 895: fitness=75640
It 900: fitness=75640
It 905: fitness=75640
It 910: fitness=75640
It 915: fitness=75640
It 920: fitness=75640
It 925: fitness=75640
It 930: fitness=75640
It 935: fitness=75640
It 940: fitness=75640
It 945: fitness=75640
It 950: fitness=75640
It 955: fitness=75640
It 960: fitness=75640
It 965: fitness=75640
It 970: fitness=75640
It 975: fitness=75640
It 980: fitness=75640
It 985: fitness=75640
It 990: fitness=75640
It 995: fitness=75640
It 1000: fitness=75640
It 1005: fitness=75640
It 1010: fitness=75640
It 1015: fitness=75640
It 1020: fitness=75640
It 1025: fitness=75640
It 1030: fitness=75640
It 1035: fitness=75640
It 1040: fitness=75640
It 1045: fitness=75640
It 1050: fitness=75640
It 1055: fitness=75640
It 1060: fitness=75640
It 1065: fitness=75640
It 1070: fitness=75640
It 1075: fitness=75640
It 1080: fitness=75640
It 1085: fitness=75640
It 1090: fitness=75640
It 1095: fitness=75640
It 1100: fitness=75640
It 1105: fitness=75640
It 1110: fitness=75640
It 1115: fitness=75640
It 1120: fitness=75640
It 1125: fitness=75640
It 1130: fitness=75640
It 1135: fitness=75640
It 1140: fitness=75640
It 1145: fitness=75640
It 1150: fitness=75640
It 1155: fitness=75640
It 1160: fitness=75640
It 1165: fitness=75640
It 1170: fitness=75640
It 1175: fitness=75640
It 1180: fitness=75640
It 1185: fitness=75640
It 1190: fitness=75640
It 1195: fitness=75640
It 1200: fitness=75640
It 1205: fitness=75640
It 1210: fitness=75640
It 1215: fitness=75640
It 1220: fitness=75640
It 1225: fitness=75640
It 1230: fitness=75640
It 1235: fitness=75640
It 1240: fitness=75640
It 1245: fitness=75640
It 1250: fitness=75640
It 1255: fitness=75640
It 1260: fitness=75640
It 1265: fitness=75640
It 1270: fitness=75640
It 1275: fitness=75640
It 1280: fitness=75640
It 1285: fitness=75640
It 1290: fitness=75640
It 1295: fitness=75640
It 1300: fitness=75640
It 1305: fitness=75640
It 1310: fitness=75640
It 1315: fitness=75640
It 1320: fitness=75640
It 1325: fitness=75640
It 1330: fitness=75640
It 1335: fitness=75640
It 1340: fitness=75640
It 1345: fitness=75640
It 1350: fitness=75640
It 1355: fitness=75640
It 1360: fitness=75640
It 1365: fitness=75640
It 1370: fitness=75640
It 1375: fitness=75640
It 1380: fitness=75640
It 1385: fitness=75640
It 1390: fitness=75640
It 1395: fitness=75640
It 1400: fitness=75640
It 1405: fitness=75640
It 1410: fitness=75640
It 1415: fitness=75640
It 1420: fitness=75640
It 1425: fitness=75640
It 1430: fitness=75640
It 1435: fitness=75640
It 1440: fitness=75640
It 1445: fitness=75640
It 1450: fitness=75640
It 1455: fitness=75640
It 1460: fitness=75640
It 1465: fitness=75640
It 1470: fitness=75640
It 1475: fitness=75640
It 1480: fitness=75640
It 1485: fitness=75640
It 1490: fitness=75640
It 1495: fitness=75640
It 1500: fitness=75640
It 1505: fitness=75640
It 1510: fitness=75640
It 1515: fitness=75640
It 1520: fitness=75640
It 1525: fitness=75640
It 1530: fitness=75640
It 1535: fitness=75640
It 1540: fitness=75640
It 1545: fitness=75640
It 1550: fitness=75640
It 1555: fitness=75640
It 1560: fitness=75640
It 1565: fitness=75640
It 1570: fitness=75640
It 1575: fitness=75640
It 1580: fitness=75640
It 1585: fitness=75640
It 1590: fitness=75640
It 1595: fitness=75640
It 1600: fitness=75640
It 1605: fitness=75640
It 1610: fitness=75640
It 1615: fitness=75640
It 1620: fitness=75640
It 1625: fitness=75640
It 1630: fitness=75640
It 1635: fitness=75640
It 1640: fitness=75640
It 1645: fitness=75640
It 1650: fitness=75640
It 1655: fitness=75640
It 1660: fitness=75640
It 1665: fitness=75640
It 1670: fitness=75640
It 1675: fitness=75640
It 1680: fitness=75640
It 1685: fitness=75640
It 1690: fitness=75640
It 1695: fitness=75640
It 1700: fitness=75640
It 1705: fitness=75640
It 1710: fitness=75640
It 1715: fitness=75640
It 1720: fitness=75640
It 1725: fitness=75640
It 1730: fitness=75640
It 1735: fitness=75640
It 1740: fitness=75640
It 1745: fitness=75640
It 1750: fitness=75640
It 1755: fitness=75640
It 1760: fitness=75640
It 1765: fitness=75640
It 1770: fitness=75640
It 1775: fitness=75640
It 1780: fitness=75640
It 1785: fitness=75640
It 1790: fitness=75640
It 1795: fitness=75640
It 1800: fitness=75640
It 1805: fitness=75640
It 1810: fitness=75640
It 1815: fitness=75640
It 1820: fitness=75640
It 1825: fitness=75640
It 1830: fitness=75640
It 1835: fitness=75640
It 1840: fitness=75640
It 1845: fitness=75640
It 1850: fitness=75640
It 1855: fitness=75640
It 1860: fitness=75640
It 1865: fitness=75640
It 1870: fitness=75640
It 1875: fitness=75640
It 1880: fitness=75640
It 1885: fitness=75640
It 1890: fitness=75640
It 1895: fitness=75640
It 1900: fitness=75640
It 1905: fitness=75640
Maximal number of iterations without improvement reached
>> Resamp_Iter 6 negLL: 75639.78 (ref:  76622.65 )
>> Resamp_params: 0.5474567 0.635844 0.5479148 0.546332 0.4607839 0.628214 0.5217366 0.6149195 0.618774 0.5710667 0.6246126 0.66 0.5453787 0.5508032 0.6376806 0.5859687 0.6310869 0.4100003 0.6531961 0.5875368 0.5747834 0.4989985 0.5346551 0.6296332 0.679952 0.5749237 0.490003 0.5445968 0.4586189 0.5814785 0.5857903 0.001 0.95266 1.3 -447.023 -106.087 0.4187066 
 [1]    0.5616531    0.5857182    0.5515381    0.5487872    0.5436690
 [6]    0.5326105    0.5999994    0.6127043    0.5435578    0.5752417
[11]    0.5403226    0.6599999    0.6199999    0.5482508    0.6396637
[16]    0.7099759    0.5524150    0.5933308    0.6551963    0.5901898
[21]    0.5353083    0.4977788    0.5328646    0.6337159    0.5756330
[26]    0.5774914    0.4900002    0.5706977    0.5274690    0.5792556
[31]    0.5523559    0.0010000    0.9568725    1.3000000 -499.9944096
[36]  -91.9769067    0.4173210
>> sd Resamp 7 : 11 24 24 25 23 17 19 26 14 15 16 29 30 22 4 5 26 27 25 31 14 20 30 21 31 21 16 19 22 15 12 
>> Opt param @ resamp: 73368.71 
S=22, K=3, p=0.1303, w0=0.7213, w1=0.7213, c.p=1.193, c.g=1.193
v.max=NA, d=6.083, vectorize=FALSE, hybrid=off
It 5: fitness=176300
It 10: fitness=152900
It 15: fitness=126400
It 20: fitness=120800
It 25: fitness=112300
It 30: fitness=112300
It 35: fitness=110400
It 40: fitness=107500
It 45: fitness=103300
It 50: fitness=102800
It 55: fitness=100800
It 60: fitness=97790
It 65: fitness=95180
It 70: fitness=92290
It 75: fitness=91260
It 80: fitness=89160
It 85: fitness=88870
It 90: fitness=88570
It 95: fitness=84590
It 100: fitness=83620
It 105: fitness=82560
It 110: fitness=81030
It 115: fitness=79470
It 120: fitness=79270
It 125: fitness=78090
It 130: fitness=77520
It 135: fitness=77210
It 140: fitness=76700
It 145: fitness=76290
It 150: fitness=75850
It 155: fitness=75830
It 160: fitness=75520
It 165: fitness=75370
It 170: fitness=74670
It 175: fitness=74460
It 180: fitness=74200
It 185: fitness=74200
It 190: fitness=73880
It 195: fitness=73830
It 200: fitness=73660
It 205: fitness=73630
It 210: fitness=73500
It 215: fitness=73220
It 220: fitness=73070
It 225: fitness=73010
It 230: fitness=72820
It 235: fitness=72640
It 240: fitness=72540
It 245: fitness=72350
It 250: fitness=72090
It 255: fitness=72050
It 260: fitness=71970
It 265: fitness=71900
It 270: fitness=71740
It 275: fitness=71660
It 280: fitness=71630
It 285: fitness=71460
It 290: fitness=71380
It 295: fitness=71330
It 300: fitness=71260
It 305: fitness=71250
It 310: fitness=71150
It 315: fitness=71110
It 320: fitness=71050
It 325: fitness=71000
It 330: fitness=70950
It 335: fitness=70910
It 340: fitness=70880
It 345: fitness=70860
It 350: fitness=70860
It 355: fitness=70820
It 360: fitness=70810
It 365: fitness=70750
It 370: fitness=70730
It 375: fitness=70700
It 380: fitness=70700
It 385: fitness=70690
It 390: fitness=70670
It 395: fitness=70660
It 400: fitness=70600
It 405: fitness=70590
It 410: fitness=70550
It 415: fitness=70550
It 420: fitness=70520
It 425: fitness=70510
It 430: fitness=70490
It 435: fitness=70480
It 440: fitness=70460
It 445: fitness=70450
It 450: fitness=70430
It 455: fitness=70420
It 460: fitness=70410
It 465: fitness=70400
It 470: fitness=70400
It 475: fitness=70400
It 480: fitness=70390
It 485: fitness=70380
It 490: fitness=70370
It 495: fitness=70370
It 500: fitness=70370
It 505: fitness=70360
It 510: fitness=70360
It 515: fitness=70350
It 520: fitness=70350
It 525: fitness=70340
It 530: fitness=70340
It 535: fitness=70330
It 540: fitness=70330
It 545: fitness=70330
It 550: fitness=70330
It 555: fitness=70320
It 560: fitness=70320
It 565: fitness=70320
It 570: fitness=70320
It 575: fitness=70320
It 580: fitness=70320
It 585: fitness=70320
It 590: fitness=70320
It 595: fitness=70310
It 600: fitness=70310
It 605: fitness=70310
It 610: fitness=70310
It 615: fitness=70310
It 620: fitness=70310
It 625: fitness=70310
It 630: fitness=70310
It 635: fitness=70310
It 640: fitness=70310
It 645: fitness=70310
It 650: fitness=70310
It 655: fitness=70310
It 660: fitness=70310
It 665: fitness=70310
It 670: fitness=70310
It 675: fitness=70310
It 680: fitness=70310
It 685: fitness=70310
It 690: fitness=70310
It 695: fitness=70310
It 700: fitness=70310
It 705: fitness=70310
It 710: fitness=70310
It 715: fitness=70310
It 720: fitness=70310
It 725: fitness=70310
It 730: fitness=70300
It 735: fitness=70300
It 740: fitness=70300
It 745: fitness=70300
It 750: fitness=70300
It 755: fitness=70300
It 760: fitness=70300
It 765: fitness=70300
It 770: fitness=70300
It 775: fitness=70300
It 780: fitness=70300
It 785: fitness=70300
It 790: fitness=70300
It 795: fitness=70300
It 800: fitness=70300
It 805: fitness=70300
It 810: fitness=70300
It 815: fitness=70300
It 820: fitness=70300
It 825: fitness=70300
It 830: fitness=70300
It 835: fitness=70300
It 840: fitness=70300
It 845: fitness=70300
It 850: fitness=70300
It 855: fitness=70300
It 860: fitness=70300
It 865: fitness=70300
It 870: fitness=70300
It 875: fitness=70300
It 880: fitness=70300
It 885: fitness=70300
It 890: fitness=70300
It 895: fitness=70300
It 900: fitness=70300
It 905: fitness=70300
It 910: fitness=70300
It 915: fitness=70300
It 920: fitness=70300
It 925: fitness=70300
It 930: fitness=70300
It 935: fitness=70300
It 940: fitness=70300
It 945: fitness=70300
It 950: fitness=70300
It 955: fitness=70300
It 960: fitness=70300
It 965: fitness=70300
It 970: fitness=70300
It 975: fitness=70300
It 980: fitness=70300
It 985: fitness=70300
It 990: fitness=70300
It 995: fitness=70300
It 1000: fitness=70300
It 1005: fitness=70300
It 1010: fitness=70300
It 1015: fitness=70300
It 1020: fitness=70300
It 1025: fitness=70300
It 1030: fitness=70300
It 1035: fitness=70300
It 1040: fitness=70300
It 1045: fitness=70300
It 1050: fitness=70300
It 1055: fitness=70300
It 1060: fitness=70300
It 1065: fitness=70300
It 1070: fitness=70300
It 1075: fitness=70300
It 1080: fitness=70300
It 1085: fitness=70300
It 1090: fitness=70300
It 1095: fitness=70300
It 1100: fitness=70300
It 1105: fitness=70300
It 1110: fitness=70300
It 1115: fitness=70300
It 1120: fitness=70300
It 1125: fitness=70300
It 1130: fitness=70300
It 1135: fitness=70300
It 1140: fitness=70300
It 1145: fitness=70300
It 1150: fitness=70300
It 1155: fitness=70300
It 1160: fitness=70300
It 1165: fitness=70300
It 1170: fitness=70300
It 1175: fitness=70300
It 1180: fitness=70300
It 1185: fitness=70300
It 1190: fitness=70300
It 1195: fitness=70300
It 1200: fitness=70300
It 1205: fitness=70300
It 1210: fitness=70300
It 1215: fitness=70300
It 1220: fitness=70300
It 1225: fitness=70300
It 1230: fitness=70300
It 1235: fitness=70300
It 1240: fitness=70300
It 1245: fitness=70300
It 1250: fitness=70300
It 1255: fitness=70300
It 1260: fitness=70300
It 1265: fitness=70300
It 1270: fitness=70300
It 1275: fitness=70300
It 1280: fitness=70300
It 1285: fitness=70300
It 1290: fitness=70300
It 1295: fitness=70300
It 1300: fitness=70300
It 1305: fitness=70300
It 1310: fitness=70300
It 1315: fitness=70300
It 1320: fitness=70300
It 1325: fitness=70300
It 1330: fitness=70300
It 1335: fitness=70300
It 1340: fitness=70300
It 1345: fitness=70300
It 1350: fitness=70300
It 1355: fitness=70300
It 1360: fitness=70300
It 1365: fitness=70300
It 1370: fitness=70300
It 1375: fitness=70300
It 1380: fitness=70300
It 1385: fitness=70300
It 1390: fitness=70300
It 1395: fitness=70300
It 1400: fitness=70300
It 1405: fitness=70300
It 1410: fitness=70300
It 1415: fitness=70300
It 1420: fitness=70300
It 1425: fitness=70300
It 1430: fitness=70300
It 1435: fitness=70300
It 1440: fitness=70300
It 1445: fitness=70300
It 1450: fitness=70300
It 1455: fitness=70300
It 1460: fitness=70300
It 1465: fitness=70300
It 1470: fitness=70300
It 1475: fitness=70300
It 1480: fitness=70300
It 1485: fitness=70300
It 1490: fitness=70300
It 1495: fitness=70300
It 1500: fitness=70300
It 1505: fitness=70300
It 1510: fitness=70300
It 1515: fitness=70300
It 1520: fitness=70300
It 1525: fitness=70300
It 1530: fitness=70300
It 1535: fitness=70300
It 1540: fitness=70300
It 1545: fitness=70300
It 1550: fitness=70300
It 1555: fitness=70300
It 1560: fitness=70300
It 1565: fitness=70300
It 1570: fitness=70300
It 1575: fitness=70300
It 1580: fitness=70300
It 1585: fitness=70300
It 1590: fitness=70300
It 1595: fitness=70300
It 1600: fitness=70300
It 1605: fitness=70300
It 1610: fitness=70300
It 1615: fitness=70300
It 1620: fitness=70300
It 1625: fitness=70300
It 1630: fitness=70300
It 1635: fitness=70300
It 1640: fitness=70300
It 1645: fitness=70300
It 1650: fitness=70300
It 1655: fitness=70300
It 1660: fitness=70300
It 1665: fitness=70300
It 1670: fitness=70300
It 1675: fitness=70300
It 1680: fitness=70300
It 1685: fitness=70300
It 1690: fitness=70300
It 1695: fitness=70300
It 1700: fitness=70300
It 1705: fitness=70300
It 1710: fitness=70300
It 1715: fitness=70300
It 1720: fitness=70300
It 1725: fitness=70300
It 1730: fitness=70300
It 1735: fitness=70300
It 1740: fitness=70300
It 1745: fitness=70300
It 1750: fitness=70300
It 1755: fitness=70300
It 1760: fitness=70300
It 1765: fitness=70300
It 1770: fitness=70300
It 1775: fitness=70300
It 1780: fitness=70300
It 1785: fitness=70300
It 1790: fitness=70300
It 1795: fitness=70300
It 1800: fitness=70300
It 1805: fitness=70300
It 1810: fitness=70300
It 1815: fitness=70300
It 1820: fitness=70300
It 1825: fitness=70300
It 1830: fitness=70300
It 1835: fitness=70300
It 1840: fitness=70300
It 1845: fitness=70300
It 1850: fitness=70300
It 1855: fitness=70300
It 1860: fitness=70300
It 1865: fitness=70300
It 1870: fitness=70300
It 1875: fitness=70300
It 1880: fitness=70300
It 1885: fitness=70300
It 1890: fitness=70300
It 1895: fitness=70300
It 1900: fitness=70300
It 1905: fitness=70300
It 1910: fitness=70300
It 1915: fitness=70300
It 1920: fitness=70300
It 1925: fitness=70300
Maximal number of iterations without improvement reached
>> Resamp_Iter 7 negLL: 70301.96 (ref:  73368.71 )
>> Resamp_params: 0.6537766 0.6874715 0.4510398 0.5440382 0.5379181 0.5347063 0.4951615 0.5782451 0.6293154 0.615911 0.5394966 0.6599995 0.5563635 0.5495635 0.6315322 0.5876914 0.5481428 0.71 0.6495242 0.5900566 0.5324474 0.4942494 0.5310582 0.6069991 0.578029 0.5715962 0.4900088 0.5811843 0.522981 0.5823244 0.5500001 0.001 0.9100664 1.299998 -332.5365 -90.60685 0.4194784 
 [1]    0.5616531    0.5857182    0.5515381    0.5487872    0.5436690
 [6]    0.5326105    0.5999994    0.6127043    0.5435578    0.5752417
[11]    0.5403226    0.6599999    0.6199999    0.5482508    0.6396637
[16]    0.7099759    0.5524150    0.5933308    0.6551963    0.5901898
[21]    0.5353083    0.4977788    0.5328646    0.6337159    0.5756330
[26]    0.5774914    0.4900002    0.5706977    0.5274690    0.5792556
[31]    0.5523559    0.0010000    0.9568725    1.3000000 -499.9944096
[36]  -91.9769067    0.4173210
>> sd Resamp 8 : 4 15 26 8 4 26 23 28 5 20 17 31 17 18 22 14 25 8 8 11 21 18 28 15 27 13 16 9 25 13 16 
>> Opt param @ resamp: 66604.02 
S=22, K=3, p=0.1303, w0=0.7213, w1=0.7213, c.p=1.193, c.g=1.193
v.max=NA, d=6.083, vectorize=FALSE, hybrid=off
It 5: fitness=171300
It 10: fitness=154600
It 15: fitness=146100
It 20: fitness=137100
It 25: fitness=129400
It 30: fitness=118400
It 35: fitness=111100
It 40: fitness=101700
It 45: fitness=94810
It 50: fitness=91030
It 55: fitness=89420
It 60: fitness=88930
It 65: fitness=87270
It 70: fitness=84870
It 75: fitness=83550
It 80: fitness=82040
It 85: fitness=80290
It 90: fitness=77940
It 95: fitness=77240
It 100: fitness=75460
It 105: fitness=75460
It 110: fitness=74450
It 115: fitness=73820
It 120: fitness=73480
It 125: fitness=73260
It 130: fitness=72820
It 135: fitness=72820
It 140: fitness=72040
It 145: fitness=71730
It 150: fitness=71720
It 155: fitness=71400
It 160: fitness=71390
It 165: fitness=71200
It 170: fitness=71160
It 175: fitness=71140
It 180: fitness=71090
It 185: fitness=71080
It 190: fitness=70970
It 195: fitness=70950
It 200: fitness=70930
It 205: fitness=70840
It 210: fitness=70790
It 215: fitness=70770
It 220: fitness=70740
It 225: fitness=70720
It 230: fitness=70670
It 235: fitness=70670
It 240: fitness=70640
It 245: fitness=70620
It 250: fitness=70620
It 255: fitness=70610
It 260: fitness=70590
It 265: fitness=70580
It 270: fitness=70570
It 275: fitness=70570
It 280: fitness=70560
It 285: fitness=70560
It 290: fitness=70560
It 295: fitness=70560
It 300: fitness=70560
It 305: fitness=70560
It 310: fitness=70550
It 315: fitness=70550
It 320: fitness=70550
It 325: fitness=70550
It 330: fitness=70540
It 335: fitness=70540
It 340: fitness=70540
It 345: fitness=70540
It 350: fitness=70540
It 355: fitness=70540
It 360: fitness=70530
It 365: fitness=70530
It 370: fitness=70530
It 375: fitness=70530
It 380: fitness=70530
It 385: fitness=70530
It 390: fitness=70530
It 395: fitness=70530
It 400: fitness=70520
It 405: fitness=70520
It 410: fitness=70520
It 415: fitness=70520
It 420: fitness=70520
It 425: fitness=70520
It 430: fitness=70520
It 435: fitness=70520
It 440: fitness=70520
It 445: fitness=70520
It 450: fitness=70520
It 455: fitness=70520
It 460: fitness=70520
It 465: fitness=70520
It 470: fitness=70520
It 475: fitness=70520
It 480: fitness=70510
It 485: fitness=70510
It 490: fitness=70510
It 495: fitness=70510
It 500: fitness=70510
It 505: fitness=70510
It 510: fitness=70510
It 515: fitness=70510
It 520: fitness=70510
It 525: fitness=70510
It 530: fitness=70510
It 535: fitness=70510
It 540: fitness=70510
It 545: fitness=70510
It 550: fitness=70510
It 555: fitness=70510
It 560: fitness=70510
It 565: fitness=70510
It 570: fitness=70510
It 575: fitness=70510
It 580: fitness=70510
It 585: fitness=70510
It 590: fitness=70510
It 595: fitness=70510
It 600: fitness=70510
It 605: fitness=70510
It 610: fitness=70510
It 615: fitness=70510
It 620: fitness=70510
It 625: fitness=70510
It 630: fitness=70510
It 635: fitness=70510
It 640: fitness=70510
It 645: fitness=70510
It 650: fitness=70510
It 655: fitness=70510
It 660: fitness=70510
It 665: fitness=70510
It 670: fitness=70510
It 675: fitness=70510
It 680: fitness=70510
It 685: fitness=70510
It 690: fitness=70510
It 695: fitness=70510
It 700: fitness=70510
It 705: fitness=70510
It 710: fitness=70510
It 715: fitness=70510
It 720: fitness=70510
It 725: fitness=70510
It 730: fitness=70510
It 735: fitness=70510
It 740: fitness=70510
It 745: fitness=70510
It 750: fitness=70510
It 755: fitness=70510
It 760: fitness=70510
It 765: fitness=70510
It 770: fitness=70510
It 775: fitness=70510
It 780: fitness=70510
It 785: fitness=70510
It 790: fitness=70510
It 795: fitness=70510
It 800: fitness=70510
It 805: fitness=70510
It 810: fitness=70510
It 815: fitness=70510
It 820: fitness=70510
It 825: fitness=70510
It 830: fitness=70510
It 835: fitness=70510
It 840: fitness=70510
It 845: fitness=70510
It 850: fitness=70510
It 855: fitness=70510
It 860: fitness=70510
It 865: fitness=70510
It 870: fitness=70510
It 875: fitness=70510
It 880: fitness=70510
It 885: fitness=70510
It 890: fitness=70510
It 895: fitness=70510
It 900: fitness=70510
It 905: fitness=70510
It 910: fitness=70510
It 915: fitness=70510
It 920: fitness=70510
It 925: fitness=70510
It 930: fitness=70510
It 935: fitness=70510
It 940: fitness=70510
It 945: fitness=70510
It 950: fitness=70510
It 955: fitness=70510
It 960: fitness=70510
It 965: fitness=70510
It 970: fitness=70510
It 975: fitness=70510
It 980: fitness=70510
It 985: fitness=70510
It 990: fitness=70510
It 995: fitness=70510
It 1000: fitness=70510
It 1005: fitness=70510
It 1010: fitness=70510
It 1015: fitness=70510
It 1020: fitness=70510
It 1025: fitness=70510
It 1030: fitness=70510
It 1035: fitness=70510
It 1040: fitness=70510
It 1045: fitness=70510
It 1050: fitness=70510
It 1055: fitness=70510
It 1060: fitness=70510
It 1065: fitness=70510
It 1070: fitness=70510
It 1075: fitness=70510
It 1080: fitness=70510
It 1085: fitness=70510
It 1090: fitness=70510
It 1095: fitness=70510
It 1100: fitness=70510
It 1105: fitness=70510
It 1110: fitness=70510
It 1115: fitness=70510
It 1120: fitness=70510
It 1125: fitness=70510
It 1130: fitness=70510
It 1135: fitness=70510
It 1140: fitness=70510
It 1145: fitness=70510
It 1150: fitness=70510
It 1155: fitness=70510
It 1160: fitness=70510
It 1165: fitness=70510
It 1170: fitness=70510
It 1175: fitness=70510
It 1180: fitness=70510
It 1185: fitness=70510
It 1190: fitness=70510
It 1195: fitness=70510
It 1200: fitness=70510
It 1205: fitness=70510
It 1210: fitness=70510
It 1215: fitness=70510
It 1220: fitness=70510
It 1225: fitness=70510
It 1230: fitness=70510
It 1235: fitness=70510
It 1240: fitness=70510
It 1245: fitness=70510
It 1250: fitness=70510
It 1255: fitness=70510
It 1260: fitness=70510
It 1265: fitness=70510
It 1270: fitness=70510
It 1275: fitness=70510
It 1280: fitness=70510
It 1285: fitness=70510
It 1290: fitness=70510
It 1295: fitness=70510
It 1300: fitness=70510
It 1305: fitness=70510
It 1310: fitness=70510
It 1315: fitness=70510
It 1320: fitness=70510
It 1325: fitness=70510
It 1330: fitness=70510
It 1335: fitness=70510
It 1340: fitness=70510
It 1345: fitness=70510
It 1350: fitness=70510
It 1355: fitness=70510
It 1360: fitness=70510
It 1365: fitness=70510
It 1370: fitness=70510
It 1375: fitness=70510
It 1380: fitness=70510
It 1385: fitness=70510
It 1390: fitness=70510
It 1395: fitness=70510
It 1400: fitness=70510
It 1405: fitness=70510
It 1410: fitness=70510
It 1415: fitness=70510
It 1420: fitness=70510
It 1425: fitness=70510
It 1430: fitness=70510
It 1435: fitness=70510
It 1440: fitness=70510
It 1445: fitness=70510
It 1450: fitness=70510
It 1455: fitness=70510
It 1460: fitness=70510
It 1465: fitness=70510
It 1470: fitness=70510
It 1475: fitness=70510
It 1480: fitness=70510
It 1485: fitness=70510
It 1490: fitness=70510
It 1495: fitness=70510
It 1500: fitness=70510
It 1505: fitness=70510
It 1510: fitness=70510
It 1515: fitness=70510
Maximal number of iterations without improvement reached
>> Resamp_Iter 8 negLL: 70509.41 (ref:  66604.02 )
>> Resamp_params: 0.6210079 0.414764 0.4911936 0.546128 0.5395491 0.628226 0.5777807 0.607501 0.6232124 0.6090203 0.5351943 0.5217911 0.6199995 0.5419713 0.6420589 0.7099993 0.5483498 0.6795335 0.4050995 0.590409 0.5308788 0.493789 0.5281165 0.6865371 0.568626 0.576216 0.49 0.5640093 0.5987273 0.67 0.5500001 0.001 0.9707538 1.3 -437.4109 -108.4657 0.4228558 
 [1]    0.5616531    0.5857182    0.5515381    0.5487872    0.5436690
 [6]    0.5326105    0.5999994    0.6127043    0.5435578    0.5752417
[11]    0.5403226    0.6599999    0.6199999    0.5482508    0.6396637
[16]    0.7099759    0.5524150    0.5933308    0.6551963    0.5901898
[21]    0.5353083    0.4977788    0.5328646    0.6337159    0.5756330
[26]    0.5774914    0.4900002    0.5706977    0.5274690    0.5792556
[31]    0.5523559    0.0010000    0.9568725    1.3000000 -499.9944096
[36]  -91.9769067    0.4173210
>> sd Resamp 9 : 17 9 25 19 23 10 3 26 16 28 11 12 27 10 9 27 20 28 19 3 29 1 29 11 5 30 11 17 3 26 20 
>> Opt param @ resamp: 110206 
S=22, K=3, p=0.1303, w0=0.7213, w1=0.7213, c.p=1.193, c.g=1.193
v.max=NA, d=6.083, vectorize=FALSE, hybrid=off
It 5: fitness=237400
It 10: fitness=202200
It 15: fitness=200500
It 20: fitness=187600
It 25: fitness=163800
It 30: fitness=155500
It 35: fitness=142700
It 40: fitness=136900
It 45: fitness=132400
It 50: fitness=127100
It 55: fitness=127100
It 60: fitness=124700
It 65: fitness=123400
It 70: fitness=122600
It 75: fitness=121500
It 80: fitness=119200
It 85: fitness=119200
It 90: fitness=118600
It 95: fitness=118300
It 100: fitness=118100
It 105: fitness=117500
It 110: fitness=117400
It 115: fitness=117100
It 120: fitness=117100
It 125: fitness=116900
It 130: fitness=116700
It 135: fitness=116700
It 140: fitness=116700
It 145: fitness=116500
It 150: fitness=116500
It 155: fitness=116500
It 160: fitness=116400
It 165: fitness=116300
It 170: fitness=116100
It 175: fitness=116100
It 180: fitness=115900
It 185: fitness=115800
It 190: fitness=115800
It 195: fitness=115800
It 200: fitness=115800
It 205: fitness=115800
It 210: fitness=115700
It 215: fitness=115700
It 220: fitness=115700
It 225: fitness=115700
It 230: fitness=115700
It 235: fitness=115700
It 240: fitness=115700
It 245: fitness=115700
It 250: fitness=115700
It 255: fitness=115700
It 260: fitness=115700
It 265: fitness=115700
It 270: fitness=115700
It 275: fitness=115700
It 280: fitness=115700
It 285: fitness=115700
It 290: fitness=115700
It 295: fitness=115700
It 300: fitness=115700
It 305: fitness=115700
It 310: fitness=115700
It 315: fitness=115700
It 320: fitness=115700
It 325: fitness=115700
It 330: fitness=115700
It 335: fitness=115700
It 340: fitness=115700
It 345: fitness=115700
It 350: fitness=115700
It 355: fitness=115700
It 360: fitness=115700
It 365: fitness=115700
It 370: fitness=115700
It 375: fitness=115700
It 380: fitness=115700
It 385: fitness=115700
It 390: fitness=115700
It 395: fitness=115700
It 400: fitness=115700
It 405: fitness=115700
It 410: fitness=115700
It 415: fitness=115700
It 420: fitness=115700
It 425: fitness=115700
It 430: fitness=115700
It 435: fitness=115700
It 440: fitness=115700
It 445: fitness=115700
It 450: fitness=115700
It 455: fitness=115700
It 460: fitness=115700
It 465: fitness=115700
It 470: fitness=115700
It 475: fitness=115700
It 480: fitness=115700
It 485: fitness=115700
It 490: fitness=115700
It 495: fitness=115700
It 500: fitness=115700
It 505: fitness=115700
It 510: fitness=115700
It 515: fitness=115700
It 520: fitness=115700
It 525: fitness=115700
It 530: fitness=115700
It 535: fitness=115700
It 540: fitness=115700
It 545: fitness=115700
It 550: fitness=115700
It 555: fitness=115700
It 560: fitness=115700
It 565: fitness=115700
It 570: fitness=115700
It 575: fitness=115700
It 580: fitness=115700
It 585: fitness=115700
It 590: fitness=115700
It 595: fitness=115700
It 600: fitness=115700
It 605: fitness=115700
It 610: fitness=115700
It 615: fitness=115700
It 620: fitness=115700
It 625: fitness=115700
It 630: fitness=115700
It 635: fitness=115700
It 640: fitness=115700
It 645: fitness=115700
It 650: fitness=115700
It 655: fitness=115700
It 660: fitness=115700
It 665: fitness=115700
It 670: fitness=115700
It 675: fitness=115700
It 680: fitness=115700
It 685: fitness=115700
It 690: fitness=115700
It 695: fitness=115700
It 700: fitness=115700
It 705: fitness=115700
It 710: fitness=115700
It 715: fitness=115700
It 720: fitness=115700
It 725: fitness=115700
It 730: fitness=115700
It 735: fitness=115700
It 740: fitness=115700
It 745: fitness=115700
It 750: fitness=115700
It 755: fitness=115700
It 760: fitness=115700
It 765: fitness=115700
It 770: fitness=115700
It 775: fitness=115700
It 780: fitness=115700
It 785: fitness=115700
It 790: fitness=115700
It 795: fitness=115700
It 800: fitness=115700
It 805: fitness=115700
It 810: fitness=115700
It 815: fitness=115700
It 820: fitness=115700
It 825: fitness=115700
It 830: fitness=115700
It 835: fitness=115700
It 840: fitness=115700
It 845: fitness=115700
It 850: fitness=115700
It 855: fitness=115700
It 860: fitness=115700
It 865: fitness=115700
It 870: fitness=115700
It 875: fitness=115700
It 880: fitness=115700
It 885: fitness=115700
It 890: fitness=115700
It 895: fitness=115700
It 900: fitness=115700
It 905: fitness=115700
It 910: fitness=115700
It 915: fitness=115700
It 920: fitness=115700
It 925: fitness=115700
It 930: fitness=115700
It 935: fitness=115700
It 940: fitness=115700
It 945: fitness=115700
It 950: fitness=115700
It 955: fitness=115700
It 960: fitness=115700
It 965: fitness=115700
It 970: fitness=115700
It 975: fitness=115700
It 980: fitness=115700
It 985: fitness=115700
It 990: fitness=115700
It 995: fitness=115700
It 1000: fitness=115700
It 1005: fitness=115700
It 1010: fitness=115700
It 1015: fitness=115700
It 1020: fitness=115700
It 1025: fitness=115700
It 1030: fitness=115700
It 1035: fitness=115700
It 1040: fitness=115700
It 1045: fitness=115700
It 1050: fitness=115700
It 1055: fitness=115700
It 1060: fitness=115700
It 1065: fitness=115700
It 1070: fitness=115700
It 1075: fitness=115700
It 1080: fitness=115700
It 1085: fitness=115700
It 1090: fitness=115700
It 1095: fitness=115700
It 1100: fitness=115700
It 1105: fitness=115700
It 1110: fitness=115700
It 1115: fitness=115700
It 1120: fitness=115700
It 1125: fitness=115700
It 1130: fitness=115700
It 1135: fitness=115700
It 1140: fitness=115700
It 1145: fitness=115700
It 1150: fitness=115700
It 1155: fitness=115700
It 1160: fitness=115700
It 1165: fitness=115700
It 1170: fitness=115700
It 1175: fitness=115700
It 1180: fitness=115700
It 1185: fitness=115700
It 1190: fitness=115700
It 1195: fitness=115700
It 1200: fitness=115700
It 1205: fitness=115700
It 1210: fitness=115700
It 1215: fitness=115700
It 1220: fitness=115700
It 1225: fitness=115700
It 1230: fitness=115700
It 1235: fitness=115700
It 1240: fitness=115700
It 1245: fitness=115700
It 1250: fitness=115700
It 1255: fitness=115700
It 1260: fitness=115700
It 1265: fitness=115700
It 1270: fitness=115700
It 1275: fitness=115700
It 1280: fitness=115700
It 1285: fitness=115700
It 1290: fitness=115700
It 1295: fitness=115700
It 1300: fitness=115700
It 1305: fitness=115700
It 1310: fitness=115700
It 1315: fitness=115700
It 1320: fitness=115700
It 1325: fitness=115700
It 1330: fitness=115700
It 1335: fitness=115700
It 1340: fitness=115700
It 1345: fitness=115700
It 1350: fitness=115700
It 1355: fitness=115700
It 1360: fitness=115700
It 1365: fitness=115700
It 1370: fitness=115700
It 1375: fitness=115700
It 1380: fitness=115700
It 1385: fitness=115700
It 1390: fitness=115700
It 1395: fitness=115700
It 1400: fitness=115700
It 1405: fitness=115700
It 1410: fitness=115700
It 1415: fitness=115700
It 1420: fitness=115700
It 1425: fitness=115700
It 1430: fitness=115700
It 1435: fitness=115700
It 1440: fitness=115700
It 1445: fitness=115700
It 1450: fitness=115700
It 1455: fitness=115700
It 1460: fitness=115700
It 1465: fitness=115700
Maximal number of iterations without improvement reached
>> Resamp_Iter 9 negLL: 115665.1 (ref:  110206 )
>> Resamp_params: 0.5628665 0.6692953 0.5519175 0.6094809 0.5448256 0.5420527 0.5890379 0.6901207 0.5450395 0.5761028 0.5428323 0.6599993 0.4730597 0.5571694 0.4315952 0.5885934 0.64 0.4771713 0.6541612 0.5902611 0.5417361 0.5326202 0.5346895 0.3089348 0.5797575 0.5771808 0.4900027 0.5730284 0.5284869 0.5830608 0.6186251 0.001 0.9414991 1.299985 -500 -81.15749 0.4129963 
 [1]    0.5616531    0.5857182    0.5515381    0.5487872    0.5436690
 [6]    0.5326105    0.5999994    0.6127043    0.5435578    0.5752417
[11]    0.5403226    0.6599999    0.6199999    0.5482508    0.6396637
[16]    0.7099759    0.5524150    0.5933308    0.6551963    0.5901898
[21]    0.5353083    0.4977788    0.5328646    0.6337159    0.5756330
[26]    0.5774914    0.4900002    0.5706977    0.5274690    0.5792556
[31]    0.5523559    0.0010000    0.9568725    1.3000000 -499.9944096
[36]  -91.9769067    0.4173210
>> sd Resamp 10 : 17 3 19 2 19 25 9 5 28 1 23 18 12 6 1 17 23 20 23 12 6 4 1 26 3 11 17 7 9 20 2 
>> Opt param @ resamp: 95605.26 
S=22, K=3, p=0.1303, w0=0.7213, w1=0.7213, c.p=1.193, c.g=1.193
v.max=NA, d=6.083, vectorize=FALSE, hybrid=off
It 5: fitness=203100
It 10: fitness=197800
It 15: fitness=179000
It 20: fitness=170700
It 25: fitness=163500
It 30: fitness=159600
It 35: fitness=149200
It 40: fitness=133600
It 45: fitness=129300
It 50: fitness=115400
It 55: fitness=115400
It 60: fitness=115400
It 65: fitness=114600
It 70: fitness=112300
It 75: fitness=111400
It 80: fitness=109100
It 85: fitness=107100
It 90: fitness=106200
It 95: fitness=103900
It 100: fitness=102700
It 105: fitness=100700
It 110: fitness=100600
It 115: fitness=100100
It 120: fitness=99870
It 125: fitness=98800
It 130: fitness=98610
It 135: fitness=98030
It 140: fitness=97420
It 145: fitness=97380
It 150: fitness=97160
It 155: fitness=96740
It 160: fitness=96510
It 165: fitness=96200
It 170: fitness=96180
It 175: fitness=96100
It 180: fitness=95860
It 185: fitness=95860
It 190: fitness=95710
It 195: fitness=95700
It 200: fitness=95640
It 205: fitness=95590
It 210: fitness=95580
It 215: fitness=95530
It 220: fitness=95500
It 225: fitness=95450
It 230: fitness=95410
It 235: fitness=95380
It 240: fitness=95370
It 245: fitness=95310
It 250: fitness=95300
It 255: fitness=95270
It 260: fitness=95220
It 265: fitness=95170
It 270: fitness=95170
It 275: fitness=95100
It 280: fitness=95040
It 285: fitness=94920
It 290: fitness=94860
It 295: fitness=94840
It 300: fitness=94820
It 305: fitness=94780
It 310: fitness=94740
It 315: fitness=94740
It 320: fitness=94730
It 325: fitness=94730
It 330: fitness=94720
It 335: fitness=94720
It 340: fitness=94710
It 345: fitness=94710
It 350: fitness=94700
It 355: fitness=94700
It 360: fitness=94700
It 365: fitness=94690
It 370: fitness=94690
It 375: fitness=94690
It 380: fitness=94690
It 385: fitness=94680
It 390: fitness=94680
It 395: fitness=94670
It 400: fitness=94670
It 405: fitness=94660
It 410: fitness=94660
It 415: fitness=94650
It 420: fitness=94650
It 425: fitness=94650
It 430: fitness=94650
It 435: fitness=94650
It 440: fitness=94650
It 445: fitness=94640
It 450: fitness=94640
It 455: fitness=94640
It 460: fitness=94640
It 465: fitness=94640
It 470: fitness=94640
It 475: fitness=94640
It 480: fitness=94640
It 485: fitness=94640
It 490: fitness=94640
It 495: fitness=94640
It 500: fitness=94630
It 505: fitness=94630
It 510: fitness=94630
It 515: fitness=94630
It 520: fitness=94630
It 525: fitness=94630
It 530: fitness=94630
It 535: fitness=94630
It 540: fitness=94630
It 545: fitness=94630
It 550: fitness=94630
It 555: fitness=94630
It 560: fitness=94630
It 565: fitness=94630
It 570: fitness=94630
It 575: fitness=94630
It 580: fitness=94630
It 585: fitness=94630
It 590: fitness=94630
It 595: fitness=94630
It 600: fitness=94630
It 605: fitness=94630
It 610: fitness=94630
It 615: fitness=94630
It 620: fitness=94630
It 625: fitness=94630
It 630: fitness=94630
It 635: fitness=94630
It 640: fitness=94630
It 645: fitness=94630
It 650: fitness=94630
It 655: fitness=94630
It 660: fitness=94630
It 665: fitness=94630
It 670: fitness=94630
It 675: fitness=94630
It 680: fitness=94630
It 685: fitness=94630
It 690: fitness=94630
It 695: fitness=94630
It 700: fitness=94630
It 705: fitness=94630
It 710: fitness=94630
It 715: fitness=94630
It 720: fitness=94630
It 725: fitness=94630
It 730: fitness=94630
It 735: fitness=94630
It 740: fitness=94630
It 745: fitness=94630
It 750: fitness=94630
It 755: fitness=94630
It 760: fitness=94630
It 765: fitness=94630
It 770: fitness=94630
It 775: fitness=94630
It 780: fitness=94630
It 785: fitness=94630
It 790: fitness=94630
It 795: fitness=94630
It 800: fitness=94630
It 805: fitness=94630
It 810: fitness=94630
It 815: fitness=94630
It 820: fitness=94630
It 825: fitness=94630
It 830: fitness=94630
It 835: fitness=94630
It 840: fitness=94630
It 845: fitness=94630
It 850: fitness=94630
It 855: fitness=94630
It 860: fitness=94630
It 865: fitness=94630
It 870: fitness=94630
It 875: fitness=94630
It 880: fitness=94630
Maximal number of iterations without improvement reached
>> Resamp_Iter 10 negLL: 94631.38 (ref:  95605.26 )
>> Resamp_params: 0.5577148 0.5846195 0.5508576 0.5471042 0.5411966 0.5300017 0.5999997 0.625233 0.5407751 0.6183794 0.5364663 0.6599991 0.5207609 0.5837845 0.4109136 0.676377 0.5484901 0.5916689 0.6547846 0.592492 0.5098146 0.5772004 0.5288727 0.7179848 0.5727754 0.5754648 0.6201516 0.5671107 0.4603514 0.4348101 0.6268124 0.001 0.9397891 1.299997 -416.3901 -87.13736 0.4198288 
