fit_results/data/globalcity_clean.txt_sd_03191603.log>>> Loading state data: Atlanta <<<
>>> Loading state data: Berlin <<<
>>> Loading state data: Boston <<<
>>> Loading state data: Chicago <<<
>>> Loading state data: Denver <<<
>>> Loading state data: Houston <<<
>>> Loading state data: Los Angeles <<<
>>> Loading state data: Madrid <<<
>>> Loading state data: Miami <<<
>>> Loading state data: Phoenix <<<
>>> Loading state data: Rome <<<
>>> Loading state data: Seattle <<<
>>> Loading state data: St Louis <<<
>>> Loading state data: Toronto <<<
>>> Loading state data: Birmingham <<<
>>> Loading state data: Cologne <<<
>>> Loading state data: Dallas <<<
>>> Loading state data: Hamburg <<<
>>> Loading state data: London <<<
>>> Loading state data: New York <<<
>>> Loading state data: Sacramento <<<
>>> Loading state data: San Diego <<<
>>> Loading state data: San Francisco <<<
>>> Loading state data: Stockholm <<<
>>> Loading state data: Stuttgart <<<
>>> Loading state data: Tucson <<<
>>> Loading state data: Melbourne <<<
>>> Loading state data: Santiago <<<
>>> Loading state data: Delhi <<<
>>> Loading state data: Vancouver <<<
>>> Loading state data: Mexico City <<<
 [1]    0.540    0.400    0.430    0.440    0.460    0.530    0.480    0.570
 [9]    0.540    0.450    0.470    0.440    0.470    0.470    0.400    0.450
[17]    0.530    0.410    0.400    0.450    0.480    0.480    0.490    0.300
[25]    0.450    0.440    0.490    0.540    0.450    0.430    0.550    0.001
[33]    0.800    0.600 -500.000 -500.000    0.000
 [1] 0.660 0.690 0.610 0.610 0.620 0.630 0.600 0.710 0.630 0.620 0.630 0.660
[13] 0.620 0.660 0.690 0.710 0.640 0.710 0.670 0.620 0.630 0.590 0.630 0.720
[25] 0.680 0.610 0.630 0.700 0.600 0.670 0.630 0.001 1.200 1.300 0.000 0.000
[37] 1.000
 [1]    0.5616531    0.5857182    0.5515381    0.5487872    0.5436690
 [6]    0.5326105    0.5999994    0.6127043    0.5435578    0.5752417
[11]    0.5403226    0.6599999    0.6199999    0.5482508    0.6396637
[16]    0.7099759    0.5524150    0.5933308    0.6551963    0.5901898
[21]    0.5353083    0.4977788    0.5328646    0.6337159    0.5756330
[26]    0.5774914    0.4900002    0.5706977    0.5274690    0.5792556
[31]    0.5523559    0.0010000    0.9568725    1.3000000 -499.9944096
[36]  -91.9769067    0.4173210
 [1]    0.5900000    0.5900000    0.5900000    0.5900000    0.5900000
 [6]    0.5900000    0.5900000    0.5900000    0.5900000    0.5900000
[11]    0.5900000    0.5900000    0.5900000    0.5900000    0.5900000
[16]    0.5900000    0.5900000    0.5900000    0.5900000    0.5900000
[21]    0.5900000    0.5900000    0.5900000    0.5900000    0.5900000
[26]    0.5900000    0.5900000    0.5900000    0.5900000    0.5900000
[31]    0.5900000    0.0010000    0.9568725    1.3000000 -499.9944096
[36]  -91.9769067    0.4173210
96 cores seen; limit to 18 cores
 [1]    0.5616531    0.5857182    0.5515381    0.5487872    0.5436690
 [6]    0.5326105    0.5999994    0.6127043    0.5435578    0.5752417
[11]    0.5403226    0.6599999    0.6199999    0.5482508    0.6396637
[16]    0.7099759    0.5524150    0.5933308    0.6551963    0.5901898
[21]    0.5353083    0.4977788    0.5328646    0.6337159    0.5756330
[26]    0.5774914    0.4900002    0.5706977    0.5274690    0.5792556
[31]    0.5523559    0.0010000    0.9568725    1.3000000 -499.9944096
[36]  -91.9769067    0.4173210
>> sd Resamp 1 : 23 9 8 28 10 23 8 13 19 10 17 12 12 7 6 21 26 3 19 1 15 8 19 11 18 3 14 12 2 25 26 
>> Opt param @ resamp: 81004.03 
S=22, K=3, p=0.1303, w0=0.7213, w1=0.7213, c.p=1.193, c.g=1.193
v.max=NA, d=6.083, vectorize=FALSE, hybrid=off
It 5: fitness=170100
It 10: fitness=131300
It 15: fitness=119600
It 20: fitness=115200
It 25: fitness=114000
It 30: fitness=112300
It 35: fitness=110100
It 40: fitness=108900
It 45: fitness=103800
It 50: fitness=100700
It 55: fitness=98980
It 60: fitness=95100
It 65: fitness=93200
It 70: fitness=91850
It 75: fitness=90730
It 80: fitness=89550
It 85: fitness=88750
It 90: fitness=87860
It 95: fitness=87090
It 100: fitness=85630
It 105: fitness=85630
It 110: fitness=84810
It 115: fitness=84350
It 120: fitness=83250
It 125: fitness=81350
It 130: fitness=80510
It 135: fitness=79420
It 140: fitness=79030
It 145: fitness=78990
It 150: fitness=78960
It 155: fitness=78420
It 160: fitness=78400
It 165: fitness=78310
It 170: fitness=78270
It 175: fitness=78080
It 180: fitness=77910
It 185: fitness=77690
It 190: fitness=77580
It 195: fitness=77480
It 200: fitness=77480
It 205: fitness=77430
It 210: fitness=77360
It 215: fitness=77290
It 220: fitness=77210
It 225: fitness=77130
It 230: fitness=76970
It 235: fitness=76960
It 240: fitness=76940
It 245: fitness=76910
It 250: fitness=76830
It 255: fitness=76830
It 260: fitness=76800
It 265: fitness=76780
It 270: fitness=76750
It 275: fitness=76710
It 280: fitness=76690
It 285: fitness=76680
It 290: fitness=76660
It 295: fitness=76640
It 300: fitness=76640
It 305: fitness=76630
It 310: fitness=76630
It 315: fitness=76610
It 320: fitness=76600
It 325: fitness=76590
It 330: fitness=76580
It 335: fitness=76570
It 340: fitness=76560
It 345: fitness=76560
It 350: fitness=76560
It 355: fitness=76550
It 360: fitness=76550
It 365: fitness=76540
It 370: fitness=76530
It 375: fitness=76520
It 380: fitness=76520
It 385: fitness=76520
It 390: fitness=76510
It 395: fitness=76500
It 400: fitness=76500
It 405: fitness=76500
It 410: fitness=76490
It 415: fitness=76480
It 420: fitness=76480
It 425: fitness=76470
It 430: fitness=76470
It 435: fitness=76460
It 440: fitness=76460
It 445: fitness=76450
It 450: fitness=76450
It 455: fitness=76440
It 460: fitness=76440
It 465: fitness=76440
It 470: fitness=76440
It 475: fitness=76440
It 480: fitness=76430
It 485: fitness=76430
It 490: fitness=76430
It 495: fitness=76430
It 500: fitness=76430
It 505: fitness=76430
It 510: fitness=76430
It 515: fitness=76420
It 520: fitness=76420
It 525: fitness=76420
It 530: fitness=76420
It 535: fitness=76420
It 540: fitness=76420
It 545: fitness=76420
It 550: fitness=76420
It 555: fitness=76410
It 560: fitness=76410
It 565: fitness=76410
It 570: fitness=76410
It 575: fitness=76410
It 580: fitness=76410
It 585: fitness=76410
It 590: fitness=76410
It 595: fitness=76410
It 600: fitness=76410
It 605: fitness=76410
It 610: fitness=76400
It 615: fitness=76400
It 620: fitness=76400
It 625: fitness=76400
It 630: fitness=76400
It 635: fitness=76400
It 640: fitness=76400
It 645: fitness=76400
It 650: fitness=76400
It 655: fitness=76400
It 660: fitness=76400
It 665: fitness=76400
It 670: fitness=76400
It 675: fitness=76400
It 680: fitness=76400
It 685: fitness=76400
It 690: fitness=76400
It 695: fitness=76400
It 700: fitness=76400
It 705: fitness=76400
It 710: fitness=76400
It 715: fitness=76400
It 720: fitness=76400
It 725: fitness=76400
It 730: fitness=76400
It 735: fitness=76400
It 740: fitness=76400
It 745: fitness=76400
It 750: fitness=76400
It 755: fitness=76400
It 760: fitness=76400
It 765: fitness=76400
It 770: fitness=76400
It 775: fitness=76400
It 780: fitness=76400
It 785: fitness=76400
It 790: fitness=76400
It 795: fitness=76400
It 800: fitness=76400
It 805: fitness=76390
It 810: fitness=76390
It 815: fitness=76390
It 820: fitness=76390
It 825: fitness=76390
It 830: fitness=76390
It 835: fitness=76390
It 840: fitness=76390
It 845: fitness=76390
It 850: fitness=76390
It 855: fitness=76390
It 860: fitness=76390
It 865: fitness=76390
It 870: fitness=76390
It 875: fitness=76390
It 880: fitness=76390
It 885: fitness=76390
It 890: fitness=76390
It 895: fitness=76390
It 900: fitness=76390
It 905: fitness=76390
It 910: fitness=76390
It 915: fitness=76390
It 920: fitness=76390
It 925: fitness=76390
It 930: fitness=76390
It 935: fitness=76390
It 940: fitness=76390
It 945: fitness=76390
It 950: fitness=76390
It 955: fitness=76390
It 960: fitness=76390
It 965: fitness=76390
It 970: fitness=76390
It 975: fitness=76390
It 980: fitness=76390
It 985: fitness=76390
It 990: fitness=76390
It 995: fitness=76390
It 1000: fitness=76390
It 1005: fitness=76390
It 1010: fitness=76390
It 1015: fitness=76390
It 1020: fitness=76390
It 1025: fitness=76390
It 1030: fitness=76390
It 1035: fitness=76390
It 1040: fitness=76390
It 1045: fitness=76390
It 1050: fitness=76390
It 1055: fitness=76390
It 1060: fitness=76390
It 1065: fitness=76390
It 1070: fitness=76390
It 1075: fitness=76390
It 1080: fitness=76390
It 1085: fitness=76390
It 1090: fitness=76390
It 1095: fitness=76390
It 1100: fitness=76390
It 1105: fitness=76390
It 1110: fitness=76390
It 1115: fitness=76390
It 1120: fitness=76390
It 1125: fitness=76390
It 1130: fitness=76390
It 1135: fitness=76390
It 1140: fitness=76390
It 1145: fitness=76390
It 1150: fitness=76390
It 1155: fitness=76390
It 1160: fitness=76390
It 1165: fitness=76390
It 1170: fitness=76390
It 1175: fitness=76390
It 1180: fitness=76390
It 1185: fitness=76390
It 1190: fitness=76390
It 1195: fitness=76390
It 1200: fitness=76390
It 1205: fitness=76390
It 1210: fitness=76390
It 1215: fitness=76390
It 1220: fitness=76390
It 1225: fitness=76390
It 1230: fitness=76390
It 1235: fitness=76390
It 1240: fitness=76390
It 1245: fitness=76390
It 1250: fitness=76390
It 1255: fitness=76390
It 1260: fitness=76390
It 1265: fitness=76390
It 1270: fitness=76390
It 1275: fitness=76390
It 1280: fitness=76390
It 1285: fitness=76390
It 1290: fitness=76390
It 1295: fitness=76390
It 1300: fitness=76390
It 1305: fitness=76390
It 1310: fitness=76390
It 1315: fitness=76390
It 1320: fitness=76390
It 1325: fitness=76390
It 1330: fitness=76390
It 1335: fitness=76390
It 1340: fitness=76390
It 1345: fitness=76390
It 1350: fitness=76390
It 1355: fitness=76390
It 1360: fitness=76390
It 1365: fitness=76390
It 1370: fitness=76390
It 1375: fitness=76390
It 1380: fitness=76390
It 1385: fitness=76390
It 1390: fitness=76390
It 1395: fitness=76390
It 1400: fitness=76390
It 1405: fitness=76390
It 1410: fitness=76390
It 1415: fitness=76390
It 1420: fitness=76390
It 1425: fitness=76390
It 1430: fitness=76390
It 1435: fitness=76390
It 1440: fitness=76390
It 1445: fitness=76390
It 1450: fitness=76390
It 1455: fitness=76390
It 1460: fitness=76390
It 1465: fitness=76390
It 1470: fitness=76390
It 1475: fitness=76390
It 1480: fitness=76390
It 1485: fitness=76390
It 1490: fitness=76390
It 1495: fitness=76390
It 1500: fitness=76390
It 1505: fitness=76390
It 1510: fitness=76390
It 1515: fitness=76390
It 1520: fitness=76390
It 1525: fitness=76390
It 1530: fitness=76390
It 1535: fitness=76390
It 1540: fitness=76390
It 1545: fitness=76390
It 1550: fitness=76390
It 1555: fitness=76390
It 1560: fitness=76390
It 1565: fitness=76390
It 1570: fitness=76390
It 1575: fitness=76390
It 1580: fitness=76390
It 1585: fitness=76390
It 1590: fitness=76390
It 1595: fitness=76390
It 1600: fitness=76390
It 1605: fitness=76390
It 1610: fitness=76390
It 1615: fitness=76390
It 1620: fitness=76390
It 1625: fitness=76390
It 1630: fitness=76390
It 1635: fitness=76390
It 1640: fitness=76390
It 1645: fitness=76390
It 1650: fitness=76390
It 1655: fitness=76390
It 1660: fitness=76390
It 1665: fitness=76390
It 1670: fitness=76390
It 1675: fitness=76390
It 1680: fitness=76390
It 1685: fitness=76390
It 1690: fitness=76390
It 1695: fitness=76390
It 1700: fitness=76390
It 1705: fitness=76390
It 1710: fitness=76390
It 1715: fitness=76390
It 1720: fitness=76390
It 1725: fitness=76390
It 1730: fitness=76390
It 1735: fitness=76390
It 1740: fitness=76390
It 1745: fitness=76390
It 1750: fitness=76390
It 1755: fitness=76390
It 1760: fitness=76390
It 1765: fitness=76390
It 1770: fitness=76390
It 1775: fitness=76390
It 1780: fitness=76390
It 1785: fitness=76390
It 1790: fitness=76390
It 1795: fitness=76390
It 1800: fitness=76390
It 1805: fitness=76390
Maximal number of iterations without improvement reached
>> Resamp_Iter 1 negLL: 76385.94 (ref:  81004.03 )
>> Resamp_params: 0.5582175 0.5939564 0.558913 0.5604376 0.5009004 0.53 0.5931668 0.6074484 0.5463909 0.5842432 0.5389402 0.66 0.5537616 0.5415852 0.6317549 0.6769139 0.5513441 0.6658982 0.6525219 0.615978 0.532738 0.4946315 0.5280312 0.7031736 0.5750822 0.5831635 0.5316265 0.5632457 0.5999998 0.668624 0.6166723 0.001 0.9620786 0.962079 -352.8028 -76.21412 0.4146666 
 [1]    0.5616531    0.5857182    0.5515381    0.5487872    0.5436690
 [6]    0.5326105    0.5999994    0.6127043    0.5435578    0.5752417
[11]    0.5403226    0.6599999    0.6199999    0.5482508    0.6396637
[16]    0.7099759    0.5524150    0.5933308    0.6551963    0.5901898
[21]    0.5353083    0.4977788    0.5328646    0.6337159    0.5756330
[26]    0.5774914    0.4900002    0.5706977    0.5274690    0.5792556
[31]    0.5523559    0.0010000    0.9568725    1.3000000 -499.9944096
[36]  -91.9769067    0.4173210
>> sd Resamp 2 : 27 12 20 14 1 23 20 21 18 17 11 19 9 1 9 21 7 28 29 25 21 23 1 4 27 17 20 10 2 16 31 
>> Opt param @ resamp: 117150.5 
S=22, K=3, p=0.1303, w0=0.7213, w1=0.7213, c.p=1.193, c.g=1.193
v.max=NA, d=6.083, vectorize=FALSE, hybrid=off
It 5: fitness=243000
It 10: fitness=236100
It 15: fitness=224300
It 20: fitness=209200
It 25: fitness=187900
It 30: fitness=185000
It 35: fitness=181000
It 40: fitness=176200
It 45: fitness=173600
It 50: fitness=167600
It 55: fitness=166800
It 60: fitness=163300
It 65: fitness=156400
It 70: fitness=156400
It 75: fitness=154000
It 80: fitness=149200
It 85: fitness=145500
It 90: fitness=145500
It 95: fitness=145100
It 100: fitness=143400
It 105: fitness=138500
It 110: fitness=137400
It 115: fitness=135200
It 120: fitness=134500
It 125: fitness=132400
It 130: fitness=132100
It 135: fitness=131100
It 140: fitness=130500
It 145: fitness=130400
It 150: fitness=130000
It 155: fitness=129600
It 160: fitness=129300
It 165: fitness=129200
It 170: fitness=129100
It 175: fitness=128600
It 180: fitness=128300
It 185: fitness=128100
It 190: fitness=127800
It 195: fitness=127700
It 200: fitness=127700
It 205: fitness=127700
It 210: fitness=127600
It 215: fitness=127600
It 220: fitness=127600
It 225: fitness=127500
It 230: fitness=127500
It 235: fitness=127400
It 240: fitness=127400
It 245: fitness=127400
It 250: fitness=127400
It 255: fitness=127300
It 260: fitness=127300
It 265: fitness=127300
It 270: fitness=127300
It 275: fitness=127300
It 280: fitness=127300
It 285: fitness=127300
It 290: fitness=127300
It 295: fitness=127300
It 300: fitness=127300
It 305: fitness=127300
It 310: fitness=127300
It 315: fitness=127300
It 320: fitness=127200
It 325: fitness=127200
It 330: fitness=127200
It 335: fitness=127200
It 340: fitness=127200
It 345: fitness=127200
It 350: fitness=127200
It 355: fitness=127200
It 360: fitness=127200
It 365: fitness=127200
It 370: fitness=127200
It 375: fitness=127200
It 380: fitness=127200
It 385: fitness=127200
It 390: fitness=127200
It 395: fitness=127200
It 400: fitness=127200
It 405: fitness=127200
It 410: fitness=127200
It 415: fitness=127200
It 420: fitness=127200
It 425: fitness=127200
It 430: fitness=127200
It 435: fitness=127200
It 440: fitness=127200
It 445: fitness=127200
It 450: fitness=127200
It 455: fitness=127200
It 460: fitness=127200
It 465: fitness=127200
It 470: fitness=127200
It 475: fitness=127200
It 480: fitness=127200
It 485: fitness=127200
It 490: fitness=127200
It 495: fitness=127200
It 500: fitness=127200
It 505: fitness=127200
It 510: fitness=127200
It 515: fitness=127200
It 520: fitness=127200
It 525: fitness=127200
It 530: fitness=127200
It 535: fitness=127200
It 540: fitness=127200
It 545: fitness=127200
It 550: fitness=127200
It 555: fitness=127200
It 560: fitness=127200
It 565: fitness=127200
It 570: fitness=127200
It 575: fitness=127200
It 580: fitness=127200
It 585: fitness=127200
It 590: fitness=127200
It 595: fitness=127200
It 600: fitness=127200
It 605: fitness=127200
It 610: fitness=127200
It 615: fitness=127200
It 620: fitness=127200
It 625: fitness=127200
It 630: fitness=127200
It 635: fitness=127200
It 640: fitness=127200
It 645: fitness=127200
It 650: fitness=127200
It 655: fitness=127200
It 660: fitness=127200
It 665: fitness=127200
It 670: fitness=127200
It 675: fitness=127200
It 680: fitness=127200
It 685: fitness=127200
It 690: fitness=127200
It 695: fitness=127200
It 700: fitness=127200
It 705: fitness=127200
It 710: fitness=127200
It 715: fitness=127200
It 720: fitness=127200
It 725: fitness=127200
It 730: fitness=127200
It 735: fitness=127200
It 740: fitness=127200
It 745: fitness=127200
It 750: fitness=127200
It 755: fitness=127200
It 760: fitness=127200
It 765: fitness=127200
It 770: fitness=127200
It 775: fitness=127200
It 780: fitness=127200
It 785: fitness=127200
It 790: fitness=127200
It 795: fitness=127200
It 800: fitness=127200
It 805: fitness=127200
It 810: fitness=127200
It 815: fitness=127200
It 820: fitness=127200
It 825: fitness=127200
It 830: fitness=127200
It 835: fitness=127200
It 840: fitness=127200
It 845: fitness=127200
It 850: fitness=127200
It 855: fitness=127200
It 860: fitness=127200
It 865: fitness=127200
It 870: fitness=127200
It 875: fitness=127200
It 880: fitness=127200
It 885: fitness=127200
It 890: fitness=127200
It 895: fitness=127200
It 900: fitness=127200
It 905: fitness=127200
It 910: fitness=127200
It 915: fitness=127200
It 920: fitness=127200
It 925: fitness=127200
It 930: fitness=127200
It 935: fitness=127200
Maximal number of iterations without improvement reached
>> Resamp_Iter 2 negLL: 127236.7 (ref:  117150.5 )
>> Resamp_params: 0.66 0.5928331 0.4322807 0.5492549 0.5240082 0.530574 0.5982839 0.5846759 0.5454824 0.5761476 0.5432488 0.6122454 0.5630399 0.5519741 0.6786976 0.5889749 0.5539949 0.6664915 0.6560706 0.5896112 0.5372291 0.5457933 0.6299999 0.6853717 0.5801496 0.5055949 0.4900044 0.5731659 0.5282261 0.592928 0.5545649 0.001 0.941437 1.299997 -499.9965 -78.7588 0.4102671 
 [1]    0.5616531    0.5857182    0.5515381    0.5487872    0.5436690
 [6]    0.5326105    0.5999994    0.6127043    0.5435578    0.5752417
[11]    0.5403226    0.6599999    0.6199999    0.5482508    0.6396637
[16]    0.7099759    0.5524150    0.5933308    0.6551963    0.5901898
[21]    0.5353083    0.4977788    0.5328646    0.6337159    0.5756330
[26]    0.5774914    0.4900002    0.5706977    0.5274690    0.5792556
[31]    0.5523559    0.0010000    0.9568725    1.3000000 -499.9944096
[36]  -91.9769067    0.4173210
>> sd Resamp 3 : 17 24 17 12 19 7 15 31 28 2 28 12 2 20 14 16 17 31 13 1 22 4 9 27 24 6 28 25 6 17 1 
>> Opt param @ resamp: 75943.62 
S=22, K=3, p=0.1303, w0=0.7213, w1=0.7213, c.p=1.193, c.g=1.193
v.max=NA, d=6.083, vectorize=FALSE, hybrid=off
It 5: fitness=194400
It 10: fitness=159900
It 15: fitness=159900
It 20: fitness=154900
It 25: fitness=132800
It 30: fitness=130600
It 35: fitness=126100
It 40: fitness=119200
It 45: fitness=114100
It 50: fitness=112000
It 55: fitness=105700
It 60: fitness=104600
It 65: fitness=103100
It 70: fitness=101300
It 75: fitness=100200
It 80: fitness=99460
It 85: fitness=98370
It 90: fitness=97650
It 95: fitness=97270
It 100: fitness=96440
It 105: fitness=95720
It 110: fitness=95440
It 115: fitness=95070
It 120: fitness=94470
It 125: fitness=94180
It 130: fitness=93560
It 135: fitness=93020
It 140: fitness=92570
It 145: fitness=91720
It 150: fitness=91570
It 155: fitness=91250
It 160: fitness=90940
It 165: fitness=90600
It 170: fitness=90290
It 175: fitness=90190
It 180: fitness=89920
It 185: fitness=89810
It 190: fitness=89740
It 195: fitness=89540
It 200: fitness=89490
It 205: fitness=89440
It 210: fitness=89280
It 215: fitness=89160
It 220: fitness=89160
It 225: fitness=89080
It 230: fitness=89030
It 235: fitness=88980
It 240: fitness=88960
It 245: fitness=88950
It 250: fitness=88880
It 255: fitness=88840
It 260: fitness=88810
It 265: fitness=88790
It 270: fitness=88750
It 275: fitness=88680
It 280: fitness=88590
It 285: fitness=88580
It 290: fitness=88570
It 295: fitness=88560
It 300: fitness=88540
It 305: fitness=88520
It 310: fitness=88510
It 315: fitness=88500
It 320: fitness=88490
It 325: fitness=88480
It 330: fitness=88470
It 335: fitness=88470
It 340: fitness=88460
It 345: fitness=88450
It 350: fitness=88450
It 355: fitness=88440
It 360: fitness=88430
It 365: fitness=88430
It 370: fitness=88420
It 375: fitness=88420
It 380: fitness=88420
It 385: fitness=88410
It 390: fitness=88400
It 395: fitness=88400
It 400: fitness=88400
It 405: fitness=88400
It 410: fitness=88400
It 415: fitness=88390
It 420: fitness=88390
It 425: fitness=88390
It 430: fitness=88390
It 435: fitness=88380
It 440: fitness=88380
It 445: fitness=88380
It 450: fitness=88380
It 455: fitness=88380
It 460: fitness=88380
It 465: fitness=88380
It 470: fitness=88380
It 475: fitness=88380
It 480: fitness=88380
It 485: fitness=88380
It 490: fitness=88370
It 495: fitness=88370
It 500: fitness=88370
It 505: fitness=88370
It 510: fitness=88370
It 515: fitness=88370
It 520: fitness=88370
It 525: fitness=88370
It 530: fitness=88370
It 535: fitness=88370
It 540: fitness=88370
It 545: fitness=88370
It 550: fitness=88370
It 555: fitness=88370
It 560: fitness=88370
It 565: fitness=88370
It 570: fitness=88370
It 575: fitness=88370
It 580: fitness=88370
It 585: fitness=88370
It 590: fitness=88370
It 595: fitness=88370
It 600: fitness=88370
It 605: fitness=88370
It 610: fitness=88370
It 615: fitness=88370
It 620: fitness=88370
It 625: fitness=88370
It 630: fitness=88370
It 635: fitness=88370
It 640: fitness=88370
It 645: fitness=88370
It 650: fitness=88370
It 655: fitness=88370
It 660: fitness=88370
It 665: fitness=88370
It 670: fitness=88370
It 675: fitness=88370
It 680: fitness=88370
It 685: fitness=88370
It 690: fitness=88370
It 695: fitness=88370
It 700: fitness=88370
It 705: fitness=88370
It 710: fitness=88370
It 715: fitness=88370
It 720: fitness=88370
It 725: fitness=88370
It 730: fitness=88370
It 735: fitness=88370
It 740: fitness=88370
It 745: fitness=88370
It 750: fitness=88370
It 755: fitness=88370
It 760: fitness=88370
It 765: fitness=88370
It 770: fitness=88370
It 775: fitness=88370
It 780: fitness=88370
It 785: fitness=88370
It 790: fitness=88370
It 795: fitness=88370
It 800: fitness=88370
It 805: fitness=88370
It 810: fitness=88370
It 815: fitness=88370
It 820: fitness=88370
It 825: fitness=88370
It 830: fitness=88370
It 835: fitness=88370
It 840: fitness=88370
It 845: fitness=88370
It 850: fitness=88370
It 855: fitness=88370
It 860: fitness=88370
It 865: fitness=88370
It 870: fitness=88370
It 875: fitness=88370
It 880: fitness=88370
It 885: fitness=88370
It 890: fitness=88370
It 895: fitness=88370
It 900: fitness=88370
It 905: fitness=88370
It 910: fitness=88370
It 915: fitness=88370
It 920: fitness=88370
It 925: fitness=88370
It 930: fitness=88370
It 935: fitness=88370
It 940: fitness=88370
It 945: fitness=88370
It 950: fitness=88370
It 955: fitness=88370
It 960: fitness=88370
It 965: fitness=88370
It 970: fitness=88370
It 975: fitness=88370
It 980: fitness=88370
It 985: fitness=88370
It 990: fitness=88370
It 995: fitness=88370
It 1000: fitness=88370
It 1005: fitness=88370
It 1010: fitness=88370
It 1015: fitness=88370
It 1020: fitness=88370
It 1025: fitness=88370
It 1030: fitness=88370
It 1035: fitness=88370
It 1040: fitness=88370
It 1045: fitness=88370
It 1050: fitness=88370
It 1055: fitness=88370
It 1060: fitness=88370
It 1065: fitness=88370
It 1070: fitness=88370
It 1075: fitness=88370
It 1080: fitness=88370
It 1085: fitness=88370
It 1090: fitness=88370
It 1095: fitness=88370
Maximal number of iterations without improvement reached
>> Resamp_Iter 3 negLL: 88366.26 (ref:  75943.62 )
>> Resamp_params: 0.5703393 0.6039102 0.5319555 0.5576295 0.4931673 0.6299997 0.584924 0.6025155 0.5547891 0.5768487 0.4874456 0.6599972 0.5591067 0.5551232 0.6341281 0.5938068 0.6399999 0.6656872 0.6551458 0.5882711 0.5426668 0.5082083 0.5747818 0.635463 0.5884534 0.44752 0.4900079 0.5738145 0.5853585 0.4846065 0.5662437 0.001 0.9732513 0.9841765 -499.9921 -71.44924 0.3952554 
 [1]    0.5616531    0.5857182    0.5515381    0.5487872    0.5436690
 [6]    0.5326105    0.5999994    0.6127043    0.5435578    0.5752417
[11]    0.5403226    0.6599999    0.6199999    0.5482508    0.6396637
[16]    0.7099759    0.5524150    0.5933308    0.6551963    0.5901898
[21]    0.5353083    0.4977788    0.5328646    0.6337159    0.5756330
[26]    0.5774914    0.4900002    0.5706977    0.5274690    0.5792556
[31]    0.5523559    0.0010000    0.9568725    1.3000000 -499.9944096
[36]  -91.9769067    0.4173210
>> sd Resamp 4 : 17 24 2 7 22 20 23 6 8 17 5 24 26 15 6 7 18 14 4 14 22 6 14 23 7 28 20 23 23 29 3 
>> Opt param @ resamp: 98277.66 
S=22, K=3, p=0.1303, w0=0.7213, w1=0.7213, c.p=1.193, c.g=1.193
v.max=NA, d=6.083, vectorize=FALSE, hybrid=off
It 5: fitness=201400
It 10: fitness=186300
It 15: fitness=182700
It 20: fitness=164800
It 25: fitness=163800
It 30: fitness=155300
It 35: fitness=143900
It 40: fitness=143900
It 45: fitness=143900
It 50: fitness=142300
It 55: fitness=141600
It 60: fitness=139600
It 65: fitness=138600
It 70: fitness=136800
It 75: fitness=134700
It 80: fitness=133800
It 85: fitness=131700
It 90: fitness=130500
It 95: fitness=130000
It 100: fitness=129500
It 105: fitness=127700
It 110: fitness=127600
It 115: fitness=126800
It 120: fitness=126000
It 125: fitness=125700
It 130: fitness=124600
It 135: fitness=124100
It 140: fitness=123800
It 145: fitness=123100
It 150: fitness=122900
It 155: fitness=122400
It 160: fitness=122200
It 165: fitness=121700
It 170: fitness=121700
It 175: fitness=121600
It 180: fitness=121400
It 185: fitness=121400
It 190: fitness=121100
It 195: fitness=120800
It 200: fitness=120800
It 205: fitness=120600
It 210: fitness=120600
It 215: fitness=120400
It 220: fitness=119400
It 225: fitness=118900
It 230: fitness=118800
It 235: fitness=118600
It 240: fitness=118600
It 245: fitness=118500
It 250: fitness=118500
It 255: fitness=118400
It 260: fitness=118400
It 265: fitness=118300
It 270: fitness=118300
It 275: fitness=118300
It 280: fitness=118300
It 285: fitness=118300
It 290: fitness=118200
It 295: fitness=118200
It 300: fitness=118200
It 305: fitness=118200
It 310: fitness=118200
It 315: fitness=118200
It 320: fitness=118200
It 325: fitness=118200
It 330: fitness=118200
It 335: fitness=118200
It 340: fitness=118100
It 345: fitness=118100
It 350: fitness=118100
It 355: fitness=118100
It 360: fitness=118100
It 365: fitness=118100
It 370: fitness=118100
It 375: fitness=118100
It 380: fitness=118100
It 385: fitness=118100
It 390: fitness=118100
It 395: fitness=118100
It 400: fitness=118100
It 405: fitness=118100
It 410: fitness=118100
It 415: fitness=118100
It 420: fitness=118100
It 425: fitness=118100
It 430: fitness=118100
It 435: fitness=118100
It 440: fitness=118100
It 445: fitness=118100
It 450: fitness=118100
It 455: fitness=118100
It 460: fitness=118100
It 465: fitness=118100
It 470: fitness=118100
It 475: fitness=118100
It 480: fitness=118100
It 485: fitness=118100
It 490: fitness=118100
It 495: fitness=118100
It 500: fitness=118100
It 505: fitness=118100
It 510: fitness=118100
It 515: fitness=118100
It 520: fitness=118100
It 525: fitness=118100
It 530: fitness=118100
It 535: fitness=118100
It 540: fitness=118100
It 545: fitness=118100
It 550: fitness=118100
It 555: fitness=118100
It 560: fitness=118100
It 565: fitness=118100
It 570: fitness=118100
It 575: fitness=118100
It 580: fitness=118100
It 585: fitness=118100
It 590: fitness=118100
It 595: fitness=118100
It 600: fitness=118100
It 605: fitness=118100
It 610: fitness=118100
It 615: fitness=118100
It 620: fitness=118100
It 625: fitness=118100
It 630: fitness=118100
It 635: fitness=118100
It 640: fitness=118100
It 645: fitness=118100
It 650: fitness=118100
It 655: fitness=118100
It 660: fitness=118100
It 665: fitness=118100
It 670: fitness=118100
It 675: fitness=118100
It 680: fitness=118100
It 685: fitness=118100
It 690: fitness=118100
It 695: fitness=118100
It 700: fitness=118100
It 705: fitness=118100
It 710: fitness=118100
It 715: fitness=118100
It 720: fitness=118100
It 725: fitness=118100
It 730: fitness=118100
It 735: fitness=118100
It 740: fitness=118100
It 745: fitness=118100
It 750: fitness=118100
It 755: fitness=118100
It 760: fitness=118100
It 765: fitness=118100
It 770: fitness=118100
It 775: fitness=118100
It 780: fitness=118100
It 785: fitness=118100
It 790: fitness=118100
It 795: fitness=118100
It 800: fitness=118100
It 805: fitness=118100
It 810: fitness=118100
It 815: fitness=118100
It 820: fitness=118100
It 825: fitness=118100
It 830: fitness=118100
It 835: fitness=118100
It 840: fitness=118100
It 845: fitness=118100
It 850: fitness=118100
It 855: fitness=118100
It 860: fitness=118100
It 865: fitness=118100
It 870: fitness=118100
It 875: fitness=118100
It 880: fitness=118100
It 885: fitness=118100
It 890: fitness=118100
It 895: fitness=118100
It 900: fitness=118100
It 905: fitness=118100
It 910: fitness=118100
It 915: fitness=118100
It 920: fitness=118100
It 925: fitness=118100
It 930: fitness=118100
It 935: fitness=118100
It 940: fitness=118100
It 945: fitness=118100
It 950: fitness=118100
It 955: fitness=118100
It 960: fitness=118100
It 965: fitness=118100
It 970: fitness=118100
It 975: fitness=118100
It 980: fitness=118100
It 985: fitness=118100
It 990: fitness=118100
It 995: fitness=118100
It 1000: fitness=118100
It 1005: fitness=118100
It 1010: fitness=118100
It 1015: fitness=118100
It 1020: fitness=118100
It 1025: fitness=118100
It 1030: fitness=118100
It 1035: fitness=118100
It 1040: fitness=118100
It 1045: fitness=118100
It 1050: fitness=118100
It 1055: fitness=118100
It 1060: fitness=118100
It 1065: fitness=118100
It 1070: fitness=118100
It 1075: fitness=118100
It 1080: fitness=118100
It 1085: fitness=118100
It 1090: fitness=118100
It 1095: fitness=118100
It 1100: fitness=118100
It 1105: fitness=118100
It 1110: fitness=118100
It 1115: fitness=118100
It 1120: fitness=118100
Maximal number of iterations without improvement reached
>> Resamp_Iter 4 negLL: 118062.1 (ref:  98277.66 )
>> Resamp_params: 0.6499545 0.589249 0.5509815 0.5504727 0.5481274 0.5367911 0.592045 0.6151736 0.6252425 0.5709396 0.6248963 0.6361102 0.5496701 0.5509426 0.6184233 0.5117991 0.6399999 0.5975041 0.4970317 0.5870363 0.4849674 0.5027342 0.5363001 0.5803769 0.6783114 0.5818604 0.528638 0.6999999 0.5298028 0.6535078 0.5899368 0.001 0.9642289 1.299974 -499.9902 -48.15509 0.3601284 
 [1]    0.5616531    0.5857182    0.5515381    0.5487872    0.5436690
 [6]    0.5326105    0.5999994    0.6127043    0.5435578    0.5752417
[11]    0.5403226    0.6599999    0.6199999    0.5482508    0.6396637
[16]    0.7099759    0.5524150    0.5933308    0.6551963    0.5901898
[21]    0.5353083    0.4977788    0.5328646    0.6337159    0.5756330
[26]    0.5774914    0.4900002    0.5706977    0.5274690    0.5792556
[31]    0.5523559    0.0010000    0.9568725    1.3000000 -499.9944096
[36]  -91.9769067    0.4173210
>> sd Resamp 5 : 25 25 7 28 17 25 26 14 20 31 11 4 26 8 20 7 28 23 30 17 23 14 6 22 8 10 11 6 24 19 28 
>> Opt param @ resamp: 105435.7 
S=22, K=3, p=0.1303, w0=0.7213, w1=0.7213, c.p=1.193, c.g=1.193
v.max=NA, d=6.083, vectorize=FALSE, hybrid=off
It 5: fitness=267700
It 10: fitness=257500
It 15: fitness=189800
It 20: fitness=179900
It 25: fitness=159500
It 30: fitness=153100
It 35: fitness=145300
It 40: fitness=145300
It 45: fitness=140100
It 50: fitness=136400
It 55: fitness=136400
It 60: fitness=132400
It 65: fitness=132400
It 70: fitness=131500
It 75: fitness=131500
It 80: fitness=127100
It 85: fitness=125400
It 90: fitness=124700
It 95: fitness=120800
It 100: fitness=120700
It 105: fitness=116400
It 110: fitness=114800
It 115: fitness=114700
It 120: fitness=113900
It 125: fitness=112900
It 130: fitness=112300
It 135: fitness=112000
It 140: fitness=110300
It 145: fitness=109300
It 150: fitness=108900
It 155: fitness=108600
It 160: fitness=108100
It 165: fitness=107800
It 170: fitness=107600
It 175: fitness=107300
It 180: fitness=106600
It 185: fitness=106400
It 190: fitness=106200
It 195: fitness=105900
It 200: fitness=105800
It 205: fitness=105700
It 210: fitness=105500
It 215: fitness=105500
It 220: fitness=105500
It 225: fitness=105400
It 230: fitness=105400
It 235: fitness=105300
It 240: fitness=105200
It 245: fitness=105200
It 250: fitness=105100
It 255: fitness=105100
It 260: fitness=105100
It 265: fitness=105100
It 270: fitness=105100
It 275: fitness=105100
It 280: fitness=105000
It 285: fitness=105000
It 290: fitness=105000
It 295: fitness=105000
It 300: fitness=105000
It 305: fitness=105000
It 310: fitness=105000
It 315: fitness=105000
It 320: fitness=105000
It 325: fitness=105000
It 330: fitness=105000
It 335: fitness=105000
It 340: fitness=105000
It 345: fitness=105000
It 350: fitness=105000
It 355: fitness=105000
It 360: fitness=105000
It 365: fitness=105000
It 370: fitness=105000
It 375: fitness=105000
It 380: fitness=105000
It 385: fitness=105000
It 390: fitness=105000
It 395: fitness=105000
It 400: fitness=105000
It 405: fitness=105000
It 410: fitness=105000
It 415: fitness=105000
It 420: fitness=105000
It 425: fitness=105000
It 430: fitness=105000
It 435: fitness=105000
It 440: fitness=105000
It 445: fitness=105000
It 450: fitness=105000
It 455: fitness=105000
It 460: fitness=105000
It 465: fitness=105000
It 470: fitness=105000
It 475: fitness=105000
It 480: fitness=105000
It 485: fitness=105000
It 490: fitness=105000
It 495: fitness=105000
It 500: fitness=104900
It 505: fitness=104900
It 510: fitness=104900
It 515: fitness=104900
It 520: fitness=104900
It 525: fitness=104900
It 530: fitness=104900
It 535: fitness=104900
It 540: fitness=104900
It 545: fitness=104900
It 550: fitness=104900
It 555: fitness=104900
It 560: fitness=104900
It 565: fitness=104900
It 570: fitness=104900
It 575: fitness=104900
It 580: fitness=104900
It 585: fitness=104900
It 590: fitness=104900
It 595: fitness=104900
It 600: fitness=104900
It 605: fitness=104900
It 610: fitness=104900
It 615: fitness=104900
It 620: fitness=104900
It 625: fitness=104900
It 630: fitness=104900
It 635: fitness=104900
It 640: fitness=104900
It 645: fitness=104900
It 650: fitness=104900
It 655: fitness=104900
It 660: fitness=104900
It 665: fitness=104900
It 670: fitness=104900
It 675: fitness=104900
It 680: fitness=104900
It 685: fitness=104900
It 690: fitness=104900
It 695: fitness=104900
It 700: fitness=104900
It 705: fitness=104900
It 710: fitness=104900
It 715: fitness=104900
It 720: fitness=104900
It 725: fitness=104900
It 730: fitness=104900
It 735: fitness=104900
It 740: fitness=104900
It 745: fitness=104900
It 750: fitness=104900
It 755: fitness=104900
It 760: fitness=104900
It 765: fitness=104900
It 770: fitness=104900
It 775: fitness=104900
It 780: fitness=104900
It 785: fitness=104900
It 790: fitness=104900
It 795: fitness=104900
It 800: fitness=104900
It 805: fitness=104900
It 810: fitness=104900
It 815: fitness=104900
It 820: fitness=104900
It 825: fitness=104900
It 830: fitness=104900
It 835: fitness=104900
It 840: fitness=104900
It 845: fitness=104900
It 850: fitness=104900
It 855: fitness=104900
It 860: fitness=104900
It 865: fitness=104900
It 870: fitness=104900
It 875: fitness=104900
It 880: fitness=104900
It 885: fitness=104900
It 890: fitness=104900
It 895: fitness=104900
It 900: fitness=104900
It 905: fitness=104900
It 910: fitness=104900
It 915: fitness=104900
It 920: fitness=104900
It 925: fitness=104900
It 930: fitness=104900
It 935: fitness=104900
It 940: fitness=104900
It 945: fitness=104900
It 950: fitness=104900
It 955: fitness=104900
It 960: fitness=104900
It 965: fitness=104900
It 970: fitness=104900
It 975: fitness=104900
It 980: fitness=104900
It 985: fitness=104900
It 990: fitness=104900
It 995: fitness=104900
It 1000: fitness=104900
It 1005: fitness=104900
It 1010: fitness=104900
It 1015: fitness=104900
It 1020: fitness=104900
It 1025: fitness=104900
It 1030: fitness=104900
It 1035: fitness=104900
It 1040: fitness=104900
It 1045: fitness=104900
It 1050: fitness=104900
It 1055: fitness=104900
It 1060: fitness=104900
It 1065: fitness=104900
It 1070: fitness=104900
It 1075: fitness=104900
It 1080: fitness=104900
It 1085: fitness=104900
It 1090: fitness=104900
It 1095: fitness=104900
It 1100: fitness=104900
It 1105: fitness=104900
It 1110: fitness=104900
It 1115: fitness=104900
It 1120: fitness=104900
It 1125: fitness=104900
It 1130: fitness=104900
It 1135: fitness=104900
It 1140: fitness=104900
It 1145: fitness=104900
It 1150: fitness=104900
It 1155: fitness=104900
It 1160: fitness=104900
It 1165: fitness=104900
It 1170: fitness=104900
It 1175: fitness=104900
It 1180: fitness=104900
It 1185: fitness=104900
It 1190: fitness=104900
It 1195: fitness=104900
It 1200: fitness=104900
It 1205: fitness=104900
It 1210: fitness=104900
It 1215: fitness=104900
It 1220: fitness=104900
It 1225: fitness=104900
It 1230: fitness=104900
It 1235: fitness=104900
It 1240: fitness=104900
It 1245: fitness=104900
It 1250: fitness=104900
It 1255: fitness=104900
It 1260: fitness=104900
It 1265: fitness=104900
It 1270: fitness=104900
It 1275: fitness=104900
It 1280: fitness=104900
It 1285: fitness=104900
It 1290: fitness=104900
It 1295: fitness=104900
It 1300: fitness=104900
It 1305: fitness=104900
It 1310: fitness=104900
It 1315: fitness=104900
It 1320: fitness=104900
It 1325: fitness=104900
It 1330: fitness=104900
It 1335: fitness=104900
It 1340: fitness=104900
It 1345: fitness=104900
It 1350: fitness=104900
It 1355: fitness=104900
It 1360: fitness=104900
It 1365: fitness=104900
It 1370: fitness=104900
It 1375: fitness=104900
It 1380: fitness=104900
It 1385: fitness=104900
It 1390: fitness=104900
It 1395: fitness=104900
It 1400: fitness=104900
It 1405: fitness=104900
It 1410: fitness=104900
Maximal number of iterations without improvement reached
>> Resamp_Iter 5 negLL: 104943 (ref:  105435.7 )
>> Resamp_params: 0.6539111 0.6899779 0.6058006 0.5469068 0.4728102 0.5312975 0.6 0.609978 0.5969789 0.5740932 0.5381715 0.6460073 0.5157482 0.5449547 0.4943427 0.6593497 0.5512396 0.4284642 0.6634379 0.5889318 0.5857091 0.4963521 0.5305146 0.6451146 0.5723254 0.5771036 0.4905169 0.5681937 0.5376963 0.5761769 0.5517404 0.001 0.9674876 1.299999 -482.872 -87.98781 0.411416 
 [1]    0.5616531    0.5857182    0.5515381    0.5487872    0.5436690
 [6]    0.5326105    0.5999994    0.6127043    0.5435578    0.5752417
[11]    0.5403226    0.6599999    0.6199999    0.5482508    0.6396637
[16]    0.7099759    0.5524150    0.5933308    0.6551963    0.5901898
[21]    0.5353083    0.4977788    0.5328646    0.6337159    0.5756330
[26]    0.5774914    0.4900002    0.5706977    0.5274690    0.5792556
[31]    0.5523559    0.0010000    0.9568725    1.3000000 -499.9944096
[36]  -91.9769067    0.4173210
>> sd Resamp 6 : 12 31 9 6 30 21 15 2 25 24 31 13 9 28 17 30 6 9 19 14 16 5 2 15 22 11 9 20 27 20 11 
>> Opt param @ resamp: 90239.28 
S=22, K=3, p=0.1303, w0=0.7213, w1=0.7213, c.p=1.193, c.g=1.193
v.max=NA, d=6.083, vectorize=FALSE, hybrid=off
It 5: fitness=219300
It 10: fitness=193300
It 15: fitness=175200
It 20: fitness=168600
It 25: fitness=164900
It 30: fitness=162700
It 35: fitness=155700
It 40: fitness=149100
It 45: fitness=143900
It 50: fitness=143600
It 55: fitness=139400
It 60: fitness=133100
It 65: fitness=130300
It 70: fitness=126700
It 75: fitness=125000
It 80: fitness=123800
It 85: fitness=121700
It 90: fitness=120100
It 95: fitness=118400
It 100: fitness=117700
It 105: fitness=116100
It 110: fitness=115100
It 115: fitness=113000
It 120: fitness=112700
It 125: fitness=111700
It 130: fitness=110600
It 135: fitness=110400
It 140: fitness=109700
It 145: fitness=109400
It 150: fitness=108700
It 155: fitness=107600
It 160: fitness=104600
It 165: fitness=103800
It 170: fitness=103200
It 175: fitness=103100
It 180: fitness=102700
It 185: fitness=102400
It 190: fitness=102100
It 195: fitness=101600
It 200: fitness=101500
It 205: fitness=101500
It 210: fitness=101200
It 215: fitness=100900
It 220: fitness=100800
It 225: fitness=100700
It 230: fitness=100500
It 235: fitness=100500
It 240: fitness=100300
It 245: fitness=100100
It 250: fitness=100100
It 255: fitness=100100
It 260: fitness=99800
It 265: fitness=99800
It 270: fitness=99800
It 275: fitness=99790
It 280: fitness=99720
It 285: fitness=99700
It 290: fitness=99660
It 295: fitness=99570
It 300: fitness=99560
It 305: fitness=99550
It 310: fitness=99530
It 315: fitness=99520
It 320: fitness=99500
It 325: fitness=99490
It 330: fitness=99480
It 335: fitness=99450
It 340: fitness=99440
It 345: fitness=99440
It 350: fitness=99430
It 355: fitness=99420
It 360: fitness=99420
It 365: fitness=99410
It 370: fitness=99400
It 375: fitness=99400
It 380: fitness=99390
It 385: fitness=99390
It 390: fitness=99380
It 395: fitness=99380
It 400: fitness=99380
It 405: fitness=99380
It 410: fitness=99380
It 415: fitness=99380
It 420: fitness=99370
It 425: fitness=99370
It 430: fitness=99370
It 435: fitness=99370
It 440: fitness=99370
It 445: fitness=99370
It 450: fitness=99360
It 455: fitness=99360
It 460: fitness=99360
It 465: fitness=99360
It 470: fitness=99360
It 475: fitness=99360
It 480: fitness=99360
It 485: fitness=99360
It 490: fitness=99360
It 495: fitness=99360
It 500: fitness=99360
It 505: fitness=99360
It 510: fitness=99360
It 515: fitness=99360
It 520: fitness=99360
It 525: fitness=99360
It 530: fitness=99360
It 535: fitness=99360
It 540: fitness=99360
It 545: fitness=99360
It 550: fitness=99360
It 555: fitness=99360
It 560: fitness=99360
It 565: fitness=99360
It 570: fitness=99360
It 575: fitness=99360
It 580: fitness=99360
It 585: fitness=99360
It 590: fitness=99360
It 595: fitness=99360
It 600: fitness=99360
It 605: fitness=99360
It 610: fitness=99360
It 615: fitness=99360
It 620: fitness=99360
It 625: fitness=99360
It 630: fitness=99360
It 635: fitness=99360
It 640: fitness=99360
It 645: fitness=99360
It 650: fitness=99360
It 655: fitness=99360
It 660: fitness=99360
It 665: fitness=99360
It 670: fitness=99360
It 675: fitness=99360
It 680: fitness=99360
It 685: fitness=99360
It 690: fitness=99360
It 695: fitness=99350
It 700: fitness=99350
It 705: fitness=99350
It 710: fitness=99350
It 715: fitness=99350
It 720: fitness=99350
It 725: fitness=99350
It 730: fitness=99350
It 735: fitness=99350
It 740: fitness=99350
It 745: fitness=99350
It 750: fitness=99350
It 755: fitness=99350
It 760: fitness=99350
It 765: fitness=99350
It 770: fitness=99350
It 775: fitness=99350
It 780: fitness=99350
It 785: fitness=99350
It 790: fitness=99350
It 795: fitness=99350
It 800: fitness=99350
It 805: fitness=99350
It 810: fitness=99350
It 815: fitness=99350
It 820: fitness=99350
It 825: fitness=99350
It 830: fitness=99350
It 835: fitness=99350
It 840: fitness=99350
It 845: fitness=99350
It 850: fitness=99350
It 855: fitness=99350
It 860: fitness=99350
It 865: fitness=99350
It 870: fitness=99350
It 875: fitness=99350
It 880: fitness=99350
It 885: fitness=99350
It 890: fitness=99350
It 895: fitness=99350
It 900: fitness=99350
It 905: fitness=99350
It 910: fitness=99350
It 915: fitness=99350
It 920: fitness=99350
It 925: fitness=99350
It 930: fitness=99350
It 935: fitness=99350
It 940: fitness=99350
It 945: fitness=99350
It 950: fitness=99350
It 955: fitness=99350
It 960: fitness=99350
It 965: fitness=99350
It 970: fitness=99350
It 975: fitness=99350
It 980: fitness=99350
It 985: fitness=99350
It 990: fitness=99350
It 995: fitness=99350
It 1000: fitness=99350
It 1005: fitness=99350
It 1010: fitness=99350
It 1015: fitness=99350
It 1020: fitness=99350
It 1025: fitness=99350
It 1030: fitness=99350
It 1035: fitness=99350
It 1040: fitness=99350
It 1045: fitness=99350
It 1050: fitness=99350
It 1055: fitness=99350
It 1060: fitness=99350
It 1065: fitness=99350
It 1070: fitness=99350
It 1075: fitness=99350
It 1080: fitness=99350
It 1085: fitness=99350
It 1090: fitness=99350
It 1095: fitness=99350
It 1100: fitness=99350
It 1105: fitness=99350
It 1110: fitness=99350
It 1115: fitness=99350
It 1120: fitness=99350
It 1125: fitness=99350
It 1130: fitness=99350
It 1135: fitness=99350
It 1140: fitness=99350
It 1145: fitness=99350
It 1150: fitness=99350
It 1155: fitness=99350
It 1160: fitness=99350
It 1165: fitness=99350
It 1170: fitness=99350
It 1175: fitness=99350
It 1180: fitness=99350
It 1185: fitness=99350
It 1190: fitness=99350
It 1195: fitness=99350
It 1200: fitness=99350
It 1205: fitness=99350
It 1210: fitness=99350
It 1215: fitness=99350
It 1220: fitness=99350
It 1225: fitness=99350
It 1230: fitness=99350
It 1235: fitness=99350
It 1240: fitness=99350
It 1245: fitness=99350
It 1250: fitness=99350
It 1255: fitness=99350
It 1260: fitness=99350
It 1265: fitness=99350
It 1270: fitness=99350
It 1275: fitness=99350
It 1280: fitness=99350
It 1285: fitness=99350
It 1290: fitness=99350
It 1295: fitness=99350
It 1300: fitness=99350
It 1305: fitness=99350
It 1310: fitness=99350
It 1315: fitness=99350
It 1320: fitness=99350
It 1325: fitness=99350
It 1330: fitness=99350
It 1335: fitness=99350
It 1340: fitness=99350
It 1345: fitness=99350
It 1350: fitness=99350
It 1355: fitness=99350
It 1360: fitness=99350
It 1365: fitness=99350
It 1370: fitness=99350
It 1375: fitness=99350
It 1380: fitness=99350
It 1385: fitness=99350
It 1390: fitness=99350
It 1395: fitness=99350
It 1400: fitness=99350
It 1405: fitness=99350
It 1410: fitness=99350
It 1415: fitness=99350
It 1420: fitness=99350
It 1425: fitness=99350
It 1430: fitness=99350
It 1435: fitness=99350
It 1440: fitness=99350
It 1445: fitness=99350
It 1450: fitness=99350
It 1455: fitness=99350
It 1460: fitness=99350
It 1465: fitness=99350
It 1470: fitness=99350
It 1475: fitness=99350
It 1480: fitness=99350
It 1485: fitness=99350
It 1490: fitness=99350
It 1495: fitness=99350
It 1500: fitness=99350
It 1505: fitness=99350
It 1510: fitness=99350
It 1515: fitness=99350
It 1520: fitness=99350
It 1525: fitness=99350
It 1530: fitness=99350
It 1535: fitness=99350
It 1540: fitness=99350
It 1545: fitness=99350
It 1550: fitness=99350
It 1555: fitness=99350
It 1560: fitness=99350
It 1565: fitness=99350
It 1570: fitness=99350
It 1575: fitness=99350
It 1580: fitness=99350
It 1585: fitness=99350
It 1590: fitness=99350
It 1595: fitness=99350
It 1600: fitness=99350
It 1605: fitness=99350
It 1610: fitness=99350
It 1615: fitness=99350
It 1620: fitness=99350
It 1625: fitness=99350
It 1630: fitness=99350
It 1635: fitness=99350
It 1640: fitness=99350
It 1645: fitness=99350
It 1650: fitness=99350
It 1655: fitness=99350
It 1660: fitness=99350
It 1665: fitness=99350
It 1670: fitness=99350
It 1675: fitness=99350
It 1680: fitness=99350
It 1685: fitness=99350
It 1690: fitness=99350
It 1695: fitness=99350
It 1700: fitness=99350
It 1705: fitness=99350
It 1710: fitness=99350
It 1715: fitness=99350
It 1720: fitness=99350
It 1725: fitness=99350
It 1730: fitness=99350
It 1735: fitness=99350
It 1740: fitness=99350
It 1745: fitness=99350
It 1750: fitness=99350
It 1755: fitness=99350
It 1760: fitness=99350
It 1765: fitness=99350
It 1770: fitness=99350
It 1775: fitness=99350
It 1780: fitness=99350
It 1785: fitness=99350
It 1790: fitness=99350
It 1795: fitness=99350
It 1800: fitness=99350
It 1805: fitness=99350
It 1810: fitness=99350
It 1815: fitness=99350
It 1820: fitness=99350
It 1825: fitness=99350
It 1830: fitness=99350
It 1835: fitness=99350
It 1840: fitness=99350
It 1845: fitness=99350
It 1850: fitness=99350
It 1855: fitness=99350
It 1860: fitness=99350
It 1865: fitness=99350
It 1870: fitness=99350
It 1875: fitness=99350
It 1880: fitness=99350
It 1885: fitness=99350
It 1890: fitness=99350
It 1895: fitness=99350
It 1900: fitness=99350
It 1905: fitness=99350
It 1910: fitness=99350
It 1915: fitness=99350
It 1920: fitness=99350
It 1925: fitness=99350
It 1930: fitness=99350
It 1935: fitness=99350
It 1940: fitness=99350
It 1945: fitness=99350
It 1950: fitness=99350
It 1955: fitness=99350
It 1960: fitness=99350
It 1965: fitness=99350
It 1970: fitness=99350
It 1975: fitness=99350
It 1980: fitness=99350
It 1985: fitness=99350
It 1990: fitness=99350
It 1995: fitness=99350
It 2000: fitness=99350
It 2005: fitness=99350
It 2010: fitness=99350
It 2015: fitness=99350
It 2020: fitness=99350
It 2025: fitness=99350
It 2030: fitness=99350
It 2035: fitness=99350
It 2040: fitness=99350
It 2045: fitness=99350
It 2050: fitness=99350
Maximal number of iterations without improvement reached
>> Resamp_Iter 6 negLL: 99351.3 (ref:  90239.28 )
>> Resamp_params: 0.54 0.5963923 0.5793892 0.4586283 0.5454508 0.63 0.48 0.7061928 0.5462872 0.4501874 0.5445185 0.6599998 0.5491199 0.553494 0.6365264 0.7099508 0.5546545 0.6999874 0.6553804 0.5894934 0.5382247 0.5000516 0.5873068 0.6221797 0.582356 0.4409121 0.4900012 0.5743548 0.598256 0.5856266 0.5552411 0.001 0.9338784 1.3 -499.9991 -73.79141 0.4076843 
 [1]    0.5616531    0.5857182    0.5515381    0.5487872    0.5436690
 [6]    0.5326105    0.5999994    0.6127043    0.5435578    0.5752417
[11]    0.5403226    0.6599999    0.6199999    0.5482508    0.6396637
[16]    0.7099759    0.5524150    0.5933308    0.6551963    0.5901898
[21]    0.5353083    0.4977788    0.5328646    0.6337159    0.5756330
[26]    0.5774914    0.4900002    0.5706977    0.5274690    0.5792556
[31]    0.5523559    0.0010000    0.9568725    1.3000000 -499.9944096
[36]  -91.9769067    0.4173210
>> sd Resamp 7 : 30 27 23 20 13 29 5 18 22 7 14 2 16 16 9 17 4 15 7 28 26 22 9 10 1 8 5 1 18 2 11 
>> Opt param @ resamp: 76438.59 
S=22, K=3, p=0.1303, w0=0.7213, w1=0.7213, c.p=1.193, c.g=1.193
v.max=NA, d=6.083, vectorize=FALSE, hybrid=off
It 5: fitness=152600
It 10: fitness=132000
It 15: fitness=121900
It 20: fitness=113800
It 25: fitness=107800
It 30: fitness=106300
It 35: fitness=102900
It 40: fitness=101800
It 45: fitness=99630
It 50: fitness=95880
It 55: fitness=95260
It 60: fitness=94320
It 65: fitness=92920
It 70: fitness=91510
It 75: fitness=90250
It 80: fitness=88920
It 85: fitness=88090
It 90: fitness=87720
It 95: fitness=86290
It 100: fitness=85530
It 105: fitness=84740
It 110: fitness=84140
It 115: fitness=83920
It 120: fitness=83480
It 125: fitness=83350
It 130: fitness=83010
It 135: fitness=82820
It 140: fitness=82750
It 145: fitness=82190
It 150: fitness=81850
It 155: fitness=81500
It 160: fitness=81120
It 165: fitness=80830
It 170: fitness=80240
It 175: fitness=79520
It 180: fitness=78480
It 185: fitness=77780
It 190: fitness=77610
It 195: fitness=77510
It 200: fitness=77310
It 205: fitness=77300
It 210: fitness=77190
It 215: fitness=77130
It 220: fitness=77030
It 225: fitness=76800
It 230: fitness=76670
It 235: fitness=76440
It 240: fitness=76330
It 245: fitness=76310
It 250: fitness=76200
It 255: fitness=76080
It 260: fitness=76020
It 265: fitness=75950
It 270: fitness=75850
It 275: fitness=75750
It 280: fitness=75610
It 285: fitness=75490
It 290: fitness=75480
It 295: fitness=75300
It 300: fitness=75300
It 305: fitness=75210
It 310: fitness=75180
It 315: fitness=75140
It 320: fitness=75140
It 325: fitness=75110
It 330: fitness=75080
It 335: fitness=75080
It 340: fitness=75060
It 345: fitness=75050
It 350: fitness=75020
It 355: fitness=75020
It 360: fitness=75020
It 365: fitness=75020
It 370: fitness=75010
It 375: fitness=75000
It 380: fitness=74990
It 385: fitness=74990
It 390: fitness=74970
It 395: fitness=74970
It 400: fitness=74970
It 405: fitness=74960
It 410: fitness=74960
It 415: fitness=74960
It 420: fitness=74960
It 425: fitness=74950
It 430: fitness=74940
It 435: fitness=74940
It 440: fitness=74930
It 445: fitness=74930
It 450: fitness=74930
It 455: fitness=74930
It 460: fitness=74930
It 465: fitness=74920
It 470: fitness=74920
It 475: fitness=74920
It 480: fitness=74920
It 485: fitness=74920
It 490: fitness=74920
It 495: fitness=74920
It 500: fitness=74920
It 505: fitness=74920
It 510: fitness=74920
It 515: fitness=74920
It 520: fitness=74920
It 525: fitness=74920
It 530: fitness=74920
It 535: fitness=74910
It 540: fitness=74910
It 545: fitness=74910
It 550: fitness=74910
It 555: fitness=74910
It 560: fitness=74910
It 565: fitness=74910
It 570: fitness=74910
It 575: fitness=74910
It 580: fitness=74910
It 585: fitness=74910
It 590: fitness=74910
It 595: fitness=74910
It 600: fitness=74910
It 605: fitness=74910
It 610: fitness=74910
It 615: fitness=74910
It 620: fitness=74910
It 625: fitness=74910
It 630: fitness=74910
It 635: fitness=74910
It 640: fitness=74910
It 645: fitness=74910
It 650: fitness=74910
It 655: fitness=74910
It 660: fitness=74910
It 665: fitness=74910
It 670: fitness=74910
It 675: fitness=74910
It 680: fitness=74910
It 685: fitness=74910
It 690: fitness=74910
It 695: fitness=74910
It 700: fitness=74910
It 705: fitness=74910
It 710: fitness=74910
It 715: fitness=74910
It 720: fitness=74910
It 725: fitness=74910
It 730: fitness=74910
It 735: fitness=74910
It 740: fitness=74910
It 745: fitness=74910
It 750: fitness=74910
It 755: fitness=74910
It 760: fitness=74910
It 765: fitness=74910
It 770: fitness=74910
It 775: fitness=74910
It 780: fitness=74910
It 785: fitness=74910
It 790: fitness=74910
It 795: fitness=74910
It 800: fitness=74910
It 805: fitness=74910
It 810: fitness=74910
It 815: fitness=74910
It 820: fitness=74910
It 825: fitness=74910
It 830: fitness=74910
It 835: fitness=74910
It 840: fitness=74910
It 845: fitness=74910
It 850: fitness=74910
It 855: fitness=74910
It 860: fitness=74910
It 865: fitness=74910
It 870: fitness=74910
It 875: fitness=74910
It 880: fitness=74910
It 885: fitness=74910
It 890: fitness=74910
It 895: fitness=74910
It 900: fitness=74910
It 905: fitness=74910
It 910: fitness=74910
It 915: fitness=74910
It 920: fitness=74910
It 925: fitness=74910
It 930: fitness=74910
It 935: fitness=74910
It 940: fitness=74910
It 945: fitness=74910
It 950: fitness=74910
It 955: fitness=74910
It 960: fitness=74910
It 965: fitness=74910
It 970: fitness=74910
It 975: fitness=74910
It 980: fitness=74910
It 985: fitness=74910
It 990: fitness=74910
It 995: fitness=74910
It 1000: fitness=74910
It 1005: fitness=74910
It 1010: fitness=74910
It 1015: fitness=74910
It 1020: fitness=74910
It 1025: fitness=74910
It 1030: fitness=74910
It 1035: fitness=74910
It 1040: fitness=74910
It 1045: fitness=74910
It 1050: fitness=74910
It 1055: fitness=74910
It 1060: fitness=74910
It 1065: fitness=74910
It 1070: fitness=74910
It 1075: fitness=74910
It 1080: fitness=74910
It 1085: fitness=74910
It 1090: fitness=74910
It 1095: fitness=74910
It 1100: fitness=74910
It 1105: fitness=74910
It 1110: fitness=74910
It 1115: fitness=74910
It 1120: fitness=74910
It 1125: fitness=74910
It 1130: fitness=74910
It 1135: fitness=74910
It 1140: fitness=74910
It 1145: fitness=74910
It 1150: fitness=74910
It 1155: fitness=74910
It 1160: fitness=74910
It 1165: fitness=74910
It 1170: fitness=74910
It 1175: fitness=74910
It 1180: fitness=74910
It 1185: fitness=74910
It 1190: fitness=74910
It 1195: fitness=74910
It 1200: fitness=74910
It 1205: fitness=74910
It 1210: fitness=74910
It 1215: fitness=74910
It 1220: fitness=74910
It 1225: fitness=74910
It 1230: fitness=74910
It 1235: fitness=74910
It 1240: fitness=74910
It 1245: fitness=74910
It 1250: fitness=74910
It 1255: fitness=74910
It 1260: fitness=74910
It 1265: fitness=74910
It 1270: fitness=74910
It 1275: fitness=74910
It 1280: fitness=74910
It 1285: fitness=74910
It 1290: fitness=74910
It 1295: fitness=74910
It 1300: fitness=74910
It 1305: fitness=74910
It 1310: fitness=74910
It 1315: fitness=74910
It 1320: fitness=74910
It 1325: fitness=74910
It 1330: fitness=74910
It 1335: fitness=74910
It 1340: fitness=74910
It 1345: fitness=74910
It 1350: fitness=74910
It 1355: fitness=74910
It 1360: fitness=74910
It 1365: fitness=74910
It 1370: fitness=74910
It 1375: fitness=74910
It 1380: fitness=74910
It 1385: fitness=74910
It 1390: fitness=74910
It 1395: fitness=74910
It 1400: fitness=74910
It 1405: fitness=74910
It 1410: fitness=74910
It 1415: fitness=74910
It 1420: fitness=74910
It 1425: fitness=74910
It 1430: fitness=74910
It 1435: fitness=74910
It 1440: fitness=74910
It 1445: fitness=74910
It 1450: fitness=74910
It 1455: fitness=74910
It 1460: fitness=74910
It 1465: fitness=74910
It 1470: fitness=74910
It 1475: fitness=74910
It 1480: fitness=74910
It 1485: fitness=74910
It 1490: fitness=74910
It 1495: fitness=74910
It 1500: fitness=74910
It 1505: fitness=74910
It 1510: fitness=74910
It 1515: fitness=74910
It 1520: fitness=74910
It 1525: fitness=74910
It 1530: fitness=74910
It 1535: fitness=74910
It 1540: fitness=74910
It 1545: fitness=74910
It 1550: fitness=74910
It 1555: fitness=74910
It 1560: fitness=74910
It 1565: fitness=74910
It 1570: fitness=74910
It 1575: fitness=74910
It 1580: fitness=74910
It 1585: fitness=74910
It 1590: fitness=74910
It 1595: fitness=74910
It 1600: fitness=74910
It 1605: fitness=74910
It 1610: fitness=74910
It 1615: fitness=74910
It 1620: fitness=74910
It 1625: fitness=74910
It 1630: fitness=74910
It 1635: fitness=74910
It 1640: fitness=74910
It 1645: fitness=74910
It 1650: fitness=74910
It 1655: fitness=74910
It 1660: fitness=74910
It 1665: fitness=74910
It 1670: fitness=74910
It 1675: fitness=74910
It 1680: fitness=74910
It 1685: fitness=74910
It 1690: fitness=74910
It 1695: fitness=74910
It 1700: fitness=74910
It 1705: fitness=74910
It 1710: fitness=74910
It 1715: fitness=74910
It 1720: fitness=74910
It 1725: fitness=74910
It 1730: fitness=74910
It 1735: fitness=74910
It 1740: fitness=74910
It 1745: fitness=74910
It 1750: fitness=74910
It 1755: fitness=74910
It 1760: fitness=74910
It 1765: fitness=74910
It 1770: fitness=74910
It 1775: fitness=74910
It 1780: fitness=74910
It 1785: fitness=74910
It 1790: fitness=74910
It 1795: fitness=74910
It 1800: fitness=74910
It 1805: fitness=74910
It 1810: fitness=74910
It 1815: fitness=74910
It 1820: fitness=74910
Maximal number of iterations without improvement reached
>> Resamp_Iter 7 negLL: 74907.91 (ref:  76438.59 )
>> Resamp_params: 0.5606528 0.5797458 0.5612486 0.5475237 0.5430589 0.5379854 0.6 0.6100907 0.544303 0.5752286 0.538574 0.4770228 0.5470434 0.5451166 0.6465624 0.7099996 0.5518859 0.588557 0.5265838 0.5888675 0.63 0.4968952 0.530908 0.3003232 0.525394 0.577735 0.490001 0.5691246 0.5273611 0.5765993 0.6298704 0.001 0.9689044 1.299868 -499.9986 -82.75286 0.4078507 
 [1]    0.5616531    0.5857182    0.5515381    0.5487872    0.5436690
 [6]    0.5326105    0.5999994    0.6127043    0.5435578    0.5752417
[11]    0.5403226    0.6599999    0.6199999    0.5482508    0.6396637
[16]    0.7099759    0.5524150    0.5933308    0.6551963    0.5901898
[21]    0.5353083    0.4977788    0.5328646    0.6337159    0.5756330
[26]    0.5774914    0.4900002    0.5706977    0.5274690    0.5792556
[31]    0.5523559    0.0010000    0.9568725    1.3000000 -499.9944096
[36]  -91.9769067    0.4173210
>> sd Resamp 8 : 17 19 20 24 11 14 5 12 25 22 28 9 24 29 16 4 4 19 30 8 24 15 11 10 9 31 27 3 14 19 1 
>> Opt param @ resamp: 90961.64 
S=22, K=3, p=0.1303, w0=0.7213, w1=0.7213, c.p=1.193, c.g=1.193
v.max=NA, d=6.083, vectorize=FALSE, hybrid=off
It 5: fitness=209800
It 10: fitness=203200
It 15: fitness=186900
It 20: fitness=167200
It 25: fitness=152800
It 30: fitness=152800
It 35: fitness=136600
It 40: fitness=136600
It 45: fitness=128600
It 50: fitness=126500
It 55: fitness=123300
It 60: fitness=121000
It 65: fitness=120100
It 70: fitness=117600
It 75: fitness=116300
It 80: fitness=116000
It 85: fitness=114400
It 90: fitness=112800
It 95: fitness=112100
It 100: fitness=111200
It 105: fitness=109600
It 110: fitness=109400
It 115: fitness=107400
It 120: fitness=105700
It 125: fitness=104900
It 130: fitness=104300
It 135: fitness=104000
It 140: fitness=103100
It 145: fitness=103000
It 150: fitness=102500
It 155: fitness=101900
It 160: fitness=101200
It 165: fitness=100400
It 170: fitness=99900
It 175: fitness=99620
It 180: fitness=99300
It 185: fitness=99250
It 190: fitness=98600
It 195: fitness=98450
It 200: fitness=98320
It 205: fitness=97580
It 210: fitness=97390
It 215: fitness=96750
It 220: fitness=95430
It 225: fitness=95380
It 230: fitness=95260
It 235: fitness=95240
It 240: fitness=95220
It 245: fitness=95160
It 250: fitness=95060
It 255: fitness=95030
It 260: fitness=94930
It 265: fitness=94900
It 270: fitness=94850
It 275: fitness=94780
It 280: fitness=94670
It 285: fitness=94610
It 290: fitness=94600
It 295: fitness=94550
It 300: fitness=94510
It 305: fitness=94480
It 310: fitness=94440
It 315: fitness=94420
It 320: fitness=94400
It 325: fitness=94380
It 330: fitness=94360
It 335: fitness=94330
It 340: fitness=94320
It 345: fitness=94300
It 350: fitness=94290
It 355: fitness=94290
It 360: fitness=94280
It 365: fitness=94280
It 370: fitness=94270
It 375: fitness=94270
It 380: fitness=94260
It 385: fitness=94260
It 390: fitness=94250
It 395: fitness=94250
It 400: fitness=94250
It 405: fitness=94250
It 410: fitness=94240
It 415: fitness=94240
It 420: fitness=94240
It 425: fitness=94240
It 430: fitness=94240
It 435: fitness=94240
It 440: fitness=94230
It 445: fitness=94230
It 450: fitness=94220
It 455: fitness=94220
It 460: fitness=94220
It 465: fitness=94220
It 470: fitness=94220
It 475: fitness=94220
It 480: fitness=94220
It 485: fitness=94220
It 490: fitness=94220
It 495: fitness=94220
It 500: fitness=94220
It 505: fitness=94220
It 510: fitness=94220
It 515: fitness=94220
It 520: fitness=94220
It 525: fitness=94210
It 530: fitness=94210
It 535: fitness=94210
It 540: fitness=94210
It 545: fitness=94210
It 550: fitness=94210
It 555: fitness=94210
It 560: fitness=94210
It 565: fitness=94210
It 570: fitness=94210
It 575: fitness=94210
It 580: fitness=94210
It 585: fitness=94210
It 590: fitness=94210
It 595: fitness=94210
It 600: fitness=94210
It 605: fitness=94210
It 610: fitness=94210
It 615: fitness=94210
It 620: fitness=94210
It 625: fitness=94210
It 630: fitness=94210
It 635: fitness=94210
It 640: fitness=94210
It 645: fitness=94210
It 650: fitness=94210
It 655: fitness=94210
It 660: fitness=94210
It 665: fitness=94210
It 670: fitness=94210
It 675: fitness=94210
It 680: fitness=94210
It 685: fitness=94210
It 690: fitness=94210
It 695: fitness=94210
It 700: fitness=94210
It 705: fitness=94210
It 710: fitness=94210
It 715: fitness=94210
It 720: fitness=94210
It 725: fitness=94210
It 730: fitness=94210
It 735: fitness=94210
It 740: fitness=94210
It 745: fitness=94210
It 750: fitness=94210
It 755: fitness=94210
It 760: fitness=94210
It 765: fitness=94210
It 770: fitness=94210
It 775: fitness=94210
It 780: fitness=94210
It 785: fitness=94210
It 790: fitness=94210
It 795: fitness=94210
It 800: fitness=94210
It 805: fitness=94210
It 810: fitness=94210
It 815: fitness=94210
It 820: fitness=94210
It 825: fitness=94210
It 830: fitness=94210
It 835: fitness=94210
It 840: fitness=94210
It 845: fitness=94210
It 850: fitness=94210
It 855: fitness=94210
It 860: fitness=94210
It 865: fitness=94210
It 870: fitness=94210
It 875: fitness=94210
It 880: fitness=94210
It 885: fitness=94210
It 890: fitness=94210
It 895: fitness=94210
It 900: fitness=94210
It 905: fitness=94210
It 910: fitness=94210
It 915: fitness=94210
It 920: fitness=94210
It 925: fitness=94210
It 930: fitness=94210
It 935: fitness=94210
It 940: fitness=94210
It 945: fitness=94210
It 950: fitness=94210
It 955: fitness=94210
It 960: fitness=94210
It 965: fitness=94210
It 970: fitness=94210
It 975: fitness=94210
It 980: fitness=94210
It 985: fitness=94210
It 990: fitness=94210
It 995: fitness=94210
It 1000: fitness=94210
It 1005: fitness=94210
It 1010: fitness=94210
It 1015: fitness=94210
It 1020: fitness=94210
It 1025: fitness=94210
It 1030: fitness=94210
It 1035: fitness=94210
It 1040: fitness=94210
It 1045: fitness=94210
It 1050: fitness=94210
It 1055: fitness=94210
It 1060: fitness=94210
It 1065: fitness=94210
It 1070: fitness=94210
It 1075: fitness=94210
It 1080: fitness=94210
It 1085: fitness=94210
It 1090: fitness=94210
It 1095: fitness=94210
It 1100: fitness=94210
It 1105: fitness=94210
It 1110: fitness=94210
It 1115: fitness=94210
It 1120: fitness=94210
It 1125: fitness=94210
It 1130: fitness=94210
It 1135: fitness=94210
It 1140: fitness=94210
It 1145: fitness=94210
It 1150: fitness=94210
It 1155: fitness=94210
It 1160: fitness=94210
It 1165: fitness=94210
It 1170: fitness=94210
It 1175: fitness=94210
It 1180: fitness=94210
It 1185: fitness=94210
It 1190: fitness=94210
It 1195: fitness=94210
It 1200: fitness=94210
It 1205: fitness=94210
It 1210: fitness=94210
It 1215: fitness=94210
It 1220: fitness=94210
It 1225: fitness=94210
It 1230: fitness=94210
It 1235: fitness=94210
It 1240: fitness=94210
It 1245: fitness=94210
It 1250: fitness=94210
It 1255: fitness=94210
It 1260: fitness=94210
It 1265: fitness=94210
It 1270: fitness=94210
It 1275: fitness=94210
It 1280: fitness=94210
It 1285: fitness=94210
It 1290: fitness=94210
It 1295: fitness=94210
It 1300: fitness=94210
It 1305: fitness=94210
It 1310: fitness=94210
It 1315: fitness=94210
It 1320: fitness=94210
It 1325: fitness=94210
It 1330: fitness=94210
It 1335: fitness=94210
It 1340: fitness=94210
It 1345: fitness=94210
It 1350: fitness=94210
It 1355: fitness=94210
It 1360: fitness=94210
It 1365: fitness=94210
It 1370: fitness=94210
It 1375: fitness=94210
It 1380: fitness=94210
It 1385: fitness=94210
It 1390: fitness=94210
It 1395: fitness=94210
It 1400: fitness=94210
It 1405: fitness=94210
It 1410: fitness=94210
It 1415: fitness=94210
It 1420: fitness=94210
It 1425: fitness=94210
It 1430: fitness=94210
It 1435: fitness=94210
It 1440: fitness=94210
It 1445: fitness=94210
It 1450: fitness=94210
It 1455: fitness=94210
It 1460: fitness=94210
It 1465: fitness=94210
It 1470: fitness=94210
It 1475: fitness=94210
It 1480: fitness=94210
It 1485: fitness=94210
It 1490: fitness=94210
It 1495: fitness=94210
It 1500: fitness=94210
It 1505: fitness=94210
It 1510: fitness=94210
It 1515: fitness=94210
It 1520: fitness=94210
It 1525: fitness=94210
It 1530: fitness=94210
It 1535: fitness=94210
It 1540: fitness=94210
It 1545: fitness=94210
It 1550: fitness=94210
It 1555: fitness=94210
It 1560: fitness=94210
It 1565: fitness=94210
It 1570: fitness=94210
It 1575: fitness=94210
It 1580: fitness=94210
It 1585: fitness=94210
It 1590: fitness=94210
It 1595: fitness=94210
It 1600: fitness=94210
It 1605: fitness=94210
It 1610: fitness=94210
It 1615: fitness=94210
It 1620: fitness=94210
It 1625: fitness=94210
It 1630: fitness=94210
It 1635: fitness=94210
It 1640: fitness=94210
It 1645: fitness=94210
It 1650: fitness=94210
It 1655: fitness=94210
It 1660: fitness=94210
It 1665: fitness=94210
It 1670: fitness=94210
It 1675: fitness=94210
Maximal number of iterations without improvement reached
>> Resamp_Iter 8 negLL: 94211.32 (ref:  90961.64 )
>> Resamp_params: 0.6599999 0.6792337 0.5539273 0.5514119 0.5468117 0.531754 0.4869542 0.618395 0.5462583 0.5772925 0.5462228 0.6599989 0.4844972 0.5556099 0.6299629 0.5949734 0.5553445 0.6953434 0.6461846 0.590722 0.6296154 0.5899999 0.6272457 0.6109659 0.585379 0.4468661 0.49 0.5754828 0.5290829 0.5887581 0.5555311 0.001 0.925164 1.276959 -499.998 -78.88863 0.4148312 
 [1]    0.5616531    0.5857182    0.5515381    0.5487872    0.5436690
 [6]    0.5326105    0.5999994    0.6127043    0.5435578    0.5752417
[11]    0.5403226    0.6599999    0.6199999    0.5482508    0.6396637
[16]    0.7099759    0.5524150    0.5933308    0.6551963    0.5901898
[21]    0.5353083    0.4977788    0.5328646    0.6337159    0.5756330
[26]    0.5774914    0.4900002    0.5706977    0.5274690    0.5792556
[31]    0.5523559    0.0010000    0.9568725    1.3000000 -499.9944096
[36]  -91.9769067    0.4173210
>> sd Resamp 9 : 23 12 10 24 25 19 25 2 25 24 27 4 10 27 4 2 13 28 8 23 16 27 3 9 14 1 19 14 9 24 29 
>> Opt param @ resamp: 73439.21 
S=22, K=3, p=0.1303, w0=0.7213, w1=0.7213, c.p=1.193, c.g=1.193
v.max=NA, d=6.083, vectorize=FALSE, hybrid=off
It 5: fitness=135300
It 10: fitness=135300
It 15: fitness=127300
It 20: fitness=108000
It 25: fitness=100800
It 30: fitness=94290
It 35: fitness=94290
It 40: fitness=90770
It 45: fitness=87910
It 50: fitness=85580
It 55: fitness=84530
It 60: fitness=83570
It 65: fitness=81980
It 70: fitness=80880
It 75: fitness=79260
It 80: fitness=78750
It 85: fitness=77670
It 90: fitness=76650
It 95: fitness=76190
It 100: fitness=75970
It 105: fitness=75930
It 110: fitness=75750
It 115: fitness=75510
It 120: fitness=75120
It 125: fitness=74920
It 130: fitness=74720
It 135: fitness=74630
It 140: fitness=74520
It 145: fitness=74420
It 150: fitness=74260
It 155: fitness=74130
It 160: fitness=73990
It 165: fitness=73960
It 170: fitness=73680
It 175: fitness=73370
It 180: fitness=72980
It 185: fitness=72760
It 190: fitness=72630
It 195: fitness=72570
It 200: fitness=72500
It 205: fitness=72410
It 210: fitness=72380
It 215: fitness=72350
It 220: fitness=72240
It 225: fitness=72200
It 230: fitness=72140
It 235: fitness=72120
It 240: fitness=72090
It 245: fitness=72070
It 250: fitness=72040
It 255: fitness=72000
It 260: fitness=71990
It 265: fitness=71970
It 270: fitness=71960
It 275: fitness=71960
It 280: fitness=71960
It 285: fitness=71950
It 290: fitness=71950
It 295: fitness=71950
It 300: fitness=71950
It 305: fitness=71940
It 310: fitness=71940
It 315: fitness=71920
It 320: fitness=71910
It 325: fitness=71910
It 330: fitness=71880
It 335: fitness=71880
It 340: fitness=71870
It 345: fitness=71870
It 350: fitness=71870
It 355: fitness=71860
It 360: fitness=71860
It 365: fitness=71860
It 370: fitness=71850
It 375: fitness=71850
It 380: fitness=71850
It 385: fitness=71850
It 390: fitness=71850
It 395: fitness=71850
It 400: fitness=71840
It 405: fitness=71840
It 410: fitness=71840
It 415: fitness=71840
It 420: fitness=71840
It 425: fitness=71840
It 430: fitness=71840
It 435: fitness=71840
It 440: fitness=71840
It 445: fitness=71840
It 450: fitness=71840
It 455: fitness=71840
It 460: fitness=71840
It 465: fitness=71840
It 470: fitness=71840
It 475: fitness=71840
It 480: fitness=71840
It 485: fitness=71840
It 490: fitness=71840
It 495: fitness=71840
It 500: fitness=71840
It 505: fitness=71840
It 510: fitness=71840
It 515: fitness=71840
It 520: fitness=71840
It 525: fitness=71840
It 530: fitness=71840
It 535: fitness=71840
It 540: fitness=71840
It 545: fitness=71840
It 550: fitness=71840
It 555: fitness=71840
It 560: fitness=71840
It 565: fitness=71840
It 570: fitness=71840
It 575: fitness=71840
It 580: fitness=71840
It 585: fitness=71840
It 590: fitness=71840
It 595: fitness=71840
It 600: fitness=71840
It 605: fitness=71840
It 610: fitness=71840
It 615: fitness=71840
It 620: fitness=71840
It 625: fitness=71840
It 630: fitness=71840
It 635: fitness=71840
It 640: fitness=71840
It 645: fitness=71840
It 650: fitness=71840
It 655: fitness=71840
It 660: fitness=71840
It 665: fitness=71840
It 670: fitness=71840
It 675: fitness=71830
It 680: fitness=71830
It 685: fitness=71830
It 690: fitness=71830
It 695: fitness=71830
It 700: fitness=71830
It 705: fitness=71830
It 710: fitness=71830
It 715: fitness=71830
It 720: fitness=71830
It 725: fitness=71830
It 730: fitness=71830
It 735: fitness=71830
It 740: fitness=71830
It 745: fitness=71830
It 750: fitness=71830
It 755: fitness=71830
It 760: fitness=71830
It 765: fitness=71830
It 770: fitness=71830
It 775: fitness=71830
It 780: fitness=71830
It 785: fitness=71830
It 790: fitness=71830
It 795: fitness=71830
It 800: fitness=71830
It 805: fitness=71830
It 810: fitness=71830
It 815: fitness=71830
It 820: fitness=71830
It 825: fitness=71830
It 830: fitness=71830
It 835: fitness=71830
It 840: fitness=71830
It 845: fitness=71830
It 850: fitness=71830
It 855: fitness=71830
It 860: fitness=71830
It 865: fitness=71830
It 870: fitness=71830
It 875: fitness=71830
It 880: fitness=71830
It 885: fitness=71830
It 890: fitness=71830
It 895: fitness=71830
It 900: fitness=71830
It 905: fitness=71830
It 910: fitness=71830
It 915: fitness=71830
It 920: fitness=71830
It 925: fitness=71830
It 930: fitness=71830
It 935: fitness=71830
It 940: fitness=71830
It 945: fitness=71830
It 950: fitness=71830
It 955: fitness=71830
It 960: fitness=71830
It 965: fitness=71830
It 970: fitness=71830
It 975: fitness=71830
It 980: fitness=71830
It 985: fitness=71830
It 990: fitness=71830
It 995: fitness=71830
It 1000: fitness=71830
It 1005: fitness=71830
It 1010: fitness=71830
It 1015: fitness=71830
It 1020: fitness=71830
It 1025: fitness=71830
It 1030: fitness=71830
It 1035: fitness=71830
It 1040: fitness=71830
It 1045: fitness=71830
It 1050: fitness=71830
It 1055: fitness=71830
It 1060: fitness=71830
It 1065: fitness=71830
It 1070: fitness=71830
It 1075: fitness=71830
It 1080: fitness=71830
It 1085: fitness=71830
It 1090: fitness=71830
It 1095: fitness=71830
It 1100: fitness=71830
It 1105: fitness=71830
It 1110: fitness=71830
It 1115: fitness=71830
It 1120: fitness=71830
It 1125: fitness=71830
It 1130: fitness=71830
It 1135: fitness=71830
It 1140: fitness=71830
It 1145: fitness=71830
It 1150: fitness=71830
It 1155: fitness=71830
It 1160: fitness=71830
It 1165: fitness=71830
It 1170: fitness=71830
It 1175: fitness=71830
It 1180: fitness=71830
It 1185: fitness=71830
It 1190: fitness=71830
It 1195: fitness=71830
It 1200: fitness=71830
It 1205: fitness=71830
It 1210: fitness=71830
It 1215: fitness=71830
It 1220: fitness=71830
It 1225: fitness=71830
It 1230: fitness=71830
It 1235: fitness=71830
It 1240: fitness=71830
It 1245: fitness=71830
It 1250: fitness=71830
It 1255: fitness=71830
It 1260: fitness=71830
It 1265: fitness=71830
It 1270: fitness=71830
It 1275: fitness=71830
It 1280: fitness=71830
It 1285: fitness=71830
It 1290: fitness=71830
It 1295: fitness=71830
It 1300: fitness=71830
It 1305: fitness=71830
It 1310: fitness=71830
It 1315: fitness=71830
It 1320: fitness=71830
It 1325: fitness=71830
It 1330: fitness=71830
It 1335: fitness=71830
It 1340: fitness=71830
It 1345: fitness=71830
It 1350: fitness=71830
It 1355: fitness=71830
It 1360: fitness=71830
It 1365: fitness=71830
It 1370: fitness=71830
It 1375: fitness=71830
It 1380: fitness=71830
It 1385: fitness=71830
It 1390: fitness=71830
It 1395: fitness=71830
It 1400: fitness=71830
It 1405: fitness=71830
It 1410: fitness=71830
It 1415: fitness=71830
It 1420: fitness=71830
It 1425: fitness=71830
It 1430: fitness=71830
It 1435: fitness=71830
It 1440: fitness=71830
It 1445: fitness=71830
It 1450: fitness=71830
It 1455: fitness=71830
It 1460: fitness=71830
It 1465: fitness=71830
It 1470: fitness=71830
It 1475: fitness=71830
It 1480: fitness=71830
It 1485: fitness=71830
It 1490: fitness=71830
It 1495: fitness=71830
It 1500: fitness=71830
It 1505: fitness=71830
It 1510: fitness=71830
It 1515: fitness=71830
It 1520: fitness=71830
It 1525: fitness=71830
It 1530: fitness=71830
It 1535: fitness=71830
It 1540: fitness=71830
It 1545: fitness=71830
It 1550: fitness=71830
It 1555: fitness=71830
It 1560: fitness=71830
It 1565: fitness=71830
It 1570: fitness=71830
It 1575: fitness=71830
It 1580: fitness=71830
It 1585: fitness=71830
It 1590: fitness=71830
It 1595: fitness=71830
It 1600: fitness=71830
Maximal number of iterations without improvement reached
>> Resamp_Iter 9 negLL: 71834.12 (ref:  73439.21 )
>> Resamp_params: 0.5636547 0.5978278 0.5583581 0.5551391 0.4848395 0.5916712 0.5728208 0.613939 0.5482212 0.5828942 0.6231556 0.4400034 0.5537271 0.5492968 0.4019312 0.5873735 0.6294737 0.6280267 0.6495032 0.4556652 0.5752754 0.5607804 0.5343994 0.6241711 0.580505 0.5142252 0.4900002 0.5726831 0.5304913 0.6699973 0.6069643 0.001 0.9588749 1.113181 -500 -80.59609 0.4160281 
 [1]    0.5616531    0.5857182    0.5515381    0.5487872    0.5436690
 [6]    0.5326105    0.5999994    0.6127043    0.5435578    0.5752417
[11]    0.5403226    0.6599999    0.6199999    0.5482508    0.6396637
[16]    0.7099759    0.5524150    0.5933308    0.6551963    0.5901898
[21]    0.5353083    0.4977788    0.5328646    0.6337159    0.5756330
[26]    0.5774914    0.4900002    0.5706977    0.5274690    0.5792556
[31]    0.5523559    0.0010000    0.9568725    1.3000000 -499.9944096
[36]  -91.9769067    0.4173210
>> sd Resamp 10 : 4 5 4 3 25 6 20 24 5 1 30 6 3 5 7 6 25 16 1 26 18 21 4 28 3 12 22 3 23 16 28 
>> Opt param @ resamp: 68786.45 
S=22, K=3, p=0.1303, w0=0.7213, w1=0.7213, c.p=1.193, c.g=1.193
v.max=NA, d=6.083, vectorize=FALSE, hybrid=off
It 5: fitness=127700
It 10: fitness=126100
It 15: fitness=114200
It 20: fitness=111100
It 25: fitness=111100
It 30: fitness=102100
It 35: fitness=96760
It 40: fitness=94380
It 45: fitness=91090
It 50: fitness=88570
It 55: fitness=87350
It 60: fitness=85130
It 65: fitness=85130
It 70: fitness=84300
It 75: fitness=83280
It 80: fitness=82460
It 85: fitness=82340
It 90: fitness=81490
It 95: fitness=80640
It 100: fitness=78890
It 105: fitness=77730
It 110: fitness=76820
It 115: fitness=75880
It 120: fitness=75480
It 125: fitness=74920
It 130: fitness=74630
It 135: fitness=74450
It 140: fitness=74140
It 145: fitness=74090
It 150: fitness=73600
It 155: fitness=73460
It 160: fitness=73460
It 165: fitness=73390
It 170: fitness=73250
It 175: fitness=73130
It 180: fitness=73080
It 185: fitness=73060
It 190: fitness=72990
It 195: fitness=72970
It 200: fitness=72910
It 205: fitness=72840
It 210: fitness=72800
It 215: fitness=72770
It 220: fitness=72740
It 225: fitness=72720
It 230: fitness=72680
It 235: fitness=72640
It 240: fitness=72630
It 245: fitness=72620
It 250: fitness=72610
It 255: fitness=72610
It 260: fitness=72600
It 265: fitness=72590
It 270: fitness=72590
It 275: fitness=72590
It 280: fitness=72590
It 285: fitness=72580
It 290: fitness=72580
It 295: fitness=72580
It 300: fitness=72570
It 305: fitness=72570
It 310: fitness=72570
It 315: fitness=72570
It 320: fitness=72560
It 325: fitness=72560
It 330: fitness=72560
It 335: fitness=72560
It 340: fitness=72560
It 345: fitness=72560
It 350: fitness=72560
It 355: fitness=72560
It 360: fitness=72560
It 365: fitness=72560
It 370: fitness=72560
It 375: fitness=72560
It 380: fitness=72560
It 385: fitness=72560
It 390: fitness=72560
It 395: fitness=72560
It 400: fitness=72560
It 405: fitness=72560
It 410: fitness=72560
It 415: fitness=72560
It 420: fitness=72560
It 425: fitness=72560
It 430: fitness=72560
It 435: fitness=72560
It 440: fitness=72560
It 445: fitness=72560
It 450: fitness=72560
It 455: fitness=72560
It 460: fitness=72560
It 465: fitness=72560
It 470: fitness=72560
It 475: fitness=72560
It 480: fitness=72560
It 485: fitness=72560
It 490: fitness=72560
It 495: fitness=72560
It 500: fitness=72560
It 505: fitness=72560
It 510: fitness=72560
It 515: fitness=72560
It 520: fitness=72560
It 525: fitness=72560
It 530: fitness=72560
It 535: fitness=72560
It 540: fitness=72560
It 545: fitness=72560
It 550: fitness=72560
It 555: fitness=72560
It 560: fitness=72560
It 565: fitness=72560
It 570: fitness=72560
It 575: fitness=72560
It 580: fitness=72560
It 585: fitness=72560
It 590: fitness=72560
It 595: fitness=72560
It 600: fitness=72560
It 605: fitness=72560
It 610: fitness=72560
It 615: fitness=72560
It 620: fitness=72560
It 625: fitness=72560
It 630: fitness=72560
It 635: fitness=72560
It 640: fitness=72560
It 645: fitness=72560
It 650: fitness=72560
It 655: fitness=72560
It 660: fitness=72560
It 665: fitness=72560
It 670: fitness=72560
It 675: fitness=72560
It 680: fitness=72560
It 685: fitness=72560
It 690: fitness=72560
It 695: fitness=72560
It 700: fitness=72560
It 705: fitness=72560
It 710: fitness=72560
It 715: fitness=72560
It 720: fitness=72560
It 725: fitness=72560
It 730: fitness=72560
It 735: fitness=72560
It 740: fitness=72560
It 745: fitness=72560
It 750: fitness=72560
It 755: fitness=72560
It 760: fitness=72560
It 765: fitness=72560
It 770: fitness=72560
It 775: fitness=72560
It 780: fitness=72560
It 785: fitness=72560
It 790: fitness=72560
It 795: fitness=72560
It 800: fitness=72560
It 805: fitness=72560
It 810: fitness=72560
It 815: fitness=72560
It 820: fitness=72560
It 825: fitness=72560
It 830: fitness=72560
It 835: fitness=72560
It 840: fitness=72560
It 845: fitness=72560
It 850: fitness=72560
It 855: fitness=72560
It 860: fitness=72560
It 865: fitness=72560
It 870: fitness=72560
It 875: fitness=72560
It 880: fitness=72560
It 885: fitness=72560
It 890: fitness=72560
It 895: fitness=72560
It 900: fitness=72560
It 905: fitness=72560
Maximal number of iterations without improvement reached
>> Resamp_Iter 10 negLL: 72555.47 (ref:  68786.45 )
>> Resamp_params: 0.6599999 0.4 0.552503 0.5491132 0.544141 0.530815 0.5999997 0.7087322 0.6051198 0.5156408 0.6009645 0.6599998 0.5130225 0.47 0.6290713 0.5795353 0.5358612 0.5901945 0.6624651 0.5916919 0.532819 0.4954788 0.5298976 0.6382863 0.5727362 0.5779069 0.6278425 0.5700742 0.5157887 0.5763043 0.6040279 0.001 0.9590683 1.299995 -499.9995 -83.36549 0.4153496 
