fit_results/data/globalcity_clean.txt_sd_03191603.log>>> Loading state data: Atlanta <<<
>>> Loading state data: Berlin <<<
>>> Loading state data: Boston <<<
>>> Loading state data: Chicago <<<
>>> Loading state data: Denver <<<
>>> Loading state data: Houston <<<
>>> Loading state data: Los Angeles <<<
>>> Loading state data: Madrid <<<
>>> Loading state data: Miami <<<
>>> Loading state data: Phoenix <<<
>>> Loading state data: Rome <<<
>>> Loading state data: Seattle <<<
>>> Loading state data: St Louis <<<
>>> Loading state data: Toronto <<<
>>> Loading state data: Birmingham <<<
>>> Loading state data: Cologne <<<
>>> Loading state data: Dallas <<<
>>> Loading state data: Hamburg <<<
>>> Loading state data: London <<<
>>> Loading state data: New York <<<
>>> Loading state data: Sacramento <<<
>>> Loading state data: San Diego <<<
>>> Loading state data: San Francisco <<<
>>> Loading state data: Stockholm <<<
>>> Loading state data: Stuttgart <<<
>>> Loading state data: Tucson <<<
>>> Loading state data: Melbourne <<<
>>> Loading state data: Santiago <<<
>>> Loading state data: Delhi <<<
>>> Loading state data: Vancouver <<<
>>> Loading state data: Mexico City <<<
 [1]    0.540    0.400    0.430    0.440    0.460    0.530    0.480    0.570
 [9]    0.540    0.450    0.470    0.440    0.470    0.470    0.400    0.450
[17]    0.530    0.410    0.400    0.450    0.480    0.480    0.490    0.300
[25]    0.450    0.440    0.490    0.540    0.450    0.430    0.550    0.001
[33]    0.800    0.600 -500.000 -500.000    0.000
 [1] 0.660 0.690 0.610 0.610 0.620 0.630 0.600 0.710 0.630 0.620 0.630 0.660
[13] 0.620 0.660 0.690 0.710 0.640 0.710 0.670 0.620 0.630 0.590 0.630 0.720
[25] 0.680 0.610 0.630 0.700 0.600 0.670 0.630 0.001 1.200 1.300 0.000 0.000
[37] 1.000
 [1]    0.5616531    0.5857182    0.5515381    0.5487872    0.5436690
 [6]    0.5326105    0.5999994    0.6127043    0.5435578    0.5752417
[11]    0.5403226    0.6599999    0.6199999    0.5482508    0.6396637
[16]    0.7099759    0.5524150    0.5933308    0.6551963    0.5901898
[21]    0.5353083    0.4977788    0.5328646    0.6337159    0.5756330
[26]    0.5774914    0.4900002    0.5706977    0.5274690    0.5792556
[31]    0.5523559    0.0010000    0.9568725    1.3000000 -499.9944096
[36]  -91.9769067    0.4173210
 [1]    0.5900000    0.5900000    0.5900000    0.5900000    0.5900000
 [6]    0.5900000    0.5900000    0.5900000    0.5900000    0.5900000
[11]    0.5900000    0.5900000    0.5900000    0.5900000    0.5900000
[16]    0.5900000    0.5900000    0.5900000    0.5900000    0.5900000
[21]    0.5900000    0.5900000    0.5900000    0.5900000    0.5900000
[26]    0.5900000    0.5900000    0.5900000    0.5900000    0.5900000
[31]    0.5900000    0.0010000    0.9568725    1.3000000 -499.9944096
[36]  -91.9769067    0.4173210
96 cores seen; limit to 18 cores
 [1]    0.5616531    0.5857182    0.5515381    0.5487872    0.5436690
 [6]    0.5326105    0.5999994    0.6127043    0.5435578    0.5752417
[11]    0.5403226    0.6599999    0.6199999    0.5482508    0.6396637
[16]    0.7099759    0.5524150    0.5933308    0.6551963    0.5901898
[21]    0.5353083    0.4977788    0.5328646    0.6337159    0.5756330
[26]    0.5774914    0.4900002    0.5706977    0.5274690    0.5792556
[31]    0.5523559    0.0010000    0.9568725    1.3000000 -499.9944096
[36]  -91.9769067    0.4173210
>> sd Resamp 1 : 22 16 10 22 14 10 8 7 27 3 16 23 23 19 5 8 28 31 26 29 16 28 1 18 19 15 16 30 14 29 3 
>> Opt param @ resamp: 75446.13 
S=22, K=3, p=0.1303, w0=0.7213, w1=0.7213, c.p=1.193, c.g=1.193
v.max=NA, d=6.083, vectorize=FALSE, hybrid=off
It 5: fitness=162900
It 10: fitness=154300
It 15: fitness=152600
It 20: fitness=143400
It 25: fitness=140100
It 30: fitness=121400
It 35: fitness=120200
It 40: fitness=116600
It 45: fitness=110300
It 50: fitness=102400
It 55: fitness=93530
It 60: fitness=93020
It 65: fitness=91330
It 70: fitness=90160
It 75: fitness=86040
It 80: fitness=85660
It 85: fitness=84030
It 90: fitness=83010
It 95: fitness=80670
It 100: fitness=79860
It 105: fitness=79410
It 110: fitness=79410
It 115: fitness=79090
It 120: fitness=78670
It 125: fitness=78090
It 130: fitness=78060
It 135: fitness=77630
It 140: fitness=76620
It 145: fitness=76460
It 150: fitness=76120
It 155: fitness=75900
It 160: fitness=75830
It 165: fitness=75590
It 170: fitness=75520
It 175: fitness=75420
It 180: fitness=75340
It 185: fitness=75220
It 190: fitness=75180
It 195: fitness=75170
It 200: fitness=75150
It 205: fitness=74980
It 210: fitness=74910
It 215: fitness=74870
It 220: fitness=74720
It 225: fitness=74680
It 230: fitness=74640
It 235: fitness=74470
It 240: fitness=74360
It 245: fitness=74320
It 250: fitness=74270
It 255: fitness=74090
It 260: fitness=73220
It 265: fitness=73120
It 270: fitness=73010
It 275: fitness=72990
It 280: fitness=72960
It 285: fitness=72940
It 290: fitness=72930
It 295: fitness=72910
It 300: fitness=72890
It 305: fitness=72880
It 310: fitness=72850
It 315: fitness=72820
It 320: fitness=72790
It 325: fitness=72790
It 330: fitness=72770
It 335: fitness=72760
It 340: fitness=72740
It 345: fitness=72730
It 350: fitness=72710
It 355: fitness=72670
It 360: fitness=72660
It 365: fitness=72650
It 370: fitness=72650
It 375: fitness=72630
It 380: fitness=72620
It 385: fitness=72620
It 390: fitness=72600
It 395: fitness=72600
It 400: fitness=72590
It 405: fitness=72590
It 410: fitness=72590
It 415: fitness=72580
It 420: fitness=72580
It 425: fitness=72580
It 430: fitness=72570
It 435: fitness=72570
It 440: fitness=72570
It 445: fitness=72560
It 450: fitness=72560
It 455: fitness=72550
It 460: fitness=72540
It 465: fitness=72540
It 470: fitness=72540
It 475: fitness=72530
It 480: fitness=72530
It 485: fitness=72520
It 490: fitness=72520
It 495: fitness=72520
It 500: fitness=72510
It 505: fitness=72510
It 510: fitness=72510
It 515: fitness=72510
It 520: fitness=72510
It 525: fitness=72510
It 530: fitness=72500
It 535: fitness=72500
It 540: fitness=72500
It 545: fitness=72500
It 550: fitness=72500
It 555: fitness=72500
It 560: fitness=72500
It 565: fitness=72500
It 570: fitness=72500
It 575: fitness=72500
It 580: fitness=72500
It 585: fitness=72500
It 590: fitness=72500
It 595: fitness=72490
It 600: fitness=72490
It 605: fitness=72490
It 610: fitness=72490
It 615: fitness=72490
It 620: fitness=72490
It 625: fitness=72490
It 630: fitness=72490
It 635: fitness=72490
It 640: fitness=72490
It 645: fitness=72490
It 650: fitness=72490
It 655: fitness=72490
It 660: fitness=72490
It 665: fitness=72490
It 670: fitness=72490
It 675: fitness=72490
It 680: fitness=72490
It 685: fitness=72490
It 690: fitness=72490
It 695: fitness=72490
It 700: fitness=72490
It 705: fitness=72490
It 710: fitness=72490
It 715: fitness=72490
It 720: fitness=72490
It 725: fitness=72490
It 730: fitness=72490
It 735: fitness=72490
It 740: fitness=72490
It 745: fitness=72490
It 750: fitness=72490
It 755: fitness=72490
It 760: fitness=72490
It 765: fitness=72490
It 770: fitness=72490
It 775: fitness=72490
It 780: fitness=72490
It 785: fitness=72490
It 790: fitness=72490
It 795: fitness=72490
It 800: fitness=72490
It 805: fitness=72490
It 810: fitness=72490
It 815: fitness=72490
It 820: fitness=72490
It 825: fitness=72490
It 830: fitness=72490
It 835: fitness=72490
It 840: fitness=72490
It 845: fitness=72490
It 850: fitness=72490
It 855: fitness=72490
It 860: fitness=72490
It 865: fitness=72490
It 870: fitness=72490
It 875: fitness=72490
It 880: fitness=72490
It 885: fitness=72490
It 890: fitness=72490
It 895: fitness=72490
It 900: fitness=72490
It 905: fitness=72490
It 910: fitness=72490
It 915: fitness=72490
It 920: fitness=72490
It 925: fitness=72490
It 930: fitness=72490
It 935: fitness=72490
It 940: fitness=72490
It 945: fitness=72490
It 950: fitness=72490
It 955: fitness=72490
It 960: fitness=72490
It 965: fitness=72490
It 970: fitness=72490
It 975: fitness=72490
It 980: fitness=72490
It 985: fitness=72490
It 990: fitness=72490
It 995: fitness=72490
It 1000: fitness=72490
It 1005: fitness=72490
It 1010: fitness=72490
It 1015: fitness=72490
It 1020: fitness=72490
It 1025: fitness=72490
It 1030: fitness=72490
It 1035: fitness=72490
It 1040: fitness=72490
It 1045: fitness=72490
It 1050: fitness=72490
It 1055: fitness=72490
It 1060: fitness=72490
It 1065: fitness=72490
It 1070: fitness=72490
It 1075: fitness=72490
It 1080: fitness=72490
It 1085: fitness=72490
It 1090: fitness=72490
It 1095: fitness=72490
It 1100: fitness=72490
It 1105: fitness=72490
It 1110: fitness=72490
It 1115: fitness=72490
It 1120: fitness=72490
It 1125: fitness=72490
It 1130: fitness=72490
It 1135: fitness=72490
It 1140: fitness=72490
It 1145: fitness=72490
It 1150: fitness=72490
It 1155: fitness=72490
It 1160: fitness=72490
It 1165: fitness=72490
It 1170: fitness=72490
It 1175: fitness=72490
It 1180: fitness=72490
It 1185: fitness=72490
It 1190: fitness=72490
It 1195: fitness=72490
It 1200: fitness=72490
It 1205: fitness=72490
It 1210: fitness=72490
It 1215: fitness=72490
It 1220: fitness=72490
It 1225: fitness=72490
It 1230: fitness=72490
It 1235: fitness=72490
It 1240: fitness=72490
It 1245: fitness=72490
It 1250: fitness=72490
It 1255: fitness=72490
It 1260: fitness=72490
It 1265: fitness=72490
It 1270: fitness=72490
It 1275: fitness=72490
It 1280: fitness=72490
It 1285: fitness=72490
It 1290: fitness=72490
It 1295: fitness=72490
It 1300: fitness=72490
It 1305: fitness=72490
It 1310: fitness=72490
It 1315: fitness=72490
It 1320: fitness=72490
It 1325: fitness=72490
It 1330: fitness=72490
It 1335: fitness=72490
It 1340: fitness=72490
It 1345: fitness=72490
It 1350: fitness=72490
It 1355: fitness=72490
It 1360: fitness=72490
It 1365: fitness=72490
It 1370: fitness=72490
It 1375: fitness=72490
It 1380: fitness=72490
It 1385: fitness=72490
It 1390: fitness=72490
It 1395: fitness=72490
It 1400: fitness=72490
It 1405: fitness=72490
It 1410: fitness=72490
It 1415: fitness=72490
It 1420: fitness=72490
It 1425: fitness=72490
It 1430: fitness=72490
It 1435: fitness=72490
It 1440: fitness=72490
It 1445: fitness=72490
It 1450: fitness=72490
It 1455: fitness=72490
It 1460: fitness=72490
It 1465: fitness=72490
It 1470: fitness=72490
It 1475: fitness=72490
It 1480: fitness=72490
It 1485: fitness=72490
It 1490: fitness=72490
It 1495: fitness=72490
It 1500: fitness=72490
It 1505: fitness=72490
It 1510: fitness=72490
It 1515: fitness=72490
It 1520: fitness=72490
It 1525: fitness=72490
It 1530: fitness=72490
It 1535: fitness=72490
It 1540: fitness=72490
It 1545: fitness=72490
It 1550: fitness=72490
It 1555: fitness=72490
It 1560: fitness=72490
It 1565: fitness=72490
It 1570: fitness=72490
It 1575: fitness=72490
It 1580: fitness=72490
It 1585: fitness=72490
It 1590: fitness=72490
It 1595: fitness=72490
It 1600: fitness=72490
It 1605: fitness=72490
It 1610: fitness=72490
It 1615: fitness=72490
It 1620: fitness=72490
It 1625: fitness=72490
It 1630: fitness=72490
It 1635: fitness=72490
It 1640: fitness=72490
It 1645: fitness=72490
It 1650: fitness=72490
It 1655: fitness=72490
It 1660: fitness=72490
It 1665: fitness=72490
It 1670: fitness=72490
It 1675: fitness=72490
It 1680: fitness=72490
It 1685: fitness=72490
It 1690: fitness=72490
It 1695: fitness=72490
It 1700: fitness=72490
It 1705: fitness=72490
It 1710: fitness=72490
It 1715: fitness=72490
It 1720: fitness=72490
It 1725: fitness=72490
It 1730: fitness=72490
It 1735: fitness=72490
It 1740: fitness=72490
It 1745: fitness=72490
It 1750: fitness=72490
It 1755: fitness=72490
It 1760: fitness=72490
It 1765: fitness=72490
It 1770: fitness=72490
It 1775: fitness=72490
It 1780: fitness=72490
It 1785: fitness=72490
It 1790: fitness=72490
It 1795: fitness=72490
It 1800: fitness=72490
It 1805: fitness=72490
It 1810: fitness=72490
It 1815: fitness=72490
It 1820: fitness=72490
It 1825: fitness=72490
It 1830: fitness=72490
It 1835: fitness=72490
It 1840: fitness=72490
It 1845: fitness=72490
It 1850: fitness=72490
It 1855: fitness=72490
It 1860: fitness=72490
It 1865: fitness=72490
It 1870: fitness=72490
It 1875: fitness=72490
It 1880: fitness=72490
It 1885: fitness=72490
It 1890: fitness=72490
It 1895: fitness=72490
It 1900: fitness=72490
It 1905: fitness=72490
It 1910: fitness=72490
It 1915: fitness=72490
It 1920: fitness=72490
It 1925: fitness=72490
It 1930: fitness=72490
It 1935: fitness=72490
It 1940: fitness=72490
It 1945: fitness=72490
It 1950: fitness=72490
It 1955: fitness=72490
It 1960: fitness=72490
It 1965: fitness=72490
It 1970: fitness=72490
It 1975: fitness=72490
It 1980: fitness=72490
It 1985: fitness=72490
It 1990: fitness=72490
It 1995: fitness=72490
It 2000: fitness=72490
It 2005: fitness=72490
It 2010: fitness=72490
It 2015: fitness=72490
It 2020: fitness=72490
It 2025: fitness=72490
It 2030: fitness=72490
It 2035: fitness=72490
It 2040: fitness=72490
It 2045: fitness=72490
It 2050: fitness=72490
It 2055: fitness=72490
It 2060: fitness=72490
It 2065: fitness=72490
It 2070: fitness=72490
It 2075: fitness=72490
It 2080: fitness=72490
It 2085: fitness=72490
It 2090: fitness=72490
It 2095: fitness=72490
It 2100: fitness=72490
It 2105: fitness=72490
It 2110: fitness=72490
It 2115: fitness=72490
It 2120: fitness=72490
It 2125: fitness=72490
It 2130: fitness=72490
It 2135: fitness=72490
It 2140: fitness=72490
It 2145: fitness=72490
It 2150: fitness=72490
It 2155: fitness=72490
It 2160: fitness=72490
Maximal number of iterations without improvement reached
>> Resamp_Iter 1 negLL: 72487.12 (ref:  75446.13 )
>> Resamp_params: 0.5683466 0.6759708 0.5557404 0.6069511 0.5495674 0.5555793 0.5337439 0.6202096 0.63 0.5833662 0.6295549 0.552882 0.4807774 0.5554074 0.63163 0.5934828 0.5522553 0.6064042 0.6502263 0.5090621 0.5664707 0.5062208 0.5410834 0.3116224 0.6313697 0.5820934 0.4900006 0.5714351 0.5253911 0.6695567 0.5622579 0.001 0.9653866 1.043195 -463.7517 -90.82435 0.4085034 
 [1]    0.5616531    0.5857182    0.5515381    0.5487872    0.5436690
 [6]    0.5326105    0.5999994    0.6127043    0.5435578    0.5752417
[11]    0.5403226    0.6599999    0.6199999    0.5482508    0.6396637
[16]    0.7099759    0.5524150    0.5933308    0.6551963    0.5901898
[21]    0.5353083    0.4977788    0.5328646    0.6337159    0.5756330
[26]    0.5774914    0.4900002    0.5706977    0.5274690    0.5792556
[31]    0.5523559    0.0010000    0.9568725    1.3000000 -499.9944096
[36]  -91.9769067    0.4173210
>> sd Resamp 2 : 12 3 7 1 31 16 15 7 30 1 29 5 9 29 9 8 2 11 15 10 9 22 22 18 30 11 29 13 14 1 7 
>> Opt param @ resamp: 71442.88 
S=22, K=3, p=0.1303, w0=0.7213, w1=0.7213, c.p=1.193, c.g=1.193
v.max=NA, d=6.083, vectorize=FALSE, hybrid=off
It 5: fitness=113000
It 10: fitness=113000
It 15: fitness=96380
It 20: fitness=88730
It 25: fitness=87960
It 30: fitness=87750
It 35: fitness=87300
It 40: fitness=86280
It 45: fitness=83650
It 50: fitness=83220
It 55: fitness=82800
It 60: fitness=80630
It 65: fitness=80400
It 70: fitness=78760
It 75: fitness=78320
It 80: fitness=78270
It 85: fitness=78190
It 90: fitness=77790
It 95: fitness=77190
It 100: fitness=77040
It 105: fitness=76520
It 110: fitness=76500
It 115: fitness=76370
It 120: fitness=76230
It 125: fitness=76230
It 130: fitness=76120
It 135: fitness=75680
It 140: fitness=75370
It 145: fitness=75270
It 150: fitness=75240
It 155: fitness=75140
It 160: fitness=75040
It 165: fitness=74830
It 170: fitness=74700
It 175: fitness=74490
It 180: fitness=74150
It 185: fitness=74050
It 190: fitness=73940
It 195: fitness=73800
It 200: fitness=73520
It 205: fitness=73210
It 210: fitness=73000
It 215: fitness=72560
It 220: fitness=72060
It 225: fitness=71720
It 230: fitness=71390
It 235: fitness=71190
It 240: fitness=70970
It 245: fitness=70730
It 250: fitness=70660
It 255: fitness=70120
It 260: fitness=69640
It 265: fitness=69630
It 270: fitness=69410
It 275: fitness=69270
It 280: fitness=69230
It 285: fitness=69060
It 290: fitness=68730
It 295: fitness=68590
It 300: fitness=68440
It 305: fitness=68430
It 310: fitness=68340
It 315: fitness=68250
It 320: fitness=68170
It 325: fitness=68110
It 330: fitness=68040
It 335: fitness=67880
It 340: fitness=67860
It 345: fitness=67770
It 350: fitness=67740
It 355: fitness=67680
It 360: fitness=67630
It 365: fitness=67600
It 370: fitness=67560
It 375: fitness=67510
It 380: fitness=67490
It 385: fitness=67470
It 390: fitness=67410
It 395: fitness=67320
It 400: fitness=67230
It 405: fitness=67210
It 410: fitness=67190
It 415: fitness=67160
It 420: fitness=67100
It 425: fitness=67060
It 430: fitness=67020
It 435: fitness=66990
It 440: fitness=66990
It 445: fitness=66960
It 450: fitness=66960
It 455: fitness=66950
It 460: fitness=66940
It 465: fitness=66940
It 470: fitness=66930
It 475: fitness=66930
It 480: fitness=66930
It 485: fitness=66930
It 490: fitness=66920
It 495: fitness=66920
It 500: fitness=66920
It 505: fitness=66920
It 510: fitness=66920
It 515: fitness=66910
It 520: fitness=66910
It 525: fitness=66910
It 530: fitness=66910
It 535: fitness=66910
It 540: fitness=66910
It 545: fitness=66900
It 550: fitness=66900
It 555: fitness=66900
It 560: fitness=66900
It 565: fitness=66900
It 570: fitness=66900
It 575: fitness=66900
It 580: fitness=66900
It 585: fitness=66890
It 590: fitness=66890
It 595: fitness=66890
It 600: fitness=66890
It 605: fitness=66890
It 610: fitness=66890
It 615: fitness=66890
It 620: fitness=66890
It 625: fitness=66890
It 630: fitness=66890
It 635: fitness=66880
It 640: fitness=66880
It 645: fitness=66880
It 650: fitness=66880
It 655: fitness=66880
It 660: fitness=66880
It 665: fitness=66880
It 670: fitness=66880
It 675: fitness=66880
It 680: fitness=66880
It 685: fitness=66880
It 690: fitness=66880
It 695: fitness=66880
It 700: fitness=66880
It 705: fitness=66880
It 710: fitness=66880
It 715: fitness=66880
It 720: fitness=66880
It 725: fitness=66880
It 730: fitness=66880
It 735: fitness=66880
It 740: fitness=66880
It 745: fitness=66880
It 750: fitness=66880
It 755: fitness=66880
It 760: fitness=66880
It 765: fitness=66880
It 770: fitness=66880
It 775: fitness=66880
It 780: fitness=66880
It 785: fitness=66880
It 790: fitness=66880
It 795: fitness=66880
It 800: fitness=66880
It 805: fitness=66880
It 810: fitness=66880
It 815: fitness=66880
It 820: fitness=66880
It 825: fitness=66880
It 830: fitness=66880
It 835: fitness=66880
It 840: fitness=66880
It 845: fitness=66880
It 850: fitness=66880
It 855: fitness=66880
It 860: fitness=66880
It 865: fitness=66880
It 870: fitness=66880
It 875: fitness=66880
It 880: fitness=66880
It 885: fitness=66880
It 890: fitness=66880
It 895: fitness=66880
It 900: fitness=66880
It 905: fitness=66880
It 910: fitness=66880
It 915: fitness=66880
It 920: fitness=66880
It 925: fitness=66880
It 930: fitness=66880
It 935: fitness=66880
It 940: fitness=66880
It 945: fitness=66880
It 950: fitness=66880
It 955: fitness=66880
It 960: fitness=66880
It 965: fitness=66880
It 970: fitness=66880
It 975: fitness=66880
It 980: fitness=66880
It 985: fitness=66880
It 990: fitness=66880
It 995: fitness=66880
It 1000: fitness=66880
It 1005: fitness=66880
It 1010: fitness=66880
It 1015: fitness=66880
It 1020: fitness=66880
It 1025: fitness=66880
It 1030: fitness=66880
It 1035: fitness=66880
It 1040: fitness=66880
It 1045: fitness=66880
It 1050: fitness=66880
It 1055: fitness=66880
It 1060: fitness=66880
It 1065: fitness=66880
It 1070: fitness=66880
It 1075: fitness=66880
It 1080: fitness=66880
It 1085: fitness=66880
It 1090: fitness=66880
It 1095: fitness=66880
It 1100: fitness=66880
It 1105: fitness=66880
It 1110: fitness=66880
It 1115: fitness=66880
It 1120: fitness=66880
It 1125: fitness=66880
It 1130: fitness=66880
It 1135: fitness=66880
It 1140: fitness=66880
It 1145: fitness=66880
It 1150: fitness=66880
It 1155: fitness=66880
It 1160: fitness=66880
It 1165: fitness=66880
It 1170: fitness=66880
It 1175: fitness=66880
It 1180: fitness=66880
It 1185: fitness=66880
It 1190: fitness=66880
It 1195: fitness=66880
It 1200: fitness=66880
It 1205: fitness=66880
It 1210: fitness=66880
It 1215: fitness=66880
It 1220: fitness=66880
It 1225: fitness=66880
It 1230: fitness=66880
It 1235: fitness=66880
It 1240: fitness=66880
It 1245: fitness=66880
It 1250: fitness=66880
It 1255: fitness=66880
It 1260: fitness=66880
It 1265: fitness=66880
It 1270: fitness=66880
It 1275: fitness=66880
It 1280: fitness=66880
It 1285: fitness=66880
It 1290: fitness=66880
It 1295: fitness=66880
It 1300: fitness=66880
It 1305: fitness=66880
It 1310: fitness=66880
It 1315: fitness=66880
It 1320: fitness=66880
It 1325: fitness=66880
It 1330: fitness=66880
It 1335: fitness=66880
It 1340: fitness=66880
It 1345: fitness=66880
It 1350: fitness=66880
It 1355: fitness=66880
It 1360: fitness=66880
It 1365: fitness=66880
It 1370: fitness=66880
It 1375: fitness=66880
It 1380: fitness=66880
It 1385: fitness=66880
It 1390: fitness=66880
It 1395: fitness=66880
It 1400: fitness=66880
It 1405: fitness=66880
It 1410: fitness=66880
It 1415: fitness=66880
It 1420: fitness=66880
It 1425: fitness=66880
It 1430: fitness=66880
It 1435: fitness=66880
It 1440: fitness=66880
It 1445: fitness=66880
It 1450: fitness=66880
It 1455: fitness=66880
It 1460: fitness=66880
It 1465: fitness=66880
It 1470: fitness=66880
It 1475: fitness=66880
It 1480: fitness=66880
It 1485: fitness=66880
It 1490: fitness=66880
It 1495: fitness=66880
It 1500: fitness=66880
It 1505: fitness=66880
It 1510: fitness=66880
It 1515: fitness=66880
It 1520: fitness=66880
It 1525: fitness=66880
It 1530: fitness=66880
It 1535: fitness=66880
It 1540: fitness=66880
It 1545: fitness=66880
It 1550: fitness=66880
It 1555: fitness=66880
It 1560: fitness=66880
It 1565: fitness=66880
It 1570: fitness=66880
It 1575: fitness=66880
It 1580: fitness=66880
It 1585: fitness=66880
It 1590: fitness=66880
It 1595: fitness=66880
It 1600: fitness=66880
It 1605: fitness=66880
It 1610: fitness=66880
It 1615: fitness=66880
It 1620: fitness=66880
It 1625: fitness=66880
It 1630: fitness=66880
It 1635: fitness=66880
It 1640: fitness=66880
It 1645: fitness=66880
It 1650: fitness=66880
It 1655: fitness=66880
It 1660: fitness=66880
It 1665: fitness=66880
It 1670: fitness=66880
It 1675: fitness=66880
It 1680: fitness=66880
It 1685: fitness=66880
It 1690: fitness=66880
It 1695: fitness=66880
It 1700: fitness=66880
It 1705: fitness=66880
It 1710: fitness=66880
It 1715: fitness=66880
It 1720: fitness=66880
It 1725: fitness=66880
It 1730: fitness=66880
It 1735: fitness=66880
It 1740: fitness=66880
It 1745: fitness=66880
It 1750: fitness=66880
It 1755: fitness=66880
It 1760: fitness=66880
It 1765: fitness=66880
It 1770: fitness=66880
It 1775: fitness=66880
It 1780: fitness=66880
It 1785: fitness=66880
It 1790: fitness=66880
It 1795: fitness=66880
It 1800: fitness=66880
It 1805: fitness=66880
It 1810: fitness=66880
It 1815: fitness=66880
It 1820: fitness=66880
It 1825: fitness=66880
It 1830: fitness=66880
It 1835: fitness=66880
It 1840: fitness=66880
It 1845: fitness=66880
It 1850: fitness=66880
It 1855: fitness=66880
It 1860: fitness=66880
It 1865: fitness=66880
It 1870: fitness=66880
It 1875: fitness=66880
It 1880: fitness=66880
It 1885: fitness=66880
It 1890: fitness=66880
It 1895: fitness=66880
It 1900: fitness=66880
It 1905: fitness=66880
It 1910: fitness=66880
It 1915: fitness=66880
It 1920: fitness=66880
It 1925: fitness=66880
It 1930: fitness=66880
It 1935: fitness=66880
It 1940: fitness=66880
It 1945: fitness=66880
It 1950: fitness=66880
It 1955: fitness=66880
It 1960: fitness=66880
It 1965: fitness=66880
It 1970: fitness=66880
It 1975: fitness=66880
It 1980: fitness=66880
It 1985: fitness=66880
It 1990: fitness=66880
It 1995: fitness=66880
It 2000: fitness=66880
It 2005: fitness=66880
It 2010: fitness=66880
It 2015: fitness=66880
It 2020: fitness=66880
It 2025: fitness=66880
It 2030: fitness=66880
It 2035: fitness=66880
It 2040: fitness=66880
It 2045: fitness=66880
It 2050: fitness=66880
It 2055: fitness=66880
It 2060: fitness=66880
It 2065: fitness=66880
It 2070: fitness=66880
It 2075: fitness=66880
It 2080: fitness=66880
It 2085: fitness=66880
It 2090: fitness=66880
It 2095: fitness=66880
It 2100: fitness=66880
It 2105: fitness=66880
It 2110: fitness=66880
It 2115: fitness=66880
It 2120: fitness=66880
It 2125: fitness=66880
It 2130: fitness=66880
It 2135: fitness=66880
It 2140: fitness=66880
It 2145: fitness=66880
It 2150: fitness=66880
It 2155: fitness=66880
It 2160: fitness=66880
It 2165: fitness=66880
It 2170: fitness=66880
It 2175: fitness=66880
It 2180: fitness=66880
It 2185: fitness=66880
It 2190: fitness=66880
It 2195: fitness=66880
It 2200: fitness=66880
It 2205: fitness=66880
It 2210: fitness=66880
It 2215: fitness=66880
It 2220: fitness=66880
It 2225: fitness=66880
It 2230: fitness=66880
It 2235: fitness=66880
It 2240: fitness=66880
It 2245: fitness=66880
It 2250: fitness=66880
It 2255: fitness=66880
It 2260: fitness=66880
It 2265: fitness=66880
It 2270: fitness=66880
It 2275: fitness=66880
It 2280: fitness=66880
It 2285: fitness=66880
It 2290: fitness=66880
It 2295: fitness=66880
Maximal number of iterations without improvement reached
>> Resamp_Iter 2 negLL: 66875.66 (ref:  71442.88 )
>> Resamp_params: 0.5678423 0.598153 0.5585027 0.5621953 0.5523206 0.6295081 0.5873565 0.6166598 0.5534624 0.5875263 0.5492276 0.659999 0.5580978 0.551177 0.6356584 0.5883906 0.6233569 0.6017502 0.6697895 0.4539996 0.4907696 0.5054351 0.5162823 0.7165045 0.6625754 0.4623636 0.5189486 0.6917038 0.5299623 0.5881916 0.5630061 0.001 0.9789499 0.9978707 -499.988 -71.30068 0.3967864 
 [1]    0.5616531    0.5857182    0.5515381    0.5487872    0.5436690
 [6]    0.5326105    0.5999994    0.6127043    0.5435578    0.5752417
[11]    0.5403226    0.6599999    0.6199999    0.5482508    0.6396637
[16]    0.7099759    0.5524150    0.5933308    0.6551963    0.5901898
[21]    0.5353083    0.4977788    0.5328646    0.6337159    0.5756330
[26]    0.5774914    0.4900002    0.5706977    0.5274690    0.5792556
[31]    0.5523559    0.0010000    0.9568725    1.3000000 -499.9944096
[36]  -91.9769067    0.4173210
>> sd Resamp 3 : 3 9 15 1 29 30 15 4 3 11 6 10 15 15 29 14 19 14 12 6 8 18 6 23 20 8 7 29 15 15 28 
>> Opt param @ resamp: 94829.08 
S=22, K=3, p=0.1303, w0=0.7213, w1=0.7213, c.p=1.193, c.g=1.193
v.max=NA, d=6.083, vectorize=FALSE, hybrid=off
It 5: fitness=189500
It 10: fitness=165600
It 15: fitness=165600
It 20: fitness=163900
It 25: fitness=157900
It 30: fitness=147400
It 35: fitness=138800
It 40: fitness=132300
It 45: fitness=132200
It 50: fitness=130600
It 55: fitness=130400
It 60: fitness=129000
It 65: fitness=128500
It 70: fitness=127300
It 75: fitness=122100
It 80: fitness=120600
It 85: fitness=116900
It 90: fitness=113900
It 95: fitness=111000
It 100: fitness=110300
It 105: fitness=110000
It 110: fitness=109800
It 115: fitness=108800
It 120: fitness=108200
It 125: fitness=107400
It 130: fitness=107200
It 135: fitness=106400
It 140: fitness=106300
It 145: fitness=105700
It 150: fitness=105600
It 155: fitness=104500
It 160: fitness=103700
It 165: fitness=102700
It 170: fitness=102100
It 175: fitness=101200
It 180: fitness=100500
It 185: fitness=99520
It 190: fitness=99360
It 195: fitness=98100
It 200: fitness=97820
It 205: fitness=97520
It 210: fitness=97450
It 215: fitness=97260
It 220: fitness=97060
It 225: fitness=97020
It 230: fitness=96920
It 235: fitness=96730
It 240: fitness=96690
It 245: fitness=96690
It 250: fitness=96640
It 255: fitness=96620
It 260: fitness=96580
It 265: fitness=96550
It 270: fitness=96530
It 275: fitness=96500
It 280: fitness=96470
It 285: fitness=96450
It 290: fitness=96430
It 295: fitness=96420
It 300: fitness=96410
It 305: fitness=96400
It 310: fitness=96390
It 315: fitness=96380
It 320: fitness=96360
It 325: fitness=96340
It 330: fitness=96320
It 335: fitness=96310
It 340: fitness=96310
It 345: fitness=96300
It 350: fitness=96300
It 355: fitness=96300
It 360: fitness=96290
It 365: fitness=96290
It 370: fitness=96280
It 375: fitness=96280
It 380: fitness=96280
It 385: fitness=96270
It 390: fitness=96270
It 395: fitness=96270
It 400: fitness=96270
It 405: fitness=96260
It 410: fitness=96260
It 415: fitness=96260
It 420: fitness=96250
It 425: fitness=96250
It 430: fitness=96250
It 435: fitness=96250
It 440: fitness=96250
It 445: fitness=96240
It 450: fitness=96240
It 455: fitness=96240
It 460: fitness=96240
It 465: fitness=96240
It 470: fitness=96240
It 475: fitness=96230
It 480: fitness=96230
It 485: fitness=96230
It 490: fitness=96230
It 495: fitness=96230
It 500: fitness=96230
It 505: fitness=96230
It 510: fitness=96230
It 515: fitness=96230
It 520: fitness=96230
It 525: fitness=96230
It 530: fitness=96230
It 535: fitness=96220
It 540: fitness=96220
It 545: fitness=96220
It 550: fitness=96220
It 555: fitness=96220
It 560: fitness=96220
It 565: fitness=96220
It 570: fitness=96220
It 575: fitness=96220
It 580: fitness=96220
It 585: fitness=96220
It 590: fitness=96220
It 595: fitness=96220
It 600: fitness=96220
It 605: fitness=96220
It 610: fitness=96220
It 615: fitness=96220
It 620: fitness=96220
It 625: fitness=96220
It 630: fitness=96220
It 635: fitness=96220
It 640: fitness=96220
It 645: fitness=96220
It 650: fitness=96220
It 655: fitness=96220
It 660: fitness=96220
It 665: fitness=96220
It 670: fitness=96220
It 675: fitness=96220
It 680: fitness=96220
It 685: fitness=96220
It 690: fitness=96220
It 695: fitness=96220
It 700: fitness=96220
It 705: fitness=96220
It 710: fitness=96220
It 715: fitness=96220
It 720: fitness=96220
It 725: fitness=96220
It 730: fitness=96220
It 735: fitness=96220
It 740: fitness=96220
It 745: fitness=96220
It 750: fitness=96220
It 755: fitness=96220
It 760: fitness=96220
It 765: fitness=96220
It 770: fitness=96220
It 775: fitness=96220
It 780: fitness=96220
It 785: fitness=96220
It 790: fitness=96220
It 795: fitness=96220
It 800: fitness=96220
It 805: fitness=96220
It 810: fitness=96220
It 815: fitness=96220
It 820: fitness=96220
It 825: fitness=96220
It 830: fitness=96220
It 835: fitness=96220
It 840: fitness=96220
It 845: fitness=96220
It 850: fitness=96220
It 855: fitness=96220
It 860: fitness=96220
It 865: fitness=96220
It 870: fitness=96220
It 875: fitness=96220
It 880: fitness=96220
It 885: fitness=96220
It 890: fitness=96220
It 895: fitness=96220
It 900: fitness=96220
It 905: fitness=96220
It 910: fitness=96220
It 915: fitness=96220
It 920: fitness=96220
It 925: fitness=96220
It 930: fitness=96220
It 935: fitness=96220
It 940: fitness=96220
It 945: fitness=96220
It 950: fitness=96220
It 955: fitness=96220
It 960: fitness=96220
It 965: fitness=96220
It 970: fitness=96220
It 975: fitness=96220
It 980: fitness=96220
It 985: fitness=96220
It 990: fitness=96220
It 995: fitness=96220
It 1000: fitness=96220
It 1005: fitness=96220
It 1010: fitness=96220
It 1015: fitness=96220
It 1020: fitness=96220
It 1025: fitness=96220
It 1030: fitness=96220
It 1035: fitness=96220
It 1040: fitness=96220
It 1045: fitness=96220
It 1050: fitness=96220
It 1055: fitness=96220
It 1060: fitness=96220
It 1065: fitness=96220
It 1070: fitness=96220
It 1075: fitness=96220
It 1080: fitness=96220
It 1085: fitness=96210
It 1090: fitness=96210
It 1095: fitness=96210
It 1100: fitness=96210
It 1105: fitness=96210
It 1110: fitness=96210
It 1115: fitness=96210
It 1120: fitness=96210
It 1125: fitness=96210
It 1130: fitness=96210
It 1135: fitness=96210
It 1140: fitness=96210
It 1145: fitness=96210
It 1150: fitness=96210
It 1155: fitness=96210
It 1160: fitness=96210
It 1165: fitness=96210
It 1170: fitness=96210
It 1175: fitness=96210
It 1180: fitness=96210
It 1185: fitness=96210
It 1190: fitness=96210
It 1195: fitness=96210
It 1200: fitness=96210
It 1205: fitness=96210
It 1210: fitness=96210
It 1215: fitness=96210
It 1220: fitness=96210
It 1225: fitness=96210
It 1230: fitness=96210
It 1235: fitness=96210
It 1240: fitness=96210
It 1245: fitness=96210
It 1250: fitness=96210
It 1255: fitness=96210
It 1260: fitness=96210
It 1265: fitness=96210
It 1270: fitness=96210
It 1275: fitness=96210
It 1280: fitness=96210
It 1285: fitness=96210
It 1290: fitness=96210
It 1295: fitness=96210
It 1300: fitness=96210
It 1305: fitness=96210
It 1310: fitness=96210
It 1315: fitness=96210
It 1320: fitness=96210
It 1325: fitness=96210
It 1330: fitness=96210
It 1335: fitness=96210
It 1340: fitness=96210
It 1345: fitness=96210
It 1350: fitness=96210
It 1355: fitness=96210
It 1360: fitness=96210
It 1365: fitness=96210
It 1370: fitness=96210
It 1375: fitness=96210
It 1380: fitness=96210
It 1385: fitness=96210
It 1390: fitness=96210
It 1395: fitness=96210
It 1400: fitness=96210
Maximal number of iterations without improvement reached
>> Resamp_Iter 3 negLL: 96214.78 (ref:  94829.08 )
>> Resamp_params: 0.5630787 0.6882565 0.5505686 0.548565 0.5058111 0.5339035 0.5247927 0.6153696 0.5448882 0.5752091 0.5431929 0.4400035 0.4774506 0.551992 0.6385208 0.7092678 0.5451367 0.5999702 0.656162 0.5893107 0.5632553 0.4803829 0.534969 0.6716206 0.4562301 0.4608959 0.63 0.5723352 0.5275063 0.5839328 0.5506836 0.001 0.9387004 1.299992 -479.4148 -79.18801 0.4100183 
 [1]    0.5616531    0.5857182    0.5515381    0.5487872    0.5436690
 [6]    0.5326105    0.5999994    0.6127043    0.5435578    0.5752417
[11]    0.5403226    0.6599999    0.6199999    0.5482508    0.6396637
[16]    0.7099759    0.5524150    0.5933308    0.6551963    0.5901898
[21]    0.5353083    0.4977788    0.5328646    0.6337159    0.5756330
[26]    0.5774914    0.4900002    0.5706977    0.5274690    0.5792556
[31]    0.5523559    0.0010000    0.9568725    1.3000000 -499.9944096
[36]  -91.9769067    0.4173210
>> sd Resamp 4 : 22 18 6 26 31 19 1 23 28 7 29 19 30 11 5 28 26 24 1 25 15 11 2 24 27 31 28 28 5 22 28 
>> Opt param @ resamp: 57006.65 
S=22, K=3, p=0.1303, w0=0.7213, w1=0.7213, c.p=1.193, c.g=1.193
v.max=NA, d=6.083, vectorize=FALSE, hybrid=off
It 5: fitness=157600
It 10: fitness=141500
It 15: fitness=120700
It 20: fitness=108500
It 25: fitness=103600
It 30: fitness=97210
It 35: fitness=90570
It 40: fitness=81720
It 45: fitness=80720
It 50: fitness=76900
It 55: fitness=74720
It 60: fitness=71580
It 65: fitness=70760
It 70: fitness=69740
It 75: fitness=67700
It 80: fitness=67550
It 85: fitness=66100
It 90: fitness=65820
It 95: fitness=65400
It 100: fitness=65020
It 105: fitness=64780
It 110: fitness=64680
It 115: fitness=64370
It 120: fitness=64200
It 125: fitness=63890
It 130: fitness=63810
It 135: fitness=63680
It 140: fitness=63040
It 145: fitness=62900
It 150: fitness=62830
It 155: fitness=62760
It 160: fitness=62710
It 165: fitness=62660
It 170: fitness=62630
It 175: fitness=62610
It 180: fitness=62580
It 185: fitness=62540
It 190: fitness=62490
It 195: fitness=62490
It 200: fitness=62460
It 205: fitness=62450
It 210: fitness=62430
It 215: fitness=62430
It 220: fitness=62410
It 225: fitness=62390
It 230: fitness=62370
It 235: fitness=62350
It 240: fitness=62320
It 245: fitness=62320
It 250: fitness=62310
It 255: fitness=62300
It 260: fitness=62300
It 265: fitness=62300
It 270: fitness=62290
It 275: fitness=62280
It 280: fitness=62280
It 285: fitness=62280
It 290: fitness=62270
It 295: fitness=62260
It 300: fitness=62260
It 305: fitness=62260
It 310: fitness=62260
It 315: fitness=62250
It 320: fitness=62250
It 325: fitness=62250
It 330: fitness=62240
It 335: fitness=62230
It 340: fitness=62230
It 345: fitness=62220
It 350: fitness=62210
It 355: fitness=62200
It 360: fitness=62200
It 365: fitness=62190
It 370: fitness=62190
It 375: fitness=62190
It 380: fitness=62190
It 385: fitness=62180
It 390: fitness=62180
It 395: fitness=62180
It 400: fitness=62180
It 405: fitness=62180
It 410: fitness=62170
It 415: fitness=62170
It 420: fitness=62170
It 425: fitness=62170
It 430: fitness=62170
It 435: fitness=62170
It 440: fitness=62170
It 445: fitness=62170
It 450: fitness=62170
It 455: fitness=62170
It 460: fitness=62170
It 465: fitness=62170
It 470: fitness=62170
It 475: fitness=62170
It 480: fitness=62160
It 485: fitness=62160
It 490: fitness=62160
It 495: fitness=62160
It 500: fitness=62160
It 505: fitness=62160
It 510: fitness=62160
It 515: fitness=62160
It 520: fitness=62160
It 525: fitness=62160
It 530: fitness=62160
It 535: fitness=62160
It 540: fitness=62160
It 545: fitness=62160
It 550: fitness=62160
It 555: fitness=62160
It 560: fitness=62160
It 565: fitness=62160
It 570: fitness=62160
It 575: fitness=62160
It 580: fitness=62160
It 585: fitness=62160
It 590: fitness=62160
It 595: fitness=62160
It 600: fitness=62160
It 605: fitness=62160
It 610: fitness=62160
It 615: fitness=62160
It 620: fitness=62160
It 625: fitness=62160
It 630: fitness=62160
It 635: fitness=62150
It 640: fitness=62150
It 645: fitness=62150
It 650: fitness=62150
It 655: fitness=62150
It 660: fitness=62150
It 665: fitness=62150
It 670: fitness=62150
It 675: fitness=62150
It 680: fitness=62150
It 685: fitness=62150
It 690: fitness=62150
It 695: fitness=62150
It 700: fitness=62150
It 705: fitness=62150
It 710: fitness=62150
It 715: fitness=62150
It 720: fitness=62150
It 725: fitness=62150
It 730: fitness=62150
It 735: fitness=62150
It 740: fitness=62150
It 745: fitness=62150
It 750: fitness=62150
It 755: fitness=62150
It 760: fitness=62150
It 765: fitness=62150
It 770: fitness=62150
It 775: fitness=62150
It 780: fitness=62150
It 785: fitness=62150
It 790: fitness=62150
It 795: fitness=62150
It 800: fitness=62150
It 805: fitness=62150
It 810: fitness=62150
It 815: fitness=62150
It 820: fitness=62150
It 825: fitness=62150
It 830: fitness=62150
It 835: fitness=62150
It 840: fitness=62150
It 845: fitness=62150
It 850: fitness=62150
It 855: fitness=62150
It 860: fitness=62150
It 865: fitness=62150
It 870: fitness=62150
It 875: fitness=62150
It 880: fitness=62150
It 885: fitness=62150
It 890: fitness=62150
It 895: fitness=62150
It 900: fitness=62150
It 905: fitness=62150
It 910: fitness=62150
It 915: fitness=62150
It 920: fitness=62150
It 925: fitness=62150
It 930: fitness=62150
It 935: fitness=62150
It 940: fitness=62150
It 945: fitness=62150
It 950: fitness=62150
It 955: fitness=62150
It 960: fitness=62150
It 965: fitness=62150
It 970: fitness=62150
It 975: fitness=62150
It 980: fitness=62150
It 985: fitness=62150
It 990: fitness=62150
It 995: fitness=62150
It 1000: fitness=62150
It 1005: fitness=62150
It 1010: fitness=62150
It 1015: fitness=62150
It 1020: fitness=62150
It 1025: fitness=62150
It 1030: fitness=62150
It 1035: fitness=62150
It 1040: fitness=62150
It 1045: fitness=62150
It 1050: fitness=62150
It 1055: fitness=62150
It 1060: fitness=62150
It 1065: fitness=62150
It 1070: fitness=62150
It 1075: fitness=62150
It 1080: fitness=62150
It 1085: fitness=62150
It 1090: fitness=62150
It 1095: fitness=62150
It 1100: fitness=62150
It 1105: fitness=62150
It 1110: fitness=62150
It 1115: fitness=62150
It 1120: fitness=62150
It 1125: fitness=62150
It 1130: fitness=62150
It 1135: fitness=62150
It 1140: fitness=62150
It 1145: fitness=62150
It 1150: fitness=62150
It 1155: fitness=62150
It 1160: fitness=62150
It 1165: fitness=62150
It 1170: fitness=62150
It 1175: fitness=62150
It 1180: fitness=62150
It 1185: fitness=62150
It 1190: fitness=62150
It 1195: fitness=62150
It 1200: fitness=62150
It 1205: fitness=62150
It 1210: fitness=62150
It 1215: fitness=62150
It 1220: fitness=62150
It 1225: fitness=62150
It 1230: fitness=62150
It 1235: fitness=62150
It 1240: fitness=62150
It 1245: fitness=62150
It 1250: fitness=62150
It 1255: fitness=62150
It 1260: fitness=62150
It 1265: fitness=62150
It 1270: fitness=62150
It 1275: fitness=62150
It 1280: fitness=62150
It 1285: fitness=62150
It 1290: fitness=62150
It 1295: fitness=62150
It 1300: fitness=62150
It 1305: fitness=62150
It 1310: fitness=62150
It 1315: fitness=62150
It 1320: fitness=62150
It 1325: fitness=62150
It 1330: fitness=62150
It 1335: fitness=62150
It 1340: fitness=62150
It 1345: fitness=62150
It 1350: fitness=62150
It 1355: fitness=62150
It 1360: fitness=62150
It 1365: fitness=62150
It 1370: fitness=62150
It 1375: fitness=62150
It 1380: fitness=62150
It 1385: fitness=62150
It 1390: fitness=62150
It 1395: fitness=62150
It 1400: fitness=62150
It 1405: fitness=62150
It 1410: fitness=62150
It 1415: fitness=62150
It 1420: fitness=62150
It 1425: fitness=62150
It 1430: fitness=62150
It 1435: fitness=62150
It 1440: fitness=62150
It 1445: fitness=62150
It 1450: fitness=62150
It 1455: fitness=62150
It 1460: fitness=62150
It 1465: fitness=62150
It 1470: fitness=62150
It 1475: fitness=62150
It 1480: fitness=62150
It 1485: fitness=62150
It 1490: fitness=62150
It 1495: fitness=62150
It 1500: fitness=62150
It 1505: fitness=62150
It 1510: fitness=62150
It 1515: fitness=62150
It 1520: fitness=62150
It 1525: fitness=62150
It 1530: fitness=62150
It 1535: fitness=62150
It 1540: fitness=62150
It 1545: fitness=62150
It 1550: fitness=62150
It 1555: fitness=62150
It 1560: fitness=62150
It 1565: fitness=62150
It 1570: fitness=62150
It 1575: fitness=62150
It 1580: fitness=62150
It 1585: fitness=62150
It 1590: fitness=62150
It 1595: fitness=62150
It 1600: fitness=62150
It 1605: fitness=62150
It 1610: fitness=62150
It 1615: fitness=62150
It 1620: fitness=62150
It 1625: fitness=62150
It 1630: fitness=62150
It 1635: fitness=62150
It 1640: fitness=62150
It 1645: fitness=62150
It 1650: fitness=62150
It 1655: fitness=62150
It 1660: fitness=62150
It 1665: fitness=62150
It 1670: fitness=62150
It 1675: fitness=62150
It 1680: fitness=62150
It 1685: fitness=62150
It 1690: fitness=62150
It 1695: fitness=62150
It 1700: fitness=62150
It 1705: fitness=62150
It 1710: fitness=62150
It 1715: fitness=62150
It 1720: fitness=62150
It 1725: fitness=62150
It 1730: fitness=62150
It 1735: fitness=62150
It 1740: fitness=62150
It 1745: fitness=62150
It 1750: fitness=62150
It 1755: fitness=62150
It 1760: fitness=62150
It 1765: fitness=62150
It 1770: fitness=62150
It 1775: fitness=62150
It 1780: fitness=62150
It 1785: fitness=62150
It 1790: fitness=62150
Maximal number of iterations without improvement reached
>> Resamp_Iter 4 negLL: 62152.26 (ref:  57006.65 )
>> Resamp_params: 0.66 0.6099955 0.5105501 0.4578394 0.5542246 0.5433706 0.5449666 0.7016073 0.5627345 0.45 0.5579406 0.4959802 0.5559206 0.6583541 0.63198 0.4501017 0.6360963 0.6147972 0.6487724 0.4678711 0.6233035 0.59 0.5459755 0.6232821 0.5941419 0.5826731 0.4900027 0.5721542 0.4500005 0.5984178 0.5721472 0.001 0.9698156 0.906394 -439.518 -80.48168 0.3973396 
 [1]    0.5616531    0.5857182    0.5515381    0.5487872    0.5436690
 [6]    0.5326105    0.5999994    0.6127043    0.5435578    0.5752417
[11]    0.5403226    0.6599999    0.6199999    0.5482508    0.6396637
[16]    0.7099759    0.5524150    0.5933308    0.6551963    0.5901898
[21]    0.5353083    0.4977788    0.5328646    0.6337159    0.5756330
[26]    0.5774914    0.4900002    0.5706977    0.5274690    0.5792556
[31]    0.5523559    0.0010000    0.9568725    1.3000000 -499.9944096
[36]  -91.9769067    0.4173210
>> sd Resamp 5 : 14 18 12 3 26 6 20 24 28 14 6 28 7 9 10 6 20 2 29 13 4 26 2 14 7 11 15 1 7 22 22 
>> Opt param @ resamp: 109663.1 
S=22, K=3, p=0.1303, w0=0.7213, w1=0.7213, c.p=1.193, c.g=1.193
v.max=NA, d=6.083, vectorize=FALSE, hybrid=off
It 5: fitness=230500
It 10: fitness=214500
It 15: fitness=182200
It 20: fitness=175300
It 25: fitness=167300
It 30: fitness=164500
It 35: fitness=161000
It 40: fitness=160300
It 45: fitness=150400
It 50: fitness=144900
It 55: fitness=140400
It 60: fitness=136100
It 65: fitness=134600
It 70: fitness=129000
It 75: fitness=126100
It 80: fitness=122600
It 85: fitness=122100
It 90: fitness=120200
It 95: fitness=120000
It 100: fitness=118700
It 105: fitness=118700
It 110: fitness=117100
It 115: fitness=116700
It 120: fitness=116000
It 125: fitness=115700
It 130: fitness=115500
It 135: fitness=114900
It 140: fitness=114800
It 145: fitness=114700
It 150: fitness=114600
It 155: fitness=114400
It 160: fitness=114200
It 165: fitness=114000
It 170: fitness=113800
It 175: fitness=112500
It 180: fitness=112000
It 185: fitness=111600
It 190: fitness=111200
It 195: fitness=111000
It 200: fitness=110800
It 205: fitness=110500
It 210: fitness=110300
It 215: fitness=110200
It 220: fitness=110100
It 225: fitness=110000
It 230: fitness=109800
It 235: fitness=109200
It 240: fitness=109100
It 245: fitness=109000
It 250: fitness=109000
It 255: fitness=109000
It 260: fitness=108900
It 265: fitness=108900
It 270: fitness=108900
It 275: fitness=108900
It 280: fitness=108900
It 285: fitness=108800
It 290: fitness=108800
It 295: fitness=108800
It 300: fitness=108800
It 305: fitness=108800
It 310: fitness=108800
It 315: fitness=108800
It 320: fitness=108800
It 325: fitness=108800
It 330: fitness=108800
It 335: fitness=108800
It 340: fitness=108800
It 345: fitness=108800
It 350: fitness=108800
It 355: fitness=108800
It 360: fitness=108800
It 365: fitness=108800
It 370: fitness=108800
It 375: fitness=108800
It 380: fitness=108800
It 385: fitness=108800
It 390: fitness=108800
It 395: fitness=108800
It 400: fitness=108800
It 405: fitness=108800
It 410: fitness=108800
It 415: fitness=108800
It 420: fitness=108800
It 425: fitness=108800
It 430: fitness=108800
It 435: fitness=108800
It 440: fitness=108800
It 445: fitness=108800
It 450: fitness=108800
It 455: fitness=108800
It 460: fitness=108800
It 465: fitness=108800
It 470: fitness=108800
It 475: fitness=108800
It 480: fitness=108800
It 485: fitness=108800
It 490: fitness=108800
It 495: fitness=108800
It 500: fitness=108800
It 505: fitness=108800
It 510: fitness=108800
It 515: fitness=108800
It 520: fitness=108800
It 525: fitness=108800
It 530: fitness=108800
It 535: fitness=108800
It 540: fitness=108800
It 545: fitness=108800
It 550: fitness=108800
It 555: fitness=108800
It 560: fitness=108700
It 565: fitness=108700
It 570: fitness=108700
It 575: fitness=108700
It 580: fitness=108700
It 585: fitness=108700
It 590: fitness=108700
It 595: fitness=108700
It 600: fitness=108700
It 605: fitness=108700
It 610: fitness=108700
It 615: fitness=108700
It 620: fitness=108700
It 625: fitness=108700
It 630: fitness=108700
It 635: fitness=108700
It 640: fitness=108700
It 645: fitness=108700
It 650: fitness=108700
It 655: fitness=108700
It 660: fitness=108700
It 665: fitness=108700
It 670: fitness=108700
It 675: fitness=108700
It 680: fitness=108700
It 685: fitness=108700
It 690: fitness=108700
It 695: fitness=108700
It 700: fitness=108700
It 705: fitness=108700
It 710: fitness=108700
It 715: fitness=108700
It 720: fitness=108700
It 725: fitness=108700
It 730: fitness=108700
It 735: fitness=108700
It 740: fitness=108700
It 745: fitness=108700
It 750: fitness=108700
It 755: fitness=108700
It 760: fitness=108700
It 765: fitness=108700
It 770: fitness=108700
It 775: fitness=108700
It 780: fitness=108700
It 785: fitness=108700
It 790: fitness=108700
It 795: fitness=108700
It 800: fitness=108700
It 805: fitness=108700
It 810: fitness=108700
It 815: fitness=108700
It 820: fitness=108700
It 825: fitness=108700
It 830: fitness=108700
It 835: fitness=108700
It 840: fitness=108700
It 845: fitness=108700
It 850: fitness=108700
It 855: fitness=108700
It 860: fitness=108700
It 865: fitness=108700
It 870: fitness=108700
It 875: fitness=108700
It 880: fitness=108700
It 885: fitness=108700
It 890: fitness=108700
It 895: fitness=108700
It 900: fitness=108700
It 905: fitness=108700
It 910: fitness=108700
It 915: fitness=108700
It 920: fitness=108700
It 925: fitness=108700
It 930: fitness=108700
It 935: fitness=108700
It 940: fitness=108700
It 945: fitness=108700
It 950: fitness=108700
It 955: fitness=108700
It 960: fitness=108700
It 965: fitness=108700
It 970: fitness=108700
It 975: fitness=108700
It 980: fitness=108700
It 985: fitness=108700
It 990: fitness=108700
It 995: fitness=108700
It 1000: fitness=108700
It 1005: fitness=108700
It 1010: fitness=108700
It 1015: fitness=108700
It 1020: fitness=108700
It 1025: fitness=108700
It 1030: fitness=108700
It 1035: fitness=108700
It 1040: fitness=108700
It 1045: fitness=108700
It 1050: fitness=108700
It 1055: fitness=108700
It 1060: fitness=108700
It 1065: fitness=108700
It 1070: fitness=108700
It 1075: fitness=108700
It 1080: fitness=108700
It 1085: fitness=108700
It 1090: fitness=108700
It 1095: fitness=108700
It 1100: fitness=108700
It 1105: fitness=108700
It 1110: fitness=108700
It 1115: fitness=108700
It 1120: fitness=108700
It 1125: fitness=108700
It 1130: fitness=108700
It 1135: fitness=108700
It 1140: fitness=108700
It 1145: fitness=108700
It 1150: fitness=108700
It 1155: fitness=108700
It 1160: fitness=108700
It 1165: fitness=108700
It 1170: fitness=108700
It 1175: fitness=108700
It 1180: fitness=108700
It 1185: fitness=108700
It 1190: fitness=108700
It 1195: fitness=108700
It 1200: fitness=108700
It 1205: fitness=108700
It 1210: fitness=108700
It 1215: fitness=108700
It 1220: fitness=108700
It 1225: fitness=108700
It 1230: fitness=108700
It 1235: fitness=108700
It 1240: fitness=108700
It 1245: fitness=108700
It 1250: fitness=108700
It 1255: fitness=108700
It 1260: fitness=108700
It 1265: fitness=108700
It 1270: fitness=108700
It 1275: fitness=108700
It 1280: fitness=108700
It 1285: fitness=108700
It 1290: fitness=108700
It 1295: fitness=108700
It 1300: fitness=108700
It 1305: fitness=108700
It 1310: fitness=108700
It 1315: fitness=108700
It 1320: fitness=108700
It 1325: fitness=108700
It 1330: fitness=108700
It 1335: fitness=108700
It 1340: fitness=108700
It 1345: fitness=108700
It 1350: fitness=108700
It 1355: fitness=108700
It 1360: fitness=108700
It 1365: fitness=108700
It 1370: fitness=108700
It 1375: fitness=108700
It 1380: fitness=108700
It 1385: fitness=108700
It 1390: fitness=108700
It 1395: fitness=108700
It 1400: fitness=108700
It 1405: fitness=108700
It 1410: fitness=108700
It 1415: fitness=108700
It 1420: fitness=108700
It 1425: fitness=108700
It 1430: fitness=108700
It 1435: fitness=108700
It 1440: fitness=108700
It 1445: fitness=108700
It 1450: fitness=108700
It 1455: fitness=108700
It 1460: fitness=108700
It 1465: fitness=108700
It 1470: fitness=108700
It 1475: fitness=108700
It 1480: fitness=108700
It 1485: fitness=108700
It 1490: fitness=108700
It 1495: fitness=108700
It 1500: fitness=108700
It 1505: fitness=108700
It 1510: fitness=108700
It 1515: fitness=108700
It 1520: fitness=108700
It 1525: fitness=108700
It 1530: fitness=108700
It 1535: fitness=108700
It 1540: fitness=108700
It 1545: fitness=108700
It 1550: fitness=108700
It 1555: fitness=108700
It 1560: fitness=108700
It 1565: fitness=108700
It 1570: fitness=108700
It 1575: fitness=108700
It 1580: fitness=108700
It 1585: fitness=108700
It 1590: fitness=108700
It 1595: fitness=108700
It 1600: fitness=108700
It 1605: fitness=108700
It 1610: fitness=108700
It 1615: fitness=108700
It 1620: fitness=108700
It 1625: fitness=108700
It 1630: fitness=108700
It 1635: fitness=108700
It 1640: fitness=108700
It 1645: fitness=108700
It 1650: fitness=108700
It 1655: fitness=108700
It 1660: fitness=108700
It 1665: fitness=108700
It 1670: fitness=108700
It 1675: fitness=108700
It 1680: fitness=108700
It 1685: fitness=108700
It 1690: fitness=108700
It 1695: fitness=108700
It 1700: fitness=108700
It 1705: fitness=108700
It 1710: fitness=108700
It 1715: fitness=108700
It 1720: fitness=108700
It 1725: fitness=108700
It 1730: fitness=108700
It 1735: fitness=108700
It 1740: fitness=108700
It 1745: fitness=108700
It 1750: fitness=108700
It 1755: fitness=108700
It 1760: fitness=108700
It 1765: fitness=108700
It 1770: fitness=108700
It 1775: fitness=108700
It 1780: fitness=108700
It 1785: fitness=108700
It 1790: fitness=108700
It 1795: fitness=108700
It 1800: fitness=108700
It 1805: fitness=108700
It 1810: fitness=108700
It 1815: fitness=108700
It 1820: fitness=108700
It 1825: fitness=108700
It 1830: fitness=108700
It 1835: fitness=108700
It 1840: fitness=108700
It 1845: fitness=108700
It 1850: fitness=108700
It 1855: fitness=108700
It 1860: fitness=108700
It 1865: fitness=108700
It 1870: fitness=108700
It 1875: fitness=108700
It 1880: fitness=108700
It 1885: fitness=108700
It 1890: fitness=108700
It 1895: fitness=108700
It 1900: fitness=108700
It 1905: fitness=108700
It 1910: fitness=108700
It 1915: fitness=108700
It 1920: fitness=108700
It 1925: fitness=108700
It 1930: fitness=108700
It 1935: fitness=108700
It 1940: fitness=108700
It 1945: fitness=108700
It 1950: fitness=108700
It 1955: fitness=108700
It 1960: fitness=108700
It 1965: fitness=108700
It 1970: fitness=108700
Maximal number of iterations without improvement reached
>> Resamp_Iter 5 negLL: 108743.5 (ref:  109663.1 )
>> Resamp_params: 0.5600492 0.5788989 0.5491131 0.5471109 0.4875582 0.5314545 0.5999997 0.6500398 0.5444549 0.5753456 0.5379706 0.6054757 0.5467728 0.5443085 0.6481369 0.451622 0.6316682 0.5880809 0.4931103 0.5886715 0.5570374 0.4964182 0.6073049 0.5723793 0.6162797 0.577751 0.6042519 0.5686977 0.5277161 0.6132196 0.6286776 0.001 0.9695754 1.3 -494.5248 -78.97331 0.4049432 
 [1]    0.5616531    0.5857182    0.5515381    0.5487872    0.5436690
 [6]    0.5326105    0.5999994    0.6127043    0.5435578    0.5752417
[11]    0.5403226    0.6599999    0.6199999    0.5482508    0.6396637
[16]    0.7099759    0.5524150    0.5933308    0.6551963    0.5901898
[21]    0.5353083    0.4977788    0.5328646    0.6337159    0.5756330
[26]    0.5774914    0.4900002    0.5706977    0.5274690    0.5792556
[31]    0.5523559    0.0010000    0.9568725    1.3000000 -499.9944096
[36]  -91.9769067    0.4173210
>> sd Resamp 6 : 5 16 22 5 26 10 27 5 12 26 11 27 21 1 19 30 26 13 26 9 2 3 10 16 28 23 8 17 21 5 3 
>> Opt param @ resamp: 58156.45 
S=22, K=3, p=0.1303, w0=0.7213, w1=0.7213, c.p=1.193, c.g=1.193
v.max=NA, d=6.083, vectorize=FALSE, hybrid=off
It 5: fitness=106900
It 10: fitness=91270
It 15: fitness=80880
It 20: fitness=76190
It 25: fitness=70010
It 30: fitness=68250
It 35: fitness=65570
It 40: fitness=64720
It 45: fitness=63640
It 50: fitness=62450
It 55: fitness=62340
It 60: fitness=60850
It 65: fitness=60150
It 70: fitness=60150
It 75: fitness=59860
It 80: fitness=59740
It 85: fitness=59630
It 90: fitness=59250
It 95: fitness=58560
It 100: fitness=58050
It 105: fitness=57600
It 110: fitness=57490
It 115: fitness=57420
It 120: fitness=57200
It 125: fitness=57030
It 130: fitness=56950
It 135: fitness=56920
It 140: fitness=56780
It 145: fitness=56740
It 150: fitness=56700
It 155: fitness=56700
It 160: fitness=56680
It 165: fitness=56660
It 170: fitness=56630
It 175: fitness=56620
It 180: fitness=56610
It 185: fitness=56600
It 190: fitness=56570
It 195: fitness=56530
It 200: fitness=55620
It 205: fitness=55340
It 210: fitness=55270
It 215: fitness=55250
It 220: fitness=55170
It 225: fitness=55160
It 230: fitness=55150
It 235: fitness=55130
It 240: fitness=55130
It 245: fitness=55110
It 250: fitness=55090
It 255: fitness=55070
It 260: fitness=55060
It 265: fitness=55060
It 270: fitness=55060
It 275: fitness=55050
It 280: fitness=55050
It 285: fitness=55050
It 290: fitness=55040
It 295: fitness=55040
It 300: fitness=55040
It 305: fitness=55040
It 310: fitness=55030
It 315: fitness=54940
It 320: fitness=54910
It 325: fitness=54900
It 330: fitness=54900
It 335: fitness=54900
It 340: fitness=54890
It 345: fitness=54890
It 350: fitness=54880
It 355: fitness=54880
It 360: fitness=54870
It 365: fitness=54870
It 370: fitness=54850
It 375: fitness=54790
It 380: fitness=54620
It 385: fitness=54470
It 390: fitness=54410
It 395: fitness=54390
It 400: fitness=54380
It 405: fitness=54370
It 410: fitness=54350
It 415: fitness=54340
It 420: fitness=54330
It 425: fitness=54330
It 430: fitness=54320
It 435: fitness=54310
It 440: fitness=54300
It 445: fitness=54300
It 450: fitness=54300
It 455: fitness=54290
It 460: fitness=54290
It 465: fitness=54290
It 470: fitness=54290
It 475: fitness=54290
It 480: fitness=54290
It 485: fitness=54290
It 490: fitness=54290
It 495: fitness=54290
It 500: fitness=54290
It 505: fitness=54290
It 510: fitness=54290
It 515: fitness=54290
It 520: fitness=54290
It 525: fitness=54290
It 530: fitness=54290
It 535: fitness=54290
It 540: fitness=54290
It 545: fitness=54290
It 550: fitness=54290
It 555: fitness=54290
It 560: fitness=54290
It 565: fitness=54290
It 570: fitness=54290
It 575: fitness=54290
It 580: fitness=54290
It 585: fitness=54290
It 590: fitness=54290
It 595: fitness=54290
It 600: fitness=54290
It 605: fitness=54290
It 610: fitness=54290
It 615: fitness=54290
It 620: fitness=54290
It 625: fitness=54290
It 630: fitness=54290
It 635: fitness=54290
It 640: fitness=54290
It 645: fitness=54290
It 650: fitness=54290
It 655: fitness=54290
It 660: fitness=54290
It 665: fitness=54290
It 670: fitness=54290
It 675: fitness=54290
It 680: fitness=54290
It 685: fitness=54290
It 690: fitness=54290
It 695: fitness=54290
It 700: fitness=54290
It 705: fitness=54290
It 710: fitness=54290
It 715: fitness=54290
It 720: fitness=54290
It 725: fitness=54290
It 730: fitness=54290
It 735: fitness=54290
It 740: fitness=54290
It 745: fitness=54290
It 750: fitness=54290
It 755: fitness=54290
It 760: fitness=54290
It 765: fitness=54290
It 770: fitness=54290
It 775: fitness=54290
It 780: fitness=54290
It 785: fitness=54290
It 790: fitness=54290
It 795: fitness=54290
It 800: fitness=54290
It 805: fitness=54290
It 810: fitness=54290
It 815: fitness=54290
It 820: fitness=54290
It 825: fitness=54290
It 830: fitness=54290
It 835: fitness=54290
It 840: fitness=54290
It 845: fitness=54290
It 850: fitness=54290
It 855: fitness=54290
It 860: fitness=54290
It 865: fitness=54290
It 870: fitness=54290
It 875: fitness=54290
It 880: fitness=54290
It 885: fitness=54290
It 890: fitness=54290
It 895: fitness=54290
It 900: fitness=54290
It 905: fitness=54290
It 910: fitness=54290
It 915: fitness=54290
It 920: fitness=54290
It 925: fitness=54290
It 930: fitness=54290
It 935: fitness=54290
It 940: fitness=54290
It 945: fitness=54290
It 950: fitness=54290
It 955: fitness=54290
It 960: fitness=54290
It 965: fitness=54290
It 970: fitness=54290
It 975: fitness=54290
It 980: fitness=54290
It 985: fitness=54290
It 990: fitness=54290
It 995: fitness=54290
It 1000: fitness=54290
It 1005: fitness=54290
It 1010: fitness=54290
It 1015: fitness=54290
It 1020: fitness=54290
It 1025: fitness=54290
It 1030: fitness=54290
It 1035: fitness=54290
It 1040: fitness=54290
It 1045: fitness=54290
It 1050: fitness=54290
It 1055: fitness=54290
It 1060: fitness=54290
It 1065: fitness=54290
It 1070: fitness=54290
It 1075: fitness=54290
It 1080: fitness=54290
It 1085: fitness=54290
It 1090: fitness=54290
It 1095: fitness=54290
It 1100: fitness=54290
It 1105: fitness=54290
It 1110: fitness=54290
It 1115: fitness=54290
It 1120: fitness=54290
It 1125: fitness=54290
It 1130: fitness=54290
It 1135: fitness=54290
It 1140: fitness=54290
It 1145: fitness=54290
It 1150: fitness=54290
It 1155: fitness=54290
It 1160: fitness=54290
It 1165: fitness=54290
It 1170: fitness=54290
It 1175: fitness=54290
It 1180: fitness=54290
It 1185: fitness=54290
It 1190: fitness=54290
It 1195: fitness=54290
It 1200: fitness=54290
It 1205: fitness=54290
It 1210: fitness=54290
It 1215: fitness=54290
It 1220: fitness=54290
It 1225: fitness=54290
It 1230: fitness=54290
It 1235: fitness=54290
It 1240: fitness=54290
It 1245: fitness=54290
It 1250: fitness=54290
It 1255: fitness=54290
It 1260: fitness=54290
It 1265: fitness=54290
It 1270: fitness=54290
It 1275: fitness=54290
It 1280: fitness=54290
It 1285: fitness=54290
It 1290: fitness=54290
It 1295: fitness=54290
It 1300: fitness=54290
It 1305: fitness=54290
Maximal number of iterations without improvement reached
>> Resamp_Iter 6 negLL: 54287.4 (ref:  58156.45 )
>> Resamp_params: 0.5634547 0.5837896 0.5578155 0.4403827 0.5495438 0.5326456 0.5914148 0.6098022 0.5501999 0.5882566 0.5423103 0.44 0.5553278 0.4925676 0.4036364 0.5761902 0.556659 0.7085708 0.6600421 0.4553298 0.5373691 0.5009396 0.5328636 0.3839345 0.4538295 0.5857346 0.4900002 0.5666869 0.5996102 0.5789262 0.6277023 0.001 1.001206 1.012275 -499.995 -88.98646 0.4073394 
 [1]    0.5616531    0.5857182    0.5515381    0.5487872    0.5436690
 [6]    0.5326105    0.5999994    0.6127043    0.5435578    0.5752417
[11]    0.5403226    0.6599999    0.6199999    0.5482508    0.6396637
[16]    0.7099759    0.5524150    0.5933308    0.6551963    0.5901898
[21]    0.5353083    0.4977788    0.5328646    0.6337159    0.5756330
[26]    0.5774914    0.4900002    0.5706977    0.5274690    0.5792556
[31]    0.5523559    0.0010000    0.9568725    1.3000000 -499.9944096
[36]  -91.9769067    0.4173210
>> sd Resamp 7 : 8 6 8 13 31 10 28 10 30 28 29 2 30 19 27 21 5 27 10 28 4 17 30 20 2 11 9 22 23 26 14 
>> Opt param @ resamp: 91488.85 
S=22, K=3, p=0.1303, w0=0.7213, w1=0.7213, c.p=1.193, c.g=1.193
v.max=NA, d=6.083, vectorize=FALSE, hybrid=off
It 5: fitness=213000
It 10: fitness=199100
It 15: fitness=193300
It 20: fitness=186300
It 25: fitness=177600
It 30: fitness=137100
It 35: fitness=137100
It 40: fitness=132200
It 45: fitness=128800
It 50: fitness=125100
It 55: fitness=124000
It 60: fitness=121900
It 65: fitness=120800
It 70: fitness=119400
It 75: fitness=117000
It 80: fitness=116400
It 85: fitness=115200
It 90: fitness=114900
It 95: fitness=114600
It 100: fitness=113800
It 105: fitness=113800
It 110: fitness=113300
It 115: fitness=112500
It 120: fitness=111900
It 125: fitness=111900
It 130: fitness=111900
It 135: fitness=111700
It 140: fitness=111700
It 145: fitness=111500
It 150: fitness=111200
It 155: fitness=109900
It 160: fitness=109300
It 165: fitness=109200
It 170: fitness=108700
It 175: fitness=108000
It 180: fitness=107800
It 185: fitness=107600
It 190: fitness=107500
It 195: fitness=107200
It 200: fitness=107000
It 205: fitness=107000
It 210: fitness=107000
It 215: fitness=106900
It 220: fitness=106800
It 225: fitness=106800
It 230: fitness=106800
It 235: fitness=106700
It 240: fitness=106700
It 245: fitness=106700
It 250: fitness=106600
It 255: fitness=106600
It 260: fitness=106600
It 265: fitness=106600
It 270: fitness=106600
It 275: fitness=106600
It 280: fitness=106500
It 285: fitness=106500
It 290: fitness=106500
It 295: fitness=106500
It 300: fitness=106500
It 305: fitness=106400
It 310: fitness=106400
It 315: fitness=106400
It 320: fitness=106400
It 325: fitness=106400
It 330: fitness=106300
It 335: fitness=106300
It 340: fitness=106300
It 345: fitness=106300
It 350: fitness=106300
It 355: fitness=106300
It 360: fitness=106300
It 365: fitness=106300
It 370: fitness=106300
It 375: fitness=106300
It 380: fitness=106300
It 385: fitness=106300
It 390: fitness=106300
It 395: fitness=106200
It 400: fitness=106200
It 405: fitness=106200
It 410: fitness=106200
It 415: fitness=106200
It 420: fitness=106200
It 425: fitness=106200
It 430: fitness=106200
It 435: fitness=106200
It 440: fitness=106200
It 445: fitness=106200
It 450: fitness=106200
It 455: fitness=106200
It 460: fitness=106200
It 465: fitness=106200
It 470: fitness=106200
It 475: fitness=106200
It 480: fitness=106200
It 485: fitness=106200
It 490: fitness=106200
It 495: fitness=106100
It 500: fitness=106100
It 505: fitness=106100
It 510: fitness=106100
It 515: fitness=106100
It 520: fitness=106100
It 525: fitness=106100
It 530: fitness=106100
It 535: fitness=106100
It 540: fitness=106100
It 545: fitness=106100
It 550: fitness=106100
It 555: fitness=106100
It 560: fitness=106100
It 565: fitness=106100
It 570: fitness=106100
It 575: fitness=106100
It 580: fitness=106100
It 585: fitness=106100
It 590: fitness=106100
It 595: fitness=106100
It 600: fitness=106100
It 605: fitness=106100
It 610: fitness=106100
It 615: fitness=106100
It 620: fitness=106100
It 625: fitness=106100
It 630: fitness=106100
It 635: fitness=106100
It 640: fitness=106100
It 645: fitness=106100
It 650: fitness=106100
It 655: fitness=106100
It 660: fitness=106100
It 665: fitness=106100
It 670: fitness=106100
It 675: fitness=106100
It 680: fitness=106100
It 685: fitness=106100
It 690: fitness=106100
It 695: fitness=106100
It 700: fitness=106100
It 705: fitness=106100
It 710: fitness=106100
It 715: fitness=106100
It 720: fitness=106100
It 725: fitness=106100
It 730: fitness=106100
It 735: fitness=106100
It 740: fitness=106100
It 745: fitness=106100
It 750: fitness=106100
It 755: fitness=106100
It 760: fitness=106100
It 765: fitness=106100
It 770: fitness=106100
It 775: fitness=106100
It 780: fitness=106100
It 785: fitness=106100
It 790: fitness=106100
It 795: fitness=106100
It 800: fitness=106100
It 805: fitness=106100
It 810: fitness=106100
It 815: fitness=106100
It 820: fitness=106100
It 825: fitness=106100
It 830: fitness=106100
It 835: fitness=106100
It 840: fitness=106100
It 845: fitness=106100
It 850: fitness=106100
It 855: fitness=106100
It 860: fitness=106100
It 865: fitness=106100
It 870: fitness=106100
It 875: fitness=106100
It 880: fitness=106100
It 885: fitness=106100
It 890: fitness=106100
It 895: fitness=106100
It 900: fitness=106100
It 905: fitness=106100
It 910: fitness=106100
It 915: fitness=106100
It 920: fitness=106100
It 925: fitness=106100
It 930: fitness=106100
It 935: fitness=106100
It 940: fitness=106100
It 945: fitness=106100
It 950: fitness=106100
It 955: fitness=106100
It 960: fitness=106100
It 965: fitness=106100
It 970: fitness=106100
It 975: fitness=106100
It 980: fitness=106100
It 985: fitness=106100
It 990: fitness=106100
It 995: fitness=106100
It 1000: fitness=106100
It 1005: fitness=106100
It 1010: fitness=106100
It 1015: fitness=106100
It 1020: fitness=106100
It 1025: fitness=106100
It 1030: fitness=106100
It 1035: fitness=106100
It 1040: fitness=106100
It 1045: fitness=106100
It 1050: fitness=106100
It 1055: fitness=106100
It 1060: fitness=106100
It 1065: fitness=106100
It 1070: fitness=106100
It 1075: fitness=106100
It 1080: fitness=106100
It 1085: fitness=106100
It 1090: fitness=106100
It 1095: fitness=106100
It 1100: fitness=106100
It 1105: fitness=106100
It 1110: fitness=106100
It 1115: fitness=106100
It 1120: fitness=106100
It 1125: fitness=106100
It 1130: fitness=106100
It 1135: fitness=106100
It 1140: fitness=106100
It 1145: fitness=106100
It 1150: fitness=106100
It 1155: fitness=106100
It 1160: fitness=106100
It 1165: fitness=106100
It 1170: fitness=106100
It 1175: fitness=106100
It 1180: fitness=106100
It 1185: fitness=106100
It 1190: fitness=106100
It 1195: fitness=106100
It 1200: fitness=106100
It 1205: fitness=106100
It 1210: fitness=106100
It 1215: fitness=106100
It 1220: fitness=106100
It 1225: fitness=106100
It 1230: fitness=106100
It 1235: fitness=106100
It 1240: fitness=106100
It 1245: fitness=106100
It 1250: fitness=106100
It 1255: fitness=106100
It 1260: fitness=106100
It 1265: fitness=106100
It 1270: fitness=106100
It 1275: fitness=106100
It 1280: fitness=106100
It 1285: fitness=106100
It 1290: fitness=106100
It 1295: fitness=106100
It 1300: fitness=106100
It 1305: fitness=106100
It 1310: fitness=106100
It 1315: fitness=106100
It 1320: fitness=106100
It 1325: fitness=106100
It 1330: fitness=106100
It 1335: fitness=106100
It 1340: fitness=106100
It 1345: fitness=106100
It 1350: fitness=106100
It 1355: fitness=106100
It 1360: fitness=106100
It 1365: fitness=106100
It 1370: fitness=106100
It 1375: fitness=106100
It 1380: fitness=106100
It 1385: fitness=106100
It 1390: fitness=106100
It 1395: fitness=106100
It 1400: fitness=106100
It 1405: fitness=106100
It 1410: fitness=106100
It 1415: fitness=106100
It 1420: fitness=106100
It 1425: fitness=106100
It 1430: fitness=106100
It 1435: fitness=106100
It 1440: fitness=106100
It 1445: fitness=106100
It 1450: fitness=106100
It 1455: fitness=106100
It 1460: fitness=106100
It 1465: fitness=106100
It 1470: fitness=106100
It 1475: fitness=106100
It 1480: fitness=106100
It 1485: fitness=106100
It 1490: fitness=106100
It 1495: fitness=106100
It 1500: fitness=106100
It 1505: fitness=106100
It 1510: fitness=106100
It 1515: fitness=106100
It 1520: fitness=106100
It 1525: fitness=106100
It 1530: fitness=106100
It 1535: fitness=106100
It 1540: fitness=106100
It 1545: fitness=106100
It 1550: fitness=106100
It 1555: fitness=106100
It 1560: fitness=106100
It 1565: fitness=106100
It 1570: fitness=106100
It 1575: fitness=106100
It 1580: fitness=106100
It 1585: fitness=106100
It 1590: fitness=106100
It 1595: fitness=106100
It 1600: fitness=106100
It 1605: fitness=106100
It 1610: fitness=106100
It 1615: fitness=106100
It 1620: fitness=106100
It 1625: fitness=106100
It 1630: fitness=106100
It 1635: fitness=106100
It 1640: fitness=106100
It 1645: fitness=106100
It 1650: fitness=106100
It 1655: fitness=106100
It 1660: fitness=106100
It 1665: fitness=106100
It 1670: fitness=106100
It 1675: fitness=106100
It 1680: fitness=106100
It 1685: fitness=106100
It 1690: fitness=106100
It 1695: fitness=106100
It 1700: fitness=106100
It 1705: fitness=106100
It 1710: fitness=106100
It 1715: fitness=106100
It 1720: fitness=106100
It 1725: fitness=106100
It 1730: fitness=106100
It 1735: fitness=106100
It 1740: fitness=106100
It 1745: fitness=106100
It 1750: fitness=106100
It 1755: fitness=106100
It 1760: fitness=106100
It 1765: fitness=106100
It 1770: fitness=106100
It 1775: fitness=106100
It 1780: fitness=106100
It 1785: fitness=106100
It 1790: fitness=106100
It 1795: fitness=106100
It 1800: fitness=106100
It 1805: fitness=106100
It 1810: fitness=106100
It 1815: fitness=106100
It 1820: fitness=106100
It 1825: fitness=106100
It 1830: fitness=106100
It 1835: fitness=106100
It 1840: fitness=106100
It 1845: fitness=106100
It 1850: fitness=106100
It 1855: fitness=106100
It 1860: fitness=106100
It 1865: fitness=106100
It 1870: fitness=106100
It 1875: fitness=106100
It 1880: fitness=106100
It 1885: fitness=106100
It 1890: fitness=106100
It 1895: fitness=106100
It 1900: fitness=106100
It 1905: fitness=106100
It 1910: fitness=106100
It 1915: fitness=106100
It 1920: fitness=106100
It 1925: fitness=106100
It 1930: fitness=106100
It 1935: fitness=106100
It 1940: fitness=106100
It 1945: fitness=106100
It 1950: fitness=106100
It 1955: fitness=106100
It 1960: fitness=106100
It 1965: fitness=106100
It 1970: fitness=106100
It 1975: fitness=106100
It 1980: fitness=106100
It 1985: fitness=106100
It 1990: fitness=106100
It 1995: fitness=106100
It 2000: fitness=106100
It 2005: fitness=106100
It 2010: fitness=106100
It 2015: fitness=106100
It 2020: fitness=106100
It 2025: fitness=106100
It 2030: fitness=106100
It 2035: fitness=106100
It 2040: fitness=106100
It 2045: fitness=106100
It 2050: fitness=106100
It 2055: fitness=106100
It 2060: fitness=106100
It 2065: fitness=106100
It 2070: fitness=106100
It 2075: fitness=106100
It 2080: fitness=106100
It 2085: fitness=106100
It 2090: fitness=106100
It 2095: fitness=106100
It 2100: fitness=106100
It 2105: fitness=106100
It 2110: fitness=106100
It 2115: fitness=106100
It 2120: fitness=106100
It 2125: fitness=106100
It 2130: fitness=106100
It 2135: fitness=106100
It 2140: fitness=106100
It 2145: fitness=106100
It 2150: fitness=106100
It 2155: fitness=106100
It 2160: fitness=106100
It 2165: fitness=106100
It 2170: fitness=106100
It 2175: fitness=106100
It 2180: fitness=106100
It 2185: fitness=106100
It 2190: fitness=106100
It 2195: fitness=106100
It 2200: fitness=106100
It 2205: fitness=106100
It 2210: fitness=106100
It 2215: fitness=106100
It 2220: fitness=106100
It 2225: fitness=106100
It 2230: fitness=106100
It 2235: fitness=106100
It 2240: fitness=106100
It 2245: fitness=106100
It 2250: fitness=106100
It 2255: fitness=106100
It 2260: fitness=106100
It 2265: fitness=106100
It 2270: fitness=106100
It 2275: fitness=106100
It 2280: fitness=106100
It 2285: fitness=106100
It 2290: fitness=106100
It 2295: fitness=106100
It 2300: fitness=106100
It 2305: fitness=106100
It 2310: fitness=106100
It 2315: fitness=106100
It 2320: fitness=106100
It 2325: fitness=106100
It 2330: fitness=106100
It 2335: fitness=106100
It 2340: fitness=106100
It 2345: fitness=106100
It 2350: fitness=106100
It 2355: fitness=106100
It 2360: fitness=106100
It 2365: fitness=106100
It 2370: fitness=106100
It 2375: fitness=106100
It 2380: fitness=106100
It 2385: fitness=106100
It 2390: fitness=106100
It 2395: fitness=106100
It 2400: fitness=106100
It 2405: fitness=106100
It 2410: fitness=106100
It 2415: fitness=106100
It 2420: fitness=106100
It 2425: fitness=106100
It 2430: fitness=106100
It 2435: fitness=106100
It 2440: fitness=106100
Maximal number of iterations without improvement reached
>> Resamp_Iter 7 negLL: 106060.4 (ref:  91488.85 )
>> Resamp_params: 0.6062698 0.5722644 0.6098751 0.5486665 0.5458539 0.6299998 0.5991327 0.6046587 0.5515404 0.5853452 0.5385451 0.6563448 0.6199994 0.5352258 0.6891583 0.7038195 0.5555859 0.4310011 0.4000796 0.5860968 0.5345566 0.4992207 0.5290532 0.3029048 0.6156702 0.5858916 0.4900001 0.5632583 0.528519 0.5728898 0.5599286 0.001 1.013244 1.286407 -499.9982 -60.35403 0.3623377 
 [1]    0.5616531    0.5857182    0.5515381    0.5487872    0.5436690
 [6]    0.5326105    0.5999994    0.6127043    0.5435578    0.5752417
[11]    0.5403226    0.6599999    0.6199999    0.5482508    0.6396637
[16]    0.7099759    0.5524150    0.5933308    0.6551963    0.5901898
[21]    0.5353083    0.4977788    0.5328646    0.6337159    0.5756330
[26]    0.5774914    0.4900002    0.5706977    0.5274690    0.5792556
[31]    0.5523559    0.0010000    0.9568725    1.3000000 -499.9944096
[36]  -91.9769067    0.4173210
>> sd Resamp 8 : 3 22 6 26 10 25 29 23 24 25 11 11 20 11 1 7 29 1 5 10 2 12 22 3 1 14 27 16 10 29 9 
>> Opt param @ resamp: 94187.54 
S=22, K=3, p=0.1303, w0=0.7213, w1=0.7213, c.p=1.193, c.g=1.193
v.max=NA, d=6.083, vectorize=FALSE, hybrid=off
It 5: fitness=203700
It 10: fitness=176100
It 15: fitness=168700
It 20: fitness=164300
It 25: fitness=153300
It 30: fitness=144800
It 35: fitness=136000
It 40: fitness=121500
It 45: fitness=120900
It 50: fitness=115900
It 55: fitness=111900
It 60: fitness=111300
It 65: fitness=108100
It 70: fitness=106600
It 75: fitness=106400
It 80: fitness=105600
It 85: fitness=104200
It 90: fitness=103400
It 95: fitness=102900
It 100: fitness=102600
It 105: fitness=102200
It 110: fitness=101800
It 115: fitness=101700
It 120: fitness=101200
It 125: fitness=100900
It 130: fitness=100500
It 135: fitness=100300
It 140: fitness=100100
It 145: fitness=99980
It 150: fitness=99880
It 155: fitness=99670
It 160: fitness=98700
It 165: fitness=98190
It 170: fitness=98030
It 175: fitness=97860
It 180: fitness=97150
It 185: fitness=95880
It 190: fitness=95840
It 195: fitness=95370
It 200: fitness=95190
It 205: fitness=95070
It 210: fitness=94860
It 215: fitness=94780
It 220: fitness=94530
It 225: fitness=94430
It 230: fitness=94270
It 235: fitness=94230
It 240: fitness=94080
It 245: fitness=93880
It 250: fitness=93760
It 255: fitness=93680
It 260: fitness=93660
It 265: fitness=93610
It 270: fitness=93520
It 275: fitness=93450
It 280: fitness=93410
It 285: fitness=93350
It 290: fitness=93320
It 295: fitness=93320
It 300: fitness=93280
It 305: fitness=93270
It 310: fitness=93250
It 315: fitness=93240
It 320: fitness=93230
It 325: fitness=93230
It 330: fitness=93220
It 335: fitness=93220
It 340: fitness=93220
It 345: fitness=93210
It 350: fitness=93210
It 355: fitness=93200
It 360: fitness=93200
It 365: fitness=93190
It 370: fitness=93190
It 375: fitness=93190
It 380: fitness=93180
It 385: fitness=93180
It 390: fitness=93170
It 395: fitness=93160
It 400: fitness=93160
It 405: fitness=93150
It 410: fitness=93150
It 415: fitness=93150
It 420: fitness=93140
It 425: fitness=93140
It 430: fitness=93140
It 435: fitness=93140
It 440: fitness=93140
It 445: fitness=93140
It 450: fitness=93140
It 455: fitness=93140
It 460: fitness=93130
It 465: fitness=93130
It 470: fitness=93130
It 475: fitness=93130
It 480: fitness=93130
It 485: fitness=93130
It 490: fitness=93130
It 495: fitness=93130
It 500: fitness=93130
It 505: fitness=93120
It 510: fitness=93120
It 515: fitness=93120
It 520: fitness=93120
It 525: fitness=93120
It 530: fitness=93120
It 535: fitness=93120
It 540: fitness=93120
It 545: fitness=93120
It 550: fitness=93120
It 555: fitness=93120
It 560: fitness=93120
It 565: fitness=93120
It 570: fitness=93120
It 575: fitness=93120
It 580: fitness=93120
It 585: fitness=93120
It 590: fitness=93120
It 595: fitness=93120
It 600: fitness=93120
It 605: fitness=93120
It 610: fitness=93120
It 615: fitness=93120
It 620: fitness=93120
It 625: fitness=93120
It 630: fitness=93120
It 635: fitness=93120
It 640: fitness=93120
It 645: fitness=93120
It 650: fitness=93120
It 655: fitness=93120
It 660: fitness=93120
It 665: fitness=93120
It 670: fitness=93120
It 675: fitness=93120
It 680: fitness=93120
It 685: fitness=93120
It 690: fitness=93120
It 695: fitness=93120
It 700: fitness=93120
It 705: fitness=93120
It 710: fitness=93120
It 715: fitness=93120
It 720: fitness=93120
It 725: fitness=93120
It 730: fitness=93120
It 735: fitness=93120
It 740: fitness=93120
It 745: fitness=93120
It 750: fitness=93120
It 755: fitness=93120
It 760: fitness=93120
It 765: fitness=93120
It 770: fitness=93120
It 775: fitness=93120
It 780: fitness=93120
It 785: fitness=93120
It 790: fitness=93120
It 795: fitness=93120
It 800: fitness=93120
It 805: fitness=93120
It 810: fitness=93120
It 815: fitness=93120
It 820: fitness=93120
It 825: fitness=93120
It 830: fitness=93120
It 835: fitness=93120
It 840: fitness=93120
It 845: fitness=93120
It 850: fitness=93120
It 855: fitness=93120
It 860: fitness=93120
It 865: fitness=93120
It 870: fitness=93120
It 875: fitness=93120
It 880: fitness=93120
It 885: fitness=93120
It 890: fitness=93120
It 895: fitness=93120
It 900: fitness=93120
It 905: fitness=93120
It 910: fitness=93120
It 915: fitness=93120
It 920: fitness=93120
It 925: fitness=93120
It 930: fitness=93120
It 935: fitness=93120
It 940: fitness=93120
It 945: fitness=93120
It 950: fitness=93120
It 955: fitness=93120
It 960: fitness=93120
It 965: fitness=93120
It 970: fitness=93120
It 975: fitness=93120
It 980: fitness=93120
It 985: fitness=93120
It 990: fitness=93120
It 995: fitness=93120
It 1000: fitness=93120
It 1005: fitness=93120
It 1010: fitness=93120
It 1015: fitness=93120
It 1020: fitness=93120
It 1025: fitness=93120
It 1030: fitness=93120
It 1035: fitness=93120
It 1040: fitness=93120
It 1045: fitness=93120
It 1050: fitness=93120
It 1055: fitness=93120
It 1060: fitness=93120
It 1065: fitness=93120
It 1070: fitness=93120
It 1075: fitness=93120
It 1080: fitness=93120
It 1085: fitness=93120
It 1090: fitness=93120
It 1095: fitness=93120
It 1100: fitness=93120
It 1105: fitness=93120
It 1110: fitness=93120
It 1115: fitness=93120
It 1120: fitness=93120
It 1125: fitness=93120
It 1130: fitness=93120
It 1135: fitness=93120
It 1140: fitness=93120
It 1145: fitness=93120
It 1150: fitness=93120
It 1155: fitness=93120
It 1160: fitness=93120
It 1165: fitness=93120
It 1170: fitness=93120
It 1175: fitness=93120
It 1180: fitness=93120
It 1185: fitness=93120
It 1190: fitness=93120
It 1195: fitness=93120
It 1200: fitness=93120
It 1205: fitness=93120
It 1210: fitness=93120
It 1215: fitness=93120
It 1220: fitness=93120
It 1225: fitness=93120
It 1230: fitness=93120
It 1235: fitness=93120
It 1240: fitness=93120
It 1245: fitness=93120
It 1250: fitness=93120
It 1255: fitness=93120
It 1260: fitness=93120
It 1265: fitness=93120
It 1270: fitness=93120
It 1275: fitness=93120
It 1280: fitness=93120
It 1285: fitness=93120
It 1290: fitness=93120
It 1295: fitness=93120
It 1300: fitness=93120
It 1305: fitness=93120
It 1310: fitness=93120
It 1315: fitness=93120
It 1320: fitness=93120
It 1325: fitness=93120
It 1330: fitness=93120
It 1335: fitness=93120
It 1340: fitness=93120
It 1345: fitness=93120
It 1350: fitness=93120
It 1355: fitness=93120
It 1360: fitness=93120
It 1365: fitness=93120
It 1370: fitness=93120
It 1375: fitness=93120
It 1380: fitness=93120
It 1385: fitness=93120
It 1390: fitness=93120
It 1395: fitness=93120
It 1400: fitness=93120
It 1405: fitness=93120
It 1410: fitness=93120
It 1415: fitness=93120
It 1420: fitness=93120
It 1425: fitness=93120
It 1430: fitness=93120
It 1435: fitness=93120
It 1440: fitness=93120
It 1445: fitness=93120
It 1450: fitness=93120
It 1455: fitness=93120
It 1460: fitness=93120
It 1465: fitness=93120
It 1470: fitness=93120
It 1475: fitness=93120
It 1480: fitness=93120
It 1485: fitness=93120
It 1490: fitness=93120
It 1495: fitness=93120
It 1500: fitness=93120
It 1505: fitness=93120
It 1510: fitness=93120
It 1515: fitness=93120
It 1520: fitness=93120
It 1525: fitness=93120
It 1530: fitness=93120
It 1535: fitness=93120
It 1540: fitness=93120
It 1545: fitness=93120
It 1550: fitness=93120
It 1555: fitness=93120
It 1560: fitness=93120
It 1565: fitness=93120
It 1570: fitness=93120
It 1575: fitness=93120
It 1580: fitness=93120
It 1585: fitness=93120
It 1590: fitness=93120
It 1595: fitness=93120
It 1600: fitness=93120
It 1605: fitness=93120
It 1610: fitness=93120
It 1615: fitness=93120
It 1620: fitness=93120
It 1625: fitness=93120
It 1630: fitness=93120
It 1635: fitness=93120
Maximal number of iterations without improvement reached
>> Resamp_Iter 8 negLL: 93116.35 (ref:  94187.54 )
>> Resamp_params: 0.5652357 0.5919522 0.5500558 0.6092746 0.5451867 0.5360495 0.5273491 0.7075202 0.5467716 0.5774504 0.545651 0.66 0.4870225 0.5530365 0.6470961 0.5893957 0.6150608 0.4114124 0.6692489 0.5871492 0.6194845 0.5020125 0.5372265 0.6376505 0.5812907 0.5785934 0.4900033 0.5581791 0.5258562 0.4428375 0.6268019 0.001 0.9552202 1.257432 -499.9997 -80.28661 0.4030908 
 [1]    0.5616531    0.5857182    0.5515381    0.5487872    0.5436690
 [6]    0.5326105    0.5999994    0.6127043    0.5435578    0.5752417
[11]    0.5403226    0.6599999    0.6199999    0.5482508    0.6396637
[16]    0.7099759    0.5524150    0.5933308    0.6551963    0.5901898
[21]    0.5353083    0.4977788    0.5328646    0.6337159    0.5756330
[26]    0.5774914    0.4900002    0.5706977    0.5274690    0.5792556
[31]    0.5523559    0.0010000    0.9568725    1.3000000 -499.9944096
[36]  -91.9769067    0.4173210
>> sd Resamp 9 : 13 28 8 1 12 22 9 23 5 11 10 1 2 24 6 31 24 11 9 10 9 20 28 1 20 25 5 18 16 29 26 
>> Opt param @ resamp: 95956.18 
S=22, K=3, p=0.1303, w0=0.7213, w1=0.7213, c.p=1.193, c.g=1.193
v.max=NA, d=6.083, vectorize=FALSE, hybrid=off
It 5: fitness=180700
It 10: fitness=180700
It 15: fitness=161500
It 20: fitness=161500
It 25: fitness=154100
It 30: fitness=141400
It 35: fitness=135400
It 40: fitness=131500
It 45: fitness=130300
It 50: fitness=125100
It 55: fitness=123900
It 60: fitness=120200
It 65: fitness=119100
It 70: fitness=118800
It 75: fitness=117200
It 80: fitness=116900
It 85: fitness=115600
It 90: fitness=115400
It 95: fitness=114600
It 100: fitness=113800
It 105: fitness=112700
It 110: fitness=110800
It 115: fitness=110000
It 120: fitness=109700
It 125: fitness=108800
It 130: fitness=106800
It 135: fitness=106300
It 140: fitness=106000
It 145: fitness=105900
It 150: fitness=105900
It 155: fitness=105800
It 160: fitness=105600
It 165: fitness=105400
It 170: fitness=105400
It 175: fitness=105200
It 180: fitness=105200
It 185: fitness=105100
It 190: fitness=104900
It 195: fitness=104700
It 200: fitness=104400
It 205: fitness=104300
It 210: fitness=104200
It 215: fitness=104100
It 220: fitness=104100
It 225: fitness=104000
It 230: fitness=104000
It 235: fitness=104000
It 240: fitness=104000
It 245: fitness=104000
It 250: fitness=103900
It 255: fitness=103900
It 260: fitness=103900
It 265: fitness=103900
It 270: fitness=103900
It 275: fitness=103900
It 280: fitness=103900
It 285: fitness=103900
It 290: fitness=103900
It 295: fitness=103800
It 300: fitness=103800
It 305: fitness=103800
It 310: fitness=103800
It 315: fitness=103800
It 320: fitness=103800
It 325: fitness=103800
It 330: fitness=103800
It 335: fitness=103800
It 340: fitness=103800
It 345: fitness=103800
It 350: fitness=103800
It 355: fitness=103800
It 360: fitness=103800
It 365: fitness=103800
It 370: fitness=103800
It 375: fitness=103800
It 380: fitness=103800
It 385: fitness=103800
It 390: fitness=103800
It 395: fitness=103800
It 400: fitness=103700
It 405: fitness=103700
It 410: fitness=103700
It 415: fitness=103700
It 420: fitness=103700
It 425: fitness=103700
It 430: fitness=103700
It 435: fitness=103700
It 440: fitness=103700
It 445: fitness=103700
It 450: fitness=103700
It 455: fitness=103700
It 460: fitness=103700
It 465: fitness=103700
It 470: fitness=103700
It 475: fitness=103700
It 480: fitness=103700
It 485: fitness=103700
It 490: fitness=103700
It 495: fitness=103700
It 500: fitness=103700
It 505: fitness=103700
It 510: fitness=103700
It 515: fitness=103700
It 520: fitness=103700
It 525: fitness=103700
It 530: fitness=103700
It 535: fitness=103700
It 540: fitness=103700
It 545: fitness=103700
It 550: fitness=103700
It 555: fitness=103700
It 560: fitness=103700
It 565: fitness=103700
It 570: fitness=103700
It 575: fitness=103700
It 580: fitness=103700
It 585: fitness=103700
It 590: fitness=103700
It 595: fitness=103700
It 600: fitness=103700
It 605: fitness=103700
It 610: fitness=103700
It 615: fitness=103700
It 620: fitness=103700
It 625: fitness=103700
It 630: fitness=103700
It 635: fitness=103700
It 640: fitness=103700
It 645: fitness=103700
It 650: fitness=103700
It 655: fitness=103700
It 660: fitness=103700
It 665: fitness=103700
It 670: fitness=103700
It 675: fitness=103700
It 680: fitness=103700
It 685: fitness=103700
It 690: fitness=103700
It 695: fitness=103700
It 700: fitness=103700
It 705: fitness=103700
It 710: fitness=103700
It 715: fitness=103700
It 720: fitness=103700
It 725: fitness=103700
It 730: fitness=103700
It 735: fitness=103700
It 740: fitness=103700
It 745: fitness=103700
It 750: fitness=103700
It 755: fitness=103700
It 760: fitness=103700
It 765: fitness=103700
It 770: fitness=103700
It 775: fitness=103700
It 780: fitness=103700
It 785: fitness=103700
It 790: fitness=103700
It 795: fitness=103700
It 800: fitness=103700
It 805: fitness=103700
It 810: fitness=103700
It 815: fitness=103700
It 820: fitness=103700
It 825: fitness=103700
It 830: fitness=103700
It 835: fitness=103700
It 840: fitness=103700
It 845: fitness=103700
It 850: fitness=103700
It 855: fitness=103700
It 860: fitness=103700
It 865: fitness=103700
It 870: fitness=103700
It 875: fitness=103700
It 880: fitness=103700
It 885: fitness=103700
It 890: fitness=103700
It 895: fitness=103700
It 900: fitness=103700
It 905: fitness=103700
It 910: fitness=103700
It 915: fitness=103700
It 920: fitness=103700
It 925: fitness=103700
It 930: fitness=103700
It 935: fitness=103700
It 940: fitness=103700
It 945: fitness=103700
It 950: fitness=103700
It 955: fitness=103700
It 960: fitness=103700
It 965: fitness=103700
It 970: fitness=103700
It 975: fitness=103700
It 980: fitness=103700
It 985: fitness=103700
It 990: fitness=103700
It 995: fitness=103700
It 1000: fitness=103700
It 1005: fitness=103700
It 1010: fitness=103700
It 1015: fitness=103700
It 1020: fitness=103700
It 1025: fitness=103700
It 1030: fitness=103700
It 1035: fitness=103700
It 1040: fitness=103700
It 1045: fitness=103700
It 1050: fitness=103700
It 1055: fitness=103700
It 1060: fitness=103700
It 1065: fitness=103700
It 1070: fitness=103700
It 1075: fitness=103700
It 1080: fitness=103700
It 1085: fitness=103700
It 1090: fitness=103700
It 1095: fitness=103700
It 1100: fitness=103700
It 1105: fitness=103700
It 1110: fitness=103700
It 1115: fitness=103700
It 1120: fitness=103700
It 1125: fitness=103700
It 1130: fitness=103700
It 1135: fitness=103700
It 1140: fitness=103700
It 1145: fitness=103700
It 1150: fitness=103700
It 1155: fitness=103700
It 1160: fitness=103700
It 1165: fitness=103700
It 1170: fitness=103700
It 1175: fitness=103700
It 1180: fitness=103700
It 1185: fitness=103700
It 1190: fitness=103700
It 1195: fitness=103700
It 1200: fitness=103700
It 1205: fitness=103700
It 1210: fitness=103700
It 1215: fitness=103700
It 1220: fitness=103700
It 1225: fitness=103700
It 1230: fitness=103700
It 1235: fitness=103700
It 1240: fitness=103700
It 1245: fitness=103700
It 1250: fitness=103700
It 1255: fitness=103700
It 1260: fitness=103700
It 1265: fitness=103700
It 1270: fitness=103700
It 1275: fitness=103700
It 1280: fitness=103700
It 1285: fitness=103700
It 1290: fitness=103700
It 1295: fitness=103700
It 1300: fitness=103700
It 1305: fitness=103700
It 1310: fitness=103700
It 1315: fitness=103700
It 1320: fitness=103700
It 1325: fitness=103700
It 1330: fitness=103700
It 1335: fitness=103700
It 1340: fitness=103700
It 1345: fitness=103700
It 1350: fitness=103700
It 1355: fitness=103700
It 1360: fitness=103700
It 1365: fitness=103700
It 1370: fitness=103700
It 1375: fitness=103700
It 1380: fitness=103700
It 1385: fitness=103700
It 1390: fitness=103700
It 1395: fitness=103700
It 1400: fitness=103700
It 1405: fitness=103700
It 1410: fitness=103700
It 1415: fitness=103700
It 1420: fitness=103700
It 1425: fitness=103700
It 1430: fitness=103700
It 1435: fitness=103700
It 1440: fitness=103700
It 1445: fitness=103700
It 1450: fitness=103700
It 1455: fitness=103700
It 1460: fitness=103700
It 1465: fitness=103700
It 1470: fitness=103700
It 1475: fitness=103700
It 1480: fitness=103700
It 1485: fitness=103700
It 1490: fitness=103700
It 1495: fitness=103700
It 1500: fitness=103700
It 1505: fitness=103700
It 1510: fitness=103700
It 1515: fitness=103700
It 1520: fitness=103700
It 1525: fitness=103700
It 1530: fitness=103700
It 1535: fitness=103700
It 1540: fitness=103700
It 1545: fitness=103700
It 1550: fitness=103700
It 1555: fitness=103700
It 1560: fitness=103700
It 1565: fitness=103700
It 1570: fitness=103700
It 1575: fitness=103700
It 1580: fitness=103700
It 1585: fitness=103700
It 1590: fitness=103700
It 1595: fitness=103700
It 1600: fitness=103700
It 1605: fitness=103700
It 1610: fitness=103700
It 1615: fitness=103700
It 1620: fitness=103700
It 1625: fitness=103700
It 1630: fitness=103700
It 1635: fitness=103700
It 1640: fitness=103700
It 1645: fitness=103700
It 1650: fitness=103700
It 1655: fitness=103700
It 1660: fitness=103700
It 1665: fitness=103700
It 1670: fitness=103700
It 1675: fitness=103700
It 1680: fitness=103700
It 1685: fitness=103700
It 1690: fitness=103700
It 1695: fitness=103700
It 1700: fitness=103700
It 1705: fitness=103700
It 1710: fitness=103700
It 1715: fitness=103700
It 1720: fitness=103700
It 1725: fitness=103700
It 1730: fitness=103700
It 1735: fitness=103700
It 1740: fitness=103700
It 1745: fitness=103700
It 1750: fitness=103700
It 1755: fitness=103700
It 1760: fitness=103700
It 1765: fitness=103700
It 1770: fitness=103700
It 1775: fitness=103700
It 1780: fitness=103700
It 1785: fitness=103700
It 1790: fitness=103700
It 1795: fitness=103700
It 1800: fitness=103700
It 1805: fitness=103700
It 1810: fitness=103700
It 1815: fitness=103700
It 1820: fitness=103700
It 1825: fitness=103700
It 1830: fitness=103700
It 1835: fitness=103700
It 1840: fitness=103700
It 1845: fitness=103700
It 1850: fitness=103700
It 1855: fitness=103700
It 1860: fitness=103700
It 1865: fitness=103700
It 1870: fitness=103700
It 1875: fitness=103700
It 1880: fitness=103700
It 1885: fitness=103700
It 1890: fitness=103700
It 1895: fitness=103700
It 1900: fitness=103700
It 1905: fitness=103700
It 1910: fitness=103700
It 1915: fitness=103700
It 1920: fitness=103700
It 1925: fitness=103700
It 1930: fitness=103700
It 1935: fitness=103700
Maximal number of iterations without improvement reached
>> Resamp_Iter 9 negLL: 103738.1 (ref:  95956.18 )
>> Resamp_params: 0.5619352 0.586648 0.4350811 0.5449644 0.5441951 0.63 0.5354095 0.6128207 0.544812 0.5757584 0.5409035 0.4400602 0.548012 0.4704292 0.4107811 0.5845646 0.5826484 0.674272 0.5749056 0.5897398 0.6290705 0.4979409 0.5330739 0.6365387 0.6799999 0.577478 0.6252941 0.5714798 0.5281416 0.4385265 0.553354 0.001 0.9528556 1.299956 -499.9995 -80.58307 0.4102471 
 [1]    0.5616531    0.5857182    0.5515381    0.5487872    0.5436690
 [6]    0.5326105    0.5999994    0.6127043    0.5435578    0.5752417
[11]    0.5403226    0.6599999    0.6199999    0.5482508    0.6396637
[16]    0.7099759    0.5524150    0.5933308    0.6551963    0.5901898
[21]    0.5353083    0.4977788    0.5328646    0.6337159    0.5756330
[26]    0.5774914    0.4900002    0.5706977    0.5274690    0.5792556
[31]    0.5523559    0.0010000    0.9568725    1.3000000 -499.9944096
[36]  -91.9769067    0.4173210
>> sd Resamp 10 : 6 16 28 28 23 17 9 17 9 10 21 5 20 2 30 5 16 5 12 7 5 16 10 31 12 21 28 31 20 22 18 
>> Opt param @ resamp: 94041.15 
S=22, K=3, p=0.1303, w0=0.7213, w1=0.7213, c.p=1.193, c.g=1.193
v.max=NA, d=6.083, vectorize=FALSE, hybrid=off
It 5: fitness=209800
It 10: fitness=155900
It 15: fitness=141700
It 20: fitness=132100
It 25: fitness=131200
It 30: fitness=123600
It 35: fitness=122600
It 40: fitness=119100
It 45: fitness=117800
It 50: fitness=117500
It 55: fitness=117100
It 60: fitness=113200
It 65: fitness=111200
It 70: fitness=107100
It 75: fitness=105600
It 80: fitness=103200
It 85: fitness=102000
It 90: fitness=101100
It 95: fitness=100300
It 100: fitness=99320
It 105: fitness=99150
It 110: fitness=98880
It 115: fitness=98440
It 120: fitness=98110
It 125: fitness=97860
It 130: fitness=97740
It 135: fitness=97740
It 140: fitness=97510
It 145: fitness=97370
It 150: fitness=97290
It 155: fitness=97120
It 160: fitness=96740
It 165: fitness=96590
It 170: fitness=96490
It 175: fitness=96330
It 180: fitness=96120
It 185: fitness=96010
It 190: fitness=95800
It 195: fitness=95150
It 200: fitness=94480
It 205: fitness=94280
It 210: fitness=94080
It 215: fitness=93930
It 220: fitness=93570
It 225: fitness=93560
It 230: fitness=93490
It 235: fitness=93420
It 240: fitness=93360
It 245: fitness=93360
It 250: fitness=93320
It 255: fitness=93310
It 260: fitness=93240
It 265: fitness=93230
It 270: fitness=93220
It 275: fitness=93220
It 280: fitness=93200
It 285: fitness=93190
It 290: fitness=93180
It 295: fitness=93180
It 300: fitness=93180
It 305: fitness=93160
It 310: fitness=93160
It 315: fitness=93150
It 320: fitness=93150
It 325: fitness=93150
It 330: fitness=93140
It 335: fitness=93140
It 340: fitness=93140
It 345: fitness=93140
It 350: fitness=93140
It 355: fitness=93130
It 360: fitness=93130
It 365: fitness=93130
It 370: fitness=93130
It 375: fitness=93130
It 380: fitness=93130
It 385: fitness=93130
It 390: fitness=93130
It 395: fitness=93130
It 400: fitness=93130
It 405: fitness=93130
It 410: fitness=93130
It 415: fitness=93130
It 420: fitness=93130
It 425: fitness=93130
It 430: fitness=93130
It 435: fitness=93130
It 440: fitness=93130
It 445: fitness=93130
It 450: fitness=93130
It 455: fitness=93130
It 460: fitness=93130
It 465: fitness=93130
It 470: fitness=93130
It 475: fitness=93130
It 480: fitness=93130
It 485: fitness=93130
It 490: fitness=93130
It 495: fitness=93130
It 500: fitness=93130
It 505: fitness=93130
It 510: fitness=93130
It 515: fitness=93130
It 520: fitness=93130
It 525: fitness=93130
It 530: fitness=93130
It 535: fitness=93130
It 540: fitness=93130
It 545: fitness=93130
It 550: fitness=93130
It 555: fitness=93130
It 560: fitness=93130
It 565: fitness=93130
It 570: fitness=93130
It 575: fitness=93130
It 580: fitness=93130
It 585: fitness=93130
It 590: fitness=93130
It 595: fitness=93130
It 600: fitness=93130
It 605: fitness=93130
It 610: fitness=93130
It 615: fitness=93130
It 620: fitness=93130
It 625: fitness=93130
It 630: fitness=93130
It 635: fitness=93130
It 640: fitness=93130
It 645: fitness=93130
It 650: fitness=93130
It 655: fitness=93130
It 660: fitness=93130
It 665: fitness=93130
It 670: fitness=93130
It 675: fitness=93130
It 680: fitness=93130
It 685: fitness=93130
It 690: fitness=93130
It 695: fitness=93130
It 700: fitness=93130
It 705: fitness=93130
It 710: fitness=93130
It 715: fitness=93130
It 720: fitness=93130
It 725: fitness=93130
It 730: fitness=93130
It 735: fitness=93130
It 740: fitness=93130
It 745: fitness=93130
It 750: fitness=93130
It 755: fitness=93130
It 760: fitness=93130
It 765: fitness=93130
It 770: fitness=93130
It 775: fitness=93130
It 780: fitness=93130
It 785: fitness=93130
It 790: fitness=93130
It 795: fitness=93130
It 800: fitness=93130
It 805: fitness=93130
It 810: fitness=93130
It 815: fitness=93130
It 820: fitness=93130
It 825: fitness=93130
It 830: fitness=93130
It 835: fitness=93130
It 840: fitness=93130
It 845: fitness=93130
It 850: fitness=93130
It 855: fitness=93130
It 860: fitness=93130
It 865: fitness=93130
It 870: fitness=93130
It 875: fitness=93130
It 880: fitness=93130
It 885: fitness=93130
It 890: fitness=93130
It 895: fitness=93130
It 900: fitness=93130
It 905: fitness=93130
It 910: fitness=93130
It 915: fitness=93130
It 920: fitness=93130
It 925: fitness=93130
It 930: fitness=93130
It 935: fitness=93130
It 940: fitness=93130
It 945: fitness=93130
It 950: fitness=93130
It 955: fitness=93130
It 960: fitness=93130
It 965: fitness=93130
It 970: fitness=93130
It 975: fitness=93130
It 980: fitness=93130
It 985: fitness=93130
It 990: fitness=93130
It 995: fitness=93130
It 1000: fitness=93130
It 1005: fitness=93130
It 1010: fitness=93130
It 1015: fitness=93130
It 1020: fitness=93130
It 1025: fitness=93130
It 1030: fitness=93130
It 1035: fitness=93130
It 1040: fitness=93130
It 1045: fitness=93130
It 1050: fitness=93130
It 1055: fitness=93130
It 1060: fitness=93130
It 1065: fitness=93130
It 1070: fitness=93130
It 1075: fitness=93130
It 1080: fitness=93130
It 1085: fitness=93130
It 1090: fitness=93130
It 1095: fitness=93130
It 1100: fitness=93130
It 1105: fitness=93130
It 1110: fitness=93130
It 1115: fitness=93130
It 1120: fitness=93130
It 1125: fitness=93130
It 1130: fitness=93130
It 1135: fitness=93130
It 1140: fitness=93130
Maximal number of iterations without improvement reached
>> Resamp_Iter 10 negLL: 93125 (ref:  94041.15 )
>> Resamp_params: 0.5459294 0.5782049 0.475332 0.5692827 0.5424934 0.5311521 0.6 0.6579567 0.5433678 0.5748048 0.6171595 0.6599999 0.4742345 0.4864601 0.4554831 0.5772833 0.5511631 0.587018 0.6453436 0.5893467 0.5331375 0.4960906 0.5299637 0.3498571 0.5622269 0.4738332 0.4925592 0.5682584 0.6 0.5750856 0.5516344 0.001 0.9726378 1.299998 -499.9926 -87.95929 0.4115588 
