fit_results/data/globalcity_clean.txt_sd_03191603.log>>> Loading state data: Atlanta <<<
>>> Loading state data: Berlin <<<
>>> Loading state data: Boston <<<
>>> Loading state data: Chicago <<<
>>> Loading state data: Denver <<<
>>> Loading state data: Houston <<<
>>> Loading state data: Los Angeles <<<
>>> Loading state data: Madrid <<<
>>> Loading state data: Miami <<<
>>> Loading state data: Phoenix <<<
>>> Loading state data: Rome <<<
>>> Loading state data: Seattle <<<
>>> Loading state data: St Louis <<<
>>> Loading state data: Toronto <<<
>>> Loading state data: Birmingham <<<
>>> Loading state data: Cologne <<<
>>> Loading state data: Dallas <<<
>>> Loading state data: Hamburg <<<
>>> Loading state data: London <<<
>>> Loading state data: New York <<<
>>> Loading state data: Sacramento <<<
>>> Loading state data: San Diego <<<
>>> Loading state data: San Francisco <<<
>>> Loading state data: Stockholm <<<
>>> Loading state data: Stuttgart <<<
>>> Loading state data: Tucson <<<
>>> Loading state data: Melbourne <<<
>>> Loading state data: Santiago <<<
>>> Loading state data: Delhi <<<
>>> Loading state data: Vancouver <<<
>>> Loading state data: Mexico City <<<
 [1]    0.540    0.400    0.430    0.440    0.460    0.530    0.480    0.570
 [9]    0.540    0.450    0.470    0.440    0.470    0.470    0.400    0.450
[17]    0.530    0.410    0.400    0.450    0.480    0.480    0.490    0.300
[25]    0.450    0.440    0.490    0.540    0.450    0.430    0.550    0.001
[33]    0.800    0.600 -500.000 -500.000    0.000
 [1] 0.660 0.690 0.610 0.610 0.620 0.630 0.600 0.710 0.630 0.620 0.630 0.660
[13] 0.620 0.660 0.690 0.710 0.640 0.710 0.670 0.620 0.630 0.590 0.630 0.720
[25] 0.680 0.610 0.630 0.700 0.600 0.670 0.630 0.001 1.200 1.300 0.000 0.000
[37] 1.000
 [1]    0.5616531    0.5857182    0.5515381    0.5487872    0.5436690
 [6]    0.5326105    0.5999994    0.6127043    0.5435578    0.5752417
[11]    0.5403226    0.6599999    0.6199999    0.5482508    0.6396637
[16]    0.7099759    0.5524150    0.5933308    0.6551963    0.5901898
[21]    0.5353083    0.4977788    0.5328646    0.6337159    0.5756330
[26]    0.5774914    0.4900002    0.5706977    0.5274690    0.5792556
[31]    0.5523559    0.0010000    0.9568725    1.3000000 -499.9944096
[36]  -91.9769067    0.4173210
 [1]    0.5900000    0.5900000    0.5900000    0.5900000    0.5900000
 [6]    0.5900000    0.5900000    0.5900000    0.5900000    0.5900000
[11]    0.5900000    0.5900000    0.5900000    0.5900000    0.5900000
[16]    0.5900000    0.5900000    0.5900000    0.5900000    0.5900000
[21]    0.5900000    0.5900000    0.5900000    0.5900000    0.5900000
[26]    0.5900000    0.5900000    0.5900000    0.5900000    0.5900000
[31]    0.5900000    0.0010000    0.9568725    1.3000000 -499.9944096
[36]  -91.9769067    0.4173210
96 cores seen; limit to 18 cores
 [1]    0.5616531    0.5857182    0.5515381    0.5487872    0.5436690
 [6]    0.5326105    0.5999994    0.6127043    0.5435578    0.5752417
[11]    0.5403226    0.6599999    0.6199999    0.5482508    0.6396637
[16]    0.7099759    0.5524150    0.5933308    0.6551963    0.5901898
[21]    0.5353083    0.4977788    0.5328646    0.6337159    0.5756330
[26]    0.5774914    0.4900002    0.5706977    0.5274690    0.5792556
[31]    0.5523559    0.0010000    0.9568725    1.3000000 -499.9944096
[36]  -91.9769067    0.4173210
>> sd Resamp 1 : 4 6 18 30 31 29 2 25 17 31 23 23 16 18 29 5 13 26 22 1 13 11 30 27 18 7 24 12 14 30 30 
>> Opt param @ resamp: 49445.33 
S=22, K=3, p=0.1303, w0=0.7213, w1=0.7213, c.p=1.193, c.g=1.193
v.max=NA, d=6.083, vectorize=FALSE, hybrid=off
It 5: fitness=110900
It 10: fitness=102300
It 15: fitness=83330
It 20: fitness=81960
It 25: fitness=79340
It 30: fitness=75510
It 35: fitness=68750
It 40: fitness=65440
It 45: fitness=63520
It 50: fitness=61870
It 55: fitness=60540
It 60: fitness=59310
It 65: fitness=59200
It 70: fitness=58330
It 75: fitness=58010
It 80: fitness=57240
It 85: fitness=57130
It 90: fitness=56520
It 95: fitness=55970
It 100: fitness=55970
It 105: fitness=55790
It 110: fitness=54980
It 115: fitness=54340
It 120: fitness=53980
It 125: fitness=53730
It 130: fitness=53490
It 135: fitness=53120
It 140: fitness=52910
It 145: fitness=52750
It 150: fitness=52500
It 155: fitness=52480
It 160: fitness=52400
It 165: fitness=52290
It 170: fitness=52020
It 175: fitness=51900
It 180: fitness=51830
It 185: fitness=51790
It 190: fitness=51610
It 195: fitness=51600
It 200: fitness=51460
It 205: fitness=51360
It 210: fitness=51200
It 215: fitness=51140
It 220: fitness=51110
It 225: fitness=50990
It 230: fitness=50850
It 235: fitness=50760
It 240: fitness=50710
It 245: fitness=50590
It 250: fitness=50460
It 255: fitness=50410
It 260: fitness=50220
It 265: fitness=50080
It 270: fitness=49980
It 275: fitness=49680
It 280: fitness=49610
It 285: fitness=49520
It 290: fitness=49450
It 295: fitness=49410
It 300: fitness=49330
It 305: fitness=49330
It 310: fitness=49200
It 315: fitness=49190
It 320: fitness=49130
It 325: fitness=49110
It 330: fitness=49100
It 335: fitness=49100
It 340: fitness=49070
It 345: fitness=48980
It 350: fitness=48890
It 355: fitness=48890
It 360: fitness=48880
It 365: fitness=48860
It 370: fitness=48840
It 375: fitness=48830
It 380: fitness=48820
It 385: fitness=48810
It 390: fitness=48790
It 395: fitness=48780
It 400: fitness=48780
It 405: fitness=48770
It 410: fitness=48760
It 415: fitness=48750
It 420: fitness=48740
It 425: fitness=48740
It 430: fitness=48730
It 435: fitness=48730
It 440: fitness=48720
It 445: fitness=48720
It 450: fitness=48710
It 455: fitness=48710
It 460: fitness=48710
It 465: fitness=48700
It 470: fitness=48700
It 475: fitness=48700
It 480: fitness=48700
It 485: fitness=48690
It 490: fitness=48690
It 495: fitness=48680
It 500: fitness=48680
It 505: fitness=48680
It 510: fitness=48680
It 515: fitness=48680
It 520: fitness=48680
It 525: fitness=48670
It 530: fitness=48670
It 535: fitness=48670
It 540: fitness=48670
It 545: fitness=48670
It 550: fitness=48670
It 555: fitness=48660
It 560: fitness=48660
It 565: fitness=48660
It 570: fitness=48660
It 575: fitness=48660
It 580: fitness=48660
It 585: fitness=48660
It 590: fitness=48660
It 595: fitness=48660
It 600: fitness=48660
It 605: fitness=48660
It 610: fitness=48650
It 615: fitness=48650
It 620: fitness=48650
It 625: fitness=48650
It 630: fitness=48650
It 635: fitness=48650
It 640: fitness=48650
It 645: fitness=48650
It 650: fitness=48650
It 655: fitness=48650
It 660: fitness=48650
It 665: fitness=48650
It 670: fitness=48650
It 675: fitness=48650
It 680: fitness=48650
It 685: fitness=48650
It 690: fitness=48650
It 695: fitness=48650
It 700: fitness=48650
It 705: fitness=48650
It 710: fitness=48650
It 715: fitness=48650
It 720: fitness=48650
It 725: fitness=48650
It 730: fitness=48650
It 735: fitness=48650
It 740: fitness=48650
It 745: fitness=48650
It 750: fitness=48650
It 755: fitness=48650
It 760: fitness=48650
It 765: fitness=48650
It 770: fitness=48650
It 775: fitness=48650
It 780: fitness=48650
It 785: fitness=48650
It 790: fitness=48650
It 795: fitness=48650
It 800: fitness=48650
It 805: fitness=48650
It 810: fitness=48650
It 815: fitness=48650
It 820: fitness=48640
It 825: fitness=48640
It 830: fitness=48640
It 835: fitness=48640
It 840: fitness=48640
It 845: fitness=48640
It 850: fitness=48640
It 855: fitness=48640
It 860: fitness=48640
It 865: fitness=48640
It 870: fitness=48640
It 875: fitness=48640
It 880: fitness=48640
It 885: fitness=48640
It 890: fitness=48640
It 895: fitness=48640
It 900: fitness=48640
It 905: fitness=48640
It 910: fitness=48640
It 915: fitness=48640
It 920: fitness=48640
It 925: fitness=48640
It 930: fitness=48640
It 935: fitness=48640
It 940: fitness=48640
It 945: fitness=48640
It 950: fitness=48640
It 955: fitness=48640
It 960: fitness=48640
It 965: fitness=48640
It 970: fitness=48640
It 975: fitness=48640
It 980: fitness=48640
It 985: fitness=48640
It 990: fitness=48640
It 995: fitness=48640
It 1000: fitness=48640
It 1005: fitness=48640
It 1010: fitness=48640
It 1015: fitness=48640
It 1020: fitness=48640
It 1025: fitness=48640
It 1030: fitness=48640
It 1035: fitness=48640
It 1040: fitness=48640
It 1045: fitness=48640
It 1050: fitness=48640
It 1055: fitness=48640
It 1060: fitness=48640
It 1065: fitness=48640
It 1070: fitness=48640
It 1075: fitness=48640
It 1080: fitness=48640
It 1085: fitness=48640
It 1090: fitness=48640
It 1095: fitness=48640
It 1100: fitness=48640
It 1105: fitness=48640
It 1110: fitness=48640
It 1115: fitness=48640
It 1120: fitness=48640
It 1125: fitness=48640
It 1130: fitness=48640
It 1135: fitness=48640
It 1140: fitness=48640
It 1145: fitness=48640
It 1150: fitness=48640
It 1155: fitness=48640
It 1160: fitness=48640
It 1165: fitness=48640
It 1170: fitness=48640
It 1175: fitness=48640
It 1180: fitness=48640
It 1185: fitness=48640
It 1190: fitness=48640
It 1195: fitness=48640
It 1200: fitness=48640
It 1205: fitness=48640
It 1210: fitness=48640
It 1215: fitness=48640
It 1220: fitness=48640
It 1225: fitness=48640
It 1230: fitness=48640
It 1235: fitness=48640
It 1240: fitness=48640
It 1245: fitness=48640
It 1250: fitness=48640
It 1255: fitness=48640
It 1260: fitness=48640
It 1265: fitness=48640
It 1270: fitness=48640
It 1275: fitness=48640
It 1280: fitness=48640
It 1285: fitness=48640
It 1290: fitness=48640
It 1295: fitness=48640
It 1300: fitness=48640
It 1305: fitness=48640
It 1310: fitness=48640
It 1315: fitness=48640
It 1320: fitness=48640
It 1325: fitness=48640
It 1330: fitness=48640
It 1335: fitness=48640
It 1340: fitness=48640
It 1345: fitness=48640
It 1350: fitness=48640
It 1355: fitness=48640
It 1360: fitness=48640
It 1365: fitness=48640
It 1370: fitness=48640
It 1375: fitness=48640
It 1380: fitness=48640
It 1385: fitness=48640
It 1390: fitness=48640
It 1395: fitness=48640
It 1400: fitness=48640
It 1405: fitness=48640
It 1410: fitness=48640
It 1415: fitness=48640
It 1420: fitness=48640
It 1425: fitness=48640
It 1430: fitness=48640
It 1435: fitness=48640
It 1440: fitness=48640
It 1445: fitness=48640
It 1450: fitness=48640
It 1455: fitness=48640
It 1460: fitness=48640
It 1465: fitness=48640
It 1470: fitness=48640
It 1475: fitness=48640
It 1480: fitness=48640
It 1485: fitness=48640
It 1490: fitness=48640
It 1495: fitness=48640
It 1500: fitness=48640
It 1505: fitness=48640
It 1510: fitness=48640
It 1515: fitness=48640
It 1520: fitness=48640
It 1525: fitness=48640
It 1530: fitness=48640
It 1535: fitness=48640
It 1540: fitness=48640
It 1545: fitness=48640
It 1550: fitness=48640
It 1555: fitness=48640
It 1560: fitness=48640
It 1565: fitness=48640
It 1570: fitness=48640
It 1575: fitness=48640
It 1580: fitness=48640
It 1585: fitness=48640
It 1590: fitness=48640
It 1595: fitness=48640
It 1600: fitness=48640
It 1605: fitness=48640
It 1610: fitness=48640
It 1615: fitness=48640
It 1620: fitness=48640
It 1625: fitness=48640
It 1630: fitness=48640
It 1635: fitness=48640
It 1640: fitness=48640
It 1645: fitness=48640
It 1650: fitness=48640
It 1655: fitness=48640
It 1660: fitness=48640
It 1665: fitness=48640
It 1670: fitness=48640
It 1675: fitness=48640
It 1680: fitness=48640
It 1685: fitness=48640
It 1690: fitness=48640
It 1695: fitness=48640
It 1700: fitness=48640
It 1705: fitness=48640
It 1710: fitness=48640
It 1715: fitness=48640
It 1720: fitness=48640
It 1725: fitness=48640
It 1730: fitness=48640
It 1735: fitness=48640
It 1740: fitness=48640
It 1745: fitness=48640
It 1750: fitness=48640
It 1755: fitness=48640
It 1760: fitness=48640
It 1765: fitness=48640
It 1770: fitness=48640
It 1775: fitness=48640
It 1780: fitness=48640
It 1785: fitness=48640
It 1790: fitness=48640
It 1795: fitness=48640
It 1800: fitness=48640
It 1805: fitness=48640
It 1810: fitness=48640
It 1815: fitness=48640
It 1820: fitness=48640
It 1825: fitness=48640
It 1830: fitness=48640
It 1835: fitness=48640
It 1840: fitness=48640
It 1845: fitness=48640
It 1850: fitness=48640
It 1855: fitness=48640
It 1860: fitness=48640
It 1865: fitness=48640
It 1870: fitness=48640
It 1875: fitness=48640
It 1880: fitness=48640
It 1885: fitness=48640
It 1890: fitness=48640
It 1895: fitness=48640
It 1900: fitness=48640
It 1905: fitness=48640
It 1910: fitness=48640
It 1915: fitness=48640
It 1920: fitness=48640
It 1925: fitness=48640
It 1930: fitness=48640
It 1935: fitness=48640
It 1940: fitness=48640
It 1945: fitness=48640
It 1950: fitness=48640
It 1955: fitness=48640
It 1960: fitness=48640
It 1965: fitness=48640
It 1970: fitness=48640
It 1975: fitness=48640
It 1980: fitness=48640
It 1985: fitness=48640
It 1990: fitness=48640
It 1995: fitness=48640
It 2000: fitness=48640
It 2005: fitness=48640
It 2010: fitness=48640
It 2015: fitness=48640
It 2020: fitness=48640
It 2025: fitness=48640
It 2030: fitness=48640
It 2035: fitness=48640
It 2040: fitness=48640
It 2045: fitness=48640
It 2050: fitness=48640
It 2055: fitness=48640
It 2060: fitness=48640
It 2065: fitness=48640
It 2070: fitness=48640
It 2075: fitness=48640
It 2080: fitness=48640
It 2085: fitness=48640
It 2090: fitness=48640
It 2095: fitness=48640
It 2100: fitness=48640
It 2105: fitness=48640
It 2110: fitness=48640
It 2115: fitness=48640
It 2120: fitness=48640
It 2125: fitness=48640
It 2130: fitness=48640
It 2135: fitness=48640
It 2140: fitness=48640
It 2145: fitness=48640
Maximal number of iterations without improvement reached
>> Resamp_Iter 1 negLL: 48642.98 (ref:  49445.33 )
>> Resamp_params: 0.5718011 0.6098186 0.4480044 0.5598195 0.5543068 0.63 0.5846928 0.6055581 0.5425208 0.6199419 0.5558629 0.6599993 0.5604076 0.5585585 0.4543663 0.5984284 0.5641494 0.615444 0.6699997 0.4654336 0.4801074 0.5100334 0.5443988 0.6171209 0.5928416 0.5827975 0.4900009 0.6990628 0.5276913 0.5972154 0.5668341 0.001 0.9688368 0.9464922 -499.996 -89.92594 0.4102548 
 [1]    0.5616531    0.5857182    0.5515381    0.5487872    0.5436690
 [6]    0.5326105    0.5999994    0.6127043    0.5435578    0.5752417
[11]    0.5403226    0.6599999    0.6199999    0.5482508    0.6396637
[16]    0.7099759    0.5524150    0.5933308    0.6551963    0.5901898
[21]    0.5353083    0.4977788    0.5328646    0.6337159    0.5756330
[26]    0.5774914    0.4900002    0.5706977    0.5274690    0.5792556
[31]    0.5523559    0.0010000    0.9568725    1.3000000 -499.9944096
[36]  -91.9769067    0.4173210
>> sd Resamp 2 : 21 10 15 1 17 29 8 27 24 20 25 25 17 23 11 17 13 9 7 10 12 22 23 12 13 27 7 25 30 29 15 
>> Opt param @ resamp: 88017.06 
S=22, K=3, p=0.1303, w0=0.7213, w1=0.7213, c.p=1.193, c.g=1.193
v.max=NA, d=6.083, vectorize=FALSE, hybrid=off
It 5: fitness=209100
It 10: fitness=209100
It 15: fitness=146300
It 20: fitness=135000
It 25: fitness=126500
It 30: fitness=118800
It 35: fitness=118700
It 40: fitness=116200
It 45: fitness=110400
It 50: fitness=109500
It 55: fitness=104900
It 60: fitness=104900
It 65: fitness=103900
It 70: fitness=102100
It 75: fitness=101700
It 80: fitness=101000
It 85: fitness=99700
It 90: fitness=98880
It 95: fitness=98640
It 100: fitness=98510
It 105: fitness=97810
It 110: fitness=97330
It 115: fitness=97030
It 120: fitness=96520
It 125: fitness=96410
It 130: fitness=96330
It 135: fitness=96320
It 140: fitness=96310
It 145: fitness=96290
It 150: fitness=95370
It 155: fitness=94340
It 160: fitness=93840
It 165: fitness=93270
It 170: fitness=92470
It 175: fitness=92150
It 180: fitness=91880
It 185: fitness=91190
It 190: fitness=90700
It 195: fitness=90200
It 200: fitness=89880
It 205: fitness=89830
It 210: fitness=89730
It 215: fitness=89620
It 220: fitness=89380
It 225: fitness=89180
It 230: fitness=89160
It 235: fitness=89130
It 240: fitness=89090
It 245: fitness=88960
It 250: fitness=88910
It 255: fitness=88880
It 260: fitness=88830
It 265: fitness=88810
It 270: fitness=88720
It 275: fitness=88710
It 280: fitness=88690
It 285: fitness=88670
It 290: fitness=88670
It 295: fitness=88660
It 300: fitness=88640
It 305: fitness=88630
It 310: fitness=88620
It 315: fitness=88610
It 320: fitness=88590
It 325: fitness=88590
It 330: fitness=88590
It 335: fitness=88580
It 340: fitness=88580
It 345: fitness=88570
It 350: fitness=88570
It 355: fitness=88570
It 360: fitness=88560
It 365: fitness=88560
It 370: fitness=88560
It 375: fitness=88560
It 380: fitness=88540
It 385: fitness=88520
It 390: fitness=88520
It 395: fitness=88520
It 400: fitness=88520
It 405: fitness=88510
It 410: fitness=88510
It 415: fitness=88510
It 420: fitness=88510
It 425: fitness=88510
It 430: fitness=88510
It 435: fitness=88500
It 440: fitness=88500
It 445: fitness=88500
It 450: fitness=88500
It 455: fitness=88500
It 460: fitness=88500
It 465: fitness=88500
It 470: fitness=88490
It 475: fitness=88490
It 480: fitness=88490
It 485: fitness=88490
It 490: fitness=88490
It 495: fitness=88490
It 500: fitness=88490
It 505: fitness=88490
It 510: fitness=88490
It 515: fitness=88490
It 520: fitness=88490
It 525: fitness=88490
It 530: fitness=88490
It 535: fitness=88490
It 540: fitness=88490
It 545: fitness=88490
It 550: fitness=88490
It 555: fitness=88490
It 560: fitness=88490
It 565: fitness=88490
It 570: fitness=88490
It 575: fitness=88490
It 580: fitness=88490
It 585: fitness=88480
It 590: fitness=88480
It 595: fitness=88480
It 600: fitness=88480
It 605: fitness=88480
It 610: fitness=88480
It 615: fitness=88480
It 620: fitness=88480
It 625: fitness=88480
It 630: fitness=88480
It 635: fitness=88480
It 640: fitness=88480
It 645: fitness=88480
It 650: fitness=88480
It 655: fitness=88480
It 660: fitness=88480
It 665: fitness=88480
It 670: fitness=88480
It 675: fitness=88480
It 680: fitness=88480
It 685: fitness=88480
It 690: fitness=88480
It 695: fitness=88480
It 700: fitness=88480
It 705: fitness=88480
It 710: fitness=88480
It 715: fitness=88480
It 720: fitness=88480
It 725: fitness=88480
It 730: fitness=88480
It 735: fitness=88480
It 740: fitness=88480
It 745: fitness=88480
It 750: fitness=88480
It 755: fitness=88480
It 760: fitness=88480
It 765: fitness=88480
It 770: fitness=88480
It 775: fitness=88480
It 780: fitness=88480
It 785: fitness=88480
It 790: fitness=88480
It 795: fitness=88480
It 800: fitness=88480
It 805: fitness=88480
It 810: fitness=88480
It 815: fitness=88480
It 820: fitness=88480
It 825: fitness=88480
It 830: fitness=88480
It 835: fitness=88480
It 840: fitness=88480
It 845: fitness=88480
It 850: fitness=88480
It 855: fitness=88480
It 860: fitness=88480
It 865: fitness=88480
It 870: fitness=88480
It 875: fitness=88480
It 880: fitness=88480
It 885: fitness=88480
It 890: fitness=88480
It 895: fitness=88480
It 900: fitness=88480
It 905: fitness=88480
It 910: fitness=88480
It 915: fitness=88480
It 920: fitness=88480
It 925: fitness=88480
It 930: fitness=88480
It 935: fitness=88480
It 940: fitness=88480
It 945: fitness=88480
It 950: fitness=88480
It 955: fitness=88480
It 960: fitness=88480
It 965: fitness=88480
It 970: fitness=88480
It 975: fitness=88480
It 980: fitness=88480
It 985: fitness=88480
It 990: fitness=88480
It 995: fitness=88480
It 1000: fitness=88480
It 1005: fitness=88480
It 1010: fitness=88480
It 1015: fitness=88480
It 1020: fitness=88480
It 1025: fitness=88480
It 1030: fitness=88480
It 1035: fitness=88480
It 1040: fitness=88480
It 1045: fitness=88480
It 1050: fitness=88480
It 1055: fitness=88480
It 1060: fitness=88480
It 1065: fitness=88480
It 1070: fitness=88480
It 1075: fitness=88480
It 1080: fitness=88480
It 1085: fitness=88480
It 1090: fitness=88480
It 1095: fitness=88480
It 1100: fitness=88480
It 1105: fitness=88480
It 1110: fitness=88480
It 1115: fitness=88480
It 1120: fitness=88480
It 1125: fitness=88480
It 1130: fitness=88480
It 1135: fitness=88480
It 1140: fitness=88480
It 1145: fitness=88480
It 1150: fitness=88480
It 1155: fitness=88480
It 1160: fitness=88480
It 1165: fitness=88480
It 1170: fitness=88480
It 1175: fitness=88480
It 1180: fitness=88480
It 1185: fitness=88480
It 1190: fitness=88480
It 1195: fitness=88480
It 1200: fitness=88480
It 1205: fitness=88480
It 1210: fitness=88480
It 1215: fitness=88480
It 1220: fitness=88480
It 1225: fitness=88480
It 1230: fitness=88480
It 1235: fitness=88480
It 1240: fitness=88480
It 1245: fitness=88480
It 1250: fitness=88480
It 1255: fitness=88480
It 1260: fitness=88480
It 1265: fitness=88480
It 1270: fitness=88480
It 1275: fitness=88480
It 1280: fitness=88480
It 1285: fitness=88480
It 1290: fitness=88480
It 1295: fitness=88480
It 1300: fitness=88480
It 1305: fitness=88480
It 1310: fitness=88480
It 1315: fitness=88480
It 1320: fitness=88480
It 1325: fitness=88480
It 1330: fitness=88480
It 1335: fitness=88480
It 1340: fitness=88480
It 1345: fitness=88480
It 1350: fitness=88480
It 1355: fitness=88480
It 1360: fitness=88480
It 1365: fitness=88480
It 1370: fitness=88480
It 1375: fitness=88480
It 1380: fitness=88480
It 1385: fitness=88480
It 1390: fitness=88480
It 1395: fitness=88480
It 1400: fitness=88480
It 1405: fitness=88480
It 1410: fitness=88480
It 1415: fitness=88480
It 1420: fitness=88480
It 1425: fitness=88480
It 1430: fitness=88480
It 1435: fitness=88480
It 1440: fitness=88480
It 1445: fitness=88480
It 1450: fitness=88480
It 1455: fitness=88480
It 1460: fitness=88480
It 1465: fitness=88480
It 1470: fitness=88480
Maximal number of iterations without improvement reached
>> Resamp_Iter 2 negLL: 88481.74 (ref:  88017.06 )
>> Resamp_params: 0.6599999 0.5394788 0.4369033 0.6098621 0.4604214 0.606457 0.5917666 0.6142355 0.5524982 0.5846878 0.5459234 0.6033657 0.5536063 0.5702292 0.6424792 0.6697497 0.5585545 0.5487514 0.4027879 0.5873295 0.5397788 0.5899999 0.5361318 0.6622065 0.5797224 0.5664304 0.4900003 0.6835449 0.5292393 0.5831987 0.5573833 0.001 0.9788751 1.188969 -499.9999 -58.26341 0.3739228 
 [1]    0.5616531    0.5857182    0.5515381    0.5487872    0.5436690
 [6]    0.5326105    0.5999994    0.6127043    0.5435578    0.5752417
[11]    0.5403226    0.6599999    0.6199999    0.5482508    0.6396637
[16]    0.7099759    0.5524150    0.5933308    0.6551963    0.5901898
[21]    0.5353083    0.4977788    0.5328646    0.6337159    0.5756330
[26]    0.5774914    0.4900002    0.5706977    0.5274690    0.5792556
[31]    0.5523559    0.0010000    0.9568725    1.3000000 -499.9944096
[36]  -91.9769067    0.4173210
>> sd Resamp 3 : 17 10 28 23 14 24 9 25 30 2 30 31 27 14 15 4 22 7 28 25 3 8 25 14 16 19 17 5 4 9 14 
>> Opt param @ resamp: 66423.44 
S=22, K=3, p=0.1303, w0=0.7213, w1=0.7213, c.p=1.193, c.g=1.193
v.max=NA, d=6.083, vectorize=FALSE, hybrid=off
It 5: fitness=115700
It 10: fitness=115700
It 15: fitness=115700
It 20: fitness=106200
It 25: fitness=105800
It 30: fitness=105400
It 35: fitness=94400
It 40: fitness=90550
It 45: fitness=88560
It 50: fitness=87510
It 55: fitness=84540
It 60: fitness=82990
It 65: fitness=81510
It 70: fitness=81210
It 75: fitness=80270
It 80: fitness=79860
It 85: fitness=78980
It 90: fitness=78200
It 95: fitness=75950
It 100: fitness=74500
It 105: fitness=73690
It 110: fitness=73590
It 115: fitness=73400
It 120: fitness=73080
It 125: fitness=72640
It 130: fitness=72220
It 135: fitness=72100
It 140: fitness=71490
It 145: fitness=71270
It 150: fitness=71090
It 155: fitness=71070
It 160: fitness=70830
It 165: fitness=70810
It 170: fitness=70670
It 175: fitness=70620
It 180: fitness=70620
It 185: fitness=70490
It 190: fitness=70420
It 195: fitness=70350
It 200: fitness=70290
It 205: fitness=70240
It 210: fitness=70130
It 215: fitness=70110
It 220: fitness=69990
It 225: fitness=69920
It 230: fitness=69800
It 235: fitness=69740
It 240: fitness=69740
It 245: fitness=69700
It 250: fitness=69650
It 255: fitness=69580
It 260: fitness=69550
It 265: fitness=69490
It 270: fitness=69470
It 275: fitness=69460
It 280: fitness=69410
It 285: fitness=69410
It 290: fitness=69390
It 295: fitness=69370
It 300: fitness=69330
It 305: fitness=69330
It 310: fitness=69320
It 315: fitness=69310
It 320: fitness=69310
It 325: fitness=69300
It 330: fitness=69290
It 335: fitness=69280
It 340: fitness=69280
It 345: fitness=69280
It 350: fitness=69270
It 355: fitness=69270
It 360: fitness=69270
It 365: fitness=69260
It 370: fitness=69250
It 375: fitness=69250
It 380: fitness=69240
It 385: fitness=69240
It 390: fitness=69230
It 395: fitness=69230
It 400: fitness=69230
It 405: fitness=69220
It 410: fitness=69210
It 415: fitness=69210
It 420: fitness=69210
It 425: fitness=69200
It 430: fitness=69200
It 435: fitness=69200
It 440: fitness=69190
It 445: fitness=69190
It 450: fitness=69190
It 455: fitness=69190
It 460: fitness=69190
It 465: fitness=69190
It 470: fitness=69180
It 475: fitness=69180
It 480: fitness=69180
It 485: fitness=69170
It 490: fitness=69170
It 495: fitness=69170
It 500: fitness=69170
It 505: fitness=69170
It 510: fitness=69160
It 515: fitness=69160
It 520: fitness=69160
It 525: fitness=69160
It 530: fitness=69150
It 535: fitness=69150
It 540: fitness=69150
It 545: fitness=69140
It 550: fitness=69140
It 555: fitness=69140
It 560: fitness=69140
It 565: fitness=69140
It 570: fitness=69140
It 575: fitness=69140
It 580: fitness=69140
It 585: fitness=69140
It 590: fitness=69140
It 595: fitness=69140
It 600: fitness=69130
It 605: fitness=69130
It 610: fitness=69130
It 615: fitness=69130
It 620: fitness=69130
It 625: fitness=69130
It 630: fitness=69130
It 635: fitness=69130
It 640: fitness=69120
It 645: fitness=69120
It 650: fitness=69050
It 655: fitness=68840
It 660: fitness=68840
It 665: fitness=68840
It 670: fitness=68840
It 675: fitness=68840
It 680: fitness=68840
It 685: fitness=68830
It 690: fitness=68830
It 695: fitness=68830
It 700: fitness=68830
It 705: fitness=68830
It 710: fitness=68820
It 715: fitness=68820
It 720: fitness=68820
It 725: fitness=68820
It 730: fitness=68820
It 735: fitness=68820
It 740: fitness=68820
It 745: fitness=68820
It 750: fitness=68820
It 755: fitness=68820
It 760: fitness=68820
It 765: fitness=68820
It 770: fitness=68820
It 775: fitness=68820
It 780: fitness=68810
It 785: fitness=68810
It 790: fitness=68810
It 795: fitness=68810
It 800: fitness=68810
It 805: fitness=68810
It 810: fitness=68810
It 815: fitness=68810
It 820: fitness=68810
It 825: fitness=68810
It 830: fitness=68810
It 835: fitness=68810
It 840: fitness=68810
It 845: fitness=68810
It 850: fitness=68810
It 855: fitness=68810
It 860: fitness=68810
It 865: fitness=68810
It 870: fitness=68810
It 875: fitness=68810
It 880: fitness=68810
It 885: fitness=68810
It 890: fitness=68810
It 895: fitness=68810
It 900: fitness=68810
It 905: fitness=68810
It 910: fitness=68810
It 915: fitness=68810
It 920: fitness=68810
It 925: fitness=68810
It 930: fitness=68810
It 935: fitness=68810
It 940: fitness=68810
It 945: fitness=68810
It 950: fitness=68810
It 955: fitness=68810
It 960: fitness=68810
It 965: fitness=68810
It 970: fitness=68810
It 975: fitness=68810
It 980: fitness=68810
It 985: fitness=68810
It 990: fitness=68810
It 995: fitness=68810
It 1000: fitness=68810
It 1005: fitness=68810
It 1010: fitness=68810
It 1015: fitness=68810
It 1020: fitness=68810
It 1025: fitness=68810
It 1030: fitness=68810
It 1035: fitness=68810
It 1040: fitness=68810
It 1045: fitness=68810
It 1050: fitness=68810
It 1055: fitness=68810
It 1060: fitness=68810
It 1065: fitness=68810
It 1070: fitness=68810
It 1075: fitness=68810
It 1080: fitness=68810
It 1085: fitness=68810
It 1090: fitness=68810
It 1095: fitness=68810
It 1100: fitness=68810
It 1105: fitness=68810
It 1110: fitness=68810
It 1115: fitness=68810
It 1120: fitness=68810
It 1125: fitness=68810
It 1130: fitness=68810
It 1135: fitness=68810
It 1140: fitness=68810
It 1145: fitness=68810
It 1150: fitness=68810
It 1155: fitness=68810
It 1160: fitness=68810
It 1165: fitness=68810
It 1170: fitness=68810
It 1175: fitness=68810
It 1180: fitness=68810
It 1185: fitness=68810
It 1190: fitness=68810
It 1195: fitness=68810
It 1200: fitness=68810
It 1205: fitness=68810
It 1210: fitness=68810
It 1215: fitness=68810
It 1220: fitness=68810
It 1225: fitness=68810
It 1230: fitness=68810
It 1235: fitness=68810
It 1240: fitness=68810
It 1245: fitness=68810
It 1250: fitness=68810
It 1255: fitness=68810
It 1260: fitness=68810
It 1265: fitness=68810
It 1270: fitness=68810
It 1275: fitness=68810
It 1280: fitness=68810
It 1285: fitness=68810
It 1290: fitness=68810
It 1295: fitness=68810
It 1300: fitness=68810
It 1305: fitness=68810
It 1310: fitness=68810
It 1315: fitness=68810
It 1320: fitness=68810
It 1325: fitness=68810
It 1330: fitness=68810
It 1335: fitness=68810
It 1340: fitness=68810
It 1345: fitness=68810
It 1350: fitness=68810
It 1355: fitness=68810
It 1360: fitness=68810
It 1365: fitness=68810
It 1370: fitness=68810
It 1375: fitness=68810
It 1380: fitness=68810
It 1385: fitness=68810
It 1390: fitness=68810
It 1395: fitness=68810
It 1400: fitness=68810
It 1405: fitness=68810
It 1410: fitness=68810
It 1415: fitness=68810
It 1420: fitness=68810
It 1425: fitness=68810
It 1430: fitness=68810
It 1435: fitness=68810
It 1440: fitness=68810
It 1445: fitness=68810
It 1450: fitness=68810
It 1455: fitness=68810
It 1460: fitness=68810
It 1465: fitness=68810
It 1470: fitness=68810
It 1475: fitness=68810
It 1480: fitness=68810
It 1485: fitness=68810
It 1490: fitness=68810
It 1495: fitness=68810
It 1500: fitness=68810
It 1505: fitness=68810
It 1510: fitness=68810
It 1515: fitness=68810
It 1520: fitness=68810
It 1525: fitness=68810
It 1530: fitness=68810
It 1535: fitness=68810
It 1540: fitness=68810
It 1545: fitness=68800
It 1550: fitness=68800
It 1555: fitness=68800
It 1560: fitness=68800
It 1565: fitness=68800
It 1570: fitness=68800
It 1575: fitness=68800
It 1580: fitness=68800
It 1585: fitness=68800
It 1590: fitness=68800
It 1595: fitness=68800
It 1600: fitness=68800
It 1605: fitness=68800
It 1610: fitness=68800
It 1615: fitness=68800
It 1620: fitness=68800
It 1625: fitness=68800
It 1630: fitness=68800
It 1635: fitness=68800
It 1640: fitness=68800
It 1645: fitness=68800
It 1650: fitness=68800
It 1655: fitness=68800
It 1660: fitness=68800
It 1665: fitness=68800
It 1670: fitness=68800
It 1675: fitness=68800
It 1680: fitness=68800
It 1685: fitness=68800
It 1690: fitness=68800
It 1695: fitness=68800
It 1700: fitness=68800
It 1705: fitness=68800
It 1710: fitness=68800
It 1715: fitness=68800
It 1720: fitness=68800
It 1725: fitness=68800
It 1730: fitness=68800
It 1735: fitness=68800
It 1740: fitness=68800
It 1745: fitness=68800
It 1750: fitness=68800
It 1755: fitness=68800
It 1760: fitness=68800
It 1765: fitness=68800
It 1770: fitness=68800
It 1775: fitness=68800
It 1780: fitness=68800
It 1785: fitness=68800
It 1790: fitness=68800
It 1795: fitness=68800
It 1800: fitness=68800
It 1805: fitness=68800
It 1810: fitness=68800
It 1815: fitness=68800
It 1820: fitness=68800
It 1825: fitness=68800
It 1830: fitness=68800
It 1835: fitness=68800
It 1840: fitness=68800
It 1845: fitness=68800
It 1850: fitness=68800
It 1855: fitness=68800
It 1860: fitness=68800
It 1865: fitness=68800
It 1870: fitness=68800
It 1875: fitness=68800
It 1880: fitness=68800
It 1885: fitness=68800
It 1890: fitness=68800
It 1895: fitness=68800
It 1900: fitness=68800
It 1905: fitness=68800
It 1910: fitness=68800
It 1915: fitness=68800
It 1920: fitness=68800
It 1925: fitness=68800
It 1930: fitness=68800
It 1935: fitness=68800
It 1940: fitness=68800
It 1945: fitness=68800
It 1950: fitness=68800
It 1955: fitness=68800
It 1960: fitness=68800
It 1965: fitness=68800
It 1970: fitness=68800
It 1975: fitness=68800
It 1980: fitness=68800
It 1985: fitness=68800
It 1990: fitness=68800
It 1995: fitness=68800
It 2000: fitness=68800
It 2005: fitness=68800
It 2010: fitness=68800
It 2015: fitness=68800
It 2020: fitness=68800
It 2025: fitness=68800
It 2030: fitness=68800
It 2035: fitness=68800
It 2040: fitness=68800
It 2045: fitness=68800
It 2050: fitness=68800
It 2055: fitness=68800
It 2060: fitness=68800
It 2065: fitness=68800
It 2070: fitness=68800
It 2075: fitness=68800
It 2080: fitness=68800
It 2085: fitness=68800
It 2090: fitness=68800
It 2095: fitness=68800
It 2100: fitness=68800
It 2105: fitness=68800
It 2110: fitness=68800
It 2115: fitness=68800
It 2120: fitness=68800
It 2125: fitness=68800
It 2130: fitness=68800
It 2135: fitness=68800
It 2140: fitness=68800
It 2145: fitness=68800
Maximal number of iterations without improvement reached
>> Resamp_Iter 3 negLL: 68804.4 (ref:  66423.44 )
>> Resamp_params: 0.5431349 0.6051967 0.5620776 0.5596906 0.5540366 0.6296907 0.5874956 0.6172429 0.5521382 0.5873652 0.4702984 0.4453552 0.4709633 0.5517166 0.6280973 0.5909954 0.64 0.413224 0.6460518 0.4500017 0.4823124 0.5048797 0.5385232 0.6238523 0.58558 0.6099647 0.490001 0.5727754 0.5997168 0.6641678 0.5610573 0.001 0.9747375 0.9577391 -499.8669 -85.17536 0.4140273 
 [1]    0.5616531    0.5857182    0.5515381    0.5487872    0.5436690
 [6]    0.5326105    0.5999994    0.6127043    0.5435578    0.5752417
[11]    0.5403226    0.6599999    0.6199999    0.5482508    0.6396637
[16]    0.7099759    0.5524150    0.5933308    0.6551963    0.5901898
[21]    0.5353083    0.4977788    0.5328646    0.6337159    0.5756330
[26]    0.5774914    0.4900002    0.5706977    0.5274690    0.5792556
[31]    0.5523559    0.0010000    0.9568725    1.3000000 -499.9944096
[36]  -91.9769067    0.4173210
>> sd Resamp 4 : 17 17 17 20 25 4 2 26 4 6 27 8 1 29 20 17 23 11 27 3 30 26 30 1 16 4 4 31 15 23 2 
>> Opt param @ resamp: 84233.71 
S=22, K=3, p=0.1303, w0=0.7213, w1=0.7213, c.p=1.193, c.g=1.193
v.max=NA, d=6.083, vectorize=FALSE, hybrid=off
It 5: fitness=199200
It 10: fitness=164100
It 15: fitness=156300
It 20: fitness=138900
It 25: fitness=135500
It 30: fitness=125600
It 35: fitness=123200
It 40: fitness=121500
It 45: fitness=115800
It 50: fitness=111700
It 55: fitness=109800
It 60: fitness=103800
It 65: fitness=95160
It 70: fitness=93910
It 75: fitness=91620
It 80: fitness=91150
It 85: fitness=88500
It 90: fitness=87160
It 95: fitness=86850
It 100: fitness=86260
It 105: fitness=86190
It 110: fitness=85700
It 115: fitness=85450
It 120: fitness=84890
It 125: fitness=84560
It 130: fitness=84490
It 135: fitness=84360
It 140: fitness=83910
It 145: fitness=83780
It 150: fitness=83610
It 155: fitness=83420
It 160: fitness=83400
It 165: fitness=83330
It 170: fitness=83320
It 175: fitness=83270
It 180: fitness=83210
It 185: fitness=83150
It 190: fitness=83150
It 195: fitness=83120
It 200: fitness=83110
It 205: fitness=83090
It 210: fitness=83070
It 215: fitness=83070
It 220: fitness=83050
It 225: fitness=83050
It 230: fitness=83040
It 235: fitness=83040
It 240: fitness=83040
It 245: fitness=83030
It 250: fitness=83030
It 255: fitness=83020
It 260: fitness=83020
It 265: fitness=83020
It 270: fitness=83020
It 275: fitness=83020
It 280: fitness=83020
It 285: fitness=83010
It 290: fitness=83010
It 295: fitness=83010
It 300: fitness=83010
It 305: fitness=83000
It 310: fitness=83000
It 315: fitness=83000
It 320: fitness=83000
It 325: fitness=83000
It 330: fitness=83000
It 335: fitness=83000
It 340: fitness=83000
It 345: fitness=83000
It 350: fitness=83000
It 355: fitness=83000
It 360: fitness=83000
It 365: fitness=83000
It 370: fitness=83000
It 375: fitness=83000
It 380: fitness=83000
It 385: fitness=83000
It 390: fitness=83000
It 395: fitness=83000
It 400: fitness=83000
It 405: fitness=83000
It 410: fitness=83000
It 415: fitness=83000
It 420: fitness=83000
It 425: fitness=83000
It 430: fitness=83000
It 435: fitness=83000
It 440: fitness=83000
It 445: fitness=83000
It 450: fitness=83000
It 455: fitness=83000
It 460: fitness=83000
It 465: fitness=83000
It 470: fitness=83000
It 475: fitness=83000
It 480: fitness=83000
It 485: fitness=83000
It 490: fitness=83000
It 495: fitness=83000
It 500: fitness=83000
It 505: fitness=83000
It 510: fitness=83000
It 515: fitness=83000
It 520: fitness=83000
It 525: fitness=83000
It 530: fitness=83000
It 535: fitness=83000
It 540: fitness=83000
It 545: fitness=83000
It 550: fitness=83000
It 555: fitness=83000
It 560: fitness=83000
It 565: fitness=83000
It 570: fitness=83000
It 575: fitness=83000
It 580: fitness=83000
It 585: fitness=83000
It 590: fitness=83000
It 595: fitness=83000
It 600: fitness=83000
It 605: fitness=83000
It 610: fitness=83000
It 615: fitness=83000
It 620: fitness=83000
It 625: fitness=83000
It 630: fitness=83000
It 635: fitness=83000
It 640: fitness=83000
It 645: fitness=83000
It 650: fitness=83000
It 655: fitness=83000
It 660: fitness=83000
It 665: fitness=83000
It 670: fitness=83000
It 675: fitness=83000
It 680: fitness=83000
It 685: fitness=83000
It 690: fitness=83000
It 695: fitness=83000
It 700: fitness=83000
It 705: fitness=83000
It 710: fitness=83000
It 715: fitness=83000
It 720: fitness=83000
It 725: fitness=83000
It 730: fitness=83000
It 735: fitness=83000
It 740: fitness=83000
It 745: fitness=83000
It 750: fitness=83000
It 755: fitness=83000
It 760: fitness=83000
It 765: fitness=83000
It 770: fitness=83000
It 775: fitness=83000
It 780: fitness=83000
It 785: fitness=83000
It 790: fitness=83000
It 795: fitness=83000
It 800: fitness=83000
It 805: fitness=83000
It 810: fitness=83000
It 815: fitness=83000
It 820: fitness=83000
It 825: fitness=83000
It 830: fitness=83000
It 835: fitness=83000
It 840: fitness=83000
It 845: fitness=83000
It 850: fitness=83000
It 855: fitness=83000
It 860: fitness=83000
It 865: fitness=83000
It 870: fitness=83000
It 875: fitness=83000
Maximal number of iterations without improvement reached
>> Resamp_Iter 4 negLL: 82998.04 (ref:  84233.71 )
>> Resamp_params: 0.5554787 0.57826 0.5467664 0.543817 0.600216 0.53 0.4811224 0.6068684 0.6266063 0.6105328 0.5341755 0.4410099 0.5821729 0.485141 0.6450022 0.5762472 0.5464931 0.6398051 0.4025676 0.5907617 0.5283989 0.5025732 0.52654 0.6333035 0.5693983 0.5736843 0.4900013 0.6422615 0.5260233 0.5737813 0.5500017 0.001 0.9460646 1.299998 -375.6718 -87.74549 0.4160778 
 [1]    0.5616531    0.5857182    0.5515381    0.5487872    0.5436690
 [6]    0.5326105    0.5999994    0.6127043    0.5435578    0.5752417
[11]    0.5403226    0.6599999    0.6199999    0.5482508    0.6396637
[16]    0.7099759    0.5524150    0.5933308    0.6551963    0.5901898
[21]    0.5353083    0.4977788    0.5328646    0.6337159    0.5756330
[26]    0.5774914    0.4900002    0.5706977    0.5274690    0.5792556
[31]    0.5523559    0.0010000    0.9568725    1.3000000 -499.9944096
[36]  -91.9769067    0.4173210
>> sd Resamp 5 : 8 6 19 25 7 21 13 24 19 15 23 22 22 4 18 9 26 4 21 19 2 20 20 23 6 13 5 17 13 9 5 
>> Opt param @ resamp: 101499.6 
S=22, K=3, p=0.1303, w0=0.7213, w1=0.7213, c.p=1.193, c.g=1.193
v.max=NA, d=6.083, vectorize=FALSE, hybrid=off
It 5: fitness=227700
It 10: fitness=193300
It 15: fitness=189100
It 20: fitness=183700
It 25: fitness=180100
It 30: fitness=170100
It 35: fitness=168900
It 40: fitness=165100
It 45: fitness=157300
It 50: fitness=156200
It 55: fitness=154300
It 60: fitness=151700
It 65: fitness=149100
It 70: fitness=147300
It 75: fitness=139600
It 80: fitness=139300
It 85: fitness=137400
It 90: fitness=135900
It 95: fitness=135700
It 100: fitness=135400
It 105: fitness=135100
It 110: fitness=134600
It 115: fitness=133700
It 120: fitness=133400
It 125: fitness=132800
It 130: fitness=132300
It 135: fitness=131000
It 140: fitness=130800
It 145: fitness=130300
It 150: fitness=129200
It 155: fitness=128800
It 160: fitness=128100
It 165: fitness=127500
It 170: fitness=127300
It 175: fitness=126500
It 180: fitness=125800
It 185: fitness=125200
It 190: fitness=124700
It 195: fitness=124300
It 200: fitness=123800
It 205: fitness=123300
It 210: fitness=123100
It 215: fitness=122700
It 220: fitness=122000
It 225: fitness=121500
It 230: fitness=121300
It 235: fitness=121200
It 240: fitness=121100
It 245: fitness=121000
It 250: fitness=121000
It 255: fitness=120800
It 260: fitness=120700
It 265: fitness=120700
It 270: fitness=120600
It 275: fitness=120600
It 280: fitness=120500
It 285: fitness=120400
It 290: fitness=120400
It 295: fitness=120300
It 300: fitness=120100
It 305: fitness=119900
It 310: fitness=119500
It 315: fitness=119500
It 320: fitness=119400
It 325: fitness=119400
It 330: fitness=119400
It 335: fitness=119400
It 340: fitness=119400
It 345: fitness=119400
It 350: fitness=119400
It 355: fitness=119400
It 360: fitness=119400
It 365: fitness=119400
It 370: fitness=119400
It 375: fitness=119300
It 380: fitness=119300
It 385: fitness=119300
It 390: fitness=119300
It 395: fitness=119300
It 400: fitness=119300
It 405: fitness=119300
It 410: fitness=119300
It 415: fitness=119300
It 420: fitness=119300
It 425: fitness=119300
It 430: fitness=119300
It 435: fitness=119300
It 440: fitness=119300
It 445: fitness=119300
It 450: fitness=119300
It 455: fitness=119300
It 460: fitness=119300
It 465: fitness=119300
It 470: fitness=119300
It 475: fitness=119300
It 480: fitness=119300
It 485: fitness=119300
It 490: fitness=119300
It 495: fitness=119300
It 500: fitness=119300
It 505: fitness=119300
It 510: fitness=119300
It 515: fitness=119300
It 520: fitness=119300
It 525: fitness=119300
It 530: fitness=119300
It 535: fitness=119300
It 540: fitness=119300
It 545: fitness=119300
It 550: fitness=119300
It 555: fitness=119300
It 560: fitness=119300
It 565: fitness=119300
It 570: fitness=119300
It 575: fitness=119300
It 580: fitness=119300
It 585: fitness=119300
It 590: fitness=119300
It 595: fitness=119300
It 600: fitness=119300
It 605: fitness=119300
It 610: fitness=119300
It 615: fitness=119300
It 620: fitness=119300
It 625: fitness=119300
It 630: fitness=119300
It 635: fitness=119300
It 640: fitness=119300
It 645: fitness=119300
It 650: fitness=119300
It 655: fitness=119300
It 660: fitness=119300
It 665: fitness=119300
It 670: fitness=119300
It 675: fitness=119300
It 680: fitness=119300
It 685: fitness=119300
It 690: fitness=119300
It 695: fitness=119300
It 700: fitness=119300
It 705: fitness=119300
It 710: fitness=119300
It 715: fitness=119300
It 720: fitness=119300
It 725: fitness=119300
It 730: fitness=119300
It 735: fitness=119300
It 740: fitness=119300
It 745: fitness=119300
It 750: fitness=119300
It 755: fitness=119300
It 760: fitness=119300
It 765: fitness=119300
It 770: fitness=119300
It 775: fitness=119300
It 780: fitness=119300
It 785: fitness=119300
It 790: fitness=119300
It 795: fitness=119300
It 800: fitness=119300
It 805: fitness=119300
It 810: fitness=119300
It 815: fitness=119300
It 820: fitness=119300
It 825: fitness=119300
It 830: fitness=119300
It 835: fitness=119300
It 840: fitness=119300
It 845: fitness=119300
It 850: fitness=119300
It 855: fitness=119300
It 860: fitness=119300
It 865: fitness=119300
It 870: fitness=119300
It 875: fitness=119300
It 880: fitness=119300
It 885: fitness=119300
It 890: fitness=119300
It 895: fitness=119300
It 900: fitness=119300
It 905: fitness=119300
It 910: fitness=119300
It 915: fitness=119300
It 920: fitness=119300
It 925: fitness=119300
It 930: fitness=119300
It 935: fitness=119300
It 940: fitness=119300
It 945: fitness=119300
It 950: fitness=119300
It 955: fitness=119300
It 960: fitness=119300
It 965: fitness=119300
It 970: fitness=119300
It 975: fitness=119300
It 980: fitness=119300
It 985: fitness=119300
It 990: fitness=119300
It 995: fitness=119300
It 1000: fitness=119300
It 1005: fitness=119300
It 1010: fitness=119300
It 1015: fitness=119300
It 1020: fitness=119300
It 1025: fitness=119300
It 1030: fitness=119300
It 1035: fitness=119300
It 1040: fitness=119300
It 1045: fitness=119300
It 1050: fitness=119300
It 1055: fitness=119300
It 1060: fitness=119300
It 1065: fitness=119300
It 1070: fitness=119300
It 1075: fitness=119300
It 1080: fitness=119300
It 1085: fitness=119300
It 1090: fitness=119300
It 1095: fitness=119300
It 1100: fitness=119300
It 1105: fitness=119300
It 1110: fitness=119300
It 1115: fitness=119300
It 1120: fitness=119300
It 1125: fitness=119300
It 1130: fitness=119300
It 1135: fitness=119300
It 1140: fitness=119300
It 1145: fitness=119300
It 1150: fitness=119300
It 1155: fitness=119300
It 1160: fitness=119300
It 1165: fitness=119300
It 1170: fitness=119300
It 1175: fitness=119300
It 1180: fitness=119300
It 1185: fitness=119300
It 1190: fitness=119300
It 1195: fitness=119300
It 1200: fitness=119300
It 1205: fitness=119300
It 1210: fitness=119300
It 1215: fitness=119300
It 1220: fitness=119300
It 1225: fitness=119300
It 1230: fitness=119300
It 1235: fitness=119300
It 1240: fitness=119300
It 1245: fitness=119300
It 1250: fitness=119300
It 1255: fitness=119300
It 1260: fitness=119300
It 1265: fitness=119300
It 1270: fitness=119300
It 1275: fitness=119300
It 1280: fitness=119300
It 1285: fitness=119300
It 1290: fitness=119300
It 1295: fitness=119300
It 1300: fitness=119300
It 1305: fitness=119300
It 1310: fitness=119300
It 1315: fitness=119300
It 1320: fitness=119300
It 1325: fitness=119300
It 1330: fitness=119300
It 1335: fitness=119300
It 1340: fitness=119300
It 1345: fitness=119300
It 1350: fitness=119300
It 1355: fitness=119300
It 1360: fitness=119300
It 1365: fitness=119300
It 1370: fitness=119300
It 1375: fitness=119300
It 1380: fitness=119300
It 1385: fitness=119300
It 1390: fitness=119300
It 1395: fitness=119300
It 1400: fitness=119300
It 1405: fitness=119300
It 1410: fitness=119300
It 1415: fitness=119300
It 1420: fitness=119300
It 1425: fitness=119300
It 1430: fitness=119300
It 1435: fitness=119300
It 1440: fitness=119300
It 1445: fitness=119300
It 1450: fitness=119300
It 1455: fitness=119300
It 1460: fitness=119300
It 1465: fitness=119300
It 1470: fitness=119300
It 1475: fitness=119300
It 1480: fitness=119300
It 1485: fitness=119300
It 1490: fitness=119300
It 1495: fitness=119300
It 1500: fitness=119300
It 1505: fitness=119300
It 1510: fitness=119300
It 1515: fitness=119300
It 1520: fitness=119300
It 1525: fitness=119300
It 1530: fitness=119300
It 1535: fitness=119300
It 1540: fitness=119300
It 1545: fitness=119300
It 1550: fitness=119300
It 1555: fitness=119300
It 1560: fitness=119300
It 1565: fitness=119300
Maximal number of iterations without improvement reached
>> Resamp_Iter 5 negLL: 119327.7 (ref:  101499.6 )
>> Resamp_params: 0.66 0.6039893 0.4422368 0.5510766 0.5485646 0.63 0.5307734 0.6204287 0.5501901 0.4544583 0.6295927 0.5287705 0.5520749 0.4847981 0.6316678 0.7064193 0.64 0.6123019 0.576809 0.58796 0.5419339 0.5033999 0.5399222 0.6172795 0.5895841 0.5777789 0.6222814 0.587011 0.5906568 0.4352722 0.5577158 0.001 0.9199607 1.299997 -499.9783 -53.5793 0.3846232 
 [1]    0.5616531    0.5857182    0.5515381    0.5487872    0.5436690
 [6]    0.5326105    0.5999994    0.6127043    0.5435578    0.5752417
[11]    0.5403226    0.6599999    0.6199999    0.5482508    0.6396637
[16]    0.7099759    0.5524150    0.5933308    0.6551963    0.5901898
[21]    0.5353083    0.4977788    0.5328646    0.6337159    0.5756330
[26]    0.5774914    0.4900002    0.5706977    0.5274690    0.5792556
[31]    0.5523559    0.0010000    0.9568725    1.3000000 -499.9944096
[36]  -91.9769067    0.4173210
>> sd Resamp 6 : 21 4 30 18 24 14 28 27 28 16 2 11 26 30 11 8 2 18 19 11 14 28 13 10 23 8 2 22 6 6 18 
>> Opt param @ resamp: 55926.53 
S=22, K=3, p=0.1303, w0=0.7213, w1=0.7213, c.p=1.193, c.g=1.193
v.max=NA, d=6.083, vectorize=FALSE, hybrid=off
It 5: fitness=111400
It 10: fitness=111400
It 15: fitness=106300
It 20: fitness=102500
It 25: fitness=98350
It 30: fitness=95020
It 35: fitness=92370
It 40: fitness=79280
It 45: fitness=76830
It 50: fitness=74490
It 55: fitness=69080
It 60: fitness=68450
It 65: fitness=68320
It 70: fitness=67190
It 75: fitness=66730
It 80: fitness=65760
It 85: fitness=65620
It 90: fitness=65540
It 95: fitness=65270
It 100: fitness=64800
It 105: fitness=64670
It 110: fitness=64240
It 115: fitness=64020
It 120: fitness=63920
It 125: fitness=63390
It 130: fitness=63240
It 135: fitness=63200
It 140: fitness=62740
It 145: fitness=62250
It 150: fitness=62140
It 155: fitness=61930
It 160: fitness=61740
It 165: fitness=61220
It 170: fitness=61100
It 175: fitness=61010
It 180: fitness=60680
It 185: fitness=60470
It 190: fitness=60450
It 195: fitness=60300
It 200: fitness=60300
It 205: fitness=60050
It 210: fitness=60050
It 215: fitness=59940
It 220: fitness=59890
It 225: fitness=59800
It 230: fitness=59780
It 235: fitness=59750
It 240: fitness=59640
It 245: fitness=59630
It 250: fitness=59620
It 255: fitness=59590
It 260: fitness=59560
It 265: fitness=59550
It 270: fitness=59530
It 275: fitness=59530
It 280: fitness=59520
It 285: fitness=59500
It 290: fitness=59490
It 295: fitness=59480
It 300: fitness=59480
It 305: fitness=59470
It 310: fitness=59470
It 315: fitness=59460
It 320: fitness=59450
It 325: fitness=59440
It 330: fitness=59440
It 335: fitness=59440
It 340: fitness=59430
It 345: fitness=59430
It 350: fitness=59430
It 355: fitness=59430
It 360: fitness=59430
It 365: fitness=59420
It 370: fitness=59420
It 375: fitness=59410
It 380: fitness=59410
It 385: fitness=59410
It 390: fitness=59410
It 395: fitness=59410
It 400: fitness=59410
It 405: fitness=59400
It 410: fitness=59400
It 415: fitness=59400
It 420: fitness=59400
It 425: fitness=59400
It 430: fitness=59400
It 435: fitness=59400
It 440: fitness=59400
It 445: fitness=59400
It 450: fitness=59400
It 455: fitness=59400
It 460: fitness=59400
It 465: fitness=59400
It 470: fitness=59400
It 475: fitness=59400
It 480: fitness=59400
It 485: fitness=59400
It 490: fitness=59400
It 495: fitness=59400
It 500: fitness=59400
It 505: fitness=59400
It 510: fitness=59400
It 515: fitness=59400
It 520: fitness=59400
It 525: fitness=59400
It 530: fitness=59400
It 535: fitness=59400
It 540: fitness=59400
It 545: fitness=59400
It 550: fitness=59400
It 555: fitness=59400
It 560: fitness=59400
It 565: fitness=59400
It 570: fitness=59400
It 575: fitness=59400
It 580: fitness=59400
It 585: fitness=59400
It 590: fitness=59400
It 595: fitness=59400
It 600: fitness=59400
It 605: fitness=59400
It 610: fitness=59400
It 615: fitness=59400
It 620: fitness=59400
It 625: fitness=59400
It 630: fitness=59400
It 635: fitness=59400
It 640: fitness=59400
It 645: fitness=59400
It 650: fitness=59400
It 655: fitness=59400
It 660: fitness=59400
It 665: fitness=59400
It 670: fitness=59400
It 675: fitness=59400
It 680: fitness=59400
It 685: fitness=59400
It 690: fitness=59400
It 695: fitness=59400
It 700: fitness=59400
It 705: fitness=59400
It 710: fitness=59400
It 715: fitness=59400
It 720: fitness=59400
It 725: fitness=59400
It 730: fitness=59400
It 735: fitness=59400
It 740: fitness=59400
It 745: fitness=59400
It 750: fitness=59400
It 755: fitness=59400
It 760: fitness=59400
It 765: fitness=59400
It 770: fitness=59400
It 775: fitness=59400
It 780: fitness=59400
It 785: fitness=59400
It 790: fitness=59400
It 795: fitness=59400
It 800: fitness=59400
It 805: fitness=59400
It 810: fitness=59400
It 815: fitness=59400
It 820: fitness=59400
It 825: fitness=59400
It 830: fitness=59400
It 835: fitness=59400
It 840: fitness=59400
It 845: fitness=59400
It 850: fitness=59400
It 855: fitness=59400
It 860: fitness=59400
It 865: fitness=59400
It 870: fitness=59400
It 875: fitness=59400
It 880: fitness=59400
It 885: fitness=59400
It 890: fitness=59400
It 895: fitness=59400
It 900: fitness=59400
It 905: fitness=59400
It 910: fitness=59400
It 915: fitness=59400
It 920: fitness=59400
It 925: fitness=59400
It 930: fitness=59400
It 935: fitness=59400
It 940: fitness=59400
It 945: fitness=59400
It 950: fitness=59400
It 955: fitness=59400
It 960: fitness=59400
It 965: fitness=59400
It 970: fitness=59400
It 975: fitness=59400
It 980: fitness=59400
It 985: fitness=59400
It 990: fitness=59400
It 995: fitness=59400
It 1000: fitness=59400
It 1005: fitness=59400
It 1010: fitness=59400
It 1015: fitness=59400
It 1020: fitness=59400
It 1025: fitness=59400
It 1030: fitness=59400
It 1035: fitness=59400
It 1040: fitness=59400
It 1045: fitness=59400
It 1050: fitness=59400
It 1055: fitness=59400
It 1060: fitness=59400
It 1065: fitness=59400
It 1070: fitness=59400
It 1075: fitness=59400
It 1080: fitness=59400
It 1085: fitness=59400
It 1090: fitness=59400
It 1095: fitness=59400
It 1100: fitness=59400
It 1105: fitness=59400
It 1110: fitness=59400
It 1115: fitness=59400
It 1120: fitness=59400
It 1125: fitness=59400
It 1130: fitness=59400
It 1135: fitness=59400
It 1140: fitness=59400
It 1145: fitness=59400
It 1150: fitness=59400
It 1155: fitness=59400
It 1160: fitness=59400
It 1165: fitness=59400
It 1170: fitness=59400
It 1175: fitness=59400
It 1180: fitness=59400
It 1185: fitness=59400
It 1190: fitness=59400
It 1195: fitness=59400
It 1200: fitness=59400
It 1205: fitness=59400
It 1210: fitness=59400
It 1215: fitness=59400
It 1220: fitness=59400
It 1225: fitness=59400
It 1230: fitness=59400
It 1235: fitness=59400
It 1240: fitness=59400
It 1245: fitness=59400
It 1250: fitness=59400
It 1255: fitness=59400
It 1260: fitness=59400
It 1265: fitness=59400
It 1270: fitness=59400
It 1275: fitness=59400
It 1280: fitness=59400
It 1285: fitness=59400
It 1290: fitness=59400
It 1295: fitness=59400
It 1300: fitness=59400
It 1305: fitness=59400
It 1310: fitness=59400
It 1315: fitness=59400
It 1320: fitness=59400
It 1325: fitness=59400
It 1330: fitness=59400
It 1335: fitness=59400
It 1340: fitness=59400
It 1345: fitness=59400
It 1350: fitness=59400
It 1355: fitness=59400
It 1360: fitness=59400
It 1365: fitness=59400
It 1370: fitness=59400
It 1375: fitness=59400
It 1380: fitness=59400
It 1385: fitness=59400
It 1390: fitness=59400
It 1395: fitness=59400
It 1400: fitness=59400
It 1405: fitness=59400
It 1410: fitness=59400
It 1415: fitness=59400
It 1420: fitness=59400
It 1425: fitness=59400
It 1430: fitness=59400
It 1435: fitness=59400
It 1440: fitness=59400
It 1445: fitness=59400
It 1450: fitness=59400
It 1455: fitness=59400
It 1460: fitness=59400
It 1465: fitness=59400
It 1470: fitness=59400
It 1475: fitness=59400
It 1480: fitness=59400
It 1485: fitness=59400
It 1490: fitness=59400
It 1495: fitness=59400
It 1500: fitness=59400
It 1505: fitness=59400
It 1510: fitness=59400
It 1515: fitness=59400
It 1520: fitness=59400
It 1525: fitness=59400
It 1530: fitness=59400
It 1535: fitness=59400
It 1540: fitness=59400
It 1545: fitness=59400
It 1550: fitness=59400
It 1555: fitness=59400
It 1560: fitness=59400
It 1565: fitness=59400
It 1570: fitness=59400
It 1575: fitness=59400
It 1580: fitness=59400
It 1585: fitness=59400
It 1590: fitness=59400
It 1595: fitness=59400
It 1600: fitness=59400
It 1605: fitness=59400
It 1610: fitness=59400
It 1615: fitness=59400
It 1620: fitness=59400
It 1625: fitness=59400
It 1630: fitness=59400
It 1635: fitness=59400
It 1640: fitness=59400
It 1645: fitness=59400
It 1650: fitness=59400
It 1655: fitness=59400
It 1660: fitness=59400
Maximal number of iterations without improvement reached
>> Resamp_Iter 6 negLL: 59397.09 (ref:  55926.53 )
>> Resamp_params: 0.6177765 0.6016019 0.4302049 0.5609757 0.6046155 0.63 0.4875623 0.6165118 0.6064352 0.5904495 0.5508676 0.5640993 0.5625187 0.5496916 0.4012366 0.5883187 0.532927 0.6030317 0.6540489 0.450022 0.5439129 0.5899998 0.539097 0.6412536 0.4616487 0.5850135 0.4900004 0.5716724 0.4553296 0.5896098 0.6129965 0.001 0.9897507 0.8892351 -499.9957 -71.46046 0.3978228 
 [1]    0.5616531    0.5857182    0.5515381    0.5487872    0.5436690
 [6]    0.5326105    0.5999994    0.6127043    0.5435578    0.5752417
[11]    0.5403226    0.6599999    0.6199999    0.5482508    0.6396637
[16]    0.7099759    0.5524150    0.5933308    0.6551963    0.5901898
[21]    0.5353083    0.4977788    0.5328646    0.6337159    0.5756330
[26]    0.5774914    0.4900002    0.5706977    0.5274690    0.5792556
[31]    0.5523559    0.0010000    0.9568725    1.3000000 -499.9944096
[36]  -91.9769067    0.4173210
>> sd Resamp 7 : 22 13 29 2 14 27 2 6 2 21 9 11 14 14 26 28 23 2 9 27 14 2 20 6 22 25 15 2 14 9 2 
>> Opt param @ resamp: 73580.72 
S=22, K=3, p=0.1303, w0=0.7213, w1=0.7213, c.p=1.193, c.g=1.193
v.max=NA, d=6.083, vectorize=FALSE, hybrid=off
It 5: fitness=161700
It 10: fitness=161700
It 15: fitness=161700
It 20: fitness=159000
It 25: fitness=158700
It 30: fitness=153100
It 35: fitness=149900
It 40: fitness=128200
It 45: fitness=123600
It 50: fitness=115000
It 55: fitness=114200
It 60: fitness=112700
It 65: fitness=109200
It 70: fitness=108500
It 75: fitness=106800
It 80: fitness=106800
It 85: fitness=106000
It 90: fitness=106000
It 95: fitness=105600
It 100: fitness=104500
It 105: fitness=103800
It 110: fitness=103100
It 115: fitness=102500
It 120: fitness=101600
It 125: fitness=100500
It 130: fitness=100100
It 135: fitness=99770
It 140: fitness=99610
It 145: fitness=99250
It 150: fitness=97660
It 155: fitness=95990
It 160: fitness=94370
It 165: fitness=94100
It 170: fitness=92310
It 175: fitness=91370
It 180: fitness=90530
It 185: fitness=89370
It 190: fitness=88840
It 195: fitness=88840
It 200: fitness=88520
It 205: fitness=88260
It 210: fitness=87640
It 215: fitness=85930
It 220: fitness=84910
It 225: fitness=83750
It 230: fitness=83160
It 235: fitness=82700
It 240: fitness=82580
It 245: fitness=82400
It 250: fitness=82090
It 255: fitness=82050
It 260: fitness=81980
It 265: fitness=81420
It 270: fitness=81350
It 275: fitness=81240
It 280: fitness=81170
It 285: fitness=81100
It 290: fitness=81060
It 295: fitness=80950
It 300: fitness=80750
It 305: fitness=80610
It 310: fitness=80570
It 315: fitness=80460
It 320: fitness=80280
It 325: fitness=80220
It 330: fitness=80140
It 335: fitness=80080
It 340: fitness=80070
It 345: fitness=80050
It 350: fitness=80020
It 355: fitness=80000
It 360: fitness=79970
It 365: fitness=79950
It 370: fitness=79940
It 375: fitness=79940
It 380: fitness=79930
It 385: fitness=79930
It 390: fitness=79920
It 395: fitness=79920
It 400: fitness=79920
It 405: fitness=79910
It 410: fitness=79910
It 415: fitness=79910
It 420: fitness=79910
It 425: fitness=79910
It 430: fitness=79910
It 435: fitness=79910
It 440: fitness=79910
It 445: fitness=79910
It 450: fitness=79910
It 455: fitness=79910
It 460: fitness=79910
It 465: fitness=79910
It 470: fitness=79900
It 475: fitness=79900
It 480: fitness=79900
It 485: fitness=79900
It 490: fitness=79900
It 495: fitness=79900
It 500: fitness=79900
It 505: fitness=79900
It 510: fitness=79900
It 515: fitness=79900
It 520: fitness=79900
It 525: fitness=79900
It 530: fitness=79900
It 535: fitness=79900
It 540: fitness=79900
It 545: fitness=79900
It 550: fitness=79900
It 555: fitness=79900
It 560: fitness=79900
It 565: fitness=79900
It 570: fitness=79900
It 575: fitness=79900
It 580: fitness=79900
It 585: fitness=79900
It 590: fitness=79900
It 595: fitness=79900
It 600: fitness=79900
It 605: fitness=79900
It 610: fitness=79900
It 615: fitness=79900
It 620: fitness=79900
It 625: fitness=79900
It 630: fitness=79900
It 635: fitness=79900
It 640: fitness=79900
It 645: fitness=79900
It 650: fitness=79900
It 655: fitness=79900
It 660: fitness=79900
It 665: fitness=79900
It 670: fitness=79900
It 675: fitness=79900
It 680: fitness=79900
It 685: fitness=79900
It 690: fitness=79900
It 695: fitness=79900
It 700: fitness=79900
It 705: fitness=79900
It 710: fitness=79900
It 715: fitness=79900
It 720: fitness=79900
It 725: fitness=79900
It 730: fitness=79900
It 735: fitness=79900
It 740: fitness=79900
It 745: fitness=79900
It 750: fitness=79900
It 755: fitness=79900
It 760: fitness=79900
It 765: fitness=79900
It 770: fitness=79900
It 775: fitness=79900
It 780: fitness=79900
It 785: fitness=79900
It 790: fitness=79900
It 795: fitness=79900
It 800: fitness=79900
It 805: fitness=79900
It 810: fitness=79900
It 815: fitness=79900
It 820: fitness=79900
It 825: fitness=79900
It 830: fitness=79900
It 835: fitness=79900
It 840: fitness=79900
It 845: fitness=79900
It 850: fitness=79900
It 855: fitness=79900
It 860: fitness=79900
It 865: fitness=79900
It 870: fitness=79900
It 875: fitness=79900
It 880: fitness=79900
It 885: fitness=79900
It 890: fitness=79900
It 895: fitness=79900
It 900: fitness=79900
It 905: fitness=79900
It 910: fitness=79900
It 915: fitness=79900
It 920: fitness=79900
It 925: fitness=79900
It 930: fitness=79900
It 935: fitness=79900
It 940: fitness=79900
It 945: fitness=79900
It 950: fitness=79900
It 955: fitness=79900
It 960: fitness=79900
It 965: fitness=79900
It 970: fitness=79900
It 975: fitness=79900
It 980: fitness=79900
It 985: fitness=79900
It 990: fitness=79900
It 995: fitness=79900
It 1000: fitness=79900
It 1005: fitness=79900
It 1010: fitness=79900
It 1015: fitness=79900
It 1020: fitness=79900
It 1025: fitness=79900
It 1030: fitness=79900
It 1035: fitness=79900
It 1040: fitness=79900
It 1045: fitness=79900
It 1050: fitness=79900
It 1055: fitness=79900
It 1060: fitness=79900
It 1065: fitness=79900
It 1070: fitness=79900
It 1075: fitness=79900
It 1080: fitness=79900
It 1085: fitness=79900
It 1090: fitness=79900
It 1095: fitness=79900
It 1100: fitness=79900
It 1105: fitness=79900
It 1110: fitness=79900
It 1115: fitness=79900
It 1120: fitness=79900
It 1125: fitness=79900
It 1130: fitness=79900
It 1135: fitness=79900
It 1140: fitness=79900
It 1145: fitness=79900
It 1150: fitness=79900
It 1155: fitness=79900
It 1160: fitness=79900
It 1165: fitness=79900
It 1170: fitness=79900
It 1175: fitness=79900
It 1180: fitness=79900
It 1185: fitness=79900
It 1190: fitness=79900
It 1195: fitness=79900
It 1200: fitness=79900
It 1205: fitness=79900
It 1210: fitness=79900
It 1215: fitness=79900
It 1220: fitness=79900
It 1225: fitness=79900
It 1230: fitness=79900
It 1235: fitness=79900
It 1240: fitness=79900
It 1245: fitness=79900
It 1250: fitness=79900
It 1255: fitness=79900
It 1260: fitness=79900
It 1265: fitness=79900
It 1270: fitness=79900
It 1275: fitness=79900
It 1280: fitness=79900
It 1285: fitness=79900
It 1290: fitness=79900
It 1295: fitness=79900
It 1300: fitness=79900
It 1305: fitness=79900
It 1310: fitness=79900
It 1315: fitness=79900
It 1320: fitness=79900
It 1325: fitness=79900
It 1330: fitness=79900
It 1335: fitness=79900
It 1340: fitness=79900
It 1345: fitness=79900
It 1350: fitness=79900
It 1355: fitness=79900
It 1360: fitness=79900
It 1365: fitness=79900
It 1370: fitness=79900
It 1375: fitness=79900
It 1380: fitness=79900
It 1385: fitness=79900
It 1390: fitness=79900
It 1395: fitness=79900
It 1400: fitness=79900
It 1405: fitness=79900
It 1410: fitness=79900
It 1415: fitness=79900
It 1420: fitness=79900
It 1425: fitness=79900
It 1430: fitness=79900
It 1435: fitness=79900
It 1440: fitness=79900
It 1445: fitness=79900
It 1450: fitness=79900
It 1455: fitness=79900
It 1460: fitness=79900
It 1465: fitness=79900
It 1470: fitness=79900
It 1475: fitness=79900
It 1480: fitness=79900
It 1485: fitness=79900
It 1490: fitness=79900
It 1495: fitness=79900
It 1500: fitness=79900
It 1505: fitness=79900
It 1510: fitness=79900
It 1515: fitness=79900
It 1520: fitness=79900
It 1525: fitness=79900
It 1530: fitness=79900
It 1535: fitness=79900
It 1540: fitness=79900
It 1545: fitness=79900
It 1550: fitness=79900
It 1555: fitness=79900
It 1560: fitness=79900
It 1565: fitness=79900
It 1570: fitness=79900
It 1575: fitness=79900
It 1580: fitness=79900
It 1585: fitness=79900
It 1590: fitness=79900
It 1595: fitness=79900
It 1600: fitness=79900
It 1605: fitness=79900
It 1610: fitness=79900
It 1615: fitness=79900
It 1620: fitness=79900
It 1625: fitness=79900
It 1630: fitness=79900
It 1635: fitness=79900
It 1640: fitness=79900
It 1645: fitness=79900
It 1650: fitness=79900
It 1655: fitness=79900
It 1660: fitness=79900
It 1665: fitness=79900
It 1670: fitness=79900
It 1675: fitness=79900
It 1680: fitness=79900
It 1685: fitness=79900
It 1690: fitness=79900
It 1695: fitness=79900
It 1700: fitness=79900
It 1705: fitness=79900
It 1710: fitness=79900
It 1715: fitness=79900
It 1720: fitness=79900
It 1725: fitness=79900
It 1730: fitness=79900
It 1735: fitness=79900
It 1740: fitness=79900
It 1745: fitness=79900
It 1750: fitness=79900
It 1755: fitness=79900
It 1760: fitness=79900
It 1765: fitness=79900
It 1770: fitness=79900
It 1775: fitness=79900
It 1780: fitness=79900
It 1785: fitness=79900
It 1790: fitness=79900
It 1795: fitness=79900
It 1800: fitness=79900
It 1805: fitness=79900
It 1810: fitness=79900
It 1815: fitness=79900
It 1820: fitness=79900
It 1825: fitness=79900
It 1830: fitness=79900
It 1835: fitness=79900
It 1840: fitness=79900
It 1845: fitness=79900
It 1850: fitness=79900
It 1855: fitness=79900
It 1860: fitness=79900
It 1865: fitness=79900
It 1870: fitness=79900
It 1875: fitness=79900
It 1880: fitness=79900
It 1885: fitness=79900
It 1890: fitness=79900
It 1895: fitness=79900
It 1900: fitness=79900
It 1905: fitness=79900
It 1910: fitness=79900
It 1915: fitness=79900
It 1920: fitness=79900
It 1925: fitness=79900
It 1930: fitness=79900
It 1935: fitness=79900
It 1940: fitness=79900
It 1945: fitness=79900
It 1950: fitness=79900
It 1955: fitness=79900
It 1960: fitness=79900
It 1965: fitness=79900
It 1970: fitness=79900
It 1975: fitness=79900
It 1980: fitness=79900
It 1985: fitness=79900
It 1990: fitness=79900
It 1995: fitness=79900
It 2000: fitness=79900
It 2005: fitness=79900
Maximal number of iterations without improvement reached
>> Resamp_Iter 7 negLL: 79900.82 (ref:  73580.72 )
>> Resamp_params: 0.66 0.5980922 0.4495967 0.61 0.5313733 0.6299998 0.5225937 0.6148642 0.5496917 0.5809287 0.5479389 0.4961031 0.5512176 0.5559651 0.636004 0.4515509 0.5827931 0.5855187 0.4198207 0.5875143 0.5407392 0.5027853 0.5382569 0.6573146 0.5857226 0.5785194 0.4900299 0.575696 0.5287375 0.445585 0.594373 0.001 0.9344617 1.3 -499.9994 -55.99541 0.3835491 
 [1]    0.5616531    0.5857182    0.5515381    0.5487872    0.5436690
 [6]    0.5326105    0.5999994    0.6127043    0.5435578    0.5752417
[11]    0.5403226    0.6599999    0.6199999    0.5482508    0.6396637
[16]    0.7099759    0.5524150    0.5933308    0.6551963    0.5901898
[21]    0.5353083    0.4977788    0.5328646    0.6337159    0.5756330
[26]    0.5774914    0.4900002    0.5706977    0.5274690    0.5792556
[31]    0.5523559    0.0010000    0.9568725    1.3000000 -499.9944096
[36]  -91.9769067    0.4173210
>> sd Resamp 8 : 5 1 11 19 9 8 31 10 21 2 1 21 16 20 4 16 28 6 24 21 15 17 21 6 3 31 20 2 13 25 10 
>> Opt param @ resamp: 99482.77 
S=22, K=3, p=0.1303, w0=0.7213, w1=0.7213, c.p=1.193, c.g=1.193
v.max=NA, d=6.083, vectorize=FALSE, hybrid=off
It 5: fitness=232400
It 10: fitness=167300
It 15: fitness=166800
It 20: fitness=159200
It 25: fitness=153100
It 30: fitness=148100
It 35: fitness=140800
It 40: fitness=138500
It 45: fitness=138500
It 50: fitness=133600
It 55: fitness=133400
It 60: fitness=131400
It 65: fitness=130200
It 70: fitness=127800
It 75: fitness=126200
It 80: fitness=124200
It 85: fitness=122900
It 90: fitness=122300
It 95: fitness=121600
It 100: fitness=121000
It 105: fitness=121000
It 110: fitness=120600
It 115: fitness=120500
It 120: fitness=118700
It 125: fitness=118400
It 130: fitness=117300
It 135: fitness=117200
It 140: fitness=117000
It 145: fitness=116600
It 150: fitness=116600
It 155: fitness=116200
It 160: fitness=116200
It 165: fitness=116000
It 170: fitness=116000
It 175: fitness=115900
It 180: fitness=115800
It 185: fitness=115700
It 190: fitness=115600
It 195: fitness=115500
It 200: fitness=115500
It 205: fitness=115400
It 210: fitness=115400
It 215: fitness=115400
It 220: fitness=115300
It 225: fitness=115300
It 230: fitness=115300
It 235: fitness=115300
It 240: fitness=115300
It 245: fitness=115300
It 250: fitness=115200
It 255: fitness=115200
It 260: fitness=115200
It 265: fitness=115200
It 270: fitness=115100
It 275: fitness=115100
It 280: fitness=115100
It 285: fitness=115100
It 290: fitness=115100
It 295: fitness=115000
It 300: fitness=114800
It 305: fitness=112100
It 310: fitness=111900
It 315: fitness=111900
It 320: fitness=111800
It 325: fitness=111800
It 330: fitness=111700
It 335: fitness=111700
It 340: fitness=111700
It 345: fitness=111700
It 350: fitness=111700
It 355: fitness=111600
It 360: fitness=111600
It 365: fitness=111600
It 370: fitness=111600
It 375: fitness=111600
It 380: fitness=111500
It 385: fitness=111500
It 390: fitness=111500
It 395: fitness=111500
It 400: fitness=111500
It 405: fitness=111500
It 410: fitness=111500
It 415: fitness=111500
It 420: fitness=111500
It 425: fitness=111500
It 430: fitness=111400
It 435: fitness=111400
It 440: fitness=111400
It 445: fitness=111400
It 450: fitness=111400
It 455: fitness=111400
It 460: fitness=111400
It 465: fitness=111400
It 470: fitness=111400
It 475: fitness=111400
It 480: fitness=111400
It 485: fitness=111400
It 490: fitness=111400
It 495: fitness=111400
It 500: fitness=111400
It 505: fitness=111400
It 510: fitness=111400
It 515: fitness=111400
It 520: fitness=111400
It 525: fitness=111400
It 530: fitness=111400
It 535: fitness=111400
It 540: fitness=111400
It 545: fitness=111400
It 550: fitness=111400
It 555: fitness=111400
It 560: fitness=111400
It 565: fitness=111400
It 570: fitness=111400
It 575: fitness=111400
It 580: fitness=111400
It 585: fitness=111400
It 590: fitness=111400
It 595: fitness=111400
It 600: fitness=111400
It 605: fitness=111400
It 610: fitness=111400
It 615: fitness=111400
It 620: fitness=111400
It 625: fitness=111400
It 630: fitness=111400
It 635: fitness=111400
It 640: fitness=111400
It 645: fitness=111400
It 650: fitness=111400
It 655: fitness=111400
It 660: fitness=111400
It 665: fitness=111400
It 670: fitness=111400
It 675: fitness=111400
It 680: fitness=111400
It 685: fitness=111400
It 690: fitness=111400
It 695: fitness=111400
It 700: fitness=111400
It 705: fitness=111400
It 710: fitness=111400
It 715: fitness=111400
It 720: fitness=111400
It 725: fitness=111400
It 730: fitness=111400
It 735: fitness=111400
It 740: fitness=111400
It 745: fitness=111400
It 750: fitness=111400
It 755: fitness=111400
It 760: fitness=111400
It 765: fitness=111400
It 770: fitness=111400
It 775: fitness=111400
It 780: fitness=111400
It 785: fitness=111400
It 790: fitness=111400
It 795: fitness=111400
It 800: fitness=111400
It 805: fitness=111400
It 810: fitness=111400
It 815: fitness=111400
It 820: fitness=111400
It 825: fitness=111400
It 830: fitness=111400
It 835: fitness=111400
It 840: fitness=111400
It 845: fitness=111400
It 850: fitness=111400
It 855: fitness=111400
It 860: fitness=111400
It 865: fitness=111400
It 870: fitness=111400
It 875: fitness=111400
It 880: fitness=111400
It 885: fitness=111400
It 890: fitness=111400
It 895: fitness=111400
It 900: fitness=111400
It 905: fitness=111400
It 910: fitness=111400
It 915: fitness=111400
It 920: fitness=111400
It 925: fitness=111400
It 930: fitness=111400
It 935: fitness=111400
It 940: fitness=111400
It 945: fitness=111400
It 950: fitness=111400
It 955: fitness=111400
It 960: fitness=111400
It 965: fitness=111400
It 970: fitness=111400
It 975: fitness=111400
It 980: fitness=111400
It 985: fitness=111400
It 990: fitness=111400
It 995: fitness=111400
It 1000: fitness=111400
It 1005: fitness=111400
It 1010: fitness=111400
It 1015: fitness=111400
It 1020: fitness=111400
It 1025: fitness=111400
It 1030: fitness=111400
It 1035: fitness=111400
It 1040: fitness=111400
It 1045: fitness=111400
It 1050: fitness=111400
It 1055: fitness=111400
It 1060: fitness=111400
It 1065: fitness=111400
It 1070: fitness=111400
It 1075: fitness=111400
It 1080: fitness=111400
It 1085: fitness=111400
It 1090: fitness=111400
It 1095: fitness=111400
It 1100: fitness=111400
It 1105: fitness=111400
It 1110: fitness=111400
It 1115: fitness=111400
It 1120: fitness=111400
It 1125: fitness=111400
It 1130: fitness=111400
It 1135: fitness=111400
It 1140: fitness=111400
It 1145: fitness=111400
It 1150: fitness=111400
It 1155: fitness=111400
Maximal number of iterations without improvement reached
>> Resamp_Iter 8 negLL: 111385.4 (ref:  99482.77 )
>> Resamp_params: 0.6599998 0.584567 0.5509712 0.5495411 0.5455284 0.63 0.599663 0.6123775 0.54827 0.5799904 0.5422714 0.4400103 0.5504943 0.6569332 0.6454139 0.5830334 0.5550228 0.7053327 0.6699984 0.5879888 0.5367649 0.4822851 0.5768063 0.6522027 0.5765573 0.4591713 0.6044827 0.5703726 0.5782823 0.6584515 0.5566403 0.001 0.9712978 1.222691 -499.9992 -70.14066 0.3946621 
 [1]    0.5616531    0.5857182    0.5515381    0.5487872    0.5436690
 [6]    0.5326105    0.5999994    0.6127043    0.5435578    0.5752417
[11]    0.5403226    0.6599999    0.6199999    0.5482508    0.6396637
[16]    0.7099759    0.5524150    0.5933308    0.6551963    0.5901898
[21]    0.5353083    0.4977788    0.5328646    0.6337159    0.5756330
[26]    0.5774914    0.4900002    0.5706977    0.5274690    0.5792556
[31]    0.5523559    0.0010000    0.9568725    1.3000000 -499.9944096
[36]  -91.9769067    0.4173210
>> sd Resamp 9 : 26 28 1 7 11 21 16 29 23 23 25 25 12 27 17 10 16 15 21 30 9 12 3 25 9 18 16 12 7 16 21 
>> Opt param @ resamp: 57199.28 
S=22, K=3, p=0.1303, w0=0.7213, w1=0.7213, c.p=1.193, c.g=1.193
v.max=NA, d=6.083, vectorize=FALSE, hybrid=off
It 5: fitness=138300
It 10: fitness=112200
It 15: fitness=74710
It 20: fitness=71700
It 25: fitness=66950
It 30: fitness=66950
It 35: fitness=66550
It 40: fitness=66010
It 45: fitness=65210
It 50: fitness=64850
It 55: fitness=64090
It 60: fitness=63440
It 65: fitness=62670
It 70: fitness=62470
It 75: fitness=61210
It 80: fitness=60770
It 85: fitness=60130
It 90: fitness=59960
It 95: fitness=59830
It 100: fitness=59610
It 105: fitness=59470
It 110: fitness=59250
It 115: fitness=58970
It 120: fitness=58970
It 125: fitness=58900
It 130: fitness=58810
It 135: fitness=58670
It 140: fitness=58590
It 145: fitness=58540
It 150: fitness=58510
It 155: fitness=58480
It 160: fitness=58450
It 165: fitness=58440
It 170: fitness=58440
It 175: fitness=58420
It 180: fitness=58380
It 185: fitness=58370
It 190: fitness=58360
It 195: fitness=58350
It 200: fitness=58350
It 205: fitness=58340
It 210: fitness=58330
It 215: fitness=58310
It 220: fitness=58300
It 225: fitness=58290
It 230: fitness=58180
It 235: fitness=58070
It 240: fitness=57990
It 245: fitness=57960
It 250: fitness=57890
It 255: fitness=57590
It 260: fitness=57130
It 265: fitness=56780
It 270: fitness=56430
It 275: fitness=56130
It 280: fitness=56030
It 285: fitness=55830
It 290: fitness=55580
It 295: fitness=55500
It 300: fitness=55420
It 305: fitness=55330
It 310: fitness=55240
It 315: fitness=55200
It 320: fitness=55170
It 325: fitness=55150
It 330: fitness=55070
It 335: fitness=55040
It 340: fitness=54990
It 345: fitness=54980
It 350: fitness=54960
It 355: fitness=54950
It 360: fitness=54920
It 365: fitness=54900
It 370: fitness=54900
It 375: fitness=54890
It 380: fitness=54880
It 385: fitness=54870
It 390: fitness=54870
It 395: fitness=54860
It 400: fitness=54860
It 405: fitness=54850
It 410: fitness=54840
It 415: fitness=54840
It 420: fitness=54830
It 425: fitness=54830
It 430: fitness=54830
It 435: fitness=54820
It 440: fitness=54820
It 445: fitness=54810
It 450: fitness=54810
It 455: fitness=54810
It 460: fitness=54810
It 465: fitness=54810
It 470: fitness=54810
It 475: fitness=54800
It 480: fitness=54800
It 485: fitness=54800
It 490: fitness=54800
It 495: fitness=54800
It 500: fitness=54800
It 505: fitness=54800
It 510: fitness=54800
It 515: fitness=54800
It 520: fitness=54800
It 525: fitness=54800
It 530: fitness=54800
It 535: fitness=54800
It 540: fitness=54800
It 545: fitness=54800
It 550: fitness=54800
It 555: fitness=54800
It 560: fitness=54800
It 565: fitness=54800
It 570: fitness=54800
It 575: fitness=54800
It 580: fitness=54800
It 585: fitness=54800
It 590: fitness=54800
It 595: fitness=54800
It 600: fitness=54800
It 605: fitness=54800
It 610: fitness=54800
It 615: fitness=54800
It 620: fitness=54800
It 625: fitness=54800
It 630: fitness=54800
It 635: fitness=54800
It 640: fitness=54800
It 645: fitness=54800
It 650: fitness=54800
It 655: fitness=54800
It 660: fitness=54800
It 665: fitness=54800
It 670: fitness=54800
It 675: fitness=54800
It 680: fitness=54800
It 685: fitness=54800
It 690: fitness=54800
It 695: fitness=54800
It 700: fitness=54800
It 705: fitness=54800
It 710: fitness=54800
It 715: fitness=54800
It 720: fitness=54800
It 725: fitness=54800
It 730: fitness=54800
It 735: fitness=54800
It 740: fitness=54800
It 745: fitness=54800
It 750: fitness=54800
It 755: fitness=54800
It 760: fitness=54800
It 765: fitness=54800
It 770: fitness=54800
It 775: fitness=54800
It 780: fitness=54800
It 785: fitness=54800
It 790: fitness=54800
It 795: fitness=54800
It 800: fitness=54800
It 805: fitness=54800
It 810: fitness=54800
It 815: fitness=54800
It 820: fitness=54800
It 825: fitness=54800
It 830: fitness=54800
It 835: fitness=54800
It 840: fitness=54800
It 845: fitness=54800
It 850: fitness=54800
It 855: fitness=54800
It 860: fitness=54800
It 865: fitness=54800
It 870: fitness=54800
It 875: fitness=54800
It 880: fitness=54800
It 885: fitness=54800
It 890: fitness=54800
It 895: fitness=54800
It 900: fitness=54800
It 905: fitness=54800
It 910: fitness=54800
It 915: fitness=54800
It 920: fitness=54800
It 925: fitness=54800
It 930: fitness=54800
It 935: fitness=54800
It 940: fitness=54800
It 945: fitness=54800
It 950: fitness=54800
It 955: fitness=54800
It 960: fitness=54800
It 965: fitness=54800
It 970: fitness=54800
It 975: fitness=54800
It 980: fitness=54800
It 985: fitness=54800
It 990: fitness=54800
It 995: fitness=54800
It 1000: fitness=54800
It 1005: fitness=54800
It 1010: fitness=54800
It 1015: fitness=54800
It 1020: fitness=54800
It 1025: fitness=54800
It 1030: fitness=54800
It 1035: fitness=54800
It 1040: fitness=54800
It 1045: fitness=54800
It 1050: fitness=54800
It 1055: fitness=54800
It 1060: fitness=54800
It 1065: fitness=54800
It 1070: fitness=54800
It 1075: fitness=54800
It 1080: fitness=54800
It 1085: fitness=54800
It 1090: fitness=54800
It 1095: fitness=54800
It 1100: fitness=54800
It 1105: fitness=54800
It 1110: fitness=54800
It 1115: fitness=54800
It 1120: fitness=54800
It 1125: fitness=54800
It 1130: fitness=54800
It 1135: fitness=54800
It 1140: fitness=54800
It 1145: fitness=54800
It 1150: fitness=54800
It 1155: fitness=54800
It 1160: fitness=54800
It 1165: fitness=54800
It 1170: fitness=54800
It 1175: fitness=54800
It 1180: fitness=54800
It 1185: fitness=54800
It 1190: fitness=54800
It 1195: fitness=54800
It 1200: fitness=54800
It 1205: fitness=54800
It 1210: fitness=54800
It 1215: fitness=54800
It 1220: fitness=54800
It 1225: fitness=54800
It 1230: fitness=54800
It 1235: fitness=54800
It 1240: fitness=54800
It 1245: fitness=54800
It 1250: fitness=54800
It 1255: fitness=54800
It 1260: fitness=54800
It 1265: fitness=54800
It 1270: fitness=54800
It 1275: fitness=54800
It 1280: fitness=54800
It 1285: fitness=54800
It 1290: fitness=54800
It 1295: fitness=54800
It 1300: fitness=54800
It 1305: fitness=54800
It 1310: fitness=54800
It 1315: fitness=54800
It 1320: fitness=54800
It 1325: fitness=54800
It 1330: fitness=54800
It 1335: fitness=54800
It 1340: fitness=54800
It 1345: fitness=54800
It 1350: fitness=54800
It 1355: fitness=54800
It 1360: fitness=54800
It 1365: fitness=54800
It 1370: fitness=54800
It 1375: fitness=54800
It 1380: fitness=54800
It 1385: fitness=54800
It 1390: fitness=54800
It 1395: fitness=54800
It 1400: fitness=54800
It 1405: fitness=54800
It 1410: fitness=54800
It 1415: fitness=54800
It 1420: fitness=54800
It 1425: fitness=54800
It 1430: fitness=54800
It 1435: fitness=54800
It 1440: fitness=54800
It 1445: fitness=54800
It 1450: fitness=54800
It 1455: fitness=54800
It 1460: fitness=54800
It 1465: fitness=54800
It 1470: fitness=54800
It 1475: fitness=54800
It 1480: fitness=54800
It 1485: fitness=54800
Maximal number of iterations without improvement reached
>> Resamp_Iter 9 negLL: 54796.01 (ref:  57199.28 )
>> Resamp_params: 0.6599999 0.4350965 0.5631384 0.4697673 0.6121994 0.5371424 0.5484569 0.5710887 0.5565297 0.5898296 0.5540939 0.6599999 0.4780672 0.6135149 0.6316293 0.7099985 0.5645621 0.6569432 0.4325745 0.4500838 0.5464782 0.48 0.5422363 0.72 0.5894261 0.5845755 0.4900013 0.5730025 0.5307334 0.5937413 0.5506966 0.001 0.9846888 0.8783775 -499.9923 -77.79542 0.4015049 
 [1]    0.5616531    0.5857182    0.5515381    0.5487872    0.5436690
 [6]    0.5326105    0.5999994    0.6127043    0.5435578    0.5752417
[11]    0.5403226    0.6599999    0.6199999    0.5482508    0.6396637
[16]    0.7099759    0.5524150    0.5933308    0.6551963    0.5901898
[21]    0.5353083    0.4977788    0.5328646    0.6337159    0.5756330
[26]    0.5774914    0.4900002    0.5706977    0.5274690    0.5792556
[31]    0.5523559    0.0010000    0.9568725    1.3000000 -499.9944096
[36]  -91.9769067    0.4173210
>> sd Resamp 10 : 8 20 13 18 7 14 31 26 16 16 14 28 6 5 25 26 12 10 20 28 1 2 2 24 20 3 15 4 2 30 25 
>> Opt param @ resamp: 110991.3 
S=22, K=3, p=0.1303, w0=0.7213, w1=0.7213, c.p=1.193, c.g=1.193
v.max=NA, d=6.083, vectorize=FALSE, hybrid=off
It 5: fitness=260400
It 10: fitness=221100
It 15: fitness=209900
It 20: fitness=177900
It 25: fitness=176700
It 30: fitness=164400
It 35: fitness=155700
It 40: fitness=152100
It 45: fitness=149800
It 50: fitness=143700
It 55: fitness=141500
It 60: fitness=140100
It 65: fitness=129800
It 70: fitness=127000
It 75: fitness=124300
It 80: fitness=123100
It 85: fitness=121800
It 90: fitness=120600
It 95: fitness=119900
It 100: fitness=119300
It 105: fitness=116900
It 110: fitness=116500
It 115: fitness=116100
It 120: fitness=116100
It 125: fitness=115900
It 130: fitness=115200
It 135: fitness=114800
It 140: fitness=114800
It 145: fitness=114500
It 150: fitness=114300
It 155: fitness=114200
It 160: fitness=114000
It 165: fitness=114000
It 170: fitness=113800
It 175: fitness=113800
It 180: fitness=113800
It 185: fitness=113600
It 190: fitness=113600
It 195: fitness=113500
It 200: fitness=113400
It 205: fitness=113300
It 210: fitness=113300
It 215: fitness=113100
It 220: fitness=113000
It 225: fitness=113000
It 230: fitness=113000
It 235: fitness=112900
It 240: fitness=112900
It 245: fitness=112800
It 250: fitness=112800
It 255: fitness=112800
It 260: fitness=112800
It 265: fitness=112700
It 270: fitness=112700
It 275: fitness=112700
It 280: fitness=112700
It 285: fitness=112700
It 290: fitness=112700
It 295: fitness=112700
It 300: fitness=112700
It 305: fitness=112600
It 310: fitness=110300
It 315: fitness=110200
It 320: fitness=110100
It 325: fitness=110100
It 330: fitness=110100
It 335: fitness=110100
It 340: fitness=110100
It 345: fitness=110100
It 350: fitness=110100
It 355: fitness=110000
It 360: fitness=110000
It 365: fitness=110000
It 370: fitness=110000
It 375: fitness=110000
It 380: fitness=110000
It 385: fitness=110000
It 390: fitness=110000
It 395: fitness=110000
It 400: fitness=110000
It 405: fitness=109900
It 410: fitness=109900
It 415: fitness=109900
It 420: fitness=109900
It 425: fitness=109900
It 430: fitness=109900
It 435: fitness=109900
It 440: fitness=109900
It 445: fitness=109900
It 450: fitness=109900
It 455: fitness=109900
It 460: fitness=109900
It 465: fitness=109900
It 470: fitness=109900
It 475: fitness=109900
It 480: fitness=109900
It 485: fitness=109900
It 490: fitness=109900
It 495: fitness=109900
It 500: fitness=109900
It 505: fitness=109900
It 510: fitness=109900
It 515: fitness=109900
It 520: fitness=109900
It 525: fitness=109900
It 530: fitness=109900
It 535: fitness=109900
It 540: fitness=109900
It 545: fitness=109900
It 550: fitness=109900
It 555: fitness=109900
It 560: fitness=109800
It 565: fitness=109800
It 570: fitness=109800
It 575: fitness=109800
It 580: fitness=109800
It 585: fitness=109800
It 590: fitness=109800
It 595: fitness=109800
It 600: fitness=109800
It 605: fitness=109800
It 610: fitness=109800
It 615: fitness=109800
It 620: fitness=109800
It 625: fitness=109800
It 630: fitness=109800
It 635: fitness=109800
It 640: fitness=109800
It 645: fitness=109800
It 650: fitness=109800
It 655: fitness=109800
It 660: fitness=109800
It 665: fitness=109800
It 670: fitness=109800
It 675: fitness=109800
It 680: fitness=109800
It 685: fitness=109800
It 690: fitness=109800
It 695: fitness=109800
It 700: fitness=109800
It 705: fitness=109800
It 710: fitness=109800
It 715: fitness=109800
It 720: fitness=109800
It 725: fitness=109800
It 730: fitness=109800
It 735: fitness=109800
It 740: fitness=109800
It 745: fitness=109800
It 750: fitness=109800
It 755: fitness=109800
It 760: fitness=109800
It 765: fitness=109800
It 770: fitness=109800
It 775: fitness=109800
It 780: fitness=109800
It 785: fitness=109800
It 790: fitness=109800
It 795: fitness=109800
It 800: fitness=109800
It 805: fitness=109800
It 810: fitness=109800
It 815: fitness=109800
It 820: fitness=109800
It 825: fitness=109800
It 830: fitness=109800
It 835: fitness=109800
It 840: fitness=109800
It 845: fitness=109800
It 850: fitness=109800
It 855: fitness=109800
It 860: fitness=109800
It 865: fitness=109800
It 870: fitness=109800
It 875: fitness=109800
It 880: fitness=109800
It 885: fitness=109800
It 890: fitness=109800
It 895: fitness=109800
It 900: fitness=109800
It 905: fitness=109800
It 910: fitness=109800
It 915: fitness=109800
It 920: fitness=109800
It 925: fitness=109800
It 930: fitness=109800
It 935: fitness=109800
It 940: fitness=109800
It 945: fitness=109800
It 950: fitness=109800
It 955: fitness=109800
It 960: fitness=109800
It 965: fitness=109800
It 970: fitness=109800
It 975: fitness=109800
It 980: fitness=109800
It 985: fitness=109800
It 990: fitness=109800
It 995: fitness=109800
It 1000: fitness=109800
It 1005: fitness=109800
It 1010: fitness=109800
It 1015: fitness=109800
It 1020: fitness=109800
It 1025: fitness=109800
It 1030: fitness=109800
It 1035: fitness=109800
It 1040: fitness=109800
It 1045: fitness=109800
It 1050: fitness=109800
It 1055: fitness=109800
It 1060: fitness=109800
It 1065: fitness=109800
It 1070: fitness=109800
It 1075: fitness=109800
It 1080: fitness=109800
It 1085: fitness=109800
It 1090: fitness=109800
It 1095: fitness=109800
It 1100: fitness=109800
It 1105: fitness=109800
It 1110: fitness=109800
It 1115: fitness=109800
It 1120: fitness=109800
It 1125: fitness=109800
It 1130: fitness=109800
It 1135: fitness=109800
It 1140: fitness=109800
It 1145: fitness=109800
It 1150: fitness=109800
It 1155: fitness=109800
It 1160: fitness=109800
It 1165: fitness=109800
It 1170: fitness=109800
It 1175: fitness=109800
It 1180: fitness=109800
Maximal number of iterations without improvement reached
>> Resamp_Iter 10 negLL: 109847.4 (ref:  110991.3 )
>> Resamp_params: 0.5552982 0.578635 0.5436898 0.5412655 0.5362263 0.5300002 0.5173675 0.6074625 0.5400454 0.5662541 0.6159873 0.4400547 0.5404457 0.5431534 0.6466523 0.5773658 0.5354575 0.5868182 0.422724 0.5884455 0.5353879 0.5896781 0.5218085 0.638147 0.5699904 0.5716493 0.5066796 0.5608024 0.4518264 0.5745204 0.5500003 0.001 0.9413252 1.299998 -343.3066 -86.40584 0.4117973 
