fit_results/data/globalcity_clean.txt_sd_03191603.log>>> Loading state data: Atlanta <<<
>>> Loading state data: Berlin <<<
>>> Loading state data: Boston <<<
>>> Loading state data: Chicago <<<
>>> Loading state data: Denver <<<
>>> Loading state data: Houston <<<
>>> Loading state data: Los Angeles <<<
>>> Loading state data: Madrid <<<
>>> Loading state data: Miami <<<
>>> Loading state data: Phoenix <<<
>>> Loading state data: Rome <<<
>>> Loading state data: Seattle <<<
>>> Loading state data: St Louis <<<
>>> Loading state data: Toronto <<<
>>> Loading state data: Birmingham <<<
>>> Loading state data: Cologne <<<
>>> Loading state data: Dallas <<<
>>> Loading state data: Hamburg <<<
>>> Loading state data: London <<<
>>> Loading state data: New York <<<
>>> Loading state data: Sacramento <<<
>>> Loading state data: San Diego <<<
>>> Loading state data: San Francisco <<<
>>> Loading state data: Stockholm <<<
>>> Loading state data: Stuttgart <<<
>>> Loading state data: Tucson <<<
>>> Loading state data: Melbourne <<<
>>> Loading state data: Santiago <<<
>>> Loading state data: Delhi <<<
>>> Loading state data: Vancouver <<<
>>> Loading state data: Mexico City <<<
 [1]    0.540    0.400    0.430    0.440    0.460    0.530    0.480    0.570
 [9]    0.540    0.450    0.470    0.440    0.470    0.470    0.400    0.450
[17]    0.530    0.410    0.400    0.450    0.480    0.480    0.490    0.300
[25]    0.450    0.440    0.490    0.540    0.450    0.430    0.550    0.001
[33]    0.800    0.600 -500.000 -500.000    0.000
 [1] 0.660 0.690 0.610 0.610 0.620 0.630 0.600 0.710 0.630 0.620 0.630 0.660
[13] 0.620 0.660 0.690 0.710 0.640 0.710 0.670 0.620 0.630 0.590 0.630 0.720
[25] 0.680 0.610 0.630 0.700 0.600 0.670 0.630 0.001 1.200 1.300 0.000 0.000
[37] 1.000
 [1]    0.5616531    0.5857182    0.5515381    0.5487872    0.5436690
 [6]    0.5326105    0.5999994    0.6127043    0.5435578    0.5752417
[11]    0.5403226    0.6599999    0.6199999    0.5482508    0.6396637
[16]    0.7099759    0.5524150    0.5933308    0.6551963    0.5901898
[21]    0.5353083    0.4977788    0.5328646    0.6337159    0.5756330
[26]    0.5774914    0.4900002    0.5706977    0.5274690    0.5792556
[31]    0.5523559    0.0010000    0.9568725    1.3000000 -499.9944096
[36]  -91.9769067    0.4173210
 [1]    0.5900000    0.5900000    0.5900000    0.5900000    0.5900000
 [6]    0.5900000    0.5900000    0.5900000    0.5900000    0.5900000
[11]    0.5900000    0.5900000    0.5900000    0.5900000    0.5900000
[16]    0.5900000    0.5900000    0.5900000    0.5900000    0.5900000
[21]    0.5900000    0.5900000    0.5900000    0.5900000    0.5900000
[26]    0.5900000    0.5900000    0.5900000    0.5900000    0.5900000
[31]    0.5900000    0.0010000    0.9568725    1.3000000 -499.9944096
[36]  -91.9769067    0.4173210
96 cores seen; limit to 18 cores
 [1]    0.5616531    0.5857182    0.5515381    0.5487872    0.5436690
 [6]    0.5326105    0.5999994    0.6127043    0.5435578    0.5752417
[11]    0.5403226    0.6599999    0.6199999    0.5482508    0.6396637
[16]    0.7099759    0.5524150    0.5933308    0.6551963    0.5901898
[21]    0.5353083    0.4977788    0.5328646    0.6337159    0.5756330
[26]    0.5774914    0.4900002    0.5706977    0.5274690    0.5792556
[31]    0.5523559    0.0010000    0.9568725    1.3000000 -499.9944096
[36]  -91.9769067    0.4173210
>> sd Resamp 1 : 21 28 8 22 5 1 25 9 3 10 24 11 27 31 16 15 8 7 2 23 13 6 8 17 24 11 3 16 2 10 24 
>> Opt param @ resamp: 60329.89 
S=22, K=3, p=0.1303, w0=0.7213, w1=0.7213, c.p=1.193, c.g=1.193
v.max=NA, d=6.083, vectorize=FALSE, hybrid=off
It 5: fitness=118300
It 10: fitness=118300
It 15: fitness=118300
It 20: fitness=111200
It 25: fitness=110800
It 30: fitness=110600
It 35: fitness=103900
It 40: fitness=90510
It 45: fitness=87930
It 50: fitness=85940
It 55: fitness=76020
It 60: fitness=70870
It 65: fitness=68710
It 70: fitness=66060
It 75: fitness=65160
It 80: fitness=64610
It 85: fitness=63530
It 90: fitness=63260
It 95: fitness=62830
It 100: fitness=62640
It 105: fitness=62020
It 110: fitness=61430
It 115: fitness=60900
It 120: fitness=60900
It 125: fitness=60800
It 130: fitness=60670
It 135: fitness=60540
It 140: fitness=60510
It 145: fitness=60470
It 150: fitness=60360
It 155: fitness=60130
It 160: fitness=60130
It 165: fitness=59900
It 170: fitness=59740
It 175: fitness=59630
It 180: fitness=59470
It 185: fitness=59400
It 190: fitness=59310
It 195: fitness=59120
It 200: fitness=58970
It 205: fitness=58880
It 210: fitness=58850
It 215: fitness=58750
It 220: fitness=58750
It 225: fitness=58750
It 230: fitness=58570
It 235: fitness=58540
It 240: fitness=58540
It 245: fitness=58470
It 250: fitness=58400
It 255: fitness=58400
It 260: fitness=58360
It 265: fitness=58320
It 270: fitness=58290
It 275: fitness=58270
It 280: fitness=58200
It 285: fitness=58140
It 290: fitness=58070
It 295: fitness=58000
It 300: fitness=57990
It 305: fitness=57940
It 310: fitness=57840
It 315: fitness=57790
It 320: fitness=57690
It 325: fitness=57660
It 330: fitness=57630
It 335: fitness=57560
It 340: fitness=57470
It 345: fitness=57430
It 350: fitness=57390
It 355: fitness=57370
It 360: fitness=57360
It 365: fitness=57330
It 370: fitness=57310
It 375: fitness=57300
It 380: fitness=57300
It 385: fitness=57300
It 390: fitness=57280
It 395: fitness=57270
It 400: fitness=57240
It 405: fitness=57230
It 410: fitness=57230
It 415: fitness=57220
It 420: fitness=57220
It 425: fitness=57210
It 430: fitness=57200
It 435: fitness=57200
It 440: fitness=57190
It 445: fitness=57190
It 450: fitness=57190
It 455: fitness=57180
It 460: fitness=57180
It 465: fitness=57170
It 470: fitness=57160
It 475: fitness=57160
It 480: fitness=57150
It 485: fitness=57150
It 490: fitness=57150
It 495: fitness=57150
It 500: fitness=57140
It 505: fitness=57130
It 510: fitness=57130
It 515: fitness=57130
It 520: fitness=57130
It 525: fitness=57120
It 530: fitness=57120
It 535: fitness=57120
It 540: fitness=57120
It 545: fitness=57110
It 550: fitness=57100
It 555: fitness=57090
It 560: fitness=57080
It 565: fitness=57080
It 570: fitness=57060
It 575: fitness=57030
It 580: fitness=57010
It 585: fitness=57000
It 590: fitness=56980
It 595: fitness=56980
It 600: fitness=56970
It 605: fitness=56970
It 610: fitness=56960
It 615: fitness=56960
It 620: fitness=56950
It 625: fitness=56950
It 630: fitness=56940
It 635: fitness=56940
It 640: fitness=56930
It 645: fitness=56930
It 650: fitness=56930
It 655: fitness=56930
It 660: fitness=56930
It 665: fitness=56930
It 670: fitness=56920
It 675: fitness=56920
It 680: fitness=56920
It 685: fitness=56910
It 690: fitness=56910
It 695: fitness=56910
It 700: fitness=56900
It 705: fitness=56900
It 710: fitness=56900
It 715: fitness=56900
It 720: fitness=56900
It 725: fitness=56890
It 730: fitness=56890
It 735: fitness=56890
It 740: fitness=56880
It 745: fitness=56880
It 750: fitness=56880
It 755: fitness=56880
It 760: fitness=56880
It 765: fitness=56880
It 770: fitness=56880
It 775: fitness=56880
It 780: fitness=56880
It 785: fitness=56880
It 790: fitness=56880
It 795: fitness=56870
It 800: fitness=56870
It 805: fitness=56870
It 810: fitness=56870
It 815: fitness=56870
It 820: fitness=56870
It 825: fitness=56870
It 830: fitness=56870
It 835: fitness=56870
It 840: fitness=56870
It 845: fitness=56870
It 850: fitness=56870
It 855: fitness=56870
It 860: fitness=56870
It 865: fitness=56870
It 870: fitness=56860
It 875: fitness=56860
It 880: fitness=56860
It 885: fitness=56860
It 890: fitness=56860
It 895: fitness=56860
It 900: fitness=56860
It 905: fitness=56860
It 910: fitness=56860
It 915: fitness=56860
It 920: fitness=56860
It 925: fitness=56860
It 930: fitness=56860
It 935: fitness=56860
It 940: fitness=56850
It 945: fitness=56850
It 950: fitness=56850
It 955: fitness=56850
It 960: fitness=56850
It 965: fitness=56850
It 970: fitness=56850
It 975: fitness=56840
It 980: fitness=56840
It 985: fitness=56840
It 990: fitness=56840
It 995: fitness=56840
It 1000: fitness=56840
It 1005: fitness=56830
It 1010: fitness=56830
It 1015: fitness=56830
It 1020: fitness=56830
It 1025: fitness=56830
It 1030: fitness=56830
It 1035: fitness=56830
It 1040: fitness=56830
It 1045: fitness=56830
It 1050: fitness=56830
It 1055: fitness=56830
It 1060: fitness=56830
It 1065: fitness=56820
It 1070: fitness=56820
It 1075: fitness=56820
It 1080: fitness=56820
It 1085: fitness=56820
It 1090: fitness=56820
It 1095: fitness=56820
It 1100: fitness=56820
It 1105: fitness=56820
It 1110: fitness=56820
It 1115: fitness=56820
It 1120: fitness=56820
It 1125: fitness=56820
It 1130: fitness=56820
It 1135: fitness=56810
It 1140: fitness=56810
It 1145: fitness=56810
It 1150: fitness=56810
It 1155: fitness=56810
It 1160: fitness=56810
It 1165: fitness=56810
It 1170: fitness=56810
It 1175: fitness=56810
It 1180: fitness=56810
It 1185: fitness=56810
It 1190: fitness=56810
It 1195: fitness=56810
It 1200: fitness=56810
It 1205: fitness=56800
It 1210: fitness=56800
It 1215: fitness=56800
It 1220: fitness=56800
It 1225: fitness=56800
It 1230: fitness=56800
It 1235: fitness=56800
It 1240: fitness=56800
It 1245: fitness=56800
It 1250: fitness=56800
It 1255: fitness=56800
It 1260: fitness=56800
It 1265: fitness=56800
It 1270: fitness=56800
It 1275: fitness=56800
It 1280: fitness=56800
It 1285: fitness=56800
It 1290: fitness=56800
It 1295: fitness=56800
It 1300: fitness=56790
It 1305: fitness=56790
It 1310: fitness=56790
It 1315: fitness=56790
It 1320: fitness=56790
It 1325: fitness=56790
It 1330: fitness=56790
It 1335: fitness=56790
It 1340: fitness=56790
It 1345: fitness=56790
It 1350: fitness=56790
It 1355: fitness=56790
It 1360: fitness=56790
It 1365: fitness=56790
It 1370: fitness=56790
It 1375: fitness=56790
It 1380: fitness=56790
It 1385: fitness=56790
It 1390: fitness=56790
It 1395: fitness=56790
It 1400: fitness=56790
It 1405: fitness=56790
It 1410: fitness=56790
It 1415: fitness=56790
It 1420: fitness=56790
It 1425: fitness=56790
It 1430: fitness=56790
It 1435: fitness=56790
It 1440: fitness=56790
It 1445: fitness=56790
It 1450: fitness=56790
It 1455: fitness=56790
It 1460: fitness=56790
It 1465: fitness=56790
It 1470: fitness=56790
It 1475: fitness=56790
It 1480: fitness=56780
It 1485: fitness=56780
It 1490: fitness=56780
It 1495: fitness=56780
It 1500: fitness=56780
It 1505: fitness=56780
It 1510: fitness=56780
It 1515: fitness=56780
It 1520: fitness=56780
It 1525: fitness=56780
It 1530: fitness=56780
It 1535: fitness=56780
It 1540: fitness=56780
It 1545: fitness=56780
It 1550: fitness=56780
It 1555: fitness=56780
It 1560: fitness=56780
It 1565: fitness=56780
It 1570: fitness=56780
It 1575: fitness=56780
It 1580: fitness=56780
It 1585: fitness=56780
It 1590: fitness=56780
It 1595: fitness=56780
It 1600: fitness=56780
It 1605: fitness=56780
It 1610: fitness=56780
It 1615: fitness=56780
It 1620: fitness=56780
It 1625: fitness=56780
It 1630: fitness=56780
It 1635: fitness=56780
It 1640: fitness=56780
It 1645: fitness=56780
It 1650: fitness=56780
It 1655: fitness=56780
It 1660: fitness=56780
It 1665: fitness=56780
It 1670: fitness=56780
It 1675: fitness=56780
It 1680: fitness=56780
It 1685: fitness=56780
It 1690: fitness=56780
It 1695: fitness=56780
It 1700: fitness=56780
It 1705: fitness=56780
It 1710: fitness=56780
It 1715: fitness=56780
It 1720: fitness=56780
It 1725: fitness=56780
It 1730: fitness=56780
It 1735: fitness=56780
It 1740: fitness=56780
It 1745: fitness=56780
It 1750: fitness=56780
It 1755: fitness=56780
It 1760: fitness=56780
It 1765: fitness=56780
It 1770: fitness=56780
It 1775: fitness=56780
It 1780: fitness=56780
It 1785: fitness=56780
It 1790: fitness=56780
It 1795: fitness=56780
It 1800: fitness=56780
It 1805: fitness=56780
It 1810: fitness=56770
It 1815: fitness=56770
It 1820: fitness=56770
It 1825: fitness=56770
It 1830: fitness=56770
It 1835: fitness=56770
It 1840: fitness=56770
It 1845: fitness=56770
It 1850: fitness=56770
It 1855: fitness=56770
It 1860: fitness=56770
It 1865: fitness=56770
It 1870: fitness=56770
It 1875: fitness=56770
It 1880: fitness=56770
It 1885: fitness=56770
It 1890: fitness=56770
It 1895: fitness=56770
It 1900: fitness=56770
It 1905: fitness=56770
It 1910: fitness=56770
It 1915: fitness=56770
It 1920: fitness=56770
It 1925: fitness=56770
It 1930: fitness=56770
It 1935: fitness=56770
It 1940: fitness=56770
It 1945: fitness=56770
It 1950: fitness=56770
It 1955: fitness=56770
It 1960: fitness=56770
It 1965: fitness=56770
It 1970: fitness=56770
It 1975: fitness=56770
It 1980: fitness=56770
It 1985: fitness=56770
It 1990: fitness=56770
It 1995: fitness=56770
It 2000: fitness=56770
It 2005: fitness=56770
It 2010: fitness=56770
It 2015: fitness=56770
It 2020: fitness=56770
It 2025: fitness=56770
It 2030: fitness=56770
It 2035: fitness=56770
It 2040: fitness=56770
It 2045: fitness=56770
It 2050: fitness=56770
It 2055: fitness=56770
It 2060: fitness=56770
It 2065: fitness=56770
It 2070: fitness=56770
It 2075: fitness=56770
It 2080: fitness=56770
It 2085: fitness=56770
It 2090: fitness=56770
It 2095: fitness=56770
It 2100: fitness=56770
It 2105: fitness=56770
It 2110: fitness=56770
It 2115: fitness=56770
It 2120: fitness=56770
It 2125: fitness=56770
It 2130: fitness=56770
It 2135: fitness=56770
It 2140: fitness=56770
It 2145: fitness=56770
It 2150: fitness=56770
It 2155: fitness=56770
It 2160: fitness=56770
It 2165: fitness=56770
It 2170: fitness=56770
It 2175: fitness=56770
It 2180: fitness=56770
It 2185: fitness=56770
It 2190: fitness=56770
It 2195: fitness=56770
It 2200: fitness=56770
It 2205: fitness=56770
It 2210: fitness=56770
It 2215: fitness=56770
It 2220: fitness=56770
It 2225: fitness=56770
It 2230: fitness=56770
It 2235: fitness=56770
It 2240: fitness=56770
It 2245: fitness=56770
It 2250: fitness=56770
It 2255: fitness=56770
It 2260: fitness=56770
It 2265: fitness=56770
It 2270: fitness=56770
It 2275: fitness=56770
It 2280: fitness=56770
It 2285: fitness=56770
It 2290: fitness=56770
It 2295: fitness=56770
It 2300: fitness=56770
It 2305: fitness=56770
It 2310: fitness=56770
It 2315: fitness=56770
It 2320: fitness=56770
It 2325: fitness=56770
It 2330: fitness=56770
It 2335: fitness=56770
It 2340: fitness=56770
It 2345: fitness=56770
It 2350: fitness=56770
It 2355: fitness=56770
It 2360: fitness=56770
It 2365: fitness=56770
It 2370: fitness=56770
It 2375: fitness=56770
It 2380: fitness=56770
It 2385: fitness=56770
It 2390: fitness=56770
It 2395: fitness=56770
It 2400: fitness=56770
It 2405: fitness=56770
It 2410: fitness=56770
It 2415: fitness=56770
It 2420: fitness=56770
It 2425: fitness=56770
It 2430: fitness=56770
It 2435: fitness=56770
It 2440: fitness=56770
It 2445: fitness=56770
It 2450: fitness=56770
It 2455: fitness=56770
It 2460: fitness=56770
It 2465: fitness=56770
It 2470: fitness=56770
It 2475: fitness=56770
It 2480: fitness=56770
It 2485: fitness=56770
It 2490: fitness=56770
It 2495: fitness=56770
It 2500: fitness=56770
It 2505: fitness=56760
It 2510: fitness=56760
It 2515: fitness=56760
It 2520: fitness=56760
It 2525: fitness=56760
It 2530: fitness=56760
It 2535: fitness=56760
It 2540: fitness=56760
It 2545: fitness=56760
It 2550: fitness=56760
It 2555: fitness=56760
It 2560: fitness=56760
It 2565: fitness=56760
It 2570: fitness=56760
It 2575: fitness=56760
It 2580: fitness=56760
It 2585: fitness=56760
It 2590: fitness=56760
It 2595: fitness=56760
It 2600: fitness=56760
It 2605: fitness=56760
It 2610: fitness=56760
It 2615: fitness=56760
It 2620: fitness=56760
It 2625: fitness=56760
It 2630: fitness=56760
It 2635: fitness=56760
It 2640: fitness=56760
It 2645: fitness=56760
It 2650: fitness=56760
It 2655: fitness=56760
It 2660: fitness=56760
It 2665: fitness=56760
It 2670: fitness=56760
It 2675: fitness=56760
It 2680: fitness=56760
It 2685: fitness=56760
It 2690: fitness=56760
It 2695: fitness=56760
It 2700: fitness=56760
It 2705: fitness=56760
It 2710: fitness=56760
It 2715: fitness=56760
It 2720: fitness=56760
It 2725: fitness=56760
It 2730: fitness=56760
It 2735: fitness=56760
It 2740: fitness=56760
It 2745: fitness=56760
It 2750: fitness=56760
It 2755: fitness=56760
It 2760: fitness=56760
It 2765: fitness=56760
It 2770: fitness=56760
It 2775: fitness=56760
It 2780: fitness=56760
It 2785: fitness=56760
It 2790: fitness=56760
It 2795: fitness=56760
It 2800: fitness=56760
It 2805: fitness=56760
It 2810: fitness=56760
It 2815: fitness=56760
It 2820: fitness=56760
It 2825: fitness=56760
It 2830: fitness=56760
It 2835: fitness=56760
It 2840: fitness=56760
It 2845: fitness=56760
It 2850: fitness=56760
It 2855: fitness=56760
It 2860: fitness=56760
It 2865: fitness=56760
It 2870: fitness=56760
It 2875: fitness=56760
It 2880: fitness=56760
It 2885: fitness=56760
It 2890: fitness=56760
It 2895: fitness=56760
It 2900: fitness=56760
It 2905: fitness=56760
It 2910: fitness=56760
It 2915: fitness=56760
It 2920: fitness=56760
It 2925: fitness=56760
It 2930: fitness=56760
It 2935: fitness=56760
It 2940: fitness=56760
It 2945: fitness=56760
It 2950: fitness=56760
It 2955: fitness=56760
It 2960: fitness=56760
It 2965: fitness=56760
It 2970: fitness=56760
It 2975: fitness=56760
It 2980: fitness=56760
It 2985: fitness=56760
It 2990: fitness=56760
It 2995: fitness=56760
It 3000: fitness=56760
It 3005: fitness=56760
It 3010: fitness=56760
It 3015: fitness=56760
It 3020: fitness=56760
It 3025: fitness=56760
It 3030: fitness=56760
It 3035: fitness=56760
It 3040: fitness=56760
It 3045: fitness=56760
It 3050: fitness=56760
It 3055: fitness=56760
It 3060: fitness=56760
It 3065: fitness=56760
It 3070: fitness=56760
It 3075: fitness=56760
It 3080: fitness=56760
It 3085: fitness=56760
It 3090: fitness=56760
It 3095: fitness=56760
It 3100: fitness=56760
It 3105: fitness=56760
It 3110: fitness=56760
It 3115: fitness=56760
It 3120: fitness=56760
It 3125: fitness=56760
It 3130: fitness=56760
It 3135: fitness=56760
It 3140: fitness=56760
It 3145: fitness=56760
It 3150: fitness=56760
It 3155: fitness=56760
It 3160: fitness=56760
It 3165: fitness=56760
It 3170: fitness=56760
It 3175: fitness=56760
It 3180: fitness=56760
It 3185: fitness=56760
It 3190: fitness=56760
It 3195: fitness=56760
It 3200: fitness=56760
It 3205: fitness=56760
It 3210: fitness=56760
It 3215: fitness=56760
It 3220: fitness=56760
It 3225: fitness=56760
It 3230: fitness=56760
It 3235: fitness=56760
It 3240: fitness=56760
It 3245: fitness=56760
It 3250: fitness=56760
It 3255: fitness=56760
It 3260: fitness=56760
Maximal number of iterations without improvement reached
>> Resamp_Iter 1 negLL: 56762.53 (ref:  60329.89 )
>> Resamp_params: 0.5674103 0.5762133 0.5532724 0.5964239 0.5502386 0.5395813 0.5468977 0.607927 0.5599944 0.5944088 0.5451202 0.6205035 0.5577199 0.647715 0.4000198 0.5692275 0.5629593 0.7097943 0.5415553 0.45 0.5405685 0.5899999 0.5341724 0.5584265 0.5730504 0.442498 0.4900002 0.5615155 0.5970332 0.4705355 0.5740634 0.001 1.029103 1.299965 -499.9993 -57.76842 0.3355948 
 [1]    0.5616531    0.5857182    0.5515381    0.5487872    0.5436690
 [6]    0.5326105    0.5999994    0.6127043    0.5435578    0.5752417
[11]    0.5403226    0.6599999    0.6199999    0.5482508    0.6396637
[16]    0.7099759    0.5524150    0.5933308    0.6551963    0.5901898
[21]    0.5353083    0.4977788    0.5328646    0.6337159    0.5756330
[26]    0.5774914    0.4900002    0.5706977    0.5274690    0.5792556
[31]    0.5523559    0.0010000    0.9568725    1.3000000 -499.9944096
[36]  -91.9769067    0.4173210
>> sd Resamp 2 : 12 20 5 16 17 13 2 6 10 8 28 18 14 30 12 10 28 25 11 10 5 13 9 24 23 18 16 28 6 17 29 
>> Opt param @ resamp: 84975.05 
S=22, K=3, p=0.1303, w0=0.7213, w1=0.7213, c.p=1.193, c.g=1.193
v.max=NA, d=6.083, vectorize=FALSE, hybrid=off
It 5: fitness=185700
It 10: fitness=171400
It 15: fitness=148200
It 20: fitness=135100
It 25: fitness=134100
It 30: fitness=116400
It 35: fitness=116400
It 40: fitness=111000
It 45: fitness=108200
It 50: fitness=104400
It 55: fitness=104000
It 60: fitness=99890
It 65: fitness=97730
It 70: fitness=95940
It 75: fitness=95310
It 80: fitness=94460
It 85: fitness=94050
It 90: fitness=93780
It 95: fitness=93460
It 100: fitness=92830
It 105: fitness=92040
It 110: fitness=91810
It 115: fitness=90910
It 120: fitness=90220
It 125: fitness=90020
It 130: fitness=89320
It 135: fitness=89110
It 140: fitness=88940
It 145: fitness=88400
It 150: fitness=87860
It 155: fitness=87750
It 160: fitness=87520
It 165: fitness=87400
It 170: fitness=87280
It 175: fitness=87190
It 180: fitness=87070
It 185: fitness=86940
It 190: fitness=86860
It 195: fitness=86830
It 200: fitness=86760
It 205: fitness=86620
It 210: fitness=86620
It 215: fitness=86600
It 220: fitness=86530
It 225: fitness=86520
It 230: fitness=86470
It 235: fitness=86430
It 240: fitness=86400
It 245: fitness=86380
It 250: fitness=86250
It 255: fitness=84670
It 260: fitness=84460
It 265: fitness=84440
It 270: fitness=84420
It 275: fitness=84340
It 280: fitness=84280
It 285: fitness=84270
It 290: fitness=84180
It 295: fitness=84180
It 300: fitness=84100
It 305: fitness=84080
It 310: fitness=84060
It 315: fitness=84040
It 320: fitness=84010
It 325: fitness=84010
It 330: fitness=84000
It 335: fitness=83980
It 340: fitness=83960
It 345: fitness=83930
It 350: fitness=83890
It 355: fitness=83880
It 360: fitness=83880
It 365: fitness=83870
It 370: fitness=83850
It 375: fitness=83840
It 380: fitness=83840
It 385: fitness=83840
It 390: fitness=83840
It 395: fitness=83830
It 400: fitness=83830
It 405: fitness=83820
It 410: fitness=83820
It 415: fitness=83770
It 420: fitness=83270
It 425: fitness=83260
It 430: fitness=83230
It 435: fitness=83230
It 440: fitness=83210
It 445: fitness=83200
It 450: fitness=83200
It 455: fitness=83190
It 460: fitness=83180
It 465: fitness=83170
It 470: fitness=83170
It 475: fitness=83170
It 480: fitness=83160
It 485: fitness=83160
It 490: fitness=83150
It 495: fitness=83150
It 500: fitness=83150
It 505: fitness=83140
It 510: fitness=83130
It 515: fitness=83130
It 520: fitness=83130
It 525: fitness=83130
It 530: fitness=83130
It 535: fitness=83130
It 540: fitness=83130
It 545: fitness=83130
It 550: fitness=83130
It 555: fitness=83130
It 560: fitness=83120
It 565: fitness=83120
It 570: fitness=83120
It 575: fitness=83120
It 580: fitness=83120
It 585: fitness=83120
It 590: fitness=83120
It 595: fitness=83120
It 600: fitness=83120
It 605: fitness=83120
It 610: fitness=83120
It 615: fitness=83120
It 620: fitness=83120
It 625: fitness=83120
It 630: fitness=83120
It 635: fitness=83120
It 640: fitness=83120
It 645: fitness=83120
It 650: fitness=83120
It 655: fitness=83120
It 660: fitness=83120
It 665: fitness=83120
It 670: fitness=83120
It 675: fitness=83120
It 680: fitness=83120
It 685: fitness=83120
It 690: fitness=83120
It 695: fitness=83120
It 700: fitness=83120
It 705: fitness=83120
It 710: fitness=83120
It 715: fitness=83120
It 720: fitness=83120
It 725: fitness=83110
It 730: fitness=83110
It 735: fitness=83110
It 740: fitness=83110
It 745: fitness=83110
It 750: fitness=83110
It 755: fitness=83110
It 760: fitness=83110
It 765: fitness=83110
It 770: fitness=83110
It 775: fitness=83110
It 780: fitness=83110
It 785: fitness=83110
It 790: fitness=83110
It 795: fitness=83110
It 800: fitness=83110
It 805: fitness=83110
It 810: fitness=83110
It 815: fitness=83110
It 820: fitness=83110
It 825: fitness=83110
It 830: fitness=83110
It 835: fitness=83110
It 840: fitness=83110
It 845: fitness=83110
It 850: fitness=83110
It 855: fitness=83110
It 860: fitness=83110
It 865: fitness=83110
It 870: fitness=83110
It 875: fitness=83110
It 880: fitness=83110
It 885: fitness=83110
It 890: fitness=83110
It 895: fitness=83110
It 900: fitness=83110
It 905: fitness=83110
It 910: fitness=83110
It 915: fitness=83110
It 920: fitness=83110
It 925: fitness=83110
It 930: fitness=83110
It 935: fitness=83110
It 940: fitness=83110
It 945: fitness=83110
It 950: fitness=83110
It 955: fitness=83110
It 960: fitness=83110
It 965: fitness=83110
It 970: fitness=83110
It 975: fitness=83110
It 980: fitness=83110
It 985: fitness=83110
It 990: fitness=83110
It 995: fitness=83110
It 1000: fitness=83110
It 1005: fitness=83110
It 1010: fitness=83110
It 1015: fitness=83110
It 1020: fitness=83110
It 1025: fitness=83110
It 1030: fitness=83110
It 1035: fitness=83110
It 1040: fitness=83110
It 1045: fitness=83110
It 1050: fitness=83110
It 1055: fitness=83110
It 1060: fitness=83110
It 1065: fitness=83110
It 1070: fitness=83110
It 1075: fitness=83110
It 1080: fitness=83110
It 1085: fitness=83110
It 1090: fitness=83110
It 1095: fitness=83110
It 1100: fitness=83110
It 1105: fitness=83110
It 1110: fitness=83110
It 1115: fitness=83110
It 1120: fitness=83110
It 1125: fitness=83110
It 1130: fitness=83110
It 1135: fitness=83110
It 1140: fitness=83110
It 1145: fitness=83110
It 1150: fitness=83110
It 1155: fitness=83110
It 1160: fitness=83110
It 1165: fitness=83110
It 1170: fitness=83110
It 1175: fitness=83110
It 1180: fitness=83110
It 1185: fitness=83110
It 1190: fitness=83110
It 1195: fitness=83110
It 1200: fitness=83110
It 1205: fitness=83110
It 1210: fitness=83110
It 1215: fitness=83110
It 1220: fitness=83110
It 1225: fitness=83110
It 1230: fitness=83110
It 1235: fitness=83110
It 1240: fitness=83110
It 1245: fitness=83110
It 1250: fitness=83110
It 1255: fitness=83110
It 1260: fitness=83110
It 1265: fitness=83110
It 1270: fitness=83110
It 1275: fitness=83110
It 1280: fitness=83110
It 1285: fitness=83110
It 1290: fitness=83110
It 1295: fitness=83110
It 1300: fitness=83110
It 1305: fitness=83110
It 1310: fitness=83110
It 1315: fitness=83110
It 1320: fitness=83110
It 1325: fitness=83110
It 1330: fitness=83110
It 1335: fitness=83110
It 1340: fitness=83110
It 1345: fitness=83110
It 1350: fitness=83110
It 1355: fitness=83110
It 1360: fitness=83110
It 1365: fitness=83110
It 1370: fitness=83110
It 1375: fitness=83110
It 1380: fitness=83110
It 1385: fitness=83110
It 1390: fitness=83110
It 1395: fitness=83110
It 1400: fitness=83110
It 1405: fitness=83110
It 1410: fitness=83110
It 1415: fitness=83110
It 1420: fitness=83110
It 1425: fitness=83110
It 1430: fitness=83110
It 1435: fitness=83110
It 1440: fitness=83110
It 1445: fitness=83110
It 1450: fitness=83110
It 1455: fitness=83110
It 1460: fitness=83110
It 1465: fitness=83110
It 1470: fitness=83110
It 1475: fitness=83110
It 1480: fitness=83110
It 1485: fitness=83110
It 1490: fitness=83110
It 1495: fitness=83110
It 1500: fitness=83110
Maximal number of iterations without improvement reached
>> Resamp_Iter 2 negLL: 83112.24 (ref:  84975.05 )
>> Resamp_params: 0.5936038 0.5905773 0.5995431 0.5148943 0.5473653 0.534341 0.4914825 0.6134933 0.5479569 0.5810797 0.5432542 0.66 0.5516353 0.5488 0.67832 0.5857829 0.5551816 0.5965807 0.6584326 0.5898449 0.4947766 0.4801352 0.6299999 0.6376966 0.5787577 0.5259 0.628157 0.5716275 0.5289393 0.5822964 0.6283267 0.001 0.9641122 1.164374 -499.9996 -76.87211 0.4070167 
 [1]    0.5616531    0.5857182    0.5515381    0.5487872    0.5436690
 [6]    0.5326105    0.5999994    0.6127043    0.5435578    0.5752417
[11]    0.5403226    0.6599999    0.6199999    0.5482508    0.6396637
[16]    0.7099759    0.5524150    0.5933308    0.6551963    0.5901898
[21]    0.5353083    0.4977788    0.5328646    0.6337159    0.5756330
[26]    0.5774914    0.4900002    0.5706977    0.5274690    0.5792556
[31]    0.5523559    0.0010000    0.9568725    1.3000000 -499.9944096
[36]  -91.9769067    0.4173210
>> sd Resamp 3 : 3 31 23 28 24 23 2 10 5 23 9 6 26 11 8 21 20 19 30 28 5 2 7 1 29 28 22 2 12 4 8 
>> Opt param @ resamp: 78953.9 
S=22, K=3, p=0.1303, w0=0.7213, w1=0.7213, c.p=1.193, c.g=1.193
v.max=NA, d=6.083, vectorize=FALSE, hybrid=off
It 5: fitness=184500
It 10: fitness=182300
It 15: fitness=167800
It 20: fitness=141900
It 25: fitness=138700
It 30: fitness=128100
It 35: fitness=127700
It 40: fitness=122200
It 45: fitness=120800
It 50: fitness=119300
It 55: fitness=116800
It 60: fitness=116800
It 65: fitness=116200
It 70: fitness=114400
It 75: fitness=113500
It 80: fitness=112900
It 85: fitness=112600
It 90: fitness=111700
It 95: fitness=110700
It 100: fitness=110600
It 105: fitness=110400
It 110: fitness=109600
It 115: fitness=109600
It 120: fitness=109400
It 125: fitness=109200
It 130: fitness=109000
It 135: fitness=108700
It 140: fitness=108400
It 145: fitness=108400
It 150: fitness=108300
It 155: fitness=106300
It 160: fitness=102800
It 165: fitness=102600
It 170: fitness=102500
It 175: fitness=102000
It 180: fitness=100900
It 185: fitness=100300
It 190: fitness=99730
It 195: fitness=99440
It 200: fitness=99280
It 205: fitness=98920
It 210: fitness=98770
It 215: fitness=98630
It 220: fitness=98620
It 225: fitness=98620
It 230: fitness=98100
It 235: fitness=97910
It 240: fitness=97870
It 245: fitness=97680
It 250: fitness=97580
It 255: fitness=97480
It 260: fitness=97350
It 265: fitness=97270
It 270: fitness=97150
It 275: fitness=97080
It 280: fitness=96980
It 285: fitness=96970
It 290: fitness=96900
It 295: fitness=96860
It 300: fitness=96780
It 305: fitness=96720
It 310: fitness=96700
It 315: fitness=96690
It 320: fitness=96660
It 325: fitness=96650
It 330: fitness=96640
It 335: fitness=96620
It 340: fitness=96610
It 345: fitness=96590
It 350: fitness=96580
It 355: fitness=96570
It 360: fitness=96570
It 365: fitness=96560
It 370: fitness=96550
It 375: fitness=96550
It 380: fitness=96550
It 385: fitness=96550
It 390: fitness=96530
It 395: fitness=96530
It 400: fitness=96530
It 405: fitness=96520
It 410: fitness=96520
It 415: fitness=96520
It 420: fitness=96520
It 425: fitness=96520
It 430: fitness=96510
It 435: fitness=96510
It 440: fitness=96510
It 445: fitness=96510
It 450: fitness=96510
It 455: fitness=96510
It 460: fitness=96510
It 465: fitness=96510
It 470: fitness=96510
It 475: fitness=96510
It 480: fitness=96510
It 485: fitness=96510
It 490: fitness=96510
It 495: fitness=96510
It 500: fitness=96500
It 505: fitness=96500
It 510: fitness=96500
It 515: fitness=96500
It 520: fitness=96500
It 525: fitness=96500
It 530: fitness=96500
It 535: fitness=96500
It 540: fitness=96500
It 545: fitness=96500
It 550: fitness=96500
It 555: fitness=96500
It 560: fitness=96500
It 565: fitness=96500
It 570: fitness=96500
It 575: fitness=96500
It 580: fitness=96500
It 585: fitness=96500
It 590: fitness=96500
It 595: fitness=96500
It 600: fitness=96500
It 605: fitness=96500
It 610: fitness=96500
It 615: fitness=96500
It 620: fitness=96500
It 625: fitness=96500
It 630: fitness=96500
It 635: fitness=96500
It 640: fitness=96500
It 645: fitness=96500
It 650: fitness=96500
It 655: fitness=96500
It 660: fitness=96500
It 665: fitness=96500
It 670: fitness=96500
It 675: fitness=96500
It 680: fitness=96500
It 685: fitness=96500
It 690: fitness=96500
It 695: fitness=96500
It 700: fitness=96500
It 705: fitness=96500
It 710: fitness=96500
It 715: fitness=96500
It 720: fitness=96500
It 725: fitness=96500
It 730: fitness=96500
It 735: fitness=96500
It 740: fitness=96500
It 745: fitness=96500
It 750: fitness=96500
It 755: fitness=96500
It 760: fitness=96500
It 765: fitness=96500
It 770: fitness=96500
It 775: fitness=96500
It 780: fitness=96500
It 785: fitness=96500
It 790: fitness=96500
It 795: fitness=96500
It 800: fitness=96500
It 805: fitness=96500
It 810: fitness=96500
It 815: fitness=96500
It 820: fitness=96500
It 825: fitness=96500
It 830: fitness=96500
It 835: fitness=96500
It 840: fitness=96500
It 845: fitness=96500
It 850: fitness=96500
It 855: fitness=96500
It 860: fitness=96500
It 865: fitness=96500
It 870: fitness=96500
It 875: fitness=96500
It 880: fitness=96500
It 885: fitness=96500
It 890: fitness=96500
It 895: fitness=96500
It 900: fitness=96500
It 905: fitness=96500
It 910: fitness=96500
It 915: fitness=96500
It 920: fitness=96500
It 925: fitness=96500
It 930: fitness=96500
It 935: fitness=96500
It 940: fitness=96500
It 945: fitness=96500
It 950: fitness=96500
It 955: fitness=96500
It 960: fitness=96500
It 965: fitness=96500
It 970: fitness=96500
It 975: fitness=96500
It 980: fitness=96500
It 985: fitness=96500
It 990: fitness=96500
It 995: fitness=96500
It 1000: fitness=96500
It 1005: fitness=96500
It 1010: fitness=96500
It 1015: fitness=96500
It 1020: fitness=96500
It 1025: fitness=96500
It 1030: fitness=96500
It 1035: fitness=96500
It 1040: fitness=96500
It 1045: fitness=96500
It 1050: fitness=96500
It 1055: fitness=96500
It 1060: fitness=96500
It 1065: fitness=96500
It 1070: fitness=96500
It 1075: fitness=96500
It 1080: fitness=96500
It 1085: fitness=96500
It 1090: fitness=96500
It 1095: fitness=96500
It 1100: fitness=96500
It 1105: fitness=96500
It 1110: fitness=96500
It 1115: fitness=96500
It 1120: fitness=96500
It 1125: fitness=96500
It 1130: fitness=96500
It 1135: fitness=96500
It 1140: fitness=96500
It 1145: fitness=96500
It 1150: fitness=96500
It 1155: fitness=96500
It 1160: fitness=96500
It 1165: fitness=96500
It 1170: fitness=96500
It 1175: fitness=96500
It 1180: fitness=96500
It 1185: fitness=96500
It 1190: fitness=96500
It 1195: fitness=96500
It 1200: fitness=96500
It 1205: fitness=96500
It 1210: fitness=96500
It 1215: fitness=96500
It 1220: fitness=96500
It 1225: fitness=96500
It 1230: fitness=96500
It 1235: fitness=96500
It 1240: fitness=96500
It 1245: fitness=96500
It 1250: fitness=96500
It 1255: fitness=96500
It 1260: fitness=96500
It 1265: fitness=96500
It 1270: fitness=96500
It 1275: fitness=96500
It 1280: fitness=96500
It 1285: fitness=96500
It 1290: fitness=96500
It 1295: fitness=96500
It 1300: fitness=96500
It 1305: fitness=96500
It 1310: fitness=96500
It 1315: fitness=96500
It 1320: fitness=96500
It 1325: fitness=96500
It 1330: fitness=96500
It 1335: fitness=96500
It 1340: fitness=96500
It 1345: fitness=96500
It 1350: fitness=96500
It 1355: fitness=96500
It 1360: fitness=96500
It 1365: fitness=96500
It 1370: fitness=96500
It 1375: fitness=96500
It 1380: fitness=96500
It 1385: fitness=96500
It 1390: fitness=96500
It 1395: fitness=96500
It 1400: fitness=96500
It 1405: fitness=96500
It 1410: fitness=96500
It 1415: fitness=96500
It 1420: fitness=96500
It 1425: fitness=96500
It 1430: fitness=96500
It 1435: fitness=96500
It 1440: fitness=96500
It 1445: fitness=96500
It 1450: fitness=96500
It 1455: fitness=96500
It 1460: fitness=96500
It 1465: fitness=96500
It 1470: fitness=96500
It 1475: fitness=96500
It 1480: fitness=96500
It 1485: fitness=96500
It 1490: fitness=96500
It 1495: fitness=96500
It 1500: fitness=96500
It 1505: fitness=96500
It 1510: fitness=96500
It 1515: fitness=96500
It 1520: fitness=96500
It 1525: fitness=96500
It 1530: fitness=96500
It 1535: fitness=96500
It 1540: fitness=96500
It 1545: fitness=96500
It 1550: fitness=96500
It 1555: fitness=96500
It 1560: fitness=96500
It 1565: fitness=96500
It 1570: fitness=96500
It 1575: fitness=96500
It 1580: fitness=96500
It 1585: fitness=96500
It 1590: fitness=96500
It 1595: fitness=96500
It 1600: fitness=96500
It 1605: fitness=96500
It 1610: fitness=96500
It 1615: fitness=96500
It 1620: fitness=96500
It 1625: fitness=96500
It 1630: fitness=96500
It 1635: fitness=96500
It 1640: fitness=96500
It 1645: fitness=96500
It 1650: fitness=96500
It 1655: fitness=96500
It 1660: fitness=96500
It 1665: fitness=96500
It 1670: fitness=96500
It 1675: fitness=96500
It 1680: fitness=96500
It 1685: fitness=96500
It 1690: fitness=96500
It 1695: fitness=96500
It 1700: fitness=96500
It 1705: fitness=96500
It 1710: fitness=96500
It 1715: fitness=96500
It 1720: fitness=96500
It 1725: fitness=96500
It 1730: fitness=96500
It 1735: fitness=96500
It 1740: fitness=96500
It 1745: fitness=96500
It 1750: fitness=96500
It 1755: fitness=96500
It 1760: fitness=96500
It 1765: fitness=96500
It 1770: fitness=96500
It 1775: fitness=96500
It 1780: fitness=96500
It 1785: fitness=96500
It 1790: fitness=96500
It 1795: fitness=96500
It 1800: fitness=96500
It 1805: fitness=96500
It 1810: fitness=96500
Maximal number of iterations without improvement reached
>> Resamp_Iter 3 negLL: 96495.25 (ref:  78953.9 )
>> Resamp_params: 0.5597335 0.5746554 0.5511905 0.5489146 0.6199997 0.5309511 0.5257165 0.6068222 0.5440484 0.5785141 0.5369857 0.6599998 0.5609554 0.4781485 0.4945048 0.4633708 0.6361696 0.7037644 0.4002303 0.5886704 0.5330434 0.4965853 0.5291097 0.6547469 0.4569668 0.5818506 0.5346537 0.5650345 0.5256392 0.5730061 0.552312 0.001 0.9963283 1.204714 -499.9989 -98.15916 0.4121162 
 [1]    0.5616531    0.5857182    0.5515381    0.5487872    0.5436690
 [6]    0.5326105    0.5999994    0.6127043    0.5435578    0.5752417
[11]    0.5403226    0.6599999    0.6199999    0.5482508    0.6396637
[16]    0.7099759    0.5524150    0.5933308    0.6551963    0.5901898
[21]    0.5353083    0.4977788    0.5328646    0.6337159    0.5756330
[26]    0.5774914    0.4900002    0.5706977    0.5274690    0.5792556
[31]    0.5523559    0.0010000    0.9568725    1.3000000 -499.9944096
[36]  -91.9769067    0.4173210
>> sd Resamp 4 : 20 24 12 4 23 10 25 30 26 11 21 6 25 11 30 19 14 10 14 22 27 15 6 29 8 13 3 7 15 27 20 
>> Opt param @ resamp: 110359.2 
S=22, K=3, p=0.1303, w0=0.7213, w1=0.7213, c.p=1.193, c.g=1.193
v.max=NA, d=6.083, vectorize=FALSE, hybrid=off
It 5: fitness=237800
It 10: fitness=207600
It 15: fitness=185000
It 20: fitness=178500
It 25: fitness=170200
It 30: fitness=158400
It 35: fitness=158400
It 40: fitness=155000
It 45: fitness=152400
It 50: fitness=147800
It 55: fitness=145100
It 60: fitness=141600
It 65: fitness=138300
It 70: fitness=136900
It 75: fitness=136000
It 80: fitness=134100
It 85: fitness=132000
It 90: fitness=130000
It 95: fitness=128400
It 100: fitness=125500
It 105: fitness=123400
It 110: fitness=122400
It 115: fitness=120700
It 120: fitness=119000
It 125: fitness=118700
It 130: fitness=118400
It 135: fitness=118000
It 140: fitness=117400
It 145: fitness=117100
It 150: fitness=115800
It 155: fitness=115200
It 160: fitness=114700
It 165: fitness=114000
It 170: fitness=113900
It 175: fitness=113600
It 180: fitness=113500
It 185: fitness=113200
It 190: fitness=113100
It 195: fitness=113100
It 200: fitness=112900
It 205: fitness=112900
It 210: fitness=112900
It 215: fitness=112700
It 220: fitness=112700
It 225: fitness=112700
It 230: fitness=112600
It 235: fitness=112600
It 240: fitness=112600
It 245: fitness=112500
It 250: fitness=112500
It 255: fitness=112500
It 260: fitness=112400
It 265: fitness=112400
It 270: fitness=112400
It 275: fitness=112400
It 280: fitness=112400
It 285: fitness=112400
It 290: fitness=112400
It 295: fitness=112400
It 300: fitness=112400
It 305: fitness=112400
It 310: fitness=112400
It 315: fitness=112300
It 320: fitness=112300
It 325: fitness=112300
It 330: fitness=112300
It 335: fitness=112300
It 340: fitness=112300
It 345: fitness=112200
It 350: fitness=112100
It 355: fitness=112000
It 360: fitness=112000
It 365: fitness=112000
It 370: fitness=112000
It 375: fitness=112000
It 380: fitness=112000
It 385: fitness=111900
It 390: fitness=111900
It 395: fitness=111900
It 400: fitness=111900
It 405: fitness=111900
It 410: fitness=111900
It 415: fitness=111900
It 420: fitness=111900
It 425: fitness=111900
It 430: fitness=111900
It 435: fitness=111900
It 440: fitness=111900
It 445: fitness=111900
It 450: fitness=111900
It 455: fitness=111900
It 460: fitness=111900
It 465: fitness=111900
It 470: fitness=111900
It 475: fitness=111900
It 480: fitness=111900
It 485: fitness=111900
It 490: fitness=111900
It 495: fitness=111900
It 500: fitness=111900
It 505: fitness=111900
It 510: fitness=111900
It 515: fitness=111900
It 520: fitness=111900
It 525: fitness=111900
It 530: fitness=111900
It 535: fitness=111900
It 540: fitness=111900
It 545: fitness=111900
It 550: fitness=111900
It 555: fitness=111900
It 560: fitness=111900
It 565: fitness=111900
It 570: fitness=111900
It 575: fitness=111900
It 580: fitness=111800
It 585: fitness=111800
It 590: fitness=111800
It 595: fitness=111800
It 600: fitness=111800
It 605: fitness=111800
It 610: fitness=111800
It 615: fitness=111800
It 620: fitness=111800
It 625: fitness=111800
It 630: fitness=111800
It 635: fitness=111800
It 640: fitness=111800
It 645: fitness=111800
It 650: fitness=111800
It 655: fitness=111800
It 660: fitness=111800
It 665: fitness=111800
It 670: fitness=111800
It 675: fitness=111800
It 680: fitness=111800
It 685: fitness=111800
It 690: fitness=111800
It 695: fitness=111800
It 700: fitness=111800
It 705: fitness=111800
It 710: fitness=111800
It 715: fitness=111800
It 720: fitness=111800
It 725: fitness=111800
It 730: fitness=111800
It 735: fitness=111800
It 740: fitness=111800
It 745: fitness=111800
It 750: fitness=111800
It 755: fitness=111800
It 760: fitness=111800
It 765: fitness=111800
It 770: fitness=111800
It 775: fitness=111800
It 780: fitness=111800
It 785: fitness=111800
It 790: fitness=111800
It 795: fitness=111800
It 800: fitness=111800
It 805: fitness=111800
It 810: fitness=111800
It 815: fitness=111800
It 820: fitness=111800
It 825: fitness=111800
It 830: fitness=111800
It 835: fitness=111800
It 840: fitness=111800
It 845: fitness=111800
It 850: fitness=111800
It 855: fitness=111800
It 860: fitness=111800
It 865: fitness=111800
It 870: fitness=111800
It 875: fitness=111800
It 880: fitness=111800
It 885: fitness=111800
It 890: fitness=111800
It 895: fitness=111800
It 900: fitness=111800
It 905: fitness=111800
It 910: fitness=111800
It 915: fitness=111800
It 920: fitness=111800
It 925: fitness=111800
It 930: fitness=111800
It 935: fitness=111800
It 940: fitness=111800
It 945: fitness=111800
It 950: fitness=111800
It 955: fitness=111800
It 960: fitness=111800
It 965: fitness=111800
It 970: fitness=111800
It 975: fitness=111800
It 980: fitness=111800
It 985: fitness=111800
It 990: fitness=111800
It 995: fitness=111800
It 1000: fitness=111800
It 1005: fitness=111800
It 1010: fitness=111800
It 1015: fitness=111800
It 1020: fitness=111800
It 1025: fitness=111800
It 1030: fitness=111800
It 1035: fitness=111800
It 1040: fitness=111800
It 1045: fitness=111800
It 1050: fitness=111800
It 1055: fitness=111800
It 1060: fitness=111800
It 1065: fitness=111800
It 1070: fitness=111800
It 1075: fitness=111800
It 1080: fitness=111800
It 1085: fitness=111800
It 1090: fitness=111800
It 1095: fitness=111800
It 1100: fitness=111800
It 1105: fitness=111800
It 1110: fitness=111800
It 1115: fitness=111800
It 1120: fitness=111800
It 1125: fitness=111800
It 1130: fitness=111800
It 1135: fitness=111800
It 1140: fitness=111800
It 1145: fitness=111800
It 1150: fitness=111800
It 1155: fitness=111800
It 1160: fitness=111800
It 1165: fitness=111800
It 1170: fitness=111800
It 1175: fitness=111800
It 1180: fitness=111800
It 1185: fitness=111800
It 1190: fitness=111800
It 1195: fitness=111800
It 1200: fitness=111800
It 1205: fitness=111800
It 1210: fitness=111800
It 1215: fitness=111800
It 1220: fitness=111800
It 1225: fitness=111800
It 1230: fitness=111800
It 1235: fitness=111800
It 1240: fitness=111800
It 1245: fitness=111800
It 1250: fitness=111800
It 1255: fitness=111800
It 1260: fitness=111800
It 1265: fitness=111800
It 1270: fitness=111800
It 1275: fitness=111800
It 1280: fitness=111800
It 1285: fitness=111800
It 1290: fitness=111800
It 1295: fitness=111800
It 1300: fitness=111800
It 1305: fitness=111800
It 1310: fitness=111800
It 1315: fitness=111800
It 1320: fitness=111800
It 1325: fitness=111800
It 1330: fitness=111800
It 1335: fitness=111800
It 1340: fitness=111800
It 1345: fitness=111800
It 1350: fitness=111800
It 1355: fitness=111800
It 1360: fitness=111800
It 1365: fitness=111800
It 1370: fitness=111800
It 1375: fitness=111800
It 1380: fitness=111800
It 1385: fitness=111800
It 1390: fitness=111800
It 1395: fitness=111800
It 1400: fitness=111800
It 1405: fitness=111800
It 1410: fitness=111800
It 1415: fitness=111800
It 1420: fitness=111800
It 1425: fitness=111800
It 1430: fitness=111800
It 1435: fitness=111800
It 1440: fitness=111800
It 1445: fitness=111800
It 1450: fitness=111800
It 1455: fitness=111800
It 1460: fitness=111800
It 1465: fitness=111800
It 1470: fitness=111800
It 1475: fitness=111800
It 1480: fitness=111800
It 1485: fitness=111800
It 1490: fitness=111800
It 1495: fitness=111800
It 1500: fitness=111800
It 1505: fitness=111800
It 1510: fitness=111800
It 1515: fitness=111800
It 1520: fitness=111800
It 1525: fitness=111800
It 1530: fitness=111800
It 1535: fitness=111800
It 1540: fitness=111800
It 1545: fitness=111800
It 1550: fitness=111800
It 1555: fitness=111800
It 1560: fitness=111800
It 1565: fitness=111800
It 1570: fitness=111800
It 1575: fitness=111800
It 1580: fitness=111800
It 1585: fitness=111800
It 1590: fitness=111800
It 1595: fitness=111800
It 1600: fitness=111800
It 1605: fitness=111800
It 1610: fitness=111800
It 1615: fitness=111800
It 1620: fitness=111800
It 1625: fitness=111800
It 1630: fitness=111800
It 1635: fitness=111800
It 1640: fitness=111800
It 1645: fitness=111800
It 1650: fitness=111800
It 1655: fitness=111800
It 1660: fitness=111800
It 1665: fitness=111800
It 1670: fitness=111800
It 1675: fitness=111800
It 1680: fitness=111800
It 1685: fitness=111800
It 1690: fitness=111800
It 1695: fitness=111800
It 1700: fitness=111800
It 1705: fitness=111800
It 1710: fitness=111800
It 1715: fitness=111800
It 1720: fitness=111800
It 1725: fitness=111800
It 1730: fitness=111800
It 1735: fitness=111800
It 1740: fitness=111800
It 1745: fitness=111800
It 1750: fitness=111800
It 1755: fitness=111800
It 1760: fitness=111800
It 1765: fitness=111800
It 1770: fitness=111800
It 1775: fitness=111800
It 1780: fitness=111800
It 1785: fitness=111800
It 1790: fitness=111800
It 1795: fitness=111800
It 1800: fitness=111800
It 1805: fitness=111800
It 1810: fitness=111800
It 1815: fitness=111800
It 1820: fitness=111800
It 1825: fitness=111800
It 1830: fitness=111800
It 1835: fitness=111800
It 1840: fitness=111800
It 1845: fitness=111800
It 1850: fitness=111800
It 1855: fitness=111800
It 1860: fitness=111800
It 1865: fitness=111800
It 1870: fitness=111800
It 1875: fitness=111800
It 1880: fitness=111800
It 1885: fitness=111800
It 1890: fitness=111800
It 1895: fitness=111800
It 1900: fitness=111800
It 1905: fitness=111800
It 1910: fitness=111800
It 1915: fitness=111800
It 1920: fitness=111800
It 1925: fitness=111800
It 1930: fitness=111800
It 1935: fitness=111800
It 1940: fitness=111800
It 1945: fitness=111800
It 1950: fitness=111800
It 1955: fitness=111800
It 1960: fitness=111800
It 1965: fitness=111800
It 1970: fitness=111800
It 1975: fitness=111800
It 1980: fitness=111800
It 1985: fitness=111800
It 1990: fitness=111800
It 1995: fitness=111800
It 2000: fitness=111800
It 2005: fitness=111800
It 2010: fitness=111800
It 2015: fitness=111800
It 2020: fitness=111800
It 2025: fitness=111800
It 2030: fitness=111800
It 2035: fitness=111800
It 2040: fitness=111800
It 2045: fitness=111800
It 2050: fitness=111800
It 2055: fitness=111800
It 2060: fitness=111800
It 2065: fitness=111800
It 2070: fitness=111800
It 2075: fitness=111800
It 2080: fitness=111800
It 2085: fitness=111800
It 2090: fitness=111800
It 2095: fitness=111800
It 2100: fitness=111800
It 2105: fitness=111800
It 2110: fitness=111800
It 2115: fitness=111800
It 2120: fitness=111800
It 2125: fitness=111800
It 2130: fitness=111800
It 2135: fitness=111800
It 2140: fitness=111800
It 2145: fitness=111800
It 2150: fitness=111800
It 2155: fitness=111800
It 2160: fitness=111800
It 2165: fitness=111800
It 2170: fitness=111800
It 2175: fitness=111800
It 2180: fitness=111800
It 2185: fitness=111800
It 2190: fitness=111800
It 2195: fitness=111800
It 2200: fitness=111800
It 2205: fitness=111800
It 2210: fitness=111800
It 2215: fitness=111800
It 2220: fitness=111800
It 2225: fitness=111800
It 2230: fitness=111800
It 2235: fitness=111800
It 2240: fitness=111800
It 2245: fitness=111800
It 2250: fitness=111800
It 2255: fitness=111800
It 2260: fitness=111800
It 2265: fitness=111800
It 2270: fitness=111800
It 2275: fitness=111800
It 2280: fitness=111800
It 2285: fitness=111800
It 2290: fitness=111800
It 2295: fitness=111800
It 2300: fitness=111800
It 2305: fitness=111800
It 2310: fitness=111800
It 2315: fitness=111800
It 2320: fitness=111800
It 2325: fitness=111800
It 2330: fitness=111800
It 2335: fitness=111800
It 2340: fitness=111800
It 2345: fitness=111800
It 2350: fitness=111800
It 2355: fitness=111800
It 2360: fitness=111800
It 2365: fitness=111800
It 2370: fitness=111800
It 2375: fitness=111800
It 2380: fitness=111800
It 2385: fitness=111800
It 2390: fitness=111800
It 2395: fitness=111800
It 2400: fitness=111800
It 2405: fitness=111800
It 2410: fitness=111800
It 2415: fitness=111800
It 2420: fitness=111800
It 2425: fitness=111800
It 2430: fitness=111800
It 2435: fitness=111800
It 2440: fitness=111800
It 2445: fitness=111800
It 2450: fitness=111800
It 2455: fitness=111800
It 2460: fitness=111800
It 2465: fitness=111800
It 2470: fitness=111800
It 2475: fitness=111800
It 2480: fitness=111800
It 2485: fitness=111800
It 2490: fitness=111800
It 2495: fitness=111800
It 2500: fitness=111800
It 2505: fitness=111800
It 2510: fitness=111800
It 2515: fitness=111800
It 2520: fitness=111800
It 2525: fitness=111800
It 2530: fitness=111800
It 2535: fitness=111800
It 2540: fitness=111800
It 2545: fitness=111800
It 2550: fitness=111800
It 2555: fitness=111800
It 2560: fitness=111800
It 2565: fitness=111800
It 2570: fitness=111800
It 2575: fitness=111800
It 2580: fitness=111800
It 2585: fitness=111800
It 2590: fitness=111800
It 2595: fitness=111800
It 2600: fitness=111800
It 2605: fitness=111800
It 2610: fitness=111800
It 2615: fitness=111800
It 2620: fitness=111800
It 2625: fitness=111800
It 2630: fitness=111800
It 2635: fitness=111800
It 2640: fitness=111800
It 2645: fitness=111800
It 2650: fitness=111800
It 2655: fitness=111800
It 2660: fitness=111800
It 2665: fitness=111800
It 2670: fitness=111800
It 2675: fitness=111800
It 2680: fitness=111800
It 2685: fitness=111800
It 2690: fitness=111800
It 2695: fitness=111800
It 2700: fitness=111800
It 2705: fitness=111800
It 2710: fitness=111800
It 2715: fitness=111800
It 2720: fitness=111800
It 2725: fitness=111800
It 2730: fitness=111800
It 2735: fitness=111800
It 2740: fitness=111800
It 2745: fitness=111800
It 2750: fitness=111800
It 2755: fitness=111800
It 2760: fitness=111800
It 2765: fitness=111800
It 2770: fitness=111800
It 2775: fitness=111800
It 2780: fitness=111800
It 2785: fitness=111800
It 2790: fitness=111800
It 2795: fitness=111800
It 2800: fitness=111800
It 2805: fitness=111800
It 2810: fitness=111800
It 2815: fitness=111800
It 2820: fitness=111800
It 2825: fitness=111800
It 2830: fitness=111800
It 2835: fitness=111800
It 2840: fitness=111800
It 2845: fitness=111800
It 2850: fitness=111800
It 2855: fitness=111800
It 2860: fitness=111800
It 2865: fitness=111800
It 2870: fitness=111800
It 2875: fitness=111800
It 2880: fitness=111800
It 2885: fitness=111800
It 2890: fitness=111800
It 2895: fitness=111800
It 2900: fitness=111800
It 2905: fitness=111800
It 2910: fitness=111800
It 2915: fitness=111800
It 2920: fitness=111800
It 2925: fitness=111800
It 2930: fitness=111800
It 2935: fitness=111800
It 2940: fitness=111800
It 2945: fitness=111800
It 2950: fitness=111800
It 2955: fitness=111800
It 2960: fitness=111800
It 2965: fitness=111800
It 2970: fitness=111800
It 2975: fitness=111800
It 2980: fitness=111800
It 2985: fitness=111800
It 2990: fitness=111800
It 2995: fitness=111800
It 3000: fitness=111800
It 3005: fitness=111800
It 3010: fitness=111800
It 3015: fitness=111800
It 3020: fitness=111800
It 3025: fitness=111800
It 3030: fitness=111800
It 3035: fitness=111800
It 3040: fitness=111800
It 3045: fitness=111800
It 3050: fitness=111800
It 3055: fitness=111800
It 3060: fitness=111800
It 3065: fitness=111800
Maximal number of iterations without improvement reached
>> Resamp_Iter 4 negLL: 111820.4 (ref:  110359.2 )
>> Resamp_params: 0.6021027 0.5573408 0.5476784 0.5459958 0.485877 0.5321064 0.5222474 0.6130795 0.6294067 0.5721025 0.5406749 0.4400086 0.6199999 0.5488946 0.6422826 0.6911915 0.6386212 0.6818115 0.6594017 0.5880201 0.535028 0.4975881 0.5329906 0.6355572 0.5762107 0.575219 0.4900001 0.5400026 0.5246209 0.5799053 0.5739885 0.001 0.9506913 1.3 -443.6816 -89.71001 0.4122889 
 [1]    0.5616531    0.5857182    0.5515381    0.5487872    0.5436690
 [6]    0.5326105    0.5999994    0.6127043    0.5435578    0.5752417
[11]    0.5403226    0.6599999    0.6199999    0.5482508    0.6396637
[16]    0.7099759    0.5524150    0.5933308    0.6551963    0.5901898
[21]    0.5353083    0.4977788    0.5328646    0.6337159    0.5756330
[26]    0.5774914    0.4900002    0.5706977    0.5274690    0.5792556
[31]    0.5523559    0.0010000    0.9568725    1.3000000 -499.9944096
[36]  -91.9769067    0.4173210
>> sd Resamp 5 : 14 22 23 9 30 12 31 8 31 13 10 23 7 21 14 17 2 23 9 8 19 14 10 15 9 9 6 3 11 13 29 
>> Opt param @ resamp: 78246.67 
S=22, K=3, p=0.1303, w0=0.7213, w1=0.7213, c.p=1.193, c.g=1.193
v.max=NA, d=6.083, vectorize=FALSE, hybrid=off
It 5: fitness=113000
It 10: fitness=113000
It 15: fitness=106900
It 20: fitness=103400
It 25: fitness=101400
It 30: fitness=98140
It 35: fitness=94380
It 40: fitness=93380
It 45: fitness=89530
It 50: fitness=89070
It 55: fitness=88490
It 60: fitness=85770
It 65: fitness=84910
It 70: fitness=84680
It 75: fitness=84040
It 80: fitness=83270
It 85: fitness=82600
It 90: fitness=81920
It 95: fitness=81790
It 100: fitness=81680
It 105: fitness=81230
It 110: fitness=81100
It 115: fitness=80570
It 120: fitness=80300
It 125: fitness=79770
It 130: fitness=78970
It 135: fitness=78470
It 140: fitness=78090
It 145: fitness=77700
It 150: fitness=77410
It 155: fitness=76900
It 160: fitness=76470
It 165: fitness=76260
It 170: fitness=76100
It 175: fitness=75950
It 180: fitness=75930
It 185: fitness=75710
It 190: fitness=75470
It 195: fitness=75310
It 200: fitness=74920
It 205: fitness=74850
It 210: fitness=74670
It 215: fitness=74630
It 220: fitness=74590
It 225: fitness=74410
It 230: fitness=74350
It 235: fitness=74280
It 240: fitness=74060
It 245: fitness=74050
It 250: fitness=73950
It 255: fitness=73900
It 260: fitness=73820
It 265: fitness=73790
It 270: fitness=73760
It 275: fitness=73750
It 280: fitness=73670
It 285: fitness=73570
It 290: fitness=73570
It 295: fitness=73550
It 300: fitness=73510
It 305: fitness=73500
It 310: fitness=73460
It 315: fitness=73440
It 320: fitness=73430
It 325: fitness=73410
It 330: fitness=73400
It 335: fitness=73390
It 340: fitness=73380
It 345: fitness=73340
It 350: fitness=73320
It 355: fitness=73310
It 360: fitness=73300
It 365: fitness=73290
It 370: fitness=73270
It 375: fitness=73250
It 380: fitness=73240
It 385: fitness=73230
It 390: fitness=73220
It 395: fitness=73220
It 400: fitness=73210
It 405: fitness=73210
It 410: fitness=73200
It 415: fitness=73200
It 420: fitness=73190
It 425: fitness=73190
It 430: fitness=73180
It 435: fitness=73170
It 440: fitness=73160
It 445: fitness=73160
It 450: fitness=73150
It 455: fitness=73150
It 460: fitness=73150
It 465: fitness=73140
It 470: fitness=73130
It 475: fitness=73130
It 480: fitness=73120
It 485: fitness=73120
It 490: fitness=73120
It 495: fitness=73110
It 500: fitness=73110
It 505: fitness=73100
It 510: fitness=73100
It 515: fitness=73100
It 520: fitness=73090
It 525: fitness=73090
It 530: fitness=73090
It 535: fitness=73090
It 540: fitness=73090
It 545: fitness=73090
It 550: fitness=73090
It 555: fitness=73080
It 560: fitness=73080
It 565: fitness=73080
It 570: fitness=73080
It 575: fitness=73080
It 580: fitness=73080
It 585: fitness=73070
It 590: fitness=73070
It 595: fitness=73070
It 600: fitness=73070
It 605: fitness=73060
It 610: fitness=73060
It 615: fitness=73060
It 620: fitness=73050
It 625: fitness=73050
It 630: fitness=73050
It 635: fitness=73050
It 640: fitness=73050
It 645: fitness=73050
It 650: fitness=73040
It 655: fitness=73040
It 660: fitness=73040
It 665: fitness=73040
It 670: fitness=73040
It 675: fitness=73040
It 680: fitness=73030
It 685: fitness=73030
It 690: fitness=73030
It 695: fitness=73030
It 700: fitness=73030
It 705: fitness=73030
It 710: fitness=73030
It 715: fitness=73030
It 720: fitness=73030
It 725: fitness=73030
It 730: fitness=73030
It 735: fitness=73030
It 740: fitness=73030
It 745: fitness=73020
It 750: fitness=73020
It 755: fitness=73020
It 760: fitness=73020
It 765: fitness=73020
It 770: fitness=73020
It 775: fitness=73020
It 780: fitness=73020
It 785: fitness=73020
It 790: fitness=73020
It 795: fitness=73010
It 800: fitness=73010
It 805: fitness=73010
It 810: fitness=73010
It 815: fitness=73010
It 820: fitness=73010
It 825: fitness=73010
It 830: fitness=73010
It 835: fitness=73010
It 840: fitness=73010
It 845: fitness=73010
It 850: fitness=73010
It 855: fitness=73010
It 860: fitness=73010
It 865: fitness=73010
It 870: fitness=73010
It 875: fitness=73010
It 880: fitness=73010
It 885: fitness=73010
It 890: fitness=73010
It 895: fitness=73010
It 900: fitness=73010
It 905: fitness=73010
It 910: fitness=73010
It 915: fitness=73010
It 920: fitness=73010
It 925: fitness=73000
It 930: fitness=73000
It 935: fitness=73000
It 940: fitness=73000
It 945: fitness=73000
It 950: fitness=73000
It 955: fitness=73000
It 960: fitness=73000
It 965: fitness=73000
It 970: fitness=73000
It 975: fitness=73000
It 980: fitness=73000
It 985: fitness=73000
It 990: fitness=73000
It 995: fitness=73000
It 1000: fitness=73000
It 1005: fitness=73000
It 1010: fitness=73000
It 1015: fitness=73000
It 1020: fitness=73000
It 1025: fitness=73000
It 1030: fitness=73000
It 1035: fitness=73000
It 1040: fitness=73000
It 1045: fitness=73000
It 1050: fitness=73000
It 1055: fitness=73000
It 1060: fitness=73000
It 1065: fitness=73000
It 1070: fitness=73000
It 1075: fitness=73000
It 1080: fitness=73000
It 1085: fitness=73000
It 1090: fitness=73000
It 1095: fitness=73000
It 1100: fitness=73000
It 1105: fitness=73000
It 1110: fitness=73000
It 1115: fitness=73000
It 1120: fitness=73000
It 1125: fitness=73000
It 1130: fitness=73000
It 1135: fitness=73000
It 1140: fitness=73000
It 1145: fitness=73000
It 1150: fitness=73000
It 1155: fitness=73000
It 1160: fitness=73000
It 1165: fitness=73000
It 1170: fitness=73000
It 1175: fitness=73000
It 1180: fitness=73000
It 1185: fitness=73000
It 1190: fitness=73000
It 1195: fitness=73000
It 1200: fitness=73000
It 1205: fitness=73000
It 1210: fitness=73000
It 1215: fitness=73000
It 1220: fitness=73000
It 1225: fitness=73000
It 1230: fitness=73000
It 1235: fitness=73000
It 1240: fitness=73000
It 1245: fitness=73000
It 1250: fitness=73000
It 1255: fitness=73000
It 1260: fitness=73000
It 1265: fitness=73000
It 1270: fitness=73000
It 1275: fitness=73000
It 1280: fitness=73000
It 1285: fitness=73000
It 1290: fitness=73000
It 1295: fitness=73000
It 1300: fitness=73000
It 1305: fitness=73000
It 1310: fitness=73000
It 1315: fitness=73000
It 1320: fitness=73000
It 1325: fitness=73000
It 1330: fitness=73000
It 1335: fitness=73000
It 1340: fitness=73000
It 1345: fitness=73000
It 1350: fitness=73000
It 1355: fitness=73000
It 1360: fitness=73000
It 1365: fitness=73000
It 1370: fitness=73000
It 1375: fitness=73000
It 1380: fitness=73000
It 1385: fitness=73000
It 1390: fitness=73000
It 1395: fitness=73000
It 1400: fitness=73000
It 1405: fitness=73000
It 1410: fitness=73000
It 1415: fitness=73000
It 1420: fitness=73000
It 1425: fitness=73000
It 1430: fitness=73000
It 1435: fitness=73000
It 1440: fitness=73000
It 1445: fitness=73000
It 1450: fitness=73000
It 1455: fitness=73000
It 1460: fitness=73000
It 1465: fitness=73000
It 1470: fitness=73000
It 1475: fitness=73000
It 1480: fitness=73000
It 1485: fitness=73000
It 1490: fitness=73000
It 1495: fitness=73000
It 1500: fitness=73000
It 1505: fitness=73000
It 1510: fitness=73000
It 1515: fitness=73000
It 1520: fitness=73000
It 1525: fitness=73000
It 1530: fitness=73000
It 1535: fitness=73000
It 1540: fitness=73000
It 1545: fitness=73000
It 1550: fitness=73000
It 1555: fitness=73000
It 1560: fitness=73000
It 1565: fitness=73000
It 1570: fitness=73000
It 1575: fitness=73000
It 1580: fitness=73000
It 1585: fitness=73000
It 1590: fitness=73000
It 1595: fitness=73000
It 1600: fitness=73000
It 1605: fitness=73000
It 1610: fitness=73000
It 1615: fitness=73000
It 1620: fitness=73000
It 1625: fitness=73000
It 1630: fitness=73000
It 1635: fitness=73000
It 1640: fitness=73000
It 1645: fitness=73000
It 1650: fitness=73000
It 1655: fitness=73000
It 1660: fitness=73000
It 1665: fitness=73000
It 1670: fitness=73000
It 1675: fitness=73000
It 1680: fitness=73000
It 1685: fitness=73000
It 1690: fitness=73000
It 1695: fitness=73000
It 1700: fitness=73000
It 1705: fitness=73000
It 1710: fitness=73000
It 1715: fitness=73000
It 1720: fitness=73000
It 1725: fitness=73000
It 1730: fitness=73000
It 1735: fitness=73000
It 1740: fitness=73000
It 1745: fitness=73000
It 1750: fitness=73000
It 1755: fitness=73000
It 1760: fitness=73000
It 1765: fitness=73000
It 1770: fitness=73000
It 1775: fitness=73000
It 1780: fitness=73000
It 1785: fitness=73000
It 1790: fitness=73000
It 1795: fitness=73000
It 1800: fitness=73000
It 1805: fitness=73000
It 1810: fitness=73000
It 1815: fitness=73000
It 1820: fitness=73000
It 1825: fitness=73000
It 1830: fitness=73000
It 1835: fitness=73000
It 1840: fitness=73000
It 1845: fitness=73000
It 1850: fitness=73000
It 1855: fitness=73000
It 1860: fitness=73000
It 1865: fitness=73000
It 1870: fitness=73000
It 1875: fitness=73000
It 1880: fitness=73000
It 1885: fitness=73000
It 1890: fitness=73000
It 1895: fitness=73000
It 1900: fitness=73000
It 1905: fitness=73000
It 1910: fitness=73000
It 1915: fitness=73000
It 1920: fitness=73000
It 1925: fitness=73000
It 1930: fitness=73000
It 1935: fitness=73000
It 1940: fitness=73000
It 1945: fitness=73000
It 1950: fitness=73000
It 1955: fitness=73000
It 1960: fitness=73000
It 1965: fitness=73000
It 1970: fitness=73000
It 1975: fitness=73000
It 1980: fitness=73000
It 1985: fitness=73000
It 1990: fitness=73000
It 1995: fitness=73000
It 2000: fitness=73000
It 2005: fitness=73000
Maximal number of iterations without improvement reached
>> Resamp_Iter 5 negLL: 72997.26 (ref:  78246.67 )
>> Resamp_params: 0.5476829 0.5951737 0.5586226 0.6099881 0.6191957 0.5359984 0.5912861 0.6142881 0.5505755 0.5861498 0.5457023 0.6599999 0.5560075 0.5484534 0.633538 0.6909457 0.5577104 0.4100872 0.6538141 0.4578841 0.5396744 0.5024187 0.5358097 0.3000002 0.4500072 0.4494308 0.5006973 0.6994133 0.5293493 0.5846017 0.5589835 0.001 0.9784792 1.02667 -499.9391 -81.72659 0.4092131 
 [1]    0.5616531    0.5857182    0.5515381    0.5487872    0.5436690
 [6]    0.5326105    0.5999994    0.6127043    0.5435578    0.5752417
[11]    0.5403226    0.6599999    0.6199999    0.5482508    0.6396637
[16]    0.7099759    0.5524150    0.5933308    0.6551963    0.5901898
[21]    0.5353083    0.4977788    0.5328646    0.6337159    0.5756330
[26]    0.5774914    0.4900002    0.5706977    0.5274690    0.5792556
[31]    0.5523559    0.0010000    0.9568725    1.3000000 -499.9944096
[36]  -91.9769067    0.4173210
>> sd Resamp 6 : 23 21 10 18 15 31 11 22 5 28 7 23 7 19 27 14 30 25 30 25 29 3 21 11 29 5 1 3 31 22 10 
>> Opt param @ resamp: 72590.11 
S=22, K=3, p=0.1303, w0=0.7213, w1=0.7213, c.p=1.193, c.g=1.193
v.max=NA, d=6.083, vectorize=FALSE, hybrid=off
It 5: fitness=190700
It 10: fitness=134800
It 15: fitness=110800
It 20: fitness=106600
It 25: fitness=100200
It 30: fitness=97820
It 35: fitness=95660
It 40: fitness=91820
It 45: fitness=90340
It 50: fitness=89180
It 55: fitness=89180
It 60: fitness=88760
It 65: fitness=88100
It 70: fitness=87020
It 75: fitness=86610
It 80: fitness=86130
It 85: fitness=85920
It 90: fitness=85510
It 95: fitness=85330
It 100: fitness=85080
It 105: fitness=84910
It 110: fitness=84850
It 115: fitness=84690
It 120: fitness=84640
It 125: fitness=84630
It 130: fitness=84550
It 135: fitness=84490
It 140: fitness=84430
It 145: fitness=84330
It 150: fitness=84180
It 155: fitness=84130
It 160: fitness=83820
It 165: fitness=83820
It 170: fitness=83640
It 175: fitness=83540
It 180: fitness=83420
It 185: fitness=83370
It 190: fitness=83280
It 195: fitness=83240
It 200: fitness=83150
It 205: fitness=83120
It 210: fitness=83080
It 215: fitness=83030
It 220: fitness=82990
It 225: fitness=82980
It 230: fitness=82960
It 235: fitness=82930
It 240: fitness=82890
It 245: fitness=82870
It 250: fitness=82870
It 255: fitness=82860
It 260: fitness=82860
It 265: fitness=82850
It 270: fitness=82840
It 275: fitness=82830
It 280: fitness=82830
It 285: fitness=82820
It 290: fitness=82810
It 295: fitness=82810
It 300: fitness=82810
It 305: fitness=82810
It 310: fitness=82810
It 315: fitness=82800
It 320: fitness=82800
It 325: fitness=82800
It 330: fitness=82790
It 335: fitness=82790
It 340: fitness=82790
It 345: fitness=82790
It 350: fitness=82790
It 355: fitness=82790
It 360: fitness=82790
It 365: fitness=82780
It 370: fitness=82780
It 375: fitness=82780
It 380: fitness=82780
It 385: fitness=82780
It 390: fitness=82780
It 395: fitness=82780
It 400: fitness=82780
It 405: fitness=82780
It 410: fitness=82780
It 415: fitness=82780
It 420: fitness=82780
It 425: fitness=82780
It 430: fitness=82780
It 435: fitness=82780
It 440: fitness=82780
It 445: fitness=82780
It 450: fitness=82780
It 455: fitness=82780
It 460: fitness=82780
It 465: fitness=82780
It 470: fitness=82780
It 475: fitness=82780
It 480: fitness=82780
It 485: fitness=82780
It 490: fitness=82780
It 495: fitness=82780
It 500: fitness=82780
It 505: fitness=82780
It 510: fitness=82780
It 515: fitness=82780
It 520: fitness=82780
It 525: fitness=82780
It 530: fitness=82780
It 535: fitness=82780
It 540: fitness=82780
It 545: fitness=82780
It 550: fitness=82780
It 555: fitness=82780
It 560: fitness=82780
It 565: fitness=82780
It 570: fitness=82780
It 575: fitness=82780
It 580: fitness=82780
It 585: fitness=82780
It 590: fitness=82780
It 595: fitness=82780
It 600: fitness=82780
It 605: fitness=82780
It 610: fitness=82780
It 615: fitness=82780
It 620: fitness=82780
It 625: fitness=82780
It 630: fitness=82780
It 635: fitness=82780
It 640: fitness=82780
It 645: fitness=82780
It 650: fitness=82780
It 655: fitness=82780
It 660: fitness=82780
It 665: fitness=82780
It 670: fitness=82780
It 675: fitness=82780
It 680: fitness=82780
It 685: fitness=82780
It 690: fitness=82780
It 695: fitness=82780
It 700: fitness=82780
It 705: fitness=82780
It 710: fitness=82780
It 715: fitness=82780
It 720: fitness=82780
It 725: fitness=82780
It 730: fitness=82780
It 735: fitness=82780
It 740: fitness=82780
It 745: fitness=82780
It 750: fitness=82780
It 755: fitness=82780
It 760: fitness=82780
It 765: fitness=82780
It 770: fitness=82780
It 775: fitness=82780
It 780: fitness=82780
It 785: fitness=82780
It 790: fitness=82780
It 795: fitness=82780
It 800: fitness=82780
It 805: fitness=82780
It 810: fitness=82780
It 815: fitness=82780
It 820: fitness=82780
It 825: fitness=82780
It 830: fitness=82780
It 835: fitness=82780
It 840: fitness=82780
It 845: fitness=82780
It 850: fitness=82780
It 855: fitness=82780
It 860: fitness=82780
It 865: fitness=82780
It 870: fitness=82780
It 875: fitness=82780
It 880: fitness=82780
It 885: fitness=82780
It 890: fitness=82780
It 895: fitness=82780
It 900: fitness=82780
It 905: fitness=82780
It 910: fitness=82780
It 915: fitness=82780
It 920: fitness=82780
It 925: fitness=82780
It 930: fitness=82780
It 935: fitness=82780
It 940: fitness=82780
It 945: fitness=82780
It 950: fitness=82780
It 955: fitness=82780
It 960: fitness=82780
It 965: fitness=82780
It 970: fitness=82780
It 975: fitness=82780
It 980: fitness=82780
It 985: fitness=82780
It 990: fitness=82780
It 995: fitness=82780
It 1000: fitness=82780
It 1005: fitness=82780
It 1010: fitness=82780
It 1015: fitness=82780
It 1020: fitness=82780
It 1025: fitness=82780
It 1030: fitness=82780
It 1035: fitness=82780
It 1040: fitness=82780
It 1045: fitness=82780
It 1050: fitness=82780
It 1055: fitness=82780
It 1060: fitness=82780
Maximal number of iterations without improvement reached
>> Resamp_Iter 6 negLL: 82776.71 (ref:  72590.11 )
>> Resamp_params: 0.5714013 0.6882634 0.568044 0.5888845 0.5572019 0.5396516 0.5782599 0.5772262 0.5459357 0.5935604 0.5546949 0.4692085 0.6197592 0.5490427 0.6243081 0.4786447 0.6399968 0.6020753 0.4000856 0.5873562 0.547388 0.5899999 0.5424011 0.3458881 0.6768545 0.5737576 0.4900021 0.5661081 0.5250062 0.5924263 0.5703753 0.001 1.018128 0.7879068 -499.9945 -139.9671 0.4181109 
 [1]    0.5616531    0.5857182    0.5515381    0.5487872    0.5436690
 [6]    0.5326105    0.5999994    0.6127043    0.5435578    0.5752417
[11]    0.5403226    0.6599999    0.6199999    0.5482508    0.6396637
[16]    0.7099759    0.5524150    0.5933308    0.6551963    0.5901898
[21]    0.5353083    0.4977788    0.5328646    0.6337159    0.5756330
[26]    0.5774914    0.4900002    0.5706977    0.5274690    0.5792556
[31]    0.5523559    0.0010000    0.9568725    1.3000000 -499.9944096
[36]  -91.9769067    0.4173210
>> sd Resamp 7 : 19 10 16 29 16 12 12 19 25 18 27 24 17 13 17 8 10 2 31 8 30 20 27 15 6 24 2 19 29 17 3 
>> Opt param @ resamp: 95405.62 
S=22, K=3, p=0.1303, w0=0.7213, w1=0.7213, c.p=1.193, c.g=1.193
v.max=NA, d=6.083, vectorize=FALSE, hybrid=off
It 5: fitness=186200
It 10: fitness=160400
It 15: fitness=152400
It 20: fitness=149900
It 25: fitness=141200
It 30: fitness=135900
It 35: fitness=133100
It 40: fitness=130200
It 45: fitness=126700
It 50: fitness=121400
It 55: fitness=119100
It 60: fitness=117100
It 65: fitness=116600
It 70: fitness=115700
It 75: fitness=113900
It 80: fitness=113600
It 85: fitness=113200
It 90: fitness=112100
It 95: fitness=108500
It 100: fitness=107700
It 105: fitness=106200
It 110: fitness=105700
It 115: fitness=104600
It 120: fitness=104200
It 125: fitness=103800
It 130: fitness=102900
It 135: fitness=102600
It 140: fitness=101200
It 145: fitness=101100
It 150: fitness=99880
It 155: fitness=99710
It 160: fitness=99240
It 165: fitness=98970
It 170: fitness=98890
It 175: fitness=98600
It 180: fitness=98210
It 185: fitness=98190
It 190: fitness=98070
It 195: fitness=97950
It 200: fitness=97810
It 205: fitness=97810
It 210: fitness=97770
It 215: fitness=97740
It 220: fitness=97730
It 225: fitness=97690
It 230: fitness=97640
It 235: fitness=97580
It 240: fitness=97580
It 245: fitness=97570
It 250: fitness=97550
It 255: fitness=97540
It 260: fitness=97530
It 265: fitness=97530
It 270: fitness=97500
It 275: fitness=97490
It 280: fitness=97480
It 285: fitness=97480
It 290: fitness=97480
It 295: fitness=97470
It 300: fitness=97470
It 305: fitness=97470
It 310: fitness=97470
It 315: fitness=97470
It 320: fitness=97470
It 325: fitness=97470
It 330: fitness=97470
It 335: fitness=97460
It 340: fitness=97460
It 345: fitness=97460
It 350: fitness=97460
It 355: fitness=97460
It 360: fitness=97460
It 365: fitness=97460
It 370: fitness=97460
It 375: fitness=97460
It 380: fitness=97460
It 385: fitness=97460
It 390: fitness=97460
It 395: fitness=97460
It 400: fitness=97460
It 405: fitness=97460
It 410: fitness=97460
It 415: fitness=97460
It 420: fitness=97460
It 425: fitness=97460
It 430: fitness=97460
It 435: fitness=97460
It 440: fitness=97460
It 445: fitness=97460
It 450: fitness=97460
It 455: fitness=97460
It 460: fitness=97460
It 465: fitness=97460
It 470: fitness=97460
It 475: fitness=97460
It 480: fitness=97460
It 485: fitness=97460
It 490: fitness=97460
It 495: fitness=97460
It 500: fitness=97460
It 505: fitness=97460
It 510: fitness=97460
It 515: fitness=97460
It 520: fitness=97460
It 525: fitness=97460
It 530: fitness=97460
It 535: fitness=97460
It 540: fitness=97460
It 545: fitness=97460
It 550: fitness=97460
It 555: fitness=97460
It 560: fitness=97460
It 565: fitness=97460
It 570: fitness=97460
It 575: fitness=97460
It 580: fitness=97460
It 585: fitness=97460
It 590: fitness=97460
It 595: fitness=97460
It 600: fitness=97460
It 605: fitness=97460
It 610: fitness=97460
It 615: fitness=97460
It 620: fitness=97460
It 625: fitness=97460
It 630: fitness=97460
It 635: fitness=97460
It 640: fitness=97460
It 645: fitness=97460
It 650: fitness=97460
It 655: fitness=97460
It 660: fitness=97460
It 665: fitness=97460
It 670: fitness=97460
It 675: fitness=97460
It 680: fitness=97460
It 685: fitness=97460
It 690: fitness=97460
It 695: fitness=97460
It 700: fitness=97460
It 705: fitness=97460
It 710: fitness=97460
It 715: fitness=97460
It 720: fitness=97460
It 725: fitness=97460
It 730: fitness=97460
It 735: fitness=97460
It 740: fitness=97460
It 745: fitness=97460
It 750: fitness=97460
It 755: fitness=97460
It 760: fitness=97460
It 765: fitness=97460
It 770: fitness=97460
It 775: fitness=97460
It 780: fitness=97460
It 785: fitness=97460
It 790: fitness=97460
It 795: fitness=97460
It 800: fitness=97460
It 805: fitness=97460
It 810: fitness=97460
It 815: fitness=97460
It 820: fitness=97460
It 825: fitness=97460
It 830: fitness=97460
It 835: fitness=97460
It 840: fitness=97460
It 845: fitness=97460
It 850: fitness=97460
It 855: fitness=97460
It 860: fitness=97460
It 865: fitness=97460
It 870: fitness=97460
It 875: fitness=97460
It 880: fitness=97460
It 885: fitness=97460
It 890: fitness=97460
It 895: fitness=97460
It 900: fitness=97460
It 905: fitness=97460
It 910: fitness=97460
It 915: fitness=97460
It 920: fitness=97460
It 925: fitness=97460
It 930: fitness=97460
It 935: fitness=97460
It 940: fitness=97460
It 945: fitness=97460
It 950: fitness=97460
It 955: fitness=97460
It 960: fitness=97460
It 965: fitness=97460
It 970: fitness=97460
It 975: fitness=97460
It 980: fitness=97460
It 985: fitness=97460
It 990: fitness=97460
It 995: fitness=97460
It 1000: fitness=97460
It 1005: fitness=97460
It 1010: fitness=97460
It 1015: fitness=97460
It 1020: fitness=97460
It 1025: fitness=97460
It 1030: fitness=97460
It 1035: fitness=97460
It 1040: fitness=97460
It 1045: fitness=97460
It 1050: fitness=97460
It 1055: fitness=97460
It 1060: fitness=97460
It 1065: fitness=97460
It 1070: fitness=97460
It 1075: fitness=97460
It 1080: fitness=97460
It 1085: fitness=97460
It 1090: fitness=97460
It 1095: fitness=97460
It 1100: fitness=97460
It 1105: fitness=97460
It 1110: fitness=97460
It 1115: fitness=97460
It 1120: fitness=97460
It 1125: fitness=97460
It 1130: fitness=97460
It 1135: fitness=97460
It 1140: fitness=97460
It 1145: fitness=97460
Maximal number of iterations without improvement reached
>> Resamp_Iter 7 negLL: 97456.3 (ref:  95405.62 )
>> Resamp_params: 0.66 0.5923816 0.5515835 0.4447591 0.6189989 0.5341464 0.5912893 0.6157145 0.5586016 0.5752914 0.6112884 0.4400102 0.5480082 0.5082208 0.6361413 0.7068694 0.553925 0.6664266 0.6516256 0.5895675 0.4870971 0.5851523 0.6262778 0.6253185 0.5795347 0.4489957 0.4900016 0.699271 0.5263185 0.6699996 0.5536632 0.001 0.94804 1.299999 -499.9896 -93.81717 0.4177624 
 [1]    0.5616531    0.5857182    0.5515381    0.5487872    0.5436690
 [6]    0.5326105    0.5999994    0.6127043    0.5435578    0.5752417
[11]    0.5403226    0.6599999    0.6199999    0.5482508    0.6396637
[16]    0.7099759    0.5524150    0.5933308    0.6551963    0.5901898
[21]    0.5353083    0.4977788    0.5328646    0.6337159    0.5756330
[26]    0.5774914    0.4900002    0.5706977    0.5274690    0.5792556
[31]    0.5523559    0.0010000    0.9568725    1.3000000 -499.9944096
[36]  -91.9769067    0.4173210
>> sd Resamp 8 : 3 27 5 11 6 17 25 3 30 28 26 15 21 18 14 19 19 30 4 13 3 13 2 1 31 30 2 30 1 13 6 
>> Opt param @ resamp: 56220.34 
S=22, K=3, p=0.1303, w0=0.7213, w1=0.7213, c.p=1.193, c.g=1.193
v.max=NA, d=6.083, vectorize=FALSE, hybrid=off
It 5: fitness=108900
It 10: fitness=108900
It 15: fitness=97260
It 20: fitness=97260
It 25: fitness=92570
It 30: fitness=89890
It 35: fitness=82050
It 40: fitness=76210
It 45: fitness=75900
It 50: fitness=73500
It 55: fitness=71290
It 60: fitness=70050
It 65: fitness=70040
It 70: fitness=69790
It 75: fitness=69550
It 80: fitness=67950
It 85: fitness=66840
It 90: fitness=66440
It 95: fitness=66430
It 100: fitness=65990
It 105: fitness=65700
It 110: fitness=65540
It 115: fitness=65070
It 120: fitness=64730
It 125: fitness=64040
It 130: fitness=63450
It 135: fitness=63450
It 140: fitness=63020
It 145: fitness=62490
It 150: fitness=62410
It 155: fitness=62100
It 160: fitness=62030
It 165: fitness=61980
It 170: fitness=61820
It 175: fitness=61730
It 180: fitness=61610
It 185: fitness=61570
It 190: fitness=61540
It 195: fitness=61530
It 200: fitness=61280
It 205: fitness=61280
It 210: fitness=61260
It 215: fitness=61190
It 220: fitness=61160
It 225: fitness=61100
It 230: fitness=61050
It 235: fitness=60990
It 240: fitness=60940
It 245: fitness=60900
It 250: fitness=60850
It 255: fitness=60790
It 260: fitness=60780
It 265: fitness=60750
It 270: fitness=60700
It 275: fitness=60700
It 280: fitness=60680
It 285: fitness=60670
It 290: fitness=60650
It 295: fitness=60630
It 300: fitness=60620
It 305: fitness=60620
It 310: fitness=60620
It 315: fitness=60620
It 320: fitness=60610
It 325: fitness=60610
It 330: fitness=60610
It 335: fitness=60610
It 340: fitness=60600
It 345: fitness=60600
It 350: fitness=60600
It 355: fitness=60600
It 360: fitness=60600
It 365: fitness=60590
It 370: fitness=60590
It 375: fitness=60590
It 380: fitness=60590
It 385: fitness=60590
It 390: fitness=60580
It 395: fitness=60580
It 400: fitness=60580
It 405: fitness=60580
It 410: fitness=60580
It 415: fitness=60580
It 420: fitness=60580
It 425: fitness=60580
It 430: fitness=60580
It 435: fitness=60580
It 440: fitness=60580
It 445: fitness=60580
It 450: fitness=60580
It 455: fitness=60580
It 460: fitness=60580
It 465: fitness=60580
It 470: fitness=60570
It 475: fitness=60570
It 480: fitness=60570
It 485: fitness=60570
It 490: fitness=60570
It 495: fitness=60570
It 500: fitness=60570
It 505: fitness=60570
It 510: fitness=60570
It 515: fitness=60570
It 520: fitness=60570
It 525: fitness=60570
It 530: fitness=60570
It 535: fitness=60570
It 540: fitness=60570
It 545: fitness=60570
It 550: fitness=60570
It 555: fitness=60570
It 560: fitness=60570
It 565: fitness=60570
It 570: fitness=60570
It 575: fitness=60570
It 580: fitness=60570
It 585: fitness=60570
It 590: fitness=60570
It 595: fitness=60570
It 600: fitness=60570
It 605: fitness=60570
It 610: fitness=60570
It 615: fitness=60570
It 620: fitness=60570
It 625: fitness=60570
It 630: fitness=60570
It 635: fitness=60570
It 640: fitness=60570
It 645: fitness=60570
It 650: fitness=60570
It 655: fitness=60570
It 660: fitness=60570
It 665: fitness=60570
It 670: fitness=60570
It 675: fitness=60570
It 680: fitness=60570
It 685: fitness=60570
It 690: fitness=60570
It 695: fitness=60570
It 700: fitness=60570
It 705: fitness=60570
It 710: fitness=60570
It 715: fitness=60570
It 720: fitness=60570
It 725: fitness=60570
It 730: fitness=60570
It 735: fitness=60570
It 740: fitness=60570
It 745: fitness=60570
It 750: fitness=60570
It 755: fitness=60570
It 760: fitness=60570
It 765: fitness=60570
It 770: fitness=60570
It 775: fitness=60570
It 780: fitness=60570
It 785: fitness=60570
It 790: fitness=60570
It 795: fitness=60570
It 800: fitness=60570
It 805: fitness=60570
It 810: fitness=60570
It 815: fitness=60570
It 820: fitness=60570
It 825: fitness=60570
It 830: fitness=60570
It 835: fitness=60570
It 840: fitness=60570
It 845: fitness=60570
It 850: fitness=60570
It 855: fitness=60570
It 860: fitness=60570
It 865: fitness=60570
It 870: fitness=60570
It 875: fitness=60570
It 880: fitness=60570
It 885: fitness=60570
It 890: fitness=60570
It 895: fitness=60570
It 900: fitness=60570
It 905: fitness=60570
It 910: fitness=60570
It 915: fitness=60570
It 920: fitness=60570
It 925: fitness=60570
It 930: fitness=60570
It 935: fitness=60570
It 940: fitness=60570
It 945: fitness=60570
It 950: fitness=60570
It 955: fitness=60570
It 960: fitness=60570
It 965: fitness=60570
It 970: fitness=60570
It 975: fitness=60570
It 980: fitness=60570
It 985: fitness=60570
It 990: fitness=60570
It 995: fitness=60570
It 1000: fitness=60570
It 1005: fitness=60570
It 1010: fitness=60570
It 1015: fitness=60570
It 1020: fitness=60570
It 1025: fitness=60570
It 1030: fitness=60570
It 1035: fitness=60570
It 1040: fitness=60570
It 1045: fitness=60570
It 1050: fitness=60570
It 1055: fitness=60570
It 1060: fitness=60570
It 1065: fitness=60570
It 1070: fitness=60570
It 1075: fitness=60570
It 1080: fitness=60570
It 1085: fitness=60570
It 1090: fitness=60570
It 1095: fitness=60570
It 1100: fitness=60570
It 1105: fitness=60570
It 1110: fitness=60570
It 1115: fitness=60570
It 1120: fitness=60570
It 1125: fitness=60570
It 1130: fitness=60570
It 1135: fitness=60570
It 1140: fitness=60570
It 1145: fitness=60570
It 1150: fitness=60570
It 1155: fitness=60570
It 1160: fitness=60570
It 1165: fitness=60570
It 1170: fitness=60570
It 1175: fitness=60570
It 1180: fitness=60570
It 1185: fitness=60570
It 1190: fitness=60570
It 1195: fitness=60570
It 1200: fitness=60570
It 1205: fitness=60570
It 1210: fitness=60570
It 1215: fitness=60570
It 1220: fitness=60570
It 1225: fitness=60570
It 1230: fitness=60570
It 1235: fitness=60570
It 1240: fitness=60570
It 1245: fitness=60570
It 1250: fitness=60570
It 1255: fitness=60570
It 1260: fitness=60570
It 1265: fitness=60570
It 1270: fitness=60570
It 1275: fitness=60570
It 1280: fitness=60570
It 1285: fitness=60570
It 1290: fitness=60570
It 1295: fitness=60570
It 1300: fitness=60570
It 1305: fitness=60570
Maximal number of iterations without improvement reached
>> Resamp_Iter 8 negLL: 60571.15 (ref:  56220.34 )
>> Resamp_params: 0.5687961 0.6052866 0.5588168 0.5570542 0.5521739 0.63 0.5514294 0.6204462 0.5575674 0.5364858 0.5511512 0.5780274 0.5575366 0.5549712 0.6309663 0.4843079 0.5607685 0.6078876 0.6496178 0.618033 0.5436555 0.5837695 0.5284055 0.3272959 0.587737 0.5825267 0.4900035 0.5738798 0.5426912 0.5916896 0.5628555 0.001 0.9657683 1.013777 -499.9978 -78.20205 0.4056382 
 [1]    0.5616531    0.5857182    0.5515381    0.5487872    0.5436690
 [6]    0.5326105    0.5999994    0.6127043    0.5435578    0.5752417
[11]    0.5403226    0.6599999    0.6199999    0.5482508    0.6396637
[16]    0.7099759    0.5524150    0.5933308    0.6551963    0.5901898
[21]    0.5353083    0.4977788    0.5328646    0.6337159    0.5756330
[26]    0.5774914    0.4900002    0.5706977    0.5274690    0.5792556
[31]    0.5523559    0.0010000    0.9568725    1.3000000 -499.9944096
[36]  -91.9769067    0.4173210
>> sd Resamp 9 : 26 2 4 27 29 26 19 10 23 20 18 9 10 31 11 13 14 1 26 28 16 24 11 9 14 1 24 14 26 16 11 
>> Opt param @ resamp: 84714.73 
S=22, K=3, p=0.1303, w0=0.7213, w1=0.7213, c.p=1.193, c.g=1.193
v.max=NA, d=6.083, vectorize=FALSE, hybrid=off
It 5: fitness=226400
It 10: fitness=226400
It 15: fitness=226400
It 20: fitness=226300
It 25: fitness=226300
It 30: fitness=226300
It 35: fitness=225800
It 40: fitness=225500
It 45: fitness=225400
It 50: fitness=225400
It 55: fitness=225400
It 60: fitness=225000
It 65: fitness=225000
It 70: fitness=224900
It 75: fitness=223900
It 80: fitness=223600
It 85: fitness=223000
It 90: fitness=222700
It 95: fitness=204900
It 100: fitness=204900
It 105: fitness=200500
It 110: fitness=193600
It 115: fitness=192700
It 120: fitness=189100
It 125: fitness=186500
It 130: fitness=184000
It 135: fitness=182200
It 140: fitness=178600
It 145: fitness=173900
It 150: fitness=166700
It 155: fitness=145900
It 160: fitness=139600
It 165: fitness=133700
It 170: fitness=132800
It 175: fitness=121000
It 180: fitness=117500
It 185: fitness=113900
It 190: fitness=111100
It 195: fitness=107500
It 200: fitness=104300
It 205: fitness=104300
It 210: fitness=102500
It 215: fitness=100900
It 220: fitness=1e+05
It 225: fitness=97940
It 230: fitness=97940
It 235: fitness=97940
It 240: fitness=97600
It 245: fitness=97330
It 250: fitness=96510
It 255: fitness=96510
It 260: fitness=96290
It 265: fitness=95070
It 270: fitness=95070
It 275: fitness=94890
It 280: fitness=94720
It 285: fitness=94600
It 290: fitness=94340
It 295: fitness=94240
It 300: fitness=94140
It 305: fitness=94070
It 310: fitness=93970
It 315: fitness=93820
It 320: fitness=93710
It 325: fitness=93610
It 330: fitness=93530
It 335: fitness=93530
It 340: fitness=93130
It 345: fitness=93080
It 350: fitness=92930
It 355: fitness=92890
It 360: fitness=92860
It 365: fitness=92770
It 370: fitness=92750
It 375: fitness=92640
It 380: fitness=92600
It 385: fitness=92560
It 390: fitness=92520
It 395: fitness=92520
It 400: fitness=92520
It 405: fitness=92490
It 410: fitness=92460
It 415: fitness=92460
It 420: fitness=92450
It 425: fitness=92450
It 430: fitness=92440
It 435: fitness=92440
It 440: fitness=92430
It 445: fitness=92430
It 450: fitness=92430
It 455: fitness=92430
It 460: fitness=92420
It 465: fitness=92420
It 470: fitness=92420
It 475: fitness=92420
It 480: fitness=92410
It 485: fitness=92410
It 490: fitness=92410
It 495: fitness=92410
It 500: fitness=92410
It 505: fitness=92410
It 510: fitness=92410
It 515: fitness=92400
It 520: fitness=92400
It 525: fitness=92400
It 530: fitness=92400
It 535: fitness=92400
It 540: fitness=92400
It 545: fitness=92400
It 550: fitness=92400
It 555: fitness=92400
It 560: fitness=92400
It 565: fitness=92400
It 570: fitness=92400
It 575: fitness=92400
It 580: fitness=92400
It 585: fitness=92400
It 590: fitness=92400
It 595: fitness=92400
It 600: fitness=92400
It 605: fitness=92400
It 610: fitness=92400
It 615: fitness=92400
It 620: fitness=92400
It 625: fitness=92400
It 630: fitness=92400
It 635: fitness=92400
It 640: fitness=92400
It 645: fitness=92400
It 650: fitness=92400
It 655: fitness=92400
It 660: fitness=92400
It 665: fitness=92400
It 670: fitness=92400
It 675: fitness=92400
It 680: fitness=92400
It 685: fitness=92400
It 690: fitness=92400
It 695: fitness=92400
It 700: fitness=92400
It 705: fitness=92400
It 710: fitness=92400
It 715: fitness=92400
It 720: fitness=92400
It 725: fitness=92400
It 730: fitness=92400
It 735: fitness=92400
It 740: fitness=92400
It 745: fitness=92400
It 750: fitness=92400
It 755: fitness=92400
It 760: fitness=92400
It 765: fitness=92400
It 770: fitness=92400
It 775: fitness=92400
It 780: fitness=92400
It 785: fitness=92400
It 790: fitness=92400
It 795: fitness=92400
It 800: fitness=92400
It 805: fitness=92400
It 810: fitness=92400
It 815: fitness=92400
It 820: fitness=92400
It 825: fitness=92400
It 830: fitness=92400
It 835: fitness=92400
It 840: fitness=92400
It 845: fitness=92400
It 850: fitness=92400
It 855: fitness=92400
It 860: fitness=92400
It 865: fitness=92400
It 870: fitness=92400
It 875: fitness=92400
It 880: fitness=92400
It 885: fitness=92400
It 890: fitness=92400
It 895: fitness=92400
It 900: fitness=92400
It 905: fitness=92400
It 910: fitness=92400
It 915: fitness=92400
It 920: fitness=92400
It 925: fitness=92400
It 930: fitness=92400
It 935: fitness=92400
It 940: fitness=92400
It 945: fitness=92400
It 950: fitness=92400
It 955: fitness=92400
It 960: fitness=92400
It 965: fitness=92400
It 970: fitness=92400
It 975: fitness=92400
It 980: fitness=92400
It 985: fitness=92400
It 990: fitness=92400
It 995: fitness=92400
It 1000: fitness=92400
It 1005: fitness=92400
It 1010: fitness=92400
It 1015: fitness=92400
It 1020: fitness=92400
It 1025: fitness=92400
It 1030: fitness=92400
It 1035: fitness=92400
It 1040: fitness=92400
It 1045: fitness=92400
It 1050: fitness=92400
It 1055: fitness=92400
It 1060: fitness=92400
It 1065: fitness=92400
It 1070: fitness=92400
It 1075: fitness=92400
It 1080: fitness=92400
It 1085: fitness=92400
It 1090: fitness=92400
It 1095: fitness=92400
It 1100: fitness=92400
It 1105: fitness=92400
It 1110: fitness=92400
It 1115: fitness=92400
It 1120: fitness=92400
It 1125: fitness=92400
It 1130: fitness=92400
It 1135: fitness=92400
It 1140: fitness=92400
It 1145: fitness=92400
It 1150: fitness=92400
It 1155: fitness=92400
It 1160: fitness=92400
It 1165: fitness=92400
It 1170: fitness=92400
It 1175: fitness=92400
It 1180: fitness=92400
It 1185: fitness=92400
It 1190: fitness=92400
It 1195: fitness=92400
It 1200: fitness=92400
It 1205: fitness=92400
It 1210: fitness=92400
It 1215: fitness=92400
It 1220: fitness=92400
It 1225: fitness=92400
It 1230: fitness=92400
It 1235: fitness=92400
It 1240: fitness=92400
It 1245: fitness=92400
It 1250: fitness=92400
It 1255: fitness=92400
It 1260: fitness=92400
It 1265: fitness=92400
It 1270: fitness=92400
It 1275: fitness=92400
It 1280: fitness=92400
It 1285: fitness=92400
It 1290: fitness=92400
It 1295: fitness=92400
It 1300: fitness=92400
It 1305: fitness=92400
It 1310: fitness=92400
It 1315: fitness=92400
It 1320: fitness=92400
It 1325: fitness=92400
It 1330: fitness=92400
It 1335: fitness=92400
It 1340: fitness=92400
It 1345: fitness=92400
It 1350: fitness=92400
It 1355: fitness=92400
It 1360: fitness=92400
It 1365: fitness=92400
It 1370: fitness=92400
It 1375: fitness=92400
It 1380: fitness=92400
It 1385: fitness=92400
It 1390: fitness=92400
It 1395: fitness=92400
It 1400: fitness=92400
It 1405: fitness=92400
It 1410: fitness=92400
It 1415: fitness=92400
It 1420: fitness=92400
It 1425: fitness=92400
It 1430: fitness=92400
It 1435: fitness=92400
It 1440: fitness=92400
It 1445: fitness=92400
Maximal number of iterations without improvement reached
>> Resamp_Iter 9 negLL: 92395.56 (ref:  84714.73 )
>> Resamp_params: 0.56521 0.5940983 0.4365572 0.5530865 0.565107 0.53497 0.4859961 0.5709095 0.5493759 0.5826784 0.545582 0.49572 0.619999 0.5506585 0.601339 0.5879998 0.5322169 0.5992829 0.6582378 0.5892006 0.6218875 0.4880687 0.5362986 0.636767 0.4728485 0.5817737 0.4900133 0.5722541 0.5999999 0.6471425 0.5581991 0.001 0.9653496 1.123835 -499.9911 -75.31772 0.4039749 
 [1]    0.5616531    0.5857182    0.5515381    0.5487872    0.5436690
 [6]    0.5326105    0.5999994    0.6127043    0.5435578    0.5752417
[11]    0.5403226    0.6599999    0.6199999    0.5482508    0.6396637
[16]    0.7099759    0.5524150    0.5933308    0.6551963    0.5901898
[21]    0.5353083    0.4977788    0.5328646    0.6337159    0.5756330
[26]    0.5774914    0.4900002    0.5706977    0.5274690    0.5792556
[31]    0.5523559    0.0010000    0.9568725    1.3000000 -499.9944096
[36]  -91.9769067    0.4173210
>> sd Resamp 10 : 22 24 25 15 15 9 26 12 14 29 4 26 11 5 16 8 29 7 26 10 15 2 15 24 15 31 30 23 11 4 13 
>> Opt param @ resamp: 59552.76 
S=22, K=3, p=0.1303, w0=0.7213, w1=0.7213, c.p=1.193, c.g=1.193
v.max=NA, d=6.083, vectorize=FALSE, hybrid=off
It 5: fitness=122500
It 10: fitness=118900
It 15: fitness=99890
It 20: fitness=90120
It 25: fitness=86350
It 30: fitness=79610
It 35: fitness=79460
It 40: fitness=79310
It 45: fitness=76910
It 50: fitness=76030
It 55: fitness=75530
It 60: fitness=75010
It 65: fitness=73960
It 70: fitness=73470
It 75: fitness=72560
It 80: fitness=71100
It 85: fitness=71100
It 90: fitness=70820
It 95: fitness=70270
It 100: fitness=70080
It 105: fitness=69730
It 110: fitness=69240
It 115: fitness=68960
It 120: fitness=68840
It 125: fitness=68460
It 130: fitness=68450
It 135: fitness=68200
It 140: fitness=68120
It 145: fitness=67930
It 150: fitness=67930
It 155: fitness=67780
It 160: fitness=67550
It 165: fitness=67460
It 170: fitness=67380
It 175: fitness=67290
It 180: fitness=67200
It 185: fitness=67140
It 190: fitness=66990
It 195: fitness=66860
It 200: fitness=66270
It 205: fitness=65280
It 210: fitness=65000
It 215: fitness=64920
It 220: fitness=64820
It 225: fitness=64680
It 230: fitness=64580
It 235: fitness=64510
It 240: fitness=64480
It 245: fitness=64440
It 250: fitness=64350
It 255: fitness=64280
It 260: fitness=64250
It 265: fitness=64150
It 270: fitness=64100
It 275: fitness=64050
It 280: fitness=64000
It 285: fitness=63900
It 290: fitness=63870
It 295: fitness=63810
It 300: fitness=63790
It 305: fitness=63770
It 310: fitness=63750
It 315: fitness=63740
It 320: fitness=63720
It 325: fitness=63660
It 330: fitness=63620
It 335: fitness=63600
It 340: fitness=63550
It 345: fitness=63540
It 350: fitness=63510
It 355: fitness=63490
It 360: fitness=63480
It 365: fitness=63460
It 370: fitness=63460
It 375: fitness=63450
It 380: fitness=63450
It 385: fitness=63440
It 390: fitness=63430
It 395: fitness=63410
It 400: fitness=63400
It 405: fitness=63400
It 410: fitness=63380
It 415: fitness=63370
It 420: fitness=63360
It 425: fitness=63340
It 430: fitness=63340
It 435: fitness=63330
It 440: fitness=63330
It 445: fitness=63320
It 450: fitness=63320
It 455: fitness=63310
It 460: fitness=63310
It 465: fitness=63300
It 470: fitness=63300
It 475: fitness=63300
It 480: fitness=63300
It 485: fitness=63300
It 490: fitness=63290
It 495: fitness=63290
It 500: fitness=63290
It 505: fitness=63280
It 510: fitness=63280
It 515: fitness=63270
It 520: fitness=63270
It 525: fitness=63270
It 530: fitness=63270
It 535: fitness=63270
It 540: fitness=63270
It 545: fitness=63270
It 550: fitness=63270
It 555: fitness=63260
It 560: fitness=63260
It 565: fitness=63260
It 570: fitness=63260
It 575: fitness=63260
It 580: fitness=63260
It 585: fitness=63260
It 590: fitness=63260
It 595: fitness=63260
It 600: fitness=63260
It 605: fitness=63260
It 610: fitness=63260
It 615: fitness=63260
It 620: fitness=63260
It 625: fitness=63260
It 630: fitness=63260
It 635: fitness=63260
It 640: fitness=63260
It 645: fitness=63260
It 650: fitness=63260
It 655: fitness=63260
It 660: fitness=63260
It 665: fitness=63260
It 670: fitness=63250
It 675: fitness=63250
It 680: fitness=63250
It 685: fitness=63250
It 690: fitness=63250
It 695: fitness=63250
It 700: fitness=63250
It 705: fitness=63250
It 710: fitness=63250
It 715: fitness=63250
It 720: fitness=63250
It 725: fitness=63250
It 730: fitness=63250
It 735: fitness=63250
It 740: fitness=63250
It 745: fitness=63250
It 750: fitness=63250
It 755: fitness=63250
It 760: fitness=63250
It 765: fitness=63250
It 770: fitness=63250
It 775: fitness=63250
It 780: fitness=63250
It 785: fitness=63250
It 790: fitness=63250
It 795: fitness=63250
It 800: fitness=63250
It 805: fitness=63250
It 810: fitness=63250
It 815: fitness=63250
It 820: fitness=63250
It 825: fitness=63250
It 830: fitness=63250
It 835: fitness=63250
It 840: fitness=63250
It 845: fitness=63250
It 850: fitness=63250
It 855: fitness=63250
It 860: fitness=63250
It 865: fitness=63250
It 870: fitness=63250
It 875: fitness=63250
It 880: fitness=63250
It 885: fitness=63250
It 890: fitness=63250
It 895: fitness=63250
It 900: fitness=63250
It 905: fitness=63250
It 910: fitness=63250
It 915: fitness=63250
It 920: fitness=63250
It 925: fitness=63250
It 930: fitness=63250
It 935: fitness=63250
It 940: fitness=63250
It 945: fitness=63250
It 950: fitness=63250
It 955: fitness=63250
It 960: fitness=63250
It 965: fitness=63250
It 970: fitness=63250
It 975: fitness=63250
It 980: fitness=63250
It 985: fitness=63250
It 990: fitness=63250
It 995: fitness=63250
It 1000: fitness=63250
It 1005: fitness=63250
It 1010: fitness=63250
It 1015: fitness=63250
It 1020: fitness=63250
It 1025: fitness=63250
It 1030: fitness=63250
It 1035: fitness=63250
It 1040: fitness=63250
It 1045: fitness=63250
It 1050: fitness=63250
It 1055: fitness=63250
It 1060: fitness=63250
It 1065: fitness=63250
It 1070: fitness=63250
It 1075: fitness=63250
It 1080: fitness=63250
It 1085: fitness=63250
It 1090: fitness=63250
It 1095: fitness=63250
It 1100: fitness=63250
It 1105: fitness=63250
It 1110: fitness=63250
It 1115: fitness=63250
It 1120: fitness=63250
It 1125: fitness=63250
It 1130: fitness=63250
It 1135: fitness=63250
It 1140: fitness=63250
It 1145: fitness=63250
It 1150: fitness=63250
It 1155: fitness=63250
It 1160: fitness=63250
It 1165: fitness=63250
It 1170: fitness=63250
It 1175: fitness=63250
It 1180: fitness=63250
It 1185: fitness=63250
It 1190: fitness=63250
It 1195: fitness=63250
It 1200: fitness=63250
It 1205: fitness=63250
It 1210: fitness=63250
It 1215: fitness=63250
It 1220: fitness=63250
It 1225: fitness=63250
It 1230: fitness=63250
It 1235: fitness=63250
It 1240: fitness=63250
It 1245: fitness=63250
It 1250: fitness=63250
It 1255: fitness=63250
It 1260: fitness=63250
It 1265: fitness=63250
It 1270: fitness=63250
It 1275: fitness=63250
It 1280: fitness=63250
It 1285: fitness=63250
It 1290: fitness=63250
It 1295: fitness=63250
It 1300: fitness=63250
It 1305: fitness=63250
It 1310: fitness=63250
It 1315: fitness=63250
It 1320: fitness=63250
It 1325: fitness=63250
It 1330: fitness=63250
It 1335: fitness=63250
It 1340: fitness=63250
It 1345: fitness=63250
It 1350: fitness=63250
It 1355: fitness=63250
It 1360: fitness=63250
Maximal number of iterations without improvement reached
>> Resamp_Iter 10 negLL: 63251.13 (ref:  59552.76 )
>> Resamp_params: 0.6597027 0.5978082 0.4565124 0.5553177 0.5484443 0.6153887 0.5928174 0.6163845 0.5484768 0.5853333 0.5478741 0.6599985 0.5546819 0.5503098 0.6293705 0.5865977 0.6383372 0.6755571 0.4039957 0.6194846 0.629895 0.5043687 0.5379346 0.6340661 0.68 0.5837041 0.4910933 0.6235181 0.5239948 0.5865182 0.6299997 0.001 0.9844676 0.9968875 -451.0683 -109.0928 0.4157779 
