fit_results/data/all_states.list_sd_03142003.log>>> Loading state data: AL <<<
>>> Loading state data: AR <<<
>>> Loading state data: AZ <<<
>>> Loading state data: CA <<<
>>> Loading state data: CO <<<
>>> Loading state data: CT <<<
>>> Loading state data: DC <<<
>>> Loading state data: DE <<<
>>> Loading state data: FL <<<
>>> Loading state data: GA <<<
>>> Loading state data: IA <<<
>>> Loading state data: ID <<<
>>> Loading state data: IL <<<
>>> Loading state data: IN <<<
>>> Loading state data: KS <<<
>>> Loading state data: KY <<<
>>> Loading state data: LA <<<
>>> Loading state data: MA <<<
>>> Loading state data: MD <<<
>>> Loading state data: ME <<<
>>> Loading state data: MI <<<
>>> Loading state data: MN <<<
>>> Loading state data: MO <<<
>>> Loading state data: MS <<<
>>> Loading state data: MT <<<
>>> Loading state data: NC <<<
>>> Loading state data: ND <<<
>>> Loading state data: NE <<<
>>> Loading state data: NH <<<
>>> Loading state data: NJ <<<
>>> Loading state data: NM <<<
>>> Loading state data: NV <<<
>>> Loading state data: NY <<<
>>> Loading state data: OH <<<
>>> Loading state data: OK <<<
>>> Loading state data: OR <<<
>>> Loading state data: PA <<<
>>> Loading state data: RI <<<
>>> Loading state data: SC <<<
>>> Loading state data: SD <<<
>>> Loading state data: TN <<<
>>> Loading state data: TX <<<
>>> Loading state data: UT <<<
>>> Loading state data: VA <<<
>>> Loading state data: WA <<<
>>> Loading state data: WI <<<
>>> Loading state data: WV <<<
 [1]   0.5000000   0.5000000   0.5000000   0.5000000   0.5000000   0.5000000
 [7]   0.5000000   0.5000000   0.5000000   0.8262688   0.6006879 -16.0066679
[13] -26.4593566   0.3891786
96 cores seen; limit to 32 cores
>> sd Resamp 1 : 42 44 47 43 39 11 35 1 29 41 13 40 25 14 16 9 33 1 14 11 16 3 15 8 41 21 9 11 32 26 13 22 36 40 9 44 13 35 15 45 29 4 45 35 9 22 9 
>> Opt param @ resamp: 108772.8 
S=17, K=3, p=0.1663, w0=0.7213, w1=0.7213, c.p=1.193, c.g=1.193
v.max=NA, d=3.742, vectorize=FALSE, hybrid=off
It 5: fitness=163000
It 10: fitness=141700
It 15: fitness=138100
It 20: fitness=135500
It 25: fitness=132400
It 30: fitness=127700
It 35: fitness=127400
It 40: fitness=127300
It 45: fitness=127200
It 50: fitness=127200
It 55: fitness=126800
It 60: fitness=123000
It 65: fitness=122500
It 70: fitness=122500
It 75: fitness=122500
It 80: fitness=121100
It 85: fitness=121100
It 90: fitness=120600
It 95: fitness=120500
It 100: fitness=120500
It 105: fitness=120400
It 110: fitness=120300
It 115: fitness=120000
It 120: fitness=119800
It 125: fitness=119600
It 130: fitness=119500
It 135: fitness=119200
It 140: fitness=118900
It 145: fitness=118900
It 150: fitness=118100
It 155: fitness=117800
It 160: fitness=117100
It 165: fitness=116900
It 170: fitness=116900
It 175: fitness=116800
It 180: fitness=116800
It 185: fitness=116800
It 190: fitness=116800
It 195: fitness=116700
It 200: fitness=116600
It 205: fitness=116100
It 210: fitness=115300
It 215: fitness=114900
It 220: fitness=114800
It 225: fitness=114700
It 230: fitness=114400
It 235: fitness=113700
It 240: fitness=113400
It 245: fitness=113300
It 250: fitness=112600
It 255: fitness=112300
It 260: fitness=112100
It 265: fitness=111200
It 270: fitness=109800
It 275: fitness=108800
It 280: fitness=108100
It 285: fitness=108100
It 290: fitness=107900
It 295: fitness=107800
It 300: fitness=107700
It 305: fitness=107500
It 310: fitness=107400
It 315: fitness=107300
It 320: fitness=107200
It 325: fitness=107100
It 330: fitness=107100
It 335: fitness=107000
It 340: fitness=106800
It 345: fitness=106800
It 350: fitness=106800
It 355: fitness=106800
It 360: fitness=106700
It 365: fitness=106700
It 370: fitness=106700
It 375: fitness=106700
It 380: fitness=106700
It 385: fitness=106700
It 390: fitness=106700
It 395: fitness=106700
It 400: fitness=106700
It 405: fitness=106700
It 410: fitness=106700
It 415: fitness=106700
It 420: fitness=106700
It 425: fitness=106700
It 430: fitness=106600
It 435: fitness=106600
It 440: fitness=106600
It 445: fitness=106600
It 450: fitness=106600
It 455: fitness=106600
It 460: fitness=106600
It 465: fitness=106600
It 470: fitness=106600
It 475: fitness=106600
It 480: fitness=106600
It 485: fitness=106500
It 490: fitness=106500
It 495: fitness=106500
It 500: fitness=106500
It 505: fitness=106500
It 510: fitness=106500
It 515: fitness=106500
It 520: fitness=106500
It 525: fitness=106500
It 530: fitness=106500
It 535: fitness=106500
It 540: fitness=106500
It 545: fitness=106500
It 550: fitness=106500
It 555: fitness=106500
It 560: fitness=106500
It 565: fitness=106500
It 570: fitness=106400
It 575: fitness=106400
It 580: fitness=106400
It 585: fitness=106400
It 590: fitness=106400
It 595: fitness=106400
It 600: fitness=106400
It 605: fitness=106400
It 610: fitness=106400
It 615: fitness=106400
It 620: fitness=106400
It 625: fitness=106400
It 630: fitness=106400
It 635: fitness=106400
It 640: fitness=106400
It 645: fitness=106400
It 650: fitness=106400
It 655: fitness=106400
It 660: fitness=106400
It 665: fitness=106400
It 670: fitness=106400
It 675: fitness=106400
It 680: fitness=106400
It 685: fitness=106400
It 690: fitness=106400
It 695: fitness=106400
It 700: fitness=106400
It 705: fitness=106400
It 710: fitness=106400
It 715: fitness=106400
It 720: fitness=106400
It 725: fitness=106400
It 730: fitness=106400
It 735: fitness=106400
It 740: fitness=106400
It 745: fitness=106400
It 750: fitness=106400
It 755: fitness=106400
It 760: fitness=106400
It 765: fitness=106400
It 770: fitness=106400
It 775: fitness=106400
It 780: fitness=106400
It 785: fitness=106400
It 790: fitness=106400
It 795: fitness=106400
It 800: fitness=106400
It 805: fitness=106400
It 810: fitness=106400
It 815: fitness=106400
It 820: fitness=106400
It 825: fitness=106400
It 830: fitness=106400
It 835: fitness=106400
It 840: fitness=106400
It 845: fitness=106400
It 850: fitness=106400
It 855: fitness=106400
It 860: fitness=106400
It 865: fitness=106400
It 870: fitness=106400
It 875: fitness=106400
It 880: fitness=106300
It 885: fitness=106300
It 890: fitness=106300
It 895: fitness=106300
It 900: fitness=106300
It 905: fitness=106300
It 910: fitness=106300
It 915: fitness=106300
It 920: fitness=106300
It 925: fitness=106300
It 930: fitness=106300
It 935: fitness=106300
It 940: fitness=106300
It 945: fitness=106300
It 950: fitness=106300
It 955: fitness=106300
It 960: fitness=106300
It 965: fitness=106300
It 970: fitness=106300
It 975: fitness=106300
It 980: fitness=106300
It 985: fitness=106300
It 990: fitness=106300
It 995: fitness=106300
It 1000: fitness=106300
It 1005: fitness=106300
It 1010: fitness=106300
It 1015: fitness=106300
It 1020: fitness=106300
It 1025: fitness=106300
It 1030: fitness=106300
It 1035: fitness=106300
It 1040: fitness=106300
It 1045: fitness=106300
It 1050: fitness=106300
It 1055: fitness=106200
It 1060: fitness=106200
It 1065: fitness=106200
It 1070: fitness=106200
It 1075: fitness=106200
It 1080: fitness=106200
It 1085: fitness=106200
It 1090: fitness=106200
It 1095: fitness=106200
It 1100: fitness=106100
It 1105: fitness=106100
It 1110: fitness=106100
It 1115: fitness=106100
It 1120: fitness=106100
It 1125: fitness=106100
It 1130: fitness=106100
It 1135: fitness=106100
It 1140: fitness=106100
It 1145: fitness=106100
It 1150: fitness=106000
It 1155: fitness=106000
It 1160: fitness=106000
It 1165: fitness=106000
It 1170: fitness=106000
It 1175: fitness=106000
It 1180: fitness=106000
It 1185: fitness=105900
It 1190: fitness=105900
It 1195: fitness=105800
It 1200: fitness=105700
It 1205: fitness=105700
It 1210: fitness=105700
It 1215: fitness=105700
It 1220: fitness=105600
It 1225: fitness=105600
It 1230: fitness=105600
It 1235: fitness=105600
It 1240: fitness=105600
It 1245: fitness=105500
It 1250: fitness=105500
It 1255: fitness=105500
It 1260: fitness=105300
It 1265: fitness=105200
It 1270: fitness=105200
It 1275: fitness=105100
It 1280: fitness=105100
It 1285: fitness=105100
It 1290: fitness=105100
It 1295: fitness=105100
It 1300: fitness=105000
It 1305: fitness=105000
It 1310: fitness=105000
It 1315: fitness=104900
It 1320: fitness=104800
It 1325: fitness=104800
It 1330: fitness=104700
It 1335: fitness=104700
It 1340: fitness=104600
It 1345: fitness=104500
It 1350: fitness=104500
It 1355: fitness=104400
It 1360: fitness=104200
It 1365: fitness=104000
It 1370: fitness=103900
It 1375: fitness=103900
It 1380: fitness=103800
It 1385: fitness=103800
It 1390: fitness=103800
It 1395: fitness=103800
It 1400: fitness=103800
It 1405: fitness=103800
It 1410: fitness=103700
It 1415: fitness=103700
It 1420: fitness=103700
It 1425: fitness=103700
It 1430: fitness=103700
It 1435: fitness=103700
It 1440: fitness=103700
It 1445: fitness=103700
It 1450: fitness=103700
It 1455: fitness=103700
It 1460: fitness=103700
It 1465: fitness=103700
It 1470: fitness=103700
It 1475: fitness=103700
It 1480: fitness=103700
It 1485: fitness=103700
It 1490: fitness=103600
It 1495: fitness=103600
It 1500: fitness=103600
It 1505: fitness=103600
It 1510: fitness=103600
It 1515: fitness=103600
It 1520: fitness=103600
It 1525: fitness=103600
It 1530: fitness=103600
It 1535: fitness=103600
It 1540: fitness=103600
It 1545: fitness=103500
It 1550: fitness=103500
It 1555: fitness=103500
It 1560: fitness=103500
It 1565: fitness=103500
It 1570: fitness=103500
It 1575: fitness=103500
It 1580: fitness=103500
It 1585: fitness=103500
It 1590: fitness=103500
It 1595: fitness=103500
It 1600: fitness=103500
It 1605: fitness=103500
It 1610: fitness=103500
It 1615: fitness=103500
It 1620: fitness=103500
It 1625: fitness=103500
It 1630: fitness=103500
It 1635: fitness=103500
It 1640: fitness=103500
It 1645: fitness=103500
It 1650: fitness=103500
It 1655: fitness=103500
It 1660: fitness=103500
It 1665: fitness=103500
It 1670: fitness=103500
It 1675: fitness=103500
It 1680: fitness=103500
It 1685: fitness=103500
It 1690: fitness=103500
It 1695: fitness=103500
It 1700: fitness=103500
It 1705: fitness=103500
It 1710: fitness=103500
It 1715: fitness=103500
It 1720: fitness=103500
It 1725: fitness=103500
It 1730: fitness=103500
It 1735: fitness=103500
It 1740: fitness=103500
It 1745: fitness=103500
It 1750: fitness=103500
It 1755: fitness=103500
It 1760: fitness=103500
It 1765: fitness=103500
It 1770: fitness=103500
It 1775: fitness=103500
It 1780: fitness=103500
It 1785: fitness=103500
It 1790: fitness=103500
It 1795: fitness=103500
It 1800: fitness=103500
It 1805: fitness=103500
It 1810: fitness=103500
It 1815: fitness=103500
It 1820: fitness=103500
It 1825: fitness=103500
It 1830: fitness=103500
It 1835: fitness=103500
It 1840: fitness=103500
It 1845: fitness=103500
It 1850: fitness=103500
It 1855: fitness=103500
It 1860: fitness=103500
It 1865: fitness=103500
It 1870: fitness=103500
It 1875: fitness=103500
It 1880: fitness=103500
It 1885: fitness=103500
It 1890: fitness=103500
It 1895: fitness=103500
It 1900: fitness=103500
It 1905: fitness=103500
It 1910: fitness=103500
It 1915: fitness=103500
It 1920: fitness=103500
It 1925: fitness=103500
It 1930: fitness=103500
It 1935: fitness=103500
It 1940: fitness=103500
It 1945: fitness=103500
It 1950: fitness=103500
It 1955: fitness=103500
It 1960: fitness=103500
It 1965: fitness=103500
It 1970: fitness=103500
It 1975: fitness=103500
It 1980: fitness=103500
It 1985: fitness=103500
It 1990: fitness=103500
It 1995: fitness=103500
It 2000: fitness=103500
It 2005: fitness=103500
It 2010: fitness=103500
It 2015: fitness=103500
It 2020: fitness=103500
It 2025: fitness=103500
It 2030: fitness=103500
It 2035: fitness=103500
It 2040: fitness=103500
It 2045: fitness=103500
It 2050: fitness=103500
It 2055: fitness=103500
It 2060: fitness=103500
It 2065: fitness=103500
It 2070: fitness=103500
It 2075: fitness=103500
It 2080: fitness=103500
It 2085: fitness=103500
It 2090: fitness=103500
It 2095: fitness=103500
It 2100: fitness=103500
It 2105: fitness=103500
It 2110: fitness=103500
It 2115: fitness=103500
It 2120: fitness=103500
It 2125: fitness=103500
It 2130: fitness=103500
It 2135: fitness=103500
It 2140: fitness=103500
It 2145: fitness=103500
It 2150: fitness=103500
It 2155: fitness=103500
It 2160: fitness=103500
It 2165: fitness=103500
It 2170: fitness=103500
It 2175: fitness=103500
It 2180: fitness=103500
It 2185: fitness=103500
It 2190: fitness=103500
It 2195: fitness=103500
It 2200: fitness=103500
It 2205: fitness=103500
It 2210: fitness=103500
It 2215: fitness=103500
It 2220: fitness=103500
It 2225: fitness=103500
It 2230: fitness=103500
It 2235: fitness=103500
It 2240: fitness=103500
It 2245: fitness=103500
It 2250: fitness=103500
It 2255: fitness=103500
It 2260: fitness=103500
It 2265: fitness=103500
It 2270: fitness=103500
It 2275: fitness=103500
It 2280: fitness=103500
It 2285: fitness=103500
It 2290: fitness=103500
It 2295: fitness=103500
It 2300: fitness=103400
It 2305: fitness=103400
It 2310: fitness=103400
It 2315: fitness=103400
It 2320: fitness=103400
It 2325: fitness=103400
It 2330: fitness=103400
It 2335: fitness=103400
It 2340: fitness=103400
It 2345: fitness=103400
It 2350: fitness=103400
It 2355: fitness=103400
It 2360: fitness=103400
It 2365: fitness=103400
It 2370: fitness=103400
It 2375: fitness=103400
It 2380: fitness=103400
It 2385: fitness=103400
It 2390: fitness=103400
It 2395: fitness=103400
It 2400: fitness=103400
It 2405: fitness=103400
It 2410: fitness=103400
It 2415: fitness=103400
It 2420: fitness=103400
It 2425: fitness=103400
It 2430: fitness=103400
It 2435: fitness=103400
It 2440: fitness=103400
It 2445: fitness=103400
It 2450: fitness=103400
It 2455: fitness=103400
It 2460: fitness=103400
It 2465: fitness=103400
It 2470: fitness=103400
It 2475: fitness=103400
It 2480: fitness=103400
It 2485: fitness=103400
It 2490: fitness=103400
It 2495: fitness=103400
It 2500: fitness=103400
It 2505: fitness=103400
It 2510: fitness=103400
It 2515: fitness=103400
It 2520: fitness=103400
It 2525: fitness=103400
It 2530: fitness=103400
It 2535: fitness=103400
It 2540: fitness=103400
It 2545: fitness=103400
It 2550: fitness=103400
It 2555: fitness=103400
It 2560: fitness=103400
It 2565: fitness=103400
It 2570: fitness=103400
It 2575: fitness=103400
It 2580: fitness=103400
It 2585: fitness=103400
It 2590: fitness=103400
It 2595: fitness=103400
It 2600: fitness=103400
It 2605: fitness=103400
It 2610: fitness=103400
It 2615: fitness=103400
It 2620: fitness=103400
It 2625: fitness=103400
It 2630: fitness=103400
It 2635: fitness=103400
It 2640: fitness=103400
Maximal number of iterations without improvement reached
>> Resamp_Iter 1 negLL: 103439.7 (ref:  108772.8 )
>> Resamp_params: 0.5129302 0.5166192 0.5418247 0.4840232 0.4914997 0.4988238 0.5493595 0.5618084 0.6207041 0.8006291 0.6000118 -33.70301 -16.4564 0.3586449 
>> sd Resamp 2 : 33 3 12 40 29 46 4 47 9 6 26 28 17 23 40 44 38 25 47 1 26 5 30 23 39 13 12 47 20 41 24 40 21 4 34 2 28 40 36 10 33 5 18 2 10 9 42 
>> Opt param @ resamp: 122502.5 
S=17, K=3, p=0.1663, w0=0.7213, w1=0.7213, c.p=1.193, c.g=1.193
v.max=NA, d=3.742, vectorize=FALSE, hybrid=off
It 5: fitness=183400
It 10: fitness=176300
It 15: fitness=169600
It 20: fitness=164400
It 25: fitness=162900
It 30: fitness=161200
It 35: fitness=160800
It 40: fitness=157700
It 45: fitness=154300
It 50: fitness=152100
It 55: fitness=148100
It 60: fitness=148100
It 65: fitness=146800
It 70: fitness=146800
It 75: fitness=146800
It 80: fitness=145500
It 85: fitness=145500
It 90: fitness=145400
It 95: fitness=144900
It 100: fitness=143700
It 105: fitness=143700
It 110: fitness=143700
It 115: fitness=143600
It 120: fitness=142000
It 125: fitness=140600
It 130: fitness=140600
It 135: fitness=140300
It 140: fitness=140000
It 145: fitness=140000
It 150: fitness=139800
It 155: fitness=139300
It 160: fitness=139200
It 165: fitness=139100
It 170: fitness=138900
It 175: fitness=138500
It 180: fitness=137900
It 185: fitness=136600
It 190: fitness=136300
It 195: fitness=136000
It 200: fitness=135300
It 205: fitness=135300
It 210: fitness=135000
It 215: fitness=134700
It 220: fitness=134600
It 225: fitness=134400
It 230: fitness=134400
It 235: fitness=134300
It 240: fitness=134300
It 245: fitness=134200
It 250: fitness=134100
It 255: fitness=134100
It 260: fitness=134000
It 265: fitness=134000
It 270: fitness=134000
It 275: fitness=133800
It 280: fitness=133700
It 285: fitness=133700
It 290: fitness=133600
It 295: fitness=133600
It 300: fitness=133600
It 305: fitness=133500
It 310: fitness=133500
It 315: fitness=133400
It 320: fitness=133400
It 325: fitness=133200
It 330: fitness=133000
It 335: fitness=133000
It 340: fitness=132700
It 345: fitness=132600
It 350: fitness=132400
It 355: fitness=132400
It 360: fitness=132400
It 365: fitness=132300
It 370: fitness=132200
It 375: fitness=132200
It 380: fitness=132200
It 385: fitness=132100
It 390: fitness=132100
It 395: fitness=132100
It 400: fitness=132100
It 405: fitness=132100
It 410: fitness=132100
It 415: fitness=132000
It 420: fitness=132000
It 425: fitness=132000
It 430: fitness=132000
It 435: fitness=132000
It 440: fitness=132000
It 445: fitness=131900
It 450: fitness=131800
It 455: fitness=131500
It 460: fitness=131200
It 465: fitness=131000
It 470: fitness=131000
It 475: fitness=130900
It 480: fitness=130900
It 485: fitness=130900
It 490: fitness=130900
It 495: fitness=130900
It 500: fitness=130900
It 505: fitness=130800
It 510: fitness=130800
It 515: fitness=130800
It 520: fitness=130800
It 525: fitness=130800
It 530: fitness=130800
It 535: fitness=130800
It 540: fitness=130800
It 545: fitness=130800
It 550: fitness=130800
It 555: fitness=130800
It 560: fitness=130800
It 565: fitness=130800
It 570: fitness=130800
It 575: fitness=130800
It 580: fitness=130800
It 585: fitness=130800
It 590: fitness=130700
It 595: fitness=130700
It 600: fitness=130700
It 605: fitness=130700
It 610: fitness=130700
It 615: fitness=130700
It 620: fitness=130700
It 625: fitness=130700
It 630: fitness=130700
It 635: fitness=130700
It 640: fitness=130700
It 645: fitness=130700
It 650: fitness=130700
It 655: fitness=130700
It 660: fitness=130700
It 665: fitness=130700
It 670: fitness=130700
It 675: fitness=130700
It 680: fitness=130700
It 685: fitness=130700
It 690: fitness=130700
It 695: fitness=130700
It 700: fitness=130700
It 705: fitness=130700
It 710: fitness=130700
It 715: fitness=130700
It 720: fitness=130700
It 725: fitness=130700
It 730: fitness=130700
It 735: fitness=130700
It 740: fitness=130700
It 745: fitness=130700
It 750: fitness=130700
It 755: fitness=130700
It 760: fitness=130700
It 765: fitness=130700
It 770: fitness=130700
It 775: fitness=130700
It 780: fitness=130700
It 785: fitness=130700
It 790: fitness=130700
It 795: fitness=130700
It 800: fitness=130700
It 805: fitness=130700
It 810: fitness=130700
It 815: fitness=130700
It 820: fitness=130700
It 825: fitness=130700
It 830: fitness=130700
It 835: fitness=130700
It 840: fitness=130700
It 845: fitness=130700
It 850: fitness=130700
It 855: fitness=130700
It 860: fitness=130700
It 865: fitness=130700
It 870: fitness=130700
It 875: fitness=130700
It 880: fitness=130700
It 885: fitness=130700
It 890: fitness=130700
It 895: fitness=130700
It 900: fitness=130700
It 905: fitness=130700
It 910: fitness=130700
It 915: fitness=130700
It 920: fitness=130700
Maximal number of iterations without improvement reached
>> Resamp_Iter 2 negLL: 130723.5 (ref:  122502.5 )
>> Resamp_params: 0.4546588 0.6983349 0.4396591 0.4011405 0.6350095 0.4199135 0.4656938 0.6999998 0.6971781 0.8285526 0.6001921 -6.789981 -13.7404 0.3153848 
>> sd Resamp 3 : 25 17 32 4 39 18 4 17 31 27 9 30 33 23 42 44 46 26 13 22 23 44 13 31 38 44 35 34 12 5 8 38 20 40 34 8 35 8 41 7 35 46 16 9 41 26 33 
>> Opt param @ resamp: 113677.1 
S=17, K=3, p=0.1663, w0=0.7213, w1=0.7213, c.p=1.193, c.g=1.193
v.max=NA, d=3.742, vectorize=FALSE, hybrid=off
It 5: fitness=180700
It 10: fitness=145100
It 15: fitness=144800
It 20: fitness=144800
It 25: fitness=142900
It 30: fitness=142700
It 35: fitness=142700
It 40: fitness=142700
It 45: fitness=142700
It 50: fitness=142700
It 55: fitness=142700
It 60: fitness=142700
It 65: fitness=142700
It 70: fitness=142700
It 75: fitness=142600
It 80: fitness=142300
It 85: fitness=141400
It 90: fitness=140900
It 95: fitness=140000
It 100: fitness=140000
It 105: fitness=140000
It 110: fitness=140000
It 115: fitness=140000
It 120: fitness=140000
It 125: fitness=139500
It 130: fitness=139400
It 135: fitness=139400
It 140: fitness=139400
It 145: fitness=139400
It 150: fitness=139300
It 155: fitness=139300
It 160: fitness=139300
It 165: fitness=139300
It 170: fitness=139300
It 175: fitness=139300
It 180: fitness=139300
It 185: fitness=139300
It 190: fitness=139300
It 195: fitness=139300
It 200: fitness=139300
It 205: fitness=139300
It 210: fitness=139300
It 215: fitness=139300
It 220: fitness=139300
It 225: fitness=139300
It 230: fitness=139300
It 235: fitness=139300
It 240: fitness=139300
It 245: fitness=137500
It 250: fitness=137500
It 255: fitness=133700
It 260: fitness=131200
It 265: fitness=131100
It 270: fitness=130700
It 275: fitness=130600
It 280: fitness=130100
It 285: fitness=126200
It 290: fitness=126200
It 295: fitness=125600
It 300: fitness=125000
It 305: fitness=124400
It 310: fitness=123800
It 315: fitness=123500
It 320: fitness=123500
It 325: fitness=121900
It 330: fitness=121800
It 335: fitness=121200
It 340: fitness=121200
It 345: fitness=120300
It 350: fitness=120300
It 355: fitness=119800
It 360: fitness=119300
It 365: fitness=119300
It 370: fitness=118000
It 375: fitness=118000
It 380: fitness=117800
It 385: fitness=117300
It 390: fitness=117300
It 395: fitness=117300
It 400: fitness=117200
It 405: fitness=116900
It 410: fitness=116800
It 415: fitness=116700
It 420: fitness=116600
It 425: fitness=116500
It 430: fitness=116500
It 435: fitness=116500
It 440: fitness=116400
It 445: fitness=116200
It 450: fitness=116100
It 455: fitness=115900
It 460: fitness=115900
It 465: fitness=115600
It 470: fitness=115500
It 475: fitness=115400
It 480: fitness=115100
It 485: fitness=115000
It 490: fitness=114900
It 495: fitness=114700
It 500: fitness=114600
It 505: fitness=114400
It 510: fitness=114400
It 515: fitness=114400
It 520: fitness=114200
It 525: fitness=114200
It 530: fitness=114200
It 535: fitness=114200
It 540: fitness=114200
It 545: fitness=114200
It 550: fitness=114100
It 555: fitness=114100
It 560: fitness=114100
It 565: fitness=114000
It 570: fitness=114000
It 575: fitness=113700
It 580: fitness=113700
It 585: fitness=113700
It 590: fitness=113700
It 595: fitness=113600
It 600: fitness=113600
It 605: fitness=113600
It 610: fitness=113600
It 615: fitness=113600
It 620: fitness=113600
It 625: fitness=113600
It 630: fitness=113400
It 635: fitness=113400
It 640: fitness=113300
It 645: fitness=113300
It 650: fitness=113300
It 655: fitness=113300
It 660: fitness=113300
It 665: fitness=113300
It 670: fitness=113300
It 675: fitness=113300
It 680: fitness=113300
It 685: fitness=113200
It 690: fitness=113200
It 695: fitness=113200
It 700: fitness=113200
It 705: fitness=113200
It 710: fitness=113200
It 715: fitness=113200
It 720: fitness=113200
It 725: fitness=113200
It 730: fitness=113200
It 735: fitness=113200
It 740: fitness=113200
It 745: fitness=113100
It 750: fitness=113100
It 755: fitness=113100
It 760: fitness=113100
It 765: fitness=113100
It 770: fitness=113100
It 775: fitness=113100
It 780: fitness=113100
It 785: fitness=113100
It 790: fitness=113100
It 795: fitness=113100
It 800: fitness=113100
It 805: fitness=113100
It 810: fitness=113100
It 815: fitness=113100
It 820: fitness=113100
It 825: fitness=113100
It 830: fitness=113100
It 835: fitness=113100
It 840: fitness=113100
It 845: fitness=113100
It 850: fitness=113100
It 855: fitness=113100
It 860: fitness=113100
It 865: fitness=113100
It 870: fitness=113100
It 875: fitness=113100
It 880: fitness=113100
It 885: fitness=113100
It 890: fitness=113100
It 895: fitness=113100
It 900: fitness=113100
It 905: fitness=113100
It 910: fitness=113100
It 915: fitness=113100
It 920: fitness=113100
It 925: fitness=113100
It 930: fitness=113100
It 935: fitness=113100
It 940: fitness=113100
It 945: fitness=113100
It 950: fitness=113100
It 955: fitness=113100
It 960: fitness=113100
It 965: fitness=113100
It 970: fitness=113100
It 975: fitness=113100
It 980: fitness=113100
It 985: fitness=113100
It 990: fitness=113100
It 995: fitness=113100
It 1000: fitness=113100
It 1005: fitness=113100
It 1010: fitness=113100
It 1015: fitness=113100
It 1020: fitness=113100
It 1025: fitness=113100
It 1030: fitness=113100
It 1035: fitness=113100
It 1040: fitness=113100
It 1045: fitness=113100
It 1050: fitness=113100
It 1055: fitness=113100
It 1060: fitness=113100
It 1065: fitness=113100
It 1070: fitness=113100
It 1075: fitness=113100
It 1080: fitness=113100
It 1085: fitness=113100
It 1090: fitness=113100
It 1095: fitness=113100
It 1100: fitness=113100
It 1105: fitness=113100
It 1110: fitness=113100
It 1115: fitness=113100
It 1120: fitness=113100
It 1125: fitness=113100
It 1130: fitness=113100
It 1135: fitness=113100
It 1140: fitness=113100
It 1145: fitness=113100
It 1150: fitness=113100
It 1155: fitness=113100
It 1160: fitness=113100
It 1165: fitness=113100
It 1170: fitness=113100
It 1175: fitness=113100
It 1180: fitness=113100
It 1185: fitness=113100
It 1190: fitness=113100
It 1195: fitness=113100
It 1200: fitness=113100
It 1205: fitness=113100
It 1210: fitness=113100
It 1215: fitness=113100
It 1220: fitness=113100
It 1225: fitness=113100
It 1230: fitness=113100
It 1235: fitness=113100
It 1240: fitness=113100
It 1245: fitness=113100
It 1250: fitness=113100
It 1255: fitness=113100
It 1260: fitness=113100
It 1265: fitness=113100
It 1270: fitness=113000
It 1275: fitness=113000
It 1280: fitness=113000
It 1285: fitness=113000
It 1290: fitness=113000
It 1295: fitness=113000
It 1300: fitness=113000
It 1305: fitness=113000
It 1310: fitness=113000
It 1315: fitness=113000
It 1320: fitness=113000
It 1325: fitness=113000
It 1330: fitness=113000
It 1335: fitness=113000
It 1340: fitness=113000
It 1345: fitness=113000
It 1350: fitness=113000
It 1355: fitness=113000
It 1360: fitness=113000
It 1365: fitness=113000
It 1370: fitness=113000
It 1375: fitness=113000
It 1380: fitness=113000
It 1385: fitness=113000
It 1390: fitness=113000
It 1395: fitness=113000
It 1400: fitness=113000
It 1405: fitness=113000
It 1410: fitness=113000
It 1415: fitness=113000
It 1420: fitness=113000
It 1425: fitness=113000
It 1430: fitness=113000
It 1435: fitness=113000
It 1440: fitness=113000
It 1445: fitness=113000
It 1450: fitness=113000
It 1455: fitness=113000
It 1460: fitness=113000
It 1465: fitness=113000
It 1470: fitness=113000
It 1475: fitness=113000
It 1480: fitness=113000
It 1485: fitness=113000
It 1490: fitness=113000
It 1495: fitness=113000
It 1500: fitness=113000
It 1505: fitness=113000
It 1510: fitness=113000
It 1515: fitness=113000
It 1520: fitness=113000
It 1525: fitness=113000
It 1530: fitness=113000
It 1535: fitness=113000
It 1540: fitness=113000
It 1545: fitness=113000
It 1550: fitness=113000
It 1555: fitness=113000
It 1560: fitness=113000
It 1565: fitness=113000
It 1570: fitness=113000
It 1575: fitness=113000
It 1580: fitness=113000
It 1585: fitness=113000
It 1590: fitness=113000
It 1595: fitness=113000
It 1600: fitness=113000
It 1605: fitness=113000
It 1610: fitness=113000
It 1615: fitness=113000
It 1620: fitness=113000
It 1625: fitness=113000
It 1630: fitness=113000
It 1635: fitness=113000
It 1640: fitness=113000
It 1645: fitness=113000
It 1650: fitness=113000
It 1655: fitness=113000
It 1660: fitness=113000
It 1665: fitness=113000
It 1670: fitness=113000
It 1675: fitness=113000
It 1680: fitness=113000
It 1685: fitness=113000
It 1690: fitness=113000
It 1695: fitness=113000
It 1700: fitness=113000
It 1705: fitness=113000
It 1710: fitness=113000
It 1715: fitness=113000
It 1720: fitness=113000
It 1725: fitness=113000
It 1730: fitness=113000
It 1735: fitness=113000
It 1740: fitness=113000
It 1745: fitness=113000
It 1750: fitness=113000
It 1755: fitness=113000
It 1760: fitness=113000
It 1765: fitness=113000
It 1770: fitness=113000
It 1775: fitness=113000
It 1780: fitness=113000
It 1785: fitness=113000
It 1790: fitness=113000
It 1795: fitness=113000
It 1800: fitness=113000
Maximal number of iterations without improvement reached
>> Resamp_Iter 3 negLL: 112985.3 (ref:  113677.1 )
>> Resamp_params: 0.5162049 0.5175105 0.5078953 0.6216012 0.5581404 0.5008284 0.5230259 0.5247976 0.6175114 0.8707433 0.6002477 -56.49738 -26.1176 0.3733868 
>> sd Resamp 4 : 18 19 3 13 25 32 24 16 41 12 29 45 25 19 25 41 4 17 42 24 5 43 45 18 26 35 9 13 15 32 45 21 8 39 46 40 30 8 47 9 21 21 21 1 27 24 22 
>> Opt param @ resamp: 107062.3 
S=17, K=3, p=0.1663, w0=0.7213, w1=0.7213, c.p=1.193, c.g=1.193
v.max=NA, d=3.742, vectorize=FALSE, hybrid=off
It 5: fitness=141700
It 10: fitness=121300
It 15: fitness=121300
It 20: fitness=117300
It 25: fitness=117300
It 30: fitness=117000
It 35: fitness=117000
It 40: fitness=117000
It 45: fitness=117000
It 50: fitness=117000
It 55: fitness=116900
It 60: fitness=116900
It 65: fitness=116900
It 70: fitness=116900
It 75: fitness=116900
It 80: fitness=116900
It 85: fitness=115700
It 90: fitness=112100
It 95: fitness=112100
It 100: fitness=111900
It 105: fitness=111900
It 110: fitness=111800
It 115: fitness=111800
It 120: fitness=111800
It 125: fitness=111800
It 130: fitness=111700
It 135: fitness=111700
It 140: fitness=111700
It 145: fitness=111700
It 150: fitness=111700
It 155: fitness=111700
It 160: fitness=111700
It 165: fitness=111700
It 170: fitness=111700
It 175: fitness=111700
It 180: fitness=111700
It 185: fitness=111700
It 190: fitness=110300
It 195: fitness=110300
It 200: fitness=110300
It 205: fitness=110100
It 210: fitness=109800
It 215: fitness=109700
It 220: fitness=107400
It 225: fitness=107400
It 230: fitness=106900
It 235: fitness=106200
It 240: fitness=106200
It 245: fitness=106100
It 250: fitness=106000
It 255: fitness=105600
It 260: fitness=105600
It 265: fitness=105600
It 270: fitness=105500
It 275: fitness=105200
It 280: fitness=105000
It 285: fitness=104900
It 290: fitness=104700
It 295: fitness=104300
It 300: fitness=104200
It 305: fitness=104000
It 310: fitness=104000
It 315: fitness=104000
It 320: fitness=103900
It 325: fitness=103900
It 330: fitness=103900
It 335: fitness=103900
It 340: fitness=103800
It 345: fitness=103800
It 350: fitness=103800
It 355: fitness=103600
It 360: fitness=103600
It 365: fitness=103600
It 370: fitness=103600
It 375: fitness=103500
It 380: fitness=103500
It 385: fitness=103500
It 390: fitness=103500
It 395: fitness=103500
It 400: fitness=103500
It 405: fitness=103500
It 410: fitness=103500
It 415: fitness=103500
It 420: fitness=103500
It 425: fitness=103500
It 430: fitness=103400
It 435: fitness=103400
It 440: fitness=103400
It 445: fitness=103400
It 450: fitness=103400
It 455: fitness=103400
It 460: fitness=103400
It 465: fitness=103400
It 470: fitness=103400
It 475: fitness=103400
It 480: fitness=103400
It 485: fitness=103400
It 490: fitness=103400
It 495: fitness=103400
It 500: fitness=103400
It 505: fitness=103400
It 510: fitness=103400
It 515: fitness=103400
It 520: fitness=103400
It 525: fitness=103400
It 530: fitness=103400
It 535: fitness=103400
It 540: fitness=103400
It 545: fitness=103400
It 550: fitness=103400
It 555: fitness=103400
It 560: fitness=103400
It 565: fitness=103400
It 570: fitness=103400
It 575: fitness=103400
It 580: fitness=103400
It 585: fitness=103400
It 590: fitness=103400
It 595: fitness=103400
It 600: fitness=103400
It 605: fitness=103400
It 610: fitness=103400
It 615: fitness=103400
It 620: fitness=103400
It 625: fitness=103400
It 630: fitness=103400
It 635: fitness=103400
It 640: fitness=103400
It 645: fitness=103400
It 650: fitness=103400
It 655: fitness=103400
It 660: fitness=103400
It 665: fitness=103400
It 670: fitness=103400
It 675: fitness=103400
It 680: fitness=103300
It 685: fitness=103300
It 690: fitness=103300
It 695: fitness=103300
It 700: fitness=103300
It 705: fitness=103300
It 710: fitness=103300
It 715: fitness=103300
It 720: fitness=103300
It 725: fitness=103300
It 730: fitness=103300
It 735: fitness=103300
It 740: fitness=103300
It 745: fitness=103300
It 750: fitness=103300
It 755: fitness=103300
It 760: fitness=103300
It 765: fitness=103300
It 770: fitness=103300
It 775: fitness=103300
It 780: fitness=103300
It 785: fitness=103300
It 790: fitness=103300
It 795: fitness=103300
It 800: fitness=103300
It 805: fitness=103300
It 810: fitness=103300
It 815: fitness=103300
It 820: fitness=103300
It 825: fitness=103300
It 830: fitness=103300
It 835: fitness=103300
It 840: fitness=103300
It 845: fitness=103300
It 850: fitness=103300
It 855: fitness=103300
It 860: fitness=103300
It 865: fitness=103300
It 870: fitness=103300
It 875: fitness=103300
It 880: fitness=103300
It 885: fitness=103300
It 890: fitness=103300
It 895: fitness=103300
It 900: fitness=103300
It 905: fitness=103300
It 910: fitness=103300
It 915: fitness=103300
It 920: fitness=103300
It 925: fitness=103300
It 930: fitness=103300
It 935: fitness=103300
It 940: fitness=103300
It 945: fitness=103300
It 950: fitness=103300
It 955: fitness=103300
It 960: fitness=103300
It 965: fitness=103300
It 970: fitness=103300
It 975: fitness=103300
It 980: fitness=103300
It 985: fitness=103300
It 990: fitness=103300
It 995: fitness=103300
It 1000: fitness=103300
It 1005: fitness=103300
It 1010: fitness=103300
It 1015: fitness=103300
It 1020: fitness=103300
It 1025: fitness=103300
It 1030: fitness=103300
It 1035: fitness=103300
It 1040: fitness=103300
It 1045: fitness=103300
It 1050: fitness=103300
It 1055: fitness=103300
It 1060: fitness=103300
It 1065: fitness=103300
It 1070: fitness=103300
It 1075: fitness=103300
It 1080: fitness=103300
It 1085: fitness=103300
It 1090: fitness=103300
It 1095: fitness=103300
It 1100: fitness=103300
It 1105: fitness=103300
It 1110: fitness=103300
It 1115: fitness=103300
It 1120: fitness=103300
It 1125: fitness=103300
It 1130: fitness=103300
It 1135: fitness=103300
It 1140: fitness=103300
It 1145: fitness=103300
It 1150: fitness=103300
It 1155: fitness=103300
It 1160: fitness=103300
It 1165: fitness=103300
It 1170: fitness=103300
It 1175: fitness=103300
It 1180: fitness=103300
It 1185: fitness=103300
It 1190: fitness=103300
It 1195: fitness=103300
It 1200: fitness=103300
It 1205: fitness=103300
It 1210: fitness=103300
It 1215: fitness=103300
It 1220: fitness=103300
It 1225: fitness=103300
It 1230: fitness=103300
It 1235: fitness=103300
It 1240: fitness=103300
It 1245: fitness=103300
It 1250: fitness=103300
It 1255: fitness=103300
It 1260: fitness=103300
It 1265: fitness=103300
It 1270: fitness=103300
It 1275: fitness=103300
It 1280: fitness=103300
It 1285: fitness=103300
It 1290: fitness=103300
It 1295: fitness=103300
It 1300: fitness=103300
It 1305: fitness=103300
It 1310: fitness=103300
It 1315: fitness=103300
It 1320: fitness=103300
It 1325: fitness=103300
Maximal number of iterations without improvement reached
>> Resamp_Iter 4 negLL: 103328.3 (ref:  107062.3 )
>> Resamp_params: 0.4967131 0.4980537 0.5085842 0.4676197 0.5655891 0.4787078 0.5398906 0.5639 0.595753 0.8003117 0.6000711 -19.76582 -21.96657 0.3788642 
>> sd Resamp 5 : 12 15 23 5 38 18 38 14 21 40 12 18 2 5 31 10 13 27 27 16 4 22 15 37 9 32 11 32 11 31 21 43 42 33 11 11 36 41 37 40 4 31 11 16 31 24 21 
>> Opt param @ resamp: 109755.8 
S=17, K=3, p=0.1663, w0=0.7213, w1=0.7213, c.p=1.193, c.g=1.193
v.max=NA, d=3.742, vectorize=FALSE, hybrid=off
It 5: fitness=154600
It 10: fitness=141700
It 15: fitness=135200
It 20: fitness=132600
It 25: fitness=131800
It 30: fitness=130700
It 35: fitness=130200
It 40: fitness=127100
It 45: fitness=127100
It 50: fitness=127100
It 55: fitness=127100
It 60: fitness=127100
It 65: fitness=127100
It 70: fitness=127100
It 75: fitness=127100
It 80: fitness=127000
It 85: fitness=127000
It 90: fitness=127000
It 95: fitness=127000
It 100: fitness=123600
It 105: fitness=123600
It 110: fitness=123300
It 115: fitness=123300
It 120: fitness=123000
It 125: fitness=123000
It 130: fitness=122900
It 135: fitness=122900
It 140: fitness=122900
It 145: fitness=122900
It 150: fitness=122900
It 155: fitness=122900
It 160: fitness=122900
It 165: fitness=122900
It 170: fitness=122900
It 175: fitness=122800
It 180: fitness=122800
It 185: fitness=122800
It 190: fitness=122800
It 195: fitness=122800
It 200: fitness=122800
It 205: fitness=122800
It 210: fitness=122800
It 215: fitness=122800
It 220: fitness=122800
It 225: fitness=120900
It 230: fitness=120400
It 235: fitness=120000
It 240: fitness=120000
It 245: fitness=119300
It 250: fitness=119000
It 255: fitness=118400
It 260: fitness=117800
It 265: fitness=117100
It 270: fitness=116400
It 275: fitness=116300
It 280: fitness=115900
It 285: fitness=115600
It 290: fitness=115200
It 295: fitness=114900
It 300: fitness=114700
It 305: fitness=114200
It 310: fitness=113800
It 315: fitness=113700
It 320: fitness=113700
It 325: fitness=113300
It 330: fitness=113200
It 335: fitness=113200
It 340: fitness=113000
It 345: fitness=113000
It 350: fitness=112700
It 355: fitness=112600
It 360: fitness=112600
It 365: fitness=112500
It 370: fitness=112400
It 375: fitness=112300
It 380: fitness=112300
It 385: fitness=112300
It 390: fitness=112100
It 395: fitness=112100
It 400: fitness=111900
It 405: fitness=111800
It 410: fitness=111800
It 415: fitness=111700
It 420: fitness=111700
It 425: fitness=111700
It 430: fitness=111700
It 435: fitness=111700
It 440: fitness=111600
It 445: fitness=111600
It 450: fitness=111600
It 455: fitness=111600
It 460: fitness=111600
It 465: fitness=111600
It 470: fitness=111600
It 475: fitness=111600
It 480: fitness=111600
It 485: fitness=111600
It 490: fitness=111500
It 495: fitness=111500
It 500: fitness=111500
It 505: fitness=111500
It 510: fitness=111500
It 515: fitness=111500
It 520: fitness=111500
It 525: fitness=111500
It 530: fitness=111500
It 535: fitness=111500
It 540: fitness=111400
It 545: fitness=111400
It 550: fitness=111400
It 555: fitness=111400
It 560: fitness=111400
It 565: fitness=111400
It 570: fitness=111400
It 575: fitness=111400
It 580: fitness=111400
It 585: fitness=111400
It 590: fitness=111400
It 595: fitness=111400
It 600: fitness=111400
It 605: fitness=111400
It 610: fitness=111400
It 615: fitness=111400
It 620: fitness=111400
It 625: fitness=111400
It 630: fitness=111400
It 635: fitness=111400
It 640: fitness=111400
It 645: fitness=111400
It 650: fitness=111400
It 655: fitness=111400
It 660: fitness=111400
It 665: fitness=111400
It 670: fitness=111400
It 675: fitness=111400
It 680: fitness=111400
It 685: fitness=111400
It 690: fitness=111400
It 695: fitness=111400
It 700: fitness=111400
It 705: fitness=111400
It 710: fitness=111400
It 715: fitness=111400
It 720: fitness=111400
It 725: fitness=111400
It 730: fitness=111400
It 735: fitness=111400
It 740: fitness=111400
It 745: fitness=111400
It 750: fitness=111400
It 755: fitness=111400
It 760: fitness=111400
It 765: fitness=111400
It 770: fitness=111400
It 775: fitness=111400
It 780: fitness=111400
It 785: fitness=111400
It 790: fitness=111400
It 795: fitness=111400
It 800: fitness=111400
It 805: fitness=111400
It 810: fitness=111400
It 815: fitness=111300
It 820: fitness=111300
It 825: fitness=111300
It 830: fitness=111300
It 835: fitness=111300
It 840: fitness=111300
It 845: fitness=111300
It 850: fitness=111300
It 855: fitness=111300
It 860: fitness=111300
It 865: fitness=111300
It 870: fitness=111300
It 875: fitness=111300
It 880: fitness=111300
It 885: fitness=111300
It 890: fitness=111300
It 895: fitness=111300
It 900: fitness=111300
It 905: fitness=111300
It 910: fitness=111300
It 915: fitness=111300
It 920: fitness=111300
It 925: fitness=111300
It 930: fitness=111300
It 935: fitness=111300
It 940: fitness=111300
It 945: fitness=111300
It 950: fitness=111300
It 955: fitness=111300
It 960: fitness=111300
It 965: fitness=111300
It 970: fitness=111300
It 975: fitness=111300
It 980: fitness=111300
It 985: fitness=111300
It 990: fitness=111300
It 995: fitness=111300
It 1000: fitness=111300
It 1005: fitness=111300
It 1010: fitness=111300
It 1015: fitness=111300
It 1020: fitness=111300
It 1025: fitness=111300
It 1030: fitness=111300
It 1035: fitness=111300
It 1040: fitness=111300
It 1045: fitness=111300
It 1050: fitness=111300
It 1055: fitness=111300
It 1060: fitness=111300
It 1065: fitness=111300
It 1070: fitness=111300
It 1075: fitness=111300
It 1080: fitness=111300
It 1085: fitness=111300
It 1090: fitness=111300
It 1095: fitness=111300
It 1100: fitness=111300
Maximal number of iterations without improvement reached
>> Resamp_Iter 5 negLL: 111349 (ref:  109755.8 )
>> Resamp_params: 0.4397501 0.441943 0.4296918 0.6926059 0.6061312 0.4235598 0.4718047 0.4795784 0.6799748 0.8001012 0.629142 -9.512688 -17.82937 0.3612523 
>> sd Resamp 6 : 21 4 7 7 39 11 18 29 33 31 22 31 29 25 45 29 12 35 38 2 20 19 3 35 33 2 30 1 43 14 24 25 45 19 34 39 16 34 27 41 44 20 27 38 12 25 37 
>> Opt param @ resamp: 97162.55 
S=17, K=3, p=0.1663, w0=0.7213, w1=0.7213, c.p=1.193, c.g=1.193
v.max=NA, d=3.742, vectorize=FALSE, hybrid=off
It 5: fitness=133000
It 10: fitness=133000
It 15: fitness=133000
It 20: fitness=123000
It 25: fitness=117600
It 30: fitness=117100
It 35: fitness=117000
It 40: fitness=114500
It 45: fitness=114400
It 50: fitness=111400
It 55: fitness=109300
It 60: fitness=105900
It 65: fitness=104300
It 70: fitness=104300
It 75: fitness=104200
It 80: fitness=104200
It 85: fitness=104200
It 90: fitness=103500
It 95: fitness=101300
It 100: fitness=99720
It 105: fitness=99640
It 110: fitness=99520
It 115: fitness=99500
It 120: fitness=98550
It 125: fitness=97780
It 130: fitness=96570
It 135: fitness=96470
It 140: fitness=96450
It 145: fitness=96360
It 150: fitness=96020
It 155: fitness=96020
It 160: fitness=96020
It 165: fitness=95990
It 170: fitness=95970
It 175: fitness=95940
It 180: fitness=95930
It 185: fitness=95880
It 190: fitness=95850
It 195: fitness=95720
It 200: fitness=95720
It 205: fitness=95720
It 210: fitness=95720
It 215: fitness=95640
It 220: fitness=95640
It 225: fitness=95640
It 230: fitness=95640
It 235: fitness=95640
It 240: fitness=95640
It 245: fitness=95620
It 250: fitness=95580
It 255: fitness=95460
It 260: fitness=95460
It 265: fitness=95460
It 270: fitness=95460
It 275: fitness=95460
It 280: fitness=95450
It 285: fitness=95410
It 290: fitness=95410
It 295: fitness=95410
It 300: fitness=95400
It 305: fitness=95400
It 310: fitness=95400
It 315: fitness=95400
It 320: fitness=95400
It 325: fitness=95380
It 330: fitness=95380
It 335: fitness=95320
It 340: fitness=95320
It 345: fitness=95320
It 350: fitness=95320
It 355: fitness=95320
It 360: fitness=95320
It 365: fitness=95320
It 370: fitness=95290
It 375: fitness=95290
It 380: fitness=95290
It 385: fitness=95290
It 390: fitness=95290
It 395: fitness=95290
It 400: fitness=95290
It 405: fitness=95290
It 410: fitness=95240
It 415: fitness=95240
It 420: fitness=95240
It 425: fitness=95240
It 430: fitness=95240
It 435: fitness=95240
It 440: fitness=95240
It 445: fitness=95240
It 450: fitness=95240
It 455: fitness=95240
It 460: fitness=95240
It 465: fitness=95240
It 470: fitness=95240
It 475: fitness=95240
It 480: fitness=95240
It 485: fitness=95240
It 490: fitness=95240
It 495: fitness=95240
It 500: fitness=95240
It 505: fitness=95240
It 510: fitness=95240
It 515: fitness=95240
It 520: fitness=95240
It 525: fitness=95240
It 530: fitness=95240
It 535: fitness=95240
It 540: fitness=95240
It 545: fitness=95180
It 550: fitness=95180
It 555: fitness=95160
It 560: fitness=95160
It 565: fitness=95160
It 570: fitness=95140
It 575: fitness=95140
It 580: fitness=95120
It 585: fitness=95120
It 590: fitness=95120
It 595: fitness=95120
It 600: fitness=95120
It 605: fitness=95120
It 610: fitness=95120
It 615: fitness=95120
It 620: fitness=95120
It 625: fitness=95120
It 630: fitness=95120
It 635: fitness=95120
It 640: fitness=95120
It 645: fitness=95120
It 650: fitness=95110
It 655: fitness=95110
It 660: fitness=95110
It 665: fitness=95110
It 670: fitness=95110
It 675: fitness=95110
It 680: fitness=95110
It 685: fitness=95110
It 690: fitness=95110
It 695: fitness=95110
It 700: fitness=95110
It 705: fitness=95110
It 710: fitness=95110
It 715: fitness=95110
It 720: fitness=95110
It 725: fitness=95110
It 730: fitness=95060
It 735: fitness=95060
It 740: fitness=95060
It 745: fitness=95060
It 750: fitness=95060
It 755: fitness=95060
It 760: fitness=95060
It 765: fitness=95060
It 770: fitness=95060
It 775: fitness=95060
It 780: fitness=95060
It 785: fitness=95060
It 790: fitness=95050
It 795: fitness=95050
It 800: fitness=95040
It 805: fitness=95040
It 810: fitness=95040
It 815: fitness=94990
It 820: fitness=94990
It 825: fitness=94990
It 830: fitness=94990
It 835: fitness=94990
It 840: fitness=94940
It 845: fitness=94940
It 850: fitness=94940
It 855: fitness=94940
It 860: fitness=94940
It 865: fitness=94940
It 870: fitness=94940
It 875: fitness=94940
It 880: fitness=94940
It 885: fitness=94940
It 890: fitness=94940
It 895: fitness=94940
It 900: fitness=94940
It 905: fitness=94920
It 910: fitness=94920
It 915: fitness=94920
It 920: fitness=94920
It 925: fitness=94920
It 930: fitness=94920
It 935: fitness=94920
It 940: fitness=94920
It 945: fitness=94920
It 950: fitness=94920
It 955: fitness=94920
It 960: fitness=94920
It 965: fitness=94920
It 970: fitness=94920
It 975: fitness=94920
It 980: fitness=94920
It 985: fitness=94920
It 990: fitness=94920
It 995: fitness=94920
It 1000: fitness=94920
It 1005: fitness=94920
It 1010: fitness=94920
It 1015: fitness=94920
It 1020: fitness=94920
It 1025: fitness=94920
It 1030: fitness=94920
It 1035: fitness=94920
It 1040: fitness=94920
It 1045: fitness=94920
It 1050: fitness=94920
It 1055: fitness=94920
It 1060: fitness=94920
It 1065: fitness=94920
It 1070: fitness=94920
It 1075: fitness=94920
It 1080: fitness=94920
It 1085: fitness=94920
It 1090: fitness=94920
It 1095: fitness=94920
It 1100: fitness=94920
It 1105: fitness=94920
It 1110: fitness=94920
It 1115: fitness=94920
It 1120: fitness=94920
It 1125: fitness=94910
It 1130: fitness=94910
It 1135: fitness=94910
It 1140: fitness=94910
It 1145: fitness=94910
It 1150: fitness=94910
It 1155: fitness=94910
It 1160: fitness=94910
It 1165: fitness=94910
It 1170: fitness=94910
It 1175: fitness=94890
It 1180: fitness=94890
It 1185: fitness=94890
It 1190: fitness=94870
It 1195: fitness=94870
It 1200: fitness=94870
It 1205: fitness=94870
It 1210: fitness=94870
It 1215: fitness=94870
It 1220: fitness=94840
It 1225: fitness=94840
It 1230: fitness=94840
It 1235: fitness=94840
It 1240: fitness=94830
It 1245: fitness=94810
It 1250: fitness=94810
It 1255: fitness=94790
It 1260: fitness=94790
It 1265: fitness=94760
It 1270: fitness=94760
It 1275: fitness=94760
It 1280: fitness=94760
It 1285: fitness=94760
It 1290: fitness=94760
It 1295: fitness=94750
It 1300: fitness=94710
It 1305: fitness=94710
It 1310: fitness=94710
It 1315: fitness=94690
It 1320: fitness=94690
It 1325: fitness=94690
It 1330: fitness=94690
It 1335: fitness=94690
It 1340: fitness=94690
It 1345: fitness=94690
It 1350: fitness=94690
It 1355: fitness=94690
It 1360: fitness=94690
It 1365: fitness=94670
It 1370: fitness=94670
It 1375: fitness=94670
It 1380: fitness=94670
It 1385: fitness=94670
It 1390: fitness=94670
It 1395: fitness=94670
It 1400: fitness=94650
It 1405: fitness=94650
It 1410: fitness=94650
It 1415: fitness=94650
It 1420: fitness=94650
It 1425: fitness=94650
It 1430: fitness=94650
It 1435: fitness=94650
It 1440: fitness=94650
It 1445: fitness=94650
It 1450: fitness=94650
It 1455: fitness=94650
It 1460: fitness=94650
It 1465: fitness=94650
It 1470: fitness=94650
It 1475: fitness=94650
It 1480: fitness=94650
It 1485: fitness=94650
It 1490: fitness=94650
It 1495: fitness=94650
It 1500: fitness=94650
It 1505: fitness=94650
It 1510: fitness=94650
It 1515: fitness=94650
It 1520: fitness=94650
It 1525: fitness=94650
It 1530: fitness=94650
It 1535: fitness=94650
It 1540: fitness=94650
It 1545: fitness=94650
It 1550: fitness=94650
It 1555: fitness=94650
It 1560: fitness=94650
It 1565: fitness=94650
It 1570: fitness=94650
It 1575: fitness=94650
It 1580: fitness=94650
It 1585: fitness=94650
It 1590: fitness=94650
It 1595: fitness=94650
It 1600: fitness=94650
It 1605: fitness=94650
It 1610: fitness=94650
It 1615: fitness=94650
It 1620: fitness=94650
It 1625: fitness=94650
It 1630: fitness=94650
It 1635: fitness=94650
It 1640: fitness=94650
It 1645: fitness=94650
It 1650: fitness=94650
It 1655: fitness=94650
It 1660: fitness=94650
It 1665: fitness=94650
It 1670: fitness=94650
It 1675: fitness=94650
It 1680: fitness=94650
It 1685: fitness=94650
It 1690: fitness=94650
It 1695: fitness=94650
It 1700: fitness=94650
It 1705: fitness=94650
It 1710: fitness=94650
It 1715: fitness=94650
It 1720: fitness=94650
It 1725: fitness=94650
It 1730: fitness=94650
It 1735: fitness=94650
Maximal number of iterations without improvement reached
>> Resamp_Iter 6 negLL: 94645.34 (ref:  97162.55 )
>> Resamp_params: 0.4683479 0.481228 0.4925183 0.4447525 0.6166799 0.4603458 0.5160839 0.4994013 0.6464796 0.8033723 0.6775466 -19.89121 -24.80268 0.3795327 
>> sd Resamp 7 : 23 33 33 19 23 2 16 40 44 5 6 25 38 17 22 46 15 6 24 38 9 10 13 20 30 21 8 30 41 46 25 47 12 28 30 22 38 28 33 23 10 26 10 45 17 47 30 
>> Opt param @ resamp: 129526.4 
S=17, K=3, p=0.1663, w0=0.7213, w1=0.7213, c.p=1.193, c.g=1.193
v.max=NA, d=3.742, vectorize=FALSE, hybrid=off
It 5: fitness=165200
It 10: fitness=165200
It 15: fitness=149300
It 20: fitness=149300
It 25: fitness=149300
It 30: fitness=149100
It 35: fitness=148800
It 40: fitness=148400
It 45: fitness=148200
It 50: fitness=148200
It 55: fitness=142800
It 60: fitness=142800
It 65: fitness=140800
It 70: fitness=139800
It 75: fitness=138100
It 80: fitness=135800
It 85: fitness=135300
It 90: fitness=135300
It 95: fitness=133800
It 100: fitness=132300
It 105: fitness=132300
It 110: fitness=130800
It 115: fitness=130300
It 120: fitness=130300
It 125: fitness=128500
It 130: fitness=128100
It 135: fitness=128100
It 140: fitness=127400
It 145: fitness=127300
It 150: fitness=127100
It 155: fitness=126600
It 160: fitness=126500
It 165: fitness=126500
It 170: fitness=126300
It 175: fitness=126000
It 180: fitness=125900
It 185: fitness=125700
It 190: fitness=125600
It 195: fitness=125600
It 200: fitness=125500
It 205: fitness=125400
It 210: fitness=125200
It 215: fitness=125200
It 220: fitness=125000
It 225: fitness=124900
It 230: fitness=124900
It 235: fitness=124800
It 240: fitness=124800
It 245: fitness=124600
It 250: fitness=124200
It 255: fitness=124000
It 260: fitness=123600
It 265: fitness=123500
It 270: fitness=123000
It 275: fitness=122900
It 280: fitness=122900
It 285: fitness=122900
It 290: fitness=122600
It 295: fitness=122600
It 300: fitness=122600
It 305: fitness=122500
It 310: fitness=122400
It 315: fitness=122400
It 320: fitness=122300
It 325: fitness=122200
It 330: fitness=122100
It 335: fitness=122100
It 340: fitness=122000
It 345: fitness=121800
It 350: fitness=121700
It 355: fitness=121700
It 360: fitness=121700
It 365: fitness=121600
It 370: fitness=121600
It 375: fitness=121600
It 380: fitness=121600
It 385: fitness=121500
It 390: fitness=121500
It 395: fitness=121500
It 400: fitness=121500
It 405: fitness=121500
It 410: fitness=121500
It 415: fitness=121500
It 420: fitness=121500
It 425: fitness=121500
It 430: fitness=121500
It 435: fitness=121500
It 440: fitness=121500
It 445: fitness=121400
It 450: fitness=121400
It 455: fitness=121400
It 460: fitness=121400
It 465: fitness=121400
It 470: fitness=121400
It 475: fitness=121400
It 480: fitness=121400
It 485: fitness=121400
It 490: fitness=121400
It 495: fitness=121400
It 500: fitness=121400
It 505: fitness=121400
It 510: fitness=121400
It 515: fitness=121400
It 520: fitness=121400
It 525: fitness=121400
It 530: fitness=121400
It 535: fitness=121400
It 540: fitness=121400
It 545: fitness=121400
It 550: fitness=121400
It 555: fitness=121400
It 560: fitness=121300
It 565: fitness=121300
It 570: fitness=121300
It 575: fitness=121300
It 580: fitness=121300
It 585: fitness=121300
It 590: fitness=121300
It 595: fitness=121300
It 600: fitness=121300
It 605: fitness=121300
It 610: fitness=121300
It 615: fitness=121300
It 620: fitness=121300
It 625: fitness=121300
It 630: fitness=121300
It 635: fitness=121300
It 640: fitness=121300
It 645: fitness=121300
It 650: fitness=121300
It 655: fitness=121300
It 660: fitness=121300
It 665: fitness=121300
It 670: fitness=121300
It 675: fitness=121300
It 680: fitness=121300
It 685: fitness=121300
It 690: fitness=121300
It 695: fitness=121300
It 700: fitness=121300
It 705: fitness=121300
It 710: fitness=121300
It 715: fitness=121300
It 720: fitness=121300
It 725: fitness=121300
It 730: fitness=121300
It 735: fitness=121300
It 740: fitness=121300
It 745: fitness=121300
It 750: fitness=121300
It 755: fitness=121300
It 760: fitness=121300
It 765: fitness=121300
It 770: fitness=121300
It 775: fitness=121300
It 780: fitness=121300
It 785: fitness=121300
It 790: fitness=121300
It 795: fitness=121300
It 800: fitness=121300
It 805: fitness=121300
It 810: fitness=121300
It 815: fitness=121300
It 820: fitness=121300
It 825: fitness=121300
It 830: fitness=121300
It 835: fitness=121300
It 840: fitness=121300
It 845: fitness=121300
It 850: fitness=121300
It 855: fitness=121300
It 860: fitness=121300
It 865: fitness=121300
It 870: fitness=121300
It 875: fitness=121300
It 880: fitness=121300
It 885: fitness=121300
It 890: fitness=121300
It 895: fitness=121300
It 900: fitness=121300
It 905: fitness=121300
It 910: fitness=121300
It 915: fitness=121300
It 920: fitness=121300
It 925: fitness=121300
It 930: fitness=121300
It 935: fitness=121300
It 940: fitness=121300
It 945: fitness=121300
It 950: fitness=121300
It 955: fitness=121300
It 960: fitness=121300
Maximal number of iterations without improvement reached
>> Resamp_Iter 7 negLL: 121321 (ref:  129526.4 )
>> Resamp_params: 0.4858347 0.473029 0.4950818 0.4939773 0.6076689 0.4817071 0.4997178 0.5086622 0.6229753 0.8031628 0.7148145 -33.0792 -40.36069 0.4197241 
>> sd Resamp 8 : 41 3 38 13 42 7 5 40 40 23 2 14 4 4 36 8 28 4 7 33 10 36 26 40 28 21 21 37 25 5 7 35 34 10 6 47 6 19 32 43 3 20 36 32 6 41 39 
>> Opt param @ resamp: 110069.4 
S=17, K=3, p=0.1663, w0=0.7213, w1=0.7213, c.p=1.193, c.g=1.193
v.max=NA, d=3.742, vectorize=FALSE, hybrid=off
It 5: fitness=169300
It 10: fitness=147700
It 15: fitness=143000
It 20: fitness=139500
It 25: fitness=135800
It 30: fitness=134400
It 35: fitness=134400
It 40: fitness=133800
It 45: fitness=133800
It 50: fitness=133800
It 55: fitness=131600
It 60: fitness=131600
It 65: fitness=130100
It 70: fitness=129300
It 75: fitness=128500
It 80: fitness=127900
It 85: fitness=127900
It 90: fitness=127400
It 95: fitness=127400
It 100: fitness=127000
It 105: fitness=126200
It 110: fitness=126200
It 115: fitness=126100
It 120: fitness=125600
It 125: fitness=125500
It 130: fitness=123900
It 135: fitness=123500
It 140: fitness=121800
It 145: fitness=120800
It 150: fitness=120800
It 155: fitness=120600
It 160: fitness=120300
It 165: fitness=119300
It 170: fitness=118000
It 175: fitness=116600
It 180: fitness=116300
It 185: fitness=116300
It 190: fitness=115400
It 195: fitness=114600
It 200: fitness=114200
It 205: fitness=113200
It 210: fitness=112600
It 215: fitness=112600
It 220: fitness=112600
It 225: fitness=112600
It 230: fitness=112600
It 235: fitness=112500
It 240: fitness=112500
It 245: fitness=112400
It 250: fitness=112200
It 255: fitness=112100
It 260: fitness=112000
It 265: fitness=111600
It 270: fitness=111400
It 275: fitness=111300
It 280: fitness=111300
It 285: fitness=111200
It 290: fitness=111200
It 295: fitness=111100
It 300: fitness=111000
It 305: fitness=110900
It 310: fitness=110900
It 315: fitness=110800
It 320: fitness=110700
It 325: fitness=110700
It 330: fitness=110500
It 335: fitness=110400
It 340: fitness=110400
It 345: fitness=110200
It 350: fitness=110100
It 355: fitness=110000
It 360: fitness=109900
It 365: fitness=109900
It 370: fitness=109800
It 375: fitness=109700
It 380: fitness=109700
It 385: fitness=109600
It 390: fitness=109600
It 395: fitness=109600
It 400: fitness=109600
It 405: fitness=109600
It 410: fitness=109600
It 415: fitness=109600
It 420: fitness=109600
It 425: fitness=109500
It 430: fitness=109500
It 435: fitness=109500
It 440: fitness=109400
It 445: fitness=109400
It 450: fitness=109200
It 455: fitness=109200
It 460: fitness=109200
It 465: fitness=109200
It 470: fitness=109200
It 475: fitness=109200
It 480: fitness=109200
It 485: fitness=109100
It 490: fitness=109100
It 495: fitness=109100
It 500: fitness=109100
It 505: fitness=109100
It 510: fitness=109100
It 515: fitness=109100
It 520: fitness=109100
It 525: fitness=109100
It 530: fitness=109100
It 535: fitness=109100
It 540: fitness=109100
It 545: fitness=109100
It 550: fitness=109100
It 555: fitness=109100
It 560: fitness=109100
It 565: fitness=109100
It 570: fitness=109100
It 575: fitness=109100
It 580: fitness=109100
It 585: fitness=109100
It 590: fitness=109100
It 595: fitness=109100
It 600: fitness=109100
It 605: fitness=109100
It 610: fitness=109100
It 615: fitness=109100
It 620: fitness=109100
It 625: fitness=109100
It 630: fitness=109100
It 635: fitness=109000
It 640: fitness=109000
It 645: fitness=109000
It 650: fitness=109000
It 655: fitness=108900
It 660: fitness=108900
It 665: fitness=108900
It 670: fitness=108900
It 675: fitness=108900
It 680: fitness=108900
It 685: fitness=108900
It 690: fitness=108900
It 695: fitness=108900
It 700: fitness=108800
It 705: fitness=108800
It 710: fitness=108700
It 715: fitness=108700
It 720: fitness=108700
It 725: fitness=108700
It 730: fitness=108700
It 735: fitness=108700
It 740: fitness=108700
It 745: fitness=108700
It 750: fitness=108700
It 755: fitness=108700
It 760: fitness=108700
It 765: fitness=108700
It 770: fitness=108700
It 775: fitness=108700
It 780: fitness=108700
It 785: fitness=108700
It 790: fitness=108600
It 795: fitness=108600
It 800: fitness=108600
It 805: fitness=108600
It 810: fitness=108600
It 815: fitness=108600
It 820: fitness=108600
It 825: fitness=108600
It 830: fitness=108600
It 835: fitness=108600
It 840: fitness=108600
It 845: fitness=108600
It 850: fitness=108600
It 855: fitness=108600
It 860: fitness=108600
It 865: fitness=108500
It 870: fitness=108500
It 875: fitness=108500
It 880: fitness=108500
It 885: fitness=108500
It 890: fitness=108500
It 895: fitness=108500
It 900: fitness=108500
It 905: fitness=108500
It 910: fitness=108500
It 915: fitness=108500
It 920: fitness=108500
It 925: fitness=108500
It 930: fitness=108500
It 935: fitness=108500
It 940: fitness=108500
It 945: fitness=108500
It 950: fitness=108500
It 955: fitness=108500
It 960: fitness=108500
It 965: fitness=108500
It 970: fitness=108500
It 975: fitness=108500
It 980: fitness=108500
It 985: fitness=108500
It 990: fitness=108500
It 995: fitness=108500
It 1000: fitness=108500
It 1005: fitness=108500
It 1010: fitness=108500
It 1015: fitness=108500
It 1020: fitness=108500
It 1025: fitness=108500
It 1030: fitness=108500
It 1035: fitness=108500
It 1040: fitness=108500
It 1045: fitness=108500
It 1050: fitness=108500
It 1055: fitness=108500
It 1060: fitness=108500
It 1065: fitness=108500
It 1070: fitness=108500
It 1075: fitness=108500
It 1080: fitness=108500
It 1085: fitness=108500
It 1090: fitness=108500
It 1095: fitness=108500
It 1100: fitness=108500
It 1105: fitness=108500
It 1110: fitness=108500
It 1115: fitness=108500
It 1120: fitness=108500
It 1125: fitness=108500
It 1130: fitness=108500
It 1135: fitness=108500
It 1140: fitness=108500
It 1145: fitness=108500
It 1150: fitness=108500
It 1155: fitness=108500
It 1160: fitness=108500
It 1165: fitness=108500
It 1170: fitness=108500
It 1175: fitness=108500
It 1180: fitness=108500
It 1185: fitness=108500
It 1190: fitness=108500
It 1195: fitness=108500
It 1200: fitness=108500
It 1205: fitness=108500
It 1210: fitness=108500
It 1215: fitness=108500
It 1220: fitness=108500
It 1225: fitness=108500
It 1230: fitness=108500
It 1235: fitness=108500
It 1240: fitness=108500
It 1245: fitness=108400
It 1250: fitness=108400
It 1255: fitness=108400
It 1260: fitness=108400
It 1265: fitness=108400
It 1270: fitness=108400
It 1275: fitness=108400
It 1280: fitness=108400
It 1285: fitness=108400
It 1290: fitness=108400
It 1295: fitness=108400
It 1300: fitness=108400
It 1305: fitness=108400
It 1310: fitness=108400
It 1315: fitness=108400
It 1320: fitness=108400
It 1325: fitness=108400
It 1330: fitness=108400
It 1335: fitness=108400
It 1340: fitness=108400
It 1345: fitness=108400
It 1350: fitness=108400
It 1355: fitness=108400
It 1360: fitness=108400
It 1365: fitness=108400
It 1370: fitness=108400
It 1375: fitness=108400
It 1380: fitness=108400
It 1385: fitness=108400
It 1390: fitness=108400
It 1395: fitness=108400
It 1400: fitness=108400
It 1405: fitness=108400
It 1410: fitness=108400
It 1415: fitness=108400
It 1420: fitness=108400
It 1425: fitness=108400
It 1430: fitness=108400
It 1435: fitness=108400
It 1440: fitness=108400
It 1445: fitness=108400
It 1450: fitness=108400
It 1455: fitness=108400
It 1460: fitness=108400
It 1465: fitness=108400
It 1470: fitness=108400
It 1475: fitness=108400
It 1480: fitness=108400
It 1485: fitness=108400
It 1490: fitness=108400
It 1495: fitness=108400
It 1500: fitness=108400
It 1505: fitness=108400
It 1510: fitness=108400
It 1515: fitness=108400
It 1520: fitness=108400
It 1525: fitness=108400
It 1530: fitness=108400
It 1535: fitness=108400
It 1540: fitness=108400
It 1545: fitness=108400
It 1550: fitness=108400
It 1555: fitness=108400
It 1560: fitness=108400
It 1565: fitness=108400
It 1570: fitness=108400
It 1575: fitness=108400
It 1580: fitness=108400
It 1585: fitness=108400
It 1590: fitness=108400
It 1595: fitness=108400
It 1600: fitness=108400
It 1605: fitness=108400
It 1610: fitness=108400
It 1615: fitness=108400
It 1620: fitness=108400
It 1625: fitness=108400
It 1630: fitness=108400
It 1635: fitness=108400
It 1640: fitness=108400
It 1645: fitness=108400
It 1650: fitness=108400
It 1655: fitness=108400
It 1660: fitness=108400
It 1665: fitness=108400
It 1670: fitness=108400
It 1675: fitness=108400
It 1680: fitness=108400
It 1685: fitness=108400
It 1690: fitness=108400
It 1695: fitness=108400
It 1700: fitness=108400
It 1705: fitness=108400
It 1710: fitness=108400
It 1715: fitness=108400
It 1720: fitness=108400
It 1725: fitness=108400
It 1730: fitness=108400
It 1735: fitness=108400
It 1740: fitness=108400
It 1745: fitness=108400
It 1750: fitness=108400
It 1755: fitness=108400
It 1760: fitness=108400
It 1765: fitness=108400
It 1770: fitness=108400
It 1775: fitness=108400
It 1780: fitness=108400
It 1785: fitness=108400
It 1790: fitness=108400
It 1795: fitness=108400
It 1800: fitness=108400
It 1805: fitness=108400
It 1810: fitness=108400
It 1815: fitness=108400
It 1820: fitness=108400
It 1825: fitness=108400
It 1830: fitness=108400
It 1835: fitness=108400
It 1840: fitness=108400
It 1845: fitness=108400
It 1850: fitness=108400
It 1855: fitness=108400
It 1860: fitness=108400
It 1865: fitness=108400
It 1870: fitness=108400
It 1875: fitness=108400
It 1880: fitness=108400
It 1885: fitness=108400
It 1890: fitness=108400
It 1895: fitness=108400
It 1900: fitness=108400
It 1905: fitness=108400
It 1910: fitness=108400
It 1915: fitness=108400
It 1920: fitness=108400
It 1925: fitness=108400
It 1930: fitness=108400
It 1935: fitness=108400
It 1940: fitness=108400
Maximal number of iterations without improvement reached
>> Resamp_Iter 8 negLL: 108399.3 (ref:  110069.4 )
>> Resamp_params: 0.4883428 0.48562 0.4722977 0.4490989 0.6168202 0.4789284 0.5056241 0.5107565 0.6448952 0.8015568 0.6553755 -16.73758 -19.00162 0.3536939 
>> sd Resamp 9 : 21 31 27 14 19 42 28 39 22 1 26 20 15 42 25 27 29 28 22 21 14 24 23 25 4 44 20 16 15 29 43 12 39 24 3 24 34 22 16 1 14 47 35 9 8 45 25 
>> Opt param @ resamp: 88311.03 
S=17, K=3, p=0.1663, w0=0.7213, w1=0.7213, c.p=1.193, c.g=1.193
v.max=NA, d=3.742, vectorize=FALSE, hybrid=off
It 5: fitness=120100
It 10: fitness=120100
It 15: fitness=120100
It 20: fitness=117700
It 25: fitness=100300
It 30: fitness=100300
It 35: fitness=100200
It 40: fitness=100200
It 45: fitness=100200
It 50: fitness=100200
It 55: fitness=100200
It 60: fitness=100200
It 65: fitness=100200
It 70: fitness=100200
It 75: fitness=100200
It 80: fitness=100200
It 85: fitness=100200
It 90: fitness=100200
It 95: fitness=100200
It 100: fitness=100200
It 105: fitness=100200
It 110: fitness=98530
It 115: fitness=95830
It 120: fitness=95830
It 125: fitness=95650
It 130: fitness=95650
It 135: fitness=95280
It 140: fitness=95210
It 145: fitness=95200
It 150: fitness=95200
It 155: fitness=95200
It 160: fitness=95180
It 165: fitness=95180
It 170: fitness=95180
It 175: fitness=95180
It 180: fitness=95180
It 185: fitness=95180
It 190: fitness=95180
It 195: fitness=95180
It 200: fitness=95180
It 205: fitness=95180
It 210: fitness=95180
It 215: fitness=93420
It 220: fitness=92960
It 225: fitness=92440
It 230: fitness=92440
It 235: fitness=92110
It 240: fitness=90030
It 245: fitness=89900
It 250: fitness=89900
It 255: fitness=87860
It 260: fitness=87860
It 265: fitness=87550
It 270: fitness=87550
It 275: fitness=87550
It 280: fitness=87260
It 285: fitness=87150
It 290: fitness=87040
It 295: fitness=86900
It 300: fitness=86890
It 305: fitness=86790
It 310: fitness=86680
It 315: fitness=86660
It 320: fitness=86660
It 325: fitness=86580
It 330: fitness=86580
It 335: fitness=86280
It 340: fitness=86180
It 345: fitness=86110
It 350: fitness=86010
It 355: fitness=85930
It 360: fitness=85820
It 365: fitness=85800
It 370: fitness=85760
It 375: fitness=85760
It 380: fitness=85760
It 385: fitness=85740
It 390: fitness=85740
It 395: fitness=85700
It 400: fitness=85690
It 405: fitness=85690
It 410: fitness=85690
It 415: fitness=85670
It 420: fitness=85670
It 425: fitness=85670
It 430: fitness=85670
It 435: fitness=85660
It 440: fitness=85650
It 445: fitness=85640
It 450: fitness=85640
It 455: fitness=85640
It 460: fitness=85620
It 465: fitness=85600
It 470: fitness=85580
It 475: fitness=85580
It 480: fitness=85550
It 485: fitness=85540
It 490: fitness=85540
It 495: fitness=85540
It 500: fitness=85530
It 505: fitness=85530
It 510: fitness=85530
It 515: fitness=85530
It 520: fitness=85530
It 525: fitness=85530
It 530: fitness=85530
It 535: fitness=85530
It 540: fitness=85520
It 545: fitness=85520
It 550: fitness=85510
It 555: fitness=85510
It 560: fitness=85510
It 565: fitness=85510
It 570: fitness=85510
It 575: fitness=85500
It 580: fitness=85500
It 585: fitness=85500
It 590: fitness=85500
It 595: fitness=85500
It 600: fitness=85500
It 605: fitness=85500
It 610: fitness=85500
It 615: fitness=85490
It 620: fitness=85490
It 625: fitness=85490
It 630: fitness=85490
It 635: fitness=85490
It 640: fitness=85480
It 645: fitness=85480
It 650: fitness=85480
It 655: fitness=85480
It 660: fitness=85480
It 665: fitness=85480
It 670: fitness=85480
It 675: fitness=85480
It 680: fitness=85470
It 685: fitness=85470
It 690: fitness=85470
It 695: fitness=85460
It 700: fitness=85460
It 705: fitness=85460
It 710: fitness=85430
It 715: fitness=85420
It 720: fitness=85420
It 725: fitness=85420
It 730: fitness=85420
It 735: fitness=85390
It 740: fitness=85390
It 745: fitness=85380
It 750: fitness=85380
It 755: fitness=85380
It 760: fitness=85370
It 765: fitness=85370
It 770: fitness=85370
It 775: fitness=85350
It 780: fitness=85350
It 785: fitness=85350
It 790: fitness=85350
It 795: fitness=85350
It 800: fitness=85350
It 805: fitness=85350
It 810: fitness=85350
It 815: fitness=85340
It 820: fitness=85340
It 825: fitness=85330
It 830: fitness=85330
It 835: fitness=85330
It 840: fitness=85330
It 845: fitness=85330
It 850: fitness=85320
It 855: fitness=85310
It 860: fitness=85280
It 865: fitness=85280
It 870: fitness=85280
It 875: fitness=85280
It 880: fitness=85280
It 885: fitness=85280
It 890: fitness=85280
It 895: fitness=85280
It 900: fitness=85280
It 905: fitness=85280
It 910: fitness=85280
It 915: fitness=85280
It 920: fitness=85280
It 925: fitness=85280
It 930: fitness=85280
It 935: fitness=85280
It 940: fitness=85280
It 945: fitness=85280
It 950: fitness=85280
It 955: fitness=85280
It 960: fitness=85280
It 965: fitness=85280
It 970: fitness=85280
It 975: fitness=85280
It 980: fitness=85260
It 985: fitness=85260
It 990: fitness=85260
It 995: fitness=85260
It 1000: fitness=85260
It 1005: fitness=85250
It 1010: fitness=85250
It 1015: fitness=85250
It 1020: fitness=85250
It 1025: fitness=85250
It 1030: fitness=85250
It 1035: fitness=85250
It 1040: fitness=85250
It 1045: fitness=85250
It 1050: fitness=85250
It 1055: fitness=85250
It 1060: fitness=85250
It 1065: fitness=85250
It 1070: fitness=85250
It 1075: fitness=85250
It 1080: fitness=85250
It 1085: fitness=85250
It 1090: fitness=85250
It 1095: fitness=85250
It 1100: fitness=85220
It 1105: fitness=85220
It 1110: fitness=85220
It 1115: fitness=85220
It 1120: fitness=85220
It 1125: fitness=85220
It 1130: fitness=85220
It 1135: fitness=85220
It 1140: fitness=85220
It 1145: fitness=85220
It 1150: fitness=85220
It 1155: fitness=85220
It 1160: fitness=85220
It 1165: fitness=85220
It 1170: fitness=85220
It 1175: fitness=85220
It 1180: fitness=85220
It 1185: fitness=85220
It 1190: fitness=85220
It 1195: fitness=85220
It 1200: fitness=85220
It 1205: fitness=85220
It 1210: fitness=85220
It 1215: fitness=85220
It 1220: fitness=85220
It 1225: fitness=85220
It 1230: fitness=85220
It 1235: fitness=85220
It 1240: fitness=85220
It 1245: fitness=85220
It 1250: fitness=85220
It 1255: fitness=85220
It 1260: fitness=85220
It 1265: fitness=85220
It 1270: fitness=85220
It 1275: fitness=85220
It 1280: fitness=85220
It 1285: fitness=85220
It 1290: fitness=85220
It 1295: fitness=85220
Maximal number of iterations without improvement reached
>> Resamp_Iter 9 negLL: 85222.24 (ref:  88311.03 )
>> Resamp_params: 0.5324423 0.5357513 0.5524017 0.503087 0.5112177 0.5199945 0.5538153 0.5737911 0.6999906 0.90803 0.600058 -50.87228 -14.83955 0.2735909 
>> sd Resamp 10 : 29 34 3 21 16 43 31 42 16 1 5 2 29 7 14 9 35 18 9 20 18 5 4 3 42 25 9 43 45 13 37 25 42 24 14 44 33 37 35 17 29 31 18 17 36 2 2 
>> Opt param @ resamp: 116633.3 
S=17, K=3, p=0.1663, w0=0.7213, w1=0.7213, c.p=1.193, c.g=1.193
v.max=NA, d=3.742, vectorize=FALSE, hybrid=off
It 5: fitness=166700
It 10: fitness=166700
It 15: fitness=158300
It 20: fitness=158300
It 25: fitness=158300
It 30: fitness=158300
It 35: fitness=157500
It 40: fitness=146700
It 45: fitness=146700
It 50: fitness=146600
It 55: fitness=145500
It 60: fitness=144400
It 65: fitness=144400
It 70: fitness=143400
It 75: fitness=143300
It 80: fitness=139500
It 85: fitness=138500
It 90: fitness=138500
It 95: fitness=138500
It 100: fitness=134700
It 105: fitness=134700
It 110: fitness=134000
It 115: fitness=133900
It 120: fitness=133800
It 125: fitness=133800
It 130: fitness=133700
It 135: fitness=132500
It 140: fitness=130600
It 145: fitness=130600
It 150: fitness=129600
It 155: fitness=129500
It 160: fitness=127600
It 165: fitness=127600
It 170: fitness=126800
It 175: fitness=126000
It 180: fitness=126000
It 185: fitness=125600
It 190: fitness=125600
It 195: fitness=124400
It 200: fitness=124200
It 205: fitness=123700
It 210: fitness=123500
It 215: fitness=122300
It 220: fitness=122300
It 225: fitness=122200
It 230: fitness=121900
It 235: fitness=121300
It 240: fitness=120800
It 245: fitness=120800
It 250: fitness=119600
It 255: fitness=119500
It 260: fitness=119400
It 265: fitness=119400
It 270: fitness=119400
It 275: fitness=119400
It 280: fitness=119100
It 285: fitness=119100
It 290: fitness=118800
It 295: fitness=118600
It 300: fitness=118400
It 305: fitness=118200
It 310: fitness=117900
It 315: fitness=117900
It 320: fitness=117800
It 325: fitness=117700
It 330: fitness=117500
It 335: fitness=117200
It 340: fitness=116800
It 345: fitness=116800
It 350: fitness=116600
It 355: fitness=116000
It 360: fitness=115600
It 365: fitness=115400
It 370: fitness=114900
It 375: fitness=114800
It 380: fitness=114800
It 385: fitness=114800
It 390: fitness=114700
It 395: fitness=114600
It 400: fitness=114500
It 405: fitness=114500
It 410: fitness=114500
It 415: fitness=114500
It 420: fitness=114500
It 425: fitness=114400
It 430: fitness=114400
It 435: fitness=114400
It 440: fitness=114300
It 445: fitness=114300
It 450: fitness=114200
It 455: fitness=114200
It 460: fitness=114200
It 465: fitness=114200
It 470: fitness=114200
It 475: fitness=114200
It 480: fitness=114200
It 485: fitness=114100
It 490: fitness=114100
It 495: fitness=114100
It 500: fitness=114000
It 505: fitness=114000
It 510: fitness=114000
It 515: fitness=114000
It 520: fitness=114000
It 525: fitness=114000
It 530: fitness=114000
It 535: fitness=113900
It 540: fitness=113900
It 545: fitness=113900
It 550: fitness=113900
It 555: fitness=113900
It 560: fitness=113900
It 565: fitness=113900
It 570: fitness=113900
It 575: fitness=113900
It 580: fitness=113900
It 585: fitness=113900
It 590: fitness=113800
It 595: fitness=113800
It 600: fitness=113800
It 605: fitness=113800
It 610: fitness=113800
It 615: fitness=113800
It 620: fitness=113800
It 625: fitness=113800
It 630: fitness=113800
It 635: fitness=113800
It 640: fitness=113800
It 645: fitness=113800
It 650: fitness=113800
It 655: fitness=113800
It 660: fitness=113800
It 665: fitness=113700
It 670: fitness=113700
It 675: fitness=113700
It 680: fitness=113700
It 685: fitness=113700
It 690: fitness=113700
It 695: fitness=113700
It 700: fitness=113700
It 705: fitness=113700
It 710: fitness=113700
It 715: fitness=113700
It 720: fitness=113700
It 725: fitness=113700
It 730: fitness=113700
It 735: fitness=113700
It 740: fitness=113700
It 745: fitness=113700
It 750: fitness=113700
It 755: fitness=113700
It 760: fitness=113600
It 765: fitness=113600
It 770: fitness=113600
It 775: fitness=113600
It 780: fitness=113600
It 785: fitness=113600
It 790: fitness=113600
It 795: fitness=113600
It 800: fitness=113600
It 805: fitness=113600
It 810: fitness=113600
It 815: fitness=113600
It 820: fitness=113600
It 825: fitness=113600
It 830: fitness=113600
It 835: fitness=113600
It 840: fitness=113600
It 845: fitness=113600
It 850: fitness=113600
It 855: fitness=113500
It 860: fitness=113500
It 865: fitness=113500
It 870: fitness=113500
It 875: fitness=113500
It 880: fitness=113500
It 885: fitness=113500
It 890: fitness=113500
It 895: fitness=113500
It 900: fitness=113500
It 905: fitness=113500
It 910: fitness=113500
It 915: fitness=113500
It 920: fitness=113500
It 925: fitness=113500
It 930: fitness=113500
It 935: fitness=113500
It 940: fitness=113500
It 945: fitness=113500
It 950: fitness=113500
It 955: fitness=113500
It 960: fitness=113500
It 965: fitness=113500
It 970: fitness=113500
It 975: fitness=113500
It 980: fitness=113500
It 985: fitness=113500
It 990: fitness=113500
It 995: fitness=113500
It 1000: fitness=113500
It 1005: fitness=113500
It 1010: fitness=113500
It 1015: fitness=113500
It 1020: fitness=113500
It 1025: fitness=113500
It 1030: fitness=113500
It 1035: fitness=113500
It 1040: fitness=113500
It 1045: fitness=113500
It 1050: fitness=113500
It 1055: fitness=113500
It 1060: fitness=113500
It 1065: fitness=113500
It 1070: fitness=113500
It 1075: fitness=113500
It 1080: fitness=113500
It 1085: fitness=113500
It 1090: fitness=113500
It 1095: fitness=113500
It 1100: fitness=113500
It 1105: fitness=113500
It 1110: fitness=113500
It 1115: fitness=113500
It 1120: fitness=113500
It 1125: fitness=113500
It 1130: fitness=113500
It 1135: fitness=113500
It 1140: fitness=113500
It 1145: fitness=113500
It 1150: fitness=113500
It 1155: fitness=113500
It 1160: fitness=113500
It 1165: fitness=113500
It 1170: fitness=113500
It 1175: fitness=113500
It 1180: fitness=113500
It 1185: fitness=113500
It 1190: fitness=113500
It 1195: fitness=113500
It 1200: fitness=113500
It 1205: fitness=113500
It 1210: fitness=113500
It 1215: fitness=113500
It 1220: fitness=113500
It 1225: fitness=113500
It 1230: fitness=113500
It 1235: fitness=113500
It 1240: fitness=113500
It 1245: fitness=113500
It 1250: fitness=113500
It 1255: fitness=113500
It 1260: fitness=113500
It 1265: fitness=113500
It 1270: fitness=113500
It 1275: fitness=113500
It 1280: fitness=113500
It 1285: fitness=113500
Maximal number of iterations without improvement reached
>> Resamp_Iter 10 negLL: 113532.1 (ref:  116633.3 )
>> Resamp_params: 0.5002534 0.5086257 0.5140582 0.4751375 0.5659077 0.4898936 0.6994226 0.5284882 0.6215635 0.8000719 0.6696905 -28.16162 -15.37754 0.3315642 
