fit_results/data/all_states.list_sd_03150903.log>>> Loading state data: AL <<<
>>> Loading state data: AR <<<
>>> Loading state data: AZ <<<
>>> Loading state data: CA <<<
>>> Loading state data: CO <<<
>>> Loading state data: CT <<<
>>> Loading state data: DC <<<
>>> Loading state data: DE <<<
>>> Loading state data: FL <<<
>>> Loading state data: GA <<<
>>> Loading state data: IA <<<
>>> Loading state data: ID <<<
>>> Loading state data: IL <<<
>>> Loading state data: IN <<<
>>> Loading state data: KS <<<
>>> Loading state data: KY <<<
>>> Loading state data: LA <<<
>>> Loading state data: MA <<<
>>> Loading state data: MD <<<
>>> Loading state data: ME <<<
>>> Loading state data: MI <<<
>>> Loading state data: MN <<<
>>> Loading state data: MO <<<
>>> Loading state data: MS <<<
>>> Loading state data: MT <<<
>>> Loading state data: NC <<<
>>> Loading state data: ND <<<
>>> Loading state data: NE <<<
>>> Loading state data: NH <<<
>>> Loading state data: NJ <<<
>>> Loading state data: NM <<<
>>> Loading state data: NV <<<
>>> Loading state data: NY <<<
>>> Loading state data: OH <<<
>>> Loading state data: OK <<<
>>> Loading state data: OR <<<
>>> Loading state data: PA <<<
>>> Loading state data: RI <<<
>>> Loading state data: SC <<<
>>> Loading state data: SD <<<
>>> Loading state data: TN <<<
>>> Loading state data: TX <<<
>>> Loading state data: UT <<<
>>> Loading state data: VA <<<
>>> Loading state data: WA <<<
>>> Loading state data: WI <<<
>>> Loading state data: WV <<<
 [1]   0.5000000   0.5000000   0.5000000   0.5000000   0.5000000   0.5000000
 [7]   0.5000000   0.5000000   0.5000000   0.8262688   0.6006879 -16.0066679
[13] -26.4593566   0.3891786
96 cores seen; limit to 24 cores
>> sd Resamp 1 : 44 41 39 7 46 8 37 24 31 18 41 5 41 32 41 26 37 40 42 11 31 28 32 12 1 13 39 15 17 8 46 16 46 4 33 14 18 24 7 41 30 47 21 44 5 20 18 
>> Opt param @ resamp: 101636 
S=17, K=3, p=0.1663, w0=0.7213, w1=0.7213, c.p=1.193, c.g=1.193
v.max=NA, d=3.742, vectorize=FALSE, hybrid=off
It 5: fitness=141000
It 10: fitness=126200
It 15: fitness=126200
It 20: fitness=126200
It 25: fitness=126200
It 30: fitness=126200
It 35: fitness=125200
It 40: fitness=124900
It 45: fitness=124800
It 50: fitness=124800
It 55: fitness=124800
It 60: fitness=124800
It 65: fitness=124800
It 70: fitness=124800
It 75: fitness=122200
It 80: fitness=122200
It 85: fitness=121700
It 90: fitness=121700
It 95: fitness=120600
It 100: fitness=120600
It 105: fitness=120400
It 110: fitness=119900
It 115: fitness=119600
It 120: fitness=119400
It 125: fitness=118800
It 130: fitness=118600
It 135: fitness=118500
It 140: fitness=118400
It 145: fitness=118400
It 150: fitness=118400
It 155: fitness=117700
It 160: fitness=117500
It 165: fitness=117400
It 170: fitness=116600
It 175: fitness=116600
It 180: fitness=116200
It 185: fitness=116000
It 190: fitness=115600
It 195: fitness=115500
It 200: fitness=114800
It 205: fitness=113000
It 210: fitness=112400
It 215: fitness=111500
It 220: fitness=111500
It 225: fitness=111500
It 230: fitness=111500
It 235: fitness=111300
It 240: fitness=110400
It 245: fitness=109900
It 250: fitness=109700
It 255: fitness=109700
It 260: fitness=109200
It 265: fitness=109200
It 270: fitness=108300
It 275: fitness=108300
It 280: fitness=108300
It 285: fitness=108000
It 290: fitness=108000
It 295: fitness=107600
It 300: fitness=107400
It 305: fitness=107300
It 310: fitness=107000
It 315: fitness=106900
It 320: fitness=106200
It 325: fitness=106200
It 330: fitness=105900
It 335: fitness=105900
It 340: fitness=105800
It 345: fitness=105700
It 350: fitness=105500
It 355: fitness=105500
It 360: fitness=105400
It 365: fitness=105300
It 370: fitness=105100
It 375: fitness=105000
It 380: fitness=105000
It 385: fitness=104800
It 390: fitness=104400
It 395: fitness=104400
It 400: fitness=104400
It 405: fitness=104300
It 410: fitness=104200
It 415: fitness=104100
It 420: fitness=104100
It 425: fitness=103900
It 430: fitness=103900
It 435: fitness=103900
It 440: fitness=103800
It 445: fitness=103700
It 450: fitness=103600
It 455: fitness=103400
It 460: fitness=103000
It 465: fitness=103000
It 470: fitness=103000
It 475: fitness=102900
It 480: fitness=102800
It 485: fitness=102600
It 490: fitness=102600
It 495: fitness=102600
It 500: fitness=102500
It 505: fitness=102500
It 510: fitness=102300
It 515: fitness=102300
It 520: fitness=102300
It 525: fitness=102200
It 530: fitness=102200
It 535: fitness=102200
It 540: fitness=102200
It 545: fitness=102200
It 550: fitness=102200
It 555: fitness=102200
It 560: fitness=102200
It 565: fitness=102100
It 570: fitness=102100
It 575: fitness=102100
It 580: fitness=102100
It 585: fitness=102000
It 590: fitness=102000
It 595: fitness=101900
It 600: fitness=101900
It 605: fitness=101800
It 610: fitness=101800
It 615: fitness=101800
It 620: fitness=101800
It 625: fitness=101800
It 630: fitness=101800
It 635: fitness=101700
It 640: fitness=101700
It 645: fitness=101700
It 650: fitness=101700
It 655: fitness=101700
It 660: fitness=101700
It 665: fitness=101700
It 670: fitness=101700
It 675: fitness=101700
It 680: fitness=101700
It 685: fitness=101700
It 690: fitness=101700
It 695: fitness=101700
It 700: fitness=101700
It 705: fitness=101700
It 710: fitness=101700
It 715: fitness=101700
It 720: fitness=101700
It 725: fitness=101700
It 730: fitness=101700
It 735: fitness=101600
It 740: fitness=101600
It 745: fitness=101600
It 750: fitness=101600
It 755: fitness=101600
It 760: fitness=101600
It 765: fitness=101600
It 770: fitness=101600
It 775: fitness=101600
It 780: fitness=101600
It 785: fitness=101600
It 790: fitness=101600
It 795: fitness=101600
It 800: fitness=101600
It 805: fitness=101600
It 810: fitness=101600
It 815: fitness=101600
It 820: fitness=101600
It 825: fitness=101600
It 830: fitness=101600
It 835: fitness=101600
It 840: fitness=101600
It 845: fitness=101600
It 850: fitness=101600
It 855: fitness=101600
It 860: fitness=101600
It 865: fitness=101600
It 870: fitness=101600
It 875: fitness=101600
It 880: fitness=101600
It 885: fitness=101600
It 890: fitness=101600
It 895: fitness=101600
It 900: fitness=101600
It 905: fitness=101600
It 910: fitness=101600
It 915: fitness=101600
It 920: fitness=101600
It 925: fitness=101600
It 930: fitness=101600
It 935: fitness=101600
It 940: fitness=101600
It 945: fitness=101600
It 950: fitness=101600
It 955: fitness=101600
It 960: fitness=101600
It 965: fitness=101600
It 970: fitness=101600
It 975: fitness=101600
It 980: fitness=101600
It 985: fitness=101600
It 990: fitness=101600
It 995: fitness=101600
It 1000: fitness=101600
It 1005: fitness=101600
It 1010: fitness=101600
It 1015: fitness=101600
It 1020: fitness=101600
It 1025: fitness=101600
It 1030: fitness=101600
It 1035: fitness=101600
It 1040: fitness=101600
It 1045: fitness=101600
It 1050: fitness=101600
It 1055: fitness=101600
It 1060: fitness=101600
It 1065: fitness=101600
It 1070: fitness=101600
It 1075: fitness=101600
It 1080: fitness=101600
It 1085: fitness=101600
It 1090: fitness=101600
It 1095: fitness=101600
It 1100: fitness=101600
It 1105: fitness=101600
It 1110: fitness=101600
It 1115: fitness=101600
It 1120: fitness=101600
It 1125: fitness=101600
It 1130: fitness=101600
It 1135: fitness=101600
It 1140: fitness=101600
It 1145: fitness=101600
It 1150: fitness=101600
It 1155: fitness=101600
It 1160: fitness=101600
It 1165: fitness=101600
It 1170: fitness=101600
It 1175: fitness=101600
It 1180: fitness=101600
It 1185: fitness=101600
It 1190: fitness=101600
It 1195: fitness=101500
It 1200: fitness=101500
It 1205: fitness=101500
It 1210: fitness=101500
It 1215: fitness=101500
It 1220: fitness=101500
It 1225: fitness=101500
It 1230: fitness=101500
It 1235: fitness=101500
It 1240: fitness=101500
It 1245: fitness=101500
It 1250: fitness=101500
It 1255: fitness=101500
It 1260: fitness=101500
It 1265: fitness=101500
It 1270: fitness=101500
It 1275: fitness=101500
It 1280: fitness=101500
It 1285: fitness=101500
It 1290: fitness=101500
It 1295: fitness=101500
It 1300: fitness=101500
It 1305: fitness=101500
It 1310: fitness=101500
It 1315: fitness=101500
It 1320: fitness=101500
It 1325: fitness=101500
It 1330: fitness=101500
It 1335: fitness=101500
It 1340: fitness=101500
It 1345: fitness=101500
It 1350: fitness=101500
It 1355: fitness=101500
It 1360: fitness=101500
It 1365: fitness=101500
It 1370: fitness=101500
It 1375: fitness=101500
It 1380: fitness=101500
It 1385: fitness=101500
It 1390: fitness=101500
It 1395: fitness=101500
It 1400: fitness=101500
It 1405: fitness=101500
It 1410: fitness=101500
It 1415: fitness=101500
It 1420: fitness=101500
It 1425: fitness=101500
It 1430: fitness=101500
It 1435: fitness=101500
It 1440: fitness=101500
It 1445: fitness=101500
It 1450: fitness=101500
It 1455: fitness=101500
It 1460: fitness=101500
It 1465: fitness=101500
It 1470: fitness=101500
It 1475: fitness=101500
It 1480: fitness=101500
It 1485: fitness=101500
It 1490: fitness=101500
It 1495: fitness=101500
It 1500: fitness=101500
It 1505: fitness=101500
Maximal number of iterations without improvement reached
>> Resamp_Iter 1 negLL: 101542.6 (ref:  101636 )
>> Resamp_params: 0.4828812 0.4850798 0.4707694 0.6446884 0.5692042 0.4710555 0.5202099 0.5063572 0.6332517 0.8042593 0.61756 -21.94351 -24.98735 0.3931124 
>> sd Resamp 2 : 2 14 12 17 28 38 41 4 47 6 33 29 17 9 38 5 26 33 3 18 9 10 13 24 47 22 40 22 19 44 28 27 10 39 1 36 14 47 43 41 37 15 44 26 23 31 13 
>> Opt param @ resamp: 109917 
S=17, K=3, p=0.1663, w0=0.7213, w1=0.7213, c.p=1.193, c.g=1.193
v.max=NA, d=3.742, vectorize=FALSE, hybrid=off
It 5: fitness=158800
It 10: fitness=158800
It 15: fitness=146800
It 20: fitness=146800
It 25: fitness=131900
It 30: fitness=131600
It 35: fitness=131600
It 40: fitness=131300
It 45: fitness=131300
It 50: fitness=131300
It 55: fitness=131300
It 60: fitness=131300
It 65: fitness=131300
It 70: fitness=131300
It 75: fitness=131200
It 80: fitness=131200
It 85: fitness=128300
It 90: fitness=128300
It 95: fitness=128300
It 100: fitness=128300
It 105: fitness=119900
It 110: fitness=117100
It 115: fitness=117100
It 120: fitness=116300
It 125: fitness=116200
It 130: fitness=116000
It 135: fitness=116000
It 140: fitness=116000
It 145: fitness=116000
It 150: fitness=111900
It 155: fitness=111900
It 160: fitness=111600
It 165: fitness=111600
It 170: fitness=111300
It 175: fitness=110700
It 180: fitness=110600
It 185: fitness=110500
It 190: fitness=110500
It 195: fitness=110200
It 200: fitness=110200
It 205: fitness=110000
It 210: fitness=109900
It 215: fitness=109800
It 220: fitness=109600
It 225: fitness=109600
It 230: fitness=109600
It 235: fitness=109500
It 240: fitness=109400
It 245: fitness=108800
It 250: fitness=108800
It 255: fitness=108800
It 260: fitness=108700
It 265: fitness=108500
It 270: fitness=108400
It 275: fitness=108400
It 280: fitness=108200
It 285: fitness=108200
It 290: fitness=108100
It 295: fitness=108100
It 300: fitness=108100
It 305: fitness=108100
It 310: fitness=108100
It 315: fitness=108100
It 320: fitness=108100
It 325: fitness=108100
It 330: fitness=108100
It 335: fitness=108100
It 340: fitness=108000
It 345: fitness=108000
It 350: fitness=108000
It 355: fitness=108000
It 360: fitness=108000
It 365: fitness=108000
It 370: fitness=108000
It 375: fitness=108000
It 380: fitness=108000
It 385: fitness=108000
It 390: fitness=108000
It 395: fitness=108000
It 400: fitness=108000
It 405: fitness=108000
It 410: fitness=108000
It 415: fitness=108000
It 420: fitness=108000
It 425: fitness=108000
It 430: fitness=108000
It 435: fitness=108000
It 440: fitness=108000
It 445: fitness=108000
It 450: fitness=108000
It 455: fitness=108000
It 460: fitness=108000
It 465: fitness=108000
It 470: fitness=108000
It 475: fitness=108000
It 480: fitness=108000
It 485: fitness=108000
It 490: fitness=108000
It 495: fitness=108000
It 500: fitness=108000
It 505: fitness=108000
It 510: fitness=108000
It 515: fitness=108000
It 520: fitness=108000
It 525: fitness=108000
It 530: fitness=108000
It 535: fitness=108000
It 540: fitness=108000
It 545: fitness=108000
It 550: fitness=108000
It 555: fitness=108000
It 560: fitness=108000
It 565: fitness=108000
It 570: fitness=108000
It 575: fitness=108000
It 580: fitness=108000
It 585: fitness=108000
It 590: fitness=108000
It 595: fitness=108000
It 600: fitness=108000
It 605: fitness=108000
It 610: fitness=108000
It 615: fitness=108000
It 620: fitness=108000
It 625: fitness=108000
It 630: fitness=108000
It 635: fitness=108000
It 640: fitness=108000
It 645: fitness=108000
It 650: fitness=108000
It 655: fitness=108000
It 660: fitness=108000
It 665: fitness=108000
It 670: fitness=108000
It 675: fitness=108000
It 680: fitness=108000
It 685: fitness=108000
It 690: fitness=108000
It 695: fitness=108000
It 700: fitness=108000
It 705: fitness=107900
It 710: fitness=107900
It 715: fitness=107900
It 720: fitness=107900
It 725: fitness=107900
It 730: fitness=107900
It 735: fitness=107900
It 740: fitness=107900
It 745: fitness=107900
It 750: fitness=107900
It 755: fitness=107900
It 760: fitness=107900
It 765: fitness=107900
It 770: fitness=107900
It 775: fitness=107900
It 780: fitness=107900
It 785: fitness=107900
It 790: fitness=107900
It 795: fitness=107900
It 800: fitness=107900
It 805: fitness=107900
It 810: fitness=107900
It 815: fitness=107900
It 820: fitness=107900
It 825: fitness=107900
It 830: fitness=107900
It 835: fitness=107900
It 840: fitness=107900
It 845: fitness=107900
It 850: fitness=107900
It 855: fitness=107900
It 860: fitness=107900
It 865: fitness=107900
It 870: fitness=107900
It 875: fitness=107900
It 880: fitness=107900
It 885: fitness=107900
It 890: fitness=107900
It 895: fitness=107900
It 900: fitness=107900
It 905: fitness=107900
It 910: fitness=107900
It 915: fitness=107900
It 920: fitness=107900
It 925: fitness=107900
It 930: fitness=107900
It 935: fitness=107900
It 940: fitness=107900
It 945: fitness=107900
It 950: fitness=107900
It 955: fitness=107900
It 960: fitness=107900
It 965: fitness=107900
It 970: fitness=107900
It 975: fitness=107900
It 980: fitness=107900
It 985: fitness=107900
It 990: fitness=107900
It 995: fitness=107900
It 1000: fitness=107900
It 1005: fitness=107900
It 1010: fitness=107900
It 1015: fitness=107900
It 1020: fitness=107900
It 1025: fitness=107900
It 1030: fitness=107900
It 1035: fitness=107900
It 1040: fitness=107900
It 1045: fitness=107900
It 1050: fitness=107900
It 1055: fitness=107900
It 1060: fitness=107900
It 1065: fitness=107900
It 1070: fitness=107900
It 1075: fitness=107900
It 1080: fitness=107900
It 1085: fitness=107900
It 1090: fitness=107900
It 1095: fitness=107900
It 1100: fitness=107900
It 1105: fitness=107900
It 1110: fitness=107900
It 1115: fitness=107900
It 1120: fitness=107900
It 1125: fitness=107900
It 1130: fitness=107900
It 1135: fitness=107900
It 1140: fitness=107900
It 1145: fitness=107900
It 1150: fitness=107900
It 1155: fitness=107900
It 1160: fitness=107900
It 1165: fitness=107900
It 1170: fitness=107900
It 1175: fitness=107900
It 1180: fitness=107900
It 1185: fitness=107900
It 1190: fitness=107900
It 1195: fitness=107900
It 1200: fitness=107900
It 1205: fitness=107900
Maximal number of iterations without improvement reached
>> Resamp_Iter 2 negLL: 107899.9 (ref:  109917 )
>> Resamp_params: 0.4858828 0.4815864 0.4898615 0.4599622 0.5865639 0.4836698 0.5135534 0.5023949 0.6348522 0.8002405 0.6710138 -26.69934 -21.32171 0.3692407 
>> sd Resamp 3 : 18 15 12 31 44 4 44 42 29 41 32 40 28 12 21 44 1 22 27 38 45 29 18 36 41 31 23 26 37 40 1 43 30 24 4 20 42 44 23 41 41 15 20 25 39 36 1 
>> Opt param @ resamp: 90562.82 
S=17, K=3, p=0.1663, w0=0.7213, w1=0.7213, c.p=1.193, c.g=1.193
v.max=NA, d=3.742, vectorize=FALSE, hybrid=off
It 5: fitness=142600
It 10: fitness=142600
It 15: fitness=109600
It 20: fitness=105600
It 25: fitness=104100
It 30: fitness=104100
It 35: fitness=104100
It 40: fitness=104000
It 45: fitness=104000
It 50: fitness=103900
It 55: fitness=103900
It 60: fitness=103900
It 65: fitness=103900
It 70: fitness=103900
It 75: fitness=103900
It 80: fitness=103900
It 85: fitness=103900
It 90: fitness=103900
It 95: fitness=103800
It 100: fitness=103800
It 105: fitness=103800
It 110: fitness=103800
It 115: fitness=103800
It 120: fitness=100700
It 125: fitness=100100
It 130: fitness=100100
It 135: fitness=99870
It 140: fitness=99770
It 145: fitness=98040
It 150: fitness=98040
It 155: fitness=96130
It 160: fitness=95050
It 165: fitness=94150
It 170: fitness=94150
It 175: fitness=93710
It 180: fitness=93710
It 185: fitness=93710
It 190: fitness=93710
It 195: fitness=93680
It 200: fitness=93680
It 205: fitness=93680
It 210: fitness=93680
It 215: fitness=93650
It 220: fitness=93650
It 225: fitness=93650
It 230: fitness=93580
It 235: fitness=93320
It 240: fitness=93020
It 245: fitness=93020
It 250: fitness=93020
It 255: fitness=93020
It 260: fitness=93020
It 265: fitness=93020
It 270: fitness=92780
It 275: fitness=92780
It 280: fitness=92780
It 285: fitness=92280
It 290: fitness=90960
It 295: fitness=90960
It 300: fitness=90930
It 305: fitness=89950
It 310: fitness=89950
It 315: fitness=89950
It 320: fitness=89280
It 325: fitness=89270
It 330: fitness=89150
It 335: fitness=88940
It 340: fitness=88840
It 345: fitness=88750
It 350: fitness=88580
It 355: fitness=88380
It 360: fitness=88160
It 365: fitness=88140
It 370: fitness=87950
It 375: fitness=87870
It 380: fitness=87750
It 385: fitness=87730
It 390: fitness=87650
It 395: fitness=87650
It 400: fitness=87390
It 405: fitness=87390
It 410: fitness=87340
It 415: fitness=87220
It 420: fitness=87220
It 425: fitness=87170
It 430: fitness=87170
It 435: fitness=87140
It 440: fitness=87140
It 445: fitness=87110
It 450: fitness=87010
It 455: fitness=87010
It 460: fitness=86980
It 465: fitness=86980
It 470: fitness=86900
It 475: fitness=86880
It 480: fitness=86870
It 485: fitness=86870
It 490: fitness=86840
It 495: fitness=86800
It 500: fitness=86800
It 505: fitness=86770
It 510: fitness=86770
It 515: fitness=86770
It 520: fitness=86770
It 525: fitness=86750
It 530: fitness=86750
It 535: fitness=86740
It 540: fitness=86740
It 545: fitness=86740
It 550: fitness=86700
It 555: fitness=86700
It 560: fitness=86700
It 565: fitness=86700
It 570: fitness=86700
It 575: fitness=86700
It 580: fitness=86700
It 585: fitness=86700
It 590: fitness=86700
It 595: fitness=86700
It 600: fitness=86700
It 605: fitness=86690
It 610: fitness=86690
It 615: fitness=86690
It 620: fitness=86690
It 625: fitness=86690
It 630: fitness=86690
It 635: fitness=86690
It 640: fitness=86690
It 645: fitness=86690
It 650: fitness=86660
It 655: fitness=86660
It 660: fitness=86660
It 665: fitness=86660
It 670: fitness=86660
It 675: fitness=86660
It 680: fitness=86650
It 685: fitness=86650
It 690: fitness=86650
It 695: fitness=86650
It 700: fitness=86650
It 705: fitness=86650
It 710: fitness=86640
It 715: fitness=86640
It 720: fitness=86620
It 725: fitness=86620
It 730: fitness=86620
It 735: fitness=86620
It 740: fitness=86620
It 745: fitness=86620
It 750: fitness=86620
It 755: fitness=86620
It 760: fitness=86620
It 765: fitness=86620
It 770: fitness=86620
It 775: fitness=86620
It 780: fitness=86620
It 785: fitness=86620
It 790: fitness=86610
It 795: fitness=86610
It 800: fitness=86600
It 805: fitness=86600
It 810: fitness=86590
It 815: fitness=86590
It 820: fitness=86590
It 825: fitness=86590
It 830: fitness=86580
It 835: fitness=86540
It 840: fitness=86540
It 845: fitness=86540
It 850: fitness=86540
It 855: fitness=86540
It 860: fitness=86540
It 865: fitness=86540
It 870: fitness=86540
It 875: fitness=86540
It 880: fitness=86520
It 885: fitness=86520
It 890: fitness=86520
It 895: fitness=86520
It 900: fitness=86520
It 905: fitness=86520
It 910: fitness=86520
It 915: fitness=86520
It 920: fitness=86520
It 925: fitness=86520
It 930: fitness=86520
It 935: fitness=86520
It 940: fitness=86520
It 945: fitness=86520
It 950: fitness=86520
It 955: fitness=86520
It 960: fitness=86520
It 965: fitness=86510
It 970: fitness=86510
It 975: fitness=86510
It 980: fitness=86510
It 985: fitness=86510
It 990: fitness=86510
It 995: fitness=86510
It 1000: fitness=86510
It 1005: fitness=86510
It 1010: fitness=86510
It 1015: fitness=86510
It 1020: fitness=86510
It 1025: fitness=86510
It 1030: fitness=86510
It 1035: fitness=86510
It 1040: fitness=86510
It 1045: fitness=86510
It 1050: fitness=86510
It 1055: fitness=86510
It 1060: fitness=86510
It 1065: fitness=86460
It 1070: fitness=86460
It 1075: fitness=86460
It 1080: fitness=86460
It 1085: fitness=86450
It 1090: fitness=86450
It 1095: fitness=86450
It 1100: fitness=86450
It 1105: fitness=86450
It 1110: fitness=86450
It 1115: fitness=86450
It 1120: fitness=86450
It 1125: fitness=86450
It 1130: fitness=86450
It 1135: fitness=86450
It 1140: fitness=86450
It 1145: fitness=86450
It 1150: fitness=86450
It 1155: fitness=86450
It 1160: fitness=86450
It 1165: fitness=86450
It 1170: fitness=86450
It 1175: fitness=86450
It 1180: fitness=86430
It 1185: fitness=86430
It 1190: fitness=86430
It 1195: fitness=86430
It 1200: fitness=86430
It 1205: fitness=86430
It 1210: fitness=86430
It 1215: fitness=86430
It 1220: fitness=86430
It 1225: fitness=86430
It 1230: fitness=86430
It 1235: fitness=86430
It 1240: fitness=86430
It 1245: fitness=86430
It 1250: fitness=86410
It 1255: fitness=86400
It 1260: fitness=86400
It 1265: fitness=86400
It 1270: fitness=86400
It 1275: fitness=86400
It 1280: fitness=86400
It 1285: fitness=86400
It 1290: fitness=86400
It 1295: fitness=86400
It 1300: fitness=86400
It 1305: fitness=86400
It 1310: fitness=86400
It 1315: fitness=86400
It 1320: fitness=86400
It 1325: fitness=86390
It 1330: fitness=86390
It 1335: fitness=86390
It 1340: fitness=86390
It 1345: fitness=86390
It 1350: fitness=86390
It 1355: fitness=86390
It 1360: fitness=86390
It 1365: fitness=86390
It 1370: fitness=86390
It 1375: fitness=86390
It 1380: fitness=86390
It 1385: fitness=86390
It 1390: fitness=86390
It 1395: fitness=86390
It 1400: fitness=86390
It 1405: fitness=86390
It 1410: fitness=86390
It 1415: fitness=86390
It 1420: fitness=86390
It 1425: fitness=86390
It 1430: fitness=86390
It 1435: fitness=86390
It 1440: fitness=86390
It 1445: fitness=86390
It 1450: fitness=86390
It 1455: fitness=86390
It 1460: fitness=86390
It 1465: fitness=86390
It 1470: fitness=86390
It 1475: fitness=86390
It 1480: fitness=86390
It 1485: fitness=86390
It 1490: fitness=86390
It 1495: fitness=86390
It 1500: fitness=86390
It 1505: fitness=86390
It 1510: fitness=86390
It 1515: fitness=86390
It 1520: fitness=86390
Maximal number of iterations without improvement reached
>> Resamp_Iter 3 negLL: 86389.6 (ref:  90562.82 )
>> Resamp_params: 0.484369 0.4893814 0.4908899 0.4484934 0.5990305 0.4557907 0.4993044 0.6937499 0.6317461 0.8118082 0.7188946 -17.75856 -10.45615 0.266947 
>> sd Resamp 4 : 15 37 13 8 9 27 22 19 2 29 46 18 46 35 1 1 28 35 33 30 35 14 29 5 45 15 11 34 15 1 36 14 7 41 21 25 20 2 20 40 38 47 7 20 23 10 44 
>> Opt param @ resamp: 88499.81 
S=17, K=3, p=0.1663, w0=0.7213, w1=0.7213, c.p=1.193, c.g=1.193
v.max=NA, d=3.742, vectorize=FALSE, hybrid=off
It 5: fitness=110800
It 10: fitness=110800
It 15: fitness=110800
It 20: fitness=107300
It 25: fitness=105000
It 30: fitness=101700
It 35: fitness=101700
It 40: fitness=101600
It 45: fitness=101600
It 50: fitness=101600
It 55: fitness=101600
It 60: fitness=101600
It 65: fitness=101600
It 70: fitness=101500
It 75: fitness=101500
It 80: fitness=101500
It 85: fitness=101500
It 90: fitness=100700
It 95: fitness=99490
It 100: fitness=98900
It 105: fitness=97220
It 110: fitness=96600
It 115: fitness=94220
It 120: fitness=94080
It 125: fitness=93990
It 130: fitness=90950
It 135: fitness=90600
It 140: fitness=90070
It 145: fitness=90040
It 150: fitness=90000
It 155: fitness=89970
It 160: fitness=89800
It 165: fitness=89510
It 170: fitness=89470
It 175: fitness=89470
It 180: fitness=89370
It 185: fitness=89250
It 190: fitness=89250
It 195: fitness=89190
It 200: fitness=88970
It 205: fitness=88800
It 210: fitness=88730
It 215: fitness=88660
It 220: fitness=88550
It 225: fitness=88550
It 230: fitness=88460
It 235: fitness=88460
It 240: fitness=88210
It 245: fitness=87830
It 250: fitness=87790
It 255: fitness=87790
It 260: fitness=87750
It 265: fitness=87690
It 270: fitness=87540
It 275: fitness=87440
It 280: fitness=87430
It 285: fitness=87390
It 290: fitness=87390
It 295: fitness=87330
It 300: fitness=87330
It 305: fitness=87310
It 310: fitness=87280
It 315: fitness=87260
It 320: fitness=87210
It 325: fitness=87190
It 330: fitness=87190
It 335: fitness=87160
It 340: fitness=87150
It 345: fitness=87150
It 350: fitness=87150
It 355: fitness=87150
It 360: fitness=87150
It 365: fitness=87150
It 370: fitness=87130
It 375: fitness=87130
It 380: fitness=87110
It 385: fitness=87100
It 390: fitness=87060
It 395: fitness=87060
It 400: fitness=87060
It 405: fitness=87060
It 410: fitness=87060
It 415: fitness=87060
It 420: fitness=87060
It 425: fitness=87060
It 430: fitness=87060
It 435: fitness=87060
It 440: fitness=87060
It 445: fitness=87050
It 450: fitness=87050
It 455: fitness=87050
It 460: fitness=87050
It 465: fitness=87050
It 470: fitness=87050
It 475: fitness=87050
It 480: fitness=87050
It 485: fitness=87050
It 490: fitness=87050
It 495: fitness=87050
It 500: fitness=87050
It 505: fitness=87050
It 510: fitness=87050
It 515: fitness=87050
It 520: fitness=87050
It 525: fitness=87050
It 530: fitness=87050
It 535: fitness=87050
It 540: fitness=87050
It 545: fitness=87050
It 550: fitness=87050
It 555: fitness=87050
It 560: fitness=87040
It 565: fitness=87040
It 570: fitness=87040
It 575: fitness=87040
It 580: fitness=87040
It 585: fitness=87040
It 590: fitness=87040
It 595: fitness=87040
It 600: fitness=87040
It 605: fitness=87040
It 610: fitness=87040
It 615: fitness=87040
It 620: fitness=87040
It 625: fitness=87040
It 630: fitness=87040
It 635: fitness=87040
It 640: fitness=87040
It 645: fitness=87040
It 650: fitness=87040
It 655: fitness=87040
It 660: fitness=87040
It 665: fitness=87040
It 670: fitness=87040
It 675: fitness=87040
It 680: fitness=87040
It 685: fitness=87040
It 690: fitness=87040
It 695: fitness=87040
It 700: fitness=87040
It 705: fitness=87040
It 710: fitness=87040
It 715: fitness=87040
It 720: fitness=87040
It 725: fitness=87040
It 730: fitness=87040
It 735: fitness=87040
It 740: fitness=87040
It 745: fitness=87040
It 750: fitness=87040
It 755: fitness=87040
It 760: fitness=87040
Maximal number of iterations without improvement reached
>> Resamp_Iter 4 negLL: 87043.87 (ref:  88499.81 )
>> Resamp_params: 0.471925 0.4958502 0.487039 0.6655632 0.5718616 0.4758629 0.5256081 0.5226113 0.6215725 0.8056724 0.6007846 -24.22261 -37.41485 0.4249036 
>> sd Resamp 5 : 21 26 32 6 3 14 19 24 27 44 36 41 15 23 43 43 18 1 43 13 16 27 25 24 13 41 12 8 32 44 39 23 23 42 21 32 11 26 34 30 17 40 2 23 10 40 2 
>> Opt param @ resamp: 92943.26 
S=17, K=3, p=0.1663, w0=0.7213, w1=0.7213, c.p=1.193, c.g=1.193
v.max=NA, d=3.742, vectorize=FALSE, hybrid=off
It 5: fitness=112900
It 10: fitness=112900
It 15: fitness=112900
It 20: fitness=107100
It 25: fitness=107100
It 30: fitness=107100
It 35: fitness=105700
It 40: fitness=104900
It 45: fitness=99200
It 50: fitness=96380
It 55: fitness=96270
It 60: fitness=96070
It 65: fitness=96070
It 70: fitness=96070
It 75: fitness=96070
It 80: fitness=96070
It 85: fitness=96070
It 90: fitness=96050
It 95: fitness=96000
It 100: fitness=96000
It 105: fitness=96000
It 110: fitness=95970
It 115: fitness=95930
It 120: fitness=95930
It 125: fitness=95390
It 130: fitness=95390
It 135: fitness=95390
It 140: fitness=95180
It 145: fitness=95040
It 150: fitness=95000
It 155: fitness=94950
It 160: fitness=94950
It 165: fitness=94940
It 170: fitness=94940
It 175: fitness=94940
It 180: fitness=94240
It 185: fitness=94100
It 190: fitness=93930
It 195: fitness=93930
It 200: fitness=93930
It 205: fitness=93930
It 210: fitness=93840
It 215: fitness=93840
It 220: fitness=93840
It 225: fitness=93690
It 230: fitness=93510
It 235: fitness=93510
It 240: fitness=93510
It 245: fitness=93510
It 250: fitness=93510
It 255: fitness=93490
It 260: fitness=93320
It 265: fitness=93320
It 270: fitness=93100
It 275: fitness=93060
It 280: fitness=93060
It 285: fitness=92870
It 290: fitness=92640
It 295: fitness=92450
It 300: fitness=92250
It 305: fitness=92220
It 310: fitness=92210
It 315: fitness=92100
It 320: fitness=92080
It 325: fitness=92040
It 330: fitness=92040
It 335: fitness=91950
It 340: fitness=91930
It 345: fitness=91910
It 350: fitness=91810
It 355: fitness=91800
It 360: fitness=91770
It 365: fitness=91760
It 370: fitness=91760
It 375: fitness=91760
It 380: fitness=91650
It 385: fitness=91640
It 390: fitness=91630
It 395: fitness=91590
It 400: fitness=91590
It 405: fitness=91590
It 410: fitness=91560
It 415: fitness=91560
It 420: fitness=91550
It 425: fitness=91530
It 430: fitness=91520
It 435: fitness=91520
It 440: fitness=91520
It 445: fitness=91490
It 450: fitness=91490
It 455: fitness=91490
It 460: fitness=91490
It 465: fitness=91460
It 470: fitness=91460
It 475: fitness=91440
It 480: fitness=91440
It 485: fitness=91440
It 490: fitness=91440
It 495: fitness=91390
It 500: fitness=91390
It 505: fitness=91390
It 510: fitness=91390
It 515: fitness=91390
It 520: fitness=91390
It 525: fitness=91390
It 530: fitness=91390
It 535: fitness=91390
It 540: fitness=91390
It 545: fitness=91390
It 550: fitness=91390
It 555: fitness=91370
It 560: fitness=91370
It 565: fitness=91370
It 570: fitness=91370
It 575: fitness=91370
It 580: fitness=91360
It 585: fitness=91360
It 590: fitness=91360
It 595: fitness=91360
It 600: fitness=91360
It 605: fitness=91360
It 610: fitness=91360
It 615: fitness=91360
It 620: fitness=91360
It 625: fitness=91360
It 630: fitness=91360
It 635: fitness=91360
It 640: fitness=91360
It 645: fitness=91360
It 650: fitness=91360
It 655: fitness=91360
It 660: fitness=91350
It 665: fitness=91350
It 670: fitness=91350
It 675: fitness=91350
It 680: fitness=91350
It 685: fitness=91350
It 690: fitness=91350
It 695: fitness=91350
It 700: fitness=91350
It 705: fitness=91350
It 710: fitness=91350
It 715: fitness=91350
It 720: fitness=91350
It 725: fitness=91350
It 730: fitness=91350
It 735: fitness=91350
It 740: fitness=91350
It 745: fitness=91350
It 750: fitness=91350
It 755: fitness=91350
It 760: fitness=91350
It 765: fitness=91350
It 770: fitness=91350
It 775: fitness=91350
It 780: fitness=91350
It 785: fitness=91350
It 790: fitness=91350
It 795: fitness=91350
It 800: fitness=91350
It 805: fitness=91350
It 810: fitness=91350
It 815: fitness=91350
It 820: fitness=91350
It 825: fitness=91350
It 830: fitness=91350
It 835: fitness=91350
It 840: fitness=91350
It 845: fitness=91350
It 850: fitness=91350
It 855: fitness=91350
It 860: fitness=91350
It 865: fitness=91350
It 870: fitness=91340
It 875: fitness=91340
It 880: fitness=91340
It 885: fitness=91340
It 890: fitness=91340
It 895: fitness=91340
It 900: fitness=91340
It 905: fitness=91340
It 910: fitness=91340
It 915: fitness=91310
It 920: fitness=91310
It 925: fitness=91300
It 930: fitness=91300
It 935: fitness=91300
It 940: fitness=91300
It 945: fitness=91300
It 950: fitness=91300
It 955: fitness=91300
It 960: fitness=91300
It 965: fitness=91300
It 970: fitness=91300
It 975: fitness=91300
It 980: fitness=91300
It 985: fitness=91300
It 990: fitness=91300
It 995: fitness=91300
It 1000: fitness=91300
It 1005: fitness=91300
It 1010: fitness=91300
It 1015: fitness=91300
It 1020: fitness=91300
It 1025: fitness=91300
It 1030: fitness=91300
It 1035: fitness=91300
It 1040: fitness=91300
It 1045: fitness=91300
It 1050: fitness=91300
It 1055: fitness=91300
It 1060: fitness=91300
It 1065: fitness=91300
It 1070: fitness=91300
It 1075: fitness=91300
It 1080: fitness=91300
It 1085: fitness=91300
It 1090: fitness=91300
It 1095: fitness=91300
It 1100: fitness=91300
It 1105: fitness=91300
It 1110: fitness=91300
It 1115: fitness=91300
It 1120: fitness=91300
Maximal number of iterations without improvement reached
>> Resamp_Iter 5 negLL: 91300.56 (ref:  92943.26 )
>> Resamp_params: 0.4138305 0.413944 0.4124897 0.4 0.6307495 0.4001523 0.4348731 0.4500297 0.6339581 0.8358938 0.6003492 -9.979987 -39.64759 0.4225597 
>> sd Resamp 6 : 31 31 37 20 8 24 20 46 3 8 10 16 2 6 1 6 14 20 27 5 42 39 7 14 28 25 22 26 46 27 11 39 29 11 22 5 20 5 16 18 15 29 7 4 18 8 30 
>> Opt param @ resamp: 81863.43 
S=17, K=3, p=0.1663, w0=0.7213, w1=0.7213, c.p=1.193, c.g=1.193
v.max=NA, d=3.742, vectorize=FALSE, hybrid=off
It 5: fitness=110600
It 10: fitness=110600
It 15: fitness=103300
It 20: fitness=91560
It 25: fitness=91560
It 30: fitness=91050
It 35: fitness=91050
It 40: fitness=91050
It 45: fitness=91050
It 50: fitness=91050
It 55: fitness=91050
It 60: fitness=91050
It 65: fitness=91050
It 70: fitness=91050
It 75: fitness=91050
It 80: fitness=91050
It 85: fitness=91050
It 90: fitness=91050
It 95: fitness=91050
It 100: fitness=91050
It 105: fitness=91050
It 110: fitness=91050
It 115: fitness=91050
It 120: fitness=91050
It 125: fitness=91050
It 130: fitness=91050
It 135: fitness=91050
It 140: fitness=91050
It 145: fitness=91050
It 150: fitness=91050
It 155: fitness=91050
It 160: fitness=91050
It 165: fitness=91050
It 170: fitness=90040
It 175: fitness=89310
It 180: fitness=89200
It 185: fitness=89200
It 190: fitness=89010
It 195: fitness=88920
It 200: fitness=88920
It 205: fitness=88180
It 210: fitness=88180
It 215: fitness=86800
It 220: fitness=86800
It 225: fitness=86480
It 230: fitness=86480
It 235: fitness=86480
It 240: fitness=86480
It 245: fitness=86460
It 250: fitness=86430
It 255: fitness=86430
It 260: fitness=86420
It 265: fitness=86390
It 270: fitness=86380
It 275: fitness=86350
It 280: fitness=86310
It 285: fitness=86310
It 290: fitness=86310
It 295: fitness=86310
It 300: fitness=85630
It 305: fitness=85200
It 310: fitness=85200
It 315: fitness=85200
It 320: fitness=85200
It 325: fitness=85150
It 330: fitness=85150
It 335: fitness=85100
It 340: fitness=85070
It 345: fitness=85060
It 350: fitness=85040
It 355: fitness=85040
It 360: fitness=85020
It 365: fitness=84950
It 370: fitness=84650
It 375: fitness=84260
It 380: fitness=83640
It 385: fitness=83590
It 390: fitness=83380
It 395: fitness=83020
It 400: fitness=82800
It 405: fitness=82680
It 410: fitness=82600
It 415: fitness=82540
It 420: fitness=82540
It 425: fitness=82520
It 430: fitness=82290
It 435: fitness=82250
It 440: fitness=82190
It 445: fitness=82010
It 450: fitness=81930
It 455: fitness=81900
It 460: fitness=81810
It 465: fitness=81800
It 470: fitness=81780
It 475: fitness=81730
It 480: fitness=81660
It 485: fitness=81660
It 490: fitness=81640
It 495: fitness=81630
It 500: fitness=81630
It 505: fitness=81620
It 510: fitness=81620
It 515: fitness=81610
It 520: fitness=81610
It 525: fitness=81610
It 530: fitness=81610
It 535: fitness=81610
It 540: fitness=81610
It 545: fitness=81590
It 550: fitness=81590
It 555: fitness=81580
It 560: fitness=81560
It 565: fitness=81560
It 570: fitness=81560
It 575: fitness=81560
It 580: fitness=81560
It 585: fitness=81560
It 590: fitness=81560
It 595: fitness=81550
It 600: fitness=81550
It 605: fitness=81540
It 610: fitness=81540
It 615: fitness=81540
It 620: fitness=81540
It 625: fitness=81540
It 630: fitness=81540
It 635: fitness=81540
It 640: fitness=81540
It 645: fitness=81540
It 650: fitness=81540
It 655: fitness=81540
It 660: fitness=81540
It 665: fitness=81540
It 670: fitness=81540
It 675: fitness=81540
It 680: fitness=81540
It 685: fitness=81540
It 690: fitness=81540
It 695: fitness=81540
It 700: fitness=81540
It 705: fitness=81540
It 710: fitness=81540
It 715: fitness=81540
It 720: fitness=81540
It 725: fitness=81540
It 730: fitness=81540
It 735: fitness=81540
It 740: fitness=81530
It 745: fitness=81530
It 750: fitness=81530
It 755: fitness=81530
It 760: fitness=81530
It 765: fitness=81530
It 770: fitness=81530
It 775: fitness=81530
It 780: fitness=81530
It 785: fitness=81530
It 790: fitness=81530
It 795: fitness=81530
It 800: fitness=81530
It 805: fitness=81530
It 810: fitness=81530
It 815: fitness=81530
It 820: fitness=81530
It 825: fitness=81530
It 830: fitness=81530
It 835: fitness=81530
It 840: fitness=81530
It 845: fitness=81530
It 850: fitness=81490
It 855: fitness=81490
It 860: fitness=81490
It 865: fitness=81260
It 870: fitness=81140
It 875: fitness=81090
It 880: fitness=81070
It 885: fitness=81070
It 890: fitness=81070
It 895: fitness=81070
It 900: fitness=81070
It 905: fitness=81060
It 910: fitness=81060
It 915: fitness=81040
It 920: fitness=81000
It 925: fitness=81000
It 930: fitness=81000
It 935: fitness=80970
It 940: fitness=80950
It 945: fitness=80950
It 950: fitness=80940
It 955: fitness=80870
It 960: fitness=80850
It 965: fitness=80850
It 970: fitness=80850
It 975: fitness=80850
It 980: fitness=80820
It 985: fitness=80790
It 990: fitness=80770
It 995: fitness=80740
It 1000: fitness=80740
It 1005: fitness=80740
It 1010: fitness=80740
It 1015: fitness=80730
It 1020: fitness=80730
It 1025: fitness=80730
It 1030: fitness=80730
It 1035: fitness=80720
It 1040: fitness=80720
It 1045: fitness=80720
It 1050: fitness=80720
It 1055: fitness=80700
It 1060: fitness=80680
It 1065: fitness=80660
It 1070: fitness=80660
It 1075: fitness=80660
It 1080: fitness=80650
It 1085: fitness=80650
It 1090: fitness=80640
It 1095: fitness=80600
It 1100: fitness=80590
It 1105: fitness=80580
It 1110: fitness=80550
It 1115: fitness=80550
It 1120: fitness=80550
It 1125: fitness=80550
It 1130: fitness=80550
It 1135: fitness=80550
It 1140: fitness=80550
It 1145: fitness=80550
It 1150: fitness=80550
It 1155: fitness=80550
It 1160: fitness=80550
It 1165: fitness=80550
It 1170: fitness=80550
It 1175: fitness=80550
It 1180: fitness=80550
It 1185: fitness=80530
It 1190: fitness=80530
It 1195: fitness=80530
It 1200: fitness=80530
It 1205: fitness=80530
It 1210: fitness=80530
It 1215: fitness=80530
It 1220: fitness=80530
It 1225: fitness=80530
It 1230: fitness=80530
It 1235: fitness=80530
It 1240: fitness=80530
It 1245: fitness=80510
It 1250: fitness=80510
It 1255: fitness=80510
It 1260: fitness=80510
It 1265: fitness=80510
It 1270: fitness=80490
It 1275: fitness=80490
It 1280: fitness=80490
It 1285: fitness=80490
It 1290: fitness=80490
It 1295: fitness=80490
It 1300: fitness=80490
It 1305: fitness=80490
It 1310: fitness=80490
It 1315: fitness=80490
It 1320: fitness=80490
It 1325: fitness=80490
It 1330: fitness=80490
It 1335: fitness=80490
It 1340: fitness=80490
It 1345: fitness=80490
It 1350: fitness=80490
It 1355: fitness=80490
It 1360: fitness=80490
It 1365: fitness=80490
It 1370: fitness=80490
It 1375: fitness=80490
It 1380: fitness=80490
It 1385: fitness=80490
It 1390: fitness=80490
It 1395: fitness=80490
It 1400: fitness=80490
It 1405: fitness=80490
It 1410: fitness=80490
It 1415: fitness=80490
It 1420: fitness=80490
It 1425: fitness=80490
It 1430: fitness=80490
It 1435: fitness=80490
It 1440: fitness=80490
It 1445: fitness=80490
It 1450: fitness=80490
It 1455: fitness=80490
It 1460: fitness=80490
It 1465: fitness=80490
It 1470: fitness=80490
It 1475: fitness=80490
It 1480: fitness=80490
It 1485: fitness=80490
It 1490: fitness=80490
It 1495: fitness=80490
It 1500: fitness=80490
It 1505: fitness=80490
It 1510: fitness=80490
It 1515: fitness=80490
It 1520: fitness=80490
It 1525: fitness=80480
It 1530: fitness=80480
It 1535: fitness=80480
It 1540: fitness=80480
It 1545: fitness=80480
It 1550: fitness=80480
It 1555: fitness=80480
It 1560: fitness=80480
It 1565: fitness=80480
It 1570: fitness=80480
It 1575: fitness=80480
It 1580: fitness=80480
It 1585: fitness=80480
It 1590: fitness=80480
It 1595: fitness=80480
It 1600: fitness=80480
It 1605: fitness=80480
It 1610: fitness=80480
It 1615: fitness=80480
It 1620: fitness=80480
It 1625: fitness=80480
It 1630: fitness=80470
It 1635: fitness=80470
It 1640: fitness=80470
It 1645: fitness=80470
It 1650: fitness=80470
It 1655: fitness=80470
It 1660: fitness=80470
It 1665: fitness=80470
It 1670: fitness=80470
It 1675: fitness=80470
It 1680: fitness=80470
It 1685: fitness=80470
It 1690: fitness=80470
It 1695: fitness=80470
It 1700: fitness=80470
It 1705: fitness=80470
It 1710: fitness=80470
It 1715: fitness=80470
It 1720: fitness=80470
It 1725: fitness=80470
It 1730: fitness=80470
It 1735: fitness=80470
It 1740: fitness=80470
It 1745: fitness=80470
It 1750: fitness=80470
It 1755: fitness=80470
It 1760: fitness=80470
It 1765: fitness=80470
It 1770: fitness=80470
It 1775: fitness=80470
It 1780: fitness=80470
It 1785: fitness=80470
It 1790: fitness=80470
It 1795: fitness=80470
It 1800: fitness=80470
It 1805: fitness=80470
It 1810: fitness=80470
It 1815: fitness=80470
It 1820: fitness=80470
It 1825: fitness=80470
It 1830: fitness=80470
It 1835: fitness=80470
It 1840: fitness=80470
It 1845: fitness=80470
It 1850: fitness=80470
It 1855: fitness=80470
It 1860: fitness=80470
It 1865: fitness=80470
It 1870: fitness=80470
It 1875: fitness=80470
It 1880: fitness=80470
It 1885: fitness=80470
It 1890: fitness=80470
It 1895: fitness=80470
It 1900: fitness=80470
It 1905: fitness=80470
It 1910: fitness=80470
It 1915: fitness=80470
It 1920: fitness=80470
It 1925: fitness=80470
It 1930: fitness=80470
It 1935: fitness=80470
It 1940: fitness=80470
It 1945: fitness=80470
It 1950: fitness=80470
It 1955: fitness=80470
It 1960: fitness=80470
It 1965: fitness=80470
It 1970: fitness=80470
It 1975: fitness=80470
Maximal number of iterations without improvement reached
>> Resamp_Iter 6 negLL: 80466.17 (ref:  81863.43 )
>> Resamp_params: 0.4788511 0.4860341 0.4745093 0.4509733 0.5929209 0.4801165 0.5246169 0.4988636 0.6231414 0.8146712 0.6004004 -23.01466 -31.1896 0.4102202 
>> sd Resamp 7 : 8 25 45 13 44 25 14 20 45 9 13 24 37 4 27 30 26 20 26 29 42 20 33 2 27 39 42 44 36 32 16 1 39 9 6 46 21 22 1 23 15 46 24 6 35 37 10 
>> Opt param @ resamp: 113568.3 
S=17, K=3, p=0.1663, w0=0.7213, w1=0.7213, c.p=1.193, c.g=1.193
v.max=NA, d=3.742, vectorize=FALSE, hybrid=off
It 5: fitness=164900
It 10: fitness=164900
It 15: fitness=164900
It 20: fitness=148100
It 25: fitness=148100
It 30: fitness=142800
It 35: fitness=142200
It 40: fitness=134700
It 45: fitness=134700
It 50: fitness=134700
It 55: fitness=134700
It 60: fitness=129400
It 65: fitness=128900
It 70: fitness=127600
It 75: fitness=126800
It 80: fitness=123500
It 85: fitness=121500
It 90: fitness=121500
It 95: fitness=121500
It 100: fitness=121300
It 105: fitness=121300
It 110: fitness=121200
It 115: fitness=119600
It 120: fitness=118700
It 125: fitness=118600
It 130: fitness=118200
It 135: fitness=117900
It 140: fitness=117900
It 145: fitness=117900
It 150: fitness=117400
It 155: fitness=115000
It 160: fitness=115000
It 165: fitness=114900
It 170: fitness=114900
It 175: fitness=114200
It 180: fitness=114000
It 185: fitness=114000
It 190: fitness=113900
It 195: fitness=113700
It 200: fitness=113700
It 205: fitness=113500
It 210: fitness=113400
It 215: fitness=113200
It 220: fitness=113000
It 225: fitness=112900
It 230: fitness=112400
It 235: fitness=111700
It 240: fitness=111700
It 245: fitness=111600
It 250: fitness=111500
It 255: fitness=111500
It 260: fitness=111500
It 265: fitness=111400
It 270: fitness=111400
It 275: fitness=111400
It 280: fitness=111400
It 285: fitness=111400
It 290: fitness=111400
It 295: fitness=111400
It 300: fitness=111400
It 305: fitness=111400
It 310: fitness=111400
It 315: fitness=111400
It 320: fitness=111400
It 325: fitness=111400
It 330: fitness=111400
It 335: fitness=111400
It 340: fitness=111400
It 345: fitness=111400
It 350: fitness=111400
It 355: fitness=111400
It 360: fitness=111400
It 365: fitness=111300
It 370: fitness=111300
It 375: fitness=111300
It 380: fitness=111300
It 385: fitness=111300
It 390: fitness=111300
It 395: fitness=111300
It 400: fitness=111300
It 405: fitness=111300
It 410: fitness=111300
It 415: fitness=111300
It 420: fitness=111300
It 425: fitness=111300
It 430: fitness=111300
It 435: fitness=111300
It 440: fitness=111300
It 445: fitness=111300
It 450: fitness=111300
It 455: fitness=111300
It 460: fitness=111300
It 465: fitness=111300
It 470: fitness=111300
It 475: fitness=111300
It 480: fitness=111300
It 485: fitness=111300
It 490: fitness=111300
It 495: fitness=111300
It 500: fitness=111300
It 505: fitness=111300
It 510: fitness=111300
It 515: fitness=111300
It 520: fitness=111300
It 525: fitness=111300
It 530: fitness=111300
It 535: fitness=111300
It 540: fitness=111300
It 545: fitness=111300
It 550: fitness=111300
It 555: fitness=111300
It 560: fitness=111300
It 565: fitness=111300
It 570: fitness=111300
It 575: fitness=111300
It 580: fitness=111300
It 585: fitness=111300
It 590: fitness=111300
It 595: fitness=111300
It 600: fitness=111300
It 605: fitness=111300
It 610: fitness=111300
It 615: fitness=111300
It 620: fitness=111300
It 625: fitness=111300
It 630: fitness=111300
It 635: fitness=111300
It 640: fitness=111300
It 645: fitness=111300
It 650: fitness=111300
It 655: fitness=111300
It 660: fitness=111300
It 665: fitness=111300
It 670: fitness=111300
It 675: fitness=111300
It 680: fitness=111300
It 685: fitness=111300
It 690: fitness=111300
It 695: fitness=111300
It 700: fitness=111300
It 705: fitness=111300
It 710: fitness=111300
It 715: fitness=111300
It 720: fitness=111300
It 725: fitness=111300
It 730: fitness=111300
It 735: fitness=111300
It 740: fitness=111300
It 745: fitness=111300
It 750: fitness=111300
It 755: fitness=111300
It 760: fitness=111300
It 765: fitness=111300
It 770: fitness=111300
It 775: fitness=111300
It 780: fitness=111300
It 785: fitness=111300
It 790: fitness=111300
It 795: fitness=111300
It 800: fitness=111300
It 805: fitness=111300
It 810: fitness=111300
It 815: fitness=111300
It 820: fitness=111300
It 825: fitness=111300
It 830: fitness=111300
It 835: fitness=111300
It 840: fitness=111300
It 845: fitness=111300
It 850: fitness=111300
It 855: fitness=111300
It 860: fitness=111300
It 865: fitness=111300
It 870: fitness=111300
It 875: fitness=111300
It 880: fitness=111300
It 885: fitness=111300
It 890: fitness=111300
It 895: fitness=111300
It 900: fitness=111200
It 905: fitness=111200
It 910: fitness=111200
It 915: fitness=111200
It 920: fitness=111200
It 925: fitness=111200
It 930: fitness=111200
It 935: fitness=111200
It 940: fitness=111200
It 945: fitness=111200
It 950: fitness=111200
It 955: fitness=111200
It 960: fitness=111200
It 965: fitness=111200
It 970: fitness=111200
It 975: fitness=111200
It 980: fitness=111200
It 985: fitness=111200
It 990: fitness=111200
It 995: fitness=111200
It 1000: fitness=111200
It 1005: fitness=111200
It 1010: fitness=111200
It 1015: fitness=111200
It 1020: fitness=111200
It 1025: fitness=111200
It 1030: fitness=111200
It 1035: fitness=111200
It 1040: fitness=111200
It 1045: fitness=111200
It 1050: fitness=111200
It 1055: fitness=111200
It 1060: fitness=111200
It 1065: fitness=111200
It 1070: fitness=111200
It 1075: fitness=111200
It 1080: fitness=111200
It 1085: fitness=111200
It 1090: fitness=111200
It 1095: fitness=111200
It 1100: fitness=111200
It 1105: fitness=111200
It 1110: fitness=111200
It 1115: fitness=111200
It 1120: fitness=111200
It 1125: fitness=111200
It 1130: fitness=111200
It 1135: fitness=111200
It 1140: fitness=111200
It 1145: fitness=111200
It 1150: fitness=111200
It 1155: fitness=111200
It 1160: fitness=111200
It 1165: fitness=111200
It 1170: fitness=111200
It 1175: fitness=111200
It 1180: fitness=111200
It 1185: fitness=111200
It 1190: fitness=111200
It 1195: fitness=111200
It 1200: fitness=111200
It 1205: fitness=111200
It 1210: fitness=111200
It 1215: fitness=111200
It 1220: fitness=111200
It 1225: fitness=111200
It 1230: fitness=111200
It 1235: fitness=111200
It 1240: fitness=111200
It 1245: fitness=111200
It 1250: fitness=111200
It 1255: fitness=111200
It 1260: fitness=111200
It 1265: fitness=111200
It 1270: fitness=111200
It 1275: fitness=111200
It 1280: fitness=111200
It 1285: fitness=111200
It 1290: fitness=111200
It 1295: fitness=111200
It 1300: fitness=111200
It 1305: fitness=111200
It 1310: fitness=111200
It 1315: fitness=111200
It 1320: fitness=111200
It 1325: fitness=111200
It 1330: fitness=111200
It 1335: fitness=111200
It 1340: fitness=111200
It 1345: fitness=111200
It 1350: fitness=111200
It 1355: fitness=111200
It 1360: fitness=111200
It 1365: fitness=111200
It 1370: fitness=111200
It 1375: fitness=111200
It 1380: fitness=111200
It 1385: fitness=111200
It 1390: fitness=111200
It 1395: fitness=111200
It 1400: fitness=111200
It 1405: fitness=111200
It 1410: fitness=111200
It 1415: fitness=111200
It 1420: fitness=111200
It 1425: fitness=111100
It 1430: fitness=111100
It 1435: fitness=111100
It 1440: fitness=111100
It 1445: fitness=111100
It 1450: fitness=111100
It 1455: fitness=111100
It 1460: fitness=111100
It 1465: fitness=111100
It 1470: fitness=111100
It 1475: fitness=111100
It 1480: fitness=111100
It 1485: fitness=111100
It 1490: fitness=111100
It 1495: fitness=111100
It 1500: fitness=111100
It 1505: fitness=111100
It 1510: fitness=111100
It 1515: fitness=111100
It 1520: fitness=111100
It 1525: fitness=111100
It 1530: fitness=111100
It 1535: fitness=111100
It 1540: fitness=111100
It 1545: fitness=111100
It 1550: fitness=111100
It 1555: fitness=111100
It 1560: fitness=111100
It 1565: fitness=111100
It 1570: fitness=111100
It 1575: fitness=111100
It 1580: fitness=111100
It 1585: fitness=111100
It 1590: fitness=111100
It 1595: fitness=111100
It 1600: fitness=111100
It 1605: fitness=111100
It 1610: fitness=111100
It 1615: fitness=111100
It 1620: fitness=111100
It 1625: fitness=111100
It 1630: fitness=111100
It 1635: fitness=111100
It 1640: fitness=111100
It 1645: fitness=111100
It 1650: fitness=111100
It 1655: fitness=111100
It 1660: fitness=111100
It 1665: fitness=111100
It 1670: fitness=111100
It 1675: fitness=111100
It 1680: fitness=111100
It 1685: fitness=111100
It 1690: fitness=111100
It 1695: fitness=111100
It 1700: fitness=111100
It 1705: fitness=111100
It 1710: fitness=111100
It 1715: fitness=111100
It 1720: fitness=111100
It 1725: fitness=111100
It 1730: fitness=111100
It 1735: fitness=111100
It 1740: fitness=111100
It 1745: fitness=111100
It 1750: fitness=111100
It 1755: fitness=111100
It 1760: fitness=111100
It 1765: fitness=111100
It 1770: fitness=111100
It 1775: fitness=111100
It 1780: fitness=111100
It 1785: fitness=111100
It 1790: fitness=111100
It 1795: fitness=111100
It 1800: fitness=111100
It 1805: fitness=111100
It 1810: fitness=111100
It 1815: fitness=111100
It 1820: fitness=111100
Maximal number of iterations without improvement reached
>> Resamp_Iter 7 negLL: 111146.3 (ref:  113568.3 )
>> Resamp_params: 0.4900246 0.508178 0.5775464 0.4764661 0.5942291 0.4930608 0.5281502 0.5364862 0.614319 0.8069273 0.6000171 -30.29034 -20.89022 0.3782941 
>> sd Resamp 8 : 4 25 34 42 43 41 43 31 24 24 26 37 24 38 15 15 20 43 46 1 23 9 42 31 39 35 42 41 36 20 12 35 47 40 1 19 40 39 17 16 18 5 1 18 41 36 16 
>> Opt param @ resamp: 85607.6 
S=17, K=3, p=0.1663, w0=0.7213, w1=0.7213, c.p=1.193, c.g=1.193
v.max=NA, d=3.742, vectorize=FALSE, hybrid=off
It 5: fitness=123200
It 10: fitness=108400
It 15: fitness=104500
It 20: fitness=104500
It 25: fitness=104500
It 30: fitness=104100
It 35: fitness=102900
It 40: fitness=101600
It 45: fitness=101300
It 50: fitness=96300
It 55: fitness=92290
It 60: fitness=91230
It 65: fitness=91180
It 70: fitness=90730
It 75: fitness=90070
It 80: fitness=90070
It 85: fitness=89830
It 90: fitness=89610
It 95: fitness=89270
It 100: fitness=89270
It 105: fitness=89000
It 110: fitness=89000
It 115: fitness=89000
It 120: fitness=88750
It 125: fitness=87850
It 130: fitness=87680
It 135: fitness=87610
It 140: fitness=87450
It 145: fitness=87410
It 150: fitness=86980
It 155: fitness=86910
It 160: fitness=86870
It 165: fitness=86830
It 170: fitness=86780
It 175: fitness=86550
It 180: fitness=86530
It 185: fitness=86480
It 190: fitness=86440
It 195: fitness=86400
It 200: fitness=86330
It 205: fitness=86320
It 210: fitness=86310
It 215: fitness=86260
It 220: fitness=86170
It 225: fitness=85330
It 230: fitness=85180
It 235: fitness=85180
It 240: fitness=85030
It 245: fitness=84630
It 250: fitness=84510
It 255: fitness=84250
It 260: fitness=84180
It 265: fitness=84180
It 270: fitness=84080
It 275: fitness=84060
It 280: fitness=83980
It 285: fitness=83580
It 290: fitness=83580
It 295: fitness=83510
It 300: fitness=83500
It 305: fitness=83430
It 310: fitness=83250
It 315: fitness=83210
It 320: fitness=83210
It 325: fitness=83170
It 330: fitness=83170
It 335: fitness=83170
It 340: fitness=83170
It 345: fitness=83100
It 350: fitness=83060
It 355: fitness=82970
It 360: fitness=82960
It 365: fitness=82960
It 370: fitness=82960
It 375: fitness=82950
It 380: fitness=82940
It 385: fitness=82940
It 390: fitness=82930
It 395: fitness=82920
It 400: fitness=82920
It 405: fitness=82920
It 410: fitness=82920
It 415: fitness=82890
It 420: fitness=82880
It 425: fitness=82860
It 430: fitness=82850
It 435: fitness=82850
It 440: fitness=82850
It 445: fitness=82850
It 450: fitness=82850
It 455: fitness=82850
It 460: fitness=82850
It 465: fitness=82830
It 470: fitness=82830
It 475: fitness=82830
It 480: fitness=82830
It 485: fitness=82830
It 490: fitness=82830
It 495: fitness=82810
It 500: fitness=82810
It 505: fitness=82810
It 510: fitness=82810
It 515: fitness=82810
It 520: fitness=82810
It 525: fitness=82810
It 530: fitness=82810
It 535: fitness=82810
It 540: fitness=82800
It 545: fitness=82800
It 550: fitness=82800
It 555: fitness=82800
It 560: fitness=82800
It 565: fitness=82800
It 570: fitness=82800
It 575: fitness=82800
It 580: fitness=82780
It 585: fitness=82780
It 590: fitness=82780
It 595: fitness=82780
It 600: fitness=82780
It 605: fitness=82770
It 610: fitness=82770
It 615: fitness=82770
It 620: fitness=82770
It 625: fitness=82770
It 630: fitness=82770
It 635: fitness=82770
It 640: fitness=82760
It 645: fitness=82720
It 650: fitness=82720
It 655: fitness=82720
It 660: fitness=82710
It 665: fitness=82710
It 670: fitness=82680
It 675: fitness=82670
It 680: fitness=82650
It 685: fitness=82640
It 690: fitness=82640
It 695: fitness=82640
It 700: fitness=82640
It 705: fitness=82640
It 710: fitness=82640
It 715: fitness=82630
It 720: fitness=82630
It 725: fitness=82630
It 730: fitness=82630
It 735: fitness=82630
It 740: fitness=82630
It 745: fitness=82630
It 750: fitness=82630
It 755: fitness=82630
It 760: fitness=82630
It 765: fitness=82630
It 770: fitness=82620
It 775: fitness=82620
It 780: fitness=82620
It 785: fitness=82620
It 790: fitness=82620
It 795: fitness=82620
It 800: fitness=82620
It 805: fitness=82620
It 810: fitness=82620
It 815: fitness=82620
It 820: fitness=82620
It 825: fitness=82620
It 830: fitness=82620
It 835: fitness=82620
It 840: fitness=82620
It 845: fitness=82610
It 850: fitness=82610
It 855: fitness=82610
It 860: fitness=82600
It 865: fitness=82600
It 870: fitness=82600
It 875: fitness=82600
It 880: fitness=82590
It 885: fitness=82590
It 890: fitness=82590
It 895: fitness=82580
It 900: fitness=82580
It 905: fitness=82580
It 910: fitness=82580
It 915: fitness=82580
It 920: fitness=82580
It 925: fitness=82580
It 930: fitness=82580
It 935: fitness=82580
It 940: fitness=82580
It 945: fitness=82580
It 950: fitness=82580
It 955: fitness=82580
It 960: fitness=82580
It 965: fitness=82580
It 970: fitness=82580
It 975: fitness=82580
It 980: fitness=82580
It 985: fitness=82580
It 990: fitness=82580
It 995: fitness=82580
It 1000: fitness=82580
It 1005: fitness=82580
It 1010: fitness=82580
It 1015: fitness=82580
It 1020: fitness=82580
It 1025: fitness=82580
It 1030: fitness=82580
It 1035: fitness=82580
It 1040: fitness=82580
It 1045: fitness=82580
It 1050: fitness=82580
It 1055: fitness=82580
It 1060: fitness=82580
It 1065: fitness=82580
It 1070: fitness=82580
It 1075: fitness=82580
It 1080: fitness=82580
It 1085: fitness=82580
It 1090: fitness=82580
It 1095: fitness=82580
It 1100: fitness=82580
It 1105: fitness=82580
It 1110: fitness=82580
It 1115: fitness=82580
It 1120: fitness=82580
It 1125: fitness=82580
It 1130: fitness=82580
It 1135: fitness=82580
It 1140: fitness=82580
It 1145: fitness=82580
It 1150: fitness=82580
It 1155: fitness=82580
It 1160: fitness=82580
It 1165: fitness=82580
It 1170: fitness=82580
It 1175: fitness=82580
It 1180: fitness=82580
It 1185: fitness=82580
It 1190: fitness=82580
Maximal number of iterations without improvement reached
>> Resamp_Iter 8 negLL: 82582.41 (ref:  85607.6 )
>> Resamp_params: 0.4528756 0.460429 0.4451206 0.4197523 0.6448325 0.4413903 0.4742421 0.4468348 0.699466 0.9446103 0.6090397 -20.95329 -22.11061 0.3155608 
>> sd Resamp 9 : 39 37 3 21 44 39 14 7 22 9 4 15 21 22 16 41 3 47 37 8 45 29 29 31 19 46 12 11 19 2 41 36 16 40 14 37 45 17 7 39 6 3 1 25 47 39 40 
>> Opt param @ resamp: 92727.42 
S=17, K=3, p=0.1663, w0=0.7213, w1=0.7213, c.p=1.193, c.g=1.193
v.max=NA, d=3.742, vectorize=FALSE, hybrid=off
It 5: fitness=117500
It 10: fitness=117500
It 15: fitness=103200
It 20: fitness=102400
It 25: fitness=102400
It 30: fitness=102400
It 35: fitness=102200
It 40: fitness=101600
It 45: fitness=97100
It 50: fitness=95790
It 55: fitness=95670
It 60: fitness=94230
It 65: fitness=93740
It 70: fitness=92670
It 75: fitness=92670
It 80: fitness=92590
It 85: fitness=92590
It 90: fitness=92550
It 95: fitness=92550
It 100: fitness=92550
It 105: fitness=92550
It 110: fitness=92540
It 115: fitness=92410
It 120: fitness=92260
It 125: fitness=91840
It 130: fitness=91690
It 135: fitness=91620
It 140: fitness=91600
It 145: fitness=91410
It 150: fitness=91410
It 155: fitness=91360
It 160: fitness=91280
It 165: fitness=91180
It 170: fitness=91170
It 175: fitness=91170
It 180: fitness=91130
It 185: fitness=90710
It 190: fitness=90670
It 195: fitness=90670
It 200: fitness=90560
It 205: fitness=90530
It 210: fitness=90500
It 215: fitness=90500
It 220: fitness=90460
It 225: fitness=90460
It 230: fitness=90460
It 235: fitness=90440
It 240: fitness=90360
It 245: fitness=90360
It 250: fitness=90360
It 255: fitness=90360
It 260: fitness=90360
It 265: fitness=90360
It 270: fitness=90360
It 275: fitness=90360
It 280: fitness=90360
It 285: fitness=90360
It 290: fitness=90360
It 295: fitness=90360
It 300: fitness=90360
It 305: fitness=90360
It 310: fitness=90360
It 315: fitness=90360
It 320: fitness=90360
It 325: fitness=90360
It 330: fitness=90360
It 335: fitness=90360
It 340: fitness=90360
It 345: fitness=90360
It 350: fitness=90360
It 355: fitness=90360
It 360: fitness=90350
It 365: fitness=90350
It 370: fitness=90350
It 375: fitness=90350
It 380: fitness=90350
It 385: fitness=90350
It 390: fitness=90330
It 395: fitness=90330
It 400: fitness=90330
It 405: fitness=90330
It 410: fitness=90330
It 415: fitness=90330
It 420: fitness=90320
It 425: fitness=90310
It 430: fitness=90310
It 435: fitness=90310
It 440: fitness=90310
It 445: fitness=90310
It 450: fitness=90310
It 455: fitness=90310
It 460: fitness=90310
It 465: fitness=90310
It 470: fitness=90310
It 475: fitness=90300
It 480: fitness=90300
It 485: fitness=90300
It 490: fitness=90300
It 495: fitness=90300
It 500: fitness=90300
It 505: fitness=90300
It 510: fitness=90300
It 515: fitness=90300
It 520: fitness=90300
It 525: fitness=90300
It 530: fitness=90290
It 535: fitness=90290
It 540: fitness=90290
It 545: fitness=90290
It 550: fitness=90290
It 555: fitness=90290
It 560: fitness=90290
It 565: fitness=90290
It 570: fitness=90290
It 575: fitness=90290
It 580: fitness=90290
It 585: fitness=90290
It 590: fitness=90290
It 595: fitness=90290
It 600: fitness=90290
It 605: fitness=90290
It 610: fitness=90290
It 615: fitness=90290
It 620: fitness=90290
It 625: fitness=90290
It 630: fitness=90290
It 635: fitness=90290
It 640: fitness=90290
It 645: fitness=90290
It 650: fitness=90290
It 655: fitness=90290
It 660: fitness=90290
It 665: fitness=90290
It 670: fitness=90290
It 675: fitness=90290
It 680: fitness=90290
It 685: fitness=90290
It 690: fitness=90290
It 695: fitness=90290
It 700: fitness=90290
It 705: fitness=90290
It 710: fitness=90290
It 715: fitness=90290
It 720: fitness=90290
It 725: fitness=90290
Maximal number of iterations without improvement reached
>> Resamp_Iter 9 negLL: 90286.74 (ref:  92727.42 )
>> Resamp_params: 0.4890199 0.4895502 0.5544739 0.4526043 0.6164544 0.4695992 0.525948 0.5291979 0.623935 0.8000686 0.6 -14.49075 -20.60471 0.3726745 
>> sd Resamp 10 : 13 45 45 3 3 42 11 7 5 31 46 7 17 34 25 1 25 38 23 46 7 27 27 46 22 15 5 37 43 7 39 42 22 11 43 20 13 44 35 46 24 27 14 47 31 16 11 
>> Opt param @ resamp: 85157.48 
S=17, K=3, p=0.1663, w0=0.7213, w1=0.7213, c.p=1.193, c.g=1.193
v.max=NA, d=3.742, vectorize=FALSE, hybrid=off
It 5: fitness=100600
It 10: fitness=100600
It 15: fitness=94280
It 20: fitness=94280
It 25: fitness=94280
It 30: fitness=93540
It 35: fitness=93390
It 40: fitness=93390
It 45: fitness=93390
It 50: fitness=93350
It 55: fitness=93350
It 60: fitness=93320
It 65: fitness=93320
It 70: fitness=93320
It 75: fitness=93320
It 80: fitness=93310
It 85: fitness=93310
It 90: fitness=93310
It 95: fitness=93310
It 100: fitness=93310
It 105: fitness=93310
It 110: fitness=93310
It 115: fitness=93310
It 120: fitness=93310
It 125: fitness=93300
It 130: fitness=89440
It 135: fitness=89160
It 140: fitness=89020
It 145: fitness=88920
It 150: fitness=88910
It 155: fitness=88910
It 160: fitness=88870
It 165: fitness=88870
It 170: fitness=88870
It 175: fitness=88870
It 180: fitness=88650
It 185: fitness=88450
It 190: fitness=87610
It 195: fitness=87610
It 200: fitness=86980
It 205: fitness=86820
It 210: fitness=86810
It 215: fitness=86810
It 220: fitness=86280
It 225: fitness=86280
It 230: fitness=86250
It 235: fitness=86250
It 240: fitness=86250
It 245: fitness=86250
It 250: fitness=86000
It 255: fitness=85800
It 260: fitness=85800
It 265: fitness=85710
It 270: fitness=85450
It 275: fitness=85450
It 280: fitness=85310
It 285: fitness=85150
It 290: fitness=84920
It 295: fitness=84840
It 300: fitness=84810
It 305: fitness=84620
It 310: fitness=84340
It 315: fitness=83860
It 320: fitness=83720
It 325: fitness=83720
It 330: fitness=83700
It 335: fitness=83700
It 340: fitness=83690
It 345: fitness=83660
It 350: fitness=83620
It 355: fitness=83580
It 360: fitness=83580
It 365: fitness=83580
It 370: fitness=83570
It 375: fitness=83570
It 380: fitness=83550
It 385: fitness=83550
It 390: fitness=83550
It 395: fitness=83550
It 400: fitness=83550
It 405: fitness=83550
It 410: fitness=83550
It 415: fitness=83550
It 420: fitness=83550
It 425: fitness=83550
It 430: fitness=83550
It 435: fitness=83550
It 440: fitness=83550
It 445: fitness=83550
It 450: fitness=83530
It 455: fitness=83530
It 460: fitness=83530
It 465: fitness=83530
It 470: fitness=83530
It 475: fitness=83530
It 480: fitness=83530
It 485: fitness=83530
It 490: fitness=83530
It 495: fitness=83530
It 500: fitness=83530
It 505: fitness=83530
It 510: fitness=83530
It 515: fitness=83530
It 520: fitness=83530
It 525: fitness=83530
It 530: fitness=83530
It 535: fitness=83530
It 540: fitness=83520
It 545: fitness=83510
It 550: fitness=83510
It 555: fitness=83510
It 560: fitness=83510
It 565: fitness=83510
It 570: fitness=83510
It 575: fitness=83510
It 580: fitness=83510
It 585: fitness=83510
It 590: fitness=83500
It 595: fitness=83500
It 600: fitness=83500
It 605: fitness=83500
It 610: fitness=83500
It 615: fitness=83500
It 620: fitness=83500
It 625: fitness=83500
It 630: fitness=83500
It 635: fitness=83490
It 640: fitness=83490
It 645: fitness=83490
It 650: fitness=83490
It 655: fitness=83490
It 660: fitness=83490
It 665: fitness=83490
It 670: fitness=83490
It 675: fitness=83490
It 680: fitness=83490
It 685: fitness=83490
It 690: fitness=83490
It 695: fitness=83490
It 700: fitness=83490
It 705: fitness=83490
It 710: fitness=83490
It 715: fitness=83490
It 720: fitness=83490
It 725: fitness=83490
It 730: fitness=83490
It 735: fitness=83490
It 740: fitness=83490
It 745: fitness=83490
It 750: fitness=83490
It 755: fitness=83480
It 760: fitness=83480
It 765: fitness=83480
It 770: fitness=83480
It 775: fitness=83480
It 780: fitness=83480
It 785: fitness=83480
It 790: fitness=83480
It 795: fitness=83480
It 800: fitness=83480
It 805: fitness=83480
It 810: fitness=83480
It 815: fitness=83480
It 820: fitness=83480
It 825: fitness=83480
It 830: fitness=83480
It 835: fitness=83480
It 840: fitness=83480
It 845: fitness=83480
It 850: fitness=83480
It 855: fitness=83480
It 860: fitness=83480
It 865: fitness=83480
It 870: fitness=83480
It 875: fitness=83480
It 880: fitness=83480
It 885: fitness=83480
It 890: fitness=83480
It 895: fitness=83480
It 900: fitness=83480
It 905: fitness=83480
It 910: fitness=83480
It 915: fitness=83480
It 920: fitness=83480
It 925: fitness=83480
It 930: fitness=83480
It 935: fitness=83480
It 940: fitness=83480
It 945: fitness=83480
It 950: fitness=83480
It 955: fitness=83480
It 960: fitness=83480
It 965: fitness=83480
It 970: fitness=83480
It 975: fitness=83480
It 980: fitness=83480
It 985: fitness=83480
It 990: fitness=83480
It 995: fitness=83480
It 1000: fitness=83480
It 1005: fitness=83480
It 1010: fitness=83480
It 1015: fitness=83480
It 1020: fitness=83480
It 1025: fitness=83480
It 1030: fitness=83480
It 1035: fitness=83480
Maximal number of iterations without improvement reached
>> Resamp_Iter 10 negLL: 83479.95 (ref:  85157.48 )
>> Resamp_params: 0.4775574 0.4868783 0.4877808 0.4526557 0.5193388 0.4667122 0.5144599 0.4899495 0.6285435 0.8 0.6001065 -15.44657 -16.58241 0.3553182 
