fit_results/data/all_states.list_sd_03150903.log>>> Loading state data: AL <<<
>>> Loading state data: AR <<<
>>> Loading state data: AZ <<<
>>> Loading state data: CA <<<
>>> Loading state data: CO <<<
>>> Loading state data: CT <<<
>>> Loading state data: DC <<<
>>> Loading state data: DE <<<
>>> Loading state data: FL <<<
>>> Loading state data: GA <<<
>>> Loading state data: IA <<<
>>> Loading state data: ID <<<
>>> Loading state data: IL <<<
>>> Loading state data: IN <<<
>>> Loading state data: KS <<<
>>> Loading state data: KY <<<
>>> Loading state data: LA <<<
>>> Loading state data: MA <<<
>>> Loading state data: MD <<<
>>> Loading state data: ME <<<
>>> Loading state data: MI <<<
>>> Loading state data: MN <<<
>>> Loading state data: MO <<<
>>> Loading state data: MS <<<
>>> Loading state data: MT <<<
>>> Loading state data: NC <<<
>>> Loading state data: ND <<<
>>> Loading state data: NE <<<
>>> Loading state data: NH <<<
>>> Loading state data: NJ <<<
>>> Loading state data: NM <<<
>>> Loading state data: NV <<<
>>> Loading state data: NY <<<
>>> Loading state data: OH <<<
>>> Loading state data: OK <<<
>>> Loading state data: OR <<<
>>> Loading state data: PA <<<
>>> Loading state data: RI <<<
>>> Loading state data: SC <<<
>>> Loading state data: SD <<<
>>> Loading state data: TN <<<
>>> Loading state data: TX <<<
>>> Loading state data: UT <<<
>>> Loading state data: VA <<<
>>> Loading state data: WA <<<
>>> Loading state data: WI <<<
>>> Loading state data: WV <<<
 [1]   0.5000000   0.5000000   0.5000000   0.5000000   0.5000000   0.5000000
 [7]   0.5000000   0.5000000   0.5000000   0.8262688   0.6006879 -16.0066679
[13] -26.4593566   0.3891786
96 cores seen; limit to 24 cores
>> sd Resamp 1 : 8 7 35 35 24 16 15 43 4 7 8 20 9 11 9 11 11 43 37 26 11 21 45 23 40 36 19 40 38 18 19 22 13 17 33 24 31 17 16 31 21 8 27 29 44 47 27 
>> Opt param @ resamp: 91519.13 
S=17, K=3, p=0.1663, w0=0.7213, w1=0.7213, c.p=1.193, c.g=1.193
v.max=NA, d=3.742, vectorize=FALSE, hybrid=off
It 5: fitness=121800
It 10: fitness=121800
It 15: fitness=121400
It 20: fitness=121400
It 25: fitness=120600
It 30: fitness=118600
It 35: fitness=118300
It 40: fitness=118300
It 45: fitness=118100
It 50: fitness=118100
It 55: fitness=118100
It 60: fitness=118100
It 65: fitness=118100
It 70: fitness=118100
It 75: fitness=118100
It 80: fitness=118100
It 85: fitness=118100
It 90: fitness=118100
It 95: fitness=118100
It 100: fitness=118100
It 105: fitness=113800
It 110: fitness=113100
It 115: fitness=112200
It 120: fitness=112200
It 125: fitness=112000
It 130: fitness=111900
It 135: fitness=111900
It 140: fitness=107800
It 145: fitness=107800
It 150: fitness=107700
It 155: fitness=107700
It 160: fitness=107500
It 165: fitness=107500
It 170: fitness=107500
It 175: fitness=106400
It 180: fitness=106300
It 185: fitness=106000
It 190: fitness=105700
It 195: fitness=105500
It 200: fitness=105300
It 205: fitness=104700
It 210: fitness=104700
It 215: fitness=104100
It 220: fitness=103200
It 225: fitness=102700
It 230: fitness=101200
It 235: fitness=100500
It 240: fitness=1e+05
It 245: fitness=1e+05
It 250: fitness=98600
It 255: fitness=97660
It 260: fitness=97150
It 265: fitness=95950
It 270: fitness=95580
It 275: fitness=94870
It 280: fitness=94440
It 285: fitness=94290
It 290: fitness=94060
It 295: fitness=94060
It 300: fitness=93960
It 305: fitness=93870
It 310: fitness=93770
It 315: fitness=93650
It 320: fitness=93620
It 325: fitness=93620
It 330: fitness=93520
It 335: fitness=93460
It 340: fitness=93320
It 345: fitness=93300
It 350: fitness=93300
It 355: fitness=93300
It 360: fitness=93220
It 365: fitness=93050
It 370: fitness=92830
It 375: fitness=92710
It 380: fitness=92690
It 385: fitness=92500
It 390: fitness=92360
It 395: fitness=92340
It 400: fitness=92260
It 405: fitness=92050
It 410: fitness=91950
It 415: fitness=91450
It 420: fitness=91440
It 425: fitness=91230
It 430: fitness=91160
It 435: fitness=91030
It 440: fitness=91030
It 445: fitness=90740
It 450: fitness=90740
It 455: fitness=90700
It 460: fitness=90610
It 465: fitness=90550
It 470: fitness=90550
It 475: fitness=90410
It 480: fitness=90390
It 485: fitness=90380
It 490: fitness=90360
It 495: fitness=90290
It 500: fitness=90280
It 505: fitness=90280
It 510: fitness=90240
It 515: fitness=90220
It 520: fitness=90160
It 525: fitness=90160
It 530: fitness=90130
It 535: fitness=90090
It 540: fitness=90070
It 545: fitness=90070
It 550: fitness=90070
It 555: fitness=90070
It 560: fitness=90000
It 565: fitness=89910
It 570: fitness=89910
It 575: fitness=89910
It 580: fitness=89850
It 585: fitness=89840
It 590: fitness=89810
It 595: fitness=89810
It 600: fitness=89810
It 605: fitness=89810
It 610: fitness=89780
It 615: fitness=89780
It 620: fitness=89770
It 625: fitness=89770
It 630: fitness=89770
It 635: fitness=89760
It 640: fitness=89760
It 645: fitness=89750
It 650: fitness=89750
It 655: fitness=89730
It 660: fitness=89730
It 665: fitness=89730
It 670: fitness=89730
It 675: fitness=89730
It 680: fitness=89730
It 685: fitness=89730
It 690: fitness=89730
It 695: fitness=89720
It 700: fitness=89720
It 705: fitness=89720
It 710: fitness=89720
It 715: fitness=89720
It 720: fitness=89720
It 725: fitness=89720
It 730: fitness=89720
It 735: fitness=89720
It 740: fitness=89680
It 745: fitness=89680
It 750: fitness=89680
It 755: fitness=89680
It 760: fitness=89680
It 765: fitness=89680
It 770: fitness=89680
It 775: fitness=89680
It 780: fitness=89680
It 785: fitness=89680
It 790: fitness=89680
It 795: fitness=89680
It 800: fitness=89680
It 805: fitness=89680
It 810: fitness=89680
It 815: fitness=89680
It 820: fitness=89680
It 825: fitness=89680
It 830: fitness=89680
It 835: fitness=89680
It 840: fitness=89680
It 845: fitness=89680
It 850: fitness=89680
It 855: fitness=89680
It 860: fitness=89680
It 865: fitness=89680
It 870: fitness=89680
It 875: fitness=89680
It 880: fitness=89680
It 885: fitness=89680
It 890: fitness=89680
It 895: fitness=89680
It 900: fitness=89680
It 905: fitness=89680
It 910: fitness=89680
It 915: fitness=89680
It 920: fitness=89680
It 925: fitness=89680
It 930: fitness=89680
It 935: fitness=89680
It 940: fitness=89680
It 945: fitness=89680
It 950: fitness=89680
It 955: fitness=89680
It 960: fitness=89680
It 965: fitness=89680
It 970: fitness=89680
It 975: fitness=89680
It 980: fitness=89680
It 985: fitness=89680
It 990: fitness=89680
It 995: fitness=89680
It 1000: fitness=89680
It 1005: fitness=89680
It 1010: fitness=89660
It 1015: fitness=89660
It 1020: fitness=89660
It 1025: fitness=89660
It 1030: fitness=89660
It 1035: fitness=89660
It 1040: fitness=89660
It 1045: fitness=89660
It 1050: fitness=89660
It 1055: fitness=89660
It 1060: fitness=89660
It 1065: fitness=89660
It 1070: fitness=89660
It 1075: fitness=89660
It 1080: fitness=89660
It 1085: fitness=89660
It 1090: fitness=89660
It 1095: fitness=89660
It 1100: fitness=89660
It 1105: fitness=89660
It 1110: fitness=89650
It 1115: fitness=89650
It 1120: fitness=89650
It 1125: fitness=89650
It 1130: fitness=89650
It 1135: fitness=89650
It 1140: fitness=89650
It 1145: fitness=89650
It 1150: fitness=89650
It 1155: fitness=89650
It 1160: fitness=89650
It 1165: fitness=89650
It 1170: fitness=89650
It 1175: fitness=89650
It 1180: fitness=89650
It 1185: fitness=89650
It 1190: fitness=89650
It 1195: fitness=89650
It 1200: fitness=89650
It 1205: fitness=89650
It 1210: fitness=89650
It 1215: fitness=89650
It 1220: fitness=89650
It 1225: fitness=89650
It 1230: fitness=89650
It 1235: fitness=89650
It 1240: fitness=89650
It 1245: fitness=89650
It 1250: fitness=89650
It 1255: fitness=89650
It 1260: fitness=89650
It 1265: fitness=89650
It 1270: fitness=89650
It 1275: fitness=89650
It 1280: fitness=89650
It 1285: fitness=89650
It 1290: fitness=89650
It 1295: fitness=89650
It 1300: fitness=89650
It 1305: fitness=89650
It 1310: fitness=89650
It 1315: fitness=89650
It 1320: fitness=89650
It 1325: fitness=89650
It 1330: fitness=89650
It 1335: fitness=89650
It 1340: fitness=89650
It 1345: fitness=89650
It 1350: fitness=89650
It 1355: fitness=89650
It 1360: fitness=89650
It 1365: fitness=89650
Maximal number of iterations without improvement reached
>> Resamp_Iter 1 negLL: 89645.9 (ref:  91519.13 )
>> Resamp_params: 0.4968556 0.6581889 0.5038487 0.4650913 0.5674214 0.4785065 0.5315435 0.5677183 0.6269874 0.8001385 0.6005519 -22.8499 -23.5245 0.3881934 
>> sd Resamp 2 : 20 43 22 2 38 7 32 41 31 9 38 46 10 41 10 7 36 4 35 37 41 2 39 21 47 23 28 20 4 29 21 11 12 20 27 40 22 5 20 44 45 6 5 42 1 42 43 
>> Opt param @ resamp: 92545.36 
S=17, K=3, p=0.1663, w0=0.7213, w1=0.7213, c.p=1.193, c.g=1.193
v.max=NA, d=3.742, vectorize=FALSE, hybrid=off
It 5: fitness=138300
It 10: fitness=138300
It 15: fitness=123600
It 20: fitness=123600
It 25: fitness=122500
It 30: fitness=122500
It 35: fitness=121900
It 40: fitness=121300
It 45: fitness=121300
It 50: fitness=120800
It 55: fitness=118200
It 60: fitness=118200
It 65: fitness=107100
It 70: fitness=105600
It 75: fitness=104600
It 80: fitness=104500
It 85: fitness=104200
It 90: fitness=103200
It 95: fitness=102200
It 100: fitness=101900
It 105: fitness=101900
It 110: fitness=101700
It 115: fitness=101200
It 120: fitness=101100
It 125: fitness=100900
It 130: fitness=100500
It 135: fitness=99950
It 140: fitness=98990
It 145: fitness=98980
It 150: fitness=98960
It 155: fitness=98880
It 160: fitness=98360
It 165: fitness=98050
It 170: fitness=97840
It 175: fitness=97710
It 180: fitness=97540
It 185: fitness=97310
It 190: fitness=97310
It 195: fitness=97310
It 200: fitness=97160
It 205: fitness=97000
It 210: fitness=96850
It 215: fitness=96410
It 220: fitness=96320
It 225: fitness=96240
It 230: fitness=95970
It 235: fitness=95860
It 240: fitness=95680
It 245: fitness=95470
It 250: fitness=95470
It 255: fitness=95430
It 260: fitness=95260
It 265: fitness=95120
It 270: fitness=95010
It 275: fitness=94850
It 280: fitness=94820
It 285: fitness=94770
It 290: fitness=94450
It 295: fitness=94450
It 300: fitness=94430
It 305: fitness=94360
It 310: fitness=94350
It 315: fitness=94330
It 320: fitness=93970
It 325: fitness=93940
It 330: fitness=93840
It 335: fitness=93820
It 340: fitness=93810
It 345: fitness=93800
It 350: fitness=93780
It 355: fitness=93650
It 360: fitness=93620
It 365: fitness=93570
It 370: fitness=93550
It 375: fitness=93550
It 380: fitness=93520
It 385: fitness=93450
It 390: fitness=93440
It 395: fitness=93440
It 400: fitness=93420
It 405: fitness=93400
It 410: fitness=93390
It 415: fitness=93350
It 420: fitness=93330
It 425: fitness=93250
It 430: fitness=93200
It 435: fitness=93200
It 440: fitness=93160
It 445: fitness=93150
It 450: fitness=92950
It 455: fitness=92900
It 460: fitness=92870
It 465: fitness=92870
It 470: fitness=92860
It 475: fitness=92810
It 480: fitness=92770
It 485: fitness=92720
It 490: fitness=92720
It 495: fitness=92700
It 500: fitness=92700
It 505: fitness=92700
It 510: fitness=92610
It 515: fitness=92610
It 520: fitness=92560
It 525: fitness=92500
It 530: fitness=92360
It 535: fitness=92280
It 540: fitness=92240
It 545: fitness=92190
It 550: fitness=92180
It 555: fitness=92160
It 560: fitness=92120
It 565: fitness=92080
It 570: fitness=92080
It 575: fitness=92080
It 580: fitness=92080
It 585: fitness=92080
It 590: fitness=92070
It 595: fitness=92050
It 600: fitness=91970
It 605: fitness=91970
It 610: fitness=91970
It 615: fitness=91970
It 620: fitness=91860
It 625: fitness=91790
It 630: fitness=91690
It 635: fitness=91690
It 640: fitness=91630
It 645: fitness=91610
It 650: fitness=91610
It 655: fitness=91560
It 660: fitness=91520
It 665: fitness=91520
It 670: fitness=91520
It 675: fitness=91520
It 680: fitness=91520
It 685: fitness=91430
It 690: fitness=91400
It 695: fitness=91390
It 700: fitness=91320
It 705: fitness=91320
It 710: fitness=91320
It 715: fitness=91320
It 720: fitness=91320
It 725: fitness=91300
It 730: fitness=91280
It 735: fitness=91280
It 740: fitness=91240
It 745: fitness=91240
It 750: fitness=91230
It 755: fitness=91180
It 760: fitness=91180
It 765: fitness=91180
It 770: fitness=91180
It 775: fitness=91180
It 780: fitness=91180
It 785: fitness=91180
It 790: fitness=91180
It 795: fitness=91180
It 800: fitness=91180
It 805: fitness=91180
It 810: fitness=91180
It 815: fitness=91180
It 820: fitness=91180
It 825: fitness=91180
It 830: fitness=91150
It 835: fitness=91150
It 840: fitness=91150
It 845: fitness=91140
It 850: fitness=91140
It 855: fitness=91140
It 860: fitness=91140
It 865: fitness=91120
It 870: fitness=91110
It 875: fitness=91110
It 880: fitness=91090
It 885: fitness=91060
It 890: fitness=91050
It 895: fitness=91040
It 900: fitness=91040
It 905: fitness=90990
It 910: fitness=90990
It 915: fitness=90990
It 920: fitness=90990
It 925: fitness=90980
It 930: fitness=90940
It 935: fitness=90930
It 940: fitness=90910
It 945: fitness=90910
It 950: fitness=90910
It 955: fitness=90910
It 960: fitness=90910
It 965: fitness=90890
It 970: fitness=90890
It 975: fitness=90890
It 980: fitness=90890
It 985: fitness=90890
It 990: fitness=90870
It 995: fitness=90860
It 1000: fitness=90820
It 1005: fitness=90820
It 1010: fitness=90810
It 1015: fitness=90810
It 1020: fitness=90810
It 1025: fitness=90780
It 1030: fitness=90750
It 1035: fitness=90740
It 1040: fitness=90740
It 1045: fitness=90710
It 1050: fitness=90710
It 1055: fitness=90710
It 1060: fitness=90710
It 1065: fitness=90710
It 1070: fitness=90700
It 1075: fitness=90700
It 1080: fitness=90680
It 1085: fitness=90660
It 1090: fitness=90660
It 1095: fitness=90660
It 1100: fitness=90660
It 1105: fitness=90660
It 1110: fitness=90640
It 1115: fitness=90640
It 1120: fitness=90640
It 1125: fitness=90640
It 1130: fitness=90640
It 1135: fitness=90620
It 1140: fitness=90620
It 1145: fitness=90620
It 1150: fitness=90620
It 1155: fitness=90620
It 1160: fitness=90620
It 1165: fitness=90620
It 1170: fitness=90620
It 1175: fitness=90620
It 1180: fitness=90620
It 1185: fitness=90610
It 1190: fitness=90610
It 1195: fitness=90610
It 1200: fitness=90610
It 1205: fitness=90590
It 1210: fitness=90590
It 1215: fitness=90590
It 1220: fitness=90590
It 1225: fitness=90590
It 1230: fitness=90590
It 1235: fitness=90590
It 1240: fitness=90590
It 1245: fitness=90590
It 1250: fitness=90590
It 1255: fitness=90590
It 1260: fitness=90590
It 1265: fitness=90590
It 1270: fitness=90590
It 1275: fitness=90590
It 1280: fitness=90590
It 1285: fitness=90590
It 1290: fitness=90590
It 1295: fitness=90590
It 1300: fitness=90590
It 1305: fitness=90590
It 1310: fitness=90590
It 1315: fitness=90590
It 1320: fitness=90590
It 1325: fitness=90590
It 1330: fitness=90590
It 1335: fitness=90590
It 1340: fitness=90590
It 1345: fitness=90590
It 1350: fitness=90590
It 1355: fitness=90590
It 1360: fitness=90590
It 1365: fitness=90590
It 1370: fitness=90590
It 1375: fitness=90580
It 1380: fitness=90580
It 1385: fitness=90580
It 1390: fitness=90580
It 1395: fitness=90580
It 1400: fitness=90580
It 1405: fitness=90580
It 1410: fitness=90580
It 1415: fitness=90580
It 1420: fitness=90580
It 1425: fitness=90580
It 1430: fitness=90580
It 1435: fitness=90570
It 1440: fitness=90570
It 1445: fitness=90570
It 1450: fitness=90570
It 1455: fitness=90570
It 1460: fitness=90570
It 1465: fitness=90570
It 1470: fitness=90560
It 1475: fitness=90560
It 1480: fitness=90560
It 1485: fitness=90550
It 1490: fitness=90520
It 1495: fitness=90520
It 1500: fitness=90470
It 1505: fitness=90470
It 1510: fitness=90470
It 1515: fitness=90450
It 1520: fitness=90450
It 1525: fitness=90390
It 1530: fitness=90390
It 1535: fitness=90390
It 1540: fitness=90380
It 1545: fitness=90380
It 1550: fitness=90370
It 1555: fitness=90370
It 1560: fitness=90360
It 1565: fitness=90360
It 1570: fitness=90360
It 1575: fitness=90350
It 1580: fitness=90350
It 1585: fitness=90350
It 1590: fitness=90350
It 1595: fitness=90330
It 1600: fitness=90330
It 1605: fitness=90330
It 1610: fitness=90330
It 1615: fitness=90330
It 1620: fitness=90330
It 1625: fitness=90330
It 1630: fitness=90330
It 1635: fitness=90330
It 1640: fitness=90330
It 1645: fitness=90330
It 1650: fitness=90330
It 1655: fitness=90330
It 1660: fitness=90300
It 1665: fitness=90300
It 1670: fitness=90300
It 1675: fitness=90300
It 1680: fitness=90300
It 1685: fitness=90300
It 1690: fitness=90300
It 1695: fitness=90300
It 1700: fitness=90300
It 1705: fitness=90300
It 1710: fitness=90300
It 1715: fitness=90300
It 1720: fitness=90300
It 1725: fitness=90300
It 1730: fitness=90300
It 1735: fitness=90300
It 1740: fitness=90300
It 1745: fitness=90300
It 1750: fitness=90300
It 1755: fitness=90300
It 1760: fitness=90300
It 1765: fitness=90300
It 1770: fitness=90300
It 1775: fitness=90280
It 1780: fitness=90280
It 1785: fitness=90260
It 1790: fitness=90250
It 1795: fitness=90250
It 1800: fitness=90250
It 1805: fitness=90240
It 1810: fitness=90240
It 1815: fitness=90240
It 1820: fitness=90240
It 1825: fitness=90240
It 1830: fitness=90240
It 1835: fitness=90230
It 1840: fitness=90230
It 1845: fitness=90230
It 1850: fitness=90230
It 1855: fitness=90230
It 1860: fitness=90210
It 1865: fitness=90210
It 1870: fitness=90190
It 1875: fitness=90190
It 1880: fitness=90180
It 1885: fitness=90160
It 1890: fitness=90160
It 1895: fitness=90120
It 1900: fitness=90090
It 1905: fitness=90090
It 1910: fitness=90090
It 1915: fitness=90090
It 1920: fitness=90090
It 1925: fitness=90090
It 1930: fitness=90090
It 1935: fitness=90090
It 1940: fitness=90090
It 1945: fitness=90090
It 1950: fitness=90090
It 1955: fitness=90090
It 1960: fitness=90090
It 1965: fitness=90090
It 1970: fitness=90090
It 1975: fitness=90090
It 1980: fitness=90090
It 1985: fitness=90090
It 1990: fitness=90090
It 1995: fitness=90090
It 2000: fitness=90090
It 2005: fitness=90090
It 2010: fitness=90070
It 2015: fitness=90070
It 2020: fitness=90070
It 2025: fitness=90070
It 2030: fitness=90070
It 2035: fitness=90070
It 2040: fitness=90070
It 2045: fitness=90050
It 2050: fitness=90050
It 2055: fitness=90040
It 2060: fitness=90040
It 2065: fitness=90040
It 2070: fitness=90040
It 2075: fitness=90040
It 2080: fitness=90040
It 2085: fitness=90040
It 2090: fitness=90040
It 2095: fitness=90040
It 2100: fitness=90040
It 2105: fitness=90040
It 2110: fitness=90040
It 2115: fitness=90040
It 2120: fitness=90040
It 2125: fitness=90030
It 2130: fitness=90030
It 2135: fitness=90030
It 2140: fitness=90030
It 2145: fitness=90030
It 2150: fitness=90030
It 2155: fitness=90030
It 2160: fitness=90030
It 2165: fitness=90030
It 2170: fitness=90030
It 2175: fitness=90030
It 2180: fitness=90030
It 2185: fitness=90030
It 2190: fitness=90030
It 2195: fitness=90030
It 2200: fitness=90030
It 2205: fitness=90030
It 2210: fitness=90030
It 2215: fitness=90030
It 2220: fitness=90030
It 2225: fitness=90030
It 2230: fitness=90030
It 2235: fitness=90030
It 2240: fitness=90030
It 2245: fitness=90030
It 2250: fitness=90030
It 2255: fitness=90030
It 2260: fitness=90030
It 2265: fitness=90030
It 2270: fitness=90030
It 2275: fitness=90030
It 2280: fitness=90030
It 2285: fitness=90030
It 2290: fitness=90030
It 2295: fitness=90030
It 2300: fitness=90030
It 2305: fitness=90030
It 2310: fitness=90030
It 2315: fitness=90030
It 2320: fitness=90030
It 2325: fitness=90020
It 2330: fitness=90020
It 2335: fitness=90020
It 2340: fitness=90020
It 2345: fitness=90000
It 2350: fitness=90000
It 2355: fitness=90000
It 2360: fitness=90000
It 2365: fitness=90000
It 2370: fitness=90000
It 2375: fitness=90000
It 2380: fitness=90000
It 2385: fitness=90000
It 2390: fitness=90000
It 2395: fitness=89990
It 2400: fitness=89990
It 2405: fitness=89990
It 2410: fitness=89990
It 2415: fitness=89990
It 2420: fitness=89990
It 2425: fitness=89990
It 2430: fitness=89990
It 2435: fitness=89990
It 2440: fitness=89990
It 2445: fitness=89990
It 2450: fitness=89990
It 2455: fitness=89990
It 2460: fitness=89990
It 2465: fitness=89990
It 2470: fitness=89990
It 2475: fitness=89990
It 2480: fitness=89990
It 2485: fitness=89990
It 2490: fitness=89990
It 2495: fitness=89990
It 2500: fitness=89990
It 2505: fitness=89990
It 2510: fitness=89990
It 2515: fitness=89990
It 2520: fitness=89990
It 2525: fitness=89990
It 2530: fitness=89990
It 2535: fitness=89990
It 2540: fitness=89990
It 2545: fitness=89990
It 2550: fitness=89990
It 2555: fitness=89990
It 2560: fitness=89990
It 2565: fitness=89990
It 2570: fitness=89990
It 2575: fitness=89990
It 2580: fitness=89990
It 2585: fitness=89990
It 2590: fitness=89990
It 2595: fitness=89990
It 2600: fitness=89990
It 2605: fitness=89990
It 2610: fitness=89990
It 2615: fitness=89990
It 2620: fitness=89990
It 2625: fitness=89990
It 2630: fitness=89990
It 2635: fitness=89990
It 2640: fitness=89990
It 2645: fitness=89990
It 2650: fitness=89990
It 2655: fitness=89990
It 2660: fitness=89990
It 2665: fitness=89990
It 2670: fitness=89990
It 2675: fitness=89990
It 2680: fitness=89990
It 2685: fitness=89970
It 2690: fitness=89970
It 2695: fitness=89950
It 2700: fitness=89950
It 2705: fitness=89950
It 2710: fitness=89950
It 2715: fitness=89950
It 2720: fitness=89950
It 2725: fitness=89950
It 2730: fitness=89950
It 2735: fitness=89950
It 2740: fitness=89950
It 2745: fitness=89930
It 2750: fitness=89930
It 2755: fitness=89930
It 2760: fitness=89930
It 2765: fitness=89930
It 2770: fitness=89930
It 2775: fitness=89930
It 2780: fitness=89930
It 2785: fitness=89930
It 2790: fitness=89930
It 2795: fitness=89930
It 2800: fitness=89930
It 2805: fitness=89930
It 2810: fitness=89930
It 2815: fitness=89930
It 2820: fitness=89930
It 2825: fitness=89930
It 2830: fitness=89930
It 2835: fitness=89930
It 2840: fitness=89930
It 2845: fitness=89930
It 2850: fitness=89930
It 2855: fitness=89930
It 2860: fitness=89930
It 2865: fitness=89910
It 2870: fitness=89910
It 2875: fitness=89910
It 2880: fitness=89910
It 2885: fitness=89910
It 2890: fitness=89910
It 2895: fitness=89910
It 2900: fitness=89910
It 2905: fitness=89910
It 2910: fitness=89910
It 2915: fitness=89910
It 2920: fitness=89910
It 2925: fitness=89910
It 2930: fitness=89910
It 2935: fitness=89910
It 2940: fitness=89910
It 2945: fitness=89910
It 2950: fitness=89910
It 2955: fitness=89910
It 2960: fitness=89910
It 2965: fitness=89910
It 2970: fitness=89910
It 2975: fitness=89910
It 2980: fitness=89910
It 2985: fitness=89910
It 2990: fitness=89910
It 2995: fitness=89910
It 3000: fitness=89910
It 3005: fitness=89910
It 3010: fitness=89910
It 3015: fitness=89910
It 3020: fitness=89910
It 3025: fitness=89910
It 3030: fitness=89910
It 3035: fitness=89910
It 3040: fitness=89910
It 3045: fitness=89910
It 3050: fitness=89910
It 3055: fitness=89910
It 3060: fitness=89910
It 3065: fitness=89910
It 3070: fitness=89910
It 3075: fitness=89910
It 3080: fitness=89910
It 3085: fitness=89910
It 3090: fitness=89910
It 3095: fitness=89910
It 3100: fitness=89900
It 3105: fitness=89900
It 3110: fitness=89900
It 3115: fitness=89900
It 3120: fitness=89900
It 3125: fitness=89900
It 3130: fitness=89900
It 3135: fitness=89900
It 3140: fitness=89900
It 3145: fitness=89900
It 3150: fitness=89900
It 3155: fitness=89900
It 3160: fitness=89900
It 3165: fitness=89900
It 3170: fitness=89900
It 3175: fitness=89900
It 3180: fitness=89900
It 3185: fitness=89900
It 3190: fitness=89900
It 3195: fitness=89900
It 3200: fitness=89900
It 3205: fitness=89900
It 3210: fitness=89900
It 3215: fitness=89900
It 3220: fitness=89900
It 3225: fitness=89900
It 3230: fitness=89900
It 3235: fitness=89900
It 3240: fitness=89900
It 3245: fitness=89900
It 3250: fitness=89900
It 3255: fitness=89900
It 3260: fitness=89900
It 3265: fitness=89900
It 3270: fitness=89900
It 3275: fitness=89900
It 3280: fitness=89900
It 3285: fitness=89900
It 3290: fitness=89900
It 3295: fitness=89900
It 3300: fitness=89900
Maximal number of iterations without improvement reached
>> Resamp_Iter 2 negLL: 89904.12 (ref:  92545.36 )
>> Resamp_params: 0.4865996 0.4789744 0.4598685 0.4378449 0.6193049 0.462344 0.494154 0.521827 0.6414489 0.8166134 0.600002 -12.66305 -13.98911 0.3277282 
>> sd Resamp 3 : 1 27 33 12 11 35 19 32 46 17 29 47 47 19 6 33 8 40 46 31 8 14 8 27 5 17 21 11 7 36 46 22 38 43 40 16 47 20 12 17 16 41 10 36 13 11 39 
>> Opt param @ resamp: 93908.93 
S=17, K=3, p=0.1663, w0=0.7213, w1=0.7213, c.p=1.193, c.g=1.193
v.max=NA, d=3.742, vectorize=FALSE, hybrid=off
It 5: fitness=113300
It 10: fitness=108400
It 15: fitness=108400
It 20: fitness=102100
It 25: fitness=100900
It 30: fitness=100200
It 35: fitness=99810
It 40: fitness=93790
It 45: fitness=93790
It 50: fitness=93790
It 55: fitness=93790
It 60: fitness=93790
It 65: fitness=93320
It 70: fitness=93320
It 75: fitness=93320
It 80: fitness=92200
It 85: fitness=92200
It 90: fitness=92070
It 95: fitness=91850
It 100: fitness=91640
It 105: fitness=91350
It 110: fitness=91070
It 115: fitness=91060
It 120: fitness=90920
It 125: fitness=90820
It 130: fitness=90090
It 135: fitness=89750
It 140: fitness=89550
It 145: fitness=89450
It 150: fitness=89390
It 155: fitness=89210
It 160: fitness=89210
It 165: fitness=89190
It 170: fitness=89090
It 175: fitness=89090
It 180: fitness=89090
It 185: fitness=88920
It 190: fitness=88920
It 195: fitness=88920
It 200: fitness=88920
It 205: fitness=88920
It 210: fitness=88920
It 215: fitness=88920
It 220: fitness=88900
It 225: fitness=88900
It 230: fitness=88820
It 235: fitness=88820
It 240: fitness=88820
It 245: fitness=88770
It 250: fitness=88760
It 255: fitness=88760
It 260: fitness=88760
It 265: fitness=88760
It 270: fitness=88710
It 275: fitness=88710
It 280: fitness=88710
It 285: fitness=88710
It 290: fitness=88710
It 295: fitness=88680
It 300: fitness=88670
It 305: fitness=88670
It 310: fitness=88670
It 315: fitness=88670
It 320: fitness=88670
It 325: fitness=88660
It 330: fitness=88660
It 335: fitness=88660
It 340: fitness=88660
It 345: fitness=88660
It 350: fitness=88660
It 355: fitness=88660
It 360: fitness=88660
It 365: fitness=88660
It 370: fitness=88660
It 375: fitness=88660
It 380: fitness=88660
It 385: fitness=88660
It 390: fitness=88660
It 395: fitness=88660
It 400: fitness=88660
It 405: fitness=88630
It 410: fitness=88630
It 415: fitness=88630
It 420: fitness=88630
It 425: fitness=88630
It 430: fitness=88630
It 435: fitness=88630
It 440: fitness=88630
It 445: fitness=88630
It 450: fitness=88630
It 455: fitness=88630
It 460: fitness=88630
It 465: fitness=88630
It 470: fitness=88630
It 475: fitness=88600
It 480: fitness=88600
It 485: fitness=88600
It 490: fitness=88600
It 495: fitness=88600
It 500: fitness=88600
It 505: fitness=88600
It 510: fitness=88600
It 515: fitness=88600
It 520: fitness=88600
It 525: fitness=88600
It 530: fitness=88600
It 535: fitness=88600
It 540: fitness=88600
It 545: fitness=88600
It 550: fitness=88600
It 555: fitness=88580
It 560: fitness=88580
It 565: fitness=88580
It 570: fitness=88580
It 575: fitness=88580
It 580: fitness=88580
It 585: fitness=88580
It 590: fitness=88580
It 595: fitness=88580
It 600: fitness=88580
It 605: fitness=88580
It 610: fitness=88580
It 615: fitness=88580
It 620: fitness=88580
It 625: fitness=88580
It 630: fitness=88580
It 635: fitness=88580
It 640: fitness=88560
It 645: fitness=88560
It 650: fitness=88560
It 655: fitness=88560
It 660: fitness=88560
It 665: fitness=88560
It 670: fitness=88530
It 675: fitness=88530
It 680: fitness=88530
It 685: fitness=88530
It 690: fitness=88530
It 695: fitness=88530
It 700: fitness=88530
It 705: fitness=88530
It 710: fitness=88530
It 715: fitness=88530
It 720: fitness=88530
It 725: fitness=88530
It 730: fitness=88530
It 735: fitness=88530
It 740: fitness=88530
It 745: fitness=88530
It 750: fitness=88530
It 755: fitness=88530
It 760: fitness=88530
It 765: fitness=88530
It 770: fitness=88530
It 775: fitness=88530
It 780: fitness=88530
It 785: fitness=88530
It 790: fitness=88530
It 795: fitness=88530
It 800: fitness=88530
It 805: fitness=88530
It 810: fitness=88530
It 815: fitness=88530
It 820: fitness=88530
It 825: fitness=88530
It 830: fitness=88530
It 835: fitness=88530
It 840: fitness=88530
It 845: fitness=88530
It 850: fitness=88530
It 855: fitness=88530
It 860: fitness=88530
It 865: fitness=88530
It 870: fitness=88530
It 875: fitness=88530
It 880: fitness=88530
It 885: fitness=88530
It 890: fitness=88530
It 895: fitness=88530
It 900: fitness=88530
It 905: fitness=88530
It 910: fitness=88530
It 915: fitness=88530
It 920: fitness=88530
It 925: fitness=88530
It 930: fitness=88530
It 935: fitness=88530
It 940: fitness=88530
It 945: fitness=88530
It 950: fitness=88530
It 955: fitness=88530
It 960: fitness=88530
It 965: fitness=88530
It 970: fitness=88530
It 975: fitness=88530
It 980: fitness=88530
It 985: fitness=88530
Maximal number of iterations without improvement reached
>> Resamp_Iter 3 negLL: 88525.87 (ref:  93908.93 )
>> Resamp_params: 0.4327781 0.4022391 0.4439424 0.4523775 0.627361 0.4255011 0.6078353 0.5096001 0.643614 0.9152582 0.6488134 -11.19192 -162.9572 0.4558248 
>> sd Resamp 4 : 33 43 39 5 6 2 19 31 43 8 13 12 8 43 2 33 1 36 16 40 6 1 2 22 19 22 34 30 31 19 1 8 11 1 9 43 38 27 9 7 11 20 46 13 20 6 46 
>> Opt param @ resamp: 101013.9 
S=17, K=3, p=0.1663, w0=0.7213, w1=0.7213, c.p=1.193, c.g=1.193
v.max=NA, d=3.742, vectorize=FALSE, hybrid=off
It 5: fitness=133100
It 10: fitness=131400
It 15: fitness=118200
It 20: fitness=117900
It 25: fitness=117900
It 30: fitness=117900
It 35: fitness=117900
It 40: fitness=117900
It 45: fitness=117900
It 50: fitness=117900
It 55: fitness=117900
It 60: fitness=117900
It 65: fitness=117900
It 70: fitness=117800
It 75: fitness=117800
It 80: fitness=117800
It 85: fitness=117800
It 90: fitness=117800
It 95: fitness=117800
It 100: fitness=117800
It 105: fitness=117800
It 110: fitness=117800
It 115: fitness=117800
It 120: fitness=117800
It 125: fitness=117800
It 130: fitness=117800
It 135: fitness=112800
It 140: fitness=112700
It 145: fitness=112700
It 150: fitness=108800
It 155: fitness=108800
It 160: fitness=101900
It 165: fitness=101700
It 170: fitness=101400
It 175: fitness=100600
It 180: fitness=100600
It 185: fitness=99880
It 190: fitness=99230
It 195: fitness=98820
It 200: fitness=98270
It 205: fitness=98200
It 210: fitness=98110
It 215: fitness=97820
It 220: fitness=97640
It 225: fitness=97640
It 230: fitness=97550
It 235: fitness=97390
It 240: fitness=97350
It 245: fitness=97140
It 250: fitness=97090
It 255: fitness=96720
It 260: fitness=96010
It 265: fitness=95690
It 270: fitness=95470
It 275: fitness=95380
It 280: fitness=95150
It 285: fitness=95030
It 290: fitness=94850
It 295: fitness=94310
It 300: fitness=94150
It 305: fitness=93970
It 310: fitness=93950
It 315: fitness=93920
It 320: fitness=93850
It 325: fitness=93800
It 330: fitness=93770
It 335: fitness=93730
It 340: fitness=93660
It 345: fitness=93660
It 350: fitness=93630
It 355: fitness=93630
It 360: fitness=93550
It 365: fitness=93510
It 370: fitness=93510
It 375: fitness=93510
It 380: fitness=93510
It 385: fitness=93500
It 390: fitness=93500
It 395: fitness=93500
It 400: fitness=93480
It 405: fitness=93480
It 410: fitness=93480
It 415: fitness=93470
It 420: fitness=93450
It 425: fitness=93450
It 430: fitness=93450
It 435: fitness=93450
It 440: fitness=93450
It 445: fitness=93450
It 450: fitness=93450
It 455: fitness=93450
It 460: fitness=93430
It 465: fitness=93430
It 470: fitness=93430
It 475: fitness=93430
It 480: fitness=93430
It 485: fitness=93430
It 490: fitness=93430
It 495: fitness=93430
It 500: fitness=93430
It 505: fitness=93390
It 510: fitness=93390
It 515: fitness=93390
It 520: fitness=93390
It 525: fitness=93390
It 530: fitness=93390
It 535: fitness=93390
It 540: fitness=93390
It 545: fitness=93390
It 550: fitness=93390
It 555: fitness=93390
It 560: fitness=93390
It 565: fitness=93390
It 570: fitness=93390
It 575: fitness=93390
It 580: fitness=93390
It 585: fitness=93390
It 590: fitness=93390
It 595: fitness=93390
It 600: fitness=93390
It 605: fitness=93390
It 610: fitness=93390
It 615: fitness=93390
It 620: fitness=93390
It 625: fitness=93390
It 630: fitness=93390
It 635: fitness=93390
It 640: fitness=93390
It 645: fitness=93390
It 650: fitness=93390
It 655: fitness=93390
It 660: fitness=93390
It 665: fitness=93390
It 670: fitness=93390
It 675: fitness=93390
It 680: fitness=93390
It 685: fitness=93390
It 690: fitness=93310
It 695: fitness=93310
It 700: fitness=93310
It 705: fitness=93310
It 710: fitness=93270
It 715: fitness=93270
It 720: fitness=93270
It 725: fitness=93250
It 730: fitness=93250
It 735: fitness=93250
It 740: fitness=93240
It 745: fitness=93240
It 750: fitness=93240
It 755: fitness=93240
It 760: fitness=93240
It 765: fitness=93240
It 770: fitness=93240
It 775: fitness=93230
It 780: fitness=93220
It 785: fitness=93220
It 790: fitness=93220
It 795: fitness=93220
It 800: fitness=93220
It 805: fitness=93220
It 810: fitness=93220
It 815: fitness=93220
It 820: fitness=93220
It 825: fitness=93220
It 830: fitness=93220
It 835: fitness=93220
It 840: fitness=93220
It 845: fitness=93220
It 850: fitness=93220
It 855: fitness=93220
It 860: fitness=93220
It 865: fitness=93220
It 870: fitness=93220
It 875: fitness=93220
It 880: fitness=93220
It 885: fitness=93220
It 890: fitness=93220
It 895: fitness=93220
It 900: fitness=93220
It 905: fitness=93220
It 910: fitness=93220
It 915: fitness=93220
It 920: fitness=93170
It 925: fitness=93170
It 930: fitness=93170
It 935: fitness=93170
It 940: fitness=93170
It 945: fitness=93170
It 950: fitness=93170
It 955: fitness=93170
It 960: fitness=93170
It 965: fitness=93170
It 970: fitness=93170
It 975: fitness=93170
It 980: fitness=93170
It 985: fitness=93170
It 990: fitness=93170
It 995: fitness=93170
It 1000: fitness=93170
It 1005: fitness=93170
It 1010: fitness=93170
It 1015: fitness=93170
It 1020: fitness=93170
It 1025: fitness=93170
It 1030: fitness=93170
It 1035: fitness=93170
It 1040: fitness=93170
It 1045: fitness=93150
It 1050: fitness=93150
It 1055: fitness=93150
It 1060: fitness=93150
It 1065: fitness=93150
It 1070: fitness=93150
It 1075: fitness=93150
It 1080: fitness=93150
It 1085: fitness=93110
It 1090: fitness=93110
It 1095: fitness=93110
It 1100: fitness=93110
It 1105: fitness=93110
It 1110: fitness=93110
It 1115: fitness=93110
It 1120: fitness=93110
It 1125: fitness=93110
It 1130: fitness=93110
It 1135: fitness=93110
It 1140: fitness=93110
It 1145: fitness=93110
It 1150: fitness=93110
It 1155: fitness=93110
It 1160: fitness=93100
It 1165: fitness=93100
It 1170: fitness=93100
It 1175: fitness=93100
It 1180: fitness=93100
It 1185: fitness=93100
It 1190: fitness=93100
It 1195: fitness=93100
It 1200: fitness=93100
It 1205: fitness=93100
It 1210: fitness=93100
It 1215: fitness=93100
It 1220: fitness=93100
It 1225: fitness=93100
It 1230: fitness=93100
It 1235: fitness=93100
It 1240: fitness=93100
It 1245: fitness=93100
It 1250: fitness=93100
It 1255: fitness=93100
It 1260: fitness=93100
It 1265: fitness=93100
It 1270: fitness=93100
It 1275: fitness=93080
It 1280: fitness=93080
It 1285: fitness=93080
It 1290: fitness=93080
It 1295: fitness=93080
It 1300: fitness=93080
It 1305: fitness=93080
It 1310: fitness=93080
It 1315: fitness=93080
It 1320: fitness=93080
It 1325: fitness=93080
It 1330: fitness=93080
It 1335: fitness=93080
It 1340: fitness=93080
It 1345: fitness=93080
It 1350: fitness=93080
It 1355: fitness=93080
It 1360: fitness=93080
It 1365: fitness=93080
It 1370: fitness=93070
It 1375: fitness=93060
It 1380: fitness=93060
It 1385: fitness=93050
It 1390: fitness=93050
It 1395: fitness=93050
It 1400: fitness=93050
It 1405: fitness=93050
It 1410: fitness=93050
It 1415: fitness=93050
It 1420: fitness=93050
It 1425: fitness=93050
It 1430: fitness=93050
It 1435: fitness=93050
It 1440: fitness=93050
It 1445: fitness=93050
It 1450: fitness=93050
It 1455: fitness=93050
It 1460: fitness=93050
It 1465: fitness=93050
It 1470: fitness=93050
It 1475: fitness=93050
It 1480: fitness=93050
It 1485: fitness=93050
It 1490: fitness=93050
It 1495: fitness=93050
It 1500: fitness=93050
It 1505: fitness=93050
It 1510: fitness=93050
It 1515: fitness=93050
It 1520: fitness=93050
It 1525: fitness=93040
It 1530: fitness=93040
It 1535: fitness=93040
It 1540: fitness=93040
It 1545: fitness=93040
It 1550: fitness=93040
It 1555: fitness=93040
It 1560: fitness=93040
It 1565: fitness=93040
It 1570: fitness=93040
It 1575: fitness=93040
It 1580: fitness=93040
It 1585: fitness=93040
It 1590: fitness=93040
It 1595: fitness=93040
It 1600: fitness=93040
It 1605: fitness=93040
It 1610: fitness=93040
It 1615: fitness=93040
It 1620: fitness=93040
It 1625: fitness=93040
It 1630: fitness=93040
It 1635: fitness=93040
It 1640: fitness=93040
It 1645: fitness=93040
It 1650: fitness=93040
It 1655: fitness=93040
It 1660: fitness=93000
It 1665: fitness=93000
It 1670: fitness=93000
It 1675: fitness=93000
It 1680: fitness=93000
It 1685: fitness=93000
It 1690: fitness=93000
It 1695: fitness=93000
It 1700: fitness=93000
It 1705: fitness=93000
It 1710: fitness=93000
It 1715: fitness=93000
It 1720: fitness=93000
It 1725: fitness=93000
It 1730: fitness=93000
It 1735: fitness=93000
It 1740: fitness=93000
It 1745: fitness=93000
It 1750: fitness=93000
It 1755: fitness=93000
It 1760: fitness=93000
It 1765: fitness=93000
It 1770: fitness=93000
It 1775: fitness=93000
It 1780: fitness=93000
It 1785: fitness=93000
It 1790: fitness=93000
It 1795: fitness=93000
It 1800: fitness=93000
It 1805: fitness=93000
It 1810: fitness=93000
It 1815: fitness=93000
It 1820: fitness=93000
It 1825: fitness=93000
It 1830: fitness=93000
It 1835: fitness=93000
It 1840: fitness=93000
It 1845: fitness=93000
It 1850: fitness=93000
It 1855: fitness=93000
Maximal number of iterations without improvement reached
>> Resamp_Iter 4 negLL: 93002.38 (ref:  101013.9 )
>> Resamp_params: 0.462316 0.4909341 0.4954916 0.5018841 0.607925 0.4780249 0.5324922 0.5013352 0.6247571 0.801044 0.7300491 -39.80851 -44.15872 0.4272625 
>> sd Resamp 5 : 6 35 33 44 38 39 14 33 5 13 28 10 47 27 30 38 31 17 22 28 10 9 8 36 25 5 10 35 29 27 43 44 37 28 10 24 15 5 43 6 23 45 40 45 44 47 21 
>> Opt param @ resamp: 107580.8 
S=17, K=3, p=0.1663, w0=0.7213, w1=0.7213, c.p=1.193, c.g=1.193
v.max=NA, d=3.742, vectorize=FALSE, hybrid=off
It 5: fitness=140300
It 10: fitness=126200
It 15: fitness=126200
It 20: fitness=126200
It 25: fitness=126200
It 30: fitness=124400
It 35: fitness=124400
It 40: fitness=123500
It 45: fitness=123400
It 50: fitness=123400
It 55: fitness=122000
It 60: fitness=117100
It 65: fitness=113300
It 70: fitness=113200
It 75: fitness=113200
It 80: fitness=113000
It 85: fitness=112100
It 90: fitness=109400
It 95: fitness=108500
It 100: fitness=108500
It 105: fitness=108300
It 110: fitness=108300
It 115: fitness=107900
It 120: fitness=107700
It 125: fitness=107700
It 130: fitness=107600
It 135: fitness=107200
It 140: fitness=107200
It 145: fitness=106400
It 150: fitness=105700
It 155: fitness=105600
It 160: fitness=105400
It 165: fitness=105200
It 170: fitness=105200
It 175: fitness=105200
It 180: fitness=105200
It 185: fitness=105100
It 190: fitness=105100
It 195: fitness=105000
It 200: fitness=105000
It 205: fitness=105000
It 210: fitness=105000
It 215: fitness=105000
It 220: fitness=105000
It 225: fitness=105000
It 230: fitness=105000
It 235: fitness=104900
It 240: fitness=104900
It 245: fitness=104900
It 250: fitness=104900
It 255: fitness=104900
It 260: fitness=104900
It 265: fitness=104900
It 270: fitness=104900
It 275: fitness=104900
It 280: fitness=104900
It 285: fitness=104900
It 290: fitness=104900
It 295: fitness=104900
It 300: fitness=104900
It 305: fitness=104900
It 310: fitness=104900
It 315: fitness=104900
It 320: fitness=104900
It 325: fitness=104900
It 330: fitness=104800
It 335: fitness=104800
It 340: fitness=104800
It 345: fitness=104800
It 350: fitness=104800
It 355: fitness=104800
It 360: fitness=104800
It 365: fitness=104800
It 370: fitness=104800
It 375: fitness=104800
It 380: fitness=104800
It 385: fitness=104800
It 390: fitness=104800
It 395: fitness=104800
It 400: fitness=104800
It 405: fitness=104700
It 410: fitness=104700
It 415: fitness=104700
It 420: fitness=104700
It 425: fitness=104700
It 430: fitness=104700
It 435: fitness=104700
It 440: fitness=104700
It 445: fitness=104700
It 450: fitness=104700
It 455: fitness=104700
It 460: fitness=104700
It 465: fitness=104700
It 470: fitness=104700
It 475: fitness=104700
It 480: fitness=104700
It 485: fitness=104700
It 490: fitness=104700
It 495: fitness=104700
It 500: fitness=104700
It 505: fitness=104700
It 510: fitness=104700
It 515: fitness=104700
It 520: fitness=104700
It 525: fitness=104700
It 530: fitness=104700
It 535: fitness=104700
It 540: fitness=104700
It 545: fitness=104700
It 550: fitness=104700
It 555: fitness=104700
It 560: fitness=104700
It 565: fitness=104700
It 570: fitness=104700
It 575: fitness=104700
It 580: fitness=104700
It 585: fitness=104700
It 590: fitness=104700
It 595: fitness=104700
It 600: fitness=104700
It 605: fitness=104700
It 610: fitness=104700
It 615: fitness=104700
It 620: fitness=104700
It 625: fitness=104700
It 630: fitness=104700
It 635: fitness=104700
It 640: fitness=104700
It 645: fitness=104700
It 650: fitness=104700
It 655: fitness=104700
It 660: fitness=104700
It 665: fitness=104700
It 670: fitness=104700
It 675: fitness=104700
It 680: fitness=104700
Maximal number of iterations without improvement reached
>> Resamp_Iter 5 negLL: 104744.7 (ref:  107580.8 )
>> Resamp_params: 0.4839176 0.5040017 0.4982148 0.5131879 0.5884418 0.4965556 0.5356433 0.5543485 0.6182031 0.8232159 0.6029659 -33.03963 -40.83181 0.4231663 
>> sd Resamp 6 : 21 15 26 47 24 7 10 1 3 1 20 29 6 9 35 41 25 2 2 38 5 24 31 45 44 12 40 6 26 22 4 5 1 34 35 26 15 36 32 20 41 18 17 34 36 23 25 
>> Opt param @ resamp: 77379.84 
S=17, K=3, p=0.1663, w0=0.7213, w1=0.7213, c.p=1.193, c.g=1.193
v.max=NA, d=3.742, vectorize=FALSE, hybrid=off
It 5: fitness=113400
It 10: fitness=113400
It 15: fitness=113400
It 20: fitness=107400
It 25: fitness=92140
It 30: fitness=92140
It 35: fitness=85100
It 40: fitness=84410
It 45: fitness=84410
It 50: fitness=84410
It 55: fitness=84400
It 60: fitness=84400
It 65: fitness=84400
It 70: fitness=84400
It 75: fitness=84400
It 80: fitness=84400
It 85: fitness=84400
It 90: fitness=84400
It 95: fitness=84400
It 100: fitness=84400
It 105: fitness=84400
It 110: fitness=81690
It 115: fitness=79740
It 120: fitness=79650
It 125: fitness=79430
It 130: fitness=79360
It 135: fitness=79340
It 140: fitness=79140
It 145: fitness=79140
It 150: fitness=79130
It 155: fitness=79130
It 160: fitness=79130
It 165: fitness=79110
It 170: fitness=79110
It 175: fitness=79110
It 180: fitness=78820
It 185: fitness=78820
It 190: fitness=78810
It 195: fitness=78780
It 200: fitness=78220
It 205: fitness=78220
It 210: fitness=78220
It 215: fitness=77930
It 220: fitness=77740
It 225: fitness=77740
It 230: fitness=77740
It 235: fitness=77680
It 240: fitness=77480
It 245: fitness=77440
It 250: fitness=77440
It 255: fitness=77440
It 260: fitness=77410
It 265: fitness=77410
It 270: fitness=77410
It 275: fitness=77410
It 280: fitness=77400
It 285: fitness=77400
It 290: fitness=77400
It 295: fitness=77310
It 300: fitness=77310
It 305: fitness=77260
It 310: fitness=76920
It 315: fitness=76860
It 320: fitness=76860
It 325: fitness=76840
It 330: fitness=76840
It 335: fitness=76840
It 340: fitness=76840
It 345: fitness=76820
It 350: fitness=76820
It 355: fitness=76780
It 360: fitness=76770
It 365: fitness=76750
It 370: fitness=76750
It 375: fitness=76750
It 380: fitness=76750
It 385: fitness=76750
It 390: fitness=76750
It 395: fitness=76750
It 400: fitness=76710
It 405: fitness=76660
It 410: fitness=76610
It 415: fitness=76610
It 420: fitness=76600
It 425: fitness=76590
It 430: fitness=76560
It 435: fitness=76530
It 440: fitness=76530
It 445: fitness=76530
It 450: fitness=76530
It 455: fitness=76530
It 460: fitness=76520
It 465: fitness=76520
It 470: fitness=76500
It 475: fitness=76500
It 480: fitness=76500
It 485: fitness=76500
It 490: fitness=76430
It 495: fitness=76430
It 500: fitness=76420
It 505: fitness=76390
It 510: fitness=76390
It 515: fitness=76350
It 520: fitness=76350
It 525: fitness=76340
It 530: fitness=76340
It 535: fitness=76310
It 540: fitness=76310
It 545: fitness=76300
It 550: fitness=76260
It 555: fitness=76260
It 560: fitness=76250
It 565: fitness=76250
It 570: fitness=76240
It 575: fitness=76220
It 580: fitness=76210
It 585: fitness=76190
It 590: fitness=76190
It 595: fitness=76190
It 600: fitness=76190
It 605: fitness=76190
It 610: fitness=76190
It 615: fitness=76190
It 620: fitness=76190
It 625: fitness=76170
It 630: fitness=76170
It 635: fitness=76170
It 640: fitness=76170
It 645: fitness=76170
It 650: fitness=76170
It 655: fitness=76170
It 660: fitness=76170
It 665: fitness=76170
It 670: fitness=76170
It 675: fitness=76170
It 680: fitness=76170
It 685: fitness=76170
It 690: fitness=76170
It 695: fitness=76150
It 700: fitness=76150
It 705: fitness=76150
It 710: fitness=76150
It 715: fitness=76150
It 720: fitness=76150
It 725: fitness=76150
It 730: fitness=76150
It 735: fitness=76150
It 740: fitness=76150
It 745: fitness=76150
It 750: fitness=76150
It 755: fitness=76120
It 760: fitness=76120
It 765: fitness=76120
It 770: fitness=76100
It 775: fitness=76100
It 780: fitness=76100
It 785: fitness=76100
It 790: fitness=76100
It 795: fitness=76100
It 800: fitness=76100
It 805: fitness=76100
It 810: fitness=76100
It 815: fitness=76100
It 820: fitness=76080
It 825: fitness=76080
It 830: fitness=76080
It 835: fitness=76080
It 840: fitness=76080
It 845: fitness=76080
It 850: fitness=76080
It 855: fitness=76080
It 860: fitness=76080
It 865: fitness=76080
It 870: fitness=76080
It 875: fitness=76080
It 880: fitness=76080
It 885: fitness=76080
It 890: fitness=76080
It 895: fitness=76080
It 900: fitness=76080
It 905: fitness=76080
It 910: fitness=76080
It 915: fitness=76080
It 920: fitness=76080
It 925: fitness=76080
It 930: fitness=76080
It 935: fitness=76080
It 940: fitness=76080
It 945: fitness=76080
It 950: fitness=76080
It 955: fitness=76080
It 960: fitness=76080
It 965: fitness=76080
It 970: fitness=76080
It 975: fitness=76080
It 980: fitness=76080
It 985: fitness=76080
It 990: fitness=76080
It 995: fitness=76080
It 1000: fitness=76080
It 1005: fitness=76080
It 1010: fitness=76080
It 1015: fitness=76080
Maximal number of iterations without improvement reached
>> Resamp_Iter 6 negLL: 76081.37 (ref:  77379.84 )
>> Resamp_params: 0.5059039 0.5023219 0.5035074 0.458875 0.5997712 0.477283 0.522024 0.5097073 0.4039972 0.8385231 0.6000305 -15.40387 -13.13652 0.3002196 
>> sd Resamp 7 : 5 46 25 12 26 39 24 11 12 15 34 9 7 36 37 40 31 47 2 23 40 45 14 40 43 31 16 29 15 40 38 9 17 4 31 10 42 15 16 15 16 43 3 4 23 25 46 
>> Opt param @ resamp: 83380.78 
S=17, K=3, p=0.1663, w0=0.7213, w1=0.7213, c.p=1.193, c.g=1.193
v.max=NA, d=3.742, vectorize=FALSE, hybrid=off
It 5: fitness=127500
It 10: fitness=120200
It 15: fitness=107200
It 20: fitness=107200
It 25: fitness=105600
It 30: fitness=94890
It 35: fitness=92960
It 40: fitness=92600
It 45: fitness=92590
It 50: fitness=92500
It 55: fitness=91300
It 60: fitness=91110
It 65: fitness=89500
It 70: fitness=89160
It 75: fitness=88440
It 80: fitness=87960
It 85: fitness=87960
It 90: fitness=87070
It 95: fitness=87070
It 100: fitness=87050
It 105: fitness=86940
It 110: fitness=86880
It 115: fitness=86790
It 120: fitness=86740
It 125: fitness=86560
It 130: fitness=86190
It 135: fitness=86050
It 140: fitness=86050
It 145: fitness=86050
It 150: fitness=86050
It 155: fitness=86050
It 160: fitness=85790
It 165: fitness=85780
It 170: fitness=85720
It 175: fitness=85660
It 180: fitness=85660
It 185: fitness=85610
It 190: fitness=85590
It 195: fitness=85550
It 200: fitness=85550
It 205: fitness=85500
It 210: fitness=85500
It 215: fitness=85500
It 220: fitness=85480
It 225: fitness=85470
It 230: fitness=85470
It 235: fitness=85450
It 240: fitness=85450
It 245: fitness=85390
It 250: fitness=85320
It 255: fitness=85320
It 260: fitness=85300
It 265: fitness=85300
It 270: fitness=85300
It 275: fitness=85290
It 280: fitness=85290
It 285: fitness=85280
It 290: fitness=85280
It 295: fitness=85280
It 300: fitness=85280
It 305: fitness=85280
It 310: fitness=85270
It 315: fitness=85270
It 320: fitness=85270
It 325: fitness=85270
It 330: fitness=85270
It 335: fitness=85270
It 340: fitness=85270
It 345: fitness=85270
It 350: fitness=85270
It 355: fitness=85270
It 360: fitness=85260
It 365: fitness=85250
It 370: fitness=85250
It 375: fitness=85250
It 380: fitness=85250
It 385: fitness=85250
It 390: fitness=85250
It 395: fitness=85230
It 400: fitness=85230
It 405: fitness=85230
It 410: fitness=85230
It 415: fitness=85230
It 420: fitness=85230
It 425: fitness=85230
It 430: fitness=85230
It 435: fitness=85230
It 440: fitness=85230
It 445: fitness=85230
It 450: fitness=85230
It 455: fitness=85230
It 460: fitness=85230
It 465: fitness=85230
It 470: fitness=85220
It 475: fitness=85220
It 480: fitness=85220
It 485: fitness=85220
It 490: fitness=85220
It 495: fitness=85220
It 500: fitness=85220
It 505: fitness=85210
It 510: fitness=85210
It 515: fitness=85210
It 520: fitness=85210
It 525: fitness=85210
It 530: fitness=85210
It 535: fitness=85190
It 540: fitness=85190
It 545: fitness=85190
It 550: fitness=85190
It 555: fitness=85190
It 560: fitness=85190
It 565: fitness=85190
It 570: fitness=85190
It 575: fitness=85190
It 580: fitness=85190
It 585: fitness=85190
It 590: fitness=85190
It 595: fitness=85190
It 600: fitness=85190
It 605: fitness=85190
It 610: fitness=85190
It 615: fitness=85190
It 620: fitness=85190
It 625: fitness=85190
It 630: fitness=85190
It 635: fitness=85190
It 640: fitness=85190
It 645: fitness=85190
It 650: fitness=85190
It 655: fitness=85190
It 660: fitness=85190
It 665: fitness=85190
It 670: fitness=85190
It 675: fitness=85190
It 680: fitness=85190
It 685: fitness=85190
It 690: fitness=85190
It 695: fitness=85190
It 700: fitness=85190
It 705: fitness=85190
It 710: fitness=85190
It 715: fitness=85190
It 720: fitness=85190
It 725: fitness=85190
It 730: fitness=85190
It 735: fitness=85190
It 740: fitness=85190
It 745: fitness=85190
It 750: fitness=85190
It 755: fitness=85190
It 760: fitness=85190
It 765: fitness=85190
It 770: fitness=85190
It 775: fitness=85190
It 780: fitness=85190
It 785: fitness=85190
It 790: fitness=85180
It 795: fitness=85180
It 800: fitness=85170
It 805: fitness=85170
It 810: fitness=85170
It 815: fitness=85170
It 820: fitness=85170
It 825: fitness=85170
It 830: fitness=85170
It 835: fitness=85170
It 840: fitness=85170
It 845: fitness=85170
It 850: fitness=85170
It 855: fitness=85170
It 860: fitness=85170
It 865: fitness=85170
It 870: fitness=85170
It 875: fitness=85170
It 880: fitness=85170
It 885: fitness=85170
It 890: fitness=85170
It 895: fitness=85170
It 900: fitness=85170
It 905: fitness=85170
It 910: fitness=85170
It 915: fitness=85170
It 920: fitness=85170
It 925: fitness=85170
It 930: fitness=85170
It 935: fitness=85170
It 940: fitness=85170
It 945: fitness=85170
It 950: fitness=85170
It 955: fitness=85170
It 960: fitness=85170
It 965: fitness=85170
It 970: fitness=85170
It 975: fitness=85170
It 980: fitness=85170
It 985: fitness=85170
It 990: fitness=85170
It 995: fitness=85170
It 1000: fitness=85170
It 1005: fitness=85170
It 1010: fitness=85170
It 1015: fitness=85170
It 1020: fitness=85170
It 1025: fitness=85170
It 1030: fitness=85170
It 1035: fitness=85170
It 1040: fitness=85170
It 1045: fitness=85170
It 1050: fitness=85170
It 1055: fitness=85170
It 1060: fitness=85170
It 1065: fitness=85170
It 1070: fitness=85170
It 1075: fitness=85170
It 1080: fitness=85170
It 1085: fitness=85170
It 1090: fitness=85170
It 1095: fitness=85170
It 1100: fitness=85170
It 1105: fitness=85170
It 1110: fitness=85170
It 1115: fitness=85170
It 1120: fitness=85170
It 1125: fitness=85170
It 1130: fitness=85170
It 1135: fitness=85170
It 1140: fitness=85170
It 1145: fitness=85170
It 1150: fitness=85170
It 1155: fitness=85170
It 1160: fitness=85170
It 1165: fitness=85170
It 1170: fitness=85170
It 1175: fitness=85170
It 1180: fitness=85170
It 1185: fitness=85170
Maximal number of iterations without improvement reached
>> Resamp_Iter 7 negLL: 85170.36 (ref:  83380.78 )
>> Resamp_params: 0.5424878 0.5717168 0.5525865 0.5202811 0.5078789 0.6470716 0.5703372 0.6959681 0.5919096 1.048131 0.6005182 -86.9222 -52.07851 0.2975308 
>> sd Resamp 8 : 24 13 2 31 15 46 47 18 11 11 11 23 46 19 21 47 2 19 7 2 4 3 39 1 11 1 31 23 30 45 31 12 8 37 24 47 27 19 18 39 25 20 2 7 33 13 22 
>> Opt param @ resamp: 97455.51 
S=17, K=3, p=0.1663, w0=0.7213, w1=0.7213, c.p=1.193, c.g=1.193
v.max=NA, d=3.742, vectorize=FALSE, hybrid=off
It 5: fitness=125800
It 10: fitness=125800
It 15: fitness=122900
It 20: fitness=111400
It 25: fitness=111000
It 30: fitness=110900
It 35: fitness=110800
It 40: fitness=110800
It 45: fitness=110800
It 50: fitness=110800
It 55: fitness=110800
It 60: fitness=110800
It 65: fitness=110800
It 70: fitness=110800
It 75: fitness=110800
It 80: fitness=110800
It 85: fitness=110800
It 90: fitness=110800
It 95: fitness=110800
It 100: fitness=110800
It 105: fitness=110800
It 110: fitness=110800
It 115: fitness=110800
It 120: fitness=110800
It 125: fitness=110800
It 130: fitness=110800
It 135: fitness=110800
It 140: fitness=107200
It 145: fitness=107200
It 150: fitness=107200
It 155: fitness=102700
It 160: fitness=102700
It 165: fitness=102600
It 170: fitness=102600
It 175: fitness=102600
It 180: fitness=102600
It 185: fitness=102600
It 190: fitness=102600
It 195: fitness=102600
It 200: fitness=102600
It 205: fitness=102100
It 210: fitness=101900
It 215: fitness=101900
It 220: fitness=101700
It 225: fitness=101200
It 230: fitness=101100
It 235: fitness=100800
It 240: fitness=100400
It 245: fitness=100400
It 250: fitness=100300
It 255: fitness=100100
It 260: fitness=1e+05
It 265: fitness=99870
It 270: fitness=99720
It 275: fitness=99640
It 280: fitness=99600
It 285: fitness=99330
It 290: fitness=99150
It 295: fitness=98940
It 300: fitness=98920
It 305: fitness=98820
It 310: fitness=98820
It 315: fitness=98760
It 320: fitness=98660
It 325: fitness=98640
It 330: fitness=98640
It 335: fitness=98540
It 340: fitness=98540
It 345: fitness=98540
It 350: fitness=98540
It 355: fitness=98540
It 360: fitness=98540
It 365: fitness=98540
It 370: fitness=98540
It 375: fitness=98530
It 380: fitness=98530
It 385: fitness=98520
It 390: fitness=98520
It 395: fitness=98490
It 400: fitness=98450
It 405: fitness=98430
It 410: fitness=98350
It 415: fitness=98350
It 420: fitness=98350
It 425: fitness=98350
It 430: fitness=98350
It 435: fitness=98290
It 440: fitness=98200
It 445: fitness=98170
It 450: fitness=98170
It 455: fitness=98170
It 460: fitness=98170
It 465: fitness=98170
It 470: fitness=98170
It 475: fitness=98090
It 480: fitness=98090
It 485: fitness=98090
It 490: fitness=98070
It 495: fitness=98070
It 500: fitness=98070
It 505: fitness=98070
It 510: fitness=98070
It 515: fitness=98070
It 520: fitness=98040
It 525: fitness=98040
It 530: fitness=98040
It 535: fitness=98040
It 540: fitness=98040
It 545: fitness=98040
It 550: fitness=98040
It 555: fitness=98020
It 560: fitness=98020
It 565: fitness=98020
It 570: fitness=97990
It 575: fitness=97990
It 580: fitness=97990
It 585: fitness=97990
It 590: fitness=97980
It 595: fitness=97980
It 600: fitness=97980
It 605: fitness=97980
It 610: fitness=97980
It 615: fitness=97980
It 620: fitness=97980
It 625: fitness=97980
It 630: fitness=97980
It 635: fitness=97980
It 640: fitness=97980
It 645: fitness=97980
It 650: fitness=97980
It 655: fitness=97980
It 660: fitness=97980
It 665: fitness=97920
It 670: fitness=97920
It 675: fitness=97920
It 680: fitness=97920
It 685: fitness=97920
It 690: fitness=97920
It 695: fitness=97920
It 700: fitness=97920
It 705: fitness=97920
It 710: fitness=97920
It 715: fitness=97920
It 720: fitness=97920
It 725: fitness=97920
It 730: fitness=97920
It 735: fitness=97920
It 740: fitness=97920
It 745: fitness=97920
It 750: fitness=97920
It 755: fitness=97920
It 760: fitness=97920
It 765: fitness=97920
It 770: fitness=97920
It 775: fitness=97920
It 780: fitness=97920
It 785: fitness=97920
It 790: fitness=97920
It 795: fitness=97920
It 800: fitness=97920
It 805: fitness=97920
It 810: fitness=97920
It 815: fitness=97920
It 820: fitness=97920
It 825: fitness=97920
It 830: fitness=97920
It 835: fitness=97920
It 840: fitness=97920
It 845: fitness=97910
It 850: fitness=97910
It 855: fitness=97910
It 860: fitness=97910
It 865: fitness=97910
It 870: fitness=97910
It 875: fitness=97910
It 880: fitness=97910
It 885: fitness=97910
It 890: fitness=97910
It 895: fitness=97910
It 900: fitness=97910
It 905: fitness=97910
It 910: fitness=97910
It 915: fitness=97910
It 920: fitness=97910
It 925: fitness=97910
It 930: fitness=97910
It 935: fitness=97910
It 940: fitness=97910
It 945: fitness=97910
It 950: fitness=97910
It 955: fitness=97910
It 960: fitness=97910
It 965: fitness=97910
It 970: fitness=97910
It 975: fitness=97910
It 980: fitness=97910
It 985: fitness=97910
It 990: fitness=97910
It 995: fitness=97910
It 1000: fitness=97910
It 1005: fitness=97910
It 1010: fitness=97910
It 1015: fitness=97910
It 1020: fitness=97910
It 1025: fitness=97910
It 1030: fitness=97910
It 1035: fitness=97910
It 1040: fitness=97910
Maximal number of iterations without improvement reached
>> Resamp_Iter 8 negLL: 97914.1 (ref:  97455.51 )
>> Resamp_params: 0.6747778 0.4712829 0.673517 0.6991026 0.571411 0.4600769 0.5021881 0.6542337 0.6456221 0.9295889 0.6 -21.48756 -141.5574 0.4555529 
>> sd Resamp 9 : 43 20 2 7 9 36 15 36 4 18 27 13 14 45 5 28 29 18 42 42 40 6 18 11 16 24 33 12 27 26 26 23 36 9 8 41 40 23 20 11 26 21 18 4 45 47 11 
>> Opt param @ resamp: 105183.2 
S=17, K=3, p=0.1663, w0=0.7213, w1=0.7213, c.p=1.193, c.g=1.193
v.max=NA, d=3.742, vectorize=FALSE, hybrid=off
It 5: fitness=162300
It 10: fitness=152900
It 15: fitness=150400
It 20: fitness=149700
It 25: fitness=149200
It 30: fitness=149200
It 35: fitness=143900
It 40: fitness=143900
It 45: fitness=138900
It 50: fitness=127600
It 55: fitness=124600
It 60: fitness=123100
It 65: fitness=122600
It 70: fitness=122600
It 75: fitness=122200
It 80: fitness=121900
It 85: fitness=121800
It 90: fitness=121000
It 95: fitness=119800
It 100: fitness=118800
It 105: fitness=118600
It 110: fitness=118000
It 115: fitness=117700
It 120: fitness=117200
It 125: fitness=116400
It 130: fitness=116000
It 135: fitness=115900
It 140: fitness=115000
It 145: fitness=114400
It 150: fitness=113800
It 155: fitness=113500
It 160: fitness=113300
It 165: fitness=113000
It 170: fitness=112700
It 175: fitness=112500
It 180: fitness=112200
It 185: fitness=111700
It 190: fitness=110700
It 195: fitness=109500
It 200: fitness=109000
It 205: fitness=107800
It 210: fitness=107800
It 215: fitness=107100
It 220: fitness=105800
It 225: fitness=105500
It 230: fitness=105300
It 235: fitness=105200
It 240: fitness=105200
It 245: fitness=105000
It 250: fitness=105000
It 255: fitness=104700
It 260: fitness=104400
It 265: fitness=104300
It 270: fitness=104300
It 275: fitness=104200
It 280: fitness=104000
It 285: fitness=104000
It 290: fitness=104000
It 295: fitness=104000
It 300: fitness=103900
It 305: fitness=103900
It 310: fitness=103900
It 315: fitness=103800
It 320: fitness=103600
It 325: fitness=103600
It 330: fitness=103500
It 335: fitness=103500
It 340: fitness=103400
It 345: fitness=103400
It 350: fitness=103400
It 355: fitness=103400
It 360: fitness=103400
It 365: fitness=103400
It 370: fitness=103400
It 375: fitness=103300
It 380: fitness=103300
It 385: fitness=103300
It 390: fitness=103300
It 395: fitness=103300
It 400: fitness=103300
It 405: fitness=103300
It 410: fitness=103200
It 415: fitness=103200
It 420: fitness=103200
It 425: fitness=103200
It 430: fitness=103200
It 435: fitness=103200
It 440: fitness=103200
It 445: fitness=103200
It 450: fitness=103200
It 455: fitness=103200
It 460: fitness=103200
It 465: fitness=103200
It 470: fitness=103200
It 475: fitness=103200
It 480: fitness=103200
It 485: fitness=103200
It 490: fitness=103200
It 495: fitness=103100
It 500: fitness=103100
It 505: fitness=103100
It 510: fitness=103100
It 515: fitness=103100
It 520: fitness=103100
It 525: fitness=103100
It 530: fitness=103100
It 535: fitness=103000
It 540: fitness=103000
It 545: fitness=103000
It 550: fitness=103000
It 555: fitness=103000
It 560: fitness=103000
It 565: fitness=103000
It 570: fitness=102900
It 575: fitness=102900
It 580: fitness=102900
It 585: fitness=102900
It 590: fitness=102900
It 595: fitness=102900
It 600: fitness=102900
It 605: fitness=102900
It 610: fitness=102900
It 615: fitness=102900
It 620: fitness=102900
It 625: fitness=102900
It 630: fitness=102900
It 635: fitness=102900
It 640: fitness=102900
It 645: fitness=102900
It 650: fitness=102800
It 655: fitness=102800
It 660: fitness=102800
It 665: fitness=102800
It 670: fitness=102800
It 675: fitness=102800
It 680: fitness=102800
It 685: fitness=102800
It 690: fitness=102800
It 695: fitness=102800
It 700: fitness=102800
It 705: fitness=102800
It 710: fitness=102800
It 715: fitness=102800
It 720: fitness=102800
It 725: fitness=102800
It 730: fitness=102800
It 735: fitness=102800
It 740: fitness=102800
It 745: fitness=102800
It 750: fitness=102800
It 755: fitness=102800
It 760: fitness=102800
It 765: fitness=102800
It 770: fitness=102800
It 775: fitness=102800
It 780: fitness=102800
It 785: fitness=102800
It 790: fitness=102800
It 795: fitness=102800
It 800: fitness=102800
It 805: fitness=102800
It 810: fitness=102800
It 815: fitness=102800
It 820: fitness=102800
It 825: fitness=102800
It 830: fitness=102800
It 835: fitness=102800
It 840: fitness=102800
It 845: fitness=102800
It 850: fitness=102800
It 855: fitness=102800
It 860: fitness=102800
It 865: fitness=102800
It 870: fitness=102800
It 875: fitness=102800
It 880: fitness=102800
It 885: fitness=102800
It 890: fitness=102800
It 895: fitness=102800
It 900: fitness=102700
It 905: fitness=102700
It 910: fitness=102700
It 915: fitness=102700
It 920: fitness=102700
It 925: fitness=102700
It 930: fitness=102700
It 935: fitness=102700
It 940: fitness=102700
It 945: fitness=102700
It 950: fitness=102700
It 955: fitness=102700
It 960: fitness=102700
It 965: fitness=102700
It 970: fitness=102700
It 975: fitness=102700
It 980: fitness=102700
It 985: fitness=102700
It 990: fitness=102700
It 995: fitness=102700
It 1000: fitness=102700
It 1005: fitness=102700
It 1010: fitness=102700
It 1015: fitness=102700
It 1020: fitness=102700
It 1025: fitness=102700
It 1030: fitness=102700
It 1035: fitness=102700
It 1040: fitness=102700
It 1045: fitness=102700
It 1050: fitness=102700
It 1055: fitness=102700
It 1060: fitness=102700
It 1065: fitness=102700
It 1070: fitness=102700
It 1075: fitness=102700
It 1080: fitness=102700
It 1085: fitness=102700
It 1090: fitness=102700
It 1095: fitness=102700
It 1100: fitness=102700
It 1105: fitness=102700
It 1110: fitness=102700
It 1115: fitness=102700
It 1120: fitness=102700
It 1125: fitness=102700
It 1130: fitness=102700
It 1135: fitness=102700
It 1140: fitness=102700
It 1145: fitness=102700
It 1150: fitness=102700
It 1155: fitness=102700
It 1160: fitness=102700
It 1165: fitness=102700
It 1170: fitness=102700
It 1175: fitness=102700
It 1180: fitness=102700
It 1185: fitness=102700
It 1190: fitness=102700
It 1195: fitness=102700
It 1200: fitness=102700
It 1205: fitness=102700
It 1210: fitness=102700
It 1215: fitness=102700
It 1220: fitness=102700
It 1225: fitness=102700
It 1230: fitness=102700
It 1235: fitness=102700
It 1240: fitness=102700
It 1245: fitness=102700
It 1250: fitness=102700
It 1255: fitness=102700
It 1260: fitness=102700
It 1265: fitness=102700
It 1270: fitness=102700
It 1275: fitness=102700
It 1280: fitness=102700
It 1285: fitness=102700
It 1290: fitness=102700
Maximal number of iterations without improvement reached
>> Resamp_Iter 9 negLL: 102717.5 (ref:  105183.2 )
>> Resamp_params: 0.4861026 0.4889958 0.4760382 0.4530343 0.5967304 0.4713368 0.5034584 0.5153173 0.6505507 0.8321989 0.6392293 -24.65504 -19.49588 0.3545153 
>> sd Resamp 10 : 32 29 40 13 7 5 41 21 13 33 45 25 17 9 37 7 40 45 3 12 40 25 12 7 26 10 34 23 10 34 29 23 3 14 1 27 43 33 19 37 31 12 14 39 30 1 10 
>> Opt param @ resamp: 114781.1 
S=17, K=3, p=0.1663, w0=0.7213, w1=0.7213, c.p=1.193, c.g=1.193
v.max=NA, d=3.742, vectorize=FALSE, hybrid=off
It 5: fitness=142900
It 10: fitness=141100
It 15: fitness=136800
It 20: fitness=134200
It 25: fitness=133900
It 30: fitness=129700
It 35: fitness=129300
It 40: fitness=129100
It 45: fitness=129100
It 50: fitness=129100
It 55: fitness=122200
It 60: fitness=122000
It 65: fitness=121900
It 70: fitness=118900
It 75: fitness=116500
It 80: fitness=116100
It 85: fitness=116100
It 90: fitness=116100
It 95: fitness=116100
It 100: fitness=116100
It 105: fitness=116100
It 110: fitness=115200
It 115: fitness=115200
It 120: fitness=115000
It 125: fitness=114300
It 130: fitness=114200
It 135: fitness=114100
It 140: fitness=114100
It 145: fitness=114000
It 150: fitness=113800
It 155: fitness=113700
It 160: fitness=113400
It 165: fitness=113400
It 170: fitness=113400
It 175: fitness=113200
It 180: fitness=113200
It 185: fitness=113200
It 190: fitness=113100
It 195: fitness=113000
It 200: fitness=112900
It 205: fitness=112900
It 210: fitness=112900
It 215: fitness=112900
It 220: fitness=112800
It 225: fitness=112800
It 230: fitness=112800
It 235: fitness=112800
It 240: fitness=112800
It 245: fitness=112700
It 250: fitness=112700
It 255: fitness=112700
It 260: fitness=112700
It 265: fitness=112700
It 270: fitness=112700
It 275: fitness=112700
It 280: fitness=112700
It 285: fitness=112700
It 290: fitness=112700
It 295: fitness=112700
It 300: fitness=112700
It 305: fitness=112700
It 310: fitness=112700
It 315: fitness=112600
It 320: fitness=112600
It 325: fitness=112600
It 330: fitness=112600
It 335: fitness=112600
It 340: fitness=112600
It 345: fitness=112600
It 350: fitness=112600
It 355: fitness=112600
It 360: fitness=112600
It 365: fitness=112600
It 370: fitness=112600
It 375: fitness=112600
It 380: fitness=112600
It 385: fitness=112600
It 390: fitness=112600
It 395: fitness=112600
It 400: fitness=112600
It 405: fitness=112600
It 410: fitness=112600
It 415: fitness=112600
It 420: fitness=112600
It 425: fitness=112600
It 430: fitness=112600
It 435: fitness=112600
It 440: fitness=112600
It 445: fitness=112600
It 450: fitness=112600
It 455: fitness=112600
It 460: fitness=112600
It 465: fitness=112600
It 470: fitness=112600
It 475: fitness=112600
It 480: fitness=112600
It 485: fitness=112600
It 490: fitness=112600
It 495: fitness=112600
It 500: fitness=112600
It 505: fitness=112600
It 510: fitness=112600
It 515: fitness=112600
It 520: fitness=112600
It 525: fitness=112600
It 530: fitness=112600
It 535: fitness=112600
It 540: fitness=112600
It 545: fitness=112600
It 550: fitness=112600
It 555: fitness=112600
It 560: fitness=112600
It 565: fitness=112600
It 570: fitness=112600
It 575: fitness=112600
It 580: fitness=112600
It 585: fitness=112600
It 590: fitness=112600
It 595: fitness=112600
It 600: fitness=112600
It 605: fitness=112600
It 610: fitness=112600
It 615: fitness=112600
It 620: fitness=112600
It 625: fitness=112600
It 630: fitness=112600
It 635: fitness=112600
It 640: fitness=112600
It 645: fitness=112600
It 650: fitness=112600
It 655: fitness=112600
It 660: fitness=112600
It 665: fitness=112600
It 670: fitness=112600
It 675: fitness=112600
It 680: fitness=112600
It 685: fitness=112600
It 690: fitness=112600
It 695: fitness=112600
It 700: fitness=112600
It 705: fitness=112600
It 710: fitness=112600
It 715: fitness=112600
It 720: fitness=112600
It 725: fitness=112600
It 730: fitness=112600
It 735: fitness=112600
It 740: fitness=112600
It 745: fitness=112600
It 750: fitness=112600
It 755: fitness=112600
It 760: fitness=112600
It 765: fitness=112600
It 770: fitness=112600
It 775: fitness=112600
It 780: fitness=112600
It 785: fitness=112600
It 790: fitness=112600
It 795: fitness=112600
It 800: fitness=112600
It 805: fitness=112600
It 810: fitness=112600
It 815: fitness=112600
It 820: fitness=112600
It 825: fitness=112600
It 830: fitness=112600
It 835: fitness=112600
It 840: fitness=112600
It 845: fitness=112600
It 850: fitness=112600
It 855: fitness=112600
It 860: fitness=112600
It 865: fitness=112600
It 870: fitness=112600
It 875: fitness=112600
It 880: fitness=112600
It 885: fitness=112600
It 890: fitness=112600
It 895: fitness=112600
Maximal number of iterations without improvement reached
>> Resamp_Iter 10 negLL: 112557.6 (ref:  114781.1 )
>> Resamp_params: 0.484362 0.6468372 0.5066016 0.4849677 0.613696 0.48665 0.5091591 0.5133435 0.6277854 0.8029562 0.6358079 -22.2183 -22.44206 0.3744494 
