fit_results/data/all_states.list_sd_03150903.log>>> Loading state data: AL <<<
>>> Loading state data: AR <<<
>>> Loading state data: AZ <<<
>>> Loading state data: CA <<<
>>> Loading state data: CO <<<
>>> Loading state data: CT <<<
>>> Loading state data: DC <<<
>>> Loading state data: DE <<<
>>> Loading state data: FL <<<
>>> Loading state data: GA <<<
>>> Loading state data: IA <<<
>>> Loading state data: ID <<<
>>> Loading state data: IL <<<
>>> Loading state data: IN <<<
>>> Loading state data: KS <<<
>>> Loading state data: KY <<<
>>> Loading state data: LA <<<
>>> Loading state data: MA <<<
>>> Loading state data: MD <<<
>>> Loading state data: ME <<<
>>> Loading state data: MI <<<
>>> Loading state data: MN <<<
>>> Loading state data: MO <<<
>>> Loading state data: MS <<<
>>> Loading state data: MT <<<
>>> Loading state data: NC <<<
>>> Loading state data: ND <<<
>>> Loading state data: NE <<<
>>> Loading state data: NH <<<
>>> Loading state data: NJ <<<
>>> Loading state data: NM <<<
>>> Loading state data: NV <<<
>>> Loading state data: NY <<<
>>> Loading state data: OH <<<
>>> Loading state data: OK <<<
>>> Loading state data: OR <<<
>>> Loading state data: PA <<<
>>> Loading state data: RI <<<
>>> Loading state data: SC <<<
>>> Loading state data: SD <<<
>>> Loading state data: TN <<<
>>> Loading state data: TX <<<
>>> Loading state data: UT <<<
>>> Loading state data: VA <<<
>>> Loading state data: WA <<<
>>> Loading state data: WI <<<
>>> Loading state data: WV <<<
 [1]   0.5000000   0.5000000   0.5000000   0.5000000   0.5000000   0.5000000
 [7]   0.5000000   0.5000000   0.5000000   0.8262688   0.6006879 -16.0066679
[13] -26.4593566   0.3891786
96 cores seen; limit to 24 cores
>> sd Resamp 1 : 7 27 38 36 19 26 8 46 27 35 32 41 37 6 26 6 22 37 31 14 30 26 9 29 11 15 39 23 23 41 27 13 24 2 26 31 10 46 4 7 39 32 39 27 4 43 5 
>> Opt param @ resamp: 87780.11 
S=17, K=3, p=0.1663, w0=0.7213, w1=0.7213, c.p=1.193, c.g=1.193
v.max=NA, d=3.742, vectorize=FALSE, hybrid=off
It 5: fitness=138100
It 10: fitness=138100
It 15: fitness=99920
It 20: fitness=98720
It 25: fitness=98720
It 30: fitness=98720
It 35: fitness=98720
It 40: fitness=98650
It 45: fitness=98650
It 50: fitness=98650
It 55: fitness=98650
It 60: fitness=98610
It 65: fitness=97310
It 70: fitness=97190
It 75: fitness=97190
It 80: fitness=97190
It 85: fitness=95180
It 90: fitness=95180
It 95: fitness=95180
It 100: fitness=95180
It 105: fitness=91430
It 110: fitness=91200
It 115: fitness=90650
It 120: fitness=90540
It 125: fitness=90540
It 130: fitness=90540
It 135: fitness=90480
It 140: fitness=90440
It 145: fitness=90400
It 150: fitness=90380
It 155: fitness=89190
It 160: fitness=88960
It 165: fitness=88960
It 170: fitness=88950
It 175: fitness=88900
It 180: fitness=88870
It 185: fitness=88600
It 190: fitness=88520
It 195: fitness=88490
It 200: fitness=88290
It 205: fitness=88290
It 210: fitness=88240
It 215: fitness=88160
It 220: fitness=88070
It 225: fitness=88070
It 230: fitness=88070
It 235: fitness=88060
It 240: fitness=87840
It 245: fitness=87790
It 250: fitness=87780
It 255: fitness=87410
It 260: fitness=87410
It 265: fitness=87290
It 270: fitness=87250
It 275: fitness=87210
It 280: fitness=87200
It 285: fitness=87140
It 290: fitness=87140
It 295: fitness=87130
It 300: fitness=87090
It 305: fitness=87090
It 310: fitness=87050
It 315: fitness=87050
It 320: fitness=87050
It 325: fitness=87050
It 330: fitness=87050
It 335: fitness=87030
It 340: fitness=87030
It 345: fitness=87030
It 350: fitness=86990
It 355: fitness=86990
It 360: fitness=86990
It 365: fitness=86990
It 370: fitness=86990
It 375: fitness=86990
It 380: fitness=86990
It 385: fitness=86990
It 390: fitness=86990
It 395: fitness=86990
It 400: fitness=86990
It 405: fitness=86970
It 410: fitness=86950
It 415: fitness=86930
It 420: fitness=86900
It 425: fitness=86900
It 430: fitness=86900
It 435: fitness=86900
It 440: fitness=86900
It 445: fitness=86890
It 450: fitness=86890
It 455: fitness=86890
It 460: fitness=86890
It 465: fitness=86890
It 470: fitness=86890
It 475: fitness=86880
It 480: fitness=86860
It 485: fitness=86860
It 490: fitness=86860
It 495: fitness=86860
It 500: fitness=86860
It 505: fitness=86860
It 510: fitness=86860
It 515: fitness=86860
It 520: fitness=86840
It 525: fitness=86840
It 530: fitness=86840
It 535: fitness=86840
It 540: fitness=86840
It 545: fitness=86840
It 550: fitness=86840
It 555: fitness=86830
It 560: fitness=86830
It 565: fitness=86770
It 570: fitness=86770
It 575: fitness=86770
It 580: fitness=86770
It 585: fitness=86770
It 590: fitness=86770
It 595: fitness=86760
It 600: fitness=86740
It 605: fitness=86740
It 610: fitness=86740
It 615: fitness=86740
It 620: fitness=86730
It 625: fitness=86730
It 630: fitness=86730
It 635: fitness=86730
It 640: fitness=86730
It 645: fitness=86730
It 650: fitness=86720
It 655: fitness=86720
It 660: fitness=86700
It 665: fitness=86700
It 670: fitness=86700
It 675: fitness=86700
It 680: fitness=86700
It 685: fitness=86690
It 690: fitness=86690
It 695: fitness=86690
It 700: fitness=86690
It 705: fitness=86690
It 710: fitness=86680
It 715: fitness=86680
It 720: fitness=86680
It 725: fitness=86680
It 730: fitness=86680
It 735: fitness=86670
It 740: fitness=86670
It 745: fitness=86670
It 750: fitness=86670
It 755: fitness=86670
It 760: fitness=86670
It 765: fitness=86670
It 770: fitness=86670
It 775: fitness=86670
It 780: fitness=86670
It 785: fitness=86670
It 790: fitness=86670
It 795: fitness=86670
It 800: fitness=86670
It 805: fitness=86670
It 810: fitness=86670
It 815: fitness=86670
It 820: fitness=86670
It 825: fitness=86670
It 830: fitness=86670
It 835: fitness=86670
It 840: fitness=86670
It 845: fitness=86670
It 850: fitness=86670
It 855: fitness=86670
It 860: fitness=86670
It 865: fitness=86670
It 870: fitness=86670
It 875: fitness=86670
It 880: fitness=86670
It 885: fitness=86670
It 890: fitness=86670
It 895: fitness=86670
It 900: fitness=86670
It 905: fitness=86670
It 910: fitness=86670
It 915: fitness=86670
It 920: fitness=86670
It 925: fitness=86670
It 930: fitness=86670
It 935: fitness=86670
It 940: fitness=86670
It 945: fitness=86670
It 950: fitness=86670
It 955: fitness=86670
It 960: fitness=86670
It 965: fitness=86670
It 970: fitness=86670
It 975: fitness=86670
It 980: fitness=86670
It 985: fitness=86670
It 990: fitness=86670
It 995: fitness=86670
It 1000: fitness=86670
It 1005: fitness=86670
It 1010: fitness=86670
It 1015: fitness=86670
It 1020: fitness=86670
It 1025: fitness=86670
It 1030: fitness=86670
It 1035: fitness=86660
It 1040: fitness=86660
It 1045: fitness=86650
It 1050: fitness=86650
It 1055: fitness=86650
It 1060: fitness=86650
It 1065: fitness=86650
It 1070: fitness=86650
It 1075: fitness=86650
It 1080: fitness=86650
It 1085: fitness=86650
It 1090: fitness=86650
It 1095: fitness=86650
It 1100: fitness=86650
It 1105: fitness=86650
It 1110: fitness=86650
It 1115: fitness=86650
It 1120: fitness=86650
It 1125: fitness=86640
It 1130: fitness=86640
It 1135: fitness=86640
It 1140: fitness=86640
It 1145: fitness=86640
It 1150: fitness=86640
It 1155: fitness=86640
It 1160: fitness=86640
It 1165: fitness=86640
It 1170: fitness=86640
It 1175: fitness=86640
It 1180: fitness=86640
It 1185: fitness=86640
It 1190: fitness=86640
It 1195: fitness=86640
It 1200: fitness=86640
It 1205: fitness=86640
It 1210: fitness=86640
It 1215: fitness=86640
It 1220: fitness=86640
It 1225: fitness=86640
It 1230: fitness=86640
It 1235: fitness=86640
It 1240: fitness=86640
It 1245: fitness=86640
It 1250: fitness=86640
It 1255: fitness=86640
It 1260: fitness=86640
It 1265: fitness=86640
It 1270: fitness=86640
It 1275: fitness=86640
It 1280: fitness=86640
It 1285: fitness=86640
It 1290: fitness=86640
It 1295: fitness=86640
It 1300: fitness=86640
It 1305: fitness=86640
It 1310: fitness=86640
It 1315: fitness=86640
It 1320: fitness=86640
It 1325: fitness=86640
It 1330: fitness=86640
It 1335: fitness=86640
It 1340: fitness=86640
It 1345: fitness=86640
It 1350: fitness=86640
It 1355: fitness=86640
It 1360: fitness=86640
It 1365: fitness=86640
It 1370: fitness=86640
It 1375: fitness=86640
It 1380: fitness=86640
It 1385: fitness=86640
It 1390: fitness=86640
It 1395: fitness=86640
Maximal number of iterations without improvement reached
>> Resamp_Iter 1 negLL: 86643.07 (ref:  87780.11 )
>> Resamp_params: 0.5109979 0.5119917 0.497895 0.476055 0.5989088 0.4979621 0.5294415 0.5139379 0.6095955 0.8369352 0.6001588 -31.21312 -18.33255 0.3477784 
>> sd Resamp 2 : 20 42 13 4 7 23 20 26 31 38 43 34 21 45 40 9 18 40 45 24 6 38 7 40 27 16 32 23 5 12 17 20 4 21 25 21 4 22 40 20 17 16 8 21 34 37 21 
>> Opt param @ resamp: 104180.8 
S=17, K=3, p=0.1663, w0=0.7213, w1=0.7213, c.p=1.193, c.g=1.193
v.max=NA, d=3.742, vectorize=FALSE, hybrid=off
It 5: fitness=151500
It 10: fitness=151500
It 15: fitness=151500
It 20: fitness=145700
It 25: fitness=144000
It 30: fitness=143100
It 35: fitness=143100
It 40: fitness=141400
It 45: fitness=140900
It 50: fitness=137400
It 55: fitness=137400
It 60: fitness=137300
It 65: fitness=135600
It 70: fitness=132800
It 75: fitness=130300
It 80: fitness=128400
It 85: fitness=124800
It 90: fitness=123700
It 95: fitness=121900
It 100: fitness=121000
It 105: fitness=120100
It 110: fitness=120000
It 115: fitness=118500
It 120: fitness=118500
It 125: fitness=118500
It 130: fitness=118300
It 135: fitness=118000
It 140: fitness=117000
It 145: fitness=116900
It 150: fitness=116800
It 155: fitness=116500
It 160: fitness=116400
It 165: fitness=116300
It 170: fitness=116100
It 175: fitness=115800
It 180: fitness=115800
It 185: fitness=115400
It 190: fitness=115200
It 195: fitness=114700
It 200: fitness=114600
It 205: fitness=114200
It 210: fitness=113600
It 215: fitness=113000
It 220: fitness=112100
It 225: fitness=110700
It 230: fitness=110300
It 235: fitness=110200
It 240: fitness=110200
It 245: fitness=109900
It 250: fitness=109800
It 255: fitness=109700
It 260: fitness=109500
It 265: fitness=109500
It 270: fitness=109200
It 275: fitness=109200
It 280: fitness=109000
It 285: fitness=108600
It 290: fitness=108300
It 295: fitness=107600
It 300: fitness=107300
It 305: fitness=106900
It 310: fitness=106500
It 315: fitness=106300
It 320: fitness=106300
It 325: fitness=106000
It 330: fitness=105800
It 335: fitness=105500
It 340: fitness=105500
It 345: fitness=105400
It 350: fitness=105400
It 355: fitness=105200
It 360: fitness=105200
It 365: fitness=105100
It 370: fitness=105100
It 375: fitness=105000
It 380: fitness=105000
It 385: fitness=104800
It 390: fitness=104800
It 395: fitness=104600
It 400: fitness=104500
It 405: fitness=104400
It 410: fitness=104300
It 415: fitness=104200
It 420: fitness=104200
It 425: fitness=104100
It 430: fitness=103900
It 435: fitness=103900
It 440: fitness=103800
It 445: fitness=103700
It 450: fitness=103700
It 455: fitness=103600
It 460: fitness=103600
It 465: fitness=103500
It 470: fitness=103500
It 475: fitness=103300
It 480: fitness=103300
It 485: fitness=103200
It 490: fitness=103200
It 495: fitness=103200
It 500: fitness=103200
It 505: fitness=103100
It 510: fitness=103000
It 515: fitness=102900
It 520: fitness=102900
It 525: fitness=102900
It 530: fitness=102800
It 535: fitness=102800
It 540: fitness=102800
It 545: fitness=102800
It 550: fitness=102800
It 555: fitness=102700
It 560: fitness=102700
It 565: fitness=102700
It 570: fitness=102700
It 575: fitness=102600
It 580: fitness=102600
It 585: fitness=102500
It 590: fitness=102500
It 595: fitness=102500
It 600: fitness=102500
It 605: fitness=102500
It 610: fitness=102500
It 615: fitness=102500
It 620: fitness=102400
It 625: fitness=102400
It 630: fitness=102400
It 635: fitness=102400
It 640: fitness=102400
It 645: fitness=102400
It 650: fitness=102400
It 655: fitness=102400
It 660: fitness=102400
It 665: fitness=102400
It 670: fitness=102400
It 675: fitness=102400
It 680: fitness=102400
It 685: fitness=102400
It 690: fitness=102400
It 695: fitness=102400
It 700: fitness=102400
It 705: fitness=102400
It 710: fitness=102400
It 715: fitness=102400
It 720: fitness=102400
It 725: fitness=102400
It 730: fitness=102400
It 735: fitness=102400
It 740: fitness=102400
It 745: fitness=102400
It 750: fitness=102400
It 755: fitness=102400
It 760: fitness=102400
It 765: fitness=102400
It 770: fitness=102400
It 775: fitness=102400
It 780: fitness=102400
It 785: fitness=102400
It 790: fitness=102400
It 795: fitness=102400
It 800: fitness=102400
It 805: fitness=102400
It 810: fitness=102400
It 815: fitness=102400
It 820: fitness=102400
It 825: fitness=102400
It 830: fitness=102400
It 835: fitness=102400
It 840: fitness=102400
It 845: fitness=102400
It 850: fitness=102400
It 855: fitness=102400
It 860: fitness=102400
It 865: fitness=102400
It 870: fitness=102400
It 875: fitness=102400
It 880: fitness=102400
It 885: fitness=102400
It 890: fitness=102400
It 895: fitness=102400
It 900: fitness=102400
It 905: fitness=102400
It 910: fitness=102400
It 915: fitness=102400
It 920: fitness=102400
It 925: fitness=102400
It 930: fitness=102400
It 935: fitness=102400
It 940: fitness=102400
It 945: fitness=102400
It 950: fitness=102400
It 955: fitness=102400
It 960: fitness=102400
It 965: fitness=102400
It 970: fitness=102400
It 975: fitness=102400
It 980: fitness=102400
Maximal number of iterations without improvement reached
>> Resamp_Iter 2 negLL: 102436.5 (ref:  104180.8 )
>> Resamp_params: 0.5202487 0.5219053 0.5152511 0.4870218 0.5776377 0.5014775 0.5377072 0.5559748 0.6073648 0.8818382 0.6001989 -32.32091 -19.34345 0.318423 
>> sd Resamp 3 : 24 39 45 33 30 20 13 4 37 13 1 14 40 19 32 16 6 21 26 44 45 24 13 24 25 22 8 27 4 40 47 38 42 30 35 7 37 40 11 20 46 36 27 18 14 11 7 
>> Opt param @ resamp: 109000 
S=17, K=3, p=0.1663, w0=0.7213, w1=0.7213, c.p=1.193, c.g=1.193
v.max=NA, d=3.742, vectorize=FALSE, hybrid=off
It 5: fitness=158900
It 10: fitness=132800
It 15: fitness=128200
It 20: fitness=126000
It 25: fitness=125900
It 30: fitness=125900
It 35: fitness=125900
It 40: fitness=125900
It 45: fitness=125900
It 50: fitness=125600
It 55: fitness=125400
It 60: fitness=118100
It 65: fitness=117900
It 70: fitness=117900
It 75: fitness=117800
It 80: fitness=117700
It 85: fitness=116900
It 90: fitness=116700
It 95: fitness=116300
It 100: fitness=115500
It 105: fitness=115100
It 110: fitness=114700
It 115: fitness=113000
It 120: fitness=112700
It 125: fitness=112300
It 130: fitness=110400
It 135: fitness=109100
It 140: fitness=109000
It 145: fitness=109000
It 150: fitness=108900
It 155: fitness=108900
It 160: fitness=108200
It 165: fitness=107800
It 170: fitness=107400
It 175: fitness=107400
It 180: fitness=107100
It 185: fitness=107100
It 190: fitness=107100
It 195: fitness=107100
It 200: fitness=107100
It 205: fitness=107000
It 210: fitness=107000
It 215: fitness=107000
It 220: fitness=107000
It 225: fitness=107000
It 230: fitness=107000
It 235: fitness=107000
It 240: fitness=106900
It 245: fitness=106900
It 250: fitness=106900
It 255: fitness=106900
It 260: fitness=106900
It 265: fitness=106900
It 270: fitness=106800
It 275: fitness=106800
It 280: fitness=106800
It 285: fitness=106800
It 290: fitness=106800
It 295: fitness=106800
It 300: fitness=106800
It 305: fitness=106800
It 310: fitness=106800
It 315: fitness=106800
It 320: fitness=106800
It 325: fitness=106800
It 330: fitness=106800
It 335: fitness=106800
It 340: fitness=106800
It 345: fitness=106800
It 350: fitness=106800
It 355: fitness=106800
It 360: fitness=106800
It 365: fitness=106800
It 370: fitness=106800
It 375: fitness=106800
It 380: fitness=106800
It 385: fitness=106800
It 390: fitness=106800
It 395: fitness=106800
It 400: fitness=106800
It 405: fitness=106800
It 410: fitness=106800
It 415: fitness=106800
It 420: fitness=106800
It 425: fitness=106800
It 430: fitness=106800
It 435: fitness=106800
It 440: fitness=106800
It 445: fitness=106800
It 450: fitness=106800
It 455: fitness=106800
It 460: fitness=106800
It 465: fitness=106800
It 470: fitness=106800
Maximal number of iterations without improvement reached
>> Resamp_Iter 3 negLL: 106818.8 (ref:  109000 )
>> Resamp_params: 0.4768403 0.4920985 0.6096647 0.4628438 0.5774283 0.4840195 0.5589787 0.5216215 0.6211195 0.835041 0.6015592 -28.5096 -47.13996 0.4287398 
>> sd Resamp 4 : 22 3 9 26 38 14 31 35 25 41 15 22 28 34 35 37 15 7 6 25 23 36 9 12 45 9 1 46 45 24 3 44 30 2 21 47 26 14 21 44 25 20 2 35 1 37 1 
>> Opt param @ resamp: 91401.03 
S=17, K=3, p=0.1663, w0=0.7213, w1=0.7213, c.p=1.193, c.g=1.193
v.max=NA, d=3.742, vectorize=FALSE, hybrid=off
It 5: fitness=121600
It 10: fitness=121600
It 15: fitness=116700
It 20: fitness=116700
It 25: fitness=116700
It 30: fitness=116700
It 35: fitness=112400
It 40: fitness=112400
It 45: fitness=111000
It 50: fitness=107900
It 55: fitness=105800
It 60: fitness=105500
It 65: fitness=103300
It 70: fitness=103200
It 75: fitness=102600
It 80: fitness=102400
It 85: fitness=102100
It 90: fitness=101500
It 95: fitness=101100
It 100: fitness=100700
It 105: fitness=100700
It 110: fitness=99970
It 115: fitness=99700
It 120: fitness=99600
It 125: fitness=99530
It 130: fitness=99530
It 135: fitness=99250
It 140: fitness=99130
It 145: fitness=99070
It 150: fitness=98780
It 155: fitness=98730
It 160: fitness=98360
It 165: fitness=98230
It 170: fitness=98010
It 175: fitness=97860
It 180: fitness=97830
It 185: fitness=97830
It 190: fitness=97620
It 195: fitness=97520
It 200: fitness=97510
It 205: fitness=97420
It 210: fitness=97170
It 215: fitness=97170
It 220: fitness=97170
It 225: fitness=97170
It 230: fitness=97150
It 235: fitness=97150
It 240: fitness=97080
It 245: fitness=96900
It 250: fitness=96790
It 255: fitness=96790
It 260: fitness=96780
It 265: fitness=96750
It 270: fitness=96660
It 275: fitness=96660
It 280: fitness=96660
It 285: fitness=96570
It 290: fitness=96570
It 295: fitness=96530
It 300: fitness=96460
It 305: fitness=96390
It 310: fitness=96360
It 315: fitness=96280
It 320: fitness=96060
It 325: fitness=95960
It 330: fitness=95920
It 335: fitness=95770
It 340: fitness=95760
It 345: fitness=95440
It 350: fitness=94840
It 355: fitness=94840
It 360: fitness=94160
It 365: fitness=93810
It 370: fitness=93810
It 375: fitness=93810
It 380: fitness=93810
It 385: fitness=93400
It 390: fitness=93400
It 395: fitness=93200
It 400: fitness=92870
It 405: fitness=92520
It 410: fitness=91940
It 415: fitness=91940
It 420: fitness=91600
It 425: fitness=90870
It 430: fitness=90390
It 435: fitness=90090
It 440: fitness=89770
It 445: fitness=89680
It 450: fitness=89550
It 455: fitness=89550
It 460: fitness=89540
It 465: fitness=89470
It 470: fitness=89450
It 475: fitness=89420
It 480: fitness=89370
It 485: fitness=89310
It 490: fitness=89210
It 495: fitness=89170
It 500: fitness=89040
It 505: fitness=89040
It 510: fitness=88980
It 515: fitness=88940
It 520: fitness=88910
It 525: fitness=88900
It 530: fitness=88890
It 535: fitness=88870
It 540: fitness=88870
It 545: fitness=88870
It 550: fitness=88870
It 555: fitness=88870
It 560: fitness=88740
It 565: fitness=88670
It 570: fitness=88610
It 575: fitness=88540
It 580: fitness=88490
It 585: fitness=88490
It 590: fitness=88450
It 595: fitness=88390
It 600: fitness=88350
It 605: fitness=88280
It 610: fitness=88270
It 615: fitness=88230
It 620: fitness=88200
It 625: fitness=88180
It 630: fitness=88180
It 635: fitness=88170
It 640: fitness=88140
It 645: fitness=88110
It 650: fitness=88060
It 655: fitness=88060
It 660: fitness=88040
It 665: fitness=88020
It 670: fitness=88010
It 675: fitness=88010
It 680: fitness=87990
It 685: fitness=87990
It 690: fitness=87990
It 695: fitness=87990
It 700: fitness=87990
It 705: fitness=87990
It 710: fitness=87980
It 715: fitness=87960
It 720: fitness=87960
It 725: fitness=87940
It 730: fitness=87940
It 735: fitness=87940
It 740: fitness=87940
It 745: fitness=87940
It 750: fitness=87940
It 755: fitness=87940
It 760: fitness=87920
It 765: fitness=87920
It 770: fitness=87920
It 775: fitness=87920
It 780: fitness=87920
It 785: fitness=87920
It 790: fitness=87920
It 795: fitness=87920
It 800: fitness=87920
It 805: fitness=87920
It 810: fitness=87920
It 815: fitness=87920
It 820: fitness=87920
It 825: fitness=87910
It 830: fitness=87910
It 835: fitness=87910
It 840: fitness=87910
It 845: fitness=87910
It 850: fitness=87900
It 855: fitness=87900
It 860: fitness=87900
It 865: fitness=87900
It 870: fitness=87900
It 875: fitness=87890
It 880: fitness=87890
It 885: fitness=87890
It 890: fitness=87890
It 895: fitness=87890
It 900: fitness=87890
It 905: fitness=87890
It 910: fitness=87890
It 915: fitness=87890
It 920: fitness=87890
It 925: fitness=87890
It 930: fitness=87890
It 935: fitness=87890
It 940: fitness=87890
It 945: fitness=87890
It 950: fitness=87890
It 955: fitness=87890
It 960: fitness=87890
It 965: fitness=87880
It 970: fitness=87880
It 975: fitness=87860
It 980: fitness=87860
It 985: fitness=87860
It 990: fitness=87860
It 995: fitness=87860
It 1000: fitness=87860
It 1005: fitness=87860
It 1010: fitness=87860
It 1015: fitness=87860
It 1020: fitness=87860
It 1025: fitness=87850
It 1030: fitness=87850
It 1035: fitness=87850
It 1040: fitness=87850
It 1045: fitness=87850
It 1050: fitness=87850
It 1055: fitness=87850
It 1060: fitness=87850
It 1065: fitness=87850
It 1070: fitness=87850
It 1075: fitness=87850
It 1080: fitness=87850
It 1085: fitness=87850
It 1090: fitness=87850
It 1095: fitness=87850
It 1100: fitness=87850
It 1105: fitness=87830
It 1110: fitness=87830
It 1115: fitness=87830
It 1120: fitness=87830
It 1125: fitness=87830
It 1130: fitness=87830
It 1135: fitness=87820
It 1140: fitness=87800
It 1145: fitness=87800
It 1150: fitness=87800
It 1155: fitness=87790
It 1160: fitness=87790
It 1165: fitness=87790
It 1170: fitness=87790
It 1175: fitness=87780
It 1180: fitness=87780
It 1185: fitness=87780
It 1190: fitness=87780
It 1195: fitness=87780
It 1200: fitness=87780
It 1205: fitness=87780
It 1210: fitness=87720
It 1215: fitness=87720
It 1220: fitness=87720
It 1225: fitness=87720
It 1230: fitness=87720
It 1235: fitness=87720
It 1240: fitness=87720
It 1245: fitness=87720
It 1250: fitness=87710
It 1255: fitness=87710
It 1260: fitness=87710
It 1265: fitness=87710
It 1270: fitness=87710
It 1275: fitness=87710
It 1280: fitness=87710
It 1285: fitness=87710
It 1290: fitness=87710
It 1295: fitness=87710
It 1300: fitness=87710
It 1305: fitness=87710
It 1310: fitness=87710
It 1315: fitness=87710
It 1320: fitness=87710
It 1325: fitness=87710
It 1330: fitness=87710
It 1335: fitness=87700
It 1340: fitness=87700
It 1345: fitness=87700
It 1350: fitness=87700
It 1355: fitness=87700
It 1360: fitness=87700
It 1365: fitness=87700
It 1370: fitness=87700
It 1375: fitness=87700
It 1380: fitness=87700
It 1385: fitness=87700
It 1390: fitness=87700
It 1395: fitness=87690
It 1400: fitness=87690
It 1405: fitness=87690
It 1410: fitness=87690
It 1415: fitness=87690
It 1420: fitness=87690
It 1425: fitness=87690
It 1430: fitness=87690
It 1435: fitness=87690
It 1440: fitness=87690
It 1445: fitness=87690
It 1450: fitness=87680
It 1455: fitness=87680
It 1460: fitness=87680
It 1465: fitness=87680
It 1470: fitness=87670
It 1475: fitness=87670
It 1480: fitness=87670
It 1485: fitness=87660
It 1490: fitness=87660
It 1495: fitness=87660
It 1500: fitness=87660
It 1505: fitness=87660
It 1510: fitness=87660
It 1515: fitness=87660
It 1520: fitness=87660
It 1525: fitness=87660
It 1530: fitness=87660
It 1535: fitness=87660
It 1540: fitness=87660
It 1545: fitness=87660
It 1550: fitness=87660
It 1555: fitness=87660
It 1560: fitness=87660
It 1565: fitness=87660
It 1570: fitness=87660
It 1575: fitness=87660
It 1580: fitness=87660
It 1585: fitness=87660
It 1590: fitness=87660
It 1595: fitness=87660
It 1600: fitness=87660
It 1605: fitness=87660
It 1610: fitness=87660
It 1615: fitness=87660
It 1620: fitness=87660
It 1625: fitness=87660
It 1630: fitness=87660
It 1635: fitness=87660
It 1640: fitness=87660
It 1645: fitness=87660
It 1650: fitness=87660
It 1655: fitness=87660
It 1660: fitness=87660
It 1665: fitness=87660
It 1670: fitness=87660
It 1675: fitness=87660
It 1680: fitness=87660
It 1685: fitness=87650
It 1690: fitness=87650
It 1695: fitness=87650
It 1700: fitness=87650
It 1705: fitness=87650
It 1710: fitness=87650
It 1715: fitness=87650
It 1720: fitness=87650
It 1725: fitness=87640
It 1730: fitness=87640
It 1735: fitness=87640
It 1740: fitness=87640
It 1745: fitness=87640
It 1750: fitness=87640
It 1755: fitness=87640
It 1760: fitness=87640
It 1765: fitness=87640
It 1770: fitness=87640
It 1775: fitness=87640
It 1780: fitness=87640
It 1785: fitness=87640
It 1790: fitness=87640
It 1795: fitness=87640
It 1800: fitness=87640
It 1805: fitness=87640
It 1810: fitness=87640
It 1815: fitness=87640
It 1820: fitness=87640
It 1825: fitness=87640
It 1830: fitness=87640
It 1835: fitness=87640
It 1840: fitness=87640
It 1845: fitness=87640
It 1850: fitness=87640
It 1855: fitness=87640
It 1860: fitness=87640
It 1865: fitness=87640
It 1870: fitness=87640
It 1875: fitness=87640
It 1880: fitness=87640
It 1885: fitness=87640
It 1890: fitness=87640
It 1895: fitness=87640
It 1900: fitness=87640
It 1905: fitness=87640
It 1910: fitness=87640
It 1915: fitness=87640
It 1920: fitness=87640
It 1925: fitness=87640
It 1930: fitness=87640
It 1935: fitness=87640
It 1940: fitness=87640
It 1945: fitness=87640
It 1950: fitness=87640
It 1955: fitness=87640
It 1960: fitness=87640
It 1965: fitness=87640
It 1970: fitness=87640
It 1975: fitness=87640
It 1980: fitness=87640
It 1985: fitness=87640
It 1990: fitness=87640
It 1995: fitness=87640
It 2000: fitness=87640
It 2005: fitness=87640
It 2010: fitness=87640
It 2015: fitness=87640
It 2020: fitness=87640
It 2025: fitness=87640
It 2030: fitness=87640
It 2035: fitness=87640
It 2040: fitness=87640
It 2045: fitness=87640
It 2050: fitness=87640
It 2055: fitness=87640
It 2060: fitness=87640
Maximal number of iterations without improvement reached
>> Resamp_Iter 4 negLL: 87636.62 (ref:  91401.03 )
>> Resamp_params: 0.4948775 0.513334 0.5527431 0.5036196 0.5871736 0.4914701 0.530871 0.5467949 0.6049229 0.8003362 0.6002865 -30.30657 -19.72302 0.3752196 
>> sd Resamp 5 : 37 26 42 35 20 26 41 37 31 17 43 27 34 2 15 22 36 38 3 12 12 25 45 38 27 10 5 2 24 35 26 5 30 14 4 16 32 22 22 31 16 44 16 39 24 43 6 
>> Opt param @ resamp: 80390.21 
S=17, K=3, p=0.1663, w0=0.7213, w1=0.7213, c.p=1.193, c.g=1.193
v.max=NA, d=3.742, vectorize=FALSE, hybrid=off
It 5: fitness=112900
It 10: fitness=112900
It 15: fitness=111500
It 20: fitness=109200
It 25: fitness=109100
It 30: fitness=108900
It 35: fitness=108900
It 40: fitness=108900
It 45: fitness=108900
It 50: fitness=108900
It 55: fitness=103900
It 60: fitness=96940
It 65: fitness=96810
It 70: fitness=93590
It 75: fitness=93490
It 80: fitness=91980
It 85: fitness=91160
It 90: fitness=89680
It 95: fitness=89340
It 100: fitness=87600
It 105: fitness=87350
It 110: fitness=87350
It 115: fitness=86820
It 120: fitness=86400
It 125: fitness=86020
It 130: fitness=85760
It 135: fitness=85760
It 140: fitness=85700
It 145: fitness=85570
It 150: fitness=85370
It 155: fitness=84950
It 160: fitness=84890
It 165: fitness=84830
It 170: fitness=84390
It 175: fitness=83820
It 180: fitness=83820
It 185: fitness=83820
It 190: fitness=83090
It 195: fitness=83090
It 200: fitness=82720
It 205: fitness=82080
It 210: fitness=81920
It 215: fitness=81870
It 220: fitness=81870
It 225: fitness=81580
It 230: fitness=81580
It 235: fitness=81380
It 240: fitness=80970
It 245: fitness=80970
It 250: fitness=80970
It 255: fitness=80910
It 260: fitness=80880
It 265: fitness=80730
It 270: fitness=80730
It 275: fitness=80730
It 280: fitness=80720
It 285: fitness=80640
It 290: fitness=80640
It 295: fitness=80620
It 300: fitness=80620
It 305: fitness=80620
It 310: fitness=80610
It 315: fitness=80440
It 320: fitness=80440
It 325: fitness=80410
It 330: fitness=80400
It 335: fitness=80360
It 340: fitness=80360
It 345: fitness=80360
It 350: fitness=80350
It 355: fitness=80320
It 360: fitness=80320
It 365: fitness=80280
It 370: fitness=80280
It 375: fitness=80280
It 380: fitness=80280
It 385: fitness=80280
It 390: fitness=80270
It 395: fitness=80250
It 400: fitness=80250
It 405: fitness=80250
It 410: fitness=80230
It 415: fitness=80230
It 420: fitness=80230
It 425: fitness=80230
It 430: fitness=80230
It 435: fitness=80230
It 440: fitness=80230
It 445: fitness=80230
It 450: fitness=80230
It 455: fitness=80230
It 460: fitness=80230
It 465: fitness=80220
It 470: fitness=80210
It 475: fitness=80210
It 480: fitness=80210
It 485: fitness=80210
It 490: fitness=80210
It 495: fitness=80210
It 500: fitness=80210
It 505: fitness=80210
It 510: fitness=80210
It 515: fitness=80210
It 520: fitness=80210
It 525: fitness=80210
It 530: fitness=80210
It 535: fitness=80210
It 540: fitness=80210
It 545: fitness=80210
It 550: fitness=80210
It 555: fitness=80180
It 560: fitness=80170
It 565: fitness=80170
It 570: fitness=80140
It 575: fitness=80140
It 580: fitness=80140
It 585: fitness=80140
It 590: fitness=80140
It 595: fitness=80140
It 600: fitness=80120
It 605: fitness=80070
It 610: fitness=80070
It 615: fitness=80070
It 620: fitness=80040
It 625: fitness=80040
It 630: fitness=80040
It 635: fitness=80040
It 640: fitness=80010
It 645: fitness=80010
It 650: fitness=80010
It 655: fitness=80000
It 660: fitness=80000
It 665: fitness=79990
It 670: fitness=79940
It 675: fitness=79940
It 680: fitness=79940
It 685: fitness=79940
It 690: fitness=79940
It 695: fitness=79930
It 700: fitness=79900
It 705: fitness=79900
It 710: fitness=79900
It 715: fitness=79900
It 720: fitness=79890
It 725: fitness=79890
It 730: fitness=79890
It 735: fitness=79890
It 740: fitness=79890
It 745: fitness=79890
It 750: fitness=79890
It 755: fitness=79890
It 760: fitness=79850
It 765: fitness=79850
It 770: fitness=79850
It 775: fitness=79850
It 780: fitness=79850
It 785: fitness=79850
It 790: fitness=79850
It 795: fitness=79850
It 800: fitness=79850
It 805: fitness=79840
It 810: fitness=79840
It 815: fitness=79840
It 820: fitness=79840
It 825: fitness=79820
It 830: fitness=79820
It 835: fitness=79820
It 840: fitness=79820
It 845: fitness=79820
It 850: fitness=79820
It 855: fitness=79820
It 860: fitness=79820
It 865: fitness=79820
It 870: fitness=79810
It 875: fitness=79810
It 880: fitness=79800
It 885: fitness=79800
It 890: fitness=79800
It 895: fitness=79800
It 900: fitness=79800
It 905: fitness=79800
It 910: fitness=79800
It 915: fitness=79780
It 920: fitness=79780
It 925: fitness=79780
It 930: fitness=79780
It 935: fitness=79780
It 940: fitness=79780
It 945: fitness=79780
It 950: fitness=79780
It 955: fitness=79780
It 960: fitness=79780
It 965: fitness=79770
It 970: fitness=79770
It 975: fitness=79760
It 980: fitness=79760
It 985: fitness=79760
It 990: fitness=79760
It 995: fitness=79760
It 1000: fitness=79760
It 1005: fitness=79760
It 1010: fitness=79760
It 1015: fitness=79760
It 1020: fitness=79760
It 1025: fitness=79760
It 1030: fitness=79760
It 1035: fitness=79760
It 1040: fitness=79760
It 1045: fitness=79760
It 1050: fitness=79760
It 1055: fitness=79760
It 1060: fitness=79760
It 1065: fitness=79760
It 1070: fitness=79760
It 1075: fitness=79760
It 1080: fitness=79760
It 1085: fitness=79760
It 1090: fitness=79760
It 1095: fitness=79760
It 1100: fitness=79760
It 1105: fitness=79760
It 1110: fitness=79760
It 1115: fitness=79760
It 1120: fitness=79760
It 1125: fitness=79760
It 1130: fitness=79760
It 1135: fitness=79760
It 1140: fitness=79760
It 1145: fitness=79760
It 1150: fitness=79760
It 1155: fitness=79760
It 1160: fitness=79760
It 1165: fitness=79760
It 1170: fitness=79760
It 1175: fitness=79760
It 1180: fitness=79760
It 1185: fitness=79760
It 1190: fitness=79760
Maximal number of iterations without improvement reached
>> Resamp_Iter 5 negLL: 79761.27 (ref:  80390.21 )
>> Resamp_params: 0.5105775 0.5120988 0.5087338 0.4776802 0.5915131 0.4974282 0.5404939 0.5225446 0.6115752 0.8507809 0.6018189 -31.71161 -18.2045 0.3380609 
>> sd Resamp 6 : 14 26 41 5 18 24 24 14 37 31 13 6 42 10 35 38 4 18 31 15 44 13 9 4 35 21 18 45 31 8 15 16 45 31 4 22 41 16 46 17 20 8 33 38 41 47 8 
>> Opt param @ resamp: 104329.7 
S=17, K=3, p=0.1663, w0=0.7213, w1=0.7213, c.p=1.193, c.g=1.193
v.max=NA, d=3.742, vectorize=FALSE, hybrid=off
It 5: fitness=169800
It 10: fitness=169800
It 15: fitness=134000
It 20: fitness=134000
It 25: fitness=126800
It 30: fitness=124500
It 35: fitness=124400
It 40: fitness=124400
It 45: fitness=124300
It 50: fitness=124200
It 55: fitness=124200
It 60: fitness=124200
It 65: fitness=124200
It 70: fitness=124200
It 75: fitness=124200
It 80: fitness=124200
It 85: fitness=124200
It 90: fitness=124100
It 95: fitness=124100
It 100: fitness=123000
It 105: fitness=123000
It 110: fitness=122400
It 115: fitness=122400
It 120: fitness=122400
It 125: fitness=122000
It 130: fitness=122000
It 135: fitness=122000
It 140: fitness=122000
It 145: fitness=122000
It 150: fitness=122000
It 155: fitness=122000
It 160: fitness=122000
It 165: fitness=121200
It 170: fitness=121100
It 175: fitness=119600
It 180: fitness=118700
It 185: fitness=118300
It 190: fitness=118300
It 195: fitness=118300
It 200: fitness=118200
It 205: fitness=116600
It 210: fitness=116600
It 215: fitness=116200
It 220: fitness=116200
It 225: fitness=116100
It 230: fitness=116100
It 235: fitness=116100
It 240: fitness=114800
It 245: fitness=114800
It 250: fitness=113800
It 255: fitness=113800
It 260: fitness=113800
It 265: fitness=113800
It 270: fitness=113800
It 275: fitness=113700
It 280: fitness=113700
It 285: fitness=112000
It 290: fitness=111700
It 295: fitness=110800
It 300: fitness=110800
It 305: fitness=110800
It 310: fitness=110100
It 315: fitness=107600
It 320: fitness=107600
It 325: fitness=107100
It 330: fitness=107100
It 335: fitness=107100
It 340: fitness=107100
It 345: fitness=106700
It 350: fitness=106200
It 355: fitness=106200
It 360: fitness=106000
It 365: fitness=105700
It 370: fitness=105600
It 375: fitness=105400
It 380: fitness=105400
It 385: fitness=105200
It 390: fitness=105100
It 395: fitness=105000
It 400: fitness=104900
It 405: fitness=104900
It 410: fitness=104900
It 415: fitness=104900
It 420: fitness=104800
It 425: fitness=104800
It 430: fitness=104800
It 435: fitness=104800
It 440: fitness=104800
It 445: fitness=104800
It 450: fitness=104800
It 455: fitness=104800
It 460: fitness=104800
It 465: fitness=104800
It 470: fitness=104800
It 475: fitness=104800
It 480: fitness=104800
It 485: fitness=104700
It 490: fitness=104700
It 495: fitness=104700
It 500: fitness=104700
It 505: fitness=104700
It 510: fitness=104700
It 515: fitness=104600
It 520: fitness=104600
It 525: fitness=104600
It 530: fitness=104600
It 535: fitness=104600
It 540: fitness=104600
It 545: fitness=104600
It 550: fitness=104600
It 555: fitness=104600
It 560: fitness=104600
It 565: fitness=104600
It 570: fitness=104600
It 575: fitness=104600
It 580: fitness=104600
It 585: fitness=104600
It 590: fitness=104600
It 595: fitness=104600
It 600: fitness=104600
It 605: fitness=104600
It 610: fitness=104600
It 615: fitness=104500
It 620: fitness=104500
It 625: fitness=104500
It 630: fitness=104500
It 635: fitness=104400
It 640: fitness=104400
It 645: fitness=104400
It 650: fitness=104400
It 655: fitness=104300
It 660: fitness=104200
It 665: fitness=104200
It 670: fitness=104200
It 675: fitness=104200
It 680: fitness=104200
It 685: fitness=104200
It 690: fitness=104200
It 695: fitness=104200
It 700: fitness=104200
It 705: fitness=104200
It 710: fitness=104100
It 715: fitness=104100
It 720: fitness=104100
It 725: fitness=104100
It 730: fitness=104000
It 735: fitness=104000
It 740: fitness=104000
It 745: fitness=104000
It 750: fitness=103900
It 755: fitness=103900
It 760: fitness=103900
It 765: fitness=103900
It 770: fitness=103900
It 775: fitness=103900
It 780: fitness=103900
It 785: fitness=103900
It 790: fitness=103900
It 795: fitness=103900
It 800: fitness=103800
It 805: fitness=103800
It 810: fitness=103800
It 815: fitness=103800
It 820: fitness=103800
It 825: fitness=103800
It 830: fitness=103800
It 835: fitness=103800
It 840: fitness=103800
It 845: fitness=103800
It 850: fitness=103800
It 855: fitness=103800
It 860: fitness=103800
It 865: fitness=103800
It 870: fitness=103800
It 875: fitness=103800
It 880: fitness=103800
It 885: fitness=103800
It 890: fitness=103800
It 895: fitness=103800
It 900: fitness=103800
It 905: fitness=103700
It 910: fitness=103700
It 915: fitness=103700
It 920: fitness=103700
It 925: fitness=103700
It 930: fitness=103700
It 935: fitness=103700
It 940: fitness=103700
It 945: fitness=103700
It 950: fitness=103700
It 955: fitness=103700
It 960: fitness=103700
It 965: fitness=103700
It 970: fitness=103700
It 975: fitness=103700
It 980: fitness=103700
It 985: fitness=103700
It 990: fitness=103700
It 995: fitness=103700
It 1000: fitness=103700
It 1005: fitness=103700
It 1010: fitness=103700
It 1015: fitness=103700
It 1020: fitness=103700
It 1025: fitness=103700
It 1030: fitness=103700
It 1035: fitness=103700
It 1040: fitness=103700
It 1045: fitness=103700
It 1050: fitness=103700
It 1055: fitness=103700
It 1060: fitness=103700
It 1065: fitness=103700
It 1070: fitness=103700
It 1075: fitness=103700
It 1080: fitness=103700
It 1085: fitness=103700
It 1090: fitness=103700
It 1095: fitness=103700
It 1100: fitness=103700
It 1105: fitness=103700
It 1110: fitness=103700
It 1115: fitness=103700
It 1120: fitness=103700
It 1125: fitness=103700
It 1130: fitness=103700
It 1135: fitness=103700
It 1140: fitness=103700
It 1145: fitness=103700
It 1150: fitness=103700
It 1155: fitness=103700
It 1160: fitness=103700
It 1165: fitness=103700
It 1170: fitness=103700
It 1175: fitness=103700
It 1180: fitness=103700
It 1185: fitness=103700
It 1190: fitness=103700
It 1195: fitness=103700
It 1200: fitness=103700
It 1205: fitness=103700
It 1210: fitness=103700
It 1215: fitness=103700
It 1220: fitness=103700
It 1225: fitness=103700
It 1230: fitness=103700
It 1235: fitness=103700
It 1240: fitness=103700
It 1245: fitness=103700
It 1250: fitness=103700
It 1255: fitness=103700
It 1260: fitness=103700
It 1265: fitness=103700
It 1270: fitness=103700
It 1275: fitness=103700
It 1280: fitness=103700
It 1285: fitness=103700
It 1290: fitness=103700
It 1295: fitness=103700
It 1300: fitness=103700
It 1305: fitness=103700
It 1310: fitness=103700
It 1315: fitness=103700
It 1320: fitness=103700
Maximal number of iterations without improvement reached
>> Resamp_Iter 6 negLL: 103702.6 (ref:  104329.7 )
>> Resamp_params: 0.4746627 0.4723557 0.4626966 0.4378495 0.5927151 0.4565024 0.5074704 0.4941661 0.6555603 0.8280474 0.6000007 -16.98163 -25.78012 0.3855845 
>> sd Resamp 7 : 3 20 7 20 16 12 5 10 45 45 47 47 28 25 5 31 8 9 19 41 19 5 13 2 10 12 36 12 5 11 30 18 16 33 42 23 16 18 46 11 17 7 23 15 11 34 13 
>> Opt param @ resamp: 97163.81 
S=17, K=3, p=0.1663, w0=0.7213, w1=0.7213, c.p=1.193, c.g=1.193
v.max=NA, d=3.742, vectorize=FALSE, hybrid=off
It 5: fitness=120800
It 10: fitness=120800
It 15: fitness=105300
It 20: fitness=104700
It 25: fitness=104700
It 30: fitness=104300
It 35: fitness=104300
It 40: fitness=104300
It 45: fitness=104300
It 50: fitness=104300
It 55: fitness=104300
It 60: fitness=104300
It 65: fitness=104300
It 70: fitness=104300
It 75: fitness=104300
It 80: fitness=104300
It 85: fitness=104300
It 90: fitness=104300
It 95: fitness=103800
It 100: fitness=103800
It 105: fitness=103800
It 110: fitness=103200
It 115: fitness=102400
It 120: fitness=102100
It 125: fitness=100900
It 130: fitness=100500
It 135: fitness=100500
It 140: fitness=99430
It 145: fitness=98230
It 150: fitness=96810
It 155: fitness=96750
It 160: fitness=96450
It 165: fitness=96270
It 170: fitness=95990
It 175: fitness=95970
It 180: fitness=95970
It 185: fitness=95840
It 190: fitness=95770
It 195: fitness=95670
It 200: fitness=95670
It 205: fitness=95650
It 210: fitness=95570
It 215: fitness=95560
It 220: fitness=95560
It 225: fitness=95560
It 230: fitness=95560
It 235: fitness=95560
It 240: fitness=95550
It 245: fitness=95550
It 250: fitness=95550
It 255: fitness=95490
It 260: fitness=95390
It 265: fitness=95370
It 270: fitness=95370
It 275: fitness=95290
It 280: fitness=95290
It 285: fitness=95290
It 290: fitness=95280
It 295: fitness=95230
It 300: fitness=95220
It 305: fitness=95170
It 310: fitness=95080
It 315: fitness=95030
It 320: fitness=95030
It 325: fitness=95010
It 330: fitness=95010
It 335: fitness=94990
It 340: fitness=94990
It 345: fitness=94990
It 350: fitness=94970
It 355: fitness=94940
It 360: fitness=94910
It 365: fitness=94910
It 370: fitness=94910
It 375: fitness=94900
It 380: fitness=94900
It 385: fitness=94900
It 390: fitness=94900
It 395: fitness=94900
It 400: fitness=94900
It 405: fitness=94900
It 410: fitness=94900
It 415: fitness=94900
It 420: fitness=94900
It 425: fitness=94900
It 430: fitness=94900
It 435: fitness=94890
It 440: fitness=94890
It 445: fitness=94890
It 450: fitness=94890
It 455: fitness=94890
It 460: fitness=94890
It 465: fitness=94890
It 470: fitness=94890
It 475: fitness=94890
It 480: fitness=94890
It 485: fitness=94890
It 490: fitness=94890
It 495: fitness=94890
It 500: fitness=94890
It 505: fitness=94890
It 510: fitness=94890
It 515: fitness=94890
It 520: fitness=94890
It 525: fitness=94890
It 530: fitness=94880
It 535: fitness=94880
It 540: fitness=94880
It 545: fitness=94880
It 550: fitness=94880
It 555: fitness=94880
It 560: fitness=94880
It 565: fitness=94870
It 570: fitness=94870
It 575: fitness=94870
It 580: fitness=94870
It 585: fitness=94870
It 590: fitness=94870
It 595: fitness=94870
It 600: fitness=94870
It 605: fitness=94870
It 610: fitness=94870
It 615: fitness=94870
It 620: fitness=94870
It 625: fitness=94870
It 630: fitness=94870
It 635: fitness=94870
It 640: fitness=94870
It 645: fitness=94870
It 650: fitness=94870
It 655: fitness=94870
It 660: fitness=94870
It 665: fitness=94860
It 670: fitness=94860
It 675: fitness=94860
It 680: fitness=94860
It 685: fitness=94860
It 690: fitness=94860
It 695: fitness=94860
It 700: fitness=94860
It 705: fitness=94860
It 710: fitness=94860
It 715: fitness=94860
It 720: fitness=94860
It 725: fitness=94860
It 730: fitness=94860
It 735: fitness=94860
It 740: fitness=94860
It 745: fitness=94860
It 750: fitness=94860
It 755: fitness=94860
It 760: fitness=94860
It 765: fitness=94860
It 770: fitness=94860
It 775: fitness=94860
It 780: fitness=94860
It 785: fitness=94860
It 790: fitness=94860
It 795: fitness=94860
It 800: fitness=94860
It 805: fitness=94860
It 810: fitness=94860
It 815: fitness=94860
It 820: fitness=94850
It 825: fitness=94850
It 830: fitness=94850
It 835: fitness=94850
It 840: fitness=94850
It 845: fitness=94850
It 850: fitness=94850
It 855: fitness=94850
It 860: fitness=94850
It 865: fitness=94850
It 870: fitness=94850
It 875: fitness=94840
It 880: fitness=94840
It 885: fitness=94840
It 890: fitness=94840
It 895: fitness=94840
It 900: fitness=94840
It 905: fitness=94830
It 910: fitness=94830
It 915: fitness=94830
It 920: fitness=94830
It 925: fitness=94830
It 930: fitness=94830
It 935: fitness=94830
It 940: fitness=94830
It 945: fitness=94830
It 950: fitness=94830
It 955: fitness=94830
It 960: fitness=94830
It 965: fitness=94830
It 970: fitness=94830
It 975: fitness=94830
It 980: fitness=94830
It 985: fitness=94830
It 990: fitness=94830
It 995: fitness=94830
It 1000: fitness=94830
It 1005: fitness=94830
It 1010: fitness=94830
It 1015: fitness=94830
It 1020: fitness=94830
It 1025: fitness=94830
It 1030: fitness=94830
It 1035: fitness=94830
It 1040: fitness=94830
It 1045: fitness=94830
It 1050: fitness=94830
It 1055: fitness=94830
It 1060: fitness=94830
It 1065: fitness=94830
It 1070: fitness=94830
It 1075: fitness=94830
It 1080: fitness=94830
It 1085: fitness=94830
It 1090: fitness=94830
It 1095: fitness=94830
It 1100: fitness=94830
It 1105: fitness=94830
It 1110: fitness=94830
It 1115: fitness=94830
It 1120: fitness=94830
It 1125: fitness=94830
It 1130: fitness=94830
It 1135: fitness=94830
It 1140: fitness=94830
It 1145: fitness=94830
It 1150: fitness=94830
It 1155: fitness=94830
It 1160: fitness=94830
It 1165: fitness=94830
It 1170: fitness=94830
It 1175: fitness=94830
It 1180: fitness=94830
It 1185: fitness=94830
It 1190: fitness=94830
It 1195: fitness=94830
It 1200: fitness=94830
It 1205: fitness=94830
It 1210: fitness=94830
It 1215: fitness=94830
It 1220: fitness=94830
It 1225: fitness=94830
It 1230: fitness=94830
It 1235: fitness=94830
It 1240: fitness=94820
It 1245: fitness=94820
It 1250: fitness=94820
It 1255: fitness=94820
It 1260: fitness=94820
It 1265: fitness=94820
It 1270: fitness=94820
It 1275: fitness=94820
It 1280: fitness=94820
It 1285: fitness=94820
It 1290: fitness=94820
It 1295: fitness=94820
It 1300: fitness=94820
It 1305: fitness=94820
It 1310: fitness=94820
It 1315: fitness=94820
It 1320: fitness=94820
It 1325: fitness=94820
It 1330: fitness=94820
It 1335: fitness=94820
It 1340: fitness=94810
It 1345: fitness=94810
It 1350: fitness=94810
It 1355: fitness=94810
It 1360: fitness=94810
It 1365: fitness=94810
It 1370: fitness=94810
It 1375: fitness=94810
It 1380: fitness=94810
It 1385: fitness=94810
It 1390: fitness=94810
It 1395: fitness=94810
It 1400: fitness=94810
It 1405: fitness=94810
It 1410: fitness=94810
It 1415: fitness=94810
It 1420: fitness=94810
It 1425: fitness=94810
It 1430: fitness=94810
It 1435: fitness=94810
It 1440: fitness=94810
It 1445: fitness=94810
It 1450: fitness=94810
It 1455: fitness=94810
It 1460: fitness=94810
It 1465: fitness=94810
It 1470: fitness=94810
It 1475: fitness=94810
It 1480: fitness=94810
It 1485: fitness=94810
It 1490: fitness=94810
It 1495: fitness=94810
It 1500: fitness=94810
It 1505: fitness=94810
It 1510: fitness=94810
It 1515: fitness=94810
It 1520: fitness=94810
It 1525: fitness=94810
It 1530: fitness=94810
It 1535: fitness=94810
It 1540: fitness=94800
It 1545: fitness=94800
It 1550: fitness=94800
It 1555: fitness=94800
It 1560: fitness=94800
It 1565: fitness=94800
It 1570: fitness=94800
It 1575: fitness=94800
It 1580: fitness=94800
It 1585: fitness=94800
It 1590: fitness=94800
It 1595: fitness=94800
It 1600: fitness=94800
It 1605: fitness=94800
It 1610: fitness=94800
It 1615: fitness=94800
It 1620: fitness=94800
It 1625: fitness=94800
It 1630: fitness=94800
It 1635: fitness=94800
It 1640: fitness=94800
It 1645: fitness=94800
It 1650: fitness=94800
It 1655: fitness=94800
It 1660: fitness=94800
It 1665: fitness=94800
It 1670: fitness=94800
It 1675: fitness=94800
It 1680: fitness=94800
It 1685: fitness=94800
It 1690: fitness=94800
It 1695: fitness=94800
It 1700: fitness=94800
It 1705: fitness=94800
It 1710: fitness=94800
It 1715: fitness=94800
It 1720: fitness=94800
It 1725: fitness=94800
It 1730: fitness=94800
It 1735: fitness=94800
Maximal number of iterations without improvement reached
>> Resamp_Iter 7 negLL: 94800.73 (ref:  97163.81 )
>> Resamp_params: 0.507578 0.5035654 0.4972715 0.5015379 0.5583388 0.4981837 0.5163246 0.5130753 0.6139869 0.8003858 0.6522509 -32.978 -24.26326 0.384477 
>> sd Resamp 8 : 16 21 4 44 40 37 20 39 14 33 5 18 3 23 26 47 39 39 17 29 43 4 42 8 33 23 6 21 35 14 29 12 1 46 10 28 42 6 32 27 21 7 12 38 6 43 3 
>> Opt param @ resamp: 128423.3 
S=17, K=3, p=0.1663, w0=0.7213, w1=0.7213, c.p=1.193, c.g=1.193
v.max=NA, d=3.742, vectorize=FALSE, hybrid=off
It 5: fitness=182500
It 10: fitness=182500
It 15: fitness=156500
It 20: fitness=156500
It 25: fitness=148600
It 30: fitness=148600
It 35: fitness=148600
It 40: fitness=147000
It 45: fitness=147000
It 50: fitness=146900
It 55: fitness=146600
It 60: fitness=146600
It 65: fitness=146600
It 70: fitness=146200
It 75: fitness=146000
It 80: fitness=146000
It 85: fitness=146000
It 90: fitness=145700
It 95: fitness=145600
It 100: fitness=145600
It 105: fitness=145600
It 110: fitness=144200
It 115: fitness=144200
It 120: fitness=144200
It 125: fitness=144200
It 130: fitness=143300
It 135: fitness=142500
It 140: fitness=142500
It 145: fitness=142500
It 150: fitness=142300
It 155: fitness=142200
It 160: fitness=142000
It 165: fitness=141700
It 170: fitness=141000
It 175: fitness=139900
It 180: fitness=139300
It 185: fitness=138500
It 190: fitness=138200
It 195: fitness=137900
It 200: fitness=136200
It 205: fitness=135900
It 210: fitness=135700
It 215: fitness=134500
It 220: fitness=133600
It 225: fitness=133000
It 230: fitness=132900
It 235: fitness=132600
It 240: fitness=132000
It 245: fitness=131800
It 250: fitness=131400
It 255: fitness=130700
It 260: fitness=130500
It 265: fitness=130100
It 270: fitness=129900
It 275: fitness=129800
It 280: fitness=129700
It 285: fitness=129000
It 290: fitness=128900
It 295: fitness=128700
It 300: fitness=128300
It 305: fitness=128200
It 310: fitness=127900
It 315: fitness=127900
It 320: fitness=127800
It 325: fitness=127800
It 330: fitness=127700
It 335: fitness=127700
It 340: fitness=127700
It 345: fitness=127600
It 350: fitness=127600
It 355: fitness=127600
It 360: fitness=127600
It 365: fitness=127600
It 370: fitness=127600
It 375: fitness=127500
It 380: fitness=127500
It 385: fitness=127400
It 390: fitness=127400
It 395: fitness=127400
It 400: fitness=127400
It 405: fitness=127300
It 410: fitness=127300
It 415: fitness=127100
It 420: fitness=127100
It 425: fitness=127100
It 430: fitness=127000
It 435: fitness=127000
It 440: fitness=126900
It 445: fitness=126700
It 450: fitness=126700
It 455: fitness=126700
It 460: fitness=126600
It 465: fitness=126600
It 470: fitness=126500
It 475: fitness=126500
It 480: fitness=126500
It 485: fitness=126500
It 490: fitness=126500
It 495: fitness=126500
It 500: fitness=126500
It 505: fitness=126500
It 510: fitness=126500
It 515: fitness=126500
It 520: fitness=126500
It 525: fitness=126500
It 530: fitness=126500
It 535: fitness=126500
It 540: fitness=126500
It 545: fitness=126500
It 550: fitness=126500
It 555: fitness=126500
It 560: fitness=126500
It 565: fitness=126500
It 570: fitness=126500
It 575: fitness=126500
It 580: fitness=126500
It 585: fitness=126500
It 590: fitness=126500
It 595: fitness=126500
It 600: fitness=126500
It 605: fitness=126500
It 610: fitness=126500
It 615: fitness=126500
It 620: fitness=126500
It 625: fitness=126500
It 630: fitness=126500
It 635: fitness=126500
It 640: fitness=126500
It 645: fitness=126500
It 650: fitness=126500
It 655: fitness=126500
It 660: fitness=126500
It 665: fitness=126500
It 670: fitness=126500
It 675: fitness=126500
It 680: fitness=126500
It 685: fitness=126500
It 690: fitness=126500
It 695: fitness=126500
It 700: fitness=126500
It 705: fitness=126500
It 710: fitness=126500
It 715: fitness=126500
It 720: fitness=126500
It 725: fitness=126500
It 730: fitness=126500
It 735: fitness=126500
It 740: fitness=126500
It 745: fitness=126500
It 750: fitness=126500
It 755: fitness=126500
It 760: fitness=126500
It 765: fitness=126500
It 770: fitness=126500
It 775: fitness=126500
It 780: fitness=126500
It 785: fitness=126500
It 790: fitness=126500
It 795: fitness=126400
It 800: fitness=126400
It 805: fitness=126400
It 810: fitness=126400
It 815: fitness=126400
It 820: fitness=126400
It 825: fitness=126400
It 830: fitness=126400
It 835: fitness=126400
It 840: fitness=126400
It 845: fitness=126400
It 850: fitness=126400
It 855: fitness=126400
It 860: fitness=126400
It 865: fitness=126400
It 870: fitness=126400
It 875: fitness=126400
It 880: fitness=126400
It 885: fitness=126400
It 890: fitness=126400
It 895: fitness=126400
It 900: fitness=126400
It 905: fitness=126400
It 910: fitness=126400
It 915: fitness=126400
It 920: fitness=126400
It 925: fitness=126400
It 930: fitness=126400
It 935: fitness=126400
It 940: fitness=126400
It 945: fitness=126400
It 950: fitness=126400
It 955: fitness=126400
It 960: fitness=126400
It 965: fitness=126400
It 970: fitness=126400
It 975: fitness=126400
It 980: fitness=126400
It 985: fitness=126400
It 990: fitness=126400
It 995: fitness=126400
It 1000: fitness=126400
It 1005: fitness=126400
It 1010: fitness=126400
It 1015: fitness=126400
It 1020: fitness=126400
It 1025: fitness=126400
It 1030: fitness=126400
It 1035: fitness=126400
It 1040: fitness=126400
It 1045: fitness=126400
It 1050: fitness=126400
It 1055: fitness=126400
It 1060: fitness=126400
It 1065: fitness=126400
It 1070: fitness=126400
It 1075: fitness=126400
It 1080: fitness=126400
It 1085: fitness=126400
It 1090: fitness=126400
It 1095: fitness=126400
It 1100: fitness=126400
It 1105: fitness=126400
It 1110: fitness=126400
It 1115: fitness=126400
It 1120: fitness=126400
It 1125: fitness=126400
It 1130: fitness=126400
It 1135: fitness=126400
It 1140: fitness=126400
It 1145: fitness=126400
It 1150: fitness=126400
It 1155: fitness=126400
It 1160: fitness=126400
It 1165: fitness=126400
It 1170: fitness=126400
It 1175: fitness=126400
It 1180: fitness=126400
It 1185: fitness=126400
It 1190: fitness=126400
It 1195: fitness=126400
It 1200: fitness=126400
It 1205: fitness=126400
It 1210: fitness=126400
It 1215: fitness=126400
It 1220: fitness=126400
It 1225: fitness=126400
It 1230: fitness=126400
It 1235: fitness=126400
It 1240: fitness=126400
It 1245: fitness=126400
It 1250: fitness=126400
It 1255: fitness=126400
It 1260: fitness=126400
It 1265: fitness=126400
It 1270: fitness=126400
It 1275: fitness=126400
It 1280: fitness=126400
It 1285: fitness=126400
It 1290: fitness=126400
It 1295: fitness=126400
It 1300: fitness=126400
It 1305: fitness=126400
It 1310: fitness=126400
It 1315: fitness=126400
It 1320: fitness=126400
Maximal number of iterations without improvement reached
>> Resamp_Iter 8 negLL: 126426 (ref:  128423.3 )
>> Resamp_params: 0.4234706 0.439645 0.4253834 0.4005678 0.6621908 0.4261528 0.4382006 0.4611955 0.698717 0.8000086 0.7892083 -11.66632 -15.10271 0.3135795 
>> sd Resamp 9 : 7 47 14 11 33 47 41 25 2 4 47 29 21 7 39 21 2 10 26 28 3 24 28 42 41 25 39 6 16 2 12 6 35 37 40 41 34 17 22 36 30 7 32 43 15 45 38 
>> Opt param @ resamp: 97950.88 
S=17, K=3, p=0.1663, w0=0.7213, w1=0.7213, c.p=1.193, c.g=1.193
v.max=NA, d=3.742, vectorize=FALSE, hybrid=off
It 5: fitness=128200
It 10: fitness=122900
It 15: fitness=116400
It 20: fitness=115900
It 25: fitness=115500
It 30: fitness=115500
It 35: fitness=115400
It 40: fitness=112100
It 45: fitness=112100
It 50: fitness=111300
It 55: fitness=111200
It 60: fitness=111200
It 65: fitness=110400
It 70: fitness=110300
It 75: fitness=110300
It 80: fitness=110300
It 85: fitness=110300
It 90: fitness=110300
It 95: fitness=110300
It 100: fitness=106800
It 105: fitness=106100
It 110: fitness=106100
It 115: fitness=105700
It 120: fitness=105500
It 125: fitness=105500
It 130: fitness=105500
It 135: fitness=105300
It 140: fitness=105200
It 145: fitness=104900
It 150: fitness=104700
It 155: fitness=104500
It 160: fitness=104500
It 165: fitness=102800
It 170: fitness=101900
It 175: fitness=101900
It 180: fitness=101500
It 185: fitness=99820
It 190: fitness=99360
It 195: fitness=99360
It 200: fitness=99140
It 205: fitness=98650
It 210: fitness=98540
It 215: fitness=98540
It 220: fitness=98540
It 225: fitness=98490
It 230: fitness=98440
It 235: fitness=98390
It 240: fitness=98320
It 245: fitness=98080
It 250: fitness=98050
It 255: fitness=97880
It 260: fitness=97840
It 265: fitness=97110
It 270: fitness=96830
It 275: fitness=96810
It 280: fitness=96610
It 285: fitness=96520
It 290: fitness=96460
It 295: fitness=96390
It 300: fitness=96320
It 305: fitness=96320
It 310: fitness=96290
It 315: fitness=96290
It 320: fitness=96290
It 325: fitness=96290
It 330: fitness=96250
It 335: fitness=96220
It 340: fitness=96220
It 345: fitness=96220
It 350: fitness=96220
It 355: fitness=96220
It 360: fitness=96220
It 365: fitness=96220
It 370: fitness=96220
It 375: fitness=96220
It 380: fitness=96220
It 385: fitness=96220
It 390: fitness=96220
It 395: fitness=96150
It 400: fitness=96120
It 405: fitness=96090
It 410: fitness=96000
It 415: fitness=96000
It 420: fitness=95990
It 425: fitness=95980
It 430: fitness=95970
It 435: fitness=95970
It 440: fitness=95870
It 445: fitness=95850
It 450: fitness=95850
It 455: fitness=95840
It 460: fitness=95810
It 465: fitness=95810
It 470: fitness=95810
It 475: fitness=95770
It 480: fitness=95770
It 485: fitness=95770
It 490: fitness=95770
It 495: fitness=95770
It 500: fitness=95770
It 505: fitness=95770
It 510: fitness=95770
It 515: fitness=95760
It 520: fitness=95750
It 525: fitness=95750
It 530: fitness=95750
It 535: fitness=95740
It 540: fitness=95720
It 545: fitness=95690
It 550: fitness=95690
It 555: fitness=95690
It 560: fitness=95680
It 565: fitness=95680
It 570: fitness=95680
It 575: fitness=95640
It 580: fitness=95640
It 585: fitness=95640
It 590: fitness=95640
It 595: fitness=95630
It 600: fitness=95630
It 605: fitness=95630
It 610: fitness=95630
It 615: fitness=95620
It 620: fitness=95620
It 625: fitness=95620
It 630: fitness=95620
It 635: fitness=95600
It 640: fitness=95600
It 645: fitness=95600
It 650: fitness=95600
It 655: fitness=95600
It 660: fitness=95590
It 665: fitness=95570
It 670: fitness=95560
It 675: fitness=95560
It 680: fitness=95550
It 685: fitness=95540
It 690: fitness=95540
It 695: fitness=95540
It 700: fitness=95540
It 705: fitness=95500
It 710: fitness=95500
It 715: fitness=95500
It 720: fitness=95500
It 725: fitness=95500
It 730: fitness=95500
It 735: fitness=95500
It 740: fitness=95500
It 745: fitness=95500
It 750: fitness=95500
It 755: fitness=95500
It 760: fitness=95500
It 765: fitness=95500
It 770: fitness=95490
It 775: fitness=95490
It 780: fitness=95490
It 785: fitness=95490
It 790: fitness=95490
It 795: fitness=95490
It 800: fitness=95490
It 805: fitness=95490
It 810: fitness=95490
It 815: fitness=95490
It 820: fitness=95490
It 825: fitness=95490
It 830: fitness=95490
It 835: fitness=95490
It 840: fitness=95490
It 845: fitness=95490
It 850: fitness=95490
It 855: fitness=95490
It 860: fitness=95490
It 865: fitness=95490
It 870: fitness=95490
It 875: fitness=95490
It 880: fitness=95490
It 885: fitness=95490
It 890: fitness=95490
It 895: fitness=95490
It 900: fitness=95490
It 905: fitness=95490
It 910: fitness=95490
It 915: fitness=95490
It 920: fitness=95490
It 925: fitness=95490
It 930: fitness=95490
It 935: fitness=95490
It 940: fitness=95490
It 945: fitness=95490
It 950: fitness=95490
It 955: fitness=95490
It 960: fitness=95470
It 965: fitness=95460
It 970: fitness=95460
It 975: fitness=95460
It 980: fitness=95460
It 985: fitness=95460
It 990: fitness=95460
It 995: fitness=95460
It 1000: fitness=95450
It 1005: fitness=95450
It 1010: fitness=95450
It 1015: fitness=95450
It 1020: fitness=95450
It 1025: fitness=95450
It 1030: fitness=95450
It 1035: fitness=95450
It 1040: fitness=95450
It 1045: fitness=95450
It 1050: fitness=95450
It 1055: fitness=95450
It 1060: fitness=95450
It 1065: fitness=95450
It 1070: fitness=95450
It 1075: fitness=95450
It 1080: fitness=95450
It 1085: fitness=95450
It 1090: fitness=95450
It 1095: fitness=95450
It 1100: fitness=95450
It 1105: fitness=95450
It 1110: fitness=95450
It 1115: fitness=95450
It 1120: fitness=95450
It 1125: fitness=95450
It 1130: fitness=95450
It 1135: fitness=95450
It 1140: fitness=95450
It 1145: fitness=95450
It 1150: fitness=95450
It 1155: fitness=95450
It 1160: fitness=95450
It 1165: fitness=95450
It 1170: fitness=95450
It 1175: fitness=95450
It 1180: fitness=95450
It 1185: fitness=95450
It 1190: fitness=95450
It 1195: fitness=95450
It 1200: fitness=95450
It 1205: fitness=95450
It 1210: fitness=95450
It 1215: fitness=95450
It 1220: fitness=95450
It 1225: fitness=95450
It 1230: fitness=95450
It 1235: fitness=95450
It 1240: fitness=95450
It 1245: fitness=95450
It 1250: fitness=95450
It 1255: fitness=95450
It 1260: fitness=95450
It 1265: fitness=95450
It 1270: fitness=95450
It 1275: fitness=95450
It 1280: fitness=95450
It 1285: fitness=95450
It 1290: fitness=95450
It 1295: fitness=95450
It 1300: fitness=95450
It 1305: fitness=95450
It 1310: fitness=95450
It 1315: fitness=95450
Maximal number of iterations without improvement reached
>> Resamp_Iter 9 negLL: 95449.87 (ref:  97950.88 )
>> Resamp_params: 0.4821605 0.4855138 0.4973212 0.4508671 0.6190565 0.4829895 0.5102093 0.5152506 0.6380836 0.8127433 0.6663915 -23.14372 -23.26119 0.3733309 
>> sd Resamp 10 : 23 40 42 46 17 31 38 46 3 9 19 31 41 27 15 34 44 43 14 4 11 1 41 45 13 26 27 7 41 3 8 6 17 15 5 5 29 6 18 16 8 7 24 6 40 24 9 
>> Opt param @ resamp: 90203.55 
S=17, K=3, p=0.1663, w0=0.7213, w1=0.7213, c.p=1.193, c.g=1.193
v.max=NA, d=3.742, vectorize=FALSE, hybrid=off
It 5: fitness=117100
It 10: fitness=117100
It 15: fitness=116900
It 20: fitness=116100
It 25: fitness=116100
It 30: fitness=115000
It 35: fitness=114900
It 40: fitness=114900
It 45: fitness=111000
It 50: fitness=110700
It 55: fitness=109400
It 60: fitness=109300
It 65: fitness=109300
It 70: fitness=104800
It 75: fitness=102800
It 80: fitness=102800
It 85: fitness=102800
It 90: fitness=102800
It 95: fitness=102800
It 100: fitness=102800
It 105: fitness=102800
It 110: fitness=102600
It 115: fitness=102300
It 120: fitness=102200
It 125: fitness=102000
It 130: fitness=101600
It 135: fitness=99720
It 140: fitness=98330
It 145: fitness=98310
It 150: fitness=97790
It 155: fitness=97370
It 160: fitness=96930
It 165: fitness=96840
It 170: fitness=96800
It 175: fitness=96000
It 180: fitness=95900
It 185: fitness=95460
It 190: fitness=95070
It 195: fitness=94910
It 200: fitness=94670
It 205: fitness=92490
It 210: fitness=92490
It 215: fitness=92490
It 220: fitness=92380
It 225: fitness=92160
It 230: fitness=92050
It 235: fitness=92010
It 240: fitness=91980
It 245: fitness=91830
It 250: fitness=91630
It 255: fitness=91580
It 260: fitness=91580
It 265: fitness=91530
It 270: fitness=91520
It 275: fitness=91520
It 280: fitness=91490
It 285: fitness=91350
It 290: fitness=91340
It 295: fitness=91250
It 300: fitness=91150
It 305: fitness=91150
It 310: fitness=91150
It 315: fitness=91150
It 320: fitness=91130
It 325: fitness=91130
It 330: fitness=91020
It 335: fitness=90920
It 340: fitness=90810
It 345: fitness=90810
It 350: fitness=90700
It 355: fitness=90700
It 360: fitness=90630
It 365: fitness=90590
It 370: fitness=90520
It 375: fitness=90470
It 380: fitness=90470
It 385: fitness=90440
It 390: fitness=90440
It 395: fitness=90440
It 400: fitness=90440
It 405: fitness=90410
It 410: fitness=90410
It 415: fitness=90410
It 420: fitness=90410
It 425: fitness=90410
It 430: fitness=90410
It 435: fitness=90410
It 440: fitness=90410
It 445: fitness=90360
It 450: fitness=90360
It 455: fitness=90360
It 460: fitness=90290
It 465: fitness=90290
It 470: fitness=90290
It 475: fitness=90280
It 480: fitness=90250
It 485: fitness=90160
It 490: fitness=90140
It 495: fitness=90120
It 500: fitness=90120
It 505: fitness=90110
It 510: fitness=90100
It 515: fitness=90100
It 520: fitness=90060
It 525: fitness=90060
It 530: fitness=90030
It 535: fitness=90000
It 540: fitness=90000
It 545: fitness=90000
It 550: fitness=89970
It 555: fitness=89940
It 560: fitness=89940
It 565: fitness=89940
It 570: fitness=89940
It 575: fitness=89930
It 580: fitness=89930
It 585: fitness=89930
It 590: fitness=89920
It 595: fitness=89910
It 600: fitness=89910
It 605: fitness=89910
It 610: fitness=89910
It 615: fitness=89890
It 620: fitness=89880
It 625: fitness=89880
It 630: fitness=89830
It 635: fitness=89830
It 640: fitness=89810
It 645: fitness=89810
It 650: fitness=89770
It 655: fitness=89770
It 660: fitness=89770
It 665: fitness=89770
It 670: fitness=89760
It 675: fitness=89750
It 680: fitness=89660
It 685: fitness=89660
It 690: fitness=89650
It 695: fitness=89650
It 700: fitness=89650
It 705: fitness=89620
It 710: fitness=89620
It 715: fitness=89620
It 720: fitness=89620
It 725: fitness=89610
It 730: fitness=89600
It 735: fitness=89600
It 740: fitness=89600
It 745: fitness=89600
It 750: fitness=89600
It 755: fitness=89600
It 760: fitness=89600
It 765: fitness=89600
It 770: fitness=89590
It 775: fitness=89590
It 780: fitness=89590
It 785: fitness=89590
It 790: fitness=89590
It 795: fitness=89590
It 800: fitness=89590
It 805: fitness=89590
It 810: fitness=89590
It 815: fitness=89590
It 820: fitness=89590
It 825: fitness=89590
It 830: fitness=89590
It 835: fitness=89590
It 840: fitness=89590
It 845: fitness=89590
It 850: fitness=89590
It 855: fitness=89590
It 860: fitness=89590
It 865: fitness=89590
It 870: fitness=89590
It 875: fitness=89590
It 880: fitness=89580
It 885: fitness=89570
It 890: fitness=89570
It 895: fitness=89570
It 900: fitness=89570
It 905: fitness=89570
It 910: fitness=89570
It 915: fitness=89570
It 920: fitness=89570
It 925: fitness=89570
It 930: fitness=89570
It 935: fitness=89570
It 940: fitness=89570
It 945: fitness=89570
It 950: fitness=89560
It 955: fitness=89560
It 960: fitness=89560
It 965: fitness=89560
It 970: fitness=89560
It 975: fitness=89560
It 980: fitness=89560
It 985: fitness=89560
It 990: fitness=89540
It 995: fitness=89540
It 1000: fitness=89540
It 1005: fitness=89540
It 1010: fitness=89540
It 1015: fitness=89540
It 1020: fitness=89540
It 1025: fitness=89540
It 1030: fitness=89540
It 1035: fitness=89540
It 1040: fitness=89540
It 1045: fitness=89540
It 1050: fitness=89540
It 1055: fitness=89540
It 1060: fitness=89540
It 1065: fitness=89540
It 1070: fitness=89540
It 1075: fitness=89540
It 1080: fitness=89540
It 1085: fitness=89540
It 1090: fitness=89540
It 1095: fitness=89540
It 1100: fitness=89540
It 1105: fitness=89540
It 1110: fitness=89540
It 1115: fitness=89540
It 1120: fitness=89540
It 1125: fitness=89540
It 1130: fitness=89540
It 1135: fitness=89540
It 1140: fitness=89540
It 1145: fitness=89540
It 1150: fitness=89540
It 1155: fitness=89540
It 1160: fitness=89540
It 1165: fitness=89540
It 1170: fitness=89540
It 1175: fitness=89540
It 1180: fitness=89540
It 1185: fitness=89540
It 1190: fitness=89540
It 1195: fitness=89540
It 1200: fitness=89540
It 1205: fitness=89540
It 1210: fitness=89540
It 1215: fitness=89540
It 1220: fitness=89540
It 1225: fitness=89540
It 1230: fitness=89540
It 1235: fitness=89540
It 1240: fitness=89540
It 1245: fitness=89540
It 1250: fitness=89540
It 1255: fitness=89540
It 1260: fitness=89540
It 1265: fitness=89540
It 1270: fitness=89540
It 1275: fitness=89540
It 1280: fitness=89540
It 1285: fitness=89540
It 1290: fitness=89540
It 1295: fitness=89540
It 1300: fitness=89540
It 1305: fitness=89540
It 1310: fitness=89540
It 1315: fitness=89540
It 1320: fitness=89540
It 1325: fitness=89540
It 1330: fitness=89540
It 1335: fitness=89540
It 1340: fitness=89540
It 1345: fitness=89540
Maximal number of iterations without improvement reached
>> Resamp_Iter 10 negLL: 89540.26 (ref:  90203.55 )
>> Resamp_params: 0.4403365 0.4392427 0.4270508 0.4000007 0.6594107 0.4113746 0.4654143 0.4310542 0.6966197 0.8511859 0.6965027 -10.34432 -13.70849 0.2882403 
