fit_results/data/all_states.list_sd_03150903.log>>> Loading state data: AL <<<
>>> Loading state data: AR <<<
>>> Loading state data: AZ <<<
>>> Loading state data: CA <<<
>>> Loading state data: CO <<<
>>> Loading state data: CT <<<
>>> Loading state data: DC <<<
>>> Loading state data: DE <<<
>>> Loading state data: FL <<<
>>> Loading state data: GA <<<
>>> Loading state data: IA <<<
>>> Loading state data: ID <<<
>>> Loading state data: IL <<<
>>> Loading state data: IN <<<
>>> Loading state data: KS <<<
>>> Loading state data: KY <<<
>>> Loading state data: LA <<<
>>> Loading state data: MA <<<
>>> Loading state data: MD <<<
>>> Loading state data: ME <<<
>>> Loading state data: MI <<<
>>> Loading state data: MN <<<
>>> Loading state data: MO <<<
>>> Loading state data: MS <<<
>>> Loading state data: MT <<<
>>> Loading state data: NC <<<
>>> Loading state data: ND <<<
>>> Loading state data: NE <<<
>>> Loading state data: NH <<<
>>> Loading state data: NJ <<<
>>> Loading state data: NM <<<
>>> Loading state data: NV <<<
>>> Loading state data: NY <<<
>>> Loading state data: OH <<<
>>> Loading state data: OK <<<
>>> Loading state data: OR <<<
>>> Loading state data: PA <<<
>>> Loading state data: RI <<<
>>> Loading state data: SC <<<
>>> Loading state data: SD <<<
>>> Loading state data: TN <<<
>>> Loading state data: TX <<<
>>> Loading state data: UT <<<
>>> Loading state data: VA <<<
>>> Loading state data: WA <<<
>>> Loading state data: WI <<<
>>> Loading state data: WV <<<
 [1]   0.5000000   0.5000000   0.5000000   0.5000000   0.5000000   0.5000000
 [7]   0.5000000   0.5000000   0.5000000   0.8262688   0.6006879 -16.0066679
[13] -26.4593566   0.3891786
96 cores seen; limit to 24 cores
>> sd Resamp 1 : 23 31 32 21 30 43 19 47 24 40 2 44 33 35 28 20 16 39 34 42 23 23 10 1 24 3 34 35 47 25 30 23 28 41 30 32 6 12 7 2 15 16 30 44 30 32 8 
>> Opt param @ resamp: 105829.8 
S=17, K=3, p=0.1663, w0=0.7213, w1=0.7213, c.p=1.193, c.g=1.193
v.max=NA, d=3.742, vectorize=FALSE, hybrid=off
It 5: fitness=131500
It 10: fitness=131500
It 15: fitness=131500
It 20: fitness=131500
It 25: fitness=120600
It 30: fitness=120600
It 35: fitness=120600
It 40: fitness=120600
It 45: fitness=120400
It 50: fitness=120400
It 55: fitness=120400
It 60: fitness=120400
It 65: fitness=120400
It 70: fitness=120400
It 75: fitness=120400
It 80: fitness=120400
It 85: fitness=120400
It 90: fitness=120400
It 95: fitness=120200
It 100: fitness=120200
It 105: fitness=120200
It 110: fitness=120100
It 115: fitness=120100
It 120: fitness=120100
It 125: fitness=120100
It 130: fitness=120100
It 135: fitness=119900
It 140: fitness=119900
It 145: fitness=119500
It 150: fitness=117800
It 155: fitness=110700
It 160: fitness=110200
It 165: fitness=110200
It 170: fitness=110100
It 175: fitness=109200
It 180: fitness=109000
It 185: fitness=109000
It 190: fitness=108200
It 195: fitness=108200
It 200: fitness=108200
It 205: fitness=108100
It 210: fitness=105900
It 215: fitness=105900
It 220: fitness=105000
It 225: fitness=105000
It 230: fitness=104700
It 235: fitness=104600
It 240: fitness=104500
It 245: fitness=104100
It 250: fitness=103300
It 255: fitness=103300
It 260: fitness=103200
It 265: fitness=103200
It 270: fitness=103100
It 275: fitness=103100
It 280: fitness=103000
It 285: fitness=103000
It 290: fitness=102900
It 295: fitness=102500
It 300: fitness=102500
It 305: fitness=102500
It 310: fitness=102500
It 315: fitness=102500
It 320: fitness=102500
It 325: fitness=102400
It 330: fitness=102400
It 335: fitness=102400
It 340: fitness=102300
It 345: fitness=102300
It 350: fitness=102300
It 355: fitness=102200
It 360: fitness=102200
It 365: fitness=102100
It 370: fitness=102100
It 375: fitness=102100
It 380: fitness=102100
It 385: fitness=102000
It 390: fitness=102000
It 395: fitness=102000
It 400: fitness=102000
It 405: fitness=101900
It 410: fitness=101900
It 415: fitness=101900
It 420: fitness=101900
It 425: fitness=101900
It 430: fitness=101900
It 435: fitness=101900
It 440: fitness=101900
It 445: fitness=101900
It 450: fitness=101900
It 455: fitness=101900
It 460: fitness=101900
It 465: fitness=101900
It 470: fitness=101900
It 475: fitness=101900
It 480: fitness=101900
It 485: fitness=101900
It 490: fitness=101900
It 495: fitness=101900
It 500: fitness=101900
It 505: fitness=101900
It 510: fitness=101900
It 515: fitness=101900
It 520: fitness=101900
It 525: fitness=101900
It 530: fitness=101900
It 535: fitness=101900
It 540: fitness=101900
It 545: fitness=101800
It 550: fitness=101800
It 555: fitness=101800
It 560: fitness=101400
It 565: fitness=101400
It 570: fitness=101200
It 575: fitness=101200
It 580: fitness=101100
It 585: fitness=101100
It 590: fitness=101100
It 595: fitness=101100
It 600: fitness=101100
It 605: fitness=101000
It 610: fitness=101000
It 615: fitness=101000
It 620: fitness=101000
It 625: fitness=101000
It 630: fitness=101000
It 635: fitness=101000
It 640: fitness=101000
It 645: fitness=101000
It 650: fitness=101000
It 655: fitness=101000
It 660: fitness=101000
It 665: fitness=101000
It 670: fitness=101000
It 675: fitness=101000
It 680: fitness=101000
It 685: fitness=101000
It 690: fitness=101000
It 695: fitness=101000
It 700: fitness=101000
It 705: fitness=101000
It 710: fitness=101000
It 715: fitness=101000
It 720: fitness=100900
It 725: fitness=100900
It 730: fitness=100900
It 735: fitness=100900
It 740: fitness=100900
It 745: fitness=100900
It 750: fitness=100900
It 755: fitness=100900
It 760: fitness=100900
It 765: fitness=100900
It 770: fitness=100900
It 775: fitness=100900
It 780: fitness=100900
It 785: fitness=100900
It 790: fitness=100900
It 795: fitness=100900
It 800: fitness=100900
It 805: fitness=100900
It 810: fitness=100900
It 815: fitness=100900
It 820: fitness=100900
It 825: fitness=100900
It 830: fitness=100900
It 835: fitness=100900
It 840: fitness=100900
It 845: fitness=100900
It 850: fitness=100900
It 855: fitness=100900
It 860: fitness=100900
It 865: fitness=100900
It 870: fitness=100900
It 875: fitness=100900
It 880: fitness=100900
It 885: fitness=100900
It 890: fitness=100900
It 895: fitness=100900
It 900: fitness=100900
It 905: fitness=100900
It 910: fitness=100900
It 915: fitness=100900
It 920: fitness=100900
It 925: fitness=100900
It 930: fitness=100900
It 935: fitness=100900
It 940: fitness=100900
It 945: fitness=100900
It 950: fitness=100900
It 955: fitness=100900
It 960: fitness=100900
It 965: fitness=100900
It 970: fitness=100900
It 975: fitness=100900
It 980: fitness=100900
It 985: fitness=100900
It 990: fitness=100900
It 995: fitness=100900
It 1000: fitness=100900
It 1005: fitness=100900
It 1010: fitness=100900
It 1015: fitness=100900
It 1020: fitness=100900
It 1025: fitness=100900
It 1030: fitness=100900
It 1035: fitness=100900
It 1040: fitness=100900
It 1045: fitness=100900
It 1050: fitness=100900
It 1055: fitness=100900
It 1060: fitness=100900
It 1065: fitness=100900
It 1070: fitness=100900
It 1075: fitness=100900
It 1080: fitness=100900
It 1085: fitness=100900
It 1090: fitness=100900
It 1095: fitness=100900
It 1100: fitness=100900
It 1105: fitness=100900
It 1110: fitness=100900
It 1115: fitness=100900
It 1120: fitness=100900
It 1125: fitness=100900
It 1130: fitness=100900
It 1135: fitness=100900
It 1140: fitness=100900
It 1145: fitness=100900
It 1150: fitness=100900
It 1155: fitness=100900
It 1160: fitness=100900
It 1165: fitness=100900
It 1170: fitness=100900
It 1175: fitness=100900
It 1180: fitness=100900
It 1185: fitness=100900
It 1190: fitness=100900
Maximal number of iterations without improvement reached
>> Resamp_Iter 1 negLL: 100882.5 (ref:  105829.8 )
>> Resamp_params: 0.4810204 0.4900188 0.4759478 0.4183135 0.6128494 0.47958 0.4903667 0.5133752 0.615915 0.8001788 0.7108218 -29.07673 -25.42299 0.3828364 
>> sd Resamp 2 : 10 22 2 2 31 2 42 22 45 27 44 31 13 46 2 36 33 16 35 28 9 14 30 46 20 36 11 10 11 8 7 26 10 1 33 40 30 4 20 39 16 21 13 38 35 29 32 
>> Opt param @ resamp: 113140.4 
S=17, K=3, p=0.1663, w0=0.7213, w1=0.7213, c.p=1.193, c.g=1.193
v.max=NA, d=3.742, vectorize=FALSE, hybrid=off
It 5: fitness=157100
It 10: fitness=157100
It 15: fitness=143400
It 20: fitness=143400
It 25: fitness=143400
It 30: fitness=142000
It 35: fitness=141100
It 40: fitness=141100
It 45: fitness=141100
It 50: fitness=141100
It 55: fitness=141100
It 60: fitness=141100
It 65: fitness=137400
It 70: fitness=137400
It 75: fitness=137400
It 80: fitness=137400
It 85: fitness=137400
It 90: fitness=137400
It 95: fitness=137400
It 100: fitness=137400
It 105: fitness=137400
It 110: fitness=137400
It 115: fitness=137300
It 120: fitness=137200
It 125: fitness=137200
It 130: fitness=137200
It 135: fitness=135900
It 140: fitness=134200
It 145: fitness=134200
It 150: fitness=133400
It 155: fitness=129800
It 160: fitness=126300
It 165: fitness=126300
It 170: fitness=126300
It 175: fitness=124700
It 180: fitness=124700
It 185: fitness=122000
It 190: fitness=120300
It 195: fitness=118300
It 200: fitness=118000
It 205: fitness=118000
It 210: fitness=117700
It 215: fitness=117100
It 220: fitness=117100
It 225: fitness=116100
It 230: fitness=113700
It 235: fitness=112800
It 240: fitness=112800
It 245: fitness=112800
It 250: fitness=112800
It 255: fitness=112800
It 260: fitness=112700
It 265: fitness=112600
It 270: fitness=112600
It 275: fitness=112500
It 280: fitness=112500
It 285: fitness=112500
It 290: fitness=112500
It 295: fitness=112500
It 300: fitness=112400
It 305: fitness=112400
It 310: fitness=112000
It 315: fitness=111900
It 320: fitness=111700
It 325: fitness=111700
It 330: fitness=111600
It 335: fitness=111500
It 340: fitness=111500
It 345: fitness=111400
It 350: fitness=111400
It 355: fitness=111400
It 360: fitness=111300
It 365: fitness=111200
It 370: fitness=111200
It 375: fitness=111200
It 380: fitness=111200
It 385: fitness=111200
It 390: fitness=111200
It 395: fitness=111100
It 400: fitness=111100
It 405: fitness=111100
It 410: fitness=111100
It 415: fitness=111100
It 420: fitness=111100
It 425: fitness=111100
It 430: fitness=111000
It 435: fitness=111000
It 440: fitness=111000
It 445: fitness=111000
It 450: fitness=111000
It 455: fitness=111000
It 460: fitness=111000
It 465: fitness=111000
It 470: fitness=111000
It 475: fitness=111000
It 480: fitness=111000
It 485: fitness=111000
It 490: fitness=111000
It 495: fitness=111000
It 500: fitness=111000
It 505: fitness=111000
It 510: fitness=111000
It 515: fitness=111000
It 520: fitness=111000
It 525: fitness=111000
It 530: fitness=111000
It 535: fitness=111000
It 540: fitness=111000
It 545: fitness=111000
It 550: fitness=111000
It 555: fitness=111000
It 560: fitness=111000
It 565: fitness=111000
It 570: fitness=111000
It 575: fitness=111000
It 580: fitness=111000
It 585: fitness=111000
It 590: fitness=111000
It 595: fitness=111000
It 600: fitness=111000
It 605: fitness=111000
It 610: fitness=111000
It 615: fitness=111000
It 620: fitness=111000
It 625: fitness=111000
It 630: fitness=110900
It 635: fitness=110900
It 640: fitness=110900
It 645: fitness=110900
It 650: fitness=110900
It 655: fitness=110900
It 660: fitness=110900
It 665: fitness=110900
It 670: fitness=110900
It 675: fitness=110900
It 680: fitness=110900
It 685: fitness=110800
It 690: fitness=110800
It 695: fitness=110800
It 700: fitness=110800
It 705: fitness=110800
It 710: fitness=110800
It 715: fitness=110800
It 720: fitness=110800
It 725: fitness=110800
It 730: fitness=110800
It 735: fitness=110800
It 740: fitness=110800
It 745: fitness=110800
It 750: fitness=110800
It 755: fitness=110800
It 760: fitness=110800
It 765: fitness=110800
It 770: fitness=110800
It 775: fitness=110800
It 780: fitness=110800
It 785: fitness=110800
It 790: fitness=110800
It 795: fitness=110800
It 800: fitness=110800
It 805: fitness=110800
It 810: fitness=110800
It 815: fitness=110800
It 820: fitness=110800
It 825: fitness=110800
It 830: fitness=110800
It 835: fitness=110800
It 840: fitness=110800
It 845: fitness=110800
It 850: fitness=110800
It 855: fitness=110800
It 860: fitness=110800
It 865: fitness=110800
It 870: fitness=110800
It 875: fitness=110800
It 880: fitness=110800
It 885: fitness=110800
It 890: fitness=110800
It 895: fitness=110800
It 900: fitness=110800
It 905: fitness=110800
It 910: fitness=110800
It 915: fitness=110800
It 920: fitness=110800
It 925: fitness=110800
It 930: fitness=110800
It 935: fitness=110800
It 940: fitness=110800
It 945: fitness=110800
It 950: fitness=110800
It 955: fitness=110800
It 960: fitness=110800
It 965: fitness=110800
It 970: fitness=110800
It 975: fitness=110800
It 980: fitness=110800
It 985: fitness=110800
It 990: fitness=110800
It 995: fitness=110800
It 1000: fitness=110800
It 1005: fitness=110800
It 1010: fitness=110800
It 1015: fitness=110800
It 1020: fitness=110800
It 1025: fitness=110800
It 1030: fitness=110800
It 1035: fitness=110800
It 1040: fitness=110800
It 1045: fitness=110800
It 1050: fitness=110800
It 1055: fitness=110800
It 1060: fitness=110800
It 1065: fitness=110800
It 1070: fitness=110800
It 1075: fitness=110800
It 1080: fitness=110800
It 1085: fitness=110800
It 1090: fitness=110800
It 1095: fitness=110800
It 1100: fitness=110800
It 1105: fitness=110800
It 1110: fitness=110800
Maximal number of iterations without improvement reached
>> Resamp_Iter 2 negLL: 110761.6 (ref:  113140.4 )
>> Resamp_params: 0.4842895 0.4897947 0.4752868 0.45807 0.467839 0.4821451 0.5154648 0.4970414 0.6300572 0.8 0.701912 -27.69272 -22.45462 0.3721226 
>> sd Resamp 3 : 33 17 15 25 18 9 20 14 20 46 11 44 17 37 5 26 34 31 22 29 31 29 26 31 4 18 35 9 36 12 18 23 5 33 23 47 1 45 27 32 1 28 45 47 37 21 7 
>> Opt param @ resamp: 105563.3 
S=17, K=3, p=0.1663, w0=0.7213, w1=0.7213, c.p=1.193, c.g=1.193
v.max=NA, d=3.742, vectorize=FALSE, hybrid=off
It 5: fitness=133100
It 10: fitness=133100
It 15: fitness=127300
It 20: fitness=127300
It 25: fitness=126700
It 30: fitness=126700
It 35: fitness=126600
It 40: fitness=126600
It 45: fitness=126500
It 50: fitness=126500
It 55: fitness=124700
It 60: fitness=124700
It 65: fitness=123600
It 70: fitness=123500
It 75: fitness=123500
It 80: fitness=123400
It 85: fitness=122400
It 90: fitness=122100
It 95: fitness=120100
It 100: fitness=120000
It 105: fitness=120000
It 110: fitness=119900
It 115: fitness=119900
It 120: fitness=119300
It 125: fitness=118200
It 130: fitness=117300
It 135: fitness=117300
It 140: fitness=116600
It 145: fitness=116300
It 150: fitness=116300
It 155: fitness=116300
It 160: fitness=115700
It 165: fitness=115000
It 170: fitness=113700
It 175: fitness=113000
It 180: fitness=106300
It 185: fitness=106200
It 190: fitness=105300
It 195: fitness=105100
It 200: fitness=105100
It 205: fitness=104900
It 210: fitness=104500
It 215: fitness=104500
It 220: fitness=104500
It 225: fitness=104300
It 230: fitness=104000
It 235: fitness=104000
It 240: fitness=104000
It 245: fitness=103900
It 250: fitness=103900
It 255: fitness=103900
It 260: fitness=103800
It 265: fitness=103800
It 270: fitness=103700
It 275: fitness=103700
It 280: fitness=103600
It 285: fitness=103600
It 290: fitness=103600
It 295: fitness=103600
It 300: fitness=103600
It 305: fitness=103600
It 310: fitness=103600
It 315: fitness=103500
It 320: fitness=103500
It 325: fitness=103500
It 330: fitness=103500
It 335: fitness=103500
It 340: fitness=103500
It 345: fitness=103500
It 350: fitness=103500
It 355: fitness=103500
It 360: fitness=103500
It 365: fitness=103500
It 370: fitness=103500
It 375: fitness=103500
It 380: fitness=103500
It 385: fitness=103500
It 390: fitness=103400
It 395: fitness=103400
It 400: fitness=103400
It 405: fitness=103400
It 410: fitness=103400
It 415: fitness=103400
It 420: fitness=103400
It 425: fitness=103400
It 430: fitness=103400
It 435: fitness=103400
It 440: fitness=103400
It 445: fitness=103400
It 450: fitness=103400
It 455: fitness=103400
It 460: fitness=103400
It 465: fitness=103300
It 470: fitness=103300
It 475: fitness=103300
It 480: fitness=103300
It 485: fitness=103300
It 490: fitness=103300
It 495: fitness=103300
It 500: fitness=103300
It 505: fitness=103300
It 510: fitness=103300
It 515: fitness=103300
It 520: fitness=103300
It 525: fitness=103300
It 530: fitness=103300
It 535: fitness=103300
It 540: fitness=103300
It 545: fitness=103300
It 550: fitness=103300
It 555: fitness=103300
It 560: fitness=103300
It 565: fitness=103300
It 570: fitness=103300
It 575: fitness=103300
It 580: fitness=103300
It 585: fitness=103300
It 590: fitness=103300
It 595: fitness=103300
It 600: fitness=103300
It 605: fitness=103300
It 610: fitness=103300
It 615: fitness=103300
It 620: fitness=103300
It 625: fitness=103300
It 630: fitness=103300
It 635: fitness=103300
It 640: fitness=103300
It 645: fitness=103300
It 650: fitness=103300
It 655: fitness=103300
It 660: fitness=103300
It 665: fitness=103300
It 670: fitness=103300
It 675: fitness=103300
It 680: fitness=103300
It 685: fitness=103300
It 690: fitness=103300
It 695: fitness=103300
It 700: fitness=103300
It 705: fitness=103300
It 710: fitness=103300
It 715: fitness=103300
It 720: fitness=103300
It 725: fitness=103300
It 730: fitness=103300
It 735: fitness=103300
It 740: fitness=103300
It 745: fitness=103300
It 750: fitness=103300
It 755: fitness=103300
It 760: fitness=103300
It 765: fitness=103300
It 770: fitness=103300
It 775: fitness=103300
It 780: fitness=103300
It 785: fitness=103300
It 790: fitness=103300
It 795: fitness=103300
It 800: fitness=103300
It 805: fitness=103300
It 810: fitness=103300
It 815: fitness=103300
It 820: fitness=103300
It 825: fitness=103300
It 830: fitness=103300
It 835: fitness=103300
It 840: fitness=103300
It 845: fitness=103300
It 850: fitness=103300
It 855: fitness=103300
It 860: fitness=103300
It 865: fitness=103300
It 870: fitness=103300
It 875: fitness=103300
It 880: fitness=103300
It 885: fitness=103300
It 890: fitness=103300
It 895: fitness=103300
It 900: fitness=103300
It 905: fitness=103300
It 910: fitness=103300
It 915: fitness=103300
It 920: fitness=103300
It 925: fitness=103300
It 930: fitness=103300
It 935: fitness=103300
It 940: fitness=103300
It 945: fitness=103300
It 950: fitness=103300
It 955: fitness=103300
It 960: fitness=103300
It 965: fitness=103300
It 970: fitness=103300
It 975: fitness=103300
It 980: fitness=103300
It 985: fitness=103300
It 990: fitness=103300
It 995: fitness=103300
It 1000: fitness=103300
It 1005: fitness=103300
It 1010: fitness=103300
It 1015: fitness=103300
It 1020: fitness=103300
It 1025: fitness=103300
It 1030: fitness=103300
It 1035: fitness=103300
It 1040: fitness=103300
It 1045: fitness=103300
It 1050: fitness=103300
It 1055: fitness=103300
It 1060: fitness=103300
It 1065: fitness=103300
It 1070: fitness=103300
It 1075: fitness=103300
It 1080: fitness=103300
It 1085: fitness=103300
Maximal number of iterations without improvement reached
>> Resamp_Iter 3 negLL: 103264.8 (ref:  105563.3 )
>> Resamp_params: 0.4592217 0.4814984 0.4781175 0.4573119 0.5862391 0.4714008 0.50183 0.5147538 0.6402234 0.8099557 0.6404609 -25.13407 -27.74569 0.3951817 
>> sd Resamp 4 : 28 33 32 24 9 14 15 6 5 26 5 18 38 34 30 34 20 37 22 35 32 3 43 5 1 7 14 23 41 23 27 44 46 4 19 31 34 14 45 10 35 10 32 38 1 34 43 
>> Opt param @ resamp: 96258.55 
S=17, K=3, p=0.1663, w0=0.7213, w1=0.7213, c.p=1.193, c.g=1.193
v.max=NA, d=3.742, vectorize=FALSE, hybrid=off
It 5: fitness=137700
It 10: fitness=137700
It 15: fitness=132200
It 20: fitness=113500
It 25: fitness=111900
It 30: fitness=111900
It 35: fitness=111800
It 40: fitness=111800
It 45: fitness=111800
It 50: fitness=111700
It 55: fitness=111700
It 60: fitness=111700
It 65: fitness=111700
It 70: fitness=111700
It 75: fitness=111700
It 80: fitness=111700
It 85: fitness=111700
It 90: fitness=111700
It 95: fitness=111700
It 100: fitness=111700
It 105: fitness=111600
It 110: fitness=111600
It 115: fitness=111600
It 120: fitness=111600
It 125: fitness=111600
It 130: fitness=111600
It 135: fitness=111600
It 140: fitness=106900
It 145: fitness=106000
It 150: fitness=105800
It 155: fitness=105500
It 160: fitness=105200
It 165: fitness=105100
It 170: fitness=104400
It 175: fitness=104000
It 180: fitness=104000
It 185: fitness=101300
It 190: fitness=101200
It 195: fitness=101200
It 200: fitness=100800
It 205: fitness=100300
It 210: fitness=100300
It 215: fitness=99110
It 220: fitness=97880
It 225: fitness=97530
It 230: fitness=97130
It 235: fitness=96360
It 240: fitness=96100
It 245: fitness=95750
It 250: fitness=95580
It 255: fitness=95540
It 260: fitness=95320
It 265: fitness=95260
It 270: fitness=95260
It 275: fitness=95220
It 280: fitness=95220
It 285: fitness=95220
It 290: fitness=95220
It 295: fitness=95180
It 300: fitness=95180
It 305: fitness=95170
It 310: fitness=95100
It 315: fitness=95100
It 320: fitness=95100
It 325: fitness=95100
It 330: fitness=95070
It 335: fitness=95070
It 340: fitness=95030
It 345: fitness=95030
It 350: fitness=95030
It 355: fitness=95030
It 360: fitness=95020
It 365: fitness=95000
It 370: fitness=95000
It 375: fitness=95000
It 380: fitness=94990
It 385: fitness=94990
It 390: fitness=94990
It 395: fitness=94990
It 400: fitness=94990
It 405: fitness=94990
It 410: fitness=94990
It 415: fitness=94980
It 420: fitness=94980
It 425: fitness=94980
It 430: fitness=94980
It 435: fitness=94980
It 440: fitness=94980
It 445: fitness=94980
It 450: fitness=94980
It 455: fitness=94980
It 460: fitness=94980
It 465: fitness=94980
It 470: fitness=94980
It 475: fitness=94980
It 480: fitness=94980
It 485: fitness=94980
It 490: fitness=94940
It 495: fitness=94940
It 500: fitness=94940
It 505: fitness=94940
It 510: fitness=94940
It 515: fitness=94940
It 520: fitness=94940
It 525: fitness=94940
It 530: fitness=94940
It 535: fitness=94940
It 540: fitness=94940
It 545: fitness=94920
It 550: fitness=94890
It 555: fitness=94890
It 560: fitness=94890
It 565: fitness=94890
It 570: fitness=94890
It 575: fitness=94890
It 580: fitness=94890
It 585: fitness=94890
It 590: fitness=94880
It 595: fitness=94880
It 600: fitness=94860
It 605: fitness=94860
It 610: fitness=94860
It 615: fitness=94860
It 620: fitness=94860
It 625: fitness=94860
It 630: fitness=94860
It 635: fitness=94860
It 640: fitness=94860
It 645: fitness=94860
It 650: fitness=94860
It 655: fitness=94860
It 660: fitness=94860
It 665: fitness=94860
It 670: fitness=94860
It 675: fitness=94860
It 680: fitness=94860
It 685: fitness=94860
It 690: fitness=94860
It 695: fitness=94860
It 700: fitness=94860
It 705: fitness=94860
It 710: fitness=94860
It 715: fitness=94850
It 720: fitness=94850
It 725: fitness=94850
It 730: fitness=94850
It 735: fitness=94850
It 740: fitness=94850
It 745: fitness=94840
It 750: fitness=94840
It 755: fitness=94840
It 760: fitness=94840
It 765: fitness=94840
It 770: fitness=94840
It 775: fitness=94840
It 780: fitness=94840
It 785: fitness=94840
It 790: fitness=94840
It 795: fitness=94840
It 800: fitness=94840
It 805: fitness=94840
It 810: fitness=94840
It 815: fitness=94840
It 820: fitness=94840
It 825: fitness=94840
It 830: fitness=94840
It 835: fitness=94840
It 840: fitness=94840
It 845: fitness=94840
It 850: fitness=94840
It 855: fitness=94840
It 860: fitness=94840
It 865: fitness=94840
It 870: fitness=94840
It 875: fitness=94840
It 880: fitness=94840
It 885: fitness=94840
It 890: fitness=94840
It 895: fitness=94800
It 900: fitness=94800
It 905: fitness=94800
It 910: fitness=94800
It 915: fitness=94800
It 920: fitness=94800
It 925: fitness=94800
It 930: fitness=94800
It 935: fitness=94800
It 940: fitness=94800
It 945: fitness=94800
It 950: fitness=94800
It 955: fitness=94800
It 960: fitness=94790
It 965: fitness=94790
It 970: fitness=94790
It 975: fitness=94780
It 980: fitness=94780
It 985: fitness=94780
It 990: fitness=94780
It 995: fitness=94780
It 1000: fitness=94780
It 1005: fitness=94780
It 1010: fitness=94780
It 1015: fitness=94780
It 1020: fitness=94780
It 1025: fitness=94780
It 1030: fitness=94780
It 1035: fitness=94780
It 1040: fitness=94780
It 1045: fitness=94780
It 1050: fitness=94770
It 1055: fitness=94770
It 1060: fitness=94770
It 1065: fitness=94770
It 1070: fitness=94770
It 1075: fitness=94770
It 1080: fitness=94770
It 1085: fitness=94770
It 1090: fitness=94770
It 1095: fitness=94770
It 1100: fitness=94770
It 1105: fitness=94770
It 1110: fitness=94760
It 1115: fitness=94760
It 1120: fitness=94760
It 1125: fitness=94760
It 1130: fitness=94760
It 1135: fitness=94760
It 1140: fitness=94750
It 1145: fitness=94750
It 1150: fitness=94750
It 1155: fitness=94750
It 1160: fitness=94750
It 1165: fitness=94750
It 1170: fitness=94750
It 1175: fitness=94750
It 1180: fitness=94750
It 1185: fitness=94750
It 1190: fitness=94750
It 1195: fitness=94750
It 1200: fitness=94750
It 1205: fitness=94750
It 1210: fitness=94750
It 1215: fitness=94750
It 1220: fitness=94750
It 1225: fitness=94750
It 1230: fitness=94750
It 1235: fitness=94750
It 1240: fitness=94750
It 1245: fitness=94750
It 1250: fitness=94750
It 1255: fitness=94750
It 1260: fitness=94750
It 1265: fitness=94750
It 1270: fitness=94750
It 1275: fitness=94750
It 1280: fitness=94750
It 1285: fitness=94750
It 1290: fitness=94750
It 1295: fitness=94750
It 1300: fitness=94750
It 1305: fitness=94750
It 1310: fitness=94750
It 1315: fitness=94750
It 1320: fitness=94750
It 1325: fitness=94750
It 1330: fitness=94750
It 1335: fitness=94750
It 1340: fitness=94750
It 1345: fitness=94750
It 1350: fitness=94750
It 1355: fitness=94750
Maximal number of iterations without improvement reached
>> Resamp_Iter 4 negLL: 94748.77 (ref:  96258.55 )
>> Resamp_params: 0.4854149 0.5047142 0.4839403 0.4641218 0.5739315 0.4859755 0.5117432 0.5143783 0.6222742 0.8157459 0.606807 -25.71986 -25.79676 0.388879 
>> sd Resamp 5 : 29 30 15 15 37 47 13 4 37 25 11 15 44 39 45 20 2 39 28 15 9 21 30 33 29 27 41 16 37 30 6 9 5 4 28 7 23 39 38 29 11 11 33 20 17 18 32 
>> Opt param @ resamp: 122250.2 
S=17, K=3, p=0.1663, w0=0.7213, w1=0.7213, c.p=1.193, c.g=1.193
v.max=NA, d=3.742, vectorize=FALSE, hybrid=off
It 5: fitness=181200
It 10: fitness=156300
It 15: fitness=156300
It 20: fitness=156300
It 25: fitness=156300
It 30: fitness=156300
It 35: fitness=154900
It 40: fitness=153100
It 45: fitness=153000
It 50: fitness=153000
It 55: fitness=152900
It 60: fitness=152900
It 65: fitness=152900
It 70: fitness=152900
It 75: fitness=151700
It 80: fitness=140300
It 85: fitness=140300
It 90: fitness=139000
It 95: fitness=139000
It 100: fitness=139000
It 105: fitness=138900
It 110: fitness=138300
It 115: fitness=137100
It 120: fitness=134000
It 125: fitness=133500
It 130: fitness=133500
It 135: fitness=133100
It 140: fitness=132900
It 145: fitness=132900
It 150: fitness=132700
It 155: fitness=132400
It 160: fitness=130100
It 165: fitness=129500
It 170: fitness=128400
It 175: fitness=127600
It 180: fitness=126300
It 185: fitness=124700
It 190: fitness=124300
It 195: fitness=124000
It 200: fitness=122700
It 205: fitness=122700
It 210: fitness=122500
It 215: fitness=121800
It 220: fitness=121800
It 225: fitness=121500
It 230: fitness=121400
It 235: fitness=121300
It 240: fitness=121300
It 245: fitness=121200
It 250: fitness=121100
It 255: fitness=121100
It 260: fitness=120900
It 265: fitness=120800
It 270: fitness=119700
It 275: fitness=119500
It 280: fitness=119500
It 285: fitness=119400
It 290: fitness=119400
It 295: fitness=119300
It 300: fitness=119300
It 305: fitness=119300
It 310: fitness=119300
It 315: fitness=119300
It 320: fitness=119200
It 325: fitness=119200
It 330: fitness=119200
It 335: fitness=119200
It 340: fitness=119200
It 345: fitness=119200
It 350: fitness=119200
It 355: fitness=119200
It 360: fitness=119000
It 365: fitness=119000
It 370: fitness=119000
It 375: fitness=119000
It 380: fitness=119000
It 385: fitness=119000
It 390: fitness=119000
It 395: fitness=119000
It 400: fitness=119000
It 405: fitness=119000
It 410: fitness=119000
It 415: fitness=119000
It 420: fitness=119000
It 425: fitness=119000
It 430: fitness=119000
It 435: fitness=119000
It 440: fitness=119000
It 445: fitness=119000
It 450: fitness=119000
It 455: fitness=119000
It 460: fitness=119000
It 465: fitness=119000
It 470: fitness=119000
It 475: fitness=119000
It 480: fitness=119000
It 485: fitness=119000
It 490: fitness=119000
It 495: fitness=119000
It 500: fitness=119000
It 505: fitness=119000
It 510: fitness=119000
It 515: fitness=119000
It 520: fitness=119000
It 525: fitness=119000
It 530: fitness=119000
It 535: fitness=119000
It 540: fitness=119000
It 545: fitness=119000
It 550: fitness=119000
It 555: fitness=119000
It 560: fitness=119000
It 565: fitness=119000
It 570: fitness=119000
It 575: fitness=119000
It 580: fitness=119000
It 585: fitness=119000
It 590: fitness=119000
It 595: fitness=119000
It 600: fitness=119000
It 605: fitness=119000
It 610: fitness=119000
It 615: fitness=119000
It 620: fitness=119000
It 625: fitness=119000
It 630: fitness=119000
It 635: fitness=119000
It 640: fitness=119000
It 645: fitness=118900
It 650: fitness=118900
It 655: fitness=118900
It 660: fitness=118900
It 665: fitness=118900
It 670: fitness=118900
It 675: fitness=118900
It 680: fitness=118900
It 685: fitness=118900
It 690: fitness=118900
It 695: fitness=118900
It 700: fitness=118900
It 705: fitness=118900
It 710: fitness=118900
It 715: fitness=118900
It 720: fitness=118900
It 725: fitness=118900
It 730: fitness=118900
It 735: fitness=118900
It 740: fitness=118900
It 745: fitness=118900
It 750: fitness=118900
It 755: fitness=118900
It 760: fitness=118900
It 765: fitness=118900
It 770: fitness=118900
It 775: fitness=118800
It 780: fitness=118800
It 785: fitness=118800
It 790: fitness=118800
It 795: fitness=118800
It 800: fitness=118800
It 805: fitness=118800
It 810: fitness=118800
It 815: fitness=118700
It 820: fitness=118700
It 825: fitness=118500
It 830: fitness=118500
It 835: fitness=118500
It 840: fitness=118500
It 845: fitness=118500
It 850: fitness=118500
It 855: fitness=118500
It 860: fitness=118500
It 865: fitness=118500
It 870: fitness=118500
It 875: fitness=118500
It 880: fitness=118500
It 885: fitness=118500
It 890: fitness=118500
It 895: fitness=118500
It 900: fitness=118300
It 905: fitness=118300
It 910: fitness=118300
It 915: fitness=118200
It 920: fitness=118100
It 925: fitness=118100
It 930: fitness=118100
It 935: fitness=118100
It 940: fitness=118100
It 945: fitness=118100
It 950: fitness=118100
It 955: fitness=118100
It 960: fitness=118100
It 965: fitness=118100
It 970: fitness=118100
It 975: fitness=118100
It 980: fitness=118100
It 985: fitness=118100
It 990: fitness=118100
It 995: fitness=118100
It 1000: fitness=118100
It 1005: fitness=118100
It 1010: fitness=118100
It 1015: fitness=118100
It 1020: fitness=118100
It 1025: fitness=118100
It 1030: fitness=118100
It 1035: fitness=118100
It 1040: fitness=118100
It 1045: fitness=118100
It 1050: fitness=118100
It 1055: fitness=118100
It 1060: fitness=118100
It 1065: fitness=118100
It 1070: fitness=118100
It 1075: fitness=118100
It 1080: fitness=118100
It 1085: fitness=118100
It 1090: fitness=118100
It 1095: fitness=118100
It 1100: fitness=118100
It 1105: fitness=118100
It 1110: fitness=118100
It 1115: fitness=118100
It 1120: fitness=118100
It 1125: fitness=118100
It 1130: fitness=118100
It 1135: fitness=118100
It 1140: fitness=118100
It 1145: fitness=118100
It 1150: fitness=118100
It 1155: fitness=118100
It 1160: fitness=118100
It 1165: fitness=118100
It 1170: fitness=118100
It 1175: fitness=118100
It 1180: fitness=118100
It 1185: fitness=118100
It 1190: fitness=118100
It 1195: fitness=118100
It 1200: fitness=118100
It 1205: fitness=118100
It 1210: fitness=118100
It 1215: fitness=118100
It 1220: fitness=118100
It 1225: fitness=118100
It 1230: fitness=118100
It 1235: fitness=118100
It 1240: fitness=118100
It 1245: fitness=118100
It 1250: fitness=118100
It 1255: fitness=118100
It 1260: fitness=118100
It 1265: fitness=118100
It 1270: fitness=118100
It 1275: fitness=118100
It 1280: fitness=118100
It 1285: fitness=118100
It 1290: fitness=118100
Maximal number of iterations without improvement reached
>> Resamp_Iter 5 negLL: 118051.4 (ref:  122250.2 )
>> Resamp_params: 0.4800347 0.4655191 0.457733 0.4433882 0.6121736 0.4623948 0.5011731 0.521446 0.6422028 0.8069283 0.676305 -26.11711 -39.83523 0.423549 
>> sd Resamp 6 : 10 6 29 8 18 22 39 41 3 37 46 21 13 17 21 39 12 35 32 40 35 35 6 46 39 9 44 19 15 21 16 23 36 1 16 43 13 24 40 1 42 4 7 33 33 36 30 
>> Opt param @ resamp: 127776.4 
S=17, K=3, p=0.1663, w0=0.7213, w1=0.7213, c.p=1.193, c.g=1.193
v.max=NA, d=3.742, vectorize=FALSE, hybrid=off
It 5: fitness=171700
It 10: fitness=171700
It 15: fitness=151600
It 20: fitness=145900
It 25: fitness=145900
It 30: fitness=145400
It 35: fitness=145300
It 40: fitness=145300
It 45: fitness=145200
It 50: fitness=145200
It 55: fitness=144100
It 60: fitness=144100
It 65: fitness=143700
It 70: fitness=143300
It 75: fitness=142500
It 80: fitness=142400
It 85: fitness=142000
It 90: fitness=141200
It 95: fitness=140600
It 100: fitness=134700
It 105: fitness=134600
It 110: fitness=133800
It 115: fitness=132800
It 120: fitness=131800
It 125: fitness=130700
It 130: fitness=129800
It 135: fitness=128500
It 140: fitness=128300
It 145: fitness=128300
It 150: fitness=127900
It 155: fitness=127900
It 160: fitness=127700
It 165: fitness=127700
It 170: fitness=127600
It 175: fitness=127400
It 180: fitness=127400
It 185: fitness=127300
It 190: fitness=127300
It 195: fitness=127100
It 200: fitness=127100
It 205: fitness=127100
It 210: fitness=127000
It 215: fitness=127000
It 220: fitness=127000
It 225: fitness=127000
It 230: fitness=127000
It 235: fitness=126900
It 240: fitness=126900
It 245: fitness=126900
It 250: fitness=126800
It 255: fitness=126800
It 260: fitness=126700
It 265: fitness=126700
It 270: fitness=126700
It 275: fitness=126700
It 280: fitness=126700
It 285: fitness=126600
It 290: fitness=126600
It 295: fitness=126600
It 300: fitness=126600
It 305: fitness=126500
It 310: fitness=126500
It 315: fitness=126500
It 320: fitness=126500
It 325: fitness=126500
It 330: fitness=126500
It 335: fitness=126400
It 340: fitness=126400
It 345: fitness=126300
It 350: fitness=126300
It 355: fitness=126200
It 360: fitness=126200
It 365: fitness=126200
It 370: fitness=126200
It 375: fitness=126200
It 380: fitness=126100
It 385: fitness=126100
It 390: fitness=126000
It 395: fitness=126000
It 400: fitness=126000
It 405: fitness=126000
It 410: fitness=126000
It 415: fitness=126000
It 420: fitness=125900
It 425: fitness=125900
It 430: fitness=125900
It 435: fitness=125800
It 440: fitness=125800
It 445: fitness=125800
It 450: fitness=125700
It 455: fitness=125600
It 460: fitness=125600
It 465: fitness=125600
It 470: fitness=125600
It 475: fitness=125600
It 480: fitness=125600
It 485: fitness=125500
It 490: fitness=125500
It 495: fitness=125500
It 500: fitness=125400
It 505: fitness=125400
It 510: fitness=125400
It 515: fitness=125400
It 520: fitness=125400
It 525: fitness=125400
It 530: fitness=125300
It 535: fitness=125200
It 540: fitness=125200
It 545: fitness=125200
It 550: fitness=125200
It 555: fitness=125200
It 560: fitness=125200
It 565: fitness=125200
It 570: fitness=125200
It 575: fitness=125200
It 580: fitness=125200
It 585: fitness=125200
It 590: fitness=125200
It 595: fitness=125100
It 600: fitness=125100
It 605: fitness=125100
It 610: fitness=125100
It 615: fitness=125100
It 620: fitness=125100
It 625: fitness=125100
It 630: fitness=125100
It 635: fitness=125100
It 640: fitness=125100
It 645: fitness=125100
It 650: fitness=125100
It 655: fitness=125100
It 660: fitness=125100
It 665: fitness=125100
It 670: fitness=125100
It 675: fitness=125100
It 680: fitness=125100
It 685: fitness=125100
It 690: fitness=125100
It 695: fitness=125100
It 700: fitness=125100
It 705: fitness=125000
It 710: fitness=125000
It 715: fitness=125000
It 720: fitness=125000
It 725: fitness=125000
It 730: fitness=125000
It 735: fitness=125000
It 740: fitness=125000
It 745: fitness=125000
It 750: fitness=125000
It 755: fitness=125000
It 760: fitness=125000
It 765: fitness=125000
It 770: fitness=125000
It 775: fitness=125000
It 780: fitness=125000
It 785: fitness=125000
It 790: fitness=125000
It 795: fitness=125000
It 800: fitness=125000
It 805: fitness=125000
It 810: fitness=125000
It 815: fitness=125000
It 820: fitness=125000
It 825: fitness=125000
It 830: fitness=125000
It 835: fitness=125000
It 840: fitness=125000
It 845: fitness=125000
It 850: fitness=125000
It 855: fitness=125000
It 860: fitness=125000
It 865: fitness=125000
It 870: fitness=125000
It 875: fitness=125000
It 880: fitness=125000
It 885: fitness=125000
It 890: fitness=125000
It 895: fitness=125000
It 900: fitness=125000
It 905: fitness=125000
It 910: fitness=125000
It 915: fitness=125000
It 920: fitness=125000
It 925: fitness=125000
It 930: fitness=125000
It 935: fitness=125000
It 940: fitness=125000
It 945: fitness=125000
It 950: fitness=125000
It 955: fitness=125000
It 960: fitness=125000
It 965: fitness=125000
It 970: fitness=125000
It 975: fitness=125000
It 980: fitness=125000
It 985: fitness=125000
It 990: fitness=125000
It 995: fitness=125000
Maximal number of iterations without improvement reached
>> Resamp_Iter 6 negLL: 125033.7 (ref:  127776.4 )
>> Resamp_params: 0.5074215 0.514478 0.5322582 0.4809358 0.5734765 0.5036996 0.536684 0.565061 0.6104148 0.8002613 0.6287253 -33.31701 -21.09496 0.3725952 
>> sd Resamp 7 : 33 39 15 14 45 39 45 18 30 17 6 15 32 44 21 42 21 34 46 44 21 17 14 11 45 8 27 36 27 13 20 30 35 2 31 39 9 30 10 18 6 42 8 24 19 4 23 
>> Opt param @ resamp: 127397.2 
S=17, K=3, p=0.1663, w0=0.7213, w1=0.7213, c.p=1.193, c.g=1.193
v.max=NA, d=3.742, vectorize=FALSE, hybrid=off
It 5: fitness=170900
It 10: fitness=163300
It 15: fitness=162100
It 20: fitness=153800
It 25: fitness=153600
It 30: fitness=153600
It 35: fitness=153600
It 40: fitness=153500
It 45: fitness=153500
It 50: fitness=153400
It 55: fitness=153400
It 60: fitness=153400
It 65: fitness=153400
It 70: fitness=153400
It 75: fitness=147100
It 80: fitness=145400
It 85: fitness=145400
It 90: fitness=142900
It 95: fitness=142900
It 100: fitness=142600
It 105: fitness=142500
It 110: fitness=141500
It 115: fitness=141400
It 120: fitness=141300
It 125: fitness=141200
It 130: fitness=137400
It 135: fitness=136500
It 140: fitness=135400
It 145: fitness=135100
It 150: fitness=134300
It 155: fitness=134300
It 160: fitness=134000
It 165: fitness=133900
It 170: fitness=132500
It 175: fitness=131600
It 180: fitness=131400
It 185: fitness=130900
It 190: fitness=130800
It 195: fitness=130700
It 200: fitness=130700
It 205: fitness=130700
It 210: fitness=130700
It 215: fitness=130600
It 220: fitness=130600
It 225: fitness=130600
It 230: fitness=130200
It 235: fitness=130100
It 240: fitness=130000
It 245: fitness=129300
It 250: fitness=128700
It 255: fitness=128400
It 260: fitness=128400
It 265: fitness=128300
It 270: fitness=128200
It 275: fitness=128200
It 280: fitness=128200
It 285: fitness=127500
It 290: fitness=127500
It 295: fitness=127500
It 300: fitness=127200
It 305: fitness=127200
It 310: fitness=127100
It 315: fitness=126900
It 320: fitness=126800
It 325: fitness=126800
It 330: fitness=126300
It 335: fitness=126300
It 340: fitness=126200
It 345: fitness=126200
It 350: fitness=126100
It 355: fitness=126100
It 360: fitness=126100
It 365: fitness=126100
It 370: fitness=126100
It 375: fitness=126100
It 380: fitness=126100
It 385: fitness=126000
It 390: fitness=126000
It 395: fitness=126000
It 400: fitness=126000
It 405: fitness=126000
It 410: fitness=126000
It 415: fitness=125900
It 420: fitness=125900
It 425: fitness=125900
It 430: fitness=125900
It 435: fitness=125800
It 440: fitness=125700
It 445: fitness=125700
It 450: fitness=125700
It 455: fitness=125600
It 460: fitness=125600
It 465: fitness=125600
It 470: fitness=125600
It 475: fitness=125500
It 480: fitness=125500
It 485: fitness=125500
It 490: fitness=125500
It 495: fitness=125500
It 500: fitness=125500
It 505: fitness=125500
It 510: fitness=125500
It 515: fitness=125500
It 520: fitness=125500
It 525: fitness=125400
It 530: fitness=125400
It 535: fitness=125400
It 540: fitness=125400
It 545: fitness=125400
It 550: fitness=125400
It 555: fitness=125400
It 560: fitness=125400
It 565: fitness=125400
It 570: fitness=125400
It 575: fitness=125400
It 580: fitness=125400
It 585: fitness=125300
It 590: fitness=125300
It 595: fitness=125300
It 600: fitness=125300
It 605: fitness=125300
It 610: fitness=125300
It 615: fitness=125300
It 620: fitness=125300
It 625: fitness=125300
It 630: fitness=125300
It 635: fitness=125300
It 640: fitness=125300
It 645: fitness=125300
It 650: fitness=125300
It 655: fitness=125300
It 660: fitness=125300
It 665: fitness=125300
It 670: fitness=125300
It 675: fitness=125300
It 680: fitness=125300
It 685: fitness=125300
It 690: fitness=125300
It 695: fitness=125300
It 700: fitness=125300
It 705: fitness=125300
It 710: fitness=125300
It 715: fitness=125300
It 720: fitness=125300
It 725: fitness=125300
It 730: fitness=125200
It 735: fitness=125200
It 740: fitness=125200
It 745: fitness=125200
It 750: fitness=125200
It 755: fitness=125200
It 760: fitness=125200
It 765: fitness=125200
It 770: fitness=125200
It 775: fitness=125200
It 780: fitness=125200
It 785: fitness=125200
It 790: fitness=125200
It 795: fitness=125200
It 800: fitness=125200
It 805: fitness=125200
It 810: fitness=125200
It 815: fitness=125200
It 820: fitness=125200
It 825: fitness=125200
It 830: fitness=125200
It 835: fitness=125200
It 840: fitness=125200
It 845: fitness=125200
It 850: fitness=125200
It 855: fitness=125200
It 860: fitness=125200
It 865: fitness=125200
It 870: fitness=125200
It 875: fitness=125200
It 880: fitness=125200
It 885: fitness=125200
It 890: fitness=125200
It 895: fitness=125200
It 900: fitness=125200
It 905: fitness=125200
It 910: fitness=125200
It 915: fitness=125200
It 920: fitness=125200
It 925: fitness=125200
It 930: fitness=125200
Maximal number of iterations without improvement reached
>> Resamp_Iter 7 negLL: 125241.6 (ref:  127397.2 )
>> Resamp_params: 0.4741366 0.4908114 0.4711728 0.4592333 0.5857308 0.4780456 0.5122339 0.516869 0.6175118 0.8 0.6876085 -24.17959 -20.90927 0.363234 
>> sd Resamp 8 : 19 8 9 20 21 38 8 7 47 10 26 22 15 36 34 10 2 35 19 23 34 7 15 14 33 9 35 7 23 29 43 23 17 25 43 29 8 5 26 1 33 38 40 27 21 26 16 
>> Opt param @ resamp: 98427.61 
S=17, K=3, p=0.1663, w0=0.7213, w1=0.7213, c.p=1.193, c.g=1.193
v.max=NA, d=3.742, vectorize=FALSE, hybrid=off
It 5: fitness=131000
It 10: fitness=131000
It 15: fitness=113100
It 20: fitness=111800
It 25: fitness=111800
It 30: fitness=111800
It 35: fitness=111800
It 40: fitness=111600
It 45: fitness=111600
It 50: fitness=111600
It 55: fitness=111600
It 60: fitness=111600
It 65: fitness=111600
It 70: fitness=111600
It 75: fitness=111600
It 80: fitness=111600
It 85: fitness=111600
It 90: fitness=111600
It 95: fitness=108600
It 100: fitness=108100
It 105: fitness=107900
It 110: fitness=107900
It 115: fitness=107900
It 120: fitness=106700
It 125: fitness=106700
It 130: fitness=106600
It 135: fitness=106600
It 140: fitness=106500
It 145: fitness=105600
It 150: fitness=105600
It 155: fitness=104800
It 160: fitness=104200
It 165: fitness=103200
It 170: fitness=102800
It 175: fitness=101700
It 180: fitness=101500
It 185: fitness=101200
It 190: fitness=101000
It 195: fitness=100700
It 200: fitness=100300
It 205: fitness=100300
It 210: fitness=100300
It 215: fitness=100100
It 220: fitness=1e+05
It 225: fitness=99920
It 230: fitness=99920
It 235: fitness=99830
It 240: fitness=99580
It 245: fitness=99450
It 250: fitness=99320
It 255: fitness=99220
It 260: fitness=99100
It 265: fitness=98930
It 270: fitness=98900
It 275: fitness=98800
It 280: fitness=98800
It 285: fitness=98740
It 290: fitness=98720
It 295: fitness=98710
It 300: fitness=98710
It 305: fitness=98670
It 310: fitness=98670
It 315: fitness=98640
It 320: fitness=98520
It 325: fitness=98340
It 330: fitness=98340
It 335: fitness=98260
It 340: fitness=98250
It 345: fitness=98210
It 350: fitness=98140
It 355: fitness=98060
It 360: fitness=98010
It 365: fitness=97990
It 370: fitness=97950
It 375: fitness=97950
It 380: fitness=97950
It 385: fitness=97940
It 390: fitness=97840
It 395: fitness=97840
It 400: fitness=97840
It 405: fitness=97840
It 410: fitness=97840
It 415: fitness=97840
It 420: fitness=97680
It 425: fitness=97540
It 430: fitness=97490
It 435: fitness=97480
It 440: fitness=97320
It 445: fitness=97280
It 450: fitness=97240
It 455: fitness=97240
It 460: fitness=97240
It 465: fitness=97240
It 470: fitness=97240
It 475: fitness=97240
It 480: fitness=97180
It 485: fitness=97150
It 490: fitness=97150
It 495: fitness=97070
It 500: fitness=97060
It 505: fitness=97020
It 510: fitness=96990
It 515: fitness=96830
It 520: fitness=96830
It 525: fitness=96830
It 530: fitness=96810
It 535: fitness=96810
It 540: fitness=96810
It 545: fitness=96810
It 550: fitness=96810
It 555: fitness=96810
It 560: fitness=96780
It 565: fitness=96780
It 570: fitness=96750
It 575: fitness=96750
It 580: fitness=96750
It 585: fitness=96750
It 590: fitness=96720
It 595: fitness=96720
It 600: fitness=96680
It 605: fitness=96670
It 610: fitness=96620
It 615: fitness=96620
It 620: fitness=96620
It 625: fitness=96620
It 630: fitness=96620
It 635: fitness=96600
It 640: fitness=96600
It 645: fitness=96600
It 650: fitness=96600
It 655: fitness=96520
It 660: fitness=96520
It 665: fitness=96520
It 670: fitness=96520
It 675: fitness=96520
It 680: fitness=96520
It 685: fitness=96520
It 690: fitness=96520
It 695: fitness=96520
It 700: fitness=96520
It 705: fitness=96520
It 710: fitness=96520
It 715: fitness=96460
It 720: fitness=96460
It 725: fitness=96460
It 730: fitness=96460
It 735: fitness=96460
It 740: fitness=96460
It 745: fitness=96460
It 750: fitness=96460
It 755: fitness=96460
It 760: fitness=96450
It 765: fitness=96450
It 770: fitness=96450
It 775: fitness=96450
It 780: fitness=96440
It 785: fitness=96440
It 790: fitness=96440
It 795: fitness=96440
It 800: fitness=96440
It 805: fitness=96440
It 810: fitness=96440
It 815: fitness=96440
It 820: fitness=96430
It 825: fitness=96420
It 830: fitness=96420
It 835: fitness=96410
It 840: fitness=96410
It 845: fitness=96390
It 850: fitness=96390
It 855: fitness=96390
It 860: fitness=96390
It 865: fitness=96390
It 870: fitness=96390
It 875: fitness=96390
It 880: fitness=96390
It 885: fitness=96390
It 890: fitness=96380
It 895: fitness=96380
It 900: fitness=96380
It 905: fitness=96380
It 910: fitness=96380
It 915: fitness=96380
It 920: fitness=96380
It 925: fitness=96370
It 930: fitness=96370
It 935: fitness=96370
It 940: fitness=96370
It 945: fitness=96370
It 950: fitness=96370
It 955: fitness=96370
It 960: fitness=96370
It 965: fitness=96370
It 970: fitness=96370
It 975: fitness=96370
It 980: fitness=96370
It 985: fitness=96370
It 990: fitness=96370
It 995: fitness=96370
It 1000: fitness=96370
It 1005: fitness=96370
It 1010: fitness=96370
It 1015: fitness=96370
It 1020: fitness=96370
It 1025: fitness=96370
It 1030: fitness=96370
It 1035: fitness=96370
It 1040: fitness=96370
It 1045: fitness=96370
It 1050: fitness=96370
It 1055: fitness=96370
It 1060: fitness=96370
It 1065: fitness=96370
It 1070: fitness=96370
It 1075: fitness=96370
It 1080: fitness=96370
It 1085: fitness=96370
It 1090: fitness=96370
It 1095: fitness=96370
It 1100: fitness=96370
It 1105: fitness=96370
It 1110: fitness=96370
It 1115: fitness=96370
It 1120: fitness=96360
It 1125: fitness=96360
It 1130: fitness=96360
It 1135: fitness=96360
It 1140: fitness=96350
It 1145: fitness=96350
It 1150: fitness=96350
It 1155: fitness=96350
It 1160: fitness=96350
It 1165: fitness=96350
It 1170: fitness=96350
It 1175: fitness=96350
It 1180: fitness=96340
It 1185: fitness=96340
It 1190: fitness=96340
It 1195: fitness=96340
It 1200: fitness=96340
It 1205: fitness=96340
It 1210: fitness=96340
It 1215: fitness=96340
It 1220: fitness=96340
It 1225: fitness=96340
It 1230: fitness=96340
It 1235: fitness=96340
It 1240: fitness=96340
It 1245: fitness=96340
It 1250: fitness=96340
It 1255: fitness=96340
It 1260: fitness=96340
It 1265: fitness=96340
It 1270: fitness=96340
It 1275: fitness=96340
It 1280: fitness=96340
It 1285: fitness=96340
It 1290: fitness=96340
It 1295: fitness=96340
It 1300: fitness=96340
It 1305: fitness=96340
It 1310: fitness=96340
It 1315: fitness=96340
It 1320: fitness=96340
It 1325: fitness=96340
It 1330: fitness=96340
It 1335: fitness=96340
It 1340: fitness=96340
It 1345: fitness=96340
It 1350: fitness=96340
It 1355: fitness=96340
It 1360: fitness=96340
It 1365: fitness=96340
It 1370: fitness=96340
It 1375: fitness=96340
Maximal number of iterations without improvement reached
>> Resamp_Iter 8 negLL: 96344.29 (ref:  98427.61 )
>> Resamp_params: 0.4962351 0.5073709 0.5049775 0.4976292 0.4915948 0.4948439 0.5155671 0.5339629 0.6282505 0.8003106 0.6888853 -30.92704 -18.50375 0.348022 
>> sd Resamp 9 : 28 14 34 8 5 10 13 3 30 38 35 30 2 47 20 3 44 21 40 33 26 20 31 3 43 40 33 30 36 30 20 33 26 13 34 42 29 34 20 9 23 21 11 35 44 31 38 
>> Opt param @ resamp: 136353.6 
S=17, K=3, p=0.1663, w0=0.7213, w1=0.7213, c.p=1.193, c.g=1.193
v.max=NA, d=3.742, vectorize=FALSE, hybrid=off
It 5: fitness=176900
It 10: fitness=176900
It 15: fitness=153000
It 20: fitness=153000
It 25: fitness=153000
It 30: fitness=151900
It 35: fitness=151700
It 40: fitness=151700
It 45: fitness=151500
It 50: fitness=151400
It 55: fitness=151400
It 60: fitness=151400
It 65: fitness=151400
It 70: fitness=151400
It 75: fitness=151400
It 80: fitness=150300
It 85: fitness=149100
It 90: fitness=148400
It 95: fitness=148400
It 100: fitness=148400
It 105: fitness=147300
It 110: fitness=147300
It 115: fitness=146000
It 120: fitness=145500
It 125: fitness=144600
It 130: fitness=144300
It 135: fitness=142200
It 140: fitness=138400
It 145: fitness=136400
It 150: fitness=135000
It 155: fitness=132900
It 160: fitness=132900
It 165: fitness=132900
It 170: fitness=132600
It 175: fitness=132600
It 180: fitness=132600
It 185: fitness=132600
It 190: fitness=132600
It 195: fitness=132600
It 200: fitness=132600
It 205: fitness=132600
It 210: fitness=132400
It 215: fitness=132300
It 220: fitness=132300
It 225: fitness=132300
It 230: fitness=132200
It 235: fitness=132200
It 240: fitness=132200
It 245: fitness=132200
It 250: fitness=132200
It 255: fitness=132200
It 260: fitness=132200
It 265: fitness=132200
It 270: fitness=132200
It 275: fitness=132200
It 280: fitness=132200
It 285: fitness=132200
It 290: fitness=132200
It 295: fitness=132200
It 300: fitness=132200
It 305: fitness=132000
It 310: fitness=131600
It 315: fitness=130700
It 320: fitness=130600
It 325: fitness=130500
It 330: fitness=130400
It 335: fitness=130300
It 340: fitness=129900
It 345: fitness=129900
It 350: fitness=129700
It 355: fitness=129600
It 360: fitness=129400
It 365: fitness=129300
It 370: fitness=129300
It 375: fitness=129200
It 380: fitness=129200
It 385: fitness=129200
It 390: fitness=129200
It 395: fitness=129200
It 400: fitness=129200
It 405: fitness=129200
It 410: fitness=129100
It 415: fitness=129100
It 420: fitness=129100
It 425: fitness=129100
It 430: fitness=129100
It 435: fitness=129100
It 440: fitness=129100
It 445: fitness=129100
It 450: fitness=129100
It 455: fitness=129100
It 460: fitness=129100
It 465: fitness=129100
It 470: fitness=129100
It 475: fitness=129100
It 480: fitness=129100
It 485: fitness=129000
It 490: fitness=129000
It 495: fitness=129000
It 500: fitness=129000
It 505: fitness=129000
It 510: fitness=129000
It 515: fitness=129000
It 520: fitness=129000
It 525: fitness=129000
It 530: fitness=129000
It 535: fitness=129000
It 540: fitness=129000
It 545: fitness=129000
It 550: fitness=129000
It 555: fitness=129000
It 560: fitness=129000
It 565: fitness=129000
It 570: fitness=129000
It 575: fitness=129000
It 580: fitness=129000
It 585: fitness=129000
It 590: fitness=129000
It 595: fitness=129000
It 600: fitness=129000
It 605: fitness=129000
It 610: fitness=129000
It 615: fitness=129000
It 620: fitness=129000
It 625: fitness=129000
It 630: fitness=129000
It 635: fitness=129000
It 640: fitness=129000
It 645: fitness=129000
It 650: fitness=129000
It 655: fitness=129000
It 660: fitness=129000
It 665: fitness=129000
It 670: fitness=129000
It 675: fitness=129000
It 680: fitness=129000
It 685: fitness=129000
It 690: fitness=129000
It 695: fitness=129000
It 700: fitness=129000
It 705: fitness=129000
It 710: fitness=129000
It 715: fitness=128900
It 720: fitness=128900
It 725: fitness=128900
It 730: fitness=128900
It 735: fitness=128900
It 740: fitness=128900
It 745: fitness=128900
It 750: fitness=128900
It 755: fitness=128900
It 760: fitness=128900
It 765: fitness=128900
It 770: fitness=128900
It 775: fitness=128900
It 780: fitness=128900
It 785: fitness=128900
It 790: fitness=128900
It 795: fitness=128900
It 800: fitness=128900
It 805: fitness=128900
It 810: fitness=128900
It 815: fitness=128900
It 820: fitness=128900
It 825: fitness=128900
It 830: fitness=128900
It 835: fitness=128900
It 840: fitness=128900
It 845: fitness=128900
It 850: fitness=128900
It 855: fitness=128900
It 860: fitness=128900
It 865: fitness=128900
It 870: fitness=128900
It 875: fitness=128900
It 880: fitness=128900
It 885: fitness=128900
It 890: fitness=128900
It 895: fitness=128900
It 900: fitness=128900
It 905: fitness=128900
It 910: fitness=128900
It 915: fitness=128900
It 920: fitness=128900
It 925: fitness=128900
It 930: fitness=128900
It 935: fitness=128900
It 940: fitness=128900
It 945: fitness=128900
It 950: fitness=128900
It 955: fitness=128900
It 960: fitness=128900
It 965: fitness=128900
It 970: fitness=128900
It 975: fitness=128900
It 980: fitness=128900
It 985: fitness=128900
It 990: fitness=128900
It 995: fitness=128900
It 1000: fitness=128900
It 1005: fitness=128900
It 1010: fitness=128900
It 1015: fitness=128900
It 1020: fitness=128900
Maximal number of iterations without improvement reached
>> Resamp_Iter 9 negLL: 128929.5 (ref:  136353.6 )
>> Resamp_params: 0.4241203 0.4816164 0.4685629 0.4910934 0.4750017 0.4689091 0.5028677 0.5103367 0.6240855 0.8003594 0.7128292 -26.90188 -42.7117 0.4210725 
>> sd Resamp 10 : 40 27 1 14 5 25 40 39 13 25 24 18 34 35 8 28 10 32 6 2 22 30 12 20 40 20 29 8 12 12 4 35 6 1 42 9 46 1 18 34 19 9 11 12 46 35 33 
>> Opt param @ resamp: 99727.18 
S=17, K=3, p=0.1663, w0=0.7213, w1=0.7213, c.p=1.193, c.g=1.193
v.max=NA, d=3.742, vectorize=FALSE, hybrid=off
It 5: fitness=126500
It 10: fitness=126500
It 15: fitness=120300
It 20: fitness=120300
It 25: fitness=119900
It 30: fitness=119900
It 35: fitness=119700
It 40: fitness=119700
It 45: fitness=119700
It 50: fitness=119600
It 55: fitness=119600
It 60: fitness=119600
It 65: fitness=119600
It 70: fitness=119600
It 75: fitness=119600
It 80: fitness=119600
It 85: fitness=118700
It 90: fitness=118400
It 95: fitness=118400
It 100: fitness=118200
It 105: fitness=117700
It 110: fitness=117200
It 115: fitness=117000
It 120: fitness=117000
It 125: fitness=117000
It 130: fitness=116300
It 135: fitness=116300
It 140: fitness=116300
It 145: fitness=116200
It 150: fitness=116200
It 155: fitness=116100
It 160: fitness=116100
It 165: fitness=116100
It 170: fitness=116100
It 175: fitness=116100
It 180: fitness=116000
It 185: fitness=116000
It 190: fitness=116000
It 195: fitness=116000
It 200: fitness=116000
It 205: fitness=116000
It 210: fitness=116000
It 215: fitness=116000
It 220: fitness=116000
It 225: fitness=115600
It 230: fitness=115600
It 235: fitness=115600
It 240: fitness=115600
It 245: fitness=115600
It 250: fitness=115200
It 255: fitness=115200
It 260: fitness=115000
It 265: fitness=115000
It 270: fitness=114800
It 275: fitness=114800
It 280: fitness=114800
It 285: fitness=114800
It 290: fitness=114800
It 295: fitness=114800
It 300: fitness=114800
It 305: fitness=114300
It 310: fitness=114300
It 315: fitness=113700
It 320: fitness=113700
It 325: fitness=113700
It 330: fitness=113700
It 335: fitness=113600
It 340: fitness=113600
It 345: fitness=113600
It 350: fitness=112700
It 355: fitness=112700
It 360: fitness=112700
It 365: fitness=112200
It 370: fitness=112200
It 375: fitness=112200
It 380: fitness=112200
It 385: fitness=112200
It 390: fitness=112200
It 395: fitness=112200
It 400: fitness=112200
It 405: fitness=112200
It 410: fitness=112000
It 415: fitness=111300
It 420: fitness=111300
It 425: fitness=110400
It 430: fitness=108300
It 435: fitness=108300
It 440: fitness=108300
It 445: fitness=108100
It 450: fitness=107500
It 455: fitness=107500
It 460: fitness=107500
It 465: fitness=106900
It 470: fitness=106400
It 475: fitness=106400
It 480: fitness=105900
It 485: fitness=105500
It 490: fitness=105400
It 495: fitness=104600
It 500: fitness=104500
It 505: fitness=104400
It 510: fitness=103100
It 515: fitness=102700
It 520: fitness=102200
It 525: fitness=101700
It 530: fitness=101700
It 535: fitness=101600
It 540: fitness=101500
It 545: fitness=101200
It 550: fitness=100300
It 555: fitness=99920
It 560: fitness=99910
It 565: fitness=99250
It 570: fitness=99110
It 575: fitness=98930
It 580: fitness=98830
It 585: fitness=98610
It 590: fitness=98580
It 595: fitness=98370
It 600: fitness=98340
It 605: fitness=98340
It 610: fitness=98310
It 615: fitness=98210
It 620: fitness=98140
It 625: fitness=97930
It 630: fitness=97930
It 635: fitness=97790
It 640: fitness=97590
It 645: fitness=97510
It 650: fitness=97350
It 655: fitness=97280
It 660: fitness=97280
It 665: fitness=97190
It 670: fitness=97190
It 675: fitness=97170
It 680: fitness=97170
It 685: fitness=97170
It 690: fitness=97110
It 695: fitness=97090
It 700: fitness=97090
It 705: fitness=97080
It 710: fitness=97060
It 715: fitness=97030
It 720: fitness=97030
It 725: fitness=97030
It 730: fitness=97030
It 735: fitness=97030
It 740: fitness=97000
It 745: fitness=97000
It 750: fitness=97000
It 755: fitness=97000
It 760: fitness=96980
It 765: fitness=96940
It 770: fitness=96940
It 775: fitness=96940
It 780: fitness=96940
It 785: fitness=96940
It 790: fitness=96940
It 795: fitness=96910
It 800: fitness=96890
It 805: fitness=96890
It 810: fitness=96890
It 815: fitness=96880
It 820: fitness=96880
It 825: fitness=96880
It 830: fitness=96870
It 835: fitness=96870
It 840: fitness=96860
It 845: fitness=96860
It 850: fitness=96860
It 855: fitness=96860
It 860: fitness=96860
It 865: fitness=96860
It 870: fitness=96860
It 875: fitness=96860
It 880: fitness=96860
It 885: fitness=96860
It 890: fitness=96860
It 895: fitness=96860
It 900: fitness=96860
It 905: fitness=96860
It 910: fitness=96860
It 915: fitness=96860
It 920: fitness=96860
It 925: fitness=96860
It 930: fitness=96860
It 935: fitness=96860
It 940: fitness=96860
It 945: fitness=96860
It 950: fitness=96860
It 955: fitness=96860
It 960: fitness=96860
It 965: fitness=96850
It 970: fitness=96850
It 975: fitness=96850
It 980: fitness=96820
It 985: fitness=96820
It 990: fitness=96820
It 995: fitness=96820
It 1000: fitness=96820
It 1005: fitness=96820
It 1010: fitness=96810
It 1015: fitness=96810
It 1020: fitness=96810
It 1025: fitness=96810
It 1030: fitness=96810
It 1035: fitness=96810
It 1040: fitness=96800
It 1045: fitness=96800
It 1050: fitness=96800
It 1055: fitness=96800
It 1060: fitness=96800
It 1065: fitness=96800
It 1070: fitness=96800
It 1075: fitness=96800
It 1080: fitness=96800
It 1085: fitness=96790
It 1090: fitness=96790
It 1095: fitness=96790
It 1100: fitness=96790
It 1105: fitness=96790
It 1110: fitness=96790
It 1115: fitness=96790
It 1120: fitness=96780
It 1125: fitness=96780
It 1130: fitness=96780
It 1135: fitness=96780
It 1140: fitness=96780
It 1145: fitness=96780
It 1150: fitness=96780
It 1155: fitness=96780
It 1160: fitness=96780
It 1165: fitness=96780
It 1170: fitness=96780
It 1175: fitness=96780
It 1180: fitness=96780
It 1185: fitness=96780
It 1190: fitness=96780
It 1195: fitness=96780
It 1200: fitness=96780
It 1205: fitness=96780
It 1210: fitness=96780
It 1215: fitness=96780
It 1220: fitness=96770
It 1225: fitness=96770
It 1230: fitness=96770
It 1235: fitness=96770
It 1240: fitness=96770
It 1245: fitness=96770
It 1250: fitness=96770
It 1255: fitness=96770
It 1260: fitness=96770
It 1265: fitness=96770
It 1270: fitness=96770
It 1275: fitness=96770
It 1280: fitness=96770
It 1285: fitness=96770
It 1290: fitness=96770
It 1295: fitness=96770
It 1300: fitness=96770
It 1305: fitness=96770
It 1310: fitness=96760
It 1315: fitness=96760
It 1320: fitness=96760
It 1325: fitness=96760
It 1330: fitness=96760
It 1335: fitness=96760
It 1340: fitness=96760
It 1345: fitness=96760
It 1350: fitness=96760
It 1355: fitness=96760
It 1360: fitness=96760
It 1365: fitness=96760
It 1370: fitness=96750
It 1375: fitness=96750
It 1380: fitness=96740
It 1385: fitness=96740
It 1390: fitness=96730
It 1395: fitness=96730
It 1400: fitness=96730
It 1405: fitness=96730
It 1410: fitness=96730
It 1415: fitness=96730
It 1420: fitness=96730
It 1425: fitness=96730
It 1430: fitness=96720
It 1435: fitness=96720
It 1440: fitness=96720
It 1445: fitness=96720
It 1450: fitness=96720
It 1455: fitness=96720
It 1460: fitness=96720
It 1465: fitness=96720
It 1470: fitness=96720
It 1475: fitness=96720
It 1480: fitness=96720
It 1485: fitness=96720
It 1490: fitness=96720
It 1495: fitness=96720
It 1500: fitness=96720
It 1505: fitness=96720
It 1510: fitness=96720
It 1515: fitness=96720
It 1520: fitness=96720
It 1525: fitness=96720
It 1530: fitness=96720
It 1535: fitness=96720
It 1540: fitness=96720
It 1545: fitness=96720
It 1550: fitness=96720
It 1555: fitness=96720
It 1560: fitness=96720
It 1565: fitness=96720
It 1570: fitness=96720
It 1575: fitness=96720
It 1580: fitness=96720
It 1585: fitness=96720
It 1590: fitness=96720
It 1595: fitness=96720
It 1600: fitness=96720
It 1605: fitness=96720
It 1610: fitness=96720
It 1615: fitness=96720
It 1620: fitness=96720
It 1625: fitness=96720
Maximal number of iterations without improvement reached
>> Resamp_Iter 10 negLL: 96718.33 (ref:  99727.18 )
>> Resamp_params: 0.451996 0.4815031 0.4751531 0.4429707 0.6148363 0.468607 0.5057414 0.4797599 0.6451674 0.8003443 0.8288481 -22.68611 -12.06733 0.279235 
