fit_results/data/all_states.list_sd_03150903.log>>> Loading state data: AL <<<
>>> Loading state data: AR <<<
>>> Loading state data: AZ <<<
>>> Loading state data: CA <<<
>>> Loading state data: CO <<<
>>> Loading state data: CT <<<
>>> Loading state data: DC <<<
>>> Loading state data: DE <<<
>>> Loading state data: FL <<<
>>> Loading state data: GA <<<
>>> Loading state data: IA <<<
>>> Loading state data: ID <<<
>>> Loading state data: IL <<<
>>> Loading state data: IN <<<
>>> Loading state data: KS <<<
>>> Loading state data: KY <<<
>>> Loading state data: LA <<<
>>> Loading state data: MA <<<
>>> Loading state data: MD <<<
>>> Loading state data: ME <<<
>>> Loading state data: MI <<<
>>> Loading state data: MN <<<
>>> Loading state data: MO <<<
>>> Loading state data: MS <<<
>>> Loading state data: MT <<<
>>> Loading state data: NC <<<
>>> Loading state data: ND <<<
>>> Loading state data: NE <<<
>>> Loading state data: NH <<<
>>> Loading state data: NJ <<<
>>> Loading state data: NM <<<
>>> Loading state data: NV <<<
>>> Loading state data: NY <<<
>>> Loading state data: OH <<<
>>> Loading state data: OK <<<
>>> Loading state data: OR <<<
>>> Loading state data: PA <<<
>>> Loading state data: RI <<<
>>> Loading state data: SC <<<
>>> Loading state data: SD <<<
>>> Loading state data: TN <<<
>>> Loading state data: TX <<<
>>> Loading state data: UT <<<
>>> Loading state data: VA <<<
>>> Loading state data: WA <<<
>>> Loading state data: WI <<<
>>> Loading state data: WV <<<
 [1]   0.5000000   0.5000000   0.5000000   0.5000000   0.5000000   0.5000000
 [7]   0.5000000   0.5000000   0.5000000   0.8262688   0.6006879 -16.0066679
[13] -26.4593566   0.3891786
96 cores seen; limit to 24 cores
>> sd Resamp 1 : 35 17 39 19 25 25 47 46 8 38 44 4 41 44 43 6 22 20 35 41 18 47 7 45 19 3 24 15 32 30 45 13 34 17 24 32 8 34 6 45 31 1 45 21 47 23 44 
>> Opt param @ resamp: 81435.41 
S=17, K=3, p=0.1663, w0=0.7213, w1=0.7213, c.p=1.193, c.g=1.193
v.max=NA, d=3.742, vectorize=FALSE, hybrid=off
It 5: fitness=113900
It 10: fitness=113900
It 15: fitness=96750
It 20: fitness=96750
It 25: fitness=94590
It 30: fitness=94330
It 35: fitness=92790
It 40: fitness=92790
It 45: fitness=92790
It 50: fitness=92790
It 55: fitness=92780
It 60: fitness=92770
It 65: fitness=92760
It 70: fitness=92750
It 75: fitness=92750
It 80: fitness=92700
It 85: fitness=92700
It 90: fitness=92700
It 95: fitness=92700
It 100: fitness=92700
It 105: fitness=92700
It 110: fitness=92690
It 115: fitness=92690
It 120: fitness=92680
It 125: fitness=92670
It 130: fitness=92670
It 135: fitness=92670
It 140: fitness=92670
It 145: fitness=92670
It 150: fitness=92670
It 155: fitness=92670
It 160: fitness=92670
It 165: fitness=92670
It 170: fitness=92670
It 175: fitness=92670
It 180: fitness=92670
It 185: fitness=92670
It 190: fitness=92670
It 195: fitness=92670
It 200: fitness=92670
It 205: fitness=92670
It 210: fitness=92670
It 215: fitness=92670
It 220: fitness=92670
It 225: fitness=92670
It 230: fitness=92670
It 235: fitness=92670
It 240: fitness=92670
It 245: fitness=92670
It 250: fitness=92660
It 255: fitness=91700
It 260: fitness=91700
It 265: fitness=91700
It 270: fitness=91700
It 275: fitness=91700
It 280: fitness=91440
It 285: fitness=91440
It 290: fitness=91180
It 295: fitness=91060
It 300: fitness=90600
It 305: fitness=90220
It 310: fitness=90220
It 315: fitness=90090
It 320: fitness=89930
It 325: fitness=89500
It 330: fitness=89500
It 335: fitness=89290
It 340: fitness=88820
It 345: fitness=88520
It 350: fitness=88310
It 355: fitness=88110
It 360: fitness=88090
It 365: fitness=87990
It 370: fitness=87700
It 375: fitness=86760
It 380: fitness=86710
It 385: fitness=86550
It 390: fitness=86490
It 395: fitness=86350
It 400: fitness=86280
It 405: fitness=86090
It 410: fitness=86060
It 415: fitness=86060
It 420: fitness=85940
It 425: fitness=85840
It 430: fitness=85780
It 435: fitness=85590
It 440: fitness=85570
It 445: fitness=85540
It 450: fitness=85540
It 455: fitness=85450
It 460: fitness=85450
It 465: fitness=85400
It 470: fitness=85400
It 475: fitness=85400
It 480: fitness=85400
It 485: fitness=85400
It 490: fitness=85210
It 495: fitness=85060
It 500: fitness=84890
It 505: fitness=84890
It 510: fitness=84890
It 515: fitness=84890
It 520: fitness=84890
It 525: fitness=84890
It 530: fitness=84850
It 535: fitness=84800
It 540: fitness=84690
It 545: fitness=84690
It 550: fitness=84690
It 555: fitness=84690
It 560: fitness=84690
It 565: fitness=84690
It 570: fitness=84690
It 575: fitness=84690
It 580: fitness=84610
It 585: fitness=84610
It 590: fitness=84610
It 595: fitness=84560
It 600: fitness=84560
It 605: fitness=84560
It 610: fitness=84560
It 615: fitness=84560
It 620: fitness=84500
It 625: fitness=84500
It 630: fitness=84500
It 635: fitness=84500
It 640: fitness=84500
It 645: fitness=84500
It 650: fitness=84500
It 655: fitness=84500
It 660: fitness=84500
It 665: fitness=84500
It 670: fitness=84500
It 675: fitness=84500
It 680: fitness=84490
It 685: fitness=84490
It 690: fitness=84490
It 695: fitness=84490
It 700: fitness=84490
It 705: fitness=84490
It 710: fitness=84490
It 715: fitness=84490
It 720: fitness=84490
It 725: fitness=84480
It 730: fitness=84480
It 735: fitness=84480
It 740: fitness=84480
It 745: fitness=84480
It 750: fitness=84480
It 755: fitness=84480
It 760: fitness=84470
It 765: fitness=84470
It 770: fitness=84470
It 775: fitness=84470
It 780: fitness=84470
It 785: fitness=84470
It 790: fitness=84470
It 795: fitness=84470
It 800: fitness=84470
It 805: fitness=84470
It 810: fitness=84470
It 815: fitness=84470
It 820: fitness=84470
It 825: fitness=84470
It 830: fitness=84470
It 835: fitness=84470
It 840: fitness=84470
It 845: fitness=84470
It 850: fitness=84470
It 855: fitness=84470
It 860: fitness=84470
It 865: fitness=84470
It 870: fitness=84470
It 875: fitness=84470
It 880: fitness=84470
It 885: fitness=84470
It 890: fitness=84470
It 895: fitness=84470
It 900: fitness=84470
It 905: fitness=84470
It 910: fitness=84470
It 915: fitness=84470
It 920: fitness=84470
It 925: fitness=84470
It 930: fitness=84470
It 935: fitness=84470
It 940: fitness=84470
It 945: fitness=84470
It 950: fitness=84470
It 955: fitness=84470
It 960: fitness=84470
It 965: fitness=84470
It 970: fitness=84470
It 975: fitness=84470
It 980: fitness=84470
It 985: fitness=84470
It 990: fitness=84470
It 995: fitness=84470
It 1000: fitness=84470
It 1005: fitness=84470
It 1010: fitness=84470
It 1015: fitness=84470
It 1020: fitness=84470
It 1025: fitness=84470
It 1030: fitness=84470
It 1035: fitness=84470
It 1040: fitness=84470
It 1045: fitness=84470
It 1050: fitness=84470
It 1055: fitness=84470
It 1060: fitness=84470
It 1065: fitness=84470
It 1070: fitness=84470
It 1075: fitness=84470
It 1080: fitness=84470
It 1085: fitness=84470
Maximal number of iterations without improvement reached
>> Resamp_Iter 1 negLL: 84466.19 (ref:  81435.41 )
>> Resamp_params: 0.4736903 0.6999239 0.6550351 0.45393 0.5802542 0.472305 0.5136828 0.5210271 0.5936226 0.9547473 0.6000486 -31.00154 -181.4961 0.4550176 
>> sd Resamp 2 : 6 4 44 10 19 25 1 12 22 1 10 22 7 32 29 37 45 10 22 11 3 5 6 21 17 7 20 47 20 14 17 2 46 33 9 38 17 13 27 19 10 17 41 25 24 8 39 
>> Opt param @ resamp: 101510.2 
S=17, K=3, p=0.1663, w0=0.7213, w1=0.7213, c.p=1.193, c.g=1.193
v.max=NA, d=3.742, vectorize=FALSE, hybrid=off
It 5: fitness=137500
It 10: fitness=114000
It 15: fitness=114000
It 20: fitness=114000
It 25: fitness=112600
It 30: fitness=112600
It 35: fitness=112500
It 40: fitness=112400
It 45: fitness=112400
It 50: fitness=112400
It 55: fitness=112400
It 60: fitness=112400
It 65: fitness=112400
It 70: fitness=111000
It 75: fitness=111000
It 80: fitness=109900
It 85: fitness=109500
It 90: fitness=109500
It 95: fitness=109500
It 100: fitness=107900
It 105: fitness=107900
It 110: fitness=107900
It 115: fitness=107900
It 120: fitness=107300
It 125: fitness=106900
It 130: fitness=106900
It 135: fitness=106900
It 140: fitness=106900
It 145: fitness=106900
It 150: fitness=106900
It 155: fitness=104600
It 160: fitness=104600
It 165: fitness=104600
It 170: fitness=104500
It 175: fitness=103800
It 180: fitness=103700
It 185: fitness=103600
It 190: fitness=103300
It 195: fitness=102800
It 200: fitness=102700
It 205: fitness=102700
It 210: fitness=102700
It 215: fitness=102700
It 220: fitness=102700
It 225: fitness=102600
It 230: fitness=102500
It 235: fitness=102500
It 240: fitness=102200
It 245: fitness=102200
It 250: fitness=102000
It 255: fitness=102000
It 260: fitness=101900
It 265: fitness=101800
It 270: fitness=101800
It 275: fitness=101700
It 280: fitness=101700
It 285: fitness=101700
It 290: fitness=101700
It 295: fitness=101700
It 300: fitness=101700
It 305: fitness=101600
It 310: fitness=101500
It 315: fitness=101500
It 320: fitness=101500
It 325: fitness=101500
It 330: fitness=101400
It 335: fitness=101400
It 340: fitness=101400
It 345: fitness=101400
It 350: fitness=101200
It 355: fitness=101200
It 360: fitness=101200
It 365: fitness=101200
It 370: fitness=101100
It 375: fitness=101100
It 380: fitness=101100
It 385: fitness=101100
It 390: fitness=101000
It 395: fitness=101000
It 400: fitness=101000
It 405: fitness=101000
It 410: fitness=101000
It 415: fitness=101000
It 420: fitness=100800
It 425: fitness=100800
It 430: fitness=100800
It 435: fitness=100800
It 440: fitness=100800
It 445: fitness=100700
It 450: fitness=100700
It 455: fitness=100700
It 460: fitness=100700
It 465: fitness=100700
It 470: fitness=100700
It 475: fitness=100700
It 480: fitness=100600
It 485: fitness=100600
It 490: fitness=100600
It 495: fitness=100600
It 500: fitness=100600
It 505: fitness=100600
It 510: fitness=100600
It 515: fitness=100600
It 520: fitness=100600
It 525: fitness=100500
It 530: fitness=100500
It 535: fitness=100500
It 540: fitness=100500
It 545: fitness=100400
It 550: fitness=100400
It 555: fitness=100400
It 560: fitness=100400
It 565: fitness=100400
It 570: fitness=100400
It 575: fitness=100400
It 580: fitness=100400
It 585: fitness=100400
It 590: fitness=100400
It 595: fitness=100300
It 600: fitness=100300
It 605: fitness=100300
It 610: fitness=100300
It 615: fitness=100300
It 620: fitness=100300
It 625: fitness=100300
It 630: fitness=100300
It 635: fitness=100300
It 640: fitness=100300
It 645: fitness=100300
It 650: fitness=100300
It 655: fitness=100300
It 660: fitness=100300
It 665: fitness=100300
It 670: fitness=100300
It 675: fitness=100300
It 680: fitness=100300
It 685: fitness=100300
It 690: fitness=100300
It 695: fitness=100300
It 700: fitness=100300
It 705: fitness=100300
It 710: fitness=100300
It 715: fitness=100300
It 720: fitness=100300
It 725: fitness=100300
It 730: fitness=100300
It 735: fitness=100300
It 740: fitness=100300
It 745: fitness=100300
It 750: fitness=100300
It 755: fitness=100300
It 760: fitness=100300
It 765: fitness=100300
It 770: fitness=100300
It 775: fitness=100300
It 780: fitness=100300
It 785: fitness=100300
It 790: fitness=100300
It 795: fitness=100300
It 800: fitness=100300
It 805: fitness=100300
It 810: fitness=100300
It 815: fitness=100300
It 820: fitness=100300
It 825: fitness=100300
It 830: fitness=100300
It 835: fitness=100300
It 840: fitness=100300
It 845: fitness=100300
It 850: fitness=100300
It 855: fitness=100300
It 860: fitness=100300
It 865: fitness=100300
It 870: fitness=100300
It 875: fitness=100300
It 880: fitness=100300
It 885: fitness=100300
It 890: fitness=100300
It 895: fitness=100300
It 900: fitness=100300
It 905: fitness=100300
It 910: fitness=100300
It 915: fitness=100300
It 920: fitness=100300
It 925: fitness=100300
It 930: fitness=100300
It 935: fitness=100300
It 940: fitness=100300
It 945: fitness=100300
It 950: fitness=100300
It 955: fitness=100300
It 960: fitness=100300
It 965: fitness=100300
It 970: fitness=100300
It 975: fitness=100300
It 980: fitness=100300
It 985: fitness=100300
It 990: fitness=100300
It 995: fitness=100300
It 1000: fitness=100300
It 1005: fitness=100300
It 1010: fitness=100300
It 1015: fitness=100300
It 1020: fitness=100300
It 1025: fitness=100300
It 1030: fitness=100300
It 1035: fitness=100300
It 1040: fitness=100300
It 1045: fitness=100300
It 1050: fitness=100300
It 1055: fitness=100300
It 1060: fitness=100300
It 1065: fitness=100300
It 1070: fitness=100300
It 1075: fitness=100300
It 1080: fitness=100300
It 1085: fitness=100300
It 1090: fitness=100300
It 1095: fitness=100300
It 1100: fitness=100300
It 1105: fitness=100300
It 1110: fitness=100300
It 1115: fitness=100300
It 1120: fitness=100300
It 1125: fitness=100300
It 1130: fitness=100300
It 1135: fitness=100300
It 1140: fitness=100300
It 1145: fitness=100300
It 1150: fitness=100300
It 1155: fitness=100300
It 1160: fitness=100300
It 1165: fitness=100300
It 1170: fitness=100300
It 1175: fitness=100300
It 1180: fitness=100300
It 1185: fitness=100300
It 1190: fitness=100300
It 1195: fitness=100300
It 1200: fitness=100300
It 1205: fitness=100300
It 1210: fitness=100300
It 1215: fitness=100300
It 1220: fitness=100300
It 1225: fitness=100300
It 1230: fitness=100300
It 1235: fitness=100300
It 1240: fitness=100300
It 1245: fitness=100300
It 1250: fitness=100300
It 1255: fitness=100300
It 1260: fitness=100300
It 1265: fitness=100300
It 1270: fitness=100300
It 1275: fitness=100300
It 1280: fitness=100300
It 1285: fitness=100300
It 1290: fitness=100300
It 1295: fitness=100300
It 1300: fitness=100300
It 1305: fitness=100300
It 1310: fitness=100300
It 1315: fitness=100300
It 1320: fitness=100300
It 1325: fitness=100300
It 1330: fitness=100300
It 1335: fitness=100300
It 1340: fitness=100300
It 1345: fitness=100300
It 1350: fitness=100300
It 1355: fitness=100300
It 1360: fitness=100300
It 1365: fitness=100300
It 1370: fitness=100300
It 1375: fitness=100300
It 1380: fitness=100300
It 1385: fitness=100300
It 1390: fitness=100300
It 1395: fitness=100300
It 1400: fitness=100300
It 1405: fitness=100300
It 1410: fitness=100300
It 1415: fitness=100300
Maximal number of iterations without improvement reached
>> Resamp_Iter 2 negLL: 100264.2 (ref:  101510.2 )
>> Resamp_params: 0.4918582 0.4872009 0.5106889 0.4658281 0.6007465 0.4912419 0.5281607 0.5332726 0.6289092 0.8012807 0.6125977 -18.76834 -20.491 0.3670786 
>> sd Resamp 3 : 22 35 4 14 32 9 43 21 33 38 36 20 21 33 9 44 37 5 34 28 45 6 21 1 2 11 10 26 18 8 37 4 46 14 3 42 29 34 15 31 26 11 32 13 5 5 11 
>> Opt param @ resamp: 129054.7 
S=17, K=3, p=0.1663, w0=0.7213, w1=0.7213, c.p=1.193, c.g=1.193
v.max=NA, d=3.742, vectorize=FALSE, hybrid=off
It 5: fitness=160900
It 10: fitness=160200
It 15: fitness=160200
It 20: fitness=159400
It 25: fitness=156600
It 30: fitness=156600
It 35: fitness=156600
It 40: fitness=156600
It 45: fitness=156600
It 50: fitness=156600
It 55: fitness=156500
It 60: fitness=156500
It 65: fitness=156500
It 70: fitness=156500
It 75: fitness=156500
It 80: fitness=156500
It 85: fitness=156500
It 90: fitness=156500
It 95: fitness=156500
It 100: fitness=153800
It 105: fitness=153700
It 110: fitness=152300
It 115: fitness=151300
It 120: fitness=150900
It 125: fitness=150900
It 130: fitness=146600
It 135: fitness=142600
It 140: fitness=142600
It 145: fitness=142600
It 150: fitness=139500
It 155: fitness=139500
It 160: fitness=139000
It 165: fitness=139000
It 170: fitness=138800
It 175: fitness=136000
It 180: fitness=136000
It 185: fitness=136000
It 190: fitness=136000
It 195: fitness=136000
It 200: fitness=135400
It 205: fitness=135100
It 210: fitness=133500
It 215: fitness=133200
It 220: fitness=133000
It 225: fitness=132900
It 230: fitness=132800
It 235: fitness=132800
It 240: fitness=132700
It 245: fitness=132500
It 250: fitness=132200
It 255: fitness=131800
It 260: fitness=131700
It 265: fitness=131500
It 270: fitness=131100
It 275: fitness=130900
It 280: fitness=130800
It 285: fitness=130400
It 290: fitness=130400
It 295: fitness=130300
It 300: fitness=130100
It 305: fitness=129600
It 310: fitness=129400
It 315: fitness=129300
It 320: fitness=129200
It 325: fitness=129100
It 330: fitness=129000
It 335: fitness=128900
It 340: fitness=128700
It 345: fitness=128700
It 350: fitness=128600
It 355: fitness=128600
It 360: fitness=128500
It 365: fitness=128300
It 370: fitness=128300
It 375: fitness=128200
It 380: fitness=128200
It 385: fitness=128100
It 390: fitness=128100
It 395: fitness=128000
It 400: fitness=127800
It 405: fitness=127700
It 410: fitness=127700
It 415: fitness=127700
It 420: fitness=127700
It 425: fitness=127700
It 430: fitness=127700
It 435: fitness=127700
It 440: fitness=127700
It 445: fitness=127700
It 450: fitness=127600
It 455: fitness=127600
It 460: fitness=127600
It 465: fitness=127600
It 470: fitness=127600
It 475: fitness=127500
It 480: fitness=127500
It 485: fitness=127400
It 490: fitness=127400
It 495: fitness=127400
It 500: fitness=127300
It 505: fitness=127300
It 510: fitness=127200
It 515: fitness=127200
It 520: fitness=127200
It 525: fitness=127200
It 530: fitness=127200
It 535: fitness=127100
It 540: fitness=127100
It 545: fitness=127100
It 550: fitness=127100
It 555: fitness=127100
It 560: fitness=127100
It 565: fitness=127100
It 570: fitness=127100
It 575: fitness=127100
It 580: fitness=127100
It 585: fitness=127100
It 590: fitness=127100
It 595: fitness=127100
It 600: fitness=127100
It 605: fitness=127100
It 610: fitness=127100
It 615: fitness=127100
It 620: fitness=127100
It 625: fitness=127100
It 630: fitness=127100
It 635: fitness=127100
It 640: fitness=127100
It 645: fitness=127100
It 650: fitness=127100
It 655: fitness=127100
It 660: fitness=127100
It 665: fitness=127100
It 670: fitness=127100
It 675: fitness=127100
It 680: fitness=127100
It 685: fitness=127100
It 690: fitness=127100
It 695: fitness=127100
It 700: fitness=127100
It 705: fitness=127100
It 710: fitness=127100
It 715: fitness=127100
It 720: fitness=127100
It 725: fitness=127100
It 730: fitness=127100
It 735: fitness=127100
It 740: fitness=127100
It 745: fitness=127100
It 750: fitness=127100
It 755: fitness=127100
It 760: fitness=127100
It 765: fitness=127100
It 770: fitness=127100
It 775: fitness=127100
It 780: fitness=127100
It 785: fitness=127100
It 790: fitness=127100
It 795: fitness=127100
It 800: fitness=127100
It 805: fitness=127100
It 810: fitness=127100
It 815: fitness=127100
It 820: fitness=127100
It 825: fitness=127100
It 830: fitness=127100
It 835: fitness=127100
It 840: fitness=127100
It 845: fitness=127100
It 850: fitness=127100
It 855: fitness=127100
It 860: fitness=127100
It 865: fitness=127100
It 870: fitness=127100
It 875: fitness=127100
It 880: fitness=127100
It 885: fitness=127100
It 890: fitness=127100
It 895: fitness=127100
It 900: fitness=127100
It 905: fitness=127100
It 910: fitness=127100
Maximal number of iterations without improvement reached
>> Resamp_Iter 3 negLL: 127095.5 (ref:  129054.7 )
>> Resamp_params: 0.4745132 0.4991165 0.4767323 0.4621991 0.5897767 0.4805272 0.5191044 0.5202664 0.6355235 0.8000881 0.7069918 -24.85828 -16.76849 0.3346889 
>> sd Resamp 4 : 22 4 35 5 19 38 38 18 39 41 30 12 10 17 9 12 28 12 8 40 20 4 46 6 36 46 25 25 19 11 2 25 17 46 8 26 26 26 16 35 32 25 44 15 18 22 28 
>> Opt param @ resamp: 80257.49 
S=17, K=3, p=0.1663, w0=0.7213, w1=0.7213, c.p=1.193, c.g=1.193
v.max=NA, d=3.742, vectorize=FALSE, hybrid=off
It 5: fitness=108500
It 10: fitness=108500
It 15: fitness=102000
It 20: fitness=96480
It 25: fitness=95800
It 30: fitness=93780
It 35: fitness=93710
It 40: fitness=93090
It 45: fitness=93090
It 50: fitness=92700
It 55: fitness=92230
It 60: fitness=90370
It 65: fitness=90110
It 70: fitness=89250
It 75: fitness=88240
It 80: fitness=88200
It 85: fitness=87980
It 90: fitness=87300
It 95: fitness=87210
It 100: fitness=86920
It 105: fitness=86670
It 110: fitness=86400
It 115: fitness=85690
It 120: fitness=85500
It 125: fitness=84930
It 130: fitness=84730
It 135: fitness=84530
It 140: fitness=84280
It 145: fitness=84210
It 150: fitness=84020
It 155: fitness=83970
It 160: fitness=83830
It 165: fitness=83770
It 170: fitness=83640
It 175: fitness=83630
It 180: fitness=83530
It 185: fitness=83520
It 190: fitness=83500
It 195: fitness=83460
It 200: fitness=83430
It 205: fitness=83430
It 210: fitness=83430
It 215: fitness=83380
It 220: fitness=83380
It 225: fitness=83320
It 230: fitness=83290
It 235: fitness=83290
It 240: fitness=83220
It 245: fitness=83210
It 250: fitness=83200
It 255: fitness=83170
It 260: fitness=83170
It 265: fitness=83170
It 270: fitness=83170
It 275: fitness=83160
It 280: fitness=83160
It 285: fitness=83160
It 290: fitness=83160
It 295: fitness=83150
It 300: fitness=83120
It 305: fitness=83120
It 310: fitness=83120
It 315: fitness=83120
It 320: fitness=83120
It 325: fitness=83120
It 330: fitness=83110
It 335: fitness=83110
It 340: fitness=83110
It 345: fitness=83110
It 350: fitness=83110
It 355: fitness=83110
It 360: fitness=83110
It 365: fitness=83110
It 370: fitness=83110
It 375: fitness=83110
It 380: fitness=83110
It 385: fitness=83110
It 390: fitness=83110
It 395: fitness=83110
It 400: fitness=83110
It 405: fitness=83110
It 410: fitness=83110
It 415: fitness=83110
It 420: fitness=83110
It 425: fitness=83110
It 430: fitness=83110
It 435: fitness=83110
It 440: fitness=83110
It 445: fitness=83110
It 450: fitness=83100
It 455: fitness=83100
It 460: fitness=83100
It 465: fitness=83100
It 470: fitness=83100
It 475: fitness=83100
It 480: fitness=83100
It 485: fitness=83100
It 490: fitness=83100
It 495: fitness=83100
It 500: fitness=83100
It 505: fitness=83100
It 510: fitness=83100
It 515: fitness=83100
It 520: fitness=83100
It 525: fitness=83100
It 530: fitness=83100
It 535: fitness=83100
It 540: fitness=83100
It 545: fitness=83100
It 550: fitness=83100
It 555: fitness=83090
It 560: fitness=83090
It 565: fitness=83090
It 570: fitness=83090
It 575: fitness=83090
It 580: fitness=83090
It 585: fitness=83090
It 590: fitness=83090
It 595: fitness=83090
It 600: fitness=83090
It 605: fitness=83090
It 610: fitness=83090
It 615: fitness=83090
It 620: fitness=83090
It 625: fitness=83090
It 630: fitness=83090
It 635: fitness=83090
It 640: fitness=83090
It 645: fitness=83090
It 650: fitness=83090
It 655: fitness=83090
It 660: fitness=83090
It 665: fitness=83040
It 670: fitness=83040
It 675: fitness=83040
It 680: fitness=83040
It 685: fitness=83040
It 690: fitness=83040
It 695: fitness=83040
It 700: fitness=83040
It 705: fitness=83040
It 710: fitness=83040
It 715: fitness=83040
It 720: fitness=83030
It 725: fitness=83030
It 730: fitness=83030
It 735: fitness=83030
It 740: fitness=83030
It 745: fitness=83030
It 750: fitness=83030
It 755: fitness=83030
It 760: fitness=83020
It 765: fitness=83020
It 770: fitness=83020
It 775: fitness=83020
It 780: fitness=83020
It 785: fitness=83020
It 790: fitness=83020
It 795: fitness=83020
It 800: fitness=83020
It 805: fitness=83020
It 810: fitness=83020
It 815: fitness=83020
It 820: fitness=83020
It 825: fitness=83020
It 830: fitness=83020
It 835: fitness=83020
It 840: fitness=83020
It 845: fitness=83020
It 850: fitness=83020
It 855: fitness=83020
It 860: fitness=83020
It 865: fitness=83020
It 870: fitness=83020
It 875: fitness=83020
It 880: fitness=83020
It 885: fitness=83020
It 890: fitness=83020
It 895: fitness=83010
It 900: fitness=83010
It 905: fitness=83010
It 910: fitness=83010
It 915: fitness=83010
It 920: fitness=83010
It 925: fitness=83010
It 930: fitness=83010
It 935: fitness=83010
It 940: fitness=83010
It 945: fitness=83010
It 950: fitness=83010
It 955: fitness=83010
It 960: fitness=83010
It 965: fitness=83010
It 970: fitness=83010
It 975: fitness=83010
It 980: fitness=83000
It 985: fitness=83000
It 990: fitness=83000
It 995: fitness=83000
It 1000: fitness=83000
It 1005: fitness=83000
It 1010: fitness=83000
It 1015: fitness=83000
It 1020: fitness=83000
It 1025: fitness=83000
It 1030: fitness=83000
It 1035: fitness=83000
It 1040: fitness=83000
It 1045: fitness=83000
It 1050: fitness=83000
It 1055: fitness=83000
It 1060: fitness=83000
It 1065: fitness=83000
It 1070: fitness=83000
It 1075: fitness=83000
It 1080: fitness=82990
It 1085: fitness=82990
It 1090: fitness=82990
It 1095: fitness=82990
It 1100: fitness=82990
It 1105: fitness=82990
It 1110: fitness=82990
It 1115: fitness=82990
It 1120: fitness=82990
It 1125: fitness=82990
It 1130: fitness=82980
It 1135: fitness=82980
It 1140: fitness=82970
It 1145: fitness=82970
It 1150: fitness=82970
It 1155: fitness=82970
It 1160: fitness=82970
It 1165: fitness=82970
It 1170: fitness=82970
It 1175: fitness=82940
It 1180: fitness=82940
It 1185: fitness=82940
It 1190: fitness=82940
It 1195: fitness=82940
It 1200: fitness=82940
It 1205: fitness=82940
It 1210: fitness=82920
It 1215: fitness=82920
It 1220: fitness=82920
It 1225: fitness=82920
It 1230: fitness=82920
It 1235: fitness=82920
It 1240: fitness=82920
It 1245: fitness=82910
It 1250: fitness=82900
It 1255: fitness=82900
It 1260: fitness=82890
It 1265: fitness=82880
It 1270: fitness=82880
It 1275: fitness=82880
It 1280: fitness=82880
It 1285: fitness=82880
It 1290: fitness=82880
It 1295: fitness=82880
It 1300: fitness=82880
It 1305: fitness=82870
It 1310: fitness=82860
It 1315: fitness=82860
It 1320: fitness=82860
It 1325: fitness=82860
It 1330: fitness=82860
It 1335: fitness=82860
It 1340: fitness=82860
It 1345: fitness=82860
It 1350: fitness=82860
It 1355: fitness=82860
It 1360: fitness=82860
It 1365: fitness=82860
It 1370: fitness=82860
It 1375: fitness=82860
It 1380: fitness=82860
It 1385: fitness=82850
It 1390: fitness=82850
It 1395: fitness=82850
It 1400: fitness=82840
It 1405: fitness=82830
It 1410: fitness=82820
It 1415: fitness=82820
It 1420: fitness=82810
It 1425: fitness=82810
It 1430: fitness=82810
It 1435: fitness=82810
It 1440: fitness=82810
It 1445: fitness=82810
It 1450: fitness=82810
It 1455: fitness=82810
It 1460: fitness=82810
It 1465: fitness=82810
It 1470: fitness=82810
It 1475: fitness=82810
It 1480: fitness=82810
It 1485: fitness=82800
It 1490: fitness=82800
It 1495: fitness=82800
It 1500: fitness=82800
It 1505: fitness=82800
It 1510: fitness=82800
It 1515: fitness=82800
It 1520: fitness=82800
It 1525: fitness=82800
It 1530: fitness=82800
It 1535: fitness=82800
It 1540: fitness=82800
It 1545: fitness=82800
It 1550: fitness=82800
It 1555: fitness=82800
It 1560: fitness=82790
It 1565: fitness=82790
It 1570: fitness=82790
It 1575: fitness=82790
It 1580: fitness=82790
It 1585: fitness=82790
It 1590: fitness=82780
It 1595: fitness=82780
It 1600: fitness=82780
It 1605: fitness=82780
It 1610: fitness=82780
It 1615: fitness=82780
It 1620: fitness=82780
It 1625: fitness=82780
It 1630: fitness=82780
It 1635: fitness=82780
It 1640: fitness=82780
It 1645: fitness=82780
It 1650: fitness=82780
It 1655: fitness=82780
It 1660: fitness=82780
It 1665: fitness=82780
It 1670: fitness=82780
It 1675: fitness=82780
It 1680: fitness=82780
It 1685: fitness=82780
It 1690: fitness=82780
It 1695: fitness=82780
It 1700: fitness=82780
It 1705: fitness=82780
It 1710: fitness=82770
It 1715: fitness=82770
It 1720: fitness=82770
It 1725: fitness=82770
It 1730: fitness=82770
It 1735: fitness=82770
It 1740: fitness=82770
It 1745: fitness=82770
It 1750: fitness=82770
It 1755: fitness=82760
It 1760: fitness=82760
It 1765: fitness=82760
It 1770: fitness=82760
It 1775: fitness=82760
It 1780: fitness=82760
It 1785: fitness=82760
It 1790: fitness=82760
It 1795: fitness=82760
It 1800: fitness=82760
It 1805: fitness=82760
It 1810: fitness=82760
It 1815: fitness=82760
It 1820: fitness=82760
It 1825: fitness=82750
It 1830: fitness=82750
It 1835: fitness=82750
It 1840: fitness=82750
It 1845: fitness=82750
It 1850: fitness=82750
It 1855: fitness=82750
It 1860: fitness=82750
It 1865: fitness=82750
It 1870: fitness=82750
It 1875: fitness=82750
It 1880: fitness=82750
It 1885: fitness=82750
It 1890: fitness=82750
It 1895: fitness=82750
It 1900: fitness=82750
It 1905: fitness=82750
It 1910: fitness=82750
It 1915: fitness=82750
It 1920: fitness=82750
It 1925: fitness=82750
It 1930: fitness=82750
It 1935: fitness=82750
It 1940: fitness=82750
It 1945: fitness=82750
It 1950: fitness=82750
It 1955: fitness=82750
It 1960: fitness=82750
It 1965: fitness=82730
It 1970: fitness=82730
It 1975: fitness=82730
It 1980: fitness=82730
It 1985: fitness=82730
It 1990: fitness=82730
It 1995: fitness=82720
It 2000: fitness=82720
It 2005: fitness=82720
It 2010: fitness=82720
It 2015: fitness=82720
It 2020: fitness=82720
It 2025: fitness=82710
It 2030: fitness=82710
It 2035: fitness=82710
It 2040: fitness=82710
It 2045: fitness=82710
It 2050: fitness=82710
It 2055: fitness=82710
It 2060: fitness=82710
It 2065: fitness=82710
It 2070: fitness=82710
It 2075: fitness=82710
It 2080: fitness=82710
It 2085: fitness=82710
It 2090: fitness=82710
It 2095: fitness=82710
It 2100: fitness=82710
It 2105: fitness=82710
It 2110: fitness=82700
It 2115: fitness=82700
It 2120: fitness=82680
It 2125: fitness=82680
It 2130: fitness=82680
It 2135: fitness=82670
It 2140: fitness=82660
It 2145: fitness=82660
It 2150: fitness=82630
It 2155: fitness=82630
It 2160: fitness=82630
It 2165: fitness=82630
It 2170: fitness=82630
It 2175: fitness=82630
It 2180: fitness=82630
It 2185: fitness=82620
It 2190: fitness=82620
It 2195: fitness=82620
It 2200: fitness=82620
It 2205: fitness=82620
It 2210: fitness=82620
It 2215: fitness=82620
It 2220: fitness=82620
It 2225: fitness=82620
It 2230: fitness=82600
It 2235: fitness=82580
It 2240: fitness=82580
It 2245: fitness=82580
It 2250: fitness=82580
It 2255: fitness=82580
It 2260: fitness=82580
It 2265: fitness=82580
It 2270: fitness=82580
It 2275: fitness=82580
It 2280: fitness=82580
It 2285: fitness=82580
It 2290: fitness=82580
It 2295: fitness=82580
It 2300: fitness=82580
It 2305: fitness=82580
It 2310: fitness=82580
It 2315: fitness=82580
It 2320: fitness=82580
It 2325: fitness=82580
It 2330: fitness=82580
It 2335: fitness=82580
It 2340: fitness=82580
It 2345: fitness=82580
It 2350: fitness=82580
It 2355: fitness=82580
It 2360: fitness=82580
It 2365: fitness=82560
It 2370: fitness=82560
It 2375: fitness=82560
It 2380: fitness=82560
It 2385: fitness=82560
It 2390: fitness=82560
It 2395: fitness=82560
It 2400: fitness=82560
It 2405: fitness=82560
It 2410: fitness=82560
It 2415: fitness=82560
It 2420: fitness=82560
It 2425: fitness=82560
It 2430: fitness=82560
It 2435: fitness=82560
It 2440: fitness=82560
It 2445: fitness=82560
It 2450: fitness=82560
It 2455: fitness=82560
It 2460: fitness=82560
It 2465: fitness=82560
It 2470: fitness=82560
It 2475: fitness=82560
It 2480: fitness=82560
It 2485: fitness=82560
It 2490: fitness=82560
It 2495: fitness=82560
It 2500: fitness=82560
It 2505: fitness=82560
It 2510: fitness=82560
It 2515: fitness=82560
It 2520: fitness=82560
It 2525: fitness=82560
It 2530: fitness=82560
It 2535: fitness=82560
It 2540: fitness=82560
It 2545: fitness=82560
It 2550: fitness=82560
It 2555: fitness=82560
It 2560: fitness=82560
It 2565: fitness=82560
It 2570: fitness=82560
It 2575: fitness=82560
It 2580: fitness=82560
It 2585: fitness=82560
It 2590: fitness=82560
It 2595: fitness=82560
It 2600: fitness=82560
It 2605: fitness=82560
It 2610: fitness=82560
It 2615: fitness=82560
It 2620: fitness=82560
It 2625: fitness=82560
It 2630: fitness=82560
It 2635: fitness=82560
It 2640: fitness=82560
It 2645: fitness=82560
It 2650: fitness=82560
It 2655: fitness=82560
It 2660: fitness=82560
It 2665: fitness=82560
It 2670: fitness=82560
It 2675: fitness=82560
It 2680: fitness=82560
It 2685: fitness=82560
It 2690: fitness=82560
It 2695: fitness=82560
It 2700: fitness=82560
It 2705: fitness=82560
It 2710: fitness=82560
It 2715: fitness=82560
It 2720: fitness=82560
It 2725: fitness=82560
It 2730: fitness=82560
It 2735: fitness=82560
It 2740: fitness=82560
It 2745: fitness=82560
It 2750: fitness=82560
It 2755: fitness=82560
It 2760: fitness=82560
It 2765: fitness=82560
It 2770: fitness=82560
It 2775: fitness=82560
It 2780: fitness=82560
It 2785: fitness=82560
It 2790: fitness=82560
It 2795: fitness=82560
It 2800: fitness=82560
It 2805: fitness=82550
It 2810: fitness=82550
It 2815: fitness=82550
It 2820: fitness=82550
It 2825: fitness=82550
It 2830: fitness=82550
It 2835: fitness=82550
It 2840: fitness=82550
It 2845: fitness=82550
It 2850: fitness=82550
It 2855: fitness=82550
It 2860: fitness=82550
It 2865: fitness=82550
It 2870: fitness=82550
It 2875: fitness=82550
It 2880: fitness=82550
It 2885: fitness=82550
It 2890: fitness=82550
It 2895: fitness=82550
It 2900: fitness=82550
It 2905: fitness=82550
It 2910: fitness=82550
It 2915: fitness=82550
It 2920: fitness=82550
It 2925: fitness=82550
It 2930: fitness=82550
It 2935: fitness=82550
It 2940: fitness=82550
It 2945: fitness=82550
It 2950: fitness=82550
It 2955: fitness=82550
It 2960: fitness=82550
It 2965: fitness=82550
It 2970: fitness=82550
It 2975: fitness=82550
It 2980: fitness=82550
It 2985: fitness=82550
It 2990: fitness=82550
It 2995: fitness=82550
It 3000: fitness=82550
It 3005: fitness=82550
It 3010: fitness=82550
It 3015: fitness=82550
It 3020: fitness=82550
It 3025: fitness=82550
It 3030: fitness=82550
It 3035: fitness=82550
It 3040: fitness=82550
It 3045: fitness=82550
It 3050: fitness=82550
It 3055: fitness=82550
It 3060: fitness=82550
It 3065: fitness=82550
It 3070: fitness=82550
It 3075: fitness=82550
It 3080: fitness=82550
It 3085: fitness=82550
It 3090: fitness=82550
It 3095: fitness=82550
It 3100: fitness=82550
It 3105: fitness=82550
It 3110: fitness=82550
It 3115: fitness=82550
It 3120: fitness=82550
It 3125: fitness=82550
It 3130: fitness=82550
It 3135: fitness=82550
It 3140: fitness=82550
It 3145: fitness=82550
It 3150: fitness=82550
It 3155: fitness=82550
It 3160: fitness=82550
It 3165: fitness=82550
It 3170: fitness=82550
It 3175: fitness=82550
It 3180: fitness=82550
It 3185: fitness=82550
It 3190: fitness=82550
It 3195: fitness=82550
It 3200: fitness=82550
It 3205: fitness=82550
It 3210: fitness=82550
It 3215: fitness=82550
It 3220: fitness=82550
It 3225: fitness=82550
It 3230: fitness=82550
It 3235: fitness=82550
It 3240: fitness=82550
Maximal number of iterations without improvement reached
>> Resamp_Iter 4 negLL: 82545.55 (ref:  80257.49 )
>> Resamp_params: 0.4738349 0.4653684 0.4688989 0.4401495 0.6294297 0.4472504 0.5180499 0.4819013 0.5505177 1.047826 0.6000495 -44.13125 -499.9233 0.4268119 
>> sd Resamp 5 : 30 43 33 33 41 22 5 12 7 10 17 26 26 20 15 10 37 40 16 8 44 20 14 45 35 24 36 30 9 43 37 27 43 24 10 45 25 13 30 19 23 43 42 12 33 22 28 
>> Opt param @ resamp: 122936.6 
S=17, K=3, p=0.1663, w0=0.7213, w1=0.7213, c.p=1.193, c.g=1.193
v.max=NA, d=3.742, vectorize=FALSE, hybrid=off
It 5: fitness=165100
It 10: fitness=147100
It 15: fitness=145300
It 20: fitness=144100
It 25: fitness=144000
It 30: fitness=143800
It 35: fitness=143500
It 40: fitness=143500
It 45: fitness=143500
It 50: fitness=143500
It 55: fitness=143500
It 60: fitness=143500
It 65: fitness=143500
It 70: fitness=143500
It 75: fitness=142500
It 80: fitness=142500
It 85: fitness=142500
It 90: fitness=142300
It 95: fitness=141800
It 100: fitness=141800
It 105: fitness=139200
It 110: fitness=133800
It 115: fitness=133800
It 120: fitness=130800
It 125: fitness=130200
It 130: fitness=130200
It 135: fitness=128600
It 140: fitness=125600
It 145: fitness=124200
It 150: fitness=123800
It 155: fitness=122600
It 160: fitness=122400
It 165: fitness=122100
It 170: fitness=121900
It 175: fitness=121800
It 180: fitness=121300
It 185: fitness=120900
It 190: fitness=120900
It 195: fitness=120600
It 200: fitness=120400
It 205: fitness=120200
It 210: fitness=119900
It 215: fitness=119600
It 220: fitness=119500
It 225: fitness=118800
It 230: fitness=118800
It 235: fitness=118500
It 240: fitness=118500
It 245: fitness=118100
It 250: fitness=118100
It 255: fitness=117800
It 260: fitness=117700
It 265: fitness=117600
It 270: fitness=117500
It 275: fitness=117500
It 280: fitness=117300
It 285: fitness=117300
It 290: fitness=117200
It 295: fitness=117200
It 300: fitness=117100
It 305: fitness=117100
It 310: fitness=117100
It 315: fitness=117000
It 320: fitness=117000
It 325: fitness=116900
It 330: fitness=116900
It 335: fitness=116900
It 340: fitness=116800
It 345: fitness=116700
It 350: fitness=116700
It 355: fitness=116700
It 360: fitness=116600
It 365: fitness=116600
It 370: fitness=116600
It 375: fitness=116600
It 380: fitness=116500
It 385: fitness=116500
It 390: fitness=116400
It 395: fitness=116400
It 400: fitness=116400
It 405: fitness=116400
It 410: fitness=116300
It 415: fitness=116300
It 420: fitness=116300
It 425: fitness=116200
It 430: fitness=116200
It 435: fitness=116200
It 440: fitness=116200
It 445: fitness=116200
It 450: fitness=116200
It 455: fitness=116200
It 460: fitness=116200
It 465: fitness=116200
It 470: fitness=116100
It 475: fitness=116100
It 480: fitness=116100
It 485: fitness=116100
It 490: fitness=116100
It 495: fitness=116100
It 500: fitness=116100
It 505: fitness=116100
It 510: fitness=116100
It 515: fitness=116100
It 520: fitness=116100
It 525: fitness=116100
It 530: fitness=116100
It 535: fitness=116100
It 540: fitness=116000
It 545: fitness=116000
It 550: fitness=116000
It 555: fitness=116000
It 560: fitness=116000
It 565: fitness=116000
It 570: fitness=116000
It 575: fitness=116000
It 580: fitness=116000
It 585: fitness=116000
It 590: fitness=116000
It 595: fitness=116000
It 600: fitness=116000
It 605: fitness=116000
It 610: fitness=116000
It 615: fitness=116000
It 620: fitness=116000
It 625: fitness=116000
It 630: fitness=116000
It 635: fitness=116000
It 640: fitness=116000
It 645: fitness=116000
It 650: fitness=116000
It 655: fitness=116000
It 660: fitness=116000
It 665: fitness=116000
It 670: fitness=116000
It 675: fitness=116000
It 680: fitness=116000
It 685: fitness=116000
It 690: fitness=116000
It 695: fitness=116000
It 700: fitness=116000
It 705: fitness=116000
It 710: fitness=116000
It 715: fitness=116000
It 720: fitness=116000
It 725: fitness=116000
It 730: fitness=116000
It 735: fitness=116000
It 740: fitness=116000
It 745: fitness=116000
It 750: fitness=115900
It 755: fitness=115900
It 760: fitness=115900
It 765: fitness=115900
It 770: fitness=115900
It 775: fitness=115900
It 780: fitness=115900
It 785: fitness=115900
It 790: fitness=115900
It 795: fitness=115900
It 800: fitness=115900
It 805: fitness=115900
It 810: fitness=115900
It 815: fitness=115900
It 820: fitness=115900
It 825: fitness=115900
It 830: fitness=115900
It 835: fitness=115900
It 840: fitness=115900
It 845: fitness=115900
It 850: fitness=115900
It 855: fitness=115900
It 860: fitness=115900
It 865: fitness=115900
It 870: fitness=115900
It 875: fitness=115900
It 880: fitness=115900
It 885: fitness=115900
It 890: fitness=115900
It 895: fitness=115900
It 900: fitness=115900
It 905: fitness=115900
It 910: fitness=115900
It 915: fitness=115900
It 920: fitness=115900
It 925: fitness=115900
It 930: fitness=115900
It 935: fitness=115900
It 940: fitness=115900
It 945: fitness=115900
It 950: fitness=115900
It 955: fitness=115900
It 960: fitness=115900
It 965: fitness=115900
It 970: fitness=115900
It 975: fitness=115900
It 980: fitness=115900
It 985: fitness=115900
It 990: fitness=115900
It 995: fitness=115900
It 1000: fitness=115900
It 1005: fitness=115900
It 1010: fitness=115900
It 1015: fitness=115900
It 1020: fitness=115900
It 1025: fitness=115900
It 1030: fitness=115900
It 1035: fitness=115900
It 1040: fitness=115900
It 1045: fitness=115900
It 1050: fitness=115900
It 1055: fitness=115900
It 1060: fitness=115900
It 1065: fitness=115900
It 1070: fitness=115900
It 1075: fitness=115900
It 1080: fitness=115900
It 1085: fitness=115900
It 1090: fitness=115900
It 1095: fitness=115900
It 1100: fitness=115900
It 1105: fitness=115900
It 1110: fitness=115900
It 1115: fitness=115900
It 1120: fitness=115900
It 1125: fitness=115900
It 1130: fitness=115900
It 1135: fitness=115900
It 1140: fitness=115900
It 1145: fitness=115900
It 1150: fitness=115900
It 1155: fitness=115900
It 1160: fitness=115900
It 1165: fitness=115900
It 1170: fitness=115900
It 1175: fitness=115900
Maximal number of iterations without improvement reached
>> Resamp_Iter 5 negLL: 115935.4 (ref:  122936.6 )
>> Resamp_params: 0.4904245 0.4969927 0.5063973 0.4996336 0.6062059 0.48982 0.5166864 0.5040163 0.6263705 0.8012064 0.6995882 -37.16576 -29.23488 0.3977827 
>> sd Resamp 6 : 31 7 12 27 5 27 43 32 29 9 36 19 1 10 28 20 21 40 32 19 10 17 22 37 38 45 29 40 38 41 34 40 47 2 36 3 5 22 1 22 8 2 9 3 19 6 14 
>> Opt param @ resamp: 82787.9 
S=17, K=3, p=0.1663, w0=0.7213, w1=0.7213, c.p=1.193, c.g=1.193
v.max=NA, d=3.742, vectorize=FALSE, hybrid=off
It 5: fitness=102500
It 10: fitness=102500
It 15: fitness=91690
It 20: fitness=88860
It 25: fitness=88530
It 30: fitness=88240
It 35: fitness=88240
It 40: fitness=88220
It 45: fitness=88220
It 50: fitness=88220
It 55: fitness=88220
It 60: fitness=88200
It 65: fitness=88200
It 70: fitness=88200
It 75: fitness=88200
It 80: fitness=88200
It 85: fitness=88200
It 90: fitness=88200
It 95: fitness=88200
It 100: fitness=88200
It 105: fitness=88200
It 110: fitness=88170
It 115: fitness=87550
It 120: fitness=87120
It 125: fitness=87060
It 130: fitness=86800
It 135: fitness=86800
It 140: fitness=86780
It 145: fitness=86780
It 150: fitness=86770
It 155: fitness=86770
It 160: fitness=86100
It 165: fitness=85120
It 170: fitness=84790
It 175: fitness=84450
It 180: fitness=84450
It 185: fitness=84450
It 190: fitness=84050
It 195: fitness=83870
It 200: fitness=83870
It 205: fitness=83690
It 210: fitness=83610
It 215: fitness=83550
It 220: fitness=83550
It 225: fitness=83540
It 230: fitness=83540
It 235: fitness=83540
It 240: fitness=83470
It 245: fitness=83340
It 250: fitness=83340
It 255: fitness=83340
It 260: fitness=83120
It 265: fitness=83060
It 270: fitness=83020
It 275: fitness=82980
It 280: fitness=82970
It 285: fitness=82940
It 290: fitness=82930
It 295: fitness=82830
It 300: fitness=82750
It 305: fitness=82690
It 310: fitness=82690
It 315: fitness=82670
It 320: fitness=82670
It 325: fitness=82630
It 330: fitness=82630
It 335: fitness=82500
It 340: fitness=82460
It 345: fitness=82430
It 350: fitness=82240
It 355: fitness=82220
It 360: fitness=82180
It 365: fitness=82180
It 370: fitness=82170
It 375: fitness=82140
It 380: fitness=82140
It 385: fitness=82140
It 390: fitness=82140
It 395: fitness=82140
It 400: fitness=82130
It 405: fitness=82130
It 410: fitness=82130
It 415: fitness=82130
It 420: fitness=82130
It 425: fitness=82130
It 430: fitness=82130
It 435: fitness=82130
It 440: fitness=82130
It 445: fitness=82130
It 450: fitness=82130
It 455: fitness=82130
It 460: fitness=82130
It 465: fitness=82130
It 470: fitness=82130
It 475: fitness=82130
It 480: fitness=82130
It 485: fitness=82130
It 490: fitness=82130
It 495: fitness=82130
It 500: fitness=82130
It 505: fitness=82130
It 510: fitness=82130
It 515: fitness=82130
It 520: fitness=82120
It 525: fitness=82120
It 530: fitness=82120
It 535: fitness=82120
It 540: fitness=82120
It 545: fitness=82120
It 550: fitness=82110
It 555: fitness=82100
It 560: fitness=82100
It 565: fitness=82100
It 570: fitness=82100
It 575: fitness=82100
It 580: fitness=82100
It 585: fitness=82100
It 590: fitness=82090
It 595: fitness=82080
It 600: fitness=82080
It 605: fitness=82070
It 610: fitness=82050
It 615: fitness=82050
It 620: fitness=82050
It 625: fitness=82050
It 630: fitness=82050
It 635: fitness=82040
It 640: fitness=82040
It 645: fitness=82040
It 650: fitness=82040
It 655: fitness=82030
It 660: fitness=82030
It 665: fitness=82030
It 670: fitness=82030
It 675: fitness=82030
It 680: fitness=82000
It 685: fitness=82000
It 690: fitness=81990
It 695: fitness=81990
It 700: fitness=81990
It 705: fitness=81990
It 710: fitness=81980
It 715: fitness=81980
It 720: fitness=81960
It 725: fitness=81960
It 730: fitness=81960
It 735: fitness=81960
It 740: fitness=81960
It 745: fitness=81960
It 750: fitness=81960
It 755: fitness=81960
It 760: fitness=81960
It 765: fitness=81960
It 770: fitness=81960
It 775: fitness=81960
It 780: fitness=81960
It 785: fitness=81960
It 790: fitness=81960
It 795: fitness=81960
It 800: fitness=81960
It 805: fitness=81960
It 810: fitness=81930
It 815: fitness=81930
It 820: fitness=81930
It 825: fitness=81930
It 830: fitness=81930
It 835: fitness=81930
It 840: fitness=81930
It 845: fitness=81930
It 850: fitness=81910
It 855: fitness=81910
It 860: fitness=81910
It 865: fitness=81910
It 870: fitness=81910
It 875: fitness=81910
It 880: fitness=81910
It 885: fitness=81910
It 890: fitness=81910
It 895: fitness=81910
It 900: fitness=81910
It 905: fitness=81900
It 910: fitness=81900
It 915: fitness=81900
It 920: fitness=81900
It 925: fitness=81900
It 930: fitness=81880
It 935: fitness=81880
It 940: fitness=81880
It 945: fitness=81880
It 950: fitness=81870
It 955: fitness=81870
It 960: fitness=81870
It 965: fitness=81860
It 970: fitness=81860
It 975: fitness=81860
It 980: fitness=81860
It 985: fitness=81860
It 990: fitness=81860
It 995: fitness=81860
It 1000: fitness=81860
It 1005: fitness=81860
It 1010: fitness=81860
It 1015: fitness=81860
It 1020: fitness=81860
It 1025: fitness=81860
It 1030: fitness=81860
It 1035: fitness=81830
It 1040: fitness=81830
It 1045: fitness=81800
It 1050: fitness=81790
It 1055: fitness=81790
It 1060: fitness=81790
It 1065: fitness=81790
It 1070: fitness=81790
It 1075: fitness=81790
It 1080: fitness=81790
It 1085: fitness=81790
It 1090: fitness=81790
It 1095: fitness=81790
It 1100: fitness=81790
It 1105: fitness=81790
It 1110: fitness=81790
It 1115: fitness=81790
It 1120: fitness=81790
It 1125: fitness=81790
It 1130: fitness=81790
It 1135: fitness=81790
It 1140: fitness=81790
It 1145: fitness=81790
It 1150: fitness=81790
It 1155: fitness=81790
It 1160: fitness=81790
It 1165: fitness=81790
It 1170: fitness=81790
It 1175: fitness=81790
It 1180: fitness=81790
It 1185: fitness=81790
It 1190: fitness=81790
It 1195: fitness=81790
It 1200: fitness=81790
It 1205: fitness=81790
It 1210: fitness=81790
It 1215: fitness=81790
It 1220: fitness=81790
It 1225: fitness=81790
It 1230: fitness=81790
It 1235: fitness=81790
It 1240: fitness=81790
It 1245: fitness=81790
It 1250: fitness=81790
It 1255: fitness=81790
It 1260: fitness=81790
It 1265: fitness=81790
It 1270: fitness=81790
It 1275: fitness=81790
It 1280: fitness=81790
It 1285: fitness=81790
It 1290: fitness=81790
It 1295: fitness=81790
It 1300: fitness=81790
It 1305: fitness=81790
It 1310: fitness=81790
It 1315: fitness=81790
It 1320: fitness=81790
It 1325: fitness=81790
It 1330: fitness=81790
It 1335: fitness=81790
It 1340: fitness=81790
It 1345: fitness=81790
It 1350: fitness=81790
It 1355: fitness=81790
It 1360: fitness=81790
It 1365: fitness=81790
It 1370: fitness=81790
It 1375: fitness=81790
It 1380: fitness=81790
It 1385: fitness=81790
It 1390: fitness=81790
It 1395: fitness=81790
It 1400: fitness=81790
It 1405: fitness=81790
It 1410: fitness=81790
It 1415: fitness=81790
It 1420: fitness=81790
It 1425: fitness=81790
It 1430: fitness=81790
It 1435: fitness=81790
It 1440: fitness=81790
Maximal number of iterations without improvement reached
>> Resamp_Iter 6 negLL: 81787.84 (ref:  82787.9 )
>> Resamp_params: 0.5095277 0.5223092 0.5126631 0.4853889 0.5859639 0.4973498 0.5436806 0.5370106 0.6114338 0.8321187 0.600084 -23.01663 -16.09778 0.3287341 
>> sd Resamp 7 : 9 22 4 25 46 16 19 46 29 14 45 37 21 31 38 4 20 36 5 45 11 5 28 5 35 39 11 18 32 47 39 28 46 19 26 17 14 45 45 2 21 6 10 35 15 13 29 
>> Opt param @ resamp: 90530.86 
S=17, K=3, p=0.1663, w0=0.7213, w1=0.7213, c.p=1.193, c.g=1.193
v.max=NA, d=3.742, vectorize=FALSE, hybrid=off
It 5: fitness=135200
It 10: fitness=135200
It 15: fitness=108000
It 20: fitness=99830
It 25: fitness=99830
It 30: fitness=99830
It 35: fitness=99830
It 40: fitness=99830
It 45: fitness=99830
It 50: fitness=99830
It 55: fitness=99660
It 60: fitness=99660
It 65: fitness=99660
It 70: fitness=99660
It 75: fitness=99660
It 80: fitness=99660
It 85: fitness=99660
It 90: fitness=99660
It 95: fitness=95230
It 100: fitness=95230
It 105: fitness=94040
It 110: fitness=93780
It 115: fitness=93670
It 120: fitness=93660
It 125: fitness=93650
It 130: fitness=93630
It 135: fitness=93590
It 140: fitness=93580
It 145: fitness=93560
It 150: fitness=93510
It 155: fitness=93360
It 160: fitness=93360
It 165: fitness=92460
It 170: fitness=92350
It 175: fitness=92170
It 180: fitness=92050
It 185: fitness=91980
It 190: fitness=91730
It 195: fitness=91670
It 200: fitness=91510
It 205: fitness=91380
It 210: fitness=91210
It 215: fitness=91120
It 220: fitness=91030
It 225: fitness=91030
It 230: fitness=91030
It 235: fitness=91030
It 240: fitness=91030
It 245: fitness=91030
It 250: fitness=91020
It 255: fitness=91020
It 260: fitness=91020
It 265: fitness=91020
It 270: fitness=91010
It 275: fitness=90980
It 280: fitness=90980
It 285: fitness=90970
It 290: fitness=90950
It 295: fitness=90950
It 300: fitness=90950
It 305: fitness=90950
It 310: fitness=90950
It 315: fitness=90950
It 320: fitness=90950
It 325: fitness=90940
It 330: fitness=90940
It 335: fitness=90870
It 340: fitness=90870
It 345: fitness=90660
It 350: fitness=90660
It 355: fitness=90660
It 360: fitness=90580
It 365: fitness=90570
It 370: fitness=90550
It 375: fitness=90540
It 380: fitness=90540
It 385: fitness=90530
It 390: fitness=90410
It 395: fitness=90290
It 400: fitness=90290
It 405: fitness=90290
It 410: fitness=90290
It 415: fitness=90290
It 420: fitness=90270
It 425: fitness=90270
It 430: fitness=90190
It 435: fitness=90140
It 440: fitness=90010
It 445: fitness=89970
It 450: fitness=89900
It 455: fitness=89820
It 460: fitness=89790
It 465: fitness=89720
It 470: fitness=89720
It 475: fitness=89700
It 480: fitness=89700
It 485: fitness=89670
It 490: fitness=89670
It 495: fitness=89670
It 500: fitness=89670
It 505: fitness=89670
It 510: fitness=89670
It 515: fitness=89670
It 520: fitness=89670
It 525: fitness=89670
It 530: fitness=89670
It 535: fitness=89670
It 540: fitness=89660
It 545: fitness=89660
It 550: fitness=89660
It 555: fitness=89660
It 560: fitness=89660
It 565: fitness=89660
It 570: fitness=89660
It 575: fitness=89660
It 580: fitness=89660
It 585: fitness=89660
It 590: fitness=89660
It 595: fitness=89650
It 600: fitness=89650
It 605: fitness=89640
It 610: fitness=89640
It 615: fitness=89640
It 620: fitness=89640
It 625: fitness=89640
It 630: fitness=89640
It 635: fitness=89640
It 640: fitness=89630
It 645: fitness=89630
It 650: fitness=89630
It 655: fitness=89630
It 660: fitness=89630
It 665: fitness=89630
It 670: fitness=89630
It 675: fitness=89630
It 680: fitness=89630
It 685: fitness=89630
It 690: fitness=89630
It 695: fitness=89610
It 700: fitness=89610
It 705: fitness=89610
It 710: fitness=89610
It 715: fitness=89610
It 720: fitness=89610
It 725: fitness=89610
It 730: fitness=89610
It 735: fitness=89600
It 740: fitness=89580
It 745: fitness=89580
It 750: fitness=89580
It 755: fitness=89580
It 760: fitness=89580
It 765: fitness=89580
It 770: fitness=89580
It 775: fitness=89580
It 780: fitness=89580
It 785: fitness=89580
It 790: fitness=89580
It 795: fitness=89580
It 800: fitness=89580
It 805: fitness=89580
It 810: fitness=89580
It 815: fitness=89580
It 820: fitness=89580
It 825: fitness=89580
It 830: fitness=89580
It 835: fitness=89580
It 840: fitness=89580
It 845: fitness=89580
It 850: fitness=89580
It 855: fitness=89580
It 860: fitness=89580
It 865: fitness=89580
It 870: fitness=89570
It 875: fitness=89570
It 880: fitness=89570
It 885: fitness=89570
It 890: fitness=89570
It 895: fitness=89570
It 900: fitness=89530
It 905: fitness=89530
It 910: fitness=89530
It 915: fitness=89510
It 920: fitness=89510
It 925: fitness=89490
It 930: fitness=89490
It 935: fitness=89490
It 940: fitness=89490
It 945: fitness=89490
It 950: fitness=89480
It 955: fitness=89470
It 960: fitness=89470
It 965: fitness=89470
It 970: fitness=89470
It 975: fitness=89470
It 980: fitness=89470
It 985: fitness=89470
It 990: fitness=89470
It 995: fitness=89470
It 1000: fitness=89470
It 1005: fitness=89470
It 1010: fitness=89460
It 1015: fitness=89460
It 1020: fitness=89460
It 1025: fitness=89460
It 1030: fitness=89460
It 1035: fitness=89460
It 1040: fitness=89460
It 1045: fitness=89460
It 1050: fitness=89430
It 1055: fitness=89430
It 1060: fitness=89430
It 1065: fitness=89430
It 1070: fitness=89430
It 1075: fitness=89430
It 1080: fitness=89430
It 1085: fitness=89430
It 1090: fitness=89430
It 1095: fitness=89430
It 1100: fitness=89430
It 1105: fitness=89430
It 1110: fitness=89410
It 1115: fitness=89410
It 1120: fitness=89410
It 1125: fitness=89410
It 1130: fitness=89410
It 1135: fitness=89410
It 1140: fitness=89410
It 1145: fitness=89410
It 1150: fitness=89410
It 1155: fitness=89410
It 1160: fitness=89410
It 1165: fitness=89410
It 1170: fitness=89410
It 1175: fitness=89410
It 1180: fitness=89410
It 1185: fitness=89410
It 1190: fitness=89410
It 1195: fitness=89410
It 1200: fitness=89410
It 1205: fitness=89400
It 1210: fitness=89400
It 1215: fitness=89400
It 1220: fitness=89400
It 1225: fitness=89400
It 1230: fitness=89400
It 1235: fitness=89400
It 1240: fitness=89380
It 1245: fitness=89380
It 1250: fitness=89380
It 1255: fitness=89380
It 1260: fitness=89380
It 1265: fitness=89380
It 1270: fitness=89380
It 1275: fitness=89380
It 1280: fitness=89380
It 1285: fitness=89380
It 1290: fitness=89380
It 1295: fitness=89380
It 1300: fitness=89380
It 1305: fitness=89380
It 1310: fitness=89380
It 1315: fitness=89380
It 1320: fitness=89380
It 1325: fitness=89380
It 1330: fitness=89380
It 1335: fitness=89380
It 1340: fitness=89380
It 1345: fitness=89380
It 1350: fitness=89380
It 1355: fitness=89380
It 1360: fitness=89380
It 1365: fitness=89380
It 1370: fitness=89380
It 1375: fitness=89380
It 1380: fitness=89380
It 1385: fitness=89380
It 1390: fitness=89380
It 1395: fitness=89380
It 1400: fitness=89380
It 1405: fitness=89380
It 1410: fitness=89380
It 1415: fitness=89380
It 1420: fitness=89380
It 1425: fitness=89380
It 1430: fitness=89380
It 1435: fitness=89380
It 1440: fitness=89380
It 1445: fitness=89380
It 1450: fitness=89380
It 1455: fitness=89380
It 1460: fitness=89380
It 1465: fitness=89380
It 1470: fitness=89380
It 1475: fitness=89380
It 1480: fitness=89380
It 1485: fitness=89380
It 1490: fitness=89380
It 1495: fitness=89380
It 1500: fitness=89380
It 1505: fitness=89380
It 1510: fitness=89380
It 1515: fitness=89380
It 1520: fitness=89380
It 1525: fitness=89380
It 1530: fitness=89380
It 1535: fitness=89380
It 1540: fitness=89380
It 1545: fitness=89380
It 1550: fitness=89380
It 1555: fitness=89380
It 1560: fitness=89380
It 1565: fitness=89380
It 1570: fitness=89380
It 1575: fitness=89380
It 1580: fitness=89380
It 1585: fitness=89380
It 1590: fitness=89380
It 1595: fitness=89380
It 1600: fitness=89380
It 1605: fitness=89380
It 1610: fitness=89380
It 1615: fitness=89380
It 1620: fitness=89380
It 1625: fitness=89380
It 1630: fitness=89380
It 1635: fitness=89380
It 1640: fitness=89380
Maximal number of iterations without improvement reached
>> Resamp_Iter 7 negLL: 89382.44 (ref:  90530.86 )
>> Resamp_params: 0.4679091 0.4740004 0.4513989 0.4351206 0.6059384 0.4548865 0.5046057 0.5002584 0.6385624 0.800027 0.6005719 -11.11317 -19.73307 0.3687215 
>> sd Resamp 8 : 13 33 29 42 10 22 40 27 34 28 35 21 34 33 24 15 40 28 21 44 25 6 11 30 38 32 8 39 17 43 11 18 44 36 28 43 43 15 19 41 28 18 29 15 35 4 36 
>> Opt param @ resamp: 109156.5 
S=17, K=3, p=0.1663, w0=0.7213, w1=0.7213, c.p=1.193, c.g=1.193
v.max=NA, d=3.742, vectorize=FALSE, hybrid=off
It 5: fitness=147500
It 10: fitness=147500
It 15: fitness=147500
It 20: fitness=133200
It 25: fitness=132200
It 30: fitness=132100
It 35: fitness=131900
It 40: fitness=131200
It 45: fitness=131100
It 50: fitness=131100
It 55: fitness=131100
It 60: fitness=131100
It 65: fitness=131100
It 70: fitness=131100
It 75: fitness=131100
It 80: fitness=131100
It 85: fitness=131100
It 90: fitness=131100
It 95: fitness=128800
It 100: fitness=128800
It 105: fitness=128200
It 110: fitness=128000
It 115: fitness=127900
It 120: fitness=127900
It 125: fitness=127900
It 130: fitness=127900
It 135: fitness=127900
It 140: fitness=126100
It 145: fitness=126100
It 150: fitness=126100
It 155: fitness=121800
It 160: fitness=116100
It 165: fitness=116100
It 170: fitness=113700
It 175: fitness=112800
It 180: fitness=110700
It 185: fitness=110700
It 190: fitness=110300
It 195: fitness=110300
It 200: fitness=110200
It 205: fitness=110100
It 210: fitness=110100
It 215: fitness=109800
It 220: fitness=109400
It 225: fitness=108700
It 230: fitness=108200
It 235: fitness=108000
It 240: fitness=107900
It 245: fitness=107800
It 250: fitness=107300
It 255: fitness=107100
It 260: fitness=107100
It 265: fitness=107000
It 270: fitness=106900
It 275: fitness=106900
It 280: fitness=106900
It 285: fitness=106800
It 290: fitness=106800
It 295: fitness=106800
It 300: fitness=106800
It 305: fitness=106800
It 310: fitness=106800
It 315: fitness=106800
It 320: fitness=106800
It 325: fitness=106800
It 330: fitness=106800
It 335: fitness=106800
It 340: fitness=106700
It 345: fitness=106700
It 350: fitness=106700
It 355: fitness=106600
It 360: fitness=106600
It 365: fitness=106500
It 370: fitness=106500
It 375: fitness=106500
It 380: fitness=106300
It 385: fitness=106300
It 390: fitness=106300
It 395: fitness=106300
It 400: fitness=106200
It 405: fitness=106200
It 410: fitness=106200
It 415: fitness=106200
It 420: fitness=106200
It 425: fitness=106200
It 430: fitness=106200
It 435: fitness=106200
It 440: fitness=106200
It 445: fitness=106200
It 450: fitness=106200
It 455: fitness=106100
It 460: fitness=106100
It 465: fitness=106100
It 470: fitness=106100
It 475: fitness=106100
It 480: fitness=106100
It 485: fitness=106100
It 490: fitness=106100
It 495: fitness=106100
It 500: fitness=106100
It 505: fitness=106100
It 510: fitness=106100
It 515: fitness=106100
It 520: fitness=106100
It 525: fitness=106100
It 530: fitness=106100
It 535: fitness=106100
It 540: fitness=106100
It 545: fitness=106100
It 550: fitness=106100
It 555: fitness=106100
It 560: fitness=106100
It 565: fitness=106100
It 570: fitness=106100
It 575: fitness=106100
It 580: fitness=106100
It 585: fitness=106100
It 590: fitness=106100
It 595: fitness=106100
It 600: fitness=106100
It 605: fitness=106100
It 610: fitness=106000
It 615: fitness=106000
It 620: fitness=106000
It 625: fitness=106000
It 630: fitness=106000
It 635: fitness=106000
It 640: fitness=106000
It 645: fitness=106000
It 650: fitness=106000
It 655: fitness=106000
It 660: fitness=106000
It 665: fitness=106000
It 670: fitness=106000
It 675: fitness=106000
It 680: fitness=106000
It 685: fitness=106000
It 690: fitness=106000
It 695: fitness=106000
It 700: fitness=106000
It 705: fitness=106000
It 710: fitness=106000
It 715: fitness=106000
It 720: fitness=106000
It 725: fitness=106000
It 730: fitness=106000
It 735: fitness=106000
It 740: fitness=106000
It 745: fitness=106000
It 750: fitness=106000
It 755: fitness=106000
It 760: fitness=106000
It 765: fitness=106000
It 770: fitness=106000
It 775: fitness=106000
It 780: fitness=106000
It 785: fitness=106000
It 790: fitness=106000
It 795: fitness=106000
It 800: fitness=106000
It 805: fitness=106000
It 810: fitness=106000
It 815: fitness=106000
It 820: fitness=106000
It 825: fitness=106000
It 830: fitness=106000
It 835: fitness=106000
It 840: fitness=106000
It 845: fitness=106000
It 850: fitness=106000
It 855: fitness=106000
It 860: fitness=106000
It 865: fitness=106000
It 870: fitness=106000
It 875: fitness=106000
It 880: fitness=106000
It 885: fitness=106000
It 890: fitness=106000
It 895: fitness=106000
It 900: fitness=106000
It 905: fitness=106000
It 910: fitness=106000
It 915: fitness=106000
It 920: fitness=106000
It 925: fitness=106000
It 930: fitness=106000
It 935: fitness=106000
It 940: fitness=106000
It 945: fitness=106000
It 950: fitness=106000
It 955: fitness=106000
It 960: fitness=106000
It 965: fitness=106000
It 970: fitness=106000
It 975: fitness=106000
It 980: fitness=106000
It 985: fitness=106000
It 990: fitness=106000
It 995: fitness=106000
It 1000: fitness=106000
It 1005: fitness=106000
It 1010: fitness=106000
It 1015: fitness=106000
It 1020: fitness=106000
It 1025: fitness=106000
It 1030: fitness=106000
It 1035: fitness=106000
It 1040: fitness=106000
It 1045: fitness=106000
It 1050: fitness=106000
It 1055: fitness=106000
It 1060: fitness=106000
It 1065: fitness=106000
It 1070: fitness=106000
It 1075: fitness=106000
It 1080: fitness=106000
It 1085: fitness=106000
It 1090: fitness=106000
It 1095: fitness=106000
It 1100: fitness=106000
It 1105: fitness=106000
It 1110: fitness=106000
It 1115: fitness=106000
It 1120: fitness=106000
It 1125: fitness=106000
It 1130: fitness=106000
It 1135: fitness=106000
It 1140: fitness=106000
It 1145: fitness=106000
It 1150: fitness=106000
It 1155: fitness=106000
It 1160: fitness=105900
It 1165: fitness=105900
It 1170: fitness=105900
It 1175: fitness=105900
It 1180: fitness=105900
It 1185: fitness=105900
It 1190: fitness=105900
It 1195: fitness=105900
It 1200: fitness=105900
It 1205: fitness=105900
It 1210: fitness=105900
It 1215: fitness=105900
It 1220: fitness=105900
It 1225: fitness=105900
It 1230: fitness=105900
It 1235: fitness=105900
It 1240: fitness=105900
It 1245: fitness=105900
It 1250: fitness=105900
It 1255: fitness=105900
It 1260: fitness=105900
It 1265: fitness=105900
It 1270: fitness=105900
It 1275: fitness=105900
It 1280: fitness=105900
It 1285: fitness=105900
It 1290: fitness=105900
It 1295: fitness=105900
It 1300: fitness=105900
It 1305: fitness=105900
It 1310: fitness=105900
It 1315: fitness=105900
It 1320: fitness=105900
It 1325: fitness=105900
It 1330: fitness=105900
It 1335: fitness=105900
It 1340: fitness=105900
It 1345: fitness=105900
It 1350: fitness=105900
It 1355: fitness=105900
It 1360: fitness=105900
It 1365: fitness=105900
It 1370: fitness=105900
It 1375: fitness=105900
It 1380: fitness=105900
It 1385: fitness=105900
It 1390: fitness=105900
It 1395: fitness=105900
It 1400: fitness=105900
It 1405: fitness=105900
It 1410: fitness=105900
It 1415: fitness=105900
It 1420: fitness=105900
It 1425: fitness=105900
It 1430: fitness=105900
It 1435: fitness=105900
It 1440: fitness=105900
It 1445: fitness=105900
It 1450: fitness=105900
It 1455: fitness=105900
It 1460: fitness=105900
It 1465: fitness=105900
It 1470: fitness=105900
It 1475: fitness=105900
It 1480: fitness=105900
It 1485: fitness=105900
It 1490: fitness=105900
It 1495: fitness=105900
It 1500: fitness=105900
It 1505: fitness=105900
It 1510: fitness=105900
It 1515: fitness=105900
It 1520: fitness=105900
It 1525: fitness=105900
It 1530: fitness=105900
It 1535: fitness=105900
It 1540: fitness=105900
It 1545: fitness=105900
It 1550: fitness=105900
It 1555: fitness=105900
It 1560: fitness=105900
It 1565: fitness=105900
It 1570: fitness=105900
It 1575: fitness=105900
It 1580: fitness=105900
It 1585: fitness=105900
It 1590: fitness=105900
It 1595: fitness=105900
It 1600: fitness=105900
It 1605: fitness=105900
Maximal number of iterations without improvement reached
>> Resamp_Iter 8 negLL: 105904 (ref:  109156.5 )
>> Resamp_params: 0.5006165 0.5093761 0.5225989 0.4784548 0.567977 0.4996665 0.5409834 0.5436112 0.6152088 0.8059853 0.662167 -41.77298 -31.4497 0.4031102 
>> sd Resamp 9 : 14 21 47 4 36 3 4 33 47 34 34 18 8 11 14 12 1 17 34 23 14 34 39 33 45 4 32 16 16 37 36 16 43 10 32 22 46 44 43 44 38 28 6 34 19 31 20 
>> Opt param @ resamp: 107872.9 
S=17, K=3, p=0.1663, w0=0.7213, w1=0.7213, c.p=1.193, c.g=1.193
v.max=NA, d=3.742, vectorize=FALSE, hybrid=off
It 5: fitness=173200
It 10: fitness=151200
It 15: fitness=151200
It 20: fitness=138500
It 25: fitness=138500
It 30: fitness=138400
It 35: fitness=135700
It 40: fitness=135700
It 45: fitness=128300
It 50: fitness=128300
It 55: fitness=127600
It 60: fitness=126800
It 65: fitness=126300
It 70: fitness=126300
It 75: fitness=126300
It 80: fitness=126300
It 85: fitness=125300
It 90: fitness=120200
It 95: fitness=120100
It 100: fitness=120100
It 105: fitness=119000
It 110: fitness=118800
It 115: fitness=117100
It 120: fitness=113400
It 125: fitness=111100
It 130: fitness=110300
It 135: fitness=109700
It 140: fitness=109700
It 145: fitness=109700
It 150: fitness=109700
It 155: fitness=109600
It 160: fitness=109500
It 165: fitness=109400
It 170: fitness=109200
It 175: fitness=109200
It 180: fitness=108800
It 185: fitness=108800
It 190: fitness=108800
It 195: fitness=108500
It 200: fitness=108300
It 205: fitness=108200
It 210: fitness=108200
It 215: fitness=108000
It 220: fitness=107800
It 225: fitness=107800
It 230: fitness=107700
It 235: fitness=107400
It 240: fitness=107400
It 245: fitness=107400
It 250: fitness=107400
It 255: fitness=107300
It 260: fitness=107300
It 265: fitness=107300
It 270: fitness=107200
It 275: fitness=107200
It 280: fitness=107200
It 285: fitness=107200
It 290: fitness=107200
It 295: fitness=107200
It 300: fitness=107200
It 305: fitness=107200
It 310: fitness=107200
It 315: fitness=107200
It 320: fitness=107200
It 325: fitness=107200
It 330: fitness=107200
It 335: fitness=107200
It 340: fitness=107200
It 345: fitness=107200
It 350: fitness=107200
It 355: fitness=107200
It 360: fitness=107200
It 365: fitness=107200
It 370: fitness=107200
It 375: fitness=107200
It 380: fitness=107200
It 385: fitness=107200
It 390: fitness=107200
It 395: fitness=107200
It 400: fitness=107200
It 405: fitness=107200
It 410: fitness=107200
It 415: fitness=107200
It 420: fitness=107100
It 425: fitness=107100
It 430: fitness=107100
It 435: fitness=107100
It 440: fitness=107100
It 445: fitness=107100
It 450: fitness=107100
It 455: fitness=107100
It 460: fitness=107100
It 465: fitness=107100
It 470: fitness=107100
It 475: fitness=107100
It 480: fitness=107100
It 485: fitness=107100
It 490: fitness=107100
It 495: fitness=107100
It 500: fitness=107100
It 505: fitness=107100
It 510: fitness=107100
It 515: fitness=107100
It 520: fitness=107100
It 525: fitness=107100
It 530: fitness=107100
It 535: fitness=107100
It 540: fitness=107100
It 545: fitness=107100
It 550: fitness=107100
It 555: fitness=107100
It 560: fitness=107100
It 565: fitness=107100
It 570: fitness=107100
It 575: fitness=107100
It 580: fitness=107100
It 585: fitness=107100
It 590: fitness=107100
It 595: fitness=107100
It 600: fitness=107100
It 605: fitness=107100
It 610: fitness=107100
It 615: fitness=107100
It 620: fitness=107100
It 625: fitness=107100
It 630: fitness=107100
It 635: fitness=107100
It 640: fitness=107100
It 645: fitness=107100
It 650: fitness=107100
It 655: fitness=107100
It 660: fitness=107100
It 665: fitness=107100
It 670: fitness=107100
It 675: fitness=107100
It 680: fitness=107100
It 685: fitness=107100
It 690: fitness=107100
It 695: fitness=107100
It 700: fitness=107100
It 705: fitness=107100
It 710: fitness=107100
It 715: fitness=107100
It 720: fitness=107100
It 725: fitness=107100
It 730: fitness=107100
It 735: fitness=107100
Maximal number of iterations without improvement reached
>> Resamp_Iter 9 negLL: 107128.6 (ref:  107872.9 )
>> Resamp_params: 0.4856346 0.4605186 0.4861236 0.4562345 0.5910967 0.4738017 0.5015864 0.5033676 0.6478915 0.8537946 0.601707 -20.7111 -23.97955 0.3614201 
>> sd Resamp 10 : 24 10 7 24 29 34 17 17 17 12 16 35 32 32 14 43 25 35 43 16 22 17 1 29 30 3 38 24 39 12 8 17 40 35 8 19 11 27 24 13 32 36 38 30 19 34 4 
>> Opt param @ resamp: 77107.78 
S=17, K=3, p=0.1663, w0=0.7213, w1=0.7213, c.p=1.193, c.g=1.193
v.max=NA, d=3.742, vectorize=FALSE, hybrid=off
It 5: fitness=102800
It 10: fitness=102800
It 15: fitness=102800
It 20: fitness=89410
It 25: fitness=82520
It 30: fitness=82350
It 35: fitness=82350
It 40: fitness=82350
It 45: fitness=82300
It 50: fitness=82300
It 55: fitness=82300
It 60: fitness=82300
It 65: fitness=82300
It 70: fitness=82300
It 75: fitness=82250
It 80: fitness=82250
It 85: fitness=82250
It 90: fitness=82250
It 95: fitness=82250
It 100: fitness=82250
It 105: fitness=82250
It 110: fitness=82250
It 115: fitness=82250
It 120: fitness=82250
It 125: fitness=82250
It 130: fitness=82250
It 135: fitness=82250
It 140: fitness=82250
It 145: fitness=82250
It 150: fitness=82250
It 155: fitness=82250
It 160: fitness=82250
It 165: fitness=82250
It 170: fitness=82250
It 175: fitness=81910
It 180: fitness=81910
It 185: fitness=81910
It 190: fitness=80020
It 195: fitness=80020
It 200: fitness=80020
It 205: fitness=80020
It 210: fitness=79710
It 215: fitness=79700
It 220: fitness=79660
It 225: fitness=79660
It 230: fitness=79610
It 235: fitness=78730
It 240: fitness=78730
It 245: fitness=77410
It 250: fitness=77320
It 255: fitness=77260
It 260: fitness=77240
It 265: fitness=77240
It 270: fitness=77220
It 275: fitness=77210
It 280: fitness=77210
It 285: fitness=76520
It 290: fitness=76520
It 295: fitness=76410
It 300: fitness=76230
It 305: fitness=76120
It 310: fitness=76000
It 315: fitness=76000
It 320: fitness=75950
It 325: fitness=75890
It 330: fitness=75890
It 335: fitness=75890
It 340: fitness=75890
It 345: fitness=75730
It 350: fitness=75670
It 355: fitness=75630
It 360: fitness=75630
It 365: fitness=75580
It 370: fitness=75580
It 375: fitness=75570
It 380: fitness=75500
It 385: fitness=75500
It 390: fitness=75480
It 395: fitness=75480
It 400: fitness=75480
It 405: fitness=75470
It 410: fitness=75450
It 415: fitness=75420
It 420: fitness=75400
It 425: fitness=75400
It 430: fitness=75370
It 435: fitness=75370
It 440: fitness=75370
It 445: fitness=75330
It 450: fitness=75330
It 455: fitness=75330
It 460: fitness=75310
It 465: fitness=75290
It 470: fitness=75260
It 475: fitness=75260
It 480: fitness=75200
It 485: fitness=75200
It 490: fitness=75200
It 495: fitness=75200
It 500: fitness=75200
It 505: fitness=75200
It 510: fitness=75200
It 515: fitness=75200
It 520: fitness=75200
It 525: fitness=75200
It 530: fitness=75190
It 535: fitness=75190
It 540: fitness=75190
It 545: fitness=75190
It 550: fitness=75190
It 555: fitness=75190
It 560: fitness=75170
It 565: fitness=75170
It 570: fitness=75140
It 575: fitness=75140
It 580: fitness=75140
It 585: fitness=75140
It 590: fitness=75140
It 595: fitness=75140
It 600: fitness=75140
It 605: fitness=75140
It 610: fitness=75140
It 615: fitness=75140
It 620: fitness=75130
It 625: fitness=75130
It 630: fitness=75130
It 635: fitness=75120
It 640: fitness=75110
It 645: fitness=75110
It 650: fitness=75110
It 655: fitness=75110
It 660: fitness=75110
It 665: fitness=75110
It 670: fitness=75110
It 675: fitness=75110
It 680: fitness=75110
It 685: fitness=75100
It 690: fitness=75100
It 695: fitness=75100
It 700: fitness=75100
It 705: fitness=75100
It 710: fitness=75100
It 715: fitness=75100
It 720: fitness=75100
It 725: fitness=75100
It 730: fitness=75100
It 735: fitness=75100
It 740: fitness=75090
It 745: fitness=75090
It 750: fitness=75090
It 755: fitness=75090
It 760: fitness=75090
It 765: fitness=75090
It 770: fitness=75090
It 775: fitness=75090
It 780: fitness=75090
It 785: fitness=75090
It 790: fitness=75090
It 795: fitness=75090
It 800: fitness=75090
It 805: fitness=75090
It 810: fitness=75090
It 815: fitness=75090
It 820: fitness=75090
It 825: fitness=75090
It 830: fitness=75090
It 835: fitness=75090
It 840: fitness=75090
It 845: fitness=75090
It 850: fitness=75090
It 855: fitness=75090
It 860: fitness=75090
It 865: fitness=75090
It 870: fitness=75090
It 875: fitness=75090
It 880: fitness=75090
It 885: fitness=75090
It 890: fitness=75090
It 895: fitness=75090
It 900: fitness=75090
It 905: fitness=75090
It 910: fitness=75090
It 915: fitness=75090
It 920: fitness=75090
It 925: fitness=75090
It 930: fitness=75090
It 935: fitness=75090
It 940: fitness=75090
It 945: fitness=75090
It 950: fitness=75090
It 955: fitness=75090
It 960: fitness=75090
It 965: fitness=75090
It 970: fitness=75090
It 975: fitness=75090
It 980: fitness=75090
It 985: fitness=75090
It 990: fitness=75090
It 995: fitness=75090
It 1000: fitness=75090
It 1005: fitness=75090
It 1010: fitness=75090
It 1015: fitness=75090
Maximal number of iterations without improvement reached
>> Resamp_Iter 10 negLL: 75092.56 (ref:  77107.78 )
>> Resamp_params: 0.4900719 0.4934613 0.5004854 0.4633703 0.4712444 0.4869145 0.5260736 0.5028982 0.6011825 0.8806738 0.6008973 -22.55314 -23.24577 0.3408049 
