fit_results/data/all_states.list_sd_03150903.log>>> Loading state data: AL <<<
>>> Loading state data: AR <<<
>>> Loading state data: AZ <<<
>>> Loading state data: CA <<<
>>> Loading state data: CO <<<
>>> Loading state data: CT <<<
>>> Loading state data: DC <<<
>>> Loading state data: DE <<<
>>> Loading state data: FL <<<
>>> Loading state data: GA <<<
>>> Loading state data: IA <<<
>>> Loading state data: ID <<<
>>> Loading state data: IL <<<
>>> Loading state data: IN <<<
>>> Loading state data: KS <<<
>>> Loading state data: KY <<<
>>> Loading state data: LA <<<
>>> Loading state data: MA <<<
>>> Loading state data: MD <<<
>>> Loading state data: ME <<<
>>> Loading state data: MI <<<
>>> Loading state data: MN <<<
>>> Loading state data: MO <<<
>>> Loading state data: MS <<<
>>> Loading state data: MT <<<
>>> Loading state data: NC <<<
>>> Loading state data: ND <<<
>>> Loading state data: NE <<<
>>> Loading state data: NH <<<
>>> Loading state data: NJ <<<
>>> Loading state data: NM <<<
>>> Loading state data: NV <<<
>>> Loading state data: NY <<<
>>> Loading state data: OH <<<
>>> Loading state data: OK <<<
>>> Loading state data: OR <<<
>>> Loading state data: PA <<<
>>> Loading state data: RI <<<
>>> Loading state data: SC <<<
>>> Loading state data: SD <<<
>>> Loading state data: TN <<<
>>> Loading state data: TX <<<
>>> Loading state data: UT <<<
>>> Loading state data: VA <<<
>>> Loading state data: WA <<<
>>> Loading state data: WI <<<
>>> Loading state data: WV <<<
 [1]   0.5000000   0.5000000   0.5000000   0.5000000   0.5000000   0.5000000
 [7]   0.5000000   0.5000000   0.5000000   0.8262688   0.6006879 -16.0066679
[13] -26.4593566   0.3891786
96 cores seen; limit to 24 cores
>> sd Resamp 1 : 15 46 27 47 4 18 46 26 22 11 4 45 3 39 26 4 25 21 28 34 18 12 37 20 32 25 25 5 10 32 23 47 30 24 27 21 8 30 5 11 42 9 35 14 16 2 33 
>> Opt param @ resamp: 118154.5 
S=17, K=3, p=0.1663, w0=0.7213, w1=0.7213, c.p=1.193, c.g=1.193
v.max=NA, d=3.742, vectorize=FALSE, hybrid=off
It 5: fitness=181800
It 10: fitness=159700
It 15: fitness=158900
It 20: fitness=157800
It 25: fitness=149100
It 30: fitness=148500
It 35: fitness=148100
It 40: fitness=146900
It 45: fitness=146800
It 50: fitness=141100
It 55: fitness=141100
It 60: fitness=140700
It 65: fitness=140700
It 70: fitness=140500
It 75: fitness=140200
It 80: fitness=139600
It 85: fitness=134800
It 90: fitness=134000
It 95: fitness=132600
It 100: fitness=132100
It 105: fitness=132000
It 110: fitness=131700
It 115: fitness=131000
It 120: fitness=130800
It 125: fitness=130800
It 130: fitness=130500
It 135: fitness=129800
It 140: fitness=128000
It 145: fitness=124000
It 150: fitness=123800
It 155: fitness=123700
It 160: fitness=123700
It 165: fitness=123700
It 170: fitness=123500
It 175: fitness=123500
It 180: fitness=123000
It 185: fitness=122300
It 190: fitness=121800
It 195: fitness=121800
It 200: fitness=121800
It 205: fitness=121600
It 210: fitness=120800
It 215: fitness=120500
It 220: fitness=120100
It 225: fitness=120100
It 230: fitness=119900
It 235: fitness=119900
It 240: fitness=119800
It 245: fitness=119600
It 250: fitness=119600
It 255: fitness=119500
It 260: fitness=119500
It 265: fitness=119300
It 270: fitness=119300
It 275: fitness=119200
It 280: fitness=119200
It 285: fitness=118900
It 290: fitness=118900
It 295: fitness=118900
It 300: fitness=118900
It 305: fitness=118900
It 310: fitness=118800
It 315: fitness=118700
It 320: fitness=118700
It 325: fitness=118700
It 330: fitness=118700
It 335: fitness=118700
It 340: fitness=118700
It 345: fitness=118600
It 350: fitness=118600
It 355: fitness=118600
It 360: fitness=118600
It 365: fitness=118600
It 370: fitness=118600
It 375: fitness=118600
It 380: fitness=118600
It 385: fitness=118600
It 390: fitness=118600
It 395: fitness=118600
It 400: fitness=118600
It 405: fitness=118600
It 410: fitness=118600
It 415: fitness=118600
It 420: fitness=118500
It 425: fitness=118500
It 430: fitness=118500
It 435: fitness=118500
It 440: fitness=118500
It 445: fitness=118500
It 450: fitness=118500
It 455: fitness=118500
It 460: fitness=118500
It 465: fitness=118500
It 470: fitness=118500
It 475: fitness=118500
It 480: fitness=118500
It 485: fitness=118500
It 490: fitness=118500
It 495: fitness=118500
It 500: fitness=118500
It 505: fitness=118500
It 510: fitness=118400
It 515: fitness=118400
It 520: fitness=118400
It 525: fitness=118400
It 530: fitness=118400
It 535: fitness=118400
It 540: fitness=118400
It 545: fitness=118400
It 550: fitness=118400
It 555: fitness=118400
It 560: fitness=118400
It 565: fitness=118400
It 570: fitness=118400
It 575: fitness=118400
It 580: fitness=118400
It 585: fitness=118400
It 590: fitness=118400
It 595: fitness=118400
It 600: fitness=118400
It 605: fitness=118400
It 610: fitness=118400
It 615: fitness=118400
It 620: fitness=118400
It 625: fitness=118400
It 630: fitness=118400
It 635: fitness=118400
It 640: fitness=118400
It 645: fitness=118400
It 650: fitness=118400
It 655: fitness=118400
It 660: fitness=118400
It 665: fitness=118400
It 670: fitness=118400
It 675: fitness=118400
It 680: fitness=118400
It 685: fitness=118300
It 690: fitness=118300
It 695: fitness=118300
It 700: fitness=118300
It 705: fitness=118300
It 710: fitness=118300
It 715: fitness=118300
It 720: fitness=118300
It 725: fitness=118300
It 730: fitness=118300
It 735: fitness=118300
It 740: fitness=118300
It 745: fitness=118200
It 750: fitness=118200
It 755: fitness=118200
It 760: fitness=118200
It 765: fitness=118200
It 770: fitness=118200
It 775: fitness=118200
It 780: fitness=118200
It 785: fitness=118200
It 790: fitness=118200
It 795: fitness=118200
It 800: fitness=118200
It 805: fitness=118200
It 810: fitness=118200
It 815: fitness=118200
It 820: fitness=118200
It 825: fitness=118200
It 830: fitness=118200
It 835: fitness=118200
It 840: fitness=118200
It 845: fitness=118200
It 850: fitness=118200
It 855: fitness=118200
It 860: fitness=118200
It 865: fitness=118200
It 870: fitness=118200
It 875: fitness=118200
It 880: fitness=118200
It 885: fitness=118200
It 890: fitness=118200
It 895: fitness=118200
It 900: fitness=118200
It 905: fitness=118200
It 910: fitness=118200
It 915: fitness=118200
It 920: fitness=118200
It 925: fitness=118200
It 930: fitness=118200
It 935: fitness=118200
It 940: fitness=118200
It 945: fitness=118200
It 950: fitness=118200
It 955: fitness=118200
It 960: fitness=118200
It 965: fitness=118200
It 970: fitness=118200
It 975: fitness=118200
It 980: fitness=118200
It 985: fitness=118200
It 990: fitness=118200
It 995: fitness=118200
It 1000: fitness=118200
It 1005: fitness=118200
It 1010: fitness=118200
It 1015: fitness=118200
It 1020: fitness=118200
It 1025: fitness=118200
It 1030: fitness=118200
It 1035: fitness=118200
It 1040: fitness=118200
It 1045: fitness=118200
It 1050: fitness=118200
It 1055: fitness=118200
It 1060: fitness=118200
It 1065: fitness=118200
It 1070: fitness=118200
It 1075: fitness=118200
It 1080: fitness=118200
It 1085: fitness=118200
It 1090: fitness=118200
It 1095: fitness=118200
It 1100: fitness=118200
It 1105: fitness=118200
It 1110: fitness=118200
It 1115: fitness=118200
It 1120: fitness=118100
It 1125: fitness=118100
It 1130: fitness=118100
It 1135: fitness=118100
It 1140: fitness=118100
It 1145: fitness=118100
It 1150: fitness=118100
It 1155: fitness=118100
It 1160: fitness=118100
It 1165: fitness=118100
It 1170: fitness=118100
It 1175: fitness=118100
It 1180: fitness=118100
It 1185: fitness=118100
It 1190: fitness=118100
It 1195: fitness=118100
It 1200: fitness=118100
It 1205: fitness=118100
It 1210: fitness=118100
It 1215: fitness=118100
It 1220: fitness=118100
It 1225: fitness=118100
It 1230: fitness=118100
It 1235: fitness=118100
It 1240: fitness=118100
It 1245: fitness=118100
It 1250: fitness=118100
It 1255: fitness=118100
It 1260: fitness=118100
It 1265: fitness=118100
It 1270: fitness=118100
It 1275: fitness=118100
It 1280: fitness=118100
It 1285: fitness=118100
It 1290: fitness=118100
It 1295: fitness=118100
It 1300: fitness=118100
It 1305: fitness=118100
It 1310: fitness=118100
It 1315: fitness=118100
It 1320: fitness=118100
It 1325: fitness=118100
It 1330: fitness=118000
It 1335: fitness=118000
It 1340: fitness=118000
It 1345: fitness=118000
It 1350: fitness=118000
It 1355: fitness=118000
It 1360: fitness=118000
It 1365: fitness=118000
It 1370: fitness=118000
It 1375: fitness=118000
It 1380: fitness=118000
It 1385: fitness=118000
It 1390: fitness=118000
It 1395: fitness=118000
It 1400: fitness=118000
It 1405: fitness=118000
It 1410: fitness=118000
It 1415: fitness=118000
It 1420: fitness=118000
It 1425: fitness=118000
It 1430: fitness=118000
It 1435: fitness=118000
It 1440: fitness=118000
It 1445: fitness=118000
It 1450: fitness=118000
It 1455: fitness=118000
It 1460: fitness=118000
It 1465: fitness=118000
It 1470: fitness=118000
It 1475: fitness=118000
It 1480: fitness=118000
It 1485: fitness=118000
It 1490: fitness=118000
It 1495: fitness=118000
It 1500: fitness=118000
It 1505: fitness=118000
It 1510: fitness=118000
It 1515: fitness=118000
It 1520: fitness=118000
It 1525: fitness=118000
It 1530: fitness=118000
It 1535: fitness=118000
It 1540: fitness=118000
It 1545: fitness=118000
It 1550: fitness=118000
It 1555: fitness=118000
It 1560: fitness=118000
It 1565: fitness=118000
It 1570: fitness=118000
It 1575: fitness=118000
It 1580: fitness=118000
It 1585: fitness=118000
It 1590: fitness=118000
It 1595: fitness=118000
It 1600: fitness=118000
It 1605: fitness=118000
It 1610: fitness=118000
It 1615: fitness=118000
It 1620: fitness=118000
It 1625: fitness=118000
It 1630: fitness=118000
It 1635: fitness=118000
It 1640: fitness=118000
It 1645: fitness=118000
It 1650: fitness=118000
It 1655: fitness=118000
It 1660: fitness=118000
It 1665: fitness=118000
It 1670: fitness=118000
It 1675: fitness=118000
It 1680: fitness=118000
It 1685: fitness=118000
It 1690: fitness=117900
It 1695: fitness=117900
It 1700: fitness=117900
It 1705: fitness=117900
It 1710: fitness=117900
It 1715: fitness=117900
It 1720: fitness=117900
It 1725: fitness=117900
It 1730: fitness=117900
It 1735: fitness=117900
It 1740: fitness=117900
It 1745: fitness=117900
It 1750: fitness=117900
It 1755: fitness=117900
It 1760: fitness=117900
It 1765: fitness=117900
It 1770: fitness=117900
It 1775: fitness=117900
It 1780: fitness=117900
It 1785: fitness=117900
It 1790: fitness=117900
It 1795: fitness=117900
It 1800: fitness=117900
It 1805: fitness=117900
It 1810: fitness=117900
It 1815: fitness=117900
It 1820: fitness=117900
It 1825: fitness=117900
It 1830: fitness=117900
It 1835: fitness=117900
It 1840: fitness=117900
It 1845: fitness=117900
It 1850: fitness=117900
It 1855: fitness=117900
It 1860: fitness=117900
It 1865: fitness=117900
It 1870: fitness=117900
It 1875: fitness=117900
It 1880: fitness=117900
It 1885: fitness=117900
It 1890: fitness=117900
It 1895: fitness=117900
It 1900: fitness=117900
It 1905: fitness=117900
It 1910: fitness=117900
It 1915: fitness=117900
It 1920: fitness=117900
It 1925: fitness=117900
It 1930: fitness=117900
It 1935: fitness=117900
It 1940: fitness=117900
It 1945: fitness=117900
It 1950: fitness=117800
It 1955: fitness=117800
It 1960: fitness=117800
It 1965: fitness=117800
It 1970: fitness=117800
It 1975: fitness=117800
It 1980: fitness=117800
It 1985: fitness=117800
It 1990: fitness=117800
It 1995: fitness=117800
It 2000: fitness=117800
It 2005: fitness=117800
It 2010: fitness=117800
It 2015: fitness=117800
It 2020: fitness=117800
It 2025: fitness=117800
It 2030: fitness=117800
It 2035: fitness=117800
It 2040: fitness=117800
It 2045: fitness=117800
It 2050: fitness=117800
It 2055: fitness=117800
It 2060: fitness=117800
It 2065: fitness=117800
It 2070: fitness=117800
It 2075: fitness=117800
It 2080: fitness=117800
It 2085: fitness=117800
It 2090: fitness=117800
It 2095: fitness=117800
It 2100: fitness=117800
It 2105: fitness=117800
It 2110: fitness=117800
It 2115: fitness=117800
It 2120: fitness=117800
It 2125: fitness=117800
It 2130: fitness=117800
It 2135: fitness=117800
It 2140: fitness=117800
It 2145: fitness=117800
It 2150: fitness=117800
It 2155: fitness=117800
It 2160: fitness=117800
It 2165: fitness=117800
It 2170: fitness=117800
It 2175: fitness=117800
It 2180: fitness=117800
It 2185: fitness=117800
It 2190: fitness=117800
It 2195: fitness=117800
It 2200: fitness=117800
It 2205: fitness=117800
It 2210: fitness=117800
It 2215: fitness=117800
It 2220: fitness=117800
It 2225: fitness=117800
It 2230: fitness=117800
It 2235: fitness=117800
It 2240: fitness=117800
Maximal number of iterations without improvement reached
>> Resamp_Iter 1 negLL: 117808.9 (ref:  118154.5 )
>> Resamp_params: 0.5217074 0.5199823 0.516716 0.4850205 0.5600435 0.5089583 0.5402482 0.5497401 0.6059557 0.8480173 0.6151296 -38.99894 -20.91002 0.3493995 
>> sd Resamp 2 : 35 18 17 12 16 5 30 28 2 28 47 18 9 30 29 31 16 44 5 47 22 28 2 23 16 18 40 10 6 14 2 7 7 14 5 8 37 10 7 8 37 16 27 39 46 16 7 
>> Opt param @ resamp: 80680.23 
S=17, K=3, p=0.1663, w0=0.7213, w1=0.7213, c.p=1.193, c.g=1.193
v.max=NA, d=3.742, vectorize=FALSE, hybrid=off
It 5: fitness=99990
It 10: fitness=90480
It 15: fitness=90480
It 20: fitness=90480
It 25: fitness=90410
It 30: fitness=90110
It 35: fitness=90050
It 40: fitness=89860
It 45: fitness=89860
It 50: fitness=89860
It 55: fitness=89830
It 60: fitness=89830
It 65: fitness=89830
It 70: fitness=89830
It 75: fitness=89770
It 80: fitness=89750
It 85: fitness=89750
It 90: fitness=89740
It 95: fitness=89740
It 100: fitness=89740
It 105: fitness=89730
It 110: fitness=89730
It 115: fitness=89730
It 120: fitness=89730
It 125: fitness=89730
It 130: fitness=89700
It 135: fitness=89650
It 140: fitness=86930
It 145: fitness=86780
It 150: fitness=85520
It 155: fitness=85520
It 160: fitness=84790
It 165: fitness=84160
It 170: fitness=83460
It 175: fitness=83460
It 180: fitness=83460
It 185: fitness=83240
It 190: fitness=83240
It 195: fitness=83220
It 200: fitness=82500
It 205: fitness=82170
It 210: fitness=81980
It 215: fitness=81850
It 220: fitness=80980
It 225: fitness=80720
It 230: fitness=80330
It 235: fitness=80230
It 240: fitness=80230
It 245: fitness=80210
It 250: fitness=79980
It 255: fitness=79800
It 260: fitness=79330
It 265: fitness=79050
It 270: fitness=79050
It 275: fitness=79050
It 280: fitness=78830
It 285: fitness=78680
It 290: fitness=78600
It 295: fitness=78600
It 300: fitness=78600
It 305: fitness=78600
It 310: fitness=78600
It 315: fitness=78600
It 320: fitness=78570
It 325: fitness=78550
It 330: fitness=78550
It 335: fitness=78530
It 340: fitness=78490
It 345: fitness=78490
It 350: fitness=78440
It 355: fitness=78440
It 360: fitness=78440
It 365: fitness=78440
It 370: fitness=78440
It 375: fitness=78440
It 380: fitness=78440
It 385: fitness=78440
It 390: fitness=78430
It 395: fitness=78430
It 400: fitness=78430
It 405: fitness=78380
It 410: fitness=78380
It 415: fitness=78380
It 420: fitness=78380
It 425: fitness=78380
It 430: fitness=78330
It 435: fitness=78330
It 440: fitness=78330
It 445: fitness=78330
It 450: fitness=78330
It 455: fitness=78330
It 460: fitness=78330
It 465: fitness=78330
It 470: fitness=78330
It 475: fitness=78330
It 480: fitness=78330
It 485: fitness=78330
It 490: fitness=78330
It 495: fitness=78330
It 500: fitness=78330
It 505: fitness=78330
It 510: fitness=78330
It 515: fitness=78330
It 520: fitness=78330
It 525: fitness=78330
It 530: fitness=78330
It 535: fitness=78330
It 540: fitness=78330
It 545: fitness=78330
It 550: fitness=78330
It 555: fitness=78330
It 560: fitness=78330
It 565: fitness=78330
It 570: fitness=78330
It 575: fitness=78330
It 580: fitness=78330
It 585: fitness=78330
It 590: fitness=78330
It 595: fitness=78330
It 600: fitness=78330
It 605: fitness=78330
It 610: fitness=78330
It 615: fitness=78330
It 620: fitness=78330
It 625: fitness=78330
It 630: fitness=78330
It 635: fitness=78330
It 640: fitness=78330
It 645: fitness=78330
It 650: fitness=78330
It 655: fitness=78330
It 660: fitness=78330
It 665: fitness=78320
It 670: fitness=78320
It 675: fitness=78300
It 680: fitness=78300
It 685: fitness=78300
It 690: fitness=78300
It 695: fitness=78300
It 700: fitness=78300
It 705: fitness=78300
It 710: fitness=78300
It 715: fitness=78300
It 720: fitness=78300
It 725: fitness=78300
It 730: fitness=78300
It 735: fitness=78300
It 740: fitness=78300
It 745: fitness=78300
It 750: fitness=78300
It 755: fitness=78300
It 760: fitness=78300
It 765: fitness=78300
It 770: fitness=78300
It 775: fitness=78300
It 780: fitness=78300
It 785: fitness=78300
It 790: fitness=78300
It 795: fitness=78300
It 800: fitness=78300
It 805: fitness=78300
It 810: fitness=78300
It 815: fitness=78300
It 820: fitness=78300
It 825: fitness=78300
It 830: fitness=78300
It 835: fitness=78300
It 840: fitness=78300
It 845: fitness=78300
It 850: fitness=78300
It 855: fitness=78300
It 860: fitness=78300
It 865: fitness=78300
It 870: fitness=78300
It 875: fitness=78300
It 880: fitness=78300
It 885: fitness=78300
It 890: fitness=78300
It 895: fitness=78300
It 900: fitness=78300
It 905: fitness=78300
It 910: fitness=78300
It 915: fitness=78300
It 920: fitness=78300
It 925: fitness=78300
It 930: fitness=78300
It 935: fitness=78300
It 940: fitness=78300
It 945: fitness=78300
It 950: fitness=78300
It 955: fitness=78300
It 960: fitness=78300
It 965: fitness=78300
It 970: fitness=78300
It 975: fitness=78300
It 980: fitness=78300
It 985: fitness=78300
It 990: fitness=78300
It 995: fitness=78300
It 1000: fitness=78300
It 1005: fitness=78300
It 1010: fitness=78300
It 1015: fitness=78300
It 1020: fitness=78300
It 1025: fitness=78300
It 1030: fitness=78300
It 1035: fitness=78300
It 1040: fitness=78300
It 1045: fitness=78300
It 1050: fitness=78300
It 1055: fitness=78300
It 1060: fitness=78300
It 1065: fitness=78300
It 1070: fitness=78300
It 1075: fitness=78300
It 1080: fitness=78300
It 1085: fitness=78300
It 1090: fitness=78300
It 1095: fitness=78300
It 1100: fitness=78300
It 1105: fitness=78300
It 1110: fitness=78300
It 1115: fitness=78300
It 1120: fitness=78300
It 1125: fitness=78300
It 1130: fitness=78300
It 1135: fitness=78300
It 1140: fitness=78300
Maximal number of iterations without improvement reached
>> Resamp_Iter 2 negLL: 78296.41 (ref:  80680.23 )
>> Resamp_params: 0.5054647 0.4984872 0.486963 0.4334092 0.5740705 0.4910164 0.5237165 0.5181428 0.614445 0.8335046 0.6080249 -35.24442 -42.3578 0.4258131 
>> sd Resamp 3 : 19 9 11 25 33 35 24 44 14 33 26 6 47 38 17 5 30 12 41 39 17 45 47 9 42 44 18 8 10 41 24 28 38 35 41 44 43 39 38 2 39 45 9 4 26 42 33 
>> Opt param @ resamp: 128666 
S=17, K=3, p=0.1663, w0=0.7213, w1=0.7213, c.p=1.193, c.g=1.193
v.max=NA, d=3.742, vectorize=FALSE, hybrid=off
It 5: fitness=194900
It 10: fitness=168400
It 15: fitness=164400
It 20: fitness=162400
It 25: fitness=162400
It 30: fitness=162100
It 35: fitness=162100
It 40: fitness=162100
It 45: fitness=162000
It 50: fitness=162000
It 55: fitness=162000
It 60: fitness=162000
It 65: fitness=162000
It 70: fitness=162000
It 75: fitness=162000
It 80: fitness=162000
It 85: fitness=162000
It 90: fitness=162000
It 95: fitness=162000
It 100: fitness=162000
It 105: fitness=161300
It 110: fitness=161300
It 115: fitness=155300
It 120: fitness=155300
It 125: fitness=155300
It 130: fitness=154700
It 135: fitness=152400
It 140: fitness=147000
It 145: fitness=147000
It 150: fitness=147000
It 155: fitness=147000
It 160: fitness=146900
It 165: fitness=146900
It 170: fitness=146900
It 175: fitness=146500
It 180: fitness=146500
It 185: fitness=146500
It 190: fitness=146500
It 195: fitness=146500
It 200: fitness=146500
It 205: fitness=141700
It 210: fitness=139400
It 215: fitness=139300
It 220: fitness=139200
It 225: fitness=136200
It 230: fitness=136200
It 235: fitness=134900
It 240: fitness=134600
It 245: fitness=134600
It 250: fitness=134100
It 255: fitness=132400
It 260: fitness=129500
It 265: fitness=128800
It 270: fitness=128300
It 275: fitness=128200
It 280: fitness=128100
It 285: fitness=128100
It 290: fitness=127400
It 295: fitness=127000
It 300: fitness=126900
It 305: fitness=126700
It 310: fitness=126500
It 315: fitness=126400
It 320: fitness=126300
It 325: fitness=126200
It 330: fitness=126000
It 335: fitness=125900
It 340: fitness=125900
It 345: fitness=125900
It 350: fitness=125900
It 355: fitness=125800
It 360: fitness=125800
It 365: fitness=125800
It 370: fitness=125600
It 375: fitness=125600
It 380: fitness=125500
It 385: fitness=125500
It 390: fitness=125400
It 395: fitness=125400
It 400: fitness=125400
It 405: fitness=125300
It 410: fitness=125200
It 415: fitness=125200
It 420: fitness=125200
It 425: fitness=125200
It 430: fitness=125200
It 435: fitness=125200
It 440: fitness=125200
It 445: fitness=125200
It 450: fitness=125200
It 455: fitness=125200
It 460: fitness=125200
It 465: fitness=125200
It 470: fitness=125200
It 475: fitness=125200
It 480: fitness=125200
It 485: fitness=125200
It 490: fitness=125200
It 495: fitness=125200
It 500: fitness=125200
It 505: fitness=125100
It 510: fitness=125100
It 515: fitness=125100
It 520: fitness=125100
It 525: fitness=125100
It 530: fitness=125100
It 535: fitness=125100
It 540: fitness=125100
It 545: fitness=125100
It 550: fitness=125100
It 555: fitness=125100
It 560: fitness=125100
It 565: fitness=125100
It 570: fitness=125100
It 575: fitness=125100
It 580: fitness=125100
It 585: fitness=125100
It 590: fitness=125100
It 595: fitness=125100
It 600: fitness=125100
It 605: fitness=125100
It 610: fitness=125100
It 615: fitness=125000
It 620: fitness=125000
It 625: fitness=125000
It 630: fitness=125000
It 635: fitness=125000
It 640: fitness=125000
It 645: fitness=125000
It 650: fitness=125000
It 655: fitness=124900
It 660: fitness=124900
It 665: fitness=124900
It 670: fitness=124900
It 675: fitness=124900
It 680: fitness=124900
It 685: fitness=124900
It 690: fitness=124900
It 695: fitness=124900
It 700: fitness=124900
It 705: fitness=124900
It 710: fitness=124900
It 715: fitness=124900
It 720: fitness=124900
It 725: fitness=124900
It 730: fitness=124900
It 735: fitness=124900
It 740: fitness=124900
It 745: fitness=124900
It 750: fitness=124900
It 755: fitness=124900
It 760: fitness=124900
It 765: fitness=124900
It 770: fitness=124900
It 775: fitness=124900
It 780: fitness=124900
It 785: fitness=124900
It 790: fitness=124800
It 795: fitness=124800
It 800: fitness=124800
It 805: fitness=124800
It 810: fitness=124800
It 815: fitness=124800
It 820: fitness=124800
It 825: fitness=124800
It 830: fitness=124800
It 835: fitness=124800
It 840: fitness=124800
It 845: fitness=124800
It 850: fitness=124800
It 855: fitness=124800
It 860: fitness=124800
It 865: fitness=124800
It 870: fitness=124800
It 875: fitness=124800
It 880: fitness=124800
It 885: fitness=124800
It 890: fitness=124800
It 895: fitness=124800
It 900: fitness=124800
It 905: fitness=124800
It 910: fitness=124800
It 915: fitness=124800
It 920: fitness=124800
It 925: fitness=124800
It 930: fitness=124800
It 935: fitness=124800
It 940: fitness=124800
It 945: fitness=124800
It 950: fitness=124800
It 955: fitness=124800
It 960: fitness=124800
It 965: fitness=124800
It 970: fitness=124800
It 975: fitness=124800
It 980: fitness=124800
It 985: fitness=124800
It 990: fitness=124800
It 995: fitness=124800
It 1000: fitness=124800
It 1005: fitness=124800
It 1010: fitness=124800
It 1015: fitness=124800
It 1020: fitness=124800
It 1025: fitness=124800
It 1030: fitness=124800
It 1035: fitness=124800
It 1040: fitness=124800
It 1045: fitness=124800
It 1050: fitness=124800
It 1055: fitness=124800
It 1060: fitness=124800
It 1065: fitness=124800
It 1070: fitness=124700
It 1075: fitness=124700
It 1080: fitness=124700
It 1085: fitness=124700
It 1090: fitness=124700
It 1095: fitness=124700
It 1100: fitness=124700
It 1105: fitness=124700
It 1110: fitness=124700
It 1115: fitness=124700
It 1120: fitness=124700
It 1125: fitness=124700
It 1130: fitness=124700
It 1135: fitness=124700
It 1140: fitness=124700
It 1145: fitness=124700
It 1150: fitness=124700
It 1155: fitness=124700
It 1160: fitness=124700
It 1165: fitness=124700
It 1170: fitness=124700
It 1175: fitness=124700
It 1180: fitness=124700
It 1185: fitness=124700
It 1190: fitness=124700
It 1195: fitness=124700
It 1200: fitness=124700
It 1205: fitness=124700
It 1210: fitness=124700
It 1215: fitness=124700
It 1220: fitness=124700
It 1225: fitness=124700
It 1230: fitness=124500
It 1235: fitness=124200
It 1240: fitness=124000
It 1245: fitness=123200
It 1250: fitness=123000
It 1255: fitness=122800
It 1260: fitness=122800
It 1265: fitness=122600
It 1270: fitness=122600
It 1275: fitness=122500
It 1280: fitness=122500
It 1285: fitness=122400
It 1290: fitness=122400
It 1295: fitness=122400
It 1300: fitness=122400
It 1305: fitness=122300
It 1310: fitness=122200
It 1315: fitness=122200
It 1320: fitness=122200
It 1325: fitness=122100
It 1330: fitness=122100
It 1335: fitness=122100
It 1340: fitness=122000
It 1345: fitness=121900
It 1350: fitness=121900
It 1355: fitness=121700
It 1360: fitness=121600
It 1365: fitness=121500
It 1370: fitness=121500
It 1375: fitness=121500
It 1380: fitness=121500
It 1385: fitness=121500
It 1390: fitness=121500
It 1395: fitness=121400
It 1400: fitness=121400
It 1405: fitness=121300
It 1410: fitness=121200
It 1415: fitness=121200
It 1420: fitness=121200
It 1425: fitness=121000
It 1430: fitness=121000
It 1435: fitness=120900
It 1440: fitness=120800
It 1445: fitness=120800
It 1450: fitness=120700
It 1455: fitness=120700
It 1460: fitness=120700
It 1465: fitness=120600
It 1470: fitness=120600
It 1475: fitness=120600
It 1480: fitness=120600
It 1485: fitness=120600
It 1490: fitness=120500
It 1495: fitness=120500
It 1500: fitness=120500
It 1505: fitness=120500
It 1510: fitness=120500
It 1515: fitness=120500
It 1520: fitness=120500
It 1525: fitness=120300
It 1530: fitness=120300
It 1535: fitness=120300
It 1540: fitness=120300
It 1545: fitness=120300
It 1550: fitness=120300
It 1555: fitness=120300
It 1560: fitness=120300
It 1565: fitness=120300
It 1570: fitness=120300
It 1575: fitness=120300
It 1580: fitness=120300
It 1585: fitness=120300
It 1590: fitness=120300
It 1595: fitness=120300
It 1600: fitness=120300
It 1605: fitness=120300
It 1610: fitness=120300
It 1615: fitness=120300
It 1620: fitness=120300
It 1625: fitness=120300
It 1630: fitness=120300
It 1635: fitness=120300
It 1640: fitness=120300
It 1645: fitness=120300
It 1650: fitness=120300
It 1655: fitness=120200
It 1660: fitness=120200
It 1665: fitness=120200
It 1670: fitness=120200
It 1675: fitness=120200
It 1680: fitness=120200
It 1685: fitness=120200
It 1690: fitness=120200
It 1695: fitness=120200
It 1700: fitness=120200
It 1705: fitness=120200
It 1710: fitness=120200
It 1715: fitness=120200
It 1720: fitness=120200
It 1725: fitness=120200
It 1730: fitness=120200
It 1735: fitness=120200
It 1740: fitness=120200
It 1745: fitness=120200
It 1750: fitness=120200
It 1755: fitness=120200
It 1760: fitness=120200
It 1765: fitness=120200
It 1770: fitness=120200
It 1775: fitness=120200
It 1780: fitness=120100
It 1785: fitness=120100
It 1790: fitness=120100
It 1795: fitness=120100
It 1800: fitness=120100
It 1805: fitness=120100
It 1810: fitness=120100
It 1815: fitness=120100
It 1820: fitness=120100
It 1825: fitness=120100
It 1830: fitness=120100
It 1835: fitness=120100
It 1840: fitness=120100
It 1845: fitness=120100
It 1850: fitness=120100
It 1855: fitness=120100
It 1860: fitness=120100
It 1865: fitness=120100
It 1870: fitness=120100
It 1875: fitness=120100
It 1880: fitness=120100
It 1885: fitness=120100
It 1890: fitness=120100
It 1895: fitness=120100
It 1900: fitness=120100
It 1905: fitness=120100
It 1910: fitness=120100
It 1915: fitness=120000
It 1920: fitness=120000
It 1925: fitness=120000
It 1930: fitness=120000
It 1935: fitness=120000
It 1940: fitness=120000
It 1945: fitness=120000
It 1950: fitness=120000
It 1955: fitness=120000
It 1960: fitness=120000
It 1965: fitness=120000
It 1970: fitness=120000
It 1975: fitness=120000
It 1980: fitness=120000
It 1985: fitness=120000
It 1990: fitness=120000
It 1995: fitness=120000
It 2000: fitness=120000
It 2005: fitness=120000
It 2010: fitness=120000
It 2015: fitness=120000
It 2020: fitness=120000
It 2025: fitness=120000
It 2030: fitness=120000
It 2035: fitness=120000
It 2040: fitness=120000
It 2045: fitness=120000
It 2050: fitness=120000
It 2055: fitness=120000
It 2060: fitness=120000
It 2065: fitness=120000
It 2070: fitness=120000
It 2075: fitness=120000
It 2080: fitness=120000
It 2085: fitness=120000
It 2090: fitness=120000
It 2095: fitness=119900
It 2100: fitness=119900
It 2105: fitness=119900
It 2110: fitness=119900
It 2115: fitness=119900
It 2120: fitness=119900
It 2125: fitness=119900
It 2130: fitness=119900
It 2135: fitness=119900
It 2140: fitness=119900
It 2145: fitness=119900
It 2150: fitness=119900
It 2155: fitness=119900
It 2160: fitness=119900
It 2165: fitness=119900
It 2170: fitness=119900
It 2175: fitness=119900
It 2180: fitness=119900
It 2185: fitness=119900
It 2190: fitness=119900
It 2195: fitness=119900
It 2200: fitness=119900
It 2205: fitness=119900
It 2210: fitness=119900
It 2215: fitness=119900
It 2220: fitness=119900
It 2225: fitness=119900
It 2230: fitness=119900
It 2235: fitness=119900
It 2240: fitness=119900
It 2245: fitness=119900
It 2250: fitness=119900
It 2255: fitness=119900
It 2260: fitness=119900
It 2265: fitness=119900
It 2270: fitness=119900
It 2275: fitness=119900
It 2280: fitness=119900
It 2285: fitness=119900
It 2290: fitness=119900
It 2295: fitness=119900
It 2300: fitness=119900
It 2305: fitness=119900
It 2310: fitness=119900
It 2315: fitness=119900
It 2320: fitness=119900
It 2325: fitness=119900
It 2330: fitness=119900
It 2335: fitness=119800
It 2340: fitness=119800
It 2345: fitness=119800
It 2350: fitness=119800
It 2355: fitness=119800
It 2360: fitness=119800
It 2365: fitness=119800
It 2370: fitness=119800
It 2375: fitness=119800
It 2380: fitness=119800
It 2385: fitness=119800
It 2390: fitness=119800
It 2395: fitness=119800
It 2400: fitness=119800
It 2405: fitness=119800
It 2410: fitness=119800
It 2415: fitness=119800
It 2420: fitness=119800
It 2425: fitness=119800
It 2430: fitness=119800
It 2435: fitness=119800
It 2440: fitness=119800
It 2445: fitness=119800
It 2450: fitness=119800
It 2455: fitness=119800
It 2460: fitness=119800
It 2465: fitness=119800
It 2470: fitness=119800
It 2475: fitness=119800
It 2480: fitness=119800
It 2485: fitness=119800
It 2490: fitness=119800
It 2495: fitness=119800
It 2500: fitness=119800
It 2505: fitness=119800
It 2510: fitness=119800
It 2515: fitness=119800
It 2520: fitness=119800
It 2525: fitness=119800
It 2530: fitness=119800
It 2535: fitness=119800
It 2540: fitness=119800
It 2545: fitness=119800
It 2550: fitness=119800
It 2555: fitness=119800
It 2560: fitness=119800
It 2565: fitness=119800
It 2570: fitness=119800
It 2575: fitness=119800
It 2580: fitness=119800
It 2585: fitness=119800
It 2590: fitness=119800
It 2595: fitness=119800
It 2600: fitness=119800
It 2605: fitness=119800
It 2610: fitness=119800
It 2615: fitness=119800
It 2620: fitness=119800
It 2625: fitness=119800
It 2630: fitness=119800
It 2635: fitness=119800
It 2640: fitness=119800
It 2645: fitness=119800
It 2650: fitness=119800
It 2655: fitness=119800
It 2660: fitness=119800
It 2665: fitness=119800
It 2670: fitness=119800
It 2675: fitness=119800
It 2680: fitness=119800
It 2685: fitness=119800
It 2690: fitness=119800
It 2695: fitness=119800
It 2700: fitness=119800
It 2705: fitness=119800
It 2710: fitness=119800
It 2715: fitness=119800
It 2720: fitness=119800
It 2725: fitness=119800
It 2730: fitness=119800
It 2735: fitness=119800
It 2740: fitness=119800
It 2745: fitness=119800
It 2750: fitness=119800
It 2755: fitness=119800
It 2760: fitness=119800
It 2765: fitness=119800
It 2770: fitness=119800
It 2775: fitness=119800
It 2780: fitness=119800
It 2785: fitness=119700
It 2790: fitness=119700
It 2795: fitness=119700
It 2800: fitness=119700
It 2805: fitness=119700
It 2810: fitness=119700
It 2815: fitness=119700
It 2820: fitness=119700
It 2825: fitness=119700
It 2830: fitness=119700
It 2835: fitness=119700
It 2840: fitness=119700
It 2845: fitness=119700
It 2850: fitness=119700
It 2855: fitness=119700
It 2860: fitness=119700
It 2865: fitness=119700
It 2870: fitness=119700
It 2875: fitness=119700
It 2880: fitness=119700
It 2885: fitness=119700
It 2890: fitness=119700
It 2895: fitness=119700
It 2900: fitness=119700
It 2905: fitness=119700
It 2910: fitness=119700
It 2915: fitness=119700
It 2920: fitness=119700
It 2925: fitness=119700
It 2930: fitness=119700
It 2935: fitness=119700
It 2940: fitness=119700
It 2945: fitness=119700
It 2950: fitness=119700
It 2955: fitness=119700
It 2960: fitness=119700
It 2965: fitness=119700
It 2970: fitness=119700
It 2975: fitness=119700
It 2980: fitness=119700
It 2985: fitness=119700
It 2990: fitness=119700
It 2995: fitness=119700
It 3000: fitness=119700
It 3005: fitness=119700
It 3010: fitness=119700
It 3015: fitness=119700
It 3020: fitness=119700
It 3025: fitness=119700
It 3030: fitness=119700
It 3035: fitness=119700
It 3040: fitness=119700
It 3045: fitness=119700
It 3050: fitness=119700
It 3055: fitness=119700
It 3060: fitness=119700
It 3065: fitness=119700
It 3070: fitness=119700
It 3075: fitness=119700
Maximal number of iterations without improvement reached
>> Resamp_Iter 3 negLL: 119711.2 (ref:  128666 )
>> Resamp_params: 0.4856433 0.4962699 0.4938139 0.4620055 0.5916373 0.4848707 0.5114987 0.5089183 0.6332166 0.800089 0.8035367 -40.80564 -19.0443 0.3471727 
>> sd Resamp 4 : 21 29 6 45 11 19 1 43 3 35 7 7 35 31 5 32 16 13 15 46 25 22 18 43 7 25 23 7 14 38 17 16 1 20 46 10 15 12 43 30 42 43 33 31 46 41 11 
>> Opt param @ resamp: 90495.37 
S=17, K=3, p=0.1663, w0=0.7213, w1=0.7213, c.p=1.193, c.g=1.193
v.max=NA, d=3.742, vectorize=FALSE, hybrid=off
It 5: fitness=108400
It 10: fitness=108400
It 15: fitness=105500
It 20: fitness=101100
It 25: fitness=101000
It 30: fitness=100200
It 35: fitness=100100
It 40: fitness=1e+05
It 45: fitness=99990
It 50: fitness=99980
It 55: fitness=99980
It 60: fitness=99970
It 65: fitness=99960
It 70: fitness=99960
It 75: fitness=99960
It 80: fitness=99040
It 85: fitness=98640
It 90: fitness=97480
It 95: fitness=95780
It 100: fitness=95410
It 105: fitness=94180
It 110: fitness=94180
It 115: fitness=93860
It 120: fitness=92980
It 125: fitness=92970
It 130: fitness=92900
It 135: fitness=92790
It 140: fitness=91880
It 145: fitness=91670
It 150: fitness=91450
It 155: fitness=91300
It 160: fitness=90870
It 165: fitness=90840
It 170: fitness=90610
It 175: fitness=90390
It 180: fitness=90390
It 185: fitness=90290
It 190: fitness=90290
It 195: fitness=90100
It 200: fitness=90040
It 205: fitness=89920
It 210: fitness=89900
It 215: fitness=89900
It 220: fitness=89900
It 225: fitness=89870
It 230: fitness=89870
It 235: fitness=89870
It 240: fitness=89870
It 245: fitness=89870
It 250: fitness=89860
It 255: fitness=89860
It 260: fitness=89860
It 265: fitness=89840
It 270: fitness=89840
It 275: fitness=89840
It 280: fitness=89840
It 285: fitness=89840
It 290: fitness=89840
It 295: fitness=89840
It 300: fitness=89830
It 305: fitness=89830
It 310: fitness=89830
It 315: fitness=89830
It 320: fitness=89830
It 325: fitness=89830
It 330: fitness=89830
It 335: fitness=89830
It 340: fitness=89830
It 345: fitness=89830
It 350: fitness=89830
It 355: fitness=89830
It 360: fitness=89830
It 365: fitness=89830
It 370: fitness=89830
It 375: fitness=89830
It 380: fitness=89830
It 385: fitness=89830
It 390: fitness=89830
It 395: fitness=89830
It 400: fitness=89830
It 405: fitness=89830
It 410: fitness=89830
It 415: fitness=89830
It 420: fitness=89830
It 425: fitness=89830
It 430: fitness=89830
It 435: fitness=89830
It 440: fitness=89830
It 445: fitness=89830
It 450: fitness=89830
It 455: fitness=89820
It 460: fitness=89820
It 465: fitness=89820
It 470: fitness=89820
It 475: fitness=89820
It 480: fitness=89820
It 485: fitness=89820
It 490: fitness=89820
It 495: fitness=89820
It 500: fitness=89820
It 505: fitness=89820
It 510: fitness=89820
It 515: fitness=89820
It 520: fitness=89820
It 525: fitness=89820
It 530: fitness=89820
It 535: fitness=89820
It 540: fitness=89820
It 545: fitness=89820
It 550: fitness=89820
It 555: fitness=89820
It 560: fitness=89820
It 565: fitness=89810
It 570: fitness=89810
It 575: fitness=89810
It 580: fitness=89810
It 585: fitness=89810
It 590: fitness=89810
It 595: fitness=89800
It 600: fitness=89800
It 605: fitness=89800
It 610: fitness=89800
It 615: fitness=89800
It 620: fitness=89800
It 625: fitness=89800
It 630: fitness=89800
It 635: fitness=89800
It 640: fitness=89800
It 645: fitness=89800
It 650: fitness=89800
It 655: fitness=89800
It 660: fitness=89800
It 665: fitness=89800
It 670: fitness=89800
It 675: fitness=89800
It 680: fitness=89800
It 685: fitness=89800
It 690: fitness=89800
It 695: fitness=89800
It 700: fitness=89800
It 705: fitness=89800
It 710: fitness=89800
It 715: fitness=89800
It 720: fitness=89800
It 725: fitness=89800
It 730: fitness=89800
It 735: fitness=89800
It 740: fitness=89800
It 745: fitness=89800
It 750: fitness=89800
It 755: fitness=89800
It 760: fitness=89800
It 765: fitness=89800
It 770: fitness=89800
It 775: fitness=89800
It 780: fitness=89800
It 785: fitness=89800
It 790: fitness=89800
It 795: fitness=89800
It 800: fitness=89800
It 805: fitness=89800
It 810: fitness=89800
It 815: fitness=89800
It 820: fitness=89800
It 825: fitness=89800
It 830: fitness=89800
It 835: fitness=89800
It 840: fitness=89800
It 845: fitness=89800
It 850: fitness=89800
It 855: fitness=89800
It 860: fitness=89800
It 865: fitness=89800
It 870: fitness=89800
It 875: fitness=89800
It 880: fitness=89800
Maximal number of iterations without improvement reached
>> Resamp_Iter 4 negLL: 89796.17 (ref:  90495.37 )
>> Resamp_params: 0.4787007 0.4822412 0.4899462 0.4791399 0.5801271 0.4762261 0.5113161 0.5117546 0.6305088 0.8005788 0.6056842 -18.39887 -29.44924 0.405769 
>> sd Resamp 5 : 25 14 16 41 27 24 31 13 26 2 36 22 29 41 12 30 25 35 14 25 22 18 27 34 38 1 45 47 38 38 35 27 25 20 5 14 18 46 29 39 5 29 31 15 35 8 7 
>> Opt param @ resamp: 66358.6 
S=17, K=3, p=0.1663, w0=0.7213, w1=0.7213, c.p=1.193, c.g=1.193
v.max=NA, d=3.742, vectorize=FALSE, hybrid=off
It 5: fitness=76690
It 10: fitness=76690
It 15: fitness=75940
It 20: fitness=75940
It 25: fitness=75940
It 30: fitness=75010
It 35: fitness=75010
It 40: fitness=74830
It 45: fitness=74780
It 50: fitness=74770
It 55: fitness=74760
It 60: fitness=74760
It 65: fitness=74760
It 70: fitness=74730
It 75: fitness=74730
It 80: fitness=74730
It 85: fitness=72550
It 90: fitness=72550
It 95: fitness=71780
It 100: fitness=70410
It 105: fitness=70400
It 110: fitness=69730
It 115: fitness=69710
It 120: fitness=69710
It 125: fitness=69710
It 130: fitness=69710
It 135: fitness=69490
It 140: fitness=68550
It 145: fitness=68480
It 150: fitness=68370
It 155: fitness=68250
It 160: fitness=68220
It 165: fitness=68120
It 170: fitness=67940
It 175: fitness=67860
It 180: fitness=67840
It 185: fitness=67810
It 190: fitness=67740
It 195: fitness=67520
It 200: fitness=67450
It 205: fitness=67290
It 210: fitness=67290
It 215: fitness=67020
It 220: fitness=66860
It 225: fitness=66190
It 230: fitness=65710
It 235: fitness=65590
It 240: fitness=65590
It 245: fitness=65400
It 250: fitness=65300
It 255: fitness=65240
It 260: fitness=65230
It 265: fitness=65230
It 270: fitness=65190
It 275: fitness=65170
It 280: fitness=65170
It 285: fitness=65160
It 290: fitness=65160
It 295: fitness=65160
It 300: fitness=65150
It 305: fitness=65150
It 310: fitness=65150
It 315: fitness=65130
It 320: fitness=65130
It 325: fitness=65130
It 330: fitness=65130
It 335: fitness=65130
It 340: fitness=65130
It 345: fitness=65130
It 350: fitness=65130
It 355: fitness=65130
It 360: fitness=65120
It 365: fitness=65120
It 370: fitness=65120
It 375: fitness=65120
It 380: fitness=65110
It 385: fitness=65110
It 390: fitness=65110
It 395: fitness=65100
It 400: fitness=65100
It 405: fitness=65100
It 410: fitness=65100
It 415: fitness=65100
It 420: fitness=65080
It 425: fitness=65080
It 430: fitness=65080
It 435: fitness=65080
It 440: fitness=65080
It 445: fitness=65080
It 450: fitness=65080
It 455: fitness=65080
It 460: fitness=65070
It 465: fitness=65070
It 470: fitness=65070
It 475: fitness=65070
It 480: fitness=65070
It 485: fitness=65070
It 490: fitness=65060
It 495: fitness=65060
It 500: fitness=65060
It 505: fitness=65060
It 510: fitness=65060
It 515: fitness=65060
It 520: fitness=65060
It 525: fitness=65060
It 530: fitness=65060
It 535: fitness=65060
It 540: fitness=65060
It 545: fitness=65060
It 550: fitness=65060
It 555: fitness=65060
It 560: fitness=65060
It 565: fitness=65060
It 570: fitness=65060
It 575: fitness=65060
It 580: fitness=65060
It 585: fitness=65060
It 590: fitness=65060
It 595: fitness=65060
It 600: fitness=65060
It 605: fitness=65060
It 610: fitness=65060
It 615: fitness=65060
It 620: fitness=65060
It 625: fitness=65060
It 630: fitness=65060
It 635: fitness=65060
It 640: fitness=65060
It 645: fitness=65060
It 650: fitness=65060
It 655: fitness=65060
It 660: fitness=65060
It 665: fitness=65060
It 670: fitness=65060
It 675: fitness=65060
It 680: fitness=65060
It 685: fitness=65060
Maximal number of iterations without improvement reached
>> Resamp_Iter 5 negLL: 65062.31 (ref:  66358.6 )
>> Resamp_params: 0.4716374 0.4767154 0.4769621 0.4618509 0.6026652 0.4640145 0.5178978 0.4886202 0.6133296 0.8198561 0.601618 -18.18321 -25.6643 0.391461 
>> sd Resamp 6 : 44 13 29 38 24 2 38 43 33 38 24 32 26 39 42 12 15 21 8 40 6 44 8 35 37 37 28 28 15 38 5 45 31 14 37 41 1 38 33 45 22 25 21 35 40 2 29 
>> Opt param @ resamp: 102753.4 
S=17, K=3, p=0.1663, w0=0.7213, w1=0.7213, c.p=1.193, c.g=1.193
v.max=NA, d=3.742, vectorize=FALSE, hybrid=off
It 5: fitness=132300
It 10: fitness=123800
It 15: fitness=121700
It 20: fitness=118800
It 25: fitness=118800
It 30: fitness=118800
It 35: fitness=118700
It 40: fitness=118700
It 45: fitness=118700
It 50: fitness=118700
It 55: fitness=118700
It 60: fitness=118500
It 65: fitness=118100
It 70: fitness=118100
It 75: fitness=118100
It 80: fitness=117700
It 85: fitness=117300
It 90: fitness=117300
It 95: fitness=117100
It 100: fitness=117100
It 105: fitness=115900
It 110: fitness=113000
It 115: fitness=110600
It 120: fitness=110600
It 125: fitness=108500
It 130: fitness=108500
It 135: fitness=105400
It 140: fitness=105000
It 145: fitness=104800
It 150: fitness=104200
It 155: fitness=104000
It 160: fitness=103100
It 165: fitness=103100
It 170: fitness=102800
It 175: fitness=102800
It 180: fitness=102800
It 185: fitness=102700
It 190: fitness=102500
It 195: fitness=102300
It 200: fitness=102300
It 205: fitness=102100
It 210: fitness=102100
It 215: fitness=102100
It 220: fitness=102000
It 225: fitness=102000
It 230: fitness=102000
It 235: fitness=101900
It 240: fitness=101800
It 245: fitness=101700
It 250: fitness=101600
It 255: fitness=101400
It 260: fitness=101200
It 265: fitness=101200
It 270: fitness=101100
It 275: fitness=101100
It 280: fitness=101000
It 285: fitness=100900
It 290: fitness=100900
It 295: fitness=100800
It 300: fitness=100800
It 305: fitness=100800
It 310: fitness=100800
It 315: fitness=100800
It 320: fitness=100800
It 325: fitness=100800
It 330: fitness=100800
It 335: fitness=100800
It 340: fitness=100800
It 345: fitness=100600
It 350: fitness=100600
It 355: fitness=100600
It 360: fitness=100600
It 365: fitness=100600
It 370: fitness=100600
It 375: fitness=100600
It 380: fitness=100600
It 385: fitness=100600
It 390: fitness=100600
It 395: fitness=100600
It 400: fitness=100600
It 405: fitness=100600
It 410: fitness=100600
It 415: fitness=100600
It 420: fitness=100600
It 425: fitness=100600
It 430: fitness=100600
It 435: fitness=100600
It 440: fitness=100600
It 445: fitness=100600
It 450: fitness=100600
It 455: fitness=100600
It 460: fitness=100600
It 465: fitness=100600
It 470: fitness=100600
It 475: fitness=100600
It 480: fitness=100600
It 485: fitness=100600
It 490: fitness=100600
It 495: fitness=100600
It 500: fitness=100600
It 505: fitness=100500
It 510: fitness=100500
It 515: fitness=100500
It 520: fitness=100500
It 525: fitness=100500
It 530: fitness=100500
It 535: fitness=100500
It 540: fitness=100500
It 545: fitness=100500
It 550: fitness=100500
It 555: fitness=100500
It 560: fitness=100500
It 565: fitness=100500
It 570: fitness=100500
It 575: fitness=100500
It 580: fitness=100500
It 585: fitness=100500
It 590: fitness=100500
It 595: fitness=100500
It 600: fitness=100500
It 605: fitness=100500
It 610: fitness=100500
It 615: fitness=100500
It 620: fitness=100500
It 625: fitness=100500
It 630: fitness=100500
It 635: fitness=100500
It 640: fitness=100500
It 645: fitness=100500
It 650: fitness=100500
It 655: fitness=100500
It 660: fitness=100500
It 665: fitness=100500
It 670: fitness=100500
It 675: fitness=100500
It 680: fitness=100500
It 685: fitness=100500
It 690: fitness=100500
It 695: fitness=100500
It 700: fitness=100500
It 705: fitness=100500
It 710: fitness=100500
It 715: fitness=100500
It 720: fitness=100500
It 725: fitness=100500
It 730: fitness=100500
It 735: fitness=100500
It 740: fitness=100500
It 745: fitness=100500
It 750: fitness=100500
It 755: fitness=100400
It 760: fitness=100400
It 765: fitness=100400
It 770: fitness=100400
It 775: fitness=100400
It 780: fitness=100400
It 785: fitness=100400
It 790: fitness=100400
It 795: fitness=100400
It 800: fitness=100400
It 805: fitness=100400
It 810: fitness=100400
It 815: fitness=100400
It 820: fitness=100400
It 825: fitness=100400
It 830: fitness=100400
It 835: fitness=100400
It 840: fitness=100400
It 845: fitness=100400
It 850: fitness=100400
It 855: fitness=100400
It 860: fitness=100400
It 865: fitness=100400
It 870: fitness=100400
It 875: fitness=100400
It 880: fitness=100400
It 885: fitness=100400
It 890: fitness=100400
It 895: fitness=100400
It 900: fitness=100400
It 905: fitness=100400
It 910: fitness=100400
It 915: fitness=100400
It 920: fitness=100400
It 925: fitness=100400
It 930: fitness=100400
It 935: fitness=100400
It 940: fitness=100400
It 945: fitness=100400
It 950: fitness=100400
It 955: fitness=100400
It 960: fitness=100400
It 965: fitness=100400
It 970: fitness=100400
It 975: fitness=100400
It 980: fitness=100400
It 985: fitness=100400
It 990: fitness=100400
It 995: fitness=100400
It 1000: fitness=100300
It 1005: fitness=100300
It 1010: fitness=100300
It 1015: fitness=100300
It 1020: fitness=100300
It 1025: fitness=100300
It 1030: fitness=100300
It 1035: fitness=100300
It 1040: fitness=100300
It 1045: fitness=100300
It 1050: fitness=100300
It 1055: fitness=100300
It 1060: fitness=100300
It 1065: fitness=100300
It 1070: fitness=100300
It 1075: fitness=100300
It 1080: fitness=100300
It 1085: fitness=100300
It 1090: fitness=100300
It 1095: fitness=100300
It 1100: fitness=100300
It 1105: fitness=100300
It 1110: fitness=100300
It 1115: fitness=100300
It 1120: fitness=100300
It 1125: fitness=100300
It 1130: fitness=100300
It 1135: fitness=100300
It 1140: fitness=100300
It 1145: fitness=100300
It 1150: fitness=100300
It 1155: fitness=100300
It 1160: fitness=100300
It 1165: fitness=100300
It 1170: fitness=100300
It 1175: fitness=100300
It 1180: fitness=100300
It 1185: fitness=100300
It 1190: fitness=100300
It 1195: fitness=100300
It 1200: fitness=100300
It 1205: fitness=100300
It 1210: fitness=100300
It 1215: fitness=100300
It 1220: fitness=100300
It 1225: fitness=100300
It 1230: fitness=100300
It 1235: fitness=100300
It 1240: fitness=100300
It 1245: fitness=100300
It 1250: fitness=100300
It 1255: fitness=100300
It 1260: fitness=100300
It 1265: fitness=100300
It 1270: fitness=100300
It 1275: fitness=100300
It 1280: fitness=100300
It 1285: fitness=100300
It 1290: fitness=100300
It 1295: fitness=100300
It 1300: fitness=100300
It 1305: fitness=100300
It 1310: fitness=100300
It 1315: fitness=100300
It 1320: fitness=100300
It 1325: fitness=100300
It 1330: fitness=100300
It 1335: fitness=100300
It 1340: fitness=100300
It 1345: fitness=100300
It 1350: fitness=100300
It 1355: fitness=100300
It 1360: fitness=100300
It 1365: fitness=100300
It 1370: fitness=100300
It 1375: fitness=100300
It 1380: fitness=100300
It 1385: fitness=100300
It 1390: fitness=100300
It 1395: fitness=100300
It 1400: fitness=100300
It 1405: fitness=100300
It 1410: fitness=100300
It 1415: fitness=100300
It 1420: fitness=100300
It 1425: fitness=100300
It 1430: fitness=100300
It 1435: fitness=100300
It 1440: fitness=100300
It 1445: fitness=100300
It 1450: fitness=100300
It 1455: fitness=100300
It 1460: fitness=100300
It 1465: fitness=100300
It 1470: fitness=100300
It 1475: fitness=100300
It 1480: fitness=100300
It 1485: fitness=100300
It 1490: fitness=100300
It 1495: fitness=100300
It 1500: fitness=100300
It 1505: fitness=100300
It 1510: fitness=100300
It 1515: fitness=100300
It 1520: fitness=100300
It 1525: fitness=100300
It 1530: fitness=100300
It 1535: fitness=100300
It 1540: fitness=100300
It 1545: fitness=100300
It 1550: fitness=100300
It 1555: fitness=100300
It 1560: fitness=100300
It 1565: fitness=100300
It 1570: fitness=100300
It 1575: fitness=100300
It 1580: fitness=100300
It 1585: fitness=100300
It 1590: fitness=100300
It 1595: fitness=100300
It 1600: fitness=100300
It 1605: fitness=100300
It 1610: fitness=100300
It 1615: fitness=100300
It 1620: fitness=100300
It 1625: fitness=100300
It 1630: fitness=100300
It 1635: fitness=100300
It 1640: fitness=100300
It 1645: fitness=100300
It 1650: fitness=100300
It 1655: fitness=100300
It 1660: fitness=100300
It 1665: fitness=100300
It 1670: fitness=100300
It 1675: fitness=100300
It 1680: fitness=100200
It 1685: fitness=100200
It 1690: fitness=100200
It 1695: fitness=100200
It 1700: fitness=100200
It 1705: fitness=100200
It 1710: fitness=100200
It 1715: fitness=100200
It 1720: fitness=100200
It 1725: fitness=100200
It 1730: fitness=100200
It 1735: fitness=100200
It 1740: fitness=100200
It 1745: fitness=100200
It 1750: fitness=100200
It 1755: fitness=100200
It 1760: fitness=100200
It 1765: fitness=100200
It 1770: fitness=100200
It 1775: fitness=100200
It 1780: fitness=100200
It 1785: fitness=100200
It 1790: fitness=100200
It 1795: fitness=100200
It 1800: fitness=100200
It 1805: fitness=100200
It 1810: fitness=100200
It 1815: fitness=100200
It 1820: fitness=100200
It 1825: fitness=100200
It 1830: fitness=100200
It 1835: fitness=100200
It 1840: fitness=100200
It 1845: fitness=100200
It 1850: fitness=100200
It 1855: fitness=100200
It 1860: fitness=100200
It 1865: fitness=100200
It 1870: fitness=100200
It 1875: fitness=100200
It 1880: fitness=100200
It 1885: fitness=100200
It 1890: fitness=100200
It 1895: fitness=100200
It 1900: fitness=100200
It 1905: fitness=100200
It 1910: fitness=100200
It 1915: fitness=100200
It 1920: fitness=100200
It 1925: fitness=100200
It 1930: fitness=100200
It 1935: fitness=100200
It 1940: fitness=100200
It 1945: fitness=100200
It 1950: fitness=100200
It 1955: fitness=100200
It 1960: fitness=100200
It 1965: fitness=100200
It 1970: fitness=100200
It 1975: fitness=100200
It 1980: fitness=100200
It 1985: fitness=100200
It 1990: fitness=100200
It 1995: fitness=100200
It 2000: fitness=100200
It 2005: fitness=100200
It 2010: fitness=100200
It 2015: fitness=100200
It 2020: fitness=100200
It 2025: fitness=100200
It 2030: fitness=100200
It 2035: fitness=100200
It 2040: fitness=100200
It 2045: fitness=100200
It 2050: fitness=100200
It 2055: fitness=100200
It 2060: fitness=100200
It 2065: fitness=100200
It 2070: fitness=100200
It 2075: fitness=100200
It 2080: fitness=100200
It 2085: fitness=100200
It 2090: fitness=100200
It 2095: fitness=100200
It 2100: fitness=100200
It 2105: fitness=100200
It 2110: fitness=100200
It 2115: fitness=100200
It 2120: fitness=100200
It 2125: fitness=100200
It 2130: fitness=100200
It 2135: fitness=100200
It 2140: fitness=100200
It 2145: fitness=100200
It 2150: fitness=100200
It 2155: fitness=100200
It 2160: fitness=100200
It 2165: fitness=100200
It 2170: fitness=100200
It 2175: fitness=100200
It 2180: fitness=100200
It 2185: fitness=100200
It 2190: fitness=100200
Maximal number of iterations without improvement reached
>> Resamp_Iter 6 negLL: 100152.2 (ref:  102753.4 )
>> Resamp_params: 0.4246837 0.4409066 0.6847181 0.6988979 0.6324699 0.4300574 0.4936323 0.5048934 0.6680746 0.816975 0.6809141 -16.21354 -62.19433 0.4472866 
>> sd Resamp 7 : 3 3 26 27 4 42 27 31 11 18 45 28 36 24 3 26 45 32 21 20 17 20 45 3 26 31 25 26 40 13 9 1 44 16 27 47 24 10 5 17 30 27 13 40 47 32 12 
>> Opt param @ resamp: 96529.35 
S=17, K=3, p=0.1663, w0=0.7213, w1=0.7213, c.p=1.193, c.g=1.193
v.max=NA, d=3.742, vectorize=FALSE, hybrid=off
It 5: fitness=134800
It 10: fitness=128600
It 15: fitness=128600
It 20: fitness=122700
It 25: fitness=122700
It 30: fitness=121300
It 35: fitness=120900
It 40: fitness=113600
It 45: fitness=112900
It 50: fitness=105000
It 55: fitness=105000
It 60: fitness=105000
It 65: fitness=104000
It 70: fitness=104000
It 75: fitness=102500
It 80: fitness=102300
It 85: fitness=102300
It 90: fitness=102200
It 95: fitness=102100
It 100: fitness=102000
It 105: fitness=100600
It 110: fitness=100500
It 115: fitness=100500
It 120: fitness=98900
It 125: fitness=98550
It 130: fitness=98220
It 135: fitness=98200
It 140: fitness=98120
It 145: fitness=98120
It 150: fitness=98120
It 155: fitness=98100
It 160: fitness=98030
It 165: fitness=96840
It 170: fitness=96500
It 175: fitness=96410
It 180: fitness=96410
It 185: fitness=96410
It 190: fitness=96400
It 195: fitness=96400
It 200: fitness=95960
It 205: fitness=95960
It 210: fitness=95770
It 215: fitness=95740
It 220: fitness=95720
It 225: fitness=95510
It 230: fitness=95510
It 235: fitness=95510
It 240: fitness=95470
It 245: fitness=95460
It 250: fitness=95460
It 255: fitness=95460
It 260: fitness=95400
It 265: fitness=95400
It 270: fitness=95400
It 275: fitness=94880
It 280: fitness=94870
It 285: fitness=94490
It 290: fitness=94330
It 295: fitness=94230
It 300: fitness=94200
It 305: fitness=94170
It 310: fitness=93700
It 315: fitness=93580
It 320: fitness=93580
It 325: fitness=93530
It 330: fitness=93520
It 335: fitness=93450
It 340: fitness=93330
It 345: fitness=93200
It 350: fitness=93190
It 355: fitness=93170
It 360: fitness=93110
It 365: fitness=93090
It 370: fitness=93090
It 375: fitness=93090
It 380: fitness=93090
It 385: fitness=93090
It 390: fitness=93040
It 395: fitness=93040
It 400: fitness=93010
It 405: fitness=93000
It 410: fitness=93000
It 415: fitness=92970
It 420: fitness=92970
It 425: fitness=92970
It 430: fitness=92970
It 435: fitness=92970
It 440: fitness=92970
It 445: fitness=92970
It 450: fitness=92970
It 455: fitness=92950
It 460: fitness=92940
It 465: fitness=92920
It 470: fitness=92920
It 475: fitness=92910
It 480: fitness=92910
It 485: fitness=92910
It 490: fitness=92900
It 495: fitness=92900
It 500: fitness=92900
It 505: fitness=92900
It 510: fitness=92900
It 515: fitness=92900
It 520: fitness=92900
It 525: fitness=92900
It 530: fitness=92900
It 535: fitness=92900
It 540: fitness=92900
It 545: fitness=92900
It 550: fitness=92900
It 555: fitness=92900
It 560: fitness=92900
It 565: fitness=92900
It 570: fitness=92900
It 575: fitness=92900
It 580: fitness=92860
It 585: fitness=92860
It 590: fitness=92860
It 595: fitness=92860
It 600: fitness=92860
It 605: fitness=92860
It 610: fitness=92850
It 615: fitness=92850
It 620: fitness=92850
It 625: fitness=92850
It 630: fitness=92850
It 635: fitness=92850
It 640: fitness=92850
It 645: fitness=92850
It 650: fitness=92850
It 655: fitness=92850
It 660: fitness=92850
It 665: fitness=92850
It 670: fitness=92850
It 675: fitness=92850
It 680: fitness=92850
It 685: fitness=92850
It 690: fitness=92850
It 695: fitness=92850
It 700: fitness=92850
It 705: fitness=92850
It 710: fitness=92850
It 715: fitness=92850
It 720: fitness=92850
It 725: fitness=92850
It 730: fitness=92850
It 735: fitness=92850
It 740: fitness=92850
It 745: fitness=92850
It 750: fitness=92850
It 755: fitness=92850
It 760: fitness=92850
It 765: fitness=92850
It 770: fitness=92850
It 775: fitness=92850
It 780: fitness=92850
It 785: fitness=92850
It 790: fitness=92850
It 795: fitness=92850
It 800: fitness=92850
It 805: fitness=92850
Maximal number of iterations without improvement reached
>> Resamp_Iter 7 negLL: 92850.81 (ref:  96529.35 )
>> Resamp_params: 0.4880357 0.5002412 0.5115151 0.4554564 0.5860936 0.4765832 0.5426387 0.524749 0.6097915 0.8624201 0.6614263 -17.51462 -13.40537 0.2744781 
>> sd Resamp 8 : 17 28 44 20 13 25 38 42 25 42 35 43 10 20 1 32 9 7 28 30 10 28 5 3 24 47 40 9 4 15 46 35 12 36 5 26 43 34 8 20 41 12 35 22 39 4 23 
>> Opt param @ resamp: 92614.1 
S=17, K=3, p=0.1663, w0=0.7213, w1=0.7213, c.p=1.193, c.g=1.193
v.max=NA, d=3.742, vectorize=FALSE, hybrid=off
It 5: fitness=131000
It 10: fitness=131000
It 15: fitness=129000
It 20: fitness=129000
It 25: fitness=123600
It 30: fitness=123600
It 35: fitness=123600
It 40: fitness=117100
It 45: fitness=117100
It 50: fitness=116500
It 55: fitness=114700
It 60: fitness=114500
It 65: fitness=110300
It 70: fitness=105900
It 75: fitness=104600
It 80: fitness=104000
It 85: fitness=103800
It 90: fitness=103300
It 95: fitness=101100
It 100: fitness=100600
It 105: fitness=97980
It 110: fitness=96680
It 115: fitness=96530
It 120: fitness=95800
It 125: fitness=94900
It 130: fitness=94570
It 135: fitness=94420
It 140: fitness=94410
It 145: fitness=94230
It 150: fitness=94050
It 155: fitness=93990
It 160: fitness=93790
It 165: fitness=93640
It 170: fitness=93470
It 175: fitness=93320
It 180: fitness=93300
It 185: fitness=93130
It 190: fitness=92990
It 195: fitness=92930
It 200: fitness=92930
It 205: fitness=92850
It 210: fitness=92840
It 215: fitness=92750
It 220: fitness=92710
It 225: fitness=92690
It 230: fitness=92670
It 235: fitness=92640
It 240: fitness=92640
It 245: fitness=92640
It 250: fitness=92640
It 255: fitness=92630
It 260: fitness=92610
It 265: fitness=92580
It 270: fitness=92540
It 275: fitness=92540
It 280: fitness=92520
It 285: fitness=92460
It 290: fitness=92440
It 295: fitness=92410
It 300: fitness=92410
It 305: fitness=92400
It 310: fitness=92400
It 315: fitness=92400
It 320: fitness=92400
It 325: fitness=92380
It 330: fitness=92380
It 335: fitness=92380
It 340: fitness=92370
It 345: fitness=92340
It 350: fitness=92330
It 355: fitness=92320
It 360: fitness=92310
It 365: fitness=92310
It 370: fitness=92310
It 375: fitness=92270
It 380: fitness=92270
It 385: fitness=92270
It 390: fitness=92260
It 395: fitness=92260
It 400: fitness=92240
It 405: fitness=92240
It 410: fitness=92240
It 415: fitness=92240
It 420: fitness=92240
It 425: fitness=92240
It 430: fitness=92230
It 435: fitness=92230
It 440: fitness=92230
It 445: fitness=92230
It 450: fitness=92230
It 455: fitness=92230
It 460: fitness=92230
It 465: fitness=92230
It 470: fitness=92220
It 475: fitness=92220
It 480: fitness=92220
It 485: fitness=92220
It 490: fitness=92220
It 495: fitness=92220
It 500: fitness=92220
It 505: fitness=92190
It 510: fitness=92190
It 515: fitness=92190
It 520: fitness=92190
It 525: fitness=92190
It 530: fitness=92190
It 535: fitness=92190
It 540: fitness=92190
It 545: fitness=92190
It 550: fitness=92190
It 555: fitness=92190
It 560: fitness=92190
It 565: fitness=92180
It 570: fitness=92180
It 575: fitness=92180
It 580: fitness=92170
It 585: fitness=92170
It 590: fitness=92170
It 595: fitness=92170
It 600: fitness=92170
It 605: fitness=92170
It 610: fitness=92170
It 615: fitness=92170
It 620: fitness=92170
It 625: fitness=92150
It 630: fitness=92150
It 635: fitness=92150
It 640: fitness=92150
It 645: fitness=92140
It 650: fitness=92140
It 655: fitness=92140
It 660: fitness=92140
It 665: fitness=92140
It 670: fitness=92140
It 675: fitness=92140
It 680: fitness=92140
It 685: fitness=92140
It 690: fitness=92140
It 695: fitness=92120
It 700: fitness=92120
It 705: fitness=92120
It 710: fitness=92120
It 715: fitness=92120
It 720: fitness=92120
It 725: fitness=92120
It 730: fitness=92120
It 735: fitness=92110
It 740: fitness=92110
It 745: fitness=92110
It 750: fitness=92110
It 755: fitness=92110
It 760: fitness=92110
It 765: fitness=92110
It 770: fitness=92110
It 775: fitness=92110
It 780: fitness=92110
It 785: fitness=92110
It 790: fitness=92110
It 795: fitness=92110
It 800: fitness=92110
It 805: fitness=92110
It 810: fitness=92110
It 815: fitness=92110
It 820: fitness=92110
It 825: fitness=92110
It 830: fitness=92110
It 835: fitness=92110
It 840: fitness=92110
It 845: fitness=92110
It 850: fitness=92100
It 855: fitness=92100
It 860: fitness=92100
It 865: fitness=92100
It 870: fitness=92100
It 875: fitness=92100
It 880: fitness=92100
It 885: fitness=92100
It 890: fitness=92100
It 895: fitness=92100
It 900: fitness=92100
It 905: fitness=92090
It 910: fitness=92090
It 915: fitness=92090
It 920: fitness=92060
It 925: fitness=92060
It 930: fitness=92060
It 935: fitness=92060
It 940: fitness=92030
It 945: fitness=92030
It 950: fitness=92030
It 955: fitness=92030
It 960: fitness=92030
It 965: fitness=92020
It 970: fitness=92020
It 975: fitness=92020
It 980: fitness=92020
It 985: fitness=92020
It 990: fitness=92010
It 995: fitness=91990
It 1000: fitness=91990
It 1005: fitness=91970
It 1010: fitness=91970
It 1015: fitness=91970
It 1020: fitness=91970
It 1025: fitness=91950
It 1030: fitness=91950
It 1035: fitness=91950
It 1040: fitness=91950
It 1045: fitness=91950
It 1050: fitness=91940
It 1055: fitness=91940
It 1060: fitness=91930
It 1065: fitness=91920
It 1070: fitness=91890
It 1075: fitness=91890
It 1080: fitness=91890
It 1085: fitness=91890
It 1090: fitness=91890
It 1095: fitness=91890
It 1100: fitness=91870
It 1105: fitness=91820
It 1110: fitness=91820
It 1115: fitness=91820
It 1120: fitness=91820
It 1125: fitness=91820
It 1130: fitness=91820
It 1135: fitness=91820
It 1140: fitness=91820
It 1145: fitness=91790
It 1150: fitness=91790
It 1155: fitness=91790
It 1160: fitness=91770
It 1165: fitness=91770
It 1170: fitness=91770
It 1175: fitness=91770
It 1180: fitness=91770
It 1185: fitness=91760
It 1190: fitness=91730
It 1195: fitness=91730
It 1200: fitness=91710
It 1205: fitness=91710
It 1210: fitness=91710
It 1215: fitness=91710
It 1220: fitness=91710
It 1225: fitness=91710
It 1230: fitness=91710
It 1235: fitness=91710
It 1240: fitness=91710
It 1245: fitness=91710
It 1250: fitness=91710
It 1255: fitness=91710
It 1260: fitness=91710
It 1265: fitness=91710
It 1270: fitness=91710
It 1275: fitness=91710
It 1280: fitness=91710
It 1285: fitness=91690
It 1290: fitness=91680
It 1295: fitness=91680
It 1300: fitness=91680
It 1305: fitness=91680
It 1310: fitness=91680
It 1315: fitness=91680
It 1320: fitness=91670
It 1325: fitness=91670
It 1330: fitness=91630
It 1335: fitness=91630
It 1340: fitness=91630
It 1345: fitness=91630
It 1350: fitness=91630
It 1355: fitness=91630
It 1360: fitness=91630
It 1365: fitness=91630
It 1370: fitness=91630
It 1375: fitness=91630
It 1380: fitness=91630
It 1385: fitness=91630
It 1390: fitness=91590
It 1395: fitness=91590
It 1400: fitness=91590
It 1405: fitness=91590
It 1410: fitness=91590
It 1415: fitness=91590
It 1420: fitness=91590
It 1425: fitness=91570
It 1430: fitness=91570
It 1435: fitness=91570
It 1440: fitness=91560
It 1445: fitness=91560
It 1450: fitness=91560
It 1455: fitness=91560
It 1460: fitness=91530
It 1465: fitness=91530
It 1470: fitness=91530
It 1475: fitness=91530
It 1480: fitness=91530
It 1485: fitness=91530
It 1490: fitness=91530
It 1495: fitness=91520
It 1500: fitness=91520
It 1505: fitness=91510
It 1510: fitness=91510
It 1515: fitness=91500
It 1520: fitness=91490
It 1525: fitness=91480
It 1530: fitness=91470
It 1535: fitness=91470
It 1540: fitness=91430
It 1545: fitness=91430
It 1550: fitness=91410
It 1555: fitness=91380
It 1560: fitness=91380
It 1565: fitness=91380
It 1570: fitness=91380
It 1575: fitness=91380
It 1580: fitness=91380
It 1585: fitness=91380
It 1590: fitness=91370
It 1595: fitness=91370
It 1600: fitness=91370
It 1605: fitness=91370
It 1610: fitness=91370
It 1615: fitness=91370
It 1620: fitness=91370
It 1625: fitness=91370
It 1630: fitness=91370
It 1635: fitness=91370
It 1640: fitness=91370
It 1645: fitness=91370
It 1650: fitness=91370
It 1655: fitness=91370
It 1660: fitness=91370
It 1665: fitness=91370
It 1670: fitness=91370
It 1675: fitness=91370
It 1680: fitness=91370
It 1685: fitness=91370
It 1690: fitness=91340
It 1695: fitness=91340
It 1700: fitness=91340
It 1705: fitness=91340
It 1710: fitness=91340
It 1715: fitness=91340
It 1720: fitness=91340
It 1725: fitness=91340
It 1730: fitness=91340
It 1735: fitness=91340
It 1740: fitness=91340
It 1745: fitness=91340
It 1750: fitness=91340
It 1755: fitness=91340
It 1760: fitness=91340
It 1765: fitness=91340
It 1770: fitness=91340
It 1775: fitness=91340
It 1780: fitness=91340
It 1785: fitness=91340
It 1790: fitness=91340
It 1795: fitness=91340
It 1800: fitness=91340
It 1805: fitness=91340
It 1810: fitness=91340
It 1815: fitness=91340
It 1820: fitness=91340
It 1825: fitness=91340
It 1830: fitness=91340
It 1835: fitness=91340
It 1840: fitness=91340
It 1845: fitness=91340
It 1850: fitness=91340
It 1855: fitness=91340
It 1860: fitness=91340
It 1865: fitness=91340
It 1870: fitness=91340
It 1875: fitness=91340
It 1880: fitness=91340
It 1885: fitness=91340
It 1890: fitness=91340
It 1895: fitness=91340
It 1900: fitness=91340
It 1905: fitness=91340
It 1910: fitness=91340
It 1915: fitness=91340
It 1920: fitness=91340
It 1925: fitness=91340
It 1930: fitness=91340
It 1935: fitness=91340
It 1940: fitness=91340
It 1945: fitness=91340
It 1950: fitness=91340
It 1955: fitness=91340
It 1960: fitness=91340
It 1965: fitness=91330
It 1970: fitness=91330
It 1975: fitness=91330
It 1980: fitness=91330
It 1985: fitness=91330
It 1990: fitness=91330
It 1995: fitness=91330
It 2000: fitness=91330
It 2005: fitness=91330
It 2010: fitness=91330
It 2015: fitness=91330
It 2020: fitness=91330
It 2025: fitness=91330
It 2030: fitness=91330
It 2035: fitness=91320
It 2040: fitness=91320
It 2045: fitness=91320
It 2050: fitness=91320
It 2055: fitness=91320
It 2060: fitness=91320
It 2065: fitness=91300
It 2070: fitness=91300
It 2075: fitness=91300
It 2080: fitness=91300
It 2085: fitness=91300
It 2090: fitness=91300
It 2095: fitness=91300
It 2100: fitness=91300
It 2105: fitness=91290
It 2110: fitness=91290
It 2115: fitness=91290
It 2120: fitness=91290
It 2125: fitness=91290
It 2130: fitness=91290
It 2135: fitness=91290
It 2140: fitness=91290
It 2145: fitness=91290
It 2150: fitness=91290
It 2155: fitness=91290
It 2160: fitness=91290
It 2165: fitness=91290
It 2170: fitness=91290
It 2175: fitness=91290
It 2180: fitness=91290
It 2185: fitness=91290
It 2190: fitness=91290
It 2195: fitness=91290
It 2200: fitness=91290
It 2205: fitness=91290
It 2210: fitness=91290
It 2215: fitness=91290
It 2220: fitness=91290
It 2225: fitness=91290
It 2230: fitness=91290
It 2235: fitness=91290
It 2240: fitness=91290
It 2245: fitness=91290
It 2250: fitness=91290
It 2255: fitness=91290
It 2260: fitness=91290
It 2265: fitness=91290
It 2270: fitness=91290
It 2275: fitness=91290
It 2280: fitness=91260
It 2285: fitness=91260
It 2290: fitness=91260
It 2295: fitness=91260
It 2300: fitness=91260
It 2305: fitness=91260
It 2310: fitness=91260
It 2315: fitness=91260
It 2320: fitness=91260
It 2325: fitness=91260
It 2330: fitness=91260
It 2335: fitness=91260
It 2340: fitness=91260
It 2345: fitness=91250
It 2350: fitness=91250
It 2355: fitness=91250
It 2360: fitness=91250
It 2365: fitness=91250
It 2370: fitness=91250
It 2375: fitness=91250
It 2380: fitness=91250
It 2385: fitness=91250
It 2390: fitness=91250
It 2395: fitness=91250
It 2400: fitness=91250
It 2405: fitness=91250
It 2410: fitness=91250
It 2415: fitness=91250
It 2420: fitness=91250
It 2425: fitness=91250
It 2430: fitness=91250
It 2435: fitness=91250
It 2440: fitness=91250
It 2445: fitness=91250
It 2450: fitness=91250
It 2455: fitness=91250
It 2460: fitness=91250
It 2465: fitness=91250
It 2470: fitness=91250
It 2475: fitness=91250
It 2480: fitness=91250
It 2485: fitness=91250
It 2490: fitness=91250
It 2495: fitness=91250
It 2500: fitness=91250
It 2505: fitness=91250
It 2510: fitness=91250
It 2515: fitness=91250
It 2520: fitness=91250
It 2525: fitness=91250
It 2530: fitness=91250
It 2535: fitness=91250
It 2540: fitness=91250
It 2545: fitness=91250
It 2550: fitness=91250
It 2555: fitness=91250
It 2560: fitness=91250
It 2565: fitness=91250
It 2570: fitness=91250
It 2575: fitness=91250
It 2580: fitness=91250
It 2585: fitness=91250
It 2590: fitness=91240
It 2595: fitness=91200
It 2600: fitness=91200
It 2605: fitness=91200
It 2610: fitness=91190
It 2615: fitness=91190
It 2620: fitness=91190
It 2625: fitness=91190
It 2630: fitness=91190
It 2635: fitness=91190
It 2640: fitness=91190
It 2645: fitness=91190
It 2650: fitness=91190
It 2655: fitness=91190
It 2660: fitness=91190
It 2665: fitness=91190
It 2670: fitness=91190
It 2675: fitness=91190
It 2680: fitness=91190
It 2685: fitness=91190
It 2690: fitness=91170
It 2695: fitness=91170
It 2700: fitness=91170
It 2705: fitness=91170
It 2710: fitness=91170
It 2715: fitness=91160
It 2720: fitness=91160
It 2725: fitness=91160
It 2730: fitness=91160
It 2735: fitness=91160
It 2740: fitness=91150
It 2745: fitness=91150
It 2750: fitness=91150
It 2755: fitness=91150
It 2760: fitness=91150
It 2765: fitness=91150
It 2770: fitness=91150
It 2775: fitness=91150
It 2780: fitness=91150
It 2785: fitness=91150
It 2790: fitness=91150
It 2795: fitness=91150
It 2800: fitness=91150
It 2805: fitness=91150
It 2810: fitness=91150
It 2815: fitness=91150
It 2820: fitness=91150
It 2825: fitness=91150
It 2830: fitness=91150
It 2835: fitness=91150
It 2840: fitness=91150
It 2845: fitness=91150
It 2850: fitness=91150
It 2855: fitness=91150
It 2860: fitness=91150
It 2865: fitness=91150
It 2870: fitness=91150
It 2875: fitness=91150
It 2880: fitness=91150
It 2885: fitness=91150
It 2890: fitness=91150
It 2895: fitness=91150
It 2900: fitness=91150
It 2905: fitness=91150
It 2910: fitness=91150
It 2915: fitness=91150
It 2920: fitness=91150
It 2925: fitness=91150
It 2930: fitness=91150
It 2935: fitness=91150
It 2940: fitness=91150
It 2945: fitness=91150
It 2950: fitness=91150
It 2955: fitness=91150
It 2960: fitness=91150
It 2965: fitness=91150
It 2970: fitness=91150
It 2975: fitness=91150
It 2980: fitness=91150
It 2985: fitness=91150
It 2990: fitness=91150
It 2995: fitness=91150
It 3000: fitness=91150
It 3005: fitness=91150
It 3010: fitness=91150
It 3015: fitness=91150
It 3020: fitness=91150
It 3025: fitness=91150
It 3030: fitness=91150
It 3035: fitness=91150
It 3040: fitness=91150
It 3045: fitness=91150
It 3050: fitness=91150
It 3055: fitness=91150
It 3060: fitness=91150
It 3065: fitness=91150
It 3070: fitness=91150
It 3075: fitness=91150
It 3080: fitness=91150
It 3085: fitness=91150
It 3090: fitness=91150
It 3095: fitness=91150
It 3100: fitness=91150
It 3105: fitness=91150
It 3110: fitness=91150
It 3115: fitness=91150
It 3120: fitness=91150
It 3125: fitness=91150
Maximal number of iterations without improvement reached
>> Resamp_Iter 8 negLL: 91145.66 (ref:  92614.1 )
>> Resamp_params: 0.5398548 0.5448719 0.5223838 0.5042244 0.5044183 0.6758039 0.5377523 0.5206867 0.5869858 1.04578 0.6005447 -103.4652 -65.76839 0.3323367 
>> sd Resamp 9 : 33 38 38 42 11 27 27 30 28 43 26 2 31 33 3 15 29 27 43 19 30 5 43 42 23 1 16 38 16 36 9 17 39 36 15 34 30 22 28 6 5 26 23 20 44 7 43 
>> Opt param @ resamp: 111783.8 
S=17, K=3, p=0.1663, w0=0.7213, w1=0.7213, c.p=1.193, c.g=1.193
v.max=NA, d=3.742, vectorize=FALSE, hybrid=off
It 5: fitness=139900
It 10: fitness=139900
It 15: fitness=129000
It 20: fitness=129000
It 25: fitness=128400
It 30: fitness=128400
It 35: fitness=128200
It 40: fitness=128200
It 45: fitness=128200
It 50: fitness=128200
It 55: fitness=128200
It 60: fitness=128200
It 65: fitness=128200
It 70: fitness=128200
It 75: fitness=128200
It 80: fitness=128200
It 85: fitness=128200
It 90: fitness=128200
It 95: fitness=128200
It 100: fitness=128200
It 105: fitness=128200
It 110: fitness=128000
It 115: fitness=128000
It 120: fitness=125700
It 125: fitness=124600
It 130: fitness=124600
It 135: fitness=123000
It 140: fitness=121900
It 145: fitness=121100
It 150: fitness=120500
It 155: fitness=119600
It 160: fitness=118900
It 165: fitness=118300
It 170: fitness=117700
It 175: fitness=117500
It 180: fitness=117400
It 185: fitness=116500
It 190: fitness=116200
It 195: fitness=116200
It 200: fitness=115900
It 205: fitness=115800
It 210: fitness=115700
It 215: fitness=115300
It 220: fitness=113900
It 225: fitness=113400
It 230: fitness=112900
It 235: fitness=112900
It 240: fitness=111900
It 245: fitness=111800
It 250: fitness=111300
It 255: fitness=111300
It 260: fitness=111300
It 265: fitness=110900
It 270: fitness=110700
It 275: fitness=110600
It 280: fitness=110400
It 285: fitness=110200
It 290: fitness=110200
It 295: fitness=110200
It 300: fitness=110100
It 305: fitness=109900
It 310: fitness=109700
It 315: fitness=109700
It 320: fitness=109500
It 325: fitness=108800
It 330: fitness=108300
It 335: fitness=108200
It 340: fitness=108200
It 345: fitness=107700
It 350: fitness=107700
It 355: fitness=107700
It 360: fitness=107600
It 365: fitness=107500
It 370: fitness=107400
It 375: fitness=107300
It 380: fitness=107100
It 385: fitness=107000
It 390: fitness=106900
It 395: fitness=106800
It 400: fitness=106800
It 405: fitness=106800
It 410: fitness=106700
It 415: fitness=106700
It 420: fitness=106700
It 425: fitness=106700
It 430: fitness=106700
It 435: fitness=106600
It 440: fitness=106600
It 445: fitness=106600
It 450: fitness=106600
It 455: fitness=106600
It 460: fitness=106600
It 465: fitness=106600
It 470: fitness=106600
It 475: fitness=106500
It 480: fitness=106500
It 485: fitness=106500
It 490: fitness=106500
It 495: fitness=106500
It 500: fitness=106500
It 505: fitness=106500
It 510: fitness=106500
It 515: fitness=106500
It 520: fitness=106500
It 525: fitness=106500
It 530: fitness=106500
It 535: fitness=106500
It 540: fitness=106500
It 545: fitness=106500
It 550: fitness=106500
It 555: fitness=106500
It 560: fitness=106400
It 565: fitness=106400
It 570: fitness=106400
It 575: fitness=106400
It 580: fitness=106400
It 585: fitness=106400
It 590: fitness=106400
It 595: fitness=106400
It 600: fitness=106400
It 605: fitness=106400
It 610: fitness=106300
It 615: fitness=106300
It 620: fitness=106300
It 625: fitness=106300
It 630: fitness=106300
It 635: fitness=106300
It 640: fitness=106300
It 645: fitness=106300
It 650: fitness=106300
It 655: fitness=106300
It 660: fitness=106300
It 665: fitness=106300
It 670: fitness=106300
It 675: fitness=106200
It 680: fitness=106200
It 685: fitness=106200
It 690: fitness=106200
It 695: fitness=106200
It 700: fitness=106100
It 705: fitness=106100
It 710: fitness=106100
It 715: fitness=106100
It 720: fitness=106100
It 725: fitness=106100
It 730: fitness=106100
It 735: fitness=106000
It 740: fitness=106000
It 745: fitness=106000
It 750: fitness=106000
It 755: fitness=106000
It 760: fitness=106000
It 765: fitness=106000
It 770: fitness=106000
It 775: fitness=106000
It 780: fitness=106000
It 785: fitness=106000
It 790: fitness=106000
It 795: fitness=106000
It 800: fitness=106000
It 805: fitness=106000
It 810: fitness=106000
It 815: fitness=106000
It 820: fitness=106000
It 825: fitness=106000
It 830: fitness=106000
It 835: fitness=106000
It 840: fitness=106000
It 845: fitness=106000
It 850: fitness=106000
It 855: fitness=106000
It 860: fitness=106000
It 865: fitness=106000
It 870: fitness=106000
It 875: fitness=106000
It 880: fitness=106000
It 885: fitness=106000
It 890: fitness=106000
It 895: fitness=106000
It 900: fitness=106000
It 905: fitness=106000
It 910: fitness=106000
It 915: fitness=106000
It 920: fitness=106000
It 925: fitness=106000
It 930: fitness=106000
It 935: fitness=106000
It 940: fitness=106000
It 945: fitness=106000
It 950: fitness=106000
It 955: fitness=106000
It 960: fitness=106000
It 965: fitness=106000
It 970: fitness=106000
It 975: fitness=106000
It 980: fitness=106000
It 985: fitness=106000
It 990: fitness=106000
It 995: fitness=106000
It 1000: fitness=106000
It 1005: fitness=106000
It 1010: fitness=106000
It 1015: fitness=106000
It 1020: fitness=106000
It 1025: fitness=106000
It 1030: fitness=106000
It 1035: fitness=106000
It 1040: fitness=106000
It 1045: fitness=106000
It 1050: fitness=106000
It 1055: fitness=106000
It 1060: fitness=106000
It 1065: fitness=106000
It 1070: fitness=106000
It 1075: fitness=106000
It 1080: fitness=106000
It 1085: fitness=106000
It 1090: fitness=106000
It 1095: fitness=106000
It 1100: fitness=106000
It 1105: fitness=106000
It 1110: fitness=106000
It 1115: fitness=106000
It 1120: fitness=106000
It 1125: fitness=106000
It 1130: fitness=106000
It 1135: fitness=106000
It 1140: fitness=106000
It 1145: fitness=106000
It 1150: fitness=106000
It 1155: fitness=106000
It 1160: fitness=106000
It 1165: fitness=106000
It 1170: fitness=106000
It 1175: fitness=106000
It 1180: fitness=106000
It 1185: fitness=106000
It 1190: fitness=106000
It 1195: fitness=106000
It 1200: fitness=106000
It 1205: fitness=106000
It 1210: fitness=106000
It 1215: fitness=106000
It 1220: fitness=106000
It 1225: fitness=106000
It 1230: fitness=106000
It 1235: fitness=106000
It 1240: fitness=106000
It 1245: fitness=106000
It 1250: fitness=106000
It 1255: fitness=106000
It 1260: fitness=106000
It 1265: fitness=106000
It 1270: fitness=106000
It 1275: fitness=106000
It 1280: fitness=106000
It 1285: fitness=106000
It 1290: fitness=106000
It 1295: fitness=106000
Maximal number of iterations without improvement reached
>> Resamp_Iter 9 negLL: 105950.1 (ref:  111783.8 )
>> Resamp_params: 0.4922676 0.4977691 0.4896398 0.4931344 0.6078962 0.4837447 0.5102607 0.5111009 0.6194107 0.8 0.740092 -38.39259 -21.65609 0.367348 
>> sd Resamp 10 : 26 47 10 33 45 41 26 21 9 30 1 7 44 13 18 1 36 37 37 26 11 26 5 9 19 1 36 12 18 39 5 21 40 2 25 2 31 23 46 2 40 39 39 20 16 9 46 
>> Opt param @ resamp: 108048.3 
S=17, K=3, p=0.1663, w0=0.7213, w1=0.7213, c.p=1.193, c.g=1.193
v.max=NA, d=3.742, vectorize=FALSE, hybrid=off
It 5: fitness=148000
It 10: fitness=139200
It 15: fitness=129200
It 20: fitness=129200
It 25: fitness=126200
It 30: fitness=126200
It 35: fitness=126100
It 40: fitness=126100
It 45: fitness=126100
It 50: fitness=126000
It 55: fitness=126000
It 60: fitness=126000
It 65: fitness=126000
It 70: fitness=124100
It 75: fitness=124100
It 80: fitness=124100
It 85: fitness=121700
It 90: fitness=121700
It 95: fitness=119100
It 100: fitness=119100
It 105: fitness=118900
It 110: fitness=118900
It 115: fitness=117500
It 120: fitness=117400
It 125: fitness=117000
It 130: fitness=117000
It 135: fitness=116900
It 140: fitness=116500
It 145: fitness=115500
It 150: fitness=115300
It 155: fitness=114900
It 160: fitness=114900
It 165: fitness=114800
It 170: fitness=114400
It 175: fitness=114400
It 180: fitness=113500
It 185: fitness=113000
It 190: fitness=113000
It 195: fitness=113000
It 200: fitness=112800
It 205: fitness=112800
It 210: fitness=112600
It 215: fitness=112400
It 220: fitness=112300
It 225: fitness=112300
It 230: fitness=111900
It 235: fitness=111400
It 240: fitness=111000
It 245: fitness=111000
It 250: fitness=110200
It 255: fitness=109900
It 260: fitness=109800
It 265: fitness=109800
It 270: fitness=109400
It 275: fitness=109300
It 280: fitness=109300
It 285: fitness=109300
It 290: fitness=109300
It 295: fitness=109300
It 300: fitness=109200
It 305: fitness=109200
It 310: fitness=109100
It 315: fitness=109100
It 320: fitness=109100
It 325: fitness=109000
It 330: fitness=109000
It 335: fitness=109000
It 340: fitness=108900
It 345: fitness=108900
It 350: fitness=108900
It 355: fitness=108900
It 360: fitness=108800
It 365: fitness=108800
It 370: fitness=108700
It 375: fitness=108700
It 380: fitness=108600
It 385: fitness=108600
It 390: fitness=108600
It 395: fitness=108600
It 400: fitness=108600
It 405: fitness=108600
It 410: fitness=108600
It 415: fitness=108600
It 420: fitness=108600
It 425: fitness=108600
It 430: fitness=108600
It 435: fitness=108600
It 440: fitness=108600
It 445: fitness=108600
It 450: fitness=108600
It 455: fitness=108600
It 460: fitness=108600
It 465: fitness=108600
It 470: fitness=108600
It 475: fitness=108600
It 480: fitness=108600
It 485: fitness=108500
It 490: fitness=108500
It 495: fitness=108500
It 500: fitness=108500
It 505: fitness=108500
It 510: fitness=108500
It 515: fitness=108500
It 520: fitness=108500
It 525: fitness=108500
It 530: fitness=108500
It 535: fitness=108500
It 540: fitness=108500
It 545: fitness=108500
It 550: fitness=108500
It 555: fitness=108400
It 560: fitness=108400
It 565: fitness=108400
It 570: fitness=108400
It 575: fitness=108400
It 580: fitness=108400
It 585: fitness=108400
It 590: fitness=108400
It 595: fitness=108400
It 600: fitness=108400
It 605: fitness=108400
It 610: fitness=108400
It 615: fitness=108400
It 620: fitness=108400
It 625: fitness=108400
It 630: fitness=108300
It 635: fitness=108300
It 640: fitness=108300
It 645: fitness=108300
It 650: fitness=108300
It 655: fitness=108300
It 660: fitness=108300
It 665: fitness=108300
It 670: fitness=108300
It 675: fitness=108300
It 680: fitness=108300
It 685: fitness=108300
It 690: fitness=108300
It 695: fitness=108300
It 700: fitness=108300
It 705: fitness=108300
It 710: fitness=108300
It 715: fitness=108300
It 720: fitness=108300
It 725: fitness=108300
It 730: fitness=108200
It 735: fitness=108200
It 740: fitness=108200
It 745: fitness=108200
It 750: fitness=108200
It 755: fitness=108200
It 760: fitness=108200
It 765: fitness=108200
It 770: fitness=108200
It 775: fitness=108200
It 780: fitness=108200
It 785: fitness=108200
It 790: fitness=108200
It 795: fitness=108200
It 800: fitness=108200
It 805: fitness=108200
It 810: fitness=108200
It 815: fitness=108200
It 820: fitness=108100
It 825: fitness=108100
It 830: fitness=108100
It 835: fitness=108100
It 840: fitness=108100
It 845: fitness=108100
It 850: fitness=108100
It 855: fitness=108100
It 860: fitness=108100
It 865: fitness=108100
It 870: fitness=108100
It 875: fitness=108100
It 880: fitness=108100
It 885: fitness=108100
It 890: fitness=108100
It 895: fitness=108100
It 900: fitness=108100
It 905: fitness=108100
It 910: fitness=108100
It 915: fitness=108100
It 920: fitness=108100
It 925: fitness=108100
It 930: fitness=108100
It 935: fitness=108100
It 940: fitness=108100
It 945: fitness=108100
It 950: fitness=108100
It 955: fitness=108100
It 960: fitness=108100
It 965: fitness=108000
It 970: fitness=108000
It 975: fitness=108000
It 980: fitness=108000
It 985: fitness=108000
It 990: fitness=108000
It 995: fitness=108000
It 1000: fitness=107900
It 1005: fitness=107900
It 1010: fitness=107900
It 1015: fitness=107900
It 1020: fitness=107900
It 1025: fitness=107900
It 1030: fitness=107900
It 1035: fitness=107900
It 1040: fitness=107900
It 1045: fitness=107900
It 1050: fitness=107900
It 1055: fitness=107900
It 1060: fitness=107900
It 1065: fitness=107900
It 1070: fitness=107900
It 1075: fitness=107900
It 1080: fitness=107900
It 1085: fitness=107900
It 1090: fitness=107900
It 1095: fitness=107900
It 1100: fitness=107900
It 1105: fitness=107900
It 1110: fitness=107900
It 1115: fitness=107900
It 1120: fitness=107900
It 1125: fitness=107900
It 1130: fitness=107900
It 1135: fitness=107800
It 1140: fitness=107800
It 1145: fitness=107800
It 1150: fitness=107800
It 1155: fitness=107800
It 1160: fitness=107800
It 1165: fitness=107800
It 1170: fitness=107800
It 1175: fitness=107800
It 1180: fitness=107800
It 1185: fitness=107800
It 1190: fitness=107800
It 1195: fitness=107800
It 1200: fitness=107800
It 1205: fitness=107800
It 1210: fitness=107800
It 1215: fitness=107800
It 1220: fitness=107800
It 1225: fitness=107800
It 1230: fitness=107800
It 1235: fitness=107800
It 1240: fitness=107800
It 1245: fitness=107800
It 1250: fitness=107800
It 1255: fitness=107800
It 1260: fitness=107800
It 1265: fitness=107800
It 1270: fitness=107800
It 1275: fitness=107800
It 1280: fitness=107800
It 1285: fitness=107800
It 1290: fitness=107800
It 1295: fitness=107800
It 1300: fitness=107700
It 1305: fitness=107700
It 1310: fitness=107700
It 1315: fitness=107700
It 1320: fitness=107700
It 1325: fitness=107700
It 1330: fitness=107700
It 1335: fitness=107700
It 1340: fitness=107700
It 1345: fitness=107700
It 1350: fitness=107700
It 1355: fitness=107700
It 1360: fitness=107700
It 1365: fitness=107700
It 1370: fitness=107600
It 1375: fitness=107600
It 1380: fitness=107600
It 1385: fitness=107600
It 1390: fitness=107600
It 1395: fitness=107600
It 1400: fitness=107600
It 1405: fitness=107600
It 1410: fitness=107600
It 1415: fitness=107600
It 1420: fitness=107600
It 1425: fitness=107600
It 1430: fitness=107600
It 1435: fitness=107600
It 1440: fitness=107600
It 1445: fitness=107600
It 1450: fitness=107600
It 1455: fitness=107600
It 1460: fitness=107600
It 1465: fitness=107600
It 1470: fitness=107600
It 1475: fitness=107600
It 1480: fitness=107600
It 1485: fitness=107600
It 1490: fitness=107600
It 1495: fitness=107600
It 1500: fitness=107600
It 1505: fitness=107600
It 1510: fitness=107600
It 1515: fitness=107600
It 1520: fitness=107600
It 1525: fitness=107600
It 1530: fitness=107600
It 1535: fitness=107600
It 1540: fitness=107600
It 1545: fitness=107600
It 1550: fitness=107600
It 1555: fitness=107600
It 1560: fitness=107600
It 1565: fitness=107600
It 1570: fitness=107600
It 1575: fitness=107600
It 1580: fitness=107600
It 1585: fitness=107600
It 1590: fitness=107600
It 1595: fitness=107600
It 1600: fitness=107600
It 1605: fitness=107600
It 1610: fitness=107600
It 1615: fitness=107600
It 1620: fitness=107600
It 1625: fitness=107600
It 1630: fitness=107600
It 1635: fitness=107600
It 1640: fitness=107600
It 1645: fitness=107600
It 1650: fitness=107600
It 1655: fitness=107600
It 1660: fitness=107600
It 1665: fitness=107600
It 1670: fitness=107600
It 1675: fitness=107600
It 1680: fitness=107600
It 1685: fitness=107600
It 1690: fitness=107600
It 1695: fitness=107600
It 1700: fitness=107600
It 1705: fitness=107600
It 1710: fitness=107600
It 1715: fitness=107600
It 1720: fitness=107600
It 1725: fitness=107600
It 1730: fitness=107600
It 1735: fitness=107600
It 1740: fitness=107600
It 1745: fitness=107600
It 1750: fitness=107600
It 1755: fitness=107600
It 1760: fitness=107600
It 1765: fitness=107600
It 1770: fitness=107600
It 1775: fitness=107600
It 1780: fitness=107600
It 1785: fitness=107600
It 1790: fitness=107600
It 1795: fitness=107600
It 1800: fitness=107600
It 1805: fitness=107600
It 1810: fitness=107600
It 1815: fitness=107600
It 1820: fitness=107600
It 1825: fitness=107600
It 1830: fitness=107600
It 1835: fitness=107600
It 1840: fitness=107600
It 1845: fitness=107600
It 1850: fitness=107600
It 1855: fitness=107600
It 1860: fitness=107600
It 1865: fitness=107600
It 1870: fitness=107600
It 1875: fitness=107600
It 1880: fitness=107600
It 1885: fitness=107600
It 1890: fitness=107600
It 1895: fitness=107600
It 1900: fitness=107600
It 1905: fitness=107600
It 1910: fitness=107600
It 1915: fitness=107600
It 1920: fitness=107600
It 1925: fitness=107600
It 1930: fitness=107600
It 1935: fitness=107600
It 1940: fitness=107500
It 1945: fitness=107500
It 1950: fitness=107500
It 1955: fitness=107500
It 1960: fitness=107500
It 1965: fitness=107500
It 1970: fitness=107500
It 1975: fitness=107500
It 1980: fitness=107500
It 1985: fitness=107500
It 1990: fitness=107500
It 1995: fitness=107500
It 2000: fitness=107500
It 2005: fitness=107500
It 2010: fitness=107400
It 2015: fitness=107300
It 2020: fitness=107300
It 2025: fitness=107300
It 2030: fitness=107300
It 2035: fitness=107300
It 2040: fitness=107300
It 2045: fitness=107200
It 2050: fitness=107200
It 2055: fitness=107200
It 2060: fitness=107200
It 2065: fitness=107200
It 2070: fitness=107200
It 2075: fitness=107200
It 2080: fitness=107200
It 2085: fitness=107200
It 2090: fitness=107200
It 2095: fitness=107200
It 2100: fitness=107200
It 2105: fitness=107200
It 2110: fitness=107200
It 2115: fitness=107200
It 2120: fitness=107200
It 2125: fitness=107200
It 2130: fitness=107200
It 2135: fitness=107200
It 2140: fitness=107200
It 2145: fitness=107200
It 2150: fitness=107200
It 2155: fitness=107200
It 2160: fitness=107200
It 2165: fitness=107200
It 2170: fitness=107200
It 2175: fitness=107200
It 2180: fitness=107200
It 2185: fitness=107200
It 2190: fitness=107200
It 2195: fitness=107200
It 2200: fitness=107200
It 2205: fitness=107200
It 2210: fitness=107200
It 2215: fitness=107200
It 2220: fitness=107200
It 2225: fitness=107200
It 2230: fitness=107200
It 2235: fitness=107200
It 2240: fitness=107200
It 2245: fitness=107200
It 2250: fitness=107200
It 2255: fitness=107200
It 2260: fitness=107200
It 2265: fitness=107200
It 2270: fitness=107200
It 2275: fitness=107200
It 2280: fitness=107200
It 2285: fitness=107200
It 2290: fitness=107200
It 2295: fitness=107200
It 2300: fitness=107200
It 2305: fitness=107200
It 2310: fitness=107200
It 2315: fitness=107200
It 2320: fitness=107200
It 2325: fitness=107200
It 2330: fitness=107200
It 2335: fitness=107200
It 2340: fitness=107200
It 2345: fitness=107200
It 2350: fitness=107200
It 2355: fitness=107200
It 2360: fitness=107200
It 2365: fitness=107200
It 2370: fitness=107200
It 2375: fitness=107200
It 2380: fitness=107200
It 2385: fitness=107200
It 2390: fitness=107200
It 2395: fitness=107200
It 2400: fitness=107200
It 2405: fitness=107200
It 2410: fitness=107200
It 2415: fitness=107200
It 2420: fitness=107200
It 2425: fitness=107200
It 2430: fitness=107200
Maximal number of iterations without improvement reached
>> Resamp_Iter 10 negLL: 107169 (ref:  108048.3 )
>> Resamp_params: 0.4360936 0.458983 0.4339903 0.4216453 0.6049456 0.4322192 0.4670513 0.4700122 0.673506 0.8001202 0.6640763 -12.11261 -17.53718 0.353767 
